2025-03-28 16:06:10.397 INFO: MACE version: 0.3.5
2025-03-28 16:06:10.398 INFO: Configuration: Namespace(config=None, name='Sn', seed=123, log_dir='logs', model_dir='.', checkpoints_dir='checkpoints', results_dir='results', downloads_dir='downloads', device='cuda', default_dtype='float64', distributed=False, log_level='INFO', error_table='TotalRMSE', model='ScaleShiftMACE', r_max=6.0, radial_type='bessel', num_radial_basis=10, num_cutoff_basis=5, pair_repulsion=False, distance_transform='None', interaction='RealAgnosticResidualInteractionBlock', interaction_first='RealAgnosticResidualInteractionBlock', max_ell=3, correlation=3, num_interactions=2, MLP_irreps='16x0e', radial_MLP='[64, 64, 64]', hidden_irreps='128x0e + 128x1o', num_channels=128, max_L=2, gate='silu', scaling='rms_forces_scaling', avg_num_neighbors=1, compute_avg_num_neighbors=True, compute_stress=False, compute_forces=True, train_file='./dataset/train.xyz', valid_file='./dataset/valid.xyz', valid_fraction=0.1, test_file=None, test_dir=None, multi_processed_test=False, num_workers=0, pin_memory=True, atomic_numbers=None, mean=None, std=None, statistics_file=None, E0s='average', keep_isolated_atoms=False, energy_key='energy', forces_key='forces', virials_key='virials', stress_key='stress', dipole_key='dipole', charges_key='charges', loss='ef', forces_weight=1000.0, swa_forces_weight=100.0, energy_weight=1.0, swa_energy_weight=1000.0, virials_weight=1.0, swa_virials_weight=10.0, stress_weight=1.0, swa_stress_weight=10.0, dipole_weight=1.0, swa_dipole_weight=1.0, config_type_weights='{"Default":1.0}', huber_delta=0.01, optimizer='adam', beta=0.9, batch_size=5, valid_batch_size=5, lr=0.005, swa_lr=0.001, weight_decay=1e-08, amsgrad=True, scheduler='ReduceLROnPlateau', lr_factor=0.8, scheduler_patience=5, lr_scheduler_gamma=0.9993, swa=False, start_swa=None, ema=True, ema_decay=0.995, max_num_epochs=100, patience=2048, foundation_model='/share/home/wangchen/work/MACE/MPtrj/2024-01-07-mace-128-L2_epoch-199.model', foundation_model_readout=True, eval_interval=2, keep_checkpoints=False, save_all_checkpoints=False, restart_latest=False, save_cpu=True, clip_grad=100.0, wandb=False, wandb_dir=None, wandb_project='', wandb_entity='', wandb_name='', wandb_log_hypers=['num_channels', 'max_L', 'correlation', 'lr', 'swa_lr', 'weight_decay', 'batch_size', 'max_num_epochs', 'start_swa', 'energy_weight', 'forces_weight'])
2025-03-28 16:06:10.479 INFO: CUDA version: 11.8, CUDA device: 0
2025-03-28 16:06:10.530 INFO: Error accessing Git repository: /share/home/wangchen/work/MACE/inorganic/Sn/adapter
2025-03-28 16:06:10.807 INFO: Using foundation model /share/home/wangchen/work/MACE/MPtrj/2024-01-07-mace-128-L2_epoch-199.model as initial checkpoint.
2025-03-28 16:06:12.370 INFO: Since ASE version 3.23.0b1, using energy_key 'energy' is no longer safe when communicating between MACE and ASE. We recommend using a different key, rewriting energies to 'REF_energy'. You need to use --energy_key='REF_energy', to tell the key name chosen.
2025-03-28 16:06:13.077 INFO: Since ASE version 3.23.0b1, using forces_key 'forces' is no longer safe when communicating between MACE and ASE. We recommend using a different key, rewriting energies to 'REF_forces'. You need to use --forces_key='REF_forces', to tell the key name chosen.
2025-03-28 16:06:13.801 INFO: Since ASE version 3.23.0b1, using stress_key 'stress' is no longer safe when communicating between MACE and ASE. We recommend using a different key, rewriting energies to 'REF_stress'. You need to use --stress_key='REF_stress', to tell the key name chosen.
2025-03-28 16:06:13.903 INFO: Loaded 6449 training configurations from './dataset/train.xyz'
2025-03-28 16:06:13.972 INFO: Since ASE version 3.23.0b1, using energy_key 'energy' is no longer safe when communicating between MACE and ASE. We recommend using a different key, rewriting energies to 'REF_energy'. You need to use --energy_key='REF_energy', to tell the key name chosen.
2025-03-28 16:06:13.997 INFO: Since ASE version 3.23.0b1, using forces_key 'forces' is no longer safe when communicating between MACE and ASE. We recommend using a different key, rewriting energies to 'REF_forces'. You need to use --forces_key='REF_forces', to tell the key name chosen.
2025-03-28 16:06:14.023 INFO: Since ASE version 3.23.0b1, using stress_key 'stress' is no longer safe when communicating between MACE and ASE. We recommend using a different key, rewriting energies to 'REF_stress'. You need to use --stress_key='REF_stress', to tell the key name chosen.
2025-03-28 16:06:14.027 INFO: Loaded 276 validation configurations from './dataset/valid.xyz'
2025-03-28 16:06:14.027 INFO: Total number of configurations: train=6449, valid=276, tests=[]
2025-03-28 16:06:14.040 INFO: AtomicNumberTable: (50,)
2025-03-28 16:06:14.040 INFO: Atomic Energies not in training file, using command line argument E0s
2025-03-28 16:06:14.040 INFO: Computing average Atomic Energies using least squares regression
2025-03-28 16:06:14.049 INFO: Atomic energies: [-35.1339872176765]
2025-03-28 16:06:18.506 INFO: EnergyForcesLoss(energy_weight=1.000, forces_weight=1000.000)
2025-03-28 16:06:20.168 INFO: Average number of neighbors: 39.46603739002933
2025-03-28 16:06:20.168 INFO: Selected the following outputs: {'energy': True, 'forces': True, 'virials': False, 'stress': False, 'dipoles': False}
2025-03-28 16:06:21.911 INFO: Building model
2025-03-28 16:06:23.801 INFO: Number of trainable parameters: 169296
2025-03-28 16:06:23.803 INFO: ScaleShiftMACE(
  (node_embedding): LinearNodeEmbeddingBlock(
    (linear): Linear(1x0e -> 128x0e | 128 weights)
  )
  (radial_embedding): RadialEmbeddingBlock(
    (bessel_fn): BesselBasis(r_max=6.0, num_basis=10, trainable=True)
    (cutoff_fn): PolynomialCutoff(p=5.0, r_max=6.0)
  )
  (spherical_harmonics): SphericalHarmonics()
  (atomic_energies_fn): AtomicEnergiesBlock(energies=[-35.1340])
  (interactions): ModuleList(
    (0): RealAgnosticResidualInteractionBlock(
      (linear_up): Linear(128x0e -> 128x0e | 16384 weights)
      (conv_tp): TensorProduct(128x0e x 1x0e+1x1o+1x2e+1x3o -> 128x0e+128x1o+128x2e+128x3o | 512 paths | 512 weights)
      (conv_tp_weights): FullyConnectedNet[10, 64, 64, 64, 512]
      (linear): Linear(128x0e+128x1o+128x2e+128x3o -> 128x0e+128x1o+128x2e+128x3o | 65536 weights)
      (skip_tp): FullyConnectedTensorProduct(128x0e x 1x0e -> 128x0e+128x1o+128x2e | 16384 paths | 16384 weights)
      (reshape): reshape_irreps()
    )
    (1): RealAgnosticResidualInteractionBlock(
      (linear_up): Linear(128x0e+128x1o+128x2e -> 128x0e+128x1o+128x2e | 49152 weights)
      (conv_tp): TensorProduct(128x0e+128x1o+128x2e x 1x0e+1x1o+1x2e+1x3o -> 384x0e+640x1o+640x2e+512x3o | 2176 paths | 2176 weights)
      (conv_tp_weights): FullyConnectedNet[10, 64, 64, 64, 2176]
      (linear): Linear(384x0e+640x1o+640x2e+512x3o -> 128x0e+128x1o+128x2e+128x3o | 278528 weights)
      (skip_tp): FullyConnectedTensorProduct(128x0e+128x1o+128x2e x 1x0e -> 128x0e | 16384 paths | 16384 weights)
      (reshape): reshape_irreps()
    )
  )
  (products): ModuleList(
    (0): EquivariantProductBasisBlock(
      (symmetric_contractions): SymmetricContraction(
        (contractions): ModuleList(
          (0): Contraction(
            (contractions_weighting): ModuleList(
              (0-1): 2 x GraphModule()
            )
            (contractions_features): ModuleList(
              (0-1): 2 x GraphModule()
            )
            (weights): ParameterList(
                (0): Parameter containing: [torch.float64 of size 1x4x128 (cuda:0)]
                (1): Parameter containing: [torch.float64 of size 1x1x128 (cuda:0)]
            )
            (graph_opt_main): GraphModule()
          )
          (1): Contraction(
            (contractions_weighting): ModuleList(
              (0-1): 2 x GraphModule()
            )
            (contractions_features): ModuleList(
              (0-1): 2 x GraphModule()
            )
            (weights): ParameterList(
                (0): Parameter containing: [torch.float64 of size 1x6x128 (cuda:0)]
                (1): Parameter containing: [torch.float64 of size 1x1x128 (cuda:0)]
            )
            (graph_opt_main): GraphModule()
          )
          (2): Contraction(
            (contractions_weighting): ModuleList(
              (0-1): 2 x GraphModule()
            )
            (contractions_features): ModuleList(
              (0-1): 2 x GraphModule()
            )
            (weights): ParameterList(
                (0): Parameter containing: [torch.float64 of size 1x7x128 (cuda:0)]
                (1): Parameter containing: [torch.float64 of size 1x1x128 (cuda:0)]
            )
            (graph_opt_main): GraphModule()
          )
        )
      )
      (linear): Linear(128x0e+128x1o+128x2e -> 128x0e+128x1o+128x2e | 49152 weights)
    )
    (1): EquivariantProductBasisBlock(
      (symmetric_contractions): SymmetricContraction(
        (contractions): ModuleList(
          (0): Contraction(
            (contractions_weighting): ModuleList(
              (0-1): 2 x GraphModule()
            )
            (contractions_features): ModuleList(
              (0-1): 2 x GraphModule()
            )
            (weights): ParameterList(
                (0): Parameter containing: [torch.float64 of size 1x4x128 (cuda:0)]
                (1): Parameter containing: [torch.float64 of size 1x1x128 (cuda:0)]
            )
            (graph_opt_main): GraphModule()
          )
        )
      )
      (linear): Linear(128x0e -> 128x0e | 16384 weights)
    )
  )
  (readouts): ModuleList(
    (0): LinearReadoutBlock(
      (linear): Linear(128x0e+128x1o+128x2e -> 1x0e | 128 weights)
    )
    (1): NonLinearReadoutBlock(
      (linear_1): Linear(128x0e -> 16x0e | 2048 weights)
      (non_linearity): Activation [x] (16x0e -> 16x0e)
      (linear_2): Linear(16x0e -> 1x0e | 16 weights)
    )
  )
  (adapters): ModuleList(
    (0): AdapterBlock(
      (linear_1): Linear(in_features=1152, out_features=72, bias=True)
      (linear_2): Linear(in_features=72, out_features=1152, bias=True)
      (relu): ReLU()
    )
    (1): AdapterBlock(
      (linear_1): Linear(in_features=128, out_features=8, bias=True)
      (linear_2): Linear(in_features=8, out_features=128, bias=True)
      (relu): ReLU()
    )
  )
  (scale_shift): ScaleShiftBlock(scale=0.804154, shift=0.164097)
)
2025-03-28 16:06:23.805 INFO: Number of parameters: 893162
2025-03-28 16:06:23.805 INFO: Optimizer: Adam (
Parameter Group 0
    amsgrad: True
    betas: (0.9, 0.999)
    capturable: False
    differentiable: False
    eps: 1e-08
    foreach: None
    fused: None
    lr: 0.005
    maximize: False
    name: embedding
    weight_decay: 0.0

Parameter Group 1
    amsgrad: True
    betas: (0.9, 0.999)
    capturable: False
    differentiable: False
    eps: 1e-08
    foreach: None
    fused: None
    lr: 0.005
    maximize: False
    name: interactions_decay
    weight_decay: 1e-08

Parameter Group 2
    amsgrad: True
    betas: (0.9, 0.999)
    capturable: False
    differentiable: False
    eps: 1e-08
    foreach: None
    fused: None
    lr: 0.005
    maximize: False
    name: interactions_no_decay
    weight_decay: 0.0

Parameter Group 3
    amsgrad: True
    betas: (0.9, 0.999)
    capturable: False
    differentiable: False
    eps: 1e-08
    foreach: None
    fused: None
    lr: 0.005
    maximize: False
    name: products
    weight_decay: 1e-08

Parameter Group 4
    amsgrad: True
    betas: (0.9, 0.999)
    capturable: False
    differentiable: False
    eps: 1e-08
    foreach: None
    fused: None
    lr: 0.005
    maximize: False
    name: adapters
    weight_decay: 1e-08

Parameter Group 5
    amsgrad: True
    betas: (0.9, 0.999)
    capturable: False
    differentiable: False
    eps: 1e-08
    foreach: None
    fused: None
    lr: 0.005
    maximize: False
    name: readouts
    weight_decay: 0.0
)
2025-03-28 16:06:23.805 INFO: Using gradient clipping with tolerance=100.000
2025-03-28 16:06:23.805 INFO: Started training
2025-03-28 16:06:33.409 INFO: Epoch None: loss=89.0168, RMSE_E=2783.5 meV, RMSE_F=261.5 meV / A
2025-03-28 16:09:02.509 INFO: Epoch 0: loss=9.1447, RMSE_E=686.5 meV, RMSE_F=89.9 meV / A
2025-03-28 16:13:36.427 INFO: Epoch 2: loss=7.2855, RMSE_E=549.7 meV, RMSE_F=81.8 meV / A
2025-03-28 16:18:10.737 INFO: Epoch 4: loss=6.6248, RMSE_E=497.8 meV, RMSE_F=78.2 meV / A
2025-03-28 16:22:45.030 INFO: Epoch 6: loss=6.3194, RMSE_E=487.7 meV, RMSE_F=76.4 meV / A
2025-03-28 16:27:20.767 INFO: Epoch 8: loss=6.0712, RMSE_E=475.0 meV, RMSE_F=75.1 meV / A
2025-03-28 16:31:56.121 INFO: Epoch 10: loss=5.8983, RMSE_E=469.6 meV, RMSE_F=74.3 meV / A
2025-03-28 16:36:31.316 INFO: Epoch 12: loss=5.7661, RMSE_E=446.7 meV, RMSE_F=73.7 meV / A
2025-03-28 16:41:05.688 INFO: Epoch 14: loss=5.7119, RMSE_E=438.4 meV, RMSE_F=73.3 meV / A
2025-03-28 16:45:40.112 INFO: Epoch 16: loss=5.5952, RMSE_E=426.3 meV, RMSE_F=72.7 meV / A
2025-03-28 16:50:14.430 INFO: Epoch 18: loss=5.4589, RMSE_E=427.1 meV, RMSE_F=72.0 meV / A
2025-03-28 16:54:50.098 INFO: Epoch 20: loss=5.4173, RMSE_E=416.4 meV, RMSE_F=71.8 meV / A
2025-03-28 16:59:28.638 INFO: Epoch 22: loss=5.3846, RMSE_E=418.6 meV, RMSE_F=71.5 meV / A
2025-03-28 17:04:04.767 INFO: Epoch 24: loss=5.4187, RMSE_E=436.7 meV, RMSE_F=71.4 meV / A
2025-03-28 17:08:40.002 INFO: Epoch 26: loss=5.3007, RMSE_E=411.5 meV, RMSE_F=71.0 meV / A
2025-03-28 17:13:17.571 INFO: Epoch 28: loss=5.2732, RMSE_E=409.7 meV, RMSE_F=70.8 meV / A
2025-03-28 17:17:53.179 INFO: Epoch 30: loss=5.2106, RMSE_E=396.1 meV, RMSE_F=70.5 meV / A
2025-03-28 17:22:31.762 INFO: Epoch 32: loss=5.1646, RMSE_E=396.5 meV, RMSE_F=70.3 meV / A
2025-03-28 17:27:07.452 INFO: Epoch 34: loss=5.1502, RMSE_E=395.2 meV, RMSE_F=70.2 meV / A
2025-03-28 17:31:42.675 INFO: Epoch 36: loss=5.0866, RMSE_E=392.0 meV, RMSE_F=69.9 meV / A
2025-03-28 17:36:18.065 INFO: Epoch 38: loss=5.0699, RMSE_E=395.8 meV, RMSE_F=69.7 meV / A
2025-03-28 17:40:53.906 INFO: Epoch 40: loss=5.0746, RMSE_E=386.8 meV, RMSE_F=69.8 meV / A
2025-03-28 17:45:29.069 INFO: Epoch 42: loss=5.0700, RMSE_E=395.4 meV, RMSE_F=69.6 meV / A
2025-03-28 17:50:04.862 INFO: Epoch 44: loss=5.0191, RMSE_E=378.9 meV, RMSE_F=69.4 meV / A
2025-03-28 17:54:40.403 INFO: Epoch 46: loss=5.0081, RMSE_E=391.7 meV, RMSE_F=69.3 meV / A
2025-03-28 17:59:17.213 INFO: Epoch 48: loss=4.9957, RMSE_E=381.3 meV, RMSE_F=69.1 meV / A
2025-03-28 18:03:54.960 INFO: Epoch 50: loss=4.9574, RMSE_E=389.0 meV, RMSE_F=69.0 meV / A
2025-03-28 18:08:31.998 INFO: Epoch 52: loss=4.9432, RMSE_E=385.5 meV, RMSE_F=68.9 meV / A
2025-03-28 18:13:08.737 INFO: Epoch 54: loss=4.9605, RMSE_E=385.4 meV, RMSE_F=69.0 meV / A
2025-03-28 18:17:46.187 INFO: Epoch 56: loss=4.9110, RMSE_E=375.3 meV, RMSE_F=68.8 meV / A
2025-03-28 18:22:23.016 INFO: Epoch 58: loss=4.9101, RMSE_E=374.2 meV, RMSE_F=68.7 meV / A
2025-03-28 18:26:58.126 INFO: Epoch 60: loss=4.8880, RMSE_E=377.2 meV, RMSE_F=68.6 meV / A
2025-03-28 18:31:34.941 INFO: Epoch 62: loss=4.8900, RMSE_E=368.7 meV, RMSE_F=68.6 meV / A
2025-03-28 18:36:10.894 INFO: Epoch 64: loss=4.8532, RMSE_E=377.6 meV, RMSE_F=68.4 meV / A
2025-03-28 18:40:49.258 INFO: Epoch 66: loss=4.8639, RMSE_E=366.2 meV, RMSE_F=68.5 meV / A
2025-03-28 18:45:26.040 INFO: Epoch 68: loss=4.8729, RMSE_E=375.1 meV, RMSE_F=68.6 meV / A
2025-03-28 18:50:01.601 INFO: Epoch 70: loss=4.8265, RMSE_E=372.2 meV, RMSE_F=68.2 meV / A
2025-03-28 18:54:37.461 INFO: Epoch 72: loss=4.8365, RMSE_E=379.4 meV, RMSE_F=68.2 meV / A
2025-03-28 18:59:12.925 INFO: Epoch 74: loss=4.8673, RMSE_E=383.8 meV, RMSE_F=68.3 meV / A
2025-03-28 19:03:49.036 INFO: Epoch 76: loss=4.8528, RMSE_E=371.1 meV, RMSE_F=68.3 meV / A
2025-03-28 19:08:25.549 INFO: Epoch 78: loss=4.7742, RMSE_E=356.8 meV, RMSE_F=67.9 meV / A
2025-03-28 19:13:01.213 INFO: Epoch 80: loss=4.7769, RMSE_E=365.0 meV, RMSE_F=67.8 meV / A
2025-03-28 19:17:38.036 INFO: Epoch 82: loss=4.7762, RMSE_E=368.2 meV, RMSE_F=67.8 meV / A
2025-03-28 19:22:17.805 INFO: Epoch 84: loss=4.7609, RMSE_E=366.8 meV, RMSE_F=67.7 meV / A
2025-03-28 19:26:55.520 INFO: Epoch 86: loss=4.7693, RMSE_E=367.6 meV, RMSE_F=67.8 meV / A
2025-03-28 19:31:31.831 INFO: Epoch 88: loss=4.7479, RMSE_E=362.6 meV, RMSE_F=67.7 meV / A
2025-03-28 19:36:07.050 INFO: Epoch 90: loss=4.7493, RMSE_E=360.7 meV, RMSE_F=67.6 meV / A
2025-03-28 19:40:42.769 INFO: Epoch 92: loss=4.7462, RMSE_E=370.4 meV, RMSE_F=67.6 meV / A
2025-03-28 19:45:18.549 INFO: Epoch 94: loss=4.7187, RMSE_E=361.8 meV, RMSE_F=67.5 meV / A
2025-03-28 19:49:57.337 INFO: Epoch 96: loss=4.7446, RMSE_E=365.7 meV, RMSE_F=67.5 meV / A
2025-03-28 19:54:33.688 INFO: Epoch 98: loss=4.7452, RMSE_E=363.5 meV, RMSE_F=67.5 meV / A
2025-03-28 19:56:49.745 INFO: Training complete
2025-03-28 19:56:49.747 INFO: Computing metrics for training, validation, and test sets
2025-03-28 19:56:49.748 INFO: Loading checkpoint: checkpoints/Sn_run-123_epoch-94.pt
2025-03-28 19:56:49.826 INFO: Loaded model from epoch 94
2025-03-28 19:56:49.827 INFO: Evaluating train ...
2025-03-28 19:58:28.629 INFO: Evaluating valid ...
2025-03-28 19:58:31.844 INFO: 
+-------------+--------------+------------------+-------------------+
| config_type | RMSE E / meV | RMSE F / meV / A | relative F RMSE % |
+-------------+--------------+------------------+-------------------+
|    train    |    334.2     |       67.7       |        8.32       |
|    valid    |    361.8     |       67.5       |        8.17       |
+-------------+--------------+------------------+-------------------+
2025-03-28 19:58:31.844 INFO: Saving model to checkpoints/Sn_run-123.model
2025-03-28 19:58:32.053 INFO: Compiling model, saving metadata to Sn_compiled.model
2025-03-28 19:58:32.996 INFO: Done
