AtomGraphSequential(
  (edge_embedding): EdgeEmbedding(
    (basis_function): BesselBasis()
    (cutoff_function): XPLORCutoff()
    (spherical): SphericalEncoding(
      (sph): SphericalHarmonics()
    )
  )
  (onehot_idx_to_onehot): OnehotEmbedding()
  (onehot_to_feature_x): IrrepsLinear(
    (linear): Linear(89x0e -> 128x0e | 11392 weights)
  )
  (0_self_connection_intro): SelfConnectionLinearIntro(
    (linear): Linear(128x0e -> 224x0e+64x1e+32x2e | 28672 weights)
  )
  (0_self_interaction_1): IrrepsLinear(
    (linear): Linear(128x0e -> 128x0e | 16384 weights)
  )
  (0_convolution): IrrepsConvolution(
    (convolution): TensorProduct(128x0e x 1x0e+1x1e+1x2e -> 128x0e+128x1e+128x2e | 384 paths | 384 weights)
    (weight_nn): FullyConnectedNet[8, 64, 64, 384]
  )
  (0_self_interaction_2): IrrepsLinear(
    (linear): Linear(128x0e+128x1e+128x2e -> 224x0e+64x1e+32x2e | 40960 weights)
  )
  (0_self_connection_outro): SelfConnectionOutro()
  (0_equivariant_gate): EquivariantGate(
    (gate): Gate (224x0e+64x1e+32x2e -> 128x0e+64x1e+32x2e)
  )
  (1_self_connection_intro): SelfConnectionLinearIntro(
    (linear): Linear(128x0e+64x1e+32x2e -> 224x0e+64x1e+32x2e | 33792 weights)
  )
  (1_self_interaction_1): IrrepsLinear(
    (linear): Linear(128x0e+64x1e+32x2e -> 128x0e+64x1e+32x2e | 21504 weights)
  )
  (1_convolution): IrrepsConvolution(
    (convolution): TensorProduct(128x0e+64x1e+32x2e x 1x0e+1x1e+1x2e -> 224x0e+384x1e+352x2e | 960 paths | 960 weights)
    (weight_nn): FullyConnectedNet[8, 64, 64, 960]
  )
  (1_self_interaction_2): IrrepsLinear(
    (linear): Linear(224x0e+384x1e+352x2e -> 224x0e+64x1e+32x2e | 86016 weights)
  )
  (1_self_connection_outro): SelfConnectionOutro()
  (1_equivariant_gate): EquivariantGate(
    (gate): Gate (224x0e+64x1e+32x2e -> 128x0e+64x1e+32x2e)
  )
  (2_self_connection_intro): SelfConnectionLinearIntro(
    (linear): Linear(128x0e+64x1e+32x2e -> 224x0e+64x1e+32x2e | 33792 weights)
  )
  (2_self_interaction_1): IrrepsLinear(
    (linear): Linear(128x0e+64x1e+32x2e -> 128x0e+64x1e+32x2e | 21504 weights)
  )
  (2_convolution): IrrepsConvolution(
    (convolution): TensorProduct(128x0e+64x1e+32x2e x 1x0e+1x1e+1x2e -> 224x0e+384x1e+352x2e | 960 paths | 960 weights)
    (weight_nn): FullyConnectedNet[8, 64, 64, 960]
  )
  (2_self_interaction_2): IrrepsLinear(
    (linear): Linear(224x0e+384x1e+352x2e -> 224x0e+64x1e+32x2e | 86016 weights)
  )
  (2_self_connection_outro): SelfConnectionOutro()
  (2_equivariant_gate): EquivariantGate(
    (gate): Gate (224x0e+64x1e+32x2e -> 128x0e+64x1e+32x2e)
  )
  (3_self_connection_intro): SelfConnectionLinearIntro(
    (linear): Linear(128x0e+64x1e+32x2e -> 224x0e+64x1e+32x2e | 33792 weights)
  )
  (3_self_interaction_1): IrrepsLinear(
    (linear): Linear(128x0e+64x1e+32x2e -> 128x0e+64x1e+32x2e | 21504 weights)
  )
  (3_convolution): IrrepsConvolution(
    (convolution): TensorProduct(128x0e+64x1e+32x2e x 1x0e+1x1e+1x2e -> 224x0e+384x1e+352x2e | 960 paths | 960 weights)
    (weight_nn): FullyConnectedNet[8, 64, 64, 960]
  )
  (3_self_interaction_2): IrrepsLinear(
    (linear): Linear(224x0e+384x1e+352x2e -> 224x0e+64x1e+32x2e | 86016 weights)
  )
  (3_self_connection_outro): SelfConnectionOutro()
  (3_equivariant_gate): EquivariantGate(
    (gate): Gate (224x0e+64x1e+32x2e -> 128x0e+64x1e+32x2e)
  )
  (4_self_connection_intro): SelfConnectionLinearIntro(
    (linear): Linear(128x0e+64x1e+32x2e -> 128x0e | 16384 weights)
  )
  (4_self_interaction_1): IrrepsLinear(
    (linear): Linear(128x0e+64x1e+32x2e -> 128x0e+64x1e+32x2e | 21504 weights)
  )
  (4_convolution): IrrepsConvolution(
    (convolution): TensorProduct(128x0e+64x1e+32x2e x 1x0e+1x1e+1x2e -> 224x0e | 224 paths | 224 weights)
    (weight_nn): FullyConnectedNet[8, 64, 64, 224]
  )
  (4_self_interaction_2): IrrepsLinear(
    (linear): Linear(224x0e -> 128x0e | 28672 weights)
  )
  (4_self_connection_outro): SelfConnectionOutro()
  (4_equivariant_gate): EquivariantGate(
    (gate): Gate (128x0e -> 128x0e)
  )
  (reduce_input_to_hidden): IrrepsLinear(
    (linear): Linear(128x0e -> 64x0e | 8192 weights)
  )
  (reduce_hidden_to_energy): IrrepsLinear(
    (linear): Linear(64x0e -> 1x0e | 64 weights)
  )
  (rescale_atomic_energy): SpeciesWiseRescale()
  (reduce_total_enegy): AtomReduce()
  (force_output): ForceStressOutputFromEdge()
)
# graphs for training: 14596
# graphs for validation: 770
[(Energy, 1.0), (Force, 1.0)]
Adam (
Parameter Group 0
    amsgrad: False
    betas: (0.9, 0.999)
    capturable: False
    differentiable: False
    eps: 1e-08
    foreach: None
    fused: None
    initial_lr: 0.004
    lr: 0.004
    maximize: False
    weight_decay: 0
)
<torch.optim.lr_scheduler.LinearLR object at 0x7fc2c1c1fc10>
Energy_RMSE (eV/atom): nan
Force_RMSE (eV/Å): nan
Energy_MAE (eV/atom): nan
Force_MAE (eV/Å): nan
Energy_Loss: nan
Force_Loss: nan
TotalLoss: nan
SevenNet: Scalable EquVariance-Enabled Neural Network
version 0.10.2, Tue Mar 25 00:42:54 2025
this file: None
reading yaml config...
                ****
              ********                                   .
              *//////,  ..                               .            ,*.
               ,,***.         ..                        ,          ********.                                  ./,
             .      .                ..   /////.       .,       . */////////                               /////////.
        .&@&/        .                  .(((((((..     /           *//////*.  ...                         *((((((((((.
     @@@@@@@@@@*    @@@@@@@@@@  @@@@@    *((@@@@@     (     %@@@@@@@@@@  .@@@@@@     ..@@@@.   @@@@@@*    .(@@@@@(((*
    @@@@@.          @@@@         @@@@@ .   @@@@@      #     %@@@@         @@@@@@@@     @@@@(,  @@@@@@@@.    @@@@@(*.
    %@@@@@@@&       @@@@@@@@@@    @@@@@   @@@@@      #  ., .%@@@@@@@@@    @@@@@@@@@@   @@@@,   @@@@@@@@@@   @@@@@
    ,(%@@@@@@@@@    @@@@@@@@@@     @@@@@ @@@@&       (//////%@@@@@@@@@    @@@@  @@@@@@ @@@@  . @@@@@  @@@@@.@@@@@
        .   @@@@@   @@@@ .       .  @@@@@@@@%   . . ( .////,%@@@@         @@@@    @@@@@@@@@    @@@@@    @@@@@@@@@
    (@@@@@@@@@@@    @@@@@@@@@@**.    @@@@@@*       *.      .%@@@@@@@@@@   @@@@    . @@@@@@@    @@@@@     .@@@@@@@
     @@@@@@@@@.     @@@@@@@@@@///,    @@@@.      . /        %@@@@@@@@@@   @@@@***,    @@@@@    @@@@@        @@@@@
           .           //////////*.               /           .            .*******...             . ,.
          .&&&&&...     ,//////*.       ...////.  /            ,*/.     .   ,////,               .,/////
          &@@@@@@                         ,(/((, *           ,((((((.                              .***.
           ,/@(,                            ..   *            ,((((*
                                                ,
                                               .
Epoch 1/50  Learning rate: 0.004000
------------------------------------------------------------------------------------------------------------------------
       Energy_RMSE (eV/atom)   Force_RMSE (eV/Å)   Energy_MAE (eV/atom)   Force_MAE (eV/Å)   Energy_Loss   Force_Loss   TotalLoss  
-----------------------------------------------------------------------------------------------------------------------------------
Train               0.045554            0.089991               0.022470           0.021666      0.000182     0.000182    0.000364
Valid               0.027888            0.044535               0.023967           0.014040      0.000194     0.000116    0.000310
Epoch 1 elapsed: 0:08:23.92
Epoch 2/50  Learning rate: 0.003920
------------------------------------------------------------------------------------------------------------------------
       Energy_RMSE (eV/atom)   Force_RMSE (eV/Å)   Energy_MAE (eV/atom)   Force_MAE (eV/Å)   Energy_Loss   Force_Loss   TotalLoss  
-----------------------------------------------------------------------------------------------------------------------------------
Train               0.024773            0.058940               0.014682           0.015279      0.000106     0.000120    0.000227
Valid               0.008314            0.031735               0.005343           0.010333      0.000026     0.000079    0.000106
Epoch 2 elapsed: 0:07:55.53
Epoch 3/50  Learning rate: 0.003840
------------------------------------------------------------------------------------------------------------------------
       Energy_RMSE (eV/atom)   Force_RMSE (eV/Å)   Energy_MAE (eV/atom)   Force_MAE (eV/Å)   Energy_Loss   Force_Loss   TotalLoss  
-----------------------------------------------------------------------------------------------------------------------------------
Train               0.019339            0.049762               0.010924           0.012864      0.000072     0.000097    0.000170
Valid               0.010403            0.033099               0.009419           0.008824      0.000051     0.000069    0.000119
Epoch 3 elapsed: 0:07:51.16
Epoch 4/50  Learning rate: 0.003760
------------------------------------------------------------------------------------------------------------------------
       Energy_RMSE (eV/atom)   Force_RMSE (eV/Å)   Energy_MAE (eV/atom)   Force_MAE (eV/Å)   Energy_Loss   Force_Loss   TotalLoss  
-----------------------------------------------------------------------------------------------------------------------------------
Train               0.018869            0.049894               0.011236           0.012830      0.000075     0.000097    0.000172
Valid               0.034955            0.055618               0.021226           0.015110      0.000172     0.000132    0.000304
Epoch 4 elapsed: 0:07:46.07
Epoch 5/50  Learning rate: 0.003680
------------------------------------------------------------------------------------------------------------------------
       Energy_RMSE (eV/atom)   Force_RMSE (eV/Å)   Energy_MAE (eV/atom)   Force_MAE (eV/Å)   Energy_Loss   Force_Loss   TotalLoss  
-----------------------------------------------------------------------------------------------------------------------------------
Train               0.017546            0.046012               0.009956           0.011943      0.000064     0.000089    0.000153
Valid               0.019938            0.039527               0.015302           0.009396      0.000111     0.000072    0.000183
Epoch 5 elapsed: 0:07:57.43
Epoch 6/50  Learning rate: 0.003600
------------------------------------------------------------------------------------------------------------------------
       Energy_RMSE (eV/atom)   Force_RMSE (eV/Å)   Energy_MAE (eV/atom)   Force_MAE (eV/Å)   Energy_Loss   Force_Loss   TotalLoss  
-----------------------------------------------------------------------------------------------------------------------------------
Train               0.015838            0.042002               0.009161           0.011059      0.000057     0.000081    0.000138
Valid               0.024493            0.032450               0.011659           0.010233      0.000087     0.000076    0.000163
Epoch 6 elapsed: 0:08:00.05
Epoch 7/50  Learning rate: 0.003520
------------------------------------------------------------------------------------------------------------------------
       Energy_RMSE (eV/atom)   Force_RMSE (eV/Å)   Energy_MAE (eV/atom)   Force_MAE (eV/Å)   Energy_Loss   Force_Loss   TotalLoss  
-----------------------------------------------------------------------------------------------------------------------------------
Train               0.015292            0.041126               0.008543           0.010627      0.000052     0.000077    0.000129
Valid               0.014493            0.033089               0.007891           0.010329      0.000050     0.000080    0.000130
Epoch 7 elapsed: 0:09:05.45
Epoch 8/50  Learning rate: 0.003440
------------------------------------------------------------------------------------------------------------------------
       Energy_RMSE (eV/atom)   Force_RMSE (eV/Å)   Energy_MAE (eV/atom)   Force_MAE (eV/Å)   Energy_Loss   Force_Loss   TotalLoss  
-----------------------------------------------------------------------------------------------------------------------------------
Train               0.013393            0.037299               0.007630           0.009901      0.000044     0.000070    0.000114
Valid               0.007146            0.031432               0.005451           0.008577      0.000021     0.000063    0.000084
Epoch 8 elapsed: 0:08:08.70
Epoch 9/50  Learning rate: 0.003360
------------------------------------------------------------------------------------------------------------------------
       Energy_RMSE (eV/atom)   Force_RMSE (eV/Å)   Energy_MAE (eV/atom)   Force_MAE (eV/Å)   Energy_Loss   Force_Loss   TotalLoss  
-----------------------------------------------------------------------------------------------------------------------------------
Train               0.012663            0.034805               0.007349           0.009366      0.000041     0.000065    0.000106
Valid               0.007084            0.039756               0.005169           0.009475      0.000022     0.000074    0.000096
Epoch 9 elapsed: 0:09:21.53
Epoch 10/50  Learning rate: 0.003280
------------------------------------------------------------------------------------------------------------------------
       Energy_RMSE (eV/atom)   Force_RMSE (eV/Å)   Energy_MAE (eV/atom)   Force_MAE (eV/Å)   Energy_Loss   Force_Loss   TotalLoss  
-----------------------------------------------------------------------------------------------------------------------------------
Train               0.010721            0.033955               0.006459           0.008793      0.000034     0.000060    0.000094
Valid               0.011336            0.046710               0.010059           0.010339      0.000057     0.000084    0.000140
Epoch 10 elapsed: 0:07:51.27
Epoch 11/50  Learning rate: 0.003200
------------------------------------------------------------------------------------------------------------------------
       Energy_RMSE (eV/atom)   Force_RMSE (eV/Å)   Energy_MAE (eV/atom)   Force_MAE (eV/Å)   Energy_Loss   Force_Loss   TotalLoss  
-----------------------------------------------------------------------------------------------------------------------------------
Train               0.011474            0.032619               0.006475           0.008653      0.000034     0.000059    0.000093
Valid               0.008057            0.026840               0.004924           0.007243      0.000023     0.000050    0.000073
Epoch 11 elapsed: 0:07:48.60
Epoch 12/50  Learning rate: 0.003120
------------------------------------------------------------------------------------------------------------------------
       Energy_RMSE (eV/atom)   Force_RMSE (eV/Å)   Energy_MAE (eV/atom)   Force_MAE (eV/Å)   Energy_Loss   Force_Loss   TotalLoss  
-----------------------------------------------------------------------------------------------------------------------------------
Train               0.011533            0.032485               0.006665           0.008614      0.000036     0.000058    0.000094
Valid               0.012736            0.049661               0.009289           0.009688      0.000051     0.000076    0.000126
Epoch 12 elapsed: 0:07:50.90
Epoch 13/50  Learning rate: 0.003040
------------------------------------------------------------------------------------------------------------------------
       Energy_RMSE (eV/atom)   Force_RMSE (eV/Å)   Energy_MAE (eV/atom)   Force_MAE (eV/Å)   Energy_Loss   Force_Loss   TotalLoss  
-----------------------------------------------------------------------------------------------------------------------------------
Train               0.010257            0.030211               0.005844           0.007871      0.000029     0.000052    0.000081
Valid               0.005759            0.026083               0.003290           0.007573      0.000012     0.000052    0.000064
Epoch 13 elapsed: 0:08:24.36
Epoch 14/50  Learning rate: 0.002960
------------------------------------------------------------------------------------------------------------------------
       Energy_RMSE (eV/atom)   Force_RMSE (eV/Å)   Energy_MAE (eV/atom)   Force_MAE (eV/Å)   Energy_Loss   Force_Loss   TotalLoss  
-----------------------------------------------------------------------------------------------------------------------------------
Train               0.010225            0.030218               0.005946           0.008110      0.000030     0.000054    0.000084
Valid               0.008786            0.025527               0.006428           0.007711      0.000032     0.000056    0.000089
Epoch 14 elapsed: 0:08:55.58
Epoch 15/50  Learning rate: 0.002880
------------------------------------------------------------------------------------------------------------------------
       Energy_RMSE (eV/atom)   Force_RMSE (eV/Å)   Energy_MAE (eV/atom)   Force_MAE (eV/Å)   Energy_Loss   Force_Loss   TotalLoss  
-----------------------------------------------------------------------------------------------------------------------------------
Train               0.009518            0.027169               0.005294           0.007519      0.000026     0.000049    0.000074
Valid               0.009395            0.022388               0.008508           0.006123      0.000040     0.000041    0.000082
Epoch 15 elapsed: 0:08:05.46
Epoch 16/50  Learning rate: 0.002800
------------------------------------------------------------------------------------------------------------------------
       Energy_RMSE (eV/atom)   Force_RMSE (eV/Å)   Energy_MAE (eV/atom)   Force_MAE (eV/Å)   Energy_Loss   Force_Loss   TotalLoss  
-----------------------------------------------------------------------------------------------------------------------------------
Train               0.009592            0.030481               0.005461           0.007779      0.000026     0.000051    0.000078
Valid               0.006502            0.018215               0.003998           0.005764      0.000016     0.000036    0.000052
Epoch 16 elapsed: 0:08:14.16
Epoch 17/50  Learning rate: 0.002720
------------------------------------------------------------------------------------------------------------------------
       Energy_RMSE (eV/atom)   Force_RMSE (eV/Å)   Energy_MAE (eV/atom)   Force_MAE (eV/Å)   Energy_Loss   Force_Loss   TotalLoss  
-----------------------------------------------------------------------------------------------------------------------------------
Train               0.008892            0.026736               0.005281           0.007333      0.000025     0.000047    0.000072
Valid               0.012639            0.027481               0.009500           0.006525      0.000055     0.000045    0.000100
Epoch 17 elapsed: 0:07:55.84
Epoch 18/50  Learning rate: 0.002640
------------------------------------------------------------------------------------------------------------------------
       Energy_RMSE (eV/atom)   Force_RMSE (eV/Å)   Energy_MAE (eV/atom)   Force_MAE (eV/Å)   Energy_Loss   Force_Loss   TotalLoss  
-----------------------------------------------------------------------------------------------------------------------------------
Train               0.008529            0.026202               0.004869           0.007117      0.000022     0.000045    0.000068
Valid               0.007407            0.030240               0.005834           0.009708      0.000025     0.000072    0.000096
Epoch 18 elapsed: 0:08:13.18
Epoch 19/50  Learning rate: 0.002560
------------------------------------------------------------------------------------------------------------------------
       Energy_RMSE (eV/atom)   Force_RMSE (eV/Å)   Energy_MAE (eV/atom)   Force_MAE (eV/Å)   Energy_Loss   Force_Loss   TotalLoss  
-----------------------------------------------------------------------------------------------------------------------------------
Train               0.007627            0.024073               0.004480           0.006696      0.000019     0.000042    0.000061
Valid               0.012416            0.033009               0.008413           0.008563      0.000045     0.000063    0.000108
Epoch 19 elapsed: 0:08:22.35
Epoch 20/50  Learning rate: 0.002480
------------------------------------------------------------------------------------------------------------------------
       Energy_RMSE (eV/atom)   Force_RMSE (eV/Å)   Energy_MAE (eV/atom)   Force_MAE (eV/Å)   Energy_Loss   Force_Loss   TotalLoss  
-----------------------------------------------------------------------------------------------------------------------------------
Train               0.007561            0.023924               0.004336           0.006582      0.000018     0.000041    0.000059
Valid               0.003202            0.017971               0.002697           0.005421      0.000005     0.000034    0.000039
Epoch 20 elapsed: 0:07:54.49
Epoch 21/50  Learning rate: 0.002400
------------------------------------------------------------------------------------------------------------------------
       Energy_RMSE (eV/atom)   Force_RMSE (eV/Å)   Energy_MAE (eV/atom)   Force_MAE (eV/Å)   Energy_Loss   Force_Loss   TotalLoss  
-----------------------------------------------------------------------------------------------------------------------------------
Train               0.007691            0.023599               0.004588           0.006632      0.000020     0.000041    0.000061
Valid               0.004277            0.019100               0.002969           0.005916      0.000009     0.000038    0.000047
Epoch 21 elapsed: 0:08:29.84
Epoch 22/50  Learning rate: 0.002320
------------------------------------------------------------------------------------------------------------------------
       Energy_RMSE (eV/atom)   Force_RMSE (eV/Å)   Energy_MAE (eV/atom)   Force_MAE (eV/Å)   Energy_Loss   Force_Loss   TotalLoss  
-----------------------------------------------------------------------------------------------------------------------------------
Train               0.007325            0.023049               0.004280           0.006443      0.000018     0.000040    0.000058
Valid               0.011127            0.025277               0.005849           0.008319      0.000036     0.000057    0.000093
Epoch 22 elapsed: 0:08:03.85
Epoch 23/50  Learning rate: 0.002240
------------------------------------------------------------------------------------------------------------------------
       Energy_RMSE (eV/atom)   Force_RMSE (eV/Å)   Energy_MAE (eV/atom)   Force_MAE (eV/Å)   Energy_Loss   Force_Loss   TotalLoss  
-----------------------------------------------------------------------------------------------------------------------------------
Train               0.007066            0.022121               0.004124           0.006278      0.000017     0.000038    0.000055
Valid               0.008199            0.024266               0.006402           0.007893      0.000029     0.000055    0.000084
Epoch 23 elapsed: 0:07:57.61
Epoch 24/50  Learning rate: 0.002160
------------------------------------------------------------------------------------------------------------------------
       Energy_RMSE (eV/atom)   Force_RMSE (eV/Å)   Energy_MAE (eV/atom)   Force_MAE (eV/Å)   Energy_Loss   Force_Loss   TotalLoss  
-----------------------------------------------------------------------------------------------------------------------------------
Train               0.006984            0.022265               0.003952           0.006190      0.000016     0.000037    0.000054
Valid               0.008059            0.019579               0.005328           0.006611      0.000028     0.000043    0.000071
Epoch 24 elapsed: 0:08:11.36
Epoch 25/50  Learning rate: 0.002080
------------------------------------------------------------------------------------------------------------------------
       Energy_RMSE (eV/atom)   Force_RMSE (eV/Å)   Energy_MAE (eV/atom)   Force_MAE (eV/Å)   Energy_Loss   Force_Loss   TotalLoss  
-----------------------------------------------------------------------------------------------------------------------------------
Train               0.006631            0.021171               0.003842           0.006023      0.000015     0.000036    0.000051
Valid               0.008022            0.019159               0.006164           0.005424      0.000025     0.000035    0.000060
Epoch 25 elapsed: 0:08:12.12
Epoch 26/50  Learning rate: 0.002000
------------------------------------------------------------------------------------------------------------------------
       Energy_RMSE (eV/atom)   Force_RMSE (eV/Å)   Energy_MAE (eV/atom)   Force_MAE (eV/Å)   Energy_Loss   Force_Loss   TotalLoss  
-----------------------------------------------------------------------------------------------------------------------------------
Train               0.006073            0.020229               0.003628           0.005824      0.000013     0.000035    0.000048
Valid               0.007688            0.016473               0.004189           0.005543      0.000018     0.000034    0.000052
Epoch 26 elapsed: 0:08:45.18
Epoch 27/50  Learning rate: 0.001920
------------------------------------------------------------------------------------------------------------------------
       Energy_RMSE (eV/atom)   Force_RMSE (eV/Å)   Energy_MAE (eV/atom)   Force_MAE (eV/Å)   Energy_Loss   Force_Loss   TotalLoss  
-----------------------------------------------------------------------------------------------------------------------------------
Train               0.006476            0.020527               0.003735           0.005868      0.000015     0.000035    0.000050
Valid               0.002577            0.017873               0.001796           0.004944      0.000003     0.000031    0.000035
Epoch 27 elapsed: 0:08:44.90
Epoch 28/50  Learning rate: 0.001840
------------------------------------------------------------------------------------------------------------------------
       Energy_RMSE (eV/atom)   Force_RMSE (eV/Å)   Energy_MAE (eV/atom)   Force_MAE (eV/Å)   Energy_Loss   Force_Loss   TotalLoss  
-----------------------------------------------------------------------------------------------------------------------------------
Train               0.005638            0.019880               0.003405           0.005617      0.000012     0.000033    0.000045
Valid               0.004341            0.016744               0.003770           0.005244      0.000009     0.000032    0.000042
Epoch 28 elapsed: 0:08:05.14
Epoch 29/50  Learning rate: 0.001760
------------------------------------------------------------------------------------------------------------------------
       Energy_RMSE (eV/atom)   Force_RMSE (eV/Å)   Energy_MAE (eV/atom)   Force_MAE (eV/Å)   Energy_Loss   Force_Loss   TotalLoss  
-----------------------------------------------------------------------------------------------------------------------------------
Train               0.005200            0.018627               0.003157           0.005392      0.000010     0.000031    0.000042
Valid               0.002631            0.015032               0.002088           0.004612      0.000003     0.000028    0.000031
Epoch 29 elapsed: 0:08:17.95
Epoch 30/50  Learning rate: 0.001680
------------------------------------------------------------------------------------------------------------------------
       Energy_RMSE (eV/atom)   Force_RMSE (eV/Å)   Energy_MAE (eV/atom)   Force_MAE (eV/Å)   Energy_Loss   Force_Loss   TotalLoss  
-----------------------------------------------------------------------------------------------------------------------------------
Train               0.005619            0.018227               0.003266           0.005346      0.000012     0.000031    0.000042
Valid               0.004815            0.015293               0.004068           0.004566      0.000011     0.000028    0.000039
Epoch 30 elapsed: 0:08:55.07
Epoch 31/50  Learning rate: 0.001600
------------------------------------------------------------------------------------------------------------------------
       Energy_RMSE (eV/atom)   Force_RMSE (eV/Å)   Energy_MAE (eV/atom)   Force_MAE (eV/Å)   Energy_Loss   Force_Loss   TotalLoss  
-----------------------------------------------------------------------------------------------------------------------------------
Train               0.005163            0.017964               0.002955           0.005258      0.000010     0.000030    0.000040
Valid               0.002724            0.015524               0.002381           0.004640      0.000004     0.000029    0.000032
Epoch 31 elapsed: 0:07:53.44
Epoch 32/50  Learning rate: 0.001520
------------------------------------------------------------------------------------------------------------------------
       Energy_RMSE (eV/atom)   Force_RMSE (eV/Å)   Energy_MAE (eV/atom)   Force_MAE (eV/Å)   Energy_Loss   Force_Loss   TotalLoss  
-----------------------------------------------------------------------------------------------------------------------------------
Train               0.005181            0.017744               0.003127           0.005232      0.000010     0.000030    0.000040
Valid               0.004212            0.017081               0.003143           0.005335      0.000009     0.000034    0.000043
Epoch 32 elapsed: 0:08:09.99
Epoch 33/50  Learning rate: 0.001440
------------------------------------------------------------------------------------------------------------------------
       Energy_RMSE (eV/atom)   Force_RMSE (eV/Å)   Energy_MAE (eV/atom)   Force_MAE (eV/Å)   Energy_Loss   Force_Loss   TotalLoss  
-----------------------------------------------------------------------------------------------------------------------------------
Train               0.004704            0.017376               0.002814           0.005078      0.000009     0.000029    0.000037
Valid               0.003114            0.015161               0.002492           0.004738      0.000005     0.000029    0.000034
Epoch 33 elapsed: 0:09:08.17
Epoch 34/50  Learning rate: 0.001360
------------------------------------------------------------------------------------------------------------------------
       Energy_RMSE (eV/atom)   Force_RMSE (eV/Å)   Energy_MAE (eV/atom)   Force_MAE (eV/Å)   Energy_Loss   Force_Loss   TotalLoss  
-----------------------------------------------------------------------------------------------------------------------------------
Train               0.004169            0.016573               0.002531           0.004906      0.000007     0.000027    0.000035
Valid               0.004289            0.015572               0.003660           0.004948      0.000009     0.000029    0.000039
Epoch 34 elapsed: 0:08:14.15
Epoch 35/50  Learning rate: 0.001280
------------------------------------------------------------------------------------------------------------------------
       Energy_RMSE (eV/atom)   Force_RMSE (eV/Å)   Energy_MAE (eV/atom)   Force_MAE (eV/Å)   Energy_Loss   Force_Loss   TotalLoss  
-----------------------------------------------------------------------------------------------------------------------------------
Train               0.004449            0.016403               0.002661           0.004900      0.000008     0.000027    0.000035
Valid               0.006182            0.017181               0.004819           0.005269      0.000018     0.000034    0.000052
Epoch 35 elapsed: 0:08:01.55
Epoch 36/50  Learning rate: 0.001200
------------------------------------------------------------------------------------------------------------------------
       Energy_RMSE (eV/atom)   Force_RMSE (eV/Å)   Energy_MAE (eV/atom)   Force_MAE (eV/Å)   Energy_Loss   Force_Loss   TotalLoss  
-----------------------------------------------------------------------------------------------------------------------------------
Train               0.004100            0.015875               0.002447           0.004730      0.000007     0.000026    0.000033
Valid               0.003361            0.017945               0.002403           0.005397      0.000006     0.000034    0.000039
Epoch 36 elapsed: 0:07:47.95
Epoch 37/50  Learning rate: 0.001120
------------------------------------------------------------------------------------------------------------------------
       Energy_RMSE (eV/atom)   Force_RMSE (eV/Å)   Energy_MAE (eV/atom)   Force_MAE (eV/Å)   Energy_Loss   Force_Loss   TotalLoss  
-----------------------------------------------------------------------------------------------------------------------------------
Train               0.003456            0.015294               0.002127           0.004537      0.000005     0.000025    0.000030
Valid               0.003579            0.015133               0.003234           0.004918      0.000006     0.000029    0.000035
Epoch 37 elapsed: 0:07:46.75
Epoch 38/50  Learning rate: 0.001040
------------------------------------------------------------------------------------------------------------------------
       Energy_RMSE (eV/atom)   Force_RMSE (eV/Å)   Energy_MAE (eV/atom)   Force_MAE (eV/Å)   Energy_Loss   Force_Loss   TotalLoss  
-----------------------------------------------------------------------------------------------------------------------------------
Train               0.003707            0.015132               0.002231           0.004534      0.000006     0.000024    0.000030
Valid               0.003370            0.015507               0.002315           0.004866      0.000006     0.000029    0.000035
Epoch 38 elapsed: 0:08:25.72
Epoch 39/50  Learning rate: 0.000960
------------------------------------------------------------------------------------------------------------------------
       Energy_RMSE (eV/atom)   Force_RMSE (eV/Å)   Energy_MAE (eV/atom)   Force_MAE (eV/Å)   Energy_Loss   Force_Loss   TotalLoss  
-----------------------------------------------------------------------------------------------------------------------------------
Train               0.003195            0.014771               0.001972           0.004422      0.000004     0.000024    0.000028
Valid               0.004820            0.017143               0.003057           0.005566      0.000010     0.000035    0.000045
Epoch 39 elapsed: 0:08:44.57
Epoch 40/50  Learning rate: 0.000880
------------------------------------------------------------------------------------------------------------------------
       Energy_RMSE (eV/atom)   Force_RMSE (eV/Å)   Energy_MAE (eV/atom)   Force_MAE (eV/Å)   Energy_Loss   Force_Loss   TotalLoss  
-----------------------------------------------------------------------------------------------------------------------------------
Train               0.003209            0.014525               0.001965           0.004372      0.000005     0.000023    0.000028
Valid               0.011451            0.018053               0.005920           0.005967      0.000038     0.000037    0.000075
Epoch 40 elapsed: 0:07:58.74
Epoch 41/50  Learning rate: 0.000800
------------------------------------------------------------------------------------------------------------------------
       Energy_RMSE (eV/atom)   Force_RMSE (eV/Å)   Energy_MAE (eV/atom)   Force_MAE (eV/Å)   Energy_Loss   Force_Loss   TotalLoss  
-----------------------------------------------------------------------------------------------------------------------------------
Train               0.002987            0.014073               0.001829           0.004273      0.000004     0.000023    0.000027
Valid               0.001317            0.014350               0.001038           0.004161      0.000001     0.000025    0.000026
Epoch 41 elapsed: 0:07:58.27
Epoch 42/50  Learning rate: 0.000720
------------------------------------------------------------------------------------------------------------------------
       Energy_RMSE (eV/atom)   Force_RMSE (eV/Å)   Energy_MAE (eV/atom)   Force_MAE (eV/Å)   Energy_Loss   Force_Loss   TotalLoss  
-----------------------------------------------------------------------------------------------------------------------------------
Train               0.002559            0.013659               0.001577           0.004135      0.000003     0.000022    0.000025
Valid               0.002164            0.014254               0.001638           0.004335      0.000002     0.000026    0.000028
Epoch 42 elapsed: 0:08:58.37
Epoch 43/50  Learning rate: 0.000640
------------------------------------------------------------------------------------------------------------------------
       Energy_RMSE (eV/atom)   Force_RMSE (eV/Å)   Energy_MAE (eV/atom)   Force_MAE (eV/Å)   Energy_Loss   Force_Loss   TotalLoss  
-----------------------------------------------------------------------------------------------------------------------------------
Train               0.002294            0.013591               0.001508           0.004098      0.000003     0.000021    0.000024
Valid               0.002038            0.014148               0.001762           0.004291      0.000002     0.000025    0.000027
Epoch 43 elapsed: 0:08:01.76
Epoch 44/50  Learning rate: 0.000560
------------------------------------------------------------------------------------------------------------------------
       Energy_RMSE (eV/atom)   Force_RMSE (eV/Å)   Energy_MAE (eV/atom)   Force_MAE (eV/Å)   Energy_Loss   Force_Loss   TotalLoss  
-----------------------------------------------------------------------------------------------------------------------------------
Train               0.002353            0.013291               0.001485           0.004037      0.000003     0.000021    0.000023
Valid               0.001949            0.014434               0.001391           0.004433      0.000002     0.000026    0.000028
Epoch 44 elapsed: 0:08:24.82
Epoch 45/50  Learning rate: 0.000480
------------------------------------------------------------------------------------------------------------------------
       Energy_RMSE (eV/atom)   Force_RMSE (eV/Å)   Energy_MAE (eV/atom)   Force_MAE (eV/Å)   Energy_Loss   Force_Loss   TotalLoss  
-----------------------------------------------------------------------------------------------------------------------------------
Train               0.001928            0.012886               0.001256           0.003915      0.000002     0.000020    0.000022
Valid               0.001046            0.013065               0.000809           0.003926      0.000001     0.000023    0.000023
Epoch 45 elapsed: 0:07:50.90
Epoch 46/50  Learning rate: 0.000400
------------------------------------------------------------------------------------------------------------------------
       Energy_RMSE (eV/atom)   Force_RMSE (eV/Å)   Energy_MAE (eV/atom)   Force_MAE (eV/Å)   Energy_Loss   Force_Loss   TotalLoss  
-----------------------------------------------------------------------------------------------------------------------------------
Train               0.001738            0.012669               0.001153           0.003861      0.000001     0.000020    0.000021
Valid               0.001438            0.013412               0.001142           0.004039      0.000001     0.000023    0.000024
Epoch 46 elapsed: 0:09:23.14
Epoch 47/50  Learning rate: 0.000320
------------------------------------------------------------------------------------------------------------------------
       Energy_RMSE (eV/atom)   Force_RMSE (eV/Å)   Energy_MAE (eV/atom)   Force_MAE (eV/Å)   Energy_Loss   Force_Loss   TotalLoss  
-----------------------------------------------------------------------------------------------------------------------------------
Train               0.001631            0.012521               0.001100           0.003816      0.000001     0.000019    0.000021
Valid               0.003443            0.014227               0.002267           0.004409      0.000006     0.000026    0.000032
Epoch 47 elapsed: 0:07:45.06
Epoch 48/50  Learning rate: 0.000240
------------------------------------------------------------------------------------------------------------------------
       Energy_RMSE (eV/atom)   Force_RMSE (eV/Å)   Energy_MAE (eV/atom)   Force_MAE (eV/Å)   Energy_Loss   Force_Loss   TotalLoss  
-----------------------------------------------------------------------------------------------------------------------------------
Train               0.001353            0.012282               0.000951           0.003737      0.000001     0.000019    0.000020
Valid               0.001230            0.013021               0.000898           0.003901      0.000001     0.000023    0.000023
Epoch 48 elapsed: 0:07:44.17
Epoch 49/50  Learning rate: 0.000160
------------------------------------------------------------------------------------------------------------------------
       Energy_RMSE (eV/atom)   Force_RMSE (eV/Å)   Energy_MAE (eV/atom)   Force_MAE (eV/Å)   Energy_Loss   Force_Loss   TotalLoss  
-----------------------------------------------------------------------------------------------------------------------------------
Train               0.001126            0.012116               0.000811           0.003681      0.000001     0.000019    0.000019
Valid               0.000972            0.012855               0.000683           0.003859      0.000000     0.000022    0.000023
Epoch 49 elapsed: 0:07:59.96
Epoch 50/50  Learning rate: 0.000080
------------------------------------------------------------------------------------------------------------------------
       Energy_RMSE (eV/atom)   Force_RMSE (eV/Å)   Energy_MAE (eV/atom)   Force_MAE (eV/Å)   Energy_Loss   Force_Loss   TotalLoss  
-----------------------------------------------------------------------------------------------------------------------------------
Train               0.000975            0.011970               0.000710           0.003635      0.000000     0.000018    0.000019
Valid               0.000887            0.012816               0.000632           0.003822      0.000000     0.000022    0.000022
Epoch 50 elapsed: 0:08:15.26
