2024-11-25 13:57:03.161 INFO: MACE version: 0.3.5
2024-11-25 13:57:03.161 INFO: Configuration: Namespace(config=None, name='aspirin', seed=123, log_dir='logs', model_dir='.', checkpoints_dir='checkpoints', results_dir='results', downloads_dir='downloads', device='cuda', default_dtype='float64', distributed=False, log_level='INFO', error_table='TotalRMSE', model='MACE', r_max=5.0, radial_type='bessel', num_radial_basis=8, num_cutoff_basis=5, pair_repulsion=False, distance_transform='None', interaction='RealAgnosticResidualInteractionBlock', interaction_first='RealAgnosticResidualInteractionBlock', max_ell=3, correlation=3, num_interactions=2, MLP_irreps='16x0e', radial_MLP='[64, 64, 64]', hidden_irreps='128x0e + 128x1o', num_channels=128, max_L=1, gate='silu', scaling='rms_forces_scaling', avg_num_neighbors=1, compute_avg_num_neighbors=True, compute_stress=False, compute_forces=True, train_file='./dataset/train.xyz', valid_file='./dataset/valid.xyz', valid_fraction=0.1, test_file=None, test_dir=None, multi_processed_test=False, num_workers=0, pin_memory=True, atomic_numbers=None, mean=None, std=None, statistics_file=None, E0s='average', keep_isolated_atoms=False, energy_key='energy', forces_key='forces', virials_key='virials', stress_key='stress', dipole_key='dipole', charges_key='charges', loss='ef', forces_weight=1000.0, swa_forces_weight=100.0, energy_weight=1.0, swa_energy_weight=1000.0, virials_weight=1.0, swa_virials_weight=10.0, stress_weight=1.0, swa_stress_weight=10.0, dipole_weight=1.0, swa_dipole_weight=1.0, config_type_weights='{"Default":1.0}', huber_delta=0.01, optimizer='adam', beta=0.9, batch_size=5, valid_batch_size=5, lr=0.005, swa_lr=0.001, weight_decay=1e-08, amsgrad=True, scheduler='ReduceLROnPlateau', lr_factor=0.8, scheduler_patience=5, lr_scheduler_gamma=0.9993, swa=False, start_swa=None, ema=True, ema_decay=0.995, max_num_epochs=500, patience=2048, foundation_model='/home/l6eub2ic/whcs-share31/wangchen/mace/MPtrj/MACE-OFF23_medium.model', foundation_model_readout=True, eval_interval=2, keep_checkpoints=False, save_all_checkpoints=False, restart_latest=False, save_cpu=True, clip_grad=100.0, wandb=False, wandb_dir=None, wandb_project='', wandb_entity='', wandb_name='', wandb_log_hypers=['num_channels', 'max_L', 'correlation', 'lr', 'swa_lr', 'weight_decay', 'batch_size', 'max_num_epochs', 'start_swa', 'energy_weight', 'forces_weight'])
2024-11-25 13:57:03.302 INFO: CUDA version: 11.8, CUDA device: 0
2024-11-25 13:57:03.986 INFO: Error accessing Git repository: /home/l6eub2ic/whcs-share31/wangchen/mace/organic/aspirin/LoRA
2024-11-25 13:57:06.686 INFO: Using foundation model /home/l6eub2ic/whcs-share31/wangchen/mace/MPtrj/MACE-OFF23_medium.model as initial checkpoint.
2024-11-25 13:57:06.744 INFO: Since ASE version 3.23.0b1, using energy_key 'energy' is no longer safe when communicating between MACE and ASE. We recommend using a different key, rewriting energies to 'REF_energy'. You need to use --energy_key='REF_energy', to tell the key name chosen.
2024-11-25 13:57:06.753 INFO: Since ASE version 3.23.0b1, using forces_key 'forces' is no longer safe when communicating between MACE and ASE. We recommend using a different key, rewriting energies to 'REF_forces'. You need to use --forces_key='REF_forces', to tell the key name chosen.
2024-11-25 13:57:06.763 INFO: Since ASE version 3.23.0b1, using stress_key 'stress' is no longer safe when communicating between MACE and ASE. We recommend using a different key, rewriting energies to 'REF_stress'. You need to use --stress_key='REF_stress', to tell the key name chosen.
2024-11-25 13:57:06.764 INFO: Loaded 50 training configurations from './dataset/train.xyz'
2024-11-25 13:57:07.791 INFO: Since ASE version 3.23.0b1, using energy_key 'energy' is no longer safe when communicating between MACE and ASE. We recommend using a different key, rewriting energies to 'REF_energy'. You need to use --energy_key='REF_energy', to tell the key name chosen.
2024-11-25 13:57:07.956 INFO: Since ASE version 3.23.0b1, using forces_key 'forces' is no longer safe when communicating between MACE and ASE. We recommend using a different key, rewriting energies to 'REF_forces'. You need to use --forces_key='REF_forces', to tell the key name chosen.
2024-11-25 13:57:08.121 INFO: Since ASE version 3.23.0b1, using stress_key 'stress' is no longer safe when communicating between MACE and ASE. We recommend using a different key, rewriting energies to 'REF_stress'. You need to use --stress_key='REF_stress', to tell the key name chosen.
2024-11-25 13:57:08.146 INFO: Loaded 950 validation configurations from './dataset/valid.xyz'
2024-11-25 13:57:08.147 INFO: Total number of configurations: train=50, valid=950, tests=[]
2024-11-25 13:57:08.151 INFO: AtomicNumberTable: (1, 6, 8)
2024-11-25 13:57:08.151 INFO: Atomic Energies not in training file, using command line argument E0s
2024-11-25 13:57:08.151 INFO: Computing average Atomic Energies using least squares regression
2024-11-25 13:57:08.154 INFO: Atomic energies: [-875.4154212502455, -984.8423489065265, -437.7077106251228]
2024-11-25 13:57:08.698 INFO: EnergyForcesLoss(energy_weight=1.000, forces_weight=1000.000)
2024-11-25 13:57:08.723 INFO: Average number of neighbors: 14.308571428571428
2024-11-25 13:57:08.724 INFO: Selected the following outputs: {'energy': True, 'forces': True, 'virials': False, 'stress': False, 'dipoles': False}
2024-11-25 13:57:08.746 INFO: Building model
2024-11-25 13:57:16.708 INFO: Number of trainable parameters: 175880
2024-11-25 13:57:16.711 INFO: ScaleShiftMACE(
  (node_embedding): LinearNodeEmbeddingBlock(
    (linear): Linear(3x0e -> 128x0e | 384 weights) | 2096 LoRA_weights)
  )
  (radial_embedding): RadialEmbeddingBlock(
    (bessel_fn): BesselBasis(r_max=5.0, num_basis=8, trainable=True)
    (cutoff_fn): PolynomialCutoff(p=5.0, r_max=5.0)
  )
  (spherical_harmonics): SphericalHarmonics()
  (atomic_energies_fn): AtomicEnergiesBlock(energies=[-875.4154, -984.8423, -437.7077])
  (interactions): ModuleList(
    (0): RealAgnosticInteractionBlock(
      (linear_up): Linear(128x0e -> 128x0e | 16384 weights) | 4096 LoRA_weights)
      (conv_tp): TensorProduct(128x0e x 1x0e+1x1o+1x2e+1x3o -> 128x0e+128x1o+128x2e+128x3o | 512 paths | 512 weights | 0 LoRA_weights)
      (conv_tp_weights): FullyConnectedNet[8, 64, 64, 64, 512]
      (linear): Linear(128x0e+128x1o+128x2e+128x3o -> 128x0e+128x1o+128x2e+128x3o | 65536 weights) | 16384 LoRA_weights)
      (skip_tp): FullyConnectedTensorProduct(128x0e+128x1o+128x2e+128x3o x 3x0e -> 128x0e+128x1o+128x2e+128x3o | 196608 paths | 196608 weights | 32768 LoRA_weights)
      (reshape): reshape_irreps()
    )
    (1): RealAgnosticResidualInteractionBlock(
      (linear_up): Linear(128x0e+128x1o -> 128x0e+128x1o | 32768 weights) | 8192 LoRA_weights)
      (conv_tp): TensorProduct(128x0e+128x1o x 1x0e+1x1o+1x2e+1x3o -> 256x0e+384x1o+384x2e+256x3o | 1280 paths | 1280 weights | 0 LoRA_weights)
      (conv_tp_weights): FullyConnectedNet[8, 64, 64, 64, 1280]
      (linear): Linear(256x0e+384x1o+384x2e+256x3o -> 128x0e+128x1o+128x2e+128x3o | 163840 weights) | 28672 LoRA_weights)
      (skip_tp): FullyConnectedTensorProduct(128x0e+128x1o x 3x0e -> 128x0e | 49152 paths | 49152 weights | 8192 LoRA_weights)
      (reshape): reshape_irreps()
    )
  )
  (products): ModuleList(
    (0): EquivariantProductBasisBlock(
      (symmetric_contractions): SymmetricContraction(
        (contractions): ModuleList(
          (0): Contraction(
            (contractions_weighting): ModuleList(
              (0-1): 2 x GraphModule()
            )
            (contractions_features): ModuleList(
              (0-1): 2 x GraphModule()
            )
            (weights): ParameterList(
                (0): Parameter containing: [torch.float64 of size 3x4x128 (GPU 0)]
                (1): Parameter containing: [torch.float64 of size 3x1x128 (GPU 0)]
            )
            (graph_opt_main): GraphModule()
            (LoRA_weight): ParameterList(
                (0): Parameter containing: [torch.float64 of size 3x23x16 (GPU 0)]
                (1): Parameter containing: [torch.float64 of size 16x128 (GPU 0)]
            )
          )
          (1): Contraction(
            (contractions_weighting): ModuleList(
              (0-1): 2 x GraphModule()
            )
            (contractions_features): ModuleList(
              (0-1): 2 x GraphModule()
            )
            (weights): ParameterList(
                (0): Parameter containing: [torch.float64 of size 3x6x128 (GPU 0)]
                (1): Parameter containing: [torch.float64 of size 3x1x128 (GPU 0)]
            )
            (graph_opt_main): GraphModule()
            (LoRA_weight): ParameterList(
                (0): Parameter containing: [torch.float64 of size 3x51x16 (GPU 0)]
                (1): Parameter containing: [torch.float64 of size 16x128 (GPU 0)]
            )
          )
        )
      )
      (linear): Linear(128x0e+128x1o -> 128x0e+128x1o | 32768 weights) | 8192 LoRA_weights)
    )
    (1): EquivariantProductBasisBlock(
      (symmetric_contractions): SymmetricContraction(
        (contractions): ModuleList(
          (0): Contraction(
            (contractions_weighting): ModuleList(
              (0-1): 2 x GraphModule()
            )
            (contractions_features): ModuleList(
              (0-1): 2 x GraphModule()
            )
            (weights): ParameterList(
                (0): Parameter containing: [torch.float64 of size 3x4x128 (GPU 0)]
                (1): Parameter containing: [torch.float64 of size 3x1x128 (GPU 0)]
            )
            (graph_opt_main): GraphModule()
            (LoRA_weight): ParameterList(
                (0): Parameter containing: [torch.float64 of size 3x23x16 (GPU 0)]
                (1): Parameter containing: [torch.float64 of size 16x128 (GPU 0)]
            )
          )
        )
      )
      (linear): Linear(128x0e -> 128x0e | 16384 weights) | 4096 LoRA_weights)
    )
  )
  (readouts): ModuleList(
    (0): LinearReadoutBlock(
      (linear): Linear(128x0e+128x1o -> 1x0e | 128 weights) | 2064 LoRA_weights)
    )
    (1): NonLinearReadoutBlock(
      (linear_1): Linear(128x0e -> 16x0e | 2048 weights) | 2304 LoRA_weights)
      (non_linearity): Activation [x] (16x0e -> 16x0e)
      (linear_2): Linear(16x0e -> 1x0e | 16 weights) | 272 LoRA_weights)
    )
  )
  (scale_shift): ScaleShiftBlock(scale=1.088502, shift=0.000000)
)
2024-11-25 13:57:16.715 INFO: Number of parameters: 921240
2024-11-25 13:57:16.715 INFO: Optimizer: Adam (
Parameter Group 0
    amsgrad: True
    betas: (0.9, 0.999)
    capturable: False
    differentiable: False
    eps: 1e-08
    foreach: None
    fused: None
    lr: 0.005
    maximize: False
    name: embedding
    weight_decay: 0.0

Parameter Group 1
    amsgrad: True
    betas: (0.9, 0.999)
    capturable: False
    differentiable: False
    eps: 1e-08
    foreach: None
    fused: None
    lr: 0.005
    maximize: False
    name: interactions_decay
    weight_decay: 1e-08

Parameter Group 2
    amsgrad: True
    betas: (0.9, 0.999)
    capturable: False
    differentiable: False
    eps: 1e-08
    foreach: None
    fused: None
    lr: 0.005
    maximize: False
    name: interactions_no_decay
    weight_decay: 0.0

Parameter Group 3
    amsgrad: True
    betas: (0.9, 0.999)
    capturable: False
    differentiable: False
    eps: 1e-08
    foreach: None
    fused: None
    lr: 0.005
    maximize: False
    name: products
    weight_decay: 1e-08

Parameter Group 4
    amsgrad: True
    betas: (0.9, 0.999)
    capturable: False
    differentiable: False
    eps: 1e-08
    foreach: None
    fused: None
    lr: 0.005
    maximize: False
    name: readouts
    weight_decay: 0.0
)
2024-11-25 13:57:16.715 INFO: Using gradient clipping with tolerance=100.000
2024-11-25 13:57:16.715 INFO: Started training
2024-11-25 13:57:34.775 INFO: Epoch None: loss=10884.0707, RMSE_E=103366.1 meV, RMSE_F=446.7 meV / A
2024-11-25 13:57:52.787 INFO: Epoch 0: loss=1889.4653, RMSE_E=21081.7 meV, RMSE_F=1202.1 meV / A
2024-11-25 13:58:04.566 INFO: Epoch 2: loss=69.1131, RMSE_E=1531.9 meV, RMSE_F=258.4 meV / A
2024-11-25 13:58:16.238 INFO: Epoch 4: loss=19.8621, RMSE_E=550.6 meV, RMSE_F=139.9 meV / A
2024-11-25 13:58:27.365 INFO: Epoch 6: loss=10.6379, RMSE_E=295.1 meV, RMSE_F=102.7 meV / A
2024-11-25 13:58:39.309 INFO: Epoch 8: loss=6.6539, RMSE_E=290.9 meV, RMSE_F=81.1 meV / A
2024-11-25 13:58:50.889 INFO: Epoch 10: loss=4.9106, RMSE_E=108.3 meV, RMSE_F=70.0 meV / A
2024-11-25 13:59:02.675 INFO: Epoch 12: loss=4.0473, RMSE_E=49.0 meV, RMSE_F=63.6 meV / A
2024-11-25 13:59:14.548 INFO: Epoch 14: loss=3.5097, RMSE_E=49.4 meV, RMSE_F=59.2 meV / A
2024-11-25 13:59:25.577 INFO: Epoch 16: loss=3.0216, RMSE_E=53.8 meV, RMSE_F=54.9 meV / A
2024-11-25 13:59:36.602 INFO: Epoch 18: loss=2.6797, RMSE_E=57.4 meV, RMSE_F=51.7 meV / A
2024-11-25 13:59:47.838 INFO: Epoch 20: loss=2.4264, RMSE_E=57.9 meV, RMSE_F=49.2 meV / A
2024-11-25 13:59:59.474 INFO: Epoch 22: loss=2.1885, RMSE_E=38.2 meV, RMSE_F=46.8 meV / A
2024-11-25 14:00:10.633 INFO: Epoch 24: loss=2.0280, RMSE_E=43.3 meV, RMSE_F=45.0 meV / A
2024-11-25 14:00:21.530 INFO: Epoch 26: loss=1.8952, RMSE_E=49.8 meV, RMSE_F=43.5 meV / A
2024-11-25 14:00:33.232 INFO: Epoch 28: loss=1.7835, RMSE_E=38.6 meV, RMSE_F=42.2 meV / A
2024-11-25 14:00:45.135 INFO: Epoch 30: loss=1.7031, RMSE_E=41.1 meV, RMSE_F=41.2 meV / A
2024-11-25 14:00:57.128 INFO: Epoch 32: loss=1.6744, RMSE_E=54.5 meV, RMSE_F=40.9 meV / A
2024-11-25 14:01:08.058 INFO: Epoch 34: loss=1.6249, RMSE_E=61.1 meV, RMSE_F=40.3 meV / A
2024-11-25 14:01:17.267 INFO: Epoch 36: loss=1.5722, RMSE_E=44.7 meV, RMSE_F=39.6 meV / A
2024-11-25 14:01:26.678 INFO: Epoch 38: loss=1.4785, RMSE_E=25.0 meV, RMSE_F=38.4 meV / A
2024-11-25 14:01:37.163 INFO: Epoch 40: loss=1.4212, RMSE_E=39.3 meV, RMSE_F=37.7 meV / A
2024-11-25 14:01:48.470 INFO: Epoch 42: loss=1.3594, RMSE_E=27.0 meV, RMSE_F=36.9 meV / A
2024-11-25 14:02:00.570 INFO: Epoch 44: loss=1.3102, RMSE_E=25.8 meV, RMSE_F=36.2 meV / A
2024-11-25 14:02:12.462 INFO: Epoch 46: loss=1.2742, RMSE_E=39.2 meV, RMSE_F=35.7 meV / A
2024-11-25 14:02:23.688 INFO: Epoch 48: loss=1.2426, RMSE_E=38.7 meV, RMSE_F=35.2 meV / A
2024-11-25 14:02:35.696 INFO: Epoch 50: loss=1.2193, RMSE_E=27.5 meV, RMSE_F=34.9 meV / A
2024-11-25 14:02:48.029 INFO: Epoch 52: loss=1.1969, RMSE_E=42.1 meV, RMSE_F=34.6 meV / A
2024-11-25 14:02:59.825 INFO: Epoch 54: loss=1.1585, RMSE_E=26.6 meV, RMSE_F=34.0 meV / A
2024-11-25 14:03:11.969 INFO: Epoch 56: loss=1.1280, RMSE_E=18.7 meV, RMSE_F=33.6 meV / A
2024-11-25 14:03:23.486 INFO: Epoch 58: loss=1.1127, RMSE_E=23.5 meV, RMSE_F=33.3 meV / A
2024-11-25 14:03:34.667 INFO: Epoch 60: loss=1.0981, RMSE_E=28.5 meV, RMSE_F=33.1 meV / A
2024-11-25 14:03:46.047 INFO: Epoch 62: loss=1.0758, RMSE_E=27.8 meV, RMSE_F=32.8 meV / A
2024-11-25 14:03:57.314 INFO: Epoch 64: loss=1.0734, RMSE_E=28.4 meV, RMSE_F=32.8 meV / A
2024-11-25 14:04:08.867 INFO: Epoch 66: loss=1.0652, RMSE_E=32.4 meV, RMSE_F=32.6 meV / A
2024-11-25 14:04:20.473 INFO: Epoch 68: loss=1.0540, RMSE_E=30.7 meV, RMSE_F=32.5 meV / A
2024-11-25 14:04:32.162 INFO: Epoch 70: loss=1.0384, RMSE_E=28.7 meV, RMSE_F=32.2 meV / A
2024-11-25 14:04:43.310 INFO: Epoch 72: loss=1.0281, RMSE_E=34.9 meV, RMSE_F=32.0 meV / A
2024-11-25 14:04:54.432 INFO: Epoch 74: loss=1.0142, RMSE_E=43.9 meV, RMSE_F=31.8 meV / A
2024-11-25 14:05:06.288 INFO: Epoch 76: loss=0.9912, RMSE_E=34.4 meV, RMSE_F=31.5 meV / A
2024-11-25 14:05:17.279 INFO: Epoch 78: loss=0.9784, RMSE_E=34.8 meV, RMSE_F=31.3 meV / A
2024-11-25 14:05:28.350 INFO: Epoch 80: loss=0.9603, RMSE_E=31.3 meV, RMSE_F=31.0 meV / A
2024-11-25 14:05:39.640 INFO: Epoch 82: loss=0.9485, RMSE_E=33.3 meV, RMSE_F=30.8 meV / A
2024-11-25 14:05:51.747 INFO: Epoch 84: loss=0.9384, RMSE_E=35.0 meV, RMSE_F=30.6 meV / A
2024-11-25 14:06:03.656 INFO: Epoch 86: loss=0.9293, RMSE_E=34.2 meV, RMSE_F=30.5 meV / A
2024-11-25 14:06:14.513 INFO: Epoch 88: loss=0.9222, RMSE_E=35.0 meV, RMSE_F=30.3 meV / A
2024-11-25 14:06:23.934 INFO: Epoch 90: loss=0.9129, RMSE_E=32.0 meV, RMSE_F=30.2 meV / A
2024-11-25 14:06:33.278 INFO: Epoch 92: loss=0.9037, RMSE_E=39.6 meV, RMSE_F=30.0 meV / A
2024-11-25 14:06:43.582 INFO: Epoch 94: loss=0.8959, RMSE_E=41.6 meV, RMSE_F=29.9 meV / A
2024-11-25 14:06:54.676 INFO: Epoch 96: loss=0.8873, RMSE_E=31.7 meV, RMSE_F=29.8 meV / A
2024-11-25 14:07:06.068 INFO: Epoch 98: loss=0.8797, RMSE_E=34.0 meV, RMSE_F=29.6 meV / A
2024-11-25 14:07:17.234 INFO: Epoch 100: loss=0.8732, RMSE_E=35.0 meV, RMSE_F=29.5 meV / A
2024-11-25 14:07:29.044 INFO: Epoch 102: loss=0.8670, RMSE_E=35.7 meV, RMSE_F=29.4 meV / A
2024-11-25 14:07:40.176 INFO: Epoch 104: loss=0.8577, RMSE_E=35.2 meV, RMSE_F=29.3 meV / A
2024-11-25 14:07:51.162 INFO: Epoch 106: loss=0.8509, RMSE_E=33.0 meV, RMSE_F=29.2 meV / A
2024-11-25 14:08:02.141 INFO: Epoch 108: loss=0.8458, RMSE_E=38.1 meV, RMSE_F=29.1 meV / A
2024-11-25 14:08:13.481 INFO: Epoch 110: loss=0.8405, RMSE_E=36.2 meV, RMSE_F=29.0 meV / A
2024-11-25 14:08:25.256 INFO: Epoch 112: loss=0.8348, RMSE_E=33.8 meV, RMSE_F=28.9 meV / A
2024-11-25 14:08:36.189 INFO: Epoch 114: loss=0.8299, RMSE_E=33.9 meV, RMSE_F=28.8 meV / A
2024-11-25 14:08:47.513 INFO: Epoch 116: loss=0.8253, RMSE_E=31.3 meV, RMSE_F=28.7 meV / A
2024-11-25 14:08:58.671 INFO: Epoch 118: loss=0.8206, RMSE_E=31.0 meV, RMSE_F=28.6 meV / A
2024-11-25 14:09:10.849 INFO: Epoch 120: loss=0.8164, RMSE_E=28.3 meV, RMSE_F=28.6 meV / A
2024-11-25 14:09:22.575 INFO: Epoch 122: loss=0.8114, RMSE_E=26.8 meV, RMSE_F=28.5 meV / A
2024-11-25 14:09:33.931 INFO: Epoch 124: loss=0.8069, RMSE_E=25.2 meV, RMSE_F=28.4 meV / A
2024-11-25 14:09:45.811 INFO: Epoch 126: loss=0.8037, RMSE_E=23.8 meV, RMSE_F=28.3 meV / A
2024-11-25 14:09:56.889 INFO: Epoch 128: loss=0.8002, RMSE_E=21.7 meV, RMSE_F=28.3 meV / A
2024-11-25 14:10:08.009 INFO: Epoch 130: loss=0.7952, RMSE_E=20.4 meV, RMSE_F=28.2 meV / A
2024-11-25 14:10:19.906 INFO: Epoch 132: loss=0.7927, RMSE_E=19.5 meV, RMSE_F=28.1 meV / A
2024-11-25 14:10:31.121 INFO: Epoch 134: loss=0.7887, RMSE_E=18.5 meV, RMSE_F=28.1 meV / A
2024-11-25 14:10:43.104 INFO: Epoch 136: loss=0.7847, RMSE_E=17.8 meV, RMSE_F=28.0 meV / A
2024-11-25 14:10:54.091 INFO: Epoch 138: loss=0.7802, RMSE_E=16.5 meV, RMSE_F=27.9 meV / A
2024-11-25 14:11:05.298 INFO: Epoch 140: loss=0.7785, RMSE_E=17.2 meV, RMSE_F=27.9 meV / A
2024-11-25 14:11:17.026 INFO: Epoch 142: loss=0.7749, RMSE_E=15.8 meV, RMSE_F=27.8 meV / A
2024-11-25 14:11:26.127 INFO: Epoch 144: loss=0.7708, RMSE_E=15.3 meV, RMSE_F=27.8 meV / A
2024-11-25 14:11:37.055 INFO: Epoch 146: loss=0.7683, RMSE_E=15.3 meV, RMSE_F=27.7 meV / A
2024-11-25 14:11:48.367 INFO: Epoch 148: loss=0.7664, RMSE_E=14.8 meV, RMSE_F=27.7 meV / A
2024-11-25 14:11:59.542 INFO: Epoch 150: loss=0.7656, RMSE_E=14.5 meV, RMSE_F=27.7 meV / A
2024-11-25 14:12:10.569 INFO: Epoch 152: loss=0.7639, RMSE_E=14.1 meV, RMSE_F=27.6 meV / A
2024-11-25 14:12:21.532 INFO: Epoch 154: loss=0.7623, RMSE_E=14.9 meV, RMSE_F=27.6 meV / A
2024-11-25 14:12:32.543 INFO: Epoch 156: loss=0.7614, RMSE_E=14.2 meV, RMSE_F=27.6 meV / A
2024-11-25 14:12:43.718 INFO: Epoch 158: loss=0.7605, RMSE_E=14.5 meV, RMSE_F=27.6 meV / A
2024-11-25 14:12:54.861 INFO: Epoch 160: loss=0.7591, RMSE_E=15.4 meV, RMSE_F=27.5 meV / A
2024-11-25 14:13:06.917 INFO: Epoch 162: loss=0.7575, RMSE_E=15.3 meV, RMSE_F=27.5 meV / A
2024-11-25 14:13:18.958 INFO: Epoch 164: loss=0.7570, RMSE_E=15.3 meV, RMSE_F=27.5 meV / A
2024-11-25 14:13:30.105 INFO: Epoch 166: loss=0.7553, RMSE_E=15.2 meV, RMSE_F=27.5 meV / A
2024-11-25 14:13:42.094 INFO: Epoch 168: loss=0.7543, RMSE_E=15.1 meV, RMSE_F=27.5 meV / A
2024-11-25 14:13:53.169 INFO: Epoch 170: loss=0.7526, RMSE_E=14.9 meV, RMSE_F=27.4 meV / A
2024-11-25 14:14:05.278 INFO: Epoch 172: loss=0.7509, RMSE_E=14.4 meV, RMSE_F=27.4 meV / A
2024-11-25 14:14:17.193 INFO: Epoch 174: loss=0.7495, RMSE_E=14.6 meV, RMSE_F=27.4 meV / A
2024-11-25 14:14:27.927 INFO: Epoch 176: loss=0.7487, RMSE_E=14.0 meV, RMSE_F=27.4 meV / A
2024-11-25 14:14:39.314 INFO: Epoch 178: loss=0.7464, RMSE_E=13.8 meV, RMSE_F=27.3 meV / A
2024-11-25 14:14:50.652 INFO: Epoch 180: loss=0.7451, RMSE_E=13.6 meV, RMSE_F=27.3 meV / A
2024-11-25 14:15:02.591 INFO: Epoch 182: loss=0.7433, RMSE_E=13.5 meV, RMSE_F=27.3 meV / A
2024-11-25 14:15:13.906 INFO: Epoch 184: loss=0.7424, RMSE_E=13.2 meV, RMSE_F=27.2 meV / A
2024-11-25 14:15:25.795 INFO: Epoch 186: loss=0.7419, RMSE_E=13.5 meV, RMSE_F=27.2 meV / A
2024-11-25 14:15:37.713 INFO: Epoch 188: loss=0.7406, RMSE_E=13.0 meV, RMSE_F=27.2 meV / A
2024-11-25 14:15:48.755 INFO: Epoch 190: loss=0.7394, RMSE_E=12.9 meV, RMSE_F=27.2 meV / A
2024-11-25 14:15:59.693 INFO: Epoch 192: loss=0.7372, RMSE_E=12.8 meV, RMSE_F=27.1 meV / A
2024-11-25 14:16:10.841 INFO: Epoch 194: loss=0.7355, RMSE_E=12.5 meV, RMSE_F=27.1 meV / A
2024-11-25 14:16:21.726 INFO: Epoch 196: loss=0.7340, RMSE_E=12.3 meV, RMSE_F=27.1 meV / A
2024-11-25 14:16:31.055 INFO: Epoch 198: loss=0.7323, RMSE_E=12.1 meV, RMSE_F=27.1 meV / A
2024-11-25 14:16:40.555 INFO: Epoch 200: loss=0.7308, RMSE_E=11.9 meV, RMSE_F=27.0 meV / A
2024-11-25 14:16:51.091 INFO: Epoch 202: loss=0.7292, RMSE_E=11.9 meV, RMSE_F=27.0 meV / A
2024-11-25 14:17:02.106 INFO: Epoch 204: loss=0.7280, RMSE_E=11.6 meV, RMSE_F=27.0 meV / A
2024-11-25 14:17:13.216 INFO: Epoch 206: loss=0.7272, RMSE_E=11.7 meV, RMSE_F=27.0 meV / A
2024-11-25 14:17:24.638 INFO: Epoch 208: loss=0.7265, RMSE_E=11.6 meV, RMSE_F=27.0 meV / A
2024-11-25 14:17:36.362 INFO: Epoch 210: loss=0.7254, RMSE_E=11.5 meV, RMSE_F=26.9 meV / A
2024-11-25 14:17:45.967 INFO: Epoch 212: loss=0.7243, RMSE_E=11.4 meV, RMSE_F=26.9 meV / A
2024-11-25 14:17:57.568 INFO: Epoch 214: loss=0.7231, RMSE_E=11.4 meV, RMSE_F=26.9 meV / A
2024-11-25 14:18:09.680 INFO: Epoch 216: loss=0.7215, RMSE_E=11.3 meV, RMSE_F=26.9 meV / A
2024-11-25 14:18:21.417 INFO: Epoch 218: loss=0.7201, RMSE_E=11.3 meV, RMSE_F=26.8 meV / A
2024-11-25 14:18:32.538 INFO: Epoch 220: loss=0.7188, RMSE_E=11.2 meV, RMSE_F=26.8 meV / A
2024-11-25 14:18:43.543 INFO: Epoch 222: loss=0.7178, RMSE_E=11.2 meV, RMSE_F=26.8 meV / A
2024-11-25 14:18:55.291 INFO: Epoch 224: loss=0.7171, RMSE_E=11.1 meV, RMSE_F=26.8 meV / A
2024-11-25 14:19:06.856 INFO: Epoch 226: loss=0.7165, RMSE_E=11.1 meV, RMSE_F=26.8 meV / A
2024-11-25 14:19:17.847 INFO: Epoch 228: loss=0.7158, RMSE_E=11.1 meV, RMSE_F=26.8 meV / A
2024-11-25 14:19:29.029 INFO: Epoch 230: loss=0.7149, RMSE_E=11.0 meV, RMSE_F=26.7 meV / A
2024-11-25 14:19:40.115 INFO: Epoch 232: loss=0.7144, RMSE_E=11.0 meV, RMSE_F=26.7 meV / A
2024-11-25 14:19:52.125 INFO: Epoch 234: loss=0.7138, RMSE_E=11.0 meV, RMSE_F=26.7 meV / A
2024-11-25 14:20:03.234 INFO: Epoch 236: loss=0.7125, RMSE_E=11.0 meV, RMSE_F=26.7 meV / A
2024-11-25 14:20:15.409 INFO: Epoch 238: loss=0.7118, RMSE_E=10.9 meV, RMSE_F=26.7 meV / A
2024-11-25 14:20:27.232 INFO: Epoch 240: loss=0.7111, RMSE_E=10.9 meV, RMSE_F=26.7 meV / A
2024-11-25 14:20:38.505 INFO: Epoch 242: loss=0.7099, RMSE_E=10.9 meV, RMSE_F=26.6 meV / A
2024-11-25 14:20:50.515 INFO: Epoch 244: loss=0.7093, RMSE_E=10.9 meV, RMSE_F=26.6 meV / A
2024-11-25 14:21:02.904 INFO: Epoch 246: loss=0.7088, RMSE_E=10.9 meV, RMSE_F=26.6 meV / A
2024-11-25 14:21:14.458 INFO: Epoch 248: loss=0.7081, RMSE_E=10.9 meV, RMSE_F=26.6 meV / A
2024-11-25 14:21:25.055 INFO: Epoch 250: loss=0.7074, RMSE_E=10.9 meV, RMSE_F=26.6 meV / A
2024-11-25 14:21:34.379 INFO: Epoch 252: loss=0.7068, RMSE_E=10.9 meV, RMSE_F=26.6 meV / A
2024-11-25 14:21:45.663 INFO: Epoch 254: loss=0.7065, RMSE_E=10.8 meV, RMSE_F=26.6 meV / A
2024-11-25 14:21:56.967 INFO: Epoch 256: loss=0.7056, RMSE_E=10.8 meV, RMSE_F=26.6 meV / A
2024-11-25 14:22:08.935 INFO: Epoch 258: loss=0.7046, RMSE_E=10.8 meV, RMSE_F=26.5 meV / A
2024-11-25 14:22:20.898 INFO: Epoch 260: loss=0.7049, RMSE_E=10.7 meV, RMSE_F=26.5 meV / A
2024-11-25 14:22:30.183 INFO: Epoch 262: loss=0.7043, RMSE_E=10.6 meV, RMSE_F=26.5 meV / A
2024-11-25 14:22:39.561 INFO: Epoch 264: loss=0.7050, RMSE_E=10.6 meV, RMSE_F=26.5 meV / A
2024-11-25 14:22:48.838 INFO: Epoch 266: loss=0.7047, RMSE_E=10.6 meV, RMSE_F=26.5 meV / A
2024-11-25 14:22:58.086 INFO: Epoch 268: loss=0.7040, RMSE_E=10.6 meV, RMSE_F=26.5 meV / A
2024-11-25 14:23:09.217 INFO: Epoch 270: loss=0.7038, RMSE_E=10.6 meV, RMSE_F=26.5 meV / A
2024-11-25 14:23:21.179 INFO: Epoch 272: loss=0.7034, RMSE_E=10.6 meV, RMSE_F=26.5 meV / A
2024-11-25 14:23:31.857 INFO: Epoch 274: loss=0.7029, RMSE_E=10.6 meV, RMSE_F=26.5 meV / A
2024-11-25 14:23:43.318 INFO: Epoch 276: loss=0.7021, RMSE_E=10.6 meV, RMSE_F=26.5 meV / A
2024-11-25 14:23:54.445 INFO: Epoch 278: loss=0.7025, RMSE_E=10.6 meV, RMSE_F=26.5 meV / A
2024-11-25 14:24:03.723 INFO: Epoch 280: loss=0.7021, RMSE_E=10.6 meV, RMSE_F=26.5 meV / A
2024-11-25 14:24:15.328 INFO: Epoch 282: loss=0.7016, RMSE_E=10.6 meV, RMSE_F=26.5 meV / A
2024-11-25 14:24:26.939 INFO: Epoch 284: loss=0.7025, RMSE_E=10.6 meV, RMSE_F=26.5 meV / A
2024-11-25 14:24:36.038 INFO: Epoch 286: loss=0.7029, RMSE_E=10.6 meV, RMSE_F=26.5 meV / A
2024-11-25 14:24:45.223 INFO: Epoch 288: loss=0.7038, RMSE_E=10.5 meV, RMSE_F=26.5 meV / A
2024-11-25 14:24:54.578 INFO: Epoch 290: loss=0.7056, RMSE_E=10.6 meV, RMSE_F=26.6 meV / A
2024-11-25 14:25:03.967 INFO: Epoch 292: loss=0.7051, RMSE_E=10.6 meV, RMSE_F=26.6 meV / A
2024-11-25 14:25:13.060 INFO: Epoch 294: loss=0.7038, RMSE_E=10.6 meV, RMSE_F=26.5 meV / A
2024-11-25 14:25:22.184 INFO: Epoch 296: loss=0.7033, RMSE_E=10.6 meV, RMSE_F=26.5 meV / A
2024-11-25 14:25:31.583 INFO: Epoch 298: loss=0.7024, RMSE_E=10.6 meV, RMSE_F=26.5 meV / A
2024-11-25 14:25:40.836 INFO: Epoch 300: loss=0.7017, RMSE_E=10.6 meV, RMSE_F=26.5 meV / A
2024-11-25 14:25:49.987 INFO: Epoch 302: loss=0.7008, RMSE_E=10.6 meV, RMSE_F=26.5 meV / A
2024-11-25 14:26:01.567 INFO: Epoch 304: loss=0.7002, RMSE_E=10.5 meV, RMSE_F=26.5 meV / A
2024-11-25 14:26:13.435 INFO: Epoch 306: loss=0.6995, RMSE_E=10.5 meV, RMSE_F=26.4 meV / A
2024-11-25 14:26:24.969 INFO: Epoch 308: loss=0.6990, RMSE_E=10.5 meV, RMSE_F=26.4 meV / A
2024-11-25 14:26:34.203 INFO: Epoch 310: loss=0.6985, RMSE_E=10.5 meV, RMSE_F=26.4 meV / A
2024-11-25 14:26:43.300 INFO: Epoch 312: loss=0.6980, RMSE_E=10.5 meV, RMSE_F=26.4 meV / A
2024-11-25 14:26:52.669 INFO: Epoch 314: loss=0.6975, RMSE_E=10.4 meV, RMSE_F=26.4 meV / A
2024-11-25 14:27:03.436 INFO: Epoch 316: loss=0.6972, RMSE_E=10.4 meV, RMSE_F=26.4 meV / A
2024-11-25 14:27:15.688 INFO: Epoch 318: loss=0.6968, RMSE_E=10.4 meV, RMSE_F=26.4 meV / A
2024-11-25 14:27:27.650 INFO: Epoch 320: loss=0.6964, RMSE_E=10.4 meV, RMSE_F=26.4 meV / A
2024-11-25 14:27:39.433 INFO: Epoch 322: loss=0.6960, RMSE_E=10.4 meV, RMSE_F=26.4 meV / A
2024-11-25 14:27:48.749 INFO: Epoch 324: loss=0.6957, RMSE_E=10.4 meV, RMSE_F=26.4 meV / A
2024-11-25 14:27:58.156 INFO: Epoch 326: loss=0.6954, RMSE_E=10.4 meV, RMSE_F=26.4 meV / A
2024-11-25 14:28:08.202 INFO: Epoch 328: loss=0.6950, RMSE_E=10.3 meV, RMSE_F=26.4 meV / A
2024-11-25 14:28:19.475 INFO: Epoch 330: loss=0.6947, RMSE_E=10.3 meV, RMSE_F=26.4 meV / A
2024-11-25 14:28:30.665 INFO: Epoch 332: loss=0.6943, RMSE_E=10.3 meV, RMSE_F=26.3 meV / A
2024-11-25 14:28:41.874 INFO: Epoch 334: loss=0.6941, RMSE_E=10.3 meV, RMSE_F=26.3 meV / A
2024-11-25 14:28:52.760 INFO: Epoch 336: loss=0.6939, RMSE_E=10.3 meV, RMSE_F=26.3 meV / A
2024-11-25 14:29:03.918 INFO: Epoch 338: loss=0.6937, RMSE_E=10.3 meV, RMSE_F=26.3 meV / A
2024-11-25 14:29:14.962 INFO: Epoch 340: loss=0.6934, RMSE_E=10.3 meV, RMSE_F=26.3 meV / A
2024-11-25 14:29:25.923 INFO: Epoch 342: loss=0.6932, RMSE_E=10.3 meV, RMSE_F=26.3 meV / A
2024-11-25 14:29:37.028 INFO: Epoch 344: loss=0.6930, RMSE_E=10.3 meV, RMSE_F=26.3 meV / A
2024-11-25 14:29:48.336 INFO: Epoch 346: loss=0.6927, RMSE_E=10.2 meV, RMSE_F=26.3 meV / A
2024-11-25 14:29:59.910 INFO: Epoch 348: loss=0.6925, RMSE_E=10.2 meV, RMSE_F=26.3 meV / A
2024-11-25 14:30:11.137 INFO: Epoch 350: loss=0.6924, RMSE_E=10.2 meV, RMSE_F=26.3 meV / A
2024-11-25 14:30:22.521 INFO: Epoch 352: loss=0.6922, RMSE_E=10.2 meV, RMSE_F=26.3 meV / A
2024-11-25 14:30:33.941 INFO: Epoch 354: loss=0.6920, RMSE_E=10.2 meV, RMSE_F=26.3 meV / A
2024-11-25 14:30:45.146 INFO: Epoch 356: loss=0.6919, RMSE_E=10.2 meV, RMSE_F=26.3 meV / A
2024-11-25 14:30:56.143 INFO: Epoch 358: loss=0.6917, RMSE_E=10.2 meV, RMSE_F=26.3 meV / A
2024-11-25 14:31:07.498 INFO: Epoch 360: loss=0.6915, RMSE_E=10.2 meV, RMSE_F=26.3 meV / A
2024-11-25 14:31:18.198 INFO: Epoch 362: loss=0.6914, RMSE_E=10.2 meV, RMSE_F=26.3 meV / A
2024-11-25 14:31:29.543 INFO: Epoch 364: loss=0.6913, RMSE_E=10.2 meV, RMSE_F=26.3 meV / A
2024-11-25 14:31:38.642 INFO: Epoch 366: loss=0.6912, RMSE_E=10.2 meV, RMSE_F=26.3 meV / A
2024-11-25 14:31:47.929 INFO: Epoch 368: loss=0.6910, RMSE_E=10.1 meV, RMSE_F=26.3 meV / A
2024-11-25 14:31:59.134 INFO: Epoch 370: loss=0.6909, RMSE_E=10.1 meV, RMSE_F=26.3 meV / A
2024-11-25 14:32:10.073 INFO: Epoch 372: loss=0.6907, RMSE_E=10.1 meV, RMSE_F=26.3 meV / A
2024-11-25 14:32:21.077 INFO: Epoch 374: loss=0.6905, RMSE_E=10.1 meV, RMSE_F=26.3 meV / A
2024-11-25 14:32:31.646 INFO: Epoch 376: loss=0.6904, RMSE_E=10.1 meV, RMSE_F=26.3 meV / A
2024-11-25 14:32:42.926 INFO: Epoch 378: loss=0.6904, RMSE_E=10.1 meV, RMSE_F=26.3 meV / A
2024-11-25 14:32:54.499 INFO: Epoch 380: loss=0.6902, RMSE_E=10.1 meV, RMSE_F=26.3 meV / A
2024-11-25 14:33:05.427 INFO: Epoch 382: loss=0.6900, RMSE_E=10.1 meV, RMSE_F=26.3 meV / A
2024-11-25 14:33:16.342 INFO: Epoch 384: loss=0.6899, RMSE_E=10.1 meV, RMSE_F=26.3 meV / A
2024-11-25 14:33:27.413 INFO: Epoch 386: loss=0.6898, RMSE_E=10.1 meV, RMSE_F=26.3 meV / A
2024-11-25 14:33:38.380 INFO: Epoch 388: loss=0.6897, RMSE_E=10.1 meV, RMSE_F=26.3 meV / A
2024-11-25 14:33:49.528 INFO: Epoch 390: loss=0.6896, RMSE_E=10.0 meV, RMSE_F=26.3 meV / A
2024-11-25 14:34:00.665 INFO: Epoch 392: loss=0.6895, RMSE_E=10.0 meV, RMSE_F=26.3 meV / A
2024-11-25 14:34:12.020 INFO: Epoch 394: loss=0.6895, RMSE_E=10.0 meV, RMSE_F=26.3 meV / A
2024-11-25 14:34:24.122 INFO: Epoch 396: loss=0.6894, RMSE_E=10.0 meV, RMSE_F=26.3 meV / A
2024-11-25 14:34:36.352 INFO: Epoch 398: loss=0.6893, RMSE_E=10.0 meV, RMSE_F=26.3 meV / A
2024-11-25 14:34:48.402 INFO: Epoch 400: loss=0.6892, RMSE_E=10.0 meV, RMSE_F=26.3 meV / A
2024-11-25 14:35:00.179 INFO: Epoch 402: loss=0.6891, RMSE_E=10.0 meV, RMSE_F=26.2 meV / A
2024-11-25 14:35:11.261 INFO: Epoch 404: loss=0.6890, RMSE_E=10.0 meV, RMSE_F=26.2 meV / A
2024-11-25 14:35:22.145 INFO: Epoch 406: loss=0.6889, RMSE_E=10.0 meV, RMSE_F=26.2 meV / A
2024-11-25 14:35:33.425 INFO: Epoch 408: loss=0.6888, RMSE_E=10.0 meV, RMSE_F=26.2 meV / A
2024-11-25 14:35:44.263 INFO: Epoch 410: loss=0.6887, RMSE_E=10.0 meV, RMSE_F=26.2 meV / A
2024-11-25 14:35:55.251 INFO: Epoch 412: loss=0.6887, RMSE_E=9.9 meV, RMSE_F=26.2 meV / A
2024-11-25 14:36:06.427 INFO: Epoch 414: loss=0.6887, RMSE_E=9.9 meV, RMSE_F=26.2 meV / A
2024-11-25 14:36:15.594 INFO: Epoch 416: loss=0.6885, RMSE_E=9.9 meV, RMSE_F=26.2 meV / A
2024-11-25 14:36:26.816 INFO: Epoch 418: loss=0.6885, RMSE_E=9.9 meV, RMSE_F=26.2 meV / A
2024-11-25 14:36:38.957 INFO: Epoch 420: loss=0.6884, RMSE_E=9.9 meV, RMSE_F=26.2 meV / A
2024-11-25 14:36:51.237 INFO: Epoch 422: loss=0.6883, RMSE_E=9.9 meV, RMSE_F=26.2 meV / A
2024-11-25 14:37:02.948 INFO: Epoch 424: loss=0.6883, RMSE_E=9.9 meV, RMSE_F=26.2 meV / A
2024-11-25 14:37:14.207 INFO: Epoch 426: loss=0.6882, RMSE_E=9.9 meV, RMSE_F=26.2 meV / A
2024-11-25 14:37:25.760 INFO: Epoch 428: loss=0.6882, RMSE_E=9.9 meV, RMSE_F=26.2 meV / A
2024-11-25 14:37:37.390 INFO: Epoch 430: loss=0.6882, RMSE_E=9.9 meV, RMSE_F=26.2 meV / A
2024-11-25 14:37:49.662 INFO: Epoch 432: loss=0.6881, RMSE_E=9.9 meV, RMSE_F=26.2 meV / A
2024-11-25 14:38:01.446 INFO: Epoch 434: loss=0.6881, RMSE_E=9.9 meV, RMSE_F=26.2 meV / A
2024-11-25 14:38:13.737 INFO: Epoch 436: loss=0.6880, RMSE_E=9.9 meV, RMSE_F=26.2 meV / A
2024-11-25 14:38:25.461 INFO: Epoch 438: loss=0.6880, RMSE_E=9.8 meV, RMSE_F=26.2 meV / A
2024-11-25 14:38:36.399 INFO: Epoch 440: loss=0.6880, RMSE_E=9.8 meV, RMSE_F=26.2 meV / A
2024-11-25 14:38:47.751 INFO: Epoch 442: loss=0.6879, RMSE_E=9.8 meV, RMSE_F=26.2 meV / A
2024-11-25 14:38:59.618 INFO: Epoch 444: loss=0.6879, RMSE_E=9.8 meV, RMSE_F=26.2 meV / A
2024-11-25 14:39:10.738 INFO: Epoch 446: loss=0.6878, RMSE_E=9.8 meV, RMSE_F=26.2 meV / A
2024-11-25 14:39:21.794 INFO: Epoch 448: loss=0.6878, RMSE_E=9.8 meV, RMSE_F=26.2 meV / A
2024-11-25 14:39:32.699 INFO: Epoch 450: loss=0.6877, RMSE_E=9.8 meV, RMSE_F=26.2 meV / A
2024-11-25 14:39:43.993 INFO: Epoch 452: loss=0.6877, RMSE_E=9.8 meV, RMSE_F=26.2 meV / A
2024-11-25 14:39:53.302 INFO: Epoch 454: loss=0.6877, RMSE_E=9.8 meV, RMSE_F=26.2 meV / A
2024-11-25 14:40:05.143 INFO: Epoch 456: loss=0.6876, RMSE_E=9.8 meV, RMSE_F=26.2 meV / A
2024-11-25 14:40:17.166 INFO: Epoch 458: loss=0.6876, RMSE_E=9.8 meV, RMSE_F=26.2 meV / A
2024-11-25 14:40:29.261 INFO: Epoch 460: loss=0.6875, RMSE_E=9.8 meV, RMSE_F=26.2 meV / A
2024-11-25 14:40:41.625 INFO: Epoch 462: loss=0.6875, RMSE_E=9.8 meV, RMSE_F=26.2 meV / A
2024-11-25 14:40:53.202 INFO: Epoch 464: loss=0.6875, RMSE_E=9.8 meV, RMSE_F=26.2 meV / A
2024-11-25 14:41:04.508 INFO: Epoch 466: loss=0.6874, RMSE_E=9.8 meV, RMSE_F=26.2 meV / A
2024-11-25 14:41:16.651 INFO: Epoch 468: loss=0.6874, RMSE_E=9.7 meV, RMSE_F=26.2 meV / A
2024-11-25 14:41:28.562 INFO: Epoch 470: loss=0.6873, RMSE_E=9.7 meV, RMSE_F=26.2 meV / A
2024-11-25 14:41:37.984 INFO: Epoch 472: loss=0.6873, RMSE_E=9.7 meV, RMSE_F=26.2 meV / A
2024-11-25 14:41:49.483 INFO: Epoch 474: loss=0.6873, RMSE_E=9.7 meV, RMSE_F=26.2 meV / A
2024-11-25 14:42:00.294 INFO: Epoch 476: loss=0.6872, RMSE_E=9.7 meV, RMSE_F=26.2 meV / A
2024-11-25 14:42:11.633 INFO: Epoch 478: loss=0.6872, RMSE_E=9.7 meV, RMSE_F=26.2 meV / A
2024-11-25 14:42:22.551 INFO: Epoch 480: loss=0.6871, RMSE_E=9.7 meV, RMSE_F=26.2 meV / A
2024-11-25 14:42:33.615 INFO: Epoch 482: loss=0.6871, RMSE_E=9.7 meV, RMSE_F=26.2 meV / A
2024-11-25 14:42:45.001 INFO: Epoch 484: loss=0.6870, RMSE_E=9.7 meV, RMSE_F=26.2 meV / A
2024-11-25 14:42:57.291 INFO: Epoch 486: loss=0.6870, RMSE_E=9.7 meV, RMSE_F=26.2 meV / A
2024-11-25 14:43:09.002 INFO: Epoch 488: loss=0.6870, RMSE_E=9.7 meV, RMSE_F=26.2 meV / A
2024-11-25 14:43:19.914 INFO: Epoch 490: loss=0.6870, RMSE_E=9.7 meV, RMSE_F=26.2 meV / A
2024-11-25 14:43:29.128 INFO: Epoch 492: loss=0.6869, RMSE_E=9.7 meV, RMSE_F=26.2 meV / A
2024-11-25 14:43:41.162 INFO: Epoch 494: loss=0.6869, RMSE_E=9.7 meV, RMSE_F=26.2 meV / A
2024-11-25 14:43:53.170 INFO: Epoch 496: loss=0.6868, RMSE_E=9.7 meV, RMSE_F=26.2 meV / A
2024-11-25 14:44:04.639 INFO: Epoch 498: loss=0.6868, RMSE_E=9.7 meV, RMSE_F=26.2 meV / A
2024-11-25 14:44:07.688 INFO: Training complete
2024-11-25 14:44:07.689 INFO: Computing metrics for training, validation, and test sets
2024-11-25 14:44:07.690 INFO: Loading checkpoint: checkpoints/aspirin_run-123_epoch-498.pt
2024-11-25 14:44:08.180 INFO: Loaded model from epoch 498
2024-11-25 14:44:08.181 INFO: Evaluating train ...
2024-11-25 14:44:08.539 INFO: Evaluating valid ...
2024-11-25 14:44:16.238 INFO: 
+-------------+--------------+------------------+-------------------+
| config_type | RMSE E / meV | RMSE F / meV / A | relative F RMSE % |
+-------------+--------------+------------------+-------------------+
|    train    |     5.1      |       2.9        |        0.23       |
|    valid    |     9.7      |       26.2       |        2.06       |
+-------------+--------------+------------------+-------------------+
2024-11-25 14:44:16.238 INFO: Saving model to checkpoints/aspirin_run-123.model
2024-11-25 14:44:19.054 INFO: Compiling model, saving metadata to aspirin_compiled.model
2024-11-25 14:44:20.360 INFO: Done
