2024-12-04 01:07:06.242 INFO: MACE version: 0.3.5
2024-12-04 01:07:06.243 INFO: Configuration: Namespace(config=None, name='HfO2', seed=123, log_dir='logs', model_dir='.', checkpoints_dir='checkpoints', results_dir='results', downloads_dir='downloads', device='cuda', default_dtype='float64', distributed=False, log_level='INFO', error_table='TotalRMSE', model='ScaleShiftMACE', r_max=6.0, radial_type='bessel', num_radial_basis=10, num_cutoff_basis=5, pair_repulsion=False, distance_transform='None', interaction='RealAgnosticResidualInteractionBlock', interaction_first='RealAgnosticResidualInteractionBlock', max_ell=3, correlation=3, num_interactions=2, MLP_irreps='16x0e', radial_MLP='[64, 64, 64]', hidden_irreps='128x0e + 128x1o', num_channels=128, max_L=2, gate='silu', scaling='rms_forces_scaling', avg_num_neighbors=1, compute_avg_num_neighbors=True, compute_stress=False, compute_forces=True, train_file='./dataset/train.xyz', valid_file='./dataset/valid.xyz', valid_fraction=0.1, test_file=None, test_dir=None, multi_processed_test=False, num_workers=0, pin_memory=True, atomic_numbers=None, mean=None, std=None, statistics_file=None, E0s='average', keep_isolated_atoms=False, energy_key='energy', forces_key='forces', virials_key='virials', stress_key='stress', dipole_key='dipole', charges_key='charges', loss='ef', forces_weight=1000.0, swa_forces_weight=100.0, energy_weight=1.0, swa_energy_weight=1000.0, virials_weight=1.0, swa_virials_weight=10.0, stress_weight=1.0, swa_stress_weight=10.0, dipole_weight=1.0, swa_dipole_weight=1.0, config_type_weights='{"Default":1.0}', huber_delta=0.01, optimizer='adam', beta=0.9, batch_size=5, valid_batch_size=5, lr=0.005, swa_lr=0.001, weight_decay=1e-08, amsgrad=True, scheduler='ReduceLROnPlateau', lr_factor=0.8, scheduler_patience=5, lr_scheduler_gamma=0.9993, swa=False, start_swa=None, ema=True, ema_decay=0.995, max_num_epochs=200, patience=2048, foundation_model='/home/l6eub2ic/whcs-share31/wangchen/mace/MPtrj/2024-01-07-mace-128-L2_epoch-199.model', foundation_model_readout=True, eval_interval=2, keep_checkpoints=False, save_all_checkpoints=False, restart_latest=False, save_cpu=True, clip_grad=100.0, wandb=False, wandb_dir=None, wandb_project='', wandb_entity='', wandb_name='', wandb_log_hypers=['num_channels', 'max_L', 'correlation', 'lr', 'swa_lr', 'weight_decay', 'batch_size', 'max_num_epochs', 'start_swa', 'energy_weight', 'forces_weight'])
2024-12-04 01:07:06.383 INFO: CUDA version: 11.8, CUDA device: 0
2024-12-04 01:07:06.946 INFO: Error accessing Git repository: /home/l6eub2ic/whcs-share31/wangchen/mace/inorganic/HfO2/LoRA
2024-12-04 01:07:11.727 INFO: Using foundation model /home/l6eub2ic/whcs-share31/wangchen/mace/MPtrj/2024-01-07-mace-128-L2_epoch-199.model as initial checkpoint.
2024-12-04 01:07:37.978 INFO: Since ASE version 3.23.0b1, using energy_key 'energy' is no longer safe when communicating between MACE and ASE. We recommend using a different key, rewriting energies to 'REF_energy'. You need to use --energy_key='REF_energy', to tell the key name chosen.
2024-12-04 01:07:42.892 INFO: Since ASE version 3.23.0b1, using forces_key 'forces' is no longer safe when communicating between MACE and ASE. We recommend using a different key, rewriting energies to 'REF_forces'. You need to use --forces_key='REF_forces', to tell the key name chosen.
2024-12-04 01:07:48.026 INFO: Since ASE version 3.23.0b1, using stress_key 'stress' is no longer safe when communicating between MACE and ASE. We recommend using a different key, rewriting energies to 'REF_stress'. You need to use --stress_key='REF_stress', to tell the key name chosen.
2024-12-04 01:07:49.598 INFO: Loaded 27660 training configurations from './dataset/train.xyz'
2024-12-04 01:07:52.660 INFO: Since ASE version 3.23.0b1, using energy_key 'energy' is no longer safe when communicating between MACE and ASE. We recommend using a different key, rewriting energies to 'REF_energy'. You need to use --energy_key='REF_energy', to tell the key name chosen.
2024-12-04 01:07:52.824 INFO: Since ASE version 3.23.0b1, using forces_key 'forces' is no longer safe when communicating between MACE and ASE. We recommend using a different key, rewriting energies to 'REF_forces'. You need to use --forces_key='REF_forces', to tell the key name chosen.
2024-12-04 01:07:52.991 INFO: Since ASE version 3.23.0b1, using stress_key 'stress' is no longer safe when communicating between MACE and ASE. We recommend using a different key, rewriting energies to 'REF_stress'. You need to use --stress_key='REF_stress', to tell the key name chosen.
2024-12-04 01:07:53.036 INFO: Loaded 917 validation configurations from './dataset/valid.xyz'
2024-12-04 01:07:53.037 INFO: Total number of configurations: train=27660, valid=917, tests=[]
2024-12-04 01:07:53.562 INFO: AtomicNumberTable: (8, 72)
2024-12-04 01:07:53.562 INFO: Atomic Energies not in training file, using command line argument E0s
2024-12-04 01:07:53.563 INFO: Computing average Atomic Energies using least squares regression
2024-12-04 01:07:53.724 INFO: Atomic energies: [-11.674562753937806, -5.837281376969189]
2024-12-04 01:11:48.755 INFO: EnergyForcesLoss(energy_weight=1.000, forces_weight=1000.000)
2024-12-04 01:12:16.580 INFO: Average number of neighbors: 77.92574415521813
2024-12-04 01:12:16.584 INFO: Selected the following outputs: {'energy': True, 'forces': True, 'virials': False, 'stress': False, 'dipoles': False}
2024-12-04 01:12:41.250 INFO: Building model
2024-12-04 01:12:48.486 INFO: Number of trainable parameters: 186570
2024-12-04 01:12:48.489 INFO: ScaleShiftMACE(
  (node_embedding): LinearNodeEmbeddingBlock(
    (linear): Linear(2x0e -> 128x0e | 256 weights) | 2080 LoRA_weights)
  )
  (radial_embedding): RadialEmbeddingBlock(
    (bessel_fn): BesselBasis(r_max=6.0, num_basis=10, trainable=True)
    (cutoff_fn): PolynomialCutoff(p=5.0, r_max=6.0)
  )
  (spherical_harmonics): SphericalHarmonics()
  (atomic_energies_fn): AtomicEnergiesBlock(energies=[-11.6746, -5.8373])
  (interactions): ModuleList(
    (0): RealAgnosticResidualInteractionBlock(
      (linear_up): Linear(128x0e -> 128x0e | 16384 weights) | 4096 LoRA_weights)
      (conv_tp): TensorProduct(128x0e x 1x0e+1x1o+1x2e+1x3o -> 128x0e+128x1o+128x2e+128x3o | 512 paths | 512 weights | 0 LoRA_weights)
      (conv_tp_weights): FullyConnectedNet[10, 64, 64, 64, 512]
      (linear): Linear(128x0e+128x1o+128x2e+128x3o -> 128x0e+128x1o+128x2e+128x3o | 65536 weights) | 16384 LoRA_weights)
      (skip_tp): FullyConnectedTensorProduct(128x0e x 2x0e -> 128x0e+128x1o+128x2e | 32768 paths | 32768 weights | 6144 LoRA_weights)
      (reshape): reshape_irreps()
    )
    (1): RealAgnosticResidualInteractionBlock(
      (linear_up): Linear(128x0e+128x1o+128x2e -> 128x0e+128x1o+128x2e | 49152 weights) | 12288 LoRA_weights)
      (conv_tp): TensorProduct(128x0e+128x1o+128x2e x 1x0e+1x1o+1x2e+1x3o -> 384x0e+640x1o+640x2e+512x3o | 2176 paths | 2176 weights | 0 LoRA_weights)
      (conv_tp_weights): FullyConnectedNet[10, 64, 64, 64, 2176]
      (linear): Linear(384x0e+640x1o+640x2e+512x3o -> 128x0e+128x1o+128x2e+128x3o | 278528 weights) | 43008 LoRA_weights)
      (skip_tp): FullyConnectedTensorProduct(128x0e+128x1o+128x2e x 2x0e -> 128x0e | 32768 paths | 32768 weights | 6144 LoRA_weights)
      (reshape): reshape_irreps()
    )
  )
  (products): ModuleList(
    (0): EquivariantProductBasisBlock(
      (symmetric_contractions): SymmetricContraction(
        (contractions): ModuleList(
          (0): Contraction(
            (contractions_weighting): ModuleList(
              (0-1): 2 x GraphModule()
            )
            (contractions_features): ModuleList(
              (0-1): 2 x GraphModule()
            )
            (weights): ParameterList(
                (0): Parameter containing: [torch.float64 of size 2x4x128 (GPU 0)]
                (1): Parameter containing: [torch.float64 of size 2x1x128 (GPU 0)]
            )
            (graph_opt_main): GraphModule()
            (LoRA_weight): ParameterList(
                (0): Parameter containing: [torch.float64 of size 2x23x16 (GPU 0)]
                (1): Parameter containing: [torch.float64 of size 16x128 (GPU 0)]
            )
          )
          (1): Contraction(
            (contractions_weighting): ModuleList(
              (0-1): 2 x GraphModule()
            )
            (contractions_features): ModuleList(
              (0-1): 2 x GraphModule()
            )
            (weights): ParameterList(
                (0): Parameter containing: [torch.float64 of size 2x6x128 (GPU 0)]
                (1): Parameter containing: [torch.float64 of size 2x1x128 (GPU 0)]
            )
            (graph_opt_main): GraphModule()
            (LoRA_weight): ParameterList(
                (0): Parameter containing: [torch.float64 of size 2x51x16 (GPU 0)]
                (1): Parameter containing: [torch.float64 of size 16x128 (GPU 0)]
            )
          )
          (2): Contraction(
            (contractions_weighting): ModuleList(
              (0-1): 2 x GraphModule()
            )
            (contractions_features): ModuleList(
              (0-1): 2 x GraphModule()
            )
            (weights): ParameterList(
                (0): Parameter containing: [torch.float64 of size 2x7x128 (GPU 0)]
                (1): Parameter containing: [torch.float64 of size 2x1x128 (GPU 0)]
            )
            (graph_opt_main): GraphModule()
            (LoRA_weight): ParameterList(
                (0): Parameter containing: [torch.float64 of size 2x65x16 (GPU 0)]
                (1): Parameter containing: [torch.float64 of size 16x128 (GPU 0)]
            )
          )
        )
      )
      (linear): Linear(128x0e+128x1o+128x2e -> 128x0e+128x1o+128x2e | 49152 weights) | 12288 LoRA_weights)
    )
    (1): EquivariantProductBasisBlock(
      (symmetric_contractions): SymmetricContraction(
        (contractions): ModuleList(
          (0): Contraction(
            (contractions_weighting): ModuleList(
              (0-1): 2 x GraphModule()
            )
            (contractions_features): ModuleList(
              (0-1): 2 x GraphModule()
            )
            (weights): ParameterList(
                (0): Parameter containing: [torch.float64 of size 2x4x128 (GPU 0)]
                (1): Parameter containing: [torch.float64 of size 2x1x128 (GPU 0)]
            )
            (graph_opt_main): GraphModule()
            (LoRA_weight): ParameterList(
                (0): Parameter containing: [torch.float64 of size 2x23x16 (GPU 0)]
                (1): Parameter containing: [torch.float64 of size 16x128 (GPU 0)]
            )
          )
        )
      )
      (linear): Linear(128x0e -> 128x0e | 16384 weights) | 4096 LoRA_weights)
    )
  )
  (readouts): ModuleList(
    (0): LinearReadoutBlock(
      (linear): Linear(128x0e+128x1o+128x2e -> 1x0e | 128 weights) | 2064 LoRA_weights)
    )
    (1): NonLinearReadoutBlock(
      (linear_1): Linear(128x0e -> 16x0e | 2048 weights) | 2304 LoRA_weights)
      (non_linearity): Activation [x] (16x0e -> 16x0e)
      (linear_2): Linear(16x0e -> 1x0e | 16 weights) | 272 LoRA_weights)
    )
  )
  (scale_shift): ScaleShiftBlock(scale=0.804154, shift=0.164097)
)
2024-12-04 01:12:48.493 INFO: Number of parameters: 960858
2024-12-04 01:12:48.493 INFO: Optimizer: Adam (
Parameter Group 0
    amsgrad: True
    betas: (0.9, 0.999)
    capturable: False
    differentiable: False
    eps: 1e-08
    foreach: None
    fused: None
    lr: 0.005
    maximize: False
    name: embedding
    weight_decay: 0.0

Parameter Group 1
    amsgrad: True
    betas: (0.9, 0.999)
    capturable: False
    differentiable: False
    eps: 1e-08
    foreach: None
    fused: None
    lr: 0.005
    maximize: False
    name: interactions_decay
    weight_decay: 1e-08

Parameter Group 2
    amsgrad: True
    betas: (0.9, 0.999)
    capturable: False
    differentiable: False
    eps: 1e-08
    foreach: None
    fused: None
    lr: 0.005
    maximize: False
    name: interactions_no_decay
    weight_decay: 0.0

Parameter Group 3
    amsgrad: True
    betas: (0.9, 0.999)
    capturable: False
    differentiable: False
    eps: 1e-08
    foreach: None
    fused: None
    lr: 0.005
    maximize: False
    name: products
    weight_decay: 1e-08

Parameter Group 4
    amsgrad: True
    betas: (0.9, 0.999)
    capturable: False
    differentiable: False
    eps: 1e-08
    foreach: None
    fused: None
    lr: 0.005
    maximize: False
    name: readouts
    weight_decay: 0.0
)
2024-12-04 01:12:48.494 INFO: Using gradient clipping with tolerance=100.000
2024-12-04 01:12:48.494 INFO: Started training
2024-12-04 01:13:32.131 INFO: Epoch None: loss=3775.2536, RMSE_E=61032.6 meV, RMSE_F=223.8 meV / A
2024-12-04 02:07:37.195 INFO: Epoch 0: loss=1.6454, RMSE_E=100.2 meV, RMSE_F=40.4 meV / A
2024-12-04 03:55:06.762 INFO: Epoch 2: loss=1.0042, RMSE_E=57.4 meV, RMSE_F=31.6 meV / A
2024-12-04 05:42:30.604 INFO: Epoch 4: loss=0.8455, RMSE_E=51.9 meV, RMSE_F=29.0 meV / A
2024-12-04 07:30:02.658 INFO: Epoch 6: loss=0.7810, RMSE_E=53.0 meV, RMSE_F=27.9 meV / A
2024-12-04 09:17:33.176 INFO: Epoch 8: loss=0.7412, RMSE_E=61.6 meV, RMSE_F=27.2 meV / A
2024-12-04 11:05:00.383 INFO: Epoch 10: loss=0.6989, RMSE_E=50.0 meV, RMSE_F=26.4 meV / A
2024-12-04 12:52:27.987 INFO: Epoch 12: loss=0.6811, RMSE_E=57.6 meV, RMSE_F=26.0 meV / A
2024-12-04 14:40:00.217 INFO: Epoch 14: loss=0.6530, RMSE_E=54.4 meV, RMSE_F=25.5 meV / A
2024-12-04 16:27:36.429 INFO: Epoch 16: loss=0.6363, RMSE_E=48.7 meV, RMSE_F=25.2 meV / A
2024-12-04 18:15:05.288 INFO: Epoch 18: loss=0.6215, RMSE_E=45.2 meV, RMSE_F=24.9 meV / A
2024-12-04 20:02:37.796 INFO: Epoch 20: loss=0.6117, RMSE_E=46.5 meV, RMSE_F=24.7 meV / A
2024-12-04 21:50:17.974 INFO: Epoch 22: loss=0.6077, RMSE_E=48.4 meV, RMSE_F=24.6 meV / A
2024-12-04 23:38:04.407 INFO: Epoch 24: loss=0.5910, RMSE_E=44.8 meV, RMSE_F=24.3 meV / A
2024-12-05 01:25:43.758 INFO: Epoch 26: loss=0.5831, RMSE_E=43.2 meV, RMSE_F=24.1 meV / A
2024-12-05 03:13:17.043 INFO: Epoch 28: loss=0.5819, RMSE_E=45.3 meV, RMSE_F=24.1 meV / A
2024-12-05 05:00:50.890 INFO: Epoch 30: loss=0.5734, RMSE_E=42.2 meV, RMSE_F=23.9 meV / A
2024-12-05 06:48:21.028 INFO: Epoch 32: loss=0.5652, RMSE_E=43.3 meV, RMSE_F=23.7 meV / A
2024-12-05 08:35:46.863 INFO: Epoch 34: loss=0.5603, RMSE_E=43.2 meV, RMSE_F=23.6 meV / A
2024-12-05 10:23:16.514 INFO: Epoch 36: loss=0.5560, RMSE_E=41.6 meV, RMSE_F=23.5 meV / A
2024-12-05 12:10:47.314 INFO: Epoch 38: loss=0.5561, RMSE_E=47.7 meV, RMSE_F=23.5 meV / A
2024-12-05 13:58:13.571 INFO: Epoch 40: loss=0.5453, RMSE_E=38.1 meV, RMSE_F=23.3 meV / A
2024-12-05 15:45:40.942 INFO: Epoch 42: loss=0.5401, RMSE_E=40.2 meV, RMSE_F=23.2 meV / A
2024-12-05 17:33:12.799 INFO: Epoch 44: loss=0.5395, RMSE_E=44.4 meV, RMSE_F=23.2 meV / A
2024-12-05 19:20:52.063 INFO: Epoch 46: loss=0.5347, RMSE_E=40.6 meV, RMSE_F=23.1 meV / A
2024-12-05 21:08:29.549 INFO: Epoch 48: loss=0.5307, RMSE_E=41.4 meV, RMSE_F=23.0 meV / A
2024-12-05 22:55:57.714 INFO: Epoch 50: loss=0.5319, RMSE_E=39.9 meV, RMSE_F=23.0 meV / A
2024-12-06 00:43:29.839 INFO: Epoch 52: loss=0.5256, RMSE_E=39.9 meV, RMSE_F=22.9 meV / A
2024-12-06 02:31:02.720 INFO: Epoch 54: loss=0.5243, RMSE_E=41.4 meV, RMSE_F=22.9 meV / A
2024-12-06 04:18:27.004 INFO: Epoch 56: loss=0.5209, RMSE_E=38.4 meV, RMSE_F=22.8 meV / A
2024-12-06 06:05:54.743 INFO: Epoch 58: loss=0.5218, RMSE_E=43.0 meV, RMSE_F=22.8 meV / A
2024-12-06 07:53:24.281 INFO: Epoch 60: loss=0.5203, RMSE_E=39.2 meV, RMSE_F=22.8 meV / A
2024-12-06 09:40:55.024 INFO: Epoch 62: loss=0.5156, RMSE_E=38.6 meV, RMSE_F=22.7 meV / A
2024-12-06 11:28:24.551 INFO: Epoch 64: loss=0.5131, RMSE_E=40.4 meV, RMSE_F=22.6 meV / A
2024-12-06 13:16:09.687 INFO: Epoch 66: loss=0.5096, RMSE_E=40.8 meV, RMSE_F=22.5 meV / A
2024-12-06 15:03:47.119 INFO: Epoch 68: loss=0.5096, RMSE_E=43.5 meV, RMSE_F=22.5 meV / A
2024-12-06 16:51:20.808 INFO: Epoch 70: loss=0.5063, RMSE_E=37.6 meV, RMSE_F=22.5 meV / A
2024-12-06 18:38:53.557 INFO: Epoch 72: loss=0.5043, RMSE_E=39.6 meV, RMSE_F=22.4 meV / A
2024-12-06 20:26:28.595 INFO: Epoch 74: loss=0.5028, RMSE_E=39.4 meV, RMSE_F=22.4 meV / A
2024-12-06 22:14:00.119 INFO: Epoch 76: loss=0.5007, RMSE_E=38.4 meV, RMSE_F=22.3 meV / A
2024-12-07 00:01:27.638 INFO: Epoch 78: loss=0.5004, RMSE_E=40.7 meV, RMSE_F=22.3 meV / A
2024-12-07 01:49:01.497 INFO: Epoch 80: loss=0.4979, RMSE_E=37.8 meV, RMSE_F=22.3 meV / A
2024-12-07 03:36:39.131 INFO: Epoch 82: loss=0.5014, RMSE_E=41.1 meV, RMSE_F=22.4 meV / A
2024-12-07 05:25:42.588 INFO: Epoch 84: loss=0.4973, RMSE_E=39.5 meV, RMSE_F=22.3 meV / A
2024-12-07 07:14:59.588 INFO: Epoch 86: loss=0.4952, RMSE_E=38.0 meV, RMSE_F=22.2 meV / A
2024-12-07 09:04:28.056 INFO: Epoch 88: loss=0.4949, RMSE_E=39.3 meV, RMSE_F=22.2 meV / A
2024-12-07 10:53:41.084 INFO: Epoch 90: loss=0.4934, RMSE_E=41.3 meV, RMSE_F=22.2 meV / A
2024-12-07 12:41:22.874 INFO: Epoch 92: loss=0.4932, RMSE_E=36.8 meV, RMSE_F=22.2 meV / A
2024-12-07 14:29:01.231 INFO: Epoch 94: loss=0.4903, RMSE_E=37.0 meV, RMSE_F=22.1 meV / A
2024-12-07 16:16:38.569 INFO: Epoch 96: loss=0.4882, RMSE_E=37.7 meV, RMSE_F=22.1 meV / A
2024-12-07 18:04:13.251 INFO: Epoch 98: loss=0.4847, RMSE_E=36.7 meV, RMSE_F=22.0 meV / A
2024-12-07 19:51:43.790 INFO: Epoch 100: loss=0.4856, RMSE_E=37.6 meV, RMSE_F=22.0 meV / A
2024-12-07 21:39:13.722 INFO: Epoch 102: loss=0.4835, RMSE_E=36.4 meV, RMSE_F=22.0 meV / A
2024-12-07 23:27:05.423 INFO: Epoch 104: loss=0.4868, RMSE_E=39.0 meV, RMSE_F=22.0 meV / A
2024-12-08 01:14:34.994 INFO: Epoch 106: loss=0.4837, RMSE_E=41.2 meV, RMSE_F=22.0 meV / A
2024-12-08 03:02:11.309 INFO: Epoch 108: loss=0.4897, RMSE_E=37.5 meV, RMSE_F=22.1 meV / A
2024-12-08 04:49:48.508 INFO: Epoch 110: loss=0.4749, RMSE_E=34.4 meV, RMSE_F=21.8 meV / A
2024-12-08 06:37:25.429 INFO: Epoch 112: loss=0.4719, RMSE_E=34.5 meV, RMSE_F=21.7 meV / A
2024-12-08 08:25:00.281 INFO: Epoch 114: loss=0.4706, RMSE_E=35.2 meV, RMSE_F=21.7 meV / A
2024-12-08 10:12:36.321 INFO: Epoch 116: loss=0.4695, RMSE_E=35.0 meV, RMSE_F=21.6 meV / A
2024-12-08 12:00:13.986 INFO: Epoch 118: loss=0.4686, RMSE_E=35.2 meV, RMSE_F=21.6 meV / A
2024-12-08 13:47:52.591 INFO: Epoch 120: loss=0.4701, RMSE_E=35.1 meV, RMSE_F=21.7 meV / A
2024-12-08 15:35:28.410 INFO: Epoch 122: loss=0.4702, RMSE_E=35.5 meV, RMSE_F=21.7 meV / A
2024-12-08 17:23:02.217 INFO: Epoch 124: loss=0.4664, RMSE_E=35.5 meV, RMSE_F=21.6 meV / A
2024-12-08 19:10:37.905 INFO: Epoch 126: loss=0.4664, RMSE_E=35.2 meV, RMSE_F=21.6 meV / A
2024-12-08 20:58:23.592 INFO: Epoch 128: loss=0.4641, RMSE_E=35.6 meV, RMSE_F=21.5 meV / A
2024-12-08 22:46:02.363 INFO: Epoch 130: loss=0.4648, RMSE_E=35.1 meV, RMSE_F=21.5 meV / A
2024-12-09 00:33:28.482 INFO: Epoch 132: loss=0.4645, RMSE_E=34.5 meV, RMSE_F=21.5 meV / A
2024-12-09 02:20:57.603 INFO: Epoch 134: loss=0.4622, RMSE_E=34.4 meV, RMSE_F=21.5 meV / A
2024-12-09 04:08:26.932 INFO: Epoch 136: loss=0.4653, RMSE_E=34.6 meV, RMSE_F=21.5 meV / A
2024-12-09 05:55:56.027 INFO: Epoch 138: loss=0.4617, RMSE_E=34.2 meV, RMSE_F=21.5 meV / A
2024-12-09 07:43:28.701 INFO: Epoch 140: loss=0.5376, RMSE_E=86.3 meV, RMSE_F=23.0 meV / A
2024-12-09 09:30:56.851 INFO: Epoch 142: loss=0.4618, RMSE_E=35.6 meV, RMSE_F=21.5 meV / A
2024-12-09 11:18:46.010 INFO: Epoch 144: loss=0.4602, RMSE_E=34.4 meV, RMSE_F=21.4 meV / A
2024-12-09 13:06:44.453 INFO: Epoch 146: loss=0.4579, RMSE_E=34.5 meV, RMSE_F=21.4 meV / A
2024-12-09 14:54:38.642 INFO: Epoch 148: loss=0.4599, RMSE_E=35.7 meV, RMSE_F=21.4 meV / A
2024-12-09 16:42:33.258 INFO: Epoch 150: loss=0.4591, RMSE_E=34.5 meV, RMSE_F=21.4 meV / A
2024-12-09 18:30:31.988 INFO: Epoch 152: loss=0.4566, RMSE_E=34.9 meV, RMSE_F=21.3 meV / A
2024-12-09 20:18:34.915 INFO: Epoch 154: loss=0.4555, RMSE_E=34.8 meV, RMSE_F=21.3 meV / A
2024-12-09 22:06:28.517 INFO: Epoch 156: loss=0.4570, RMSE_E=35.1 meV, RMSE_F=21.4 meV / A
2024-12-09 23:54:17.829 INFO: Epoch 158: loss=0.4545, RMSE_E=34.4 meV, RMSE_F=21.3 meV / A
2024-12-10 01:42:09.768 INFO: Epoch 160: loss=0.4536, RMSE_E=33.8 meV, RMSE_F=21.3 meV / A
2024-12-10 03:30:05.334 INFO: Epoch 162: loss=0.4545, RMSE_E=34.4 meV, RMSE_F=21.3 meV / A
2024-12-10 05:17:58.989 INFO: Epoch 164: loss=0.4524, RMSE_E=33.5 meV, RMSE_F=21.2 meV / A
2024-12-10 07:05:56.467 INFO: Epoch 166: loss=0.4527, RMSE_E=34.4 meV, RMSE_F=21.3 meV / A
2024-12-10 08:53:56.446 INFO: Epoch 168: loss=0.4517, RMSE_E=33.9 meV, RMSE_F=21.2 meV / A
2024-12-10 10:42:02.474 INFO: Epoch 170: loss=0.4527, RMSE_E=33.9 meV, RMSE_F=21.3 meV / A
2024-12-10 12:30:11.655 INFO: Epoch 172: loss=0.4527, RMSE_E=35.2 meV, RMSE_F=21.2 meV / A
2024-12-10 14:18:07.000 INFO: Epoch 174: loss=0.4529, RMSE_E=33.8 meV, RMSE_F=21.3 meV / A
2024-12-10 16:05:55.593 INFO: Epoch 176: loss=0.4479, RMSE_E=32.3 meV, RMSE_F=21.1 meV / A
2024-12-10 17:53:52.396 INFO: Epoch 178: loss=0.4452, RMSE_E=32.9 meV, RMSE_F=21.1 meV / A
2024-12-10 19:41:26.256 INFO: Epoch 180: loss=0.4448, RMSE_E=32.5 meV, RMSE_F=21.1 meV / A
2024-12-10 21:29:05.764 INFO: Epoch 182: loss=0.4439, RMSE_E=32.8 meV, RMSE_F=21.0 meV / A
2024-12-10 23:16:43.873 INFO: Epoch 184: loss=0.4430, RMSE_E=33.0 meV, RMSE_F=21.0 meV / A
2024-12-11 01:04:21.319 INFO: Epoch 186: loss=0.4426, RMSE_E=32.4 meV, RMSE_F=21.0 meV / A
2024-12-11 02:52:09.266 INFO: Epoch 188: loss=0.4435, RMSE_E=34.3 meV, RMSE_F=21.0 meV / A
2024-12-11 04:39:45.493 INFO: Epoch 190: loss=0.4435, RMSE_E=32.7 meV, RMSE_F=21.0 meV / A
2024-12-11 06:27:23.736 INFO: Epoch 192: loss=0.4425, RMSE_E=33.0 meV, RMSE_F=21.0 meV / A
2024-12-11 08:15:05.476 INFO: Epoch 194: loss=0.4418, RMSE_E=32.3 meV, RMSE_F=21.0 meV / A
2024-12-11 10:02:38.103 INFO: Epoch 196: loss=0.4413, RMSE_E=32.6 meV, RMSE_F=21.0 meV / A
2024-12-11 11:50:20.682 INFO: Epoch 198: loss=0.4404, RMSE_E=32.5 meV, RMSE_F=21.0 meV / A
2024-12-11 12:43:49.460 INFO: Training complete
2024-12-11 12:43:49.462 INFO: Computing metrics for training, validation, and test sets
2024-12-11 12:43:49.467 INFO: Loading checkpoint: checkpoints/HfO2_run-123_epoch-198.pt
2024-12-11 12:43:51.649 INFO: Loaded model from epoch 198
2024-12-11 12:43:51.650 INFO: Evaluating train ...
2024-12-11 13:16:23.113 INFO: Evaluating valid ...
2024-12-11 13:16:56.236 INFO: 
+-------------+--------------+------------------+-------------------+
| config_type | RMSE E / meV | RMSE F / meV / A | relative F RMSE % |
+-------------+--------------+------------------+-------------------+
|    train    |     30.3     |       20.3       |        1.03       |
|    valid    |     32.5     |       21.0       |        1.07       |
+-------------+--------------+------------------+-------------------+
2024-12-11 13:16:56.236 INFO: Saving model to checkpoints/HfO2_run-123.model
2024-12-11 13:16:59.187 INFO: Compiling model, saving metadata to HfO2_compiled.model
2024-12-11 13:17:00.856 INFO: Done
