2025-03-28 01:34:30.523 INFO: MACE version: 0.3.5
2025-03-28 01:34:30.524 INFO: Configuration: Namespace(config=None, name='3BPA', seed=2024, log_dir='logs', model_dir='.', checkpoints_dir='checkpoints', results_dir='results', downloads_dir='downloads', device='cuda', default_dtype='float64', distributed=False, log_level='INFO', error_table='TotalRMSE', model='MACE', r_max=5.0, radial_type='bessel', num_radial_basis=8, num_cutoff_basis=5, pair_repulsion=False, distance_transform='None', interaction='RealAgnosticResidualInteractionBlock', interaction_first='RealAgnosticResidualInteractionBlock', max_ell=3, correlation=3, num_interactions=2, MLP_irreps='16x0e', radial_MLP='[64, 64, 64]', hidden_irreps='128x0e + 128x1o', num_channels=128, max_L=1, gate='silu', scaling='rms_forces_scaling', avg_num_neighbors=1, compute_avg_num_neighbors=True, compute_stress=False, compute_forces=True, train_file='./dataset/train_300K.xyz', valid_file=None, valid_fraction=0.1, test_file='./dataset/test_300K.xyz', test_dir=None, multi_processed_test=False, num_workers=0, pin_memory=True, atomic_numbers=None, mean=None, std=None, statistics_file=None, E0s='average', keep_isolated_atoms=False, energy_key='energy', forces_key='forces', virials_key='virials', stress_key='stress', dipole_key='dipole', charges_key='charges', loss='ef', forces_weight=1000.0, swa_forces_weight=100.0, energy_weight=1.0, swa_energy_weight=1000.0, virials_weight=1.0, swa_virials_weight=10.0, stress_weight=1.0, swa_stress_weight=10.0, dipole_weight=1.0, swa_dipole_weight=1.0, config_type_weights='{"Default":1.0}', huber_delta=0.01, optimizer='adam', beta=0.9, batch_size=5, valid_batch_size=5, lr=0.005, swa_lr=0.001, weight_decay=1e-08, amsgrad=True, scheduler='ReduceLROnPlateau', lr_factor=0.8, scheduler_patience=5, lr_scheduler_gamma=0.9993, swa=False, start_swa=None, ema=True, ema_decay=0.995, max_num_epochs=500, patience=2048, foundation_model='/share/home/wangchen/work/mace/MPtrj/MACE-OFF23_medium.model', foundation_model_readout=True, eval_interval=2, keep_checkpoints=False, save_all_checkpoints=False, restart_latest=False, save_cpu=True, clip_grad=100.0, wandb=False, wandb_dir=None, wandb_project='', wandb_entity='', wandb_name='', wandb_log_hypers=['num_channels', 'max_L', 'correlation', 'lr', 'swa_lr', 'weight_decay', 'batch_size', 'max_num_epochs', 'start_swa', 'energy_weight', 'forces_weight'])
2025-03-28 01:34:30.626 INFO: CUDA version: 11.8, CUDA device: 0
2025-03-28 01:34:31.500 INFO: Error accessing Git repository: /share/home/wangchen/work/mace/organic/3BPA/finetune_2024
2025-03-28 01:34:31.950 INFO: Using foundation model /share/home/wangchen/work/mace/MPtrj/MACE-OFF23_medium.model as initial checkpoint.
2025-03-28 01:34:32.638 INFO: Since ASE version 3.23.0b1, using energy_key 'energy' is no longer safe when communicating between MACE and ASE. We recommend using a different key, rewriting energies to 'REF_energy'. You need to use --energy_key='REF_energy', to tell the key name chosen.
2025-03-28 01:34:32.734 INFO: Since ASE version 3.23.0b1, using forces_key 'forces' is no longer safe when communicating between MACE and ASE. We recommend using a different key, rewriting energies to 'REF_forces'. You need to use --forces_key='REF_forces', to tell the key name chosen.
2025-03-28 01:34:32.790 INFO: Since ASE version 3.23.0b1, using stress_key 'stress' is no longer safe when communicating between MACE and ASE. We recommend using a different key, rewriting energies to 'REF_stress'. You need to use --stress_key='REF_stress', to tell the key name chosen.
2025-03-28 01:34:32.798 INFO: Loaded 500 training configurations from './dataset/train_300K.xyz'
2025-03-28 01:34:32.798 INFO: Using random 10.0% of training set for validation
2025-03-28 01:34:33.439 INFO: Since ASE version 3.23.0b1, using energy_key 'energy' is no longer safe when communicating between MACE and ASE. We recommend using a different key, rewriting energies to 'REF_energy'. You need to use --energy_key='REF_energy', to tell the key name chosen.
2025-03-28 01:34:33.622 INFO: Since ASE version 3.23.0b1, using forces_key 'forces' is no longer safe when communicating between MACE and ASE. We recommend using a different key, rewriting energies to 'REF_forces'. You need to use --forces_key='REF_forces', to tell the key name chosen.
2025-03-28 01:34:33.808 INFO: Since ASE version 3.23.0b1, using stress_key 'stress' is no longer safe when communicating between MACE and ASE. We recommend using a different key, rewriting energies to 'REF_stress'. You need to use --stress_key='REF_stress', to tell the key name chosen.
2025-03-28 01:34:33.838 INFO: Loaded 1669 test configurations from './dataset/test_300K.xyz'
2025-03-28 01:34:33.838 INFO: Total number of configurations: train=450, valid=50, tests=[Default: 1669]
2025-03-28 01:34:33.839 INFO: AtomicNumberTable: (1, 6, 7, 8)
2025-03-28 01:34:33.840 INFO: Atomic Energies not in training file, using command line argument E0s
2025-03-28 01:34:33.840 INFO: Computing average Atomic Energies using least squares regression
2025-03-28 01:34:33.860 INFO: Atomic energies: [-723.2941818544216, -723.2941818544216, -120.54903030907032, -60.27451515453516]
2025-03-28 01:34:34.252 INFO: EnergyForcesLoss(energy_weight=1.000, forces_weight=1000.000)
2025-03-28 01:34:34.520 INFO: Average number of neighbors: 16.707489711934155
2025-03-28 01:34:34.520 INFO: Selected the following outputs: {'energy': True, 'forces': True, 'virials': False, 'stress': False, 'dipoles': False}
2025-03-28 01:34:34.842 INFO: Building model
2025-03-28 01:34:36.998 INFO: ScaleShiftMACE(
  (node_embedding): LinearNodeEmbeddingBlock(
    (linear): Linear(4x0e -> 128x0e | 512 weights)
  )
  (radial_embedding): RadialEmbeddingBlock(
    (bessel_fn): BesselBasis(r_max=5.0, num_basis=8, trainable=True)
    (cutoff_fn): PolynomialCutoff(p=5.0, r_max=5.0)
  )
  (spherical_harmonics): SphericalHarmonics()
  (atomic_energies_fn): AtomicEnergiesBlock(energies=[-723.2942, -723.2942, -120.5490, -60.2745])
  (interactions): ModuleList(
    (0): RealAgnosticInteractionBlock(
      (linear_up): Linear(128x0e -> 128x0e | 16384 weights)
      (conv_tp): TensorProduct(128x0e x 1x0e+1x1o+1x2e+1x3o -> 128x0e+128x1o+128x2e+128x3o | 512 paths | 512 weights)
      (conv_tp_weights): FullyConnectedNet[8, 64, 64, 64, 512]
      (linear): Linear(128x0e+128x1o+128x2e+128x3o -> 128x0e+128x1o+128x2e+128x3o | 65536 weights)
      (skip_tp): FullyConnectedTensorProduct(128x0e+128x1o+128x2e+128x3o x 4x0e -> 128x0e+128x1o+128x2e+128x3o | 262144 paths | 262144 weights)
      (reshape): reshape_irreps()
    )
    (1): RealAgnosticResidualInteractionBlock(
      (linear_up): Linear(128x0e+128x1o -> 128x0e+128x1o | 32768 weights)
      (conv_tp): TensorProduct(128x0e+128x1o x 1x0e+1x1o+1x2e+1x3o -> 256x0e+384x1o+384x2e+256x3o | 1280 paths | 1280 weights)
      (conv_tp_weights): FullyConnectedNet[8, 64, 64, 64, 1280]
      (linear): Linear(256x0e+384x1o+384x2e+256x3o -> 128x0e+128x1o+128x2e+128x3o | 163840 weights)
      (skip_tp): FullyConnectedTensorProduct(128x0e+128x1o x 4x0e -> 128x0e | 65536 paths | 65536 weights)
      (reshape): reshape_irreps()
    )
  )
  (products): ModuleList(
    (0): EquivariantProductBasisBlock(
      (symmetric_contractions): SymmetricContraction(
        (contractions): ModuleList(
          (0): Contraction(
            (contractions_weighting): ModuleList(
              (0-1): 2 x GraphModule()
            )
            (contractions_features): ModuleList(
              (0-1): 2 x GraphModule()
            )
            (weights): ParameterList(
                (0): Parameter containing: [torch.float64 of size 4x4x128 (cuda:0)]
                (1): Parameter containing: [torch.float64 of size 4x1x128 (cuda:0)]
            )
            (graph_opt_main): GraphModule()
          )
          (1): Contraction(
            (contractions_weighting): ModuleList(
              (0-1): 2 x GraphModule()
            )
            (contractions_features): ModuleList(
              (0-1): 2 x GraphModule()
            )
            (weights): ParameterList(
                (0): Parameter containing: [torch.float64 of size 4x6x128 (cuda:0)]
                (1): Parameter containing: [torch.float64 of size 4x1x128 (cuda:0)]
            )
            (graph_opt_main): GraphModule()
          )
        )
      )
      (linear): Linear(128x0e+128x1o -> 128x0e+128x1o | 32768 weights)
    )
    (1): EquivariantProductBasisBlock(
      (symmetric_contractions): SymmetricContraction(
        (contractions): ModuleList(
          (0): Contraction(
            (contractions_weighting): ModuleList(
              (0-1): 2 x GraphModule()
            )
            (contractions_features): ModuleList(
              (0-1): 2 x GraphModule()
            )
            (weights): ParameterList(
                (0): Parameter containing: [torch.float64 of size 4x4x128 (cuda:0)]
                (1): Parameter containing: [torch.float64 of size 4x1x128 (cuda:0)]
            )
            (graph_opt_main): GraphModule()
          )
        )
      )
      (linear): Linear(128x0e -> 128x0e | 16384 weights)
    )
  )
  (readouts): ModuleList(
    (0): LinearReadoutBlock(
      (linear): Linear(128x0e+128x1o -> 1x0e | 128 weights)
    )
    (1): NonLinearReadoutBlock(
      (linear_1): Linear(128x0e -> 16x0e | 2048 weights)
      (non_linearity): Activation [x] (16x0e -> 16x0e)
      (linear_2): Linear(16x0e -> 1x0e | 16 weights)
    )
  )
  (scale_shift): ScaleShiftBlock(scale=1.088502, shift=0.000000)
)
2025-03-28 01:34:37.000 INFO: Number of parameters: 848536
2025-03-28 01:34:37.000 INFO: Optimizer: Adam (
Parameter Group 0
    amsgrad: True
    betas: (0.9, 0.999)
    capturable: False
    differentiable: False
    eps: 1e-08
    foreach: None
    fused: None
    lr: 0.005
    maximize: False
    name: embedding
    weight_decay: 0.0

Parameter Group 1
    amsgrad: True
    betas: (0.9, 0.999)
    capturable: False
    differentiable: False
    eps: 1e-08
    foreach: None
    fused: None
    lr: 0.005
    maximize: False
    name: interactions_decay
    weight_decay: 1e-08

Parameter Group 2
    amsgrad: True
    betas: (0.9, 0.999)
    capturable: False
    differentiable: False
    eps: 1e-08
    foreach: None
    fused: None
    lr: 0.005
    maximize: False
    name: interactions_no_decay
    weight_decay: 0.0

Parameter Group 3
    amsgrad: True
    betas: (0.9, 0.999)
    capturable: False
    differentiable: False
    eps: 1e-08
    foreach: None
    fused: None
    lr: 0.005
    maximize: False
    name: products
    weight_decay: 1e-08

Parameter Group 4
    amsgrad: True
    betas: (0.9, 0.999)
    capturable: False
    differentiable: False
    eps: 1e-08
    foreach: None
    fused: None
    lr: 0.005
    maximize: False
    name: readouts
    weight_decay: 0.0
)
2025-03-28 01:34:37.000 INFO: Using gradient clipping with tolerance=100.000
2025-03-28 01:34:37.000 INFO: Started training
2025-03-28 01:34:47.251 INFO: Epoch None: loss=17285.5891, RMSE_E=131416.7 meV, RMSE_F=123.4 meV / A
2025-03-28 01:35:06.471 INFO: Epoch 0: loss=8.7430, RMSE_E=220.0 meV, RMSE_F=93.2 meV / A
2025-03-28 01:35:23.750 INFO: Epoch 2: loss=1.4694, RMSE_E=38.4 meV, RMSE_F=38.3 meV / A
2025-03-28 01:35:41.015 INFO: Epoch 4: loss=0.7842, RMSE_E=26.6 meV, RMSE_F=28.0 meV / A
2025-03-28 01:35:58.329 INFO: Epoch 6: loss=0.5433, RMSE_E=21.2 meV, RMSE_F=23.3 meV / A
2025-03-28 01:36:15.594 INFO: Epoch 8: loss=0.4293, RMSE_E=17.7 meV, RMSE_F=20.7 meV / A
2025-03-28 01:36:32.884 INFO: Epoch 10: loss=0.3677, RMSE_E=17.3 meV, RMSE_F=19.2 meV / A
2025-03-28 01:36:50.103 INFO: Epoch 12: loss=0.3212, RMSE_E=15.3 meV, RMSE_F=17.9 meV / A
2025-03-28 01:37:07.273 INFO: Epoch 14: loss=0.2902, RMSE_E=13.9 meV, RMSE_F=17.0 meV / A
2025-03-28 01:37:24.435 INFO: Epoch 16: loss=0.2661, RMSE_E=13.8 meV, RMSE_F=16.3 meV / A
2025-03-28 01:37:41.630 INFO: Epoch 18: loss=0.2484, RMSE_E=13.5 meV, RMSE_F=15.8 meV / A
2025-03-28 01:37:59.311 INFO: Epoch 20: loss=0.2317, RMSE_E=12.3 meV, RMSE_F=15.2 meV / A
2025-03-28 01:38:16.523 INFO: Epoch 22: loss=0.2183, RMSE_E=12.1 meV, RMSE_F=14.8 meV / A
2025-03-28 01:38:33.673 INFO: Epoch 24: loss=0.2072, RMSE_E=11.4 meV, RMSE_F=14.4 meV / A
2025-03-28 01:38:50.961 INFO: Epoch 26: loss=0.1975, RMSE_E=10.1 meV, RMSE_F=14.1 meV / A
2025-03-28 01:39:08.130 INFO: Epoch 28: loss=0.1879, RMSE_E=8.9 meV, RMSE_F=13.7 meV / A
2025-03-28 01:39:25.407 INFO: Epoch 30: loss=0.1799, RMSE_E=8.6 meV, RMSE_F=13.4 meV / A
2025-03-28 01:39:42.656 INFO: Epoch 32: loss=0.1727, RMSE_E=8.4 meV, RMSE_F=13.1 meV / A
2025-03-28 01:39:59.929 INFO: Epoch 34: loss=0.1674, RMSE_E=7.8 meV, RMSE_F=12.9 meV / A
2025-03-28 01:40:17.141 INFO: Epoch 36: loss=0.1616, RMSE_E=7.5 meV, RMSE_F=12.7 meV / A
2025-03-28 01:40:34.346 INFO: Epoch 38: loss=0.1576, RMSE_E=6.9 meV, RMSE_F=12.6 meV / A
2025-03-28 01:40:51.596 INFO: Epoch 40: loss=0.1526, RMSE_E=6.7 meV, RMSE_F=12.4 meV / A
2025-03-28 01:41:08.846 INFO: Epoch 42: loss=0.1482, RMSE_E=6.3 meV, RMSE_F=12.2 meV / A
2025-03-28 01:41:25.928 INFO: Epoch 44: loss=0.1452, RMSE_E=6.1 meV, RMSE_F=12.0 meV / A
2025-03-28 01:41:43.145 INFO: Epoch 46: loss=0.1419, RMSE_E=6.0 meV, RMSE_F=11.9 meV / A
2025-03-28 01:42:00.296 INFO: Epoch 48: loss=0.1381, RMSE_E=6.0 meV, RMSE_F=11.7 meV / A
2025-03-28 01:42:17.560 INFO: Epoch 50: loss=0.1358, RMSE_E=5.8 meV, RMSE_F=11.7 meV / A
2025-03-28 01:42:34.754 INFO: Epoch 52: loss=0.1336, RMSE_E=5.5 meV, RMSE_F=11.6 meV / A
2025-03-28 01:42:51.945 INFO: Epoch 54: loss=0.1313, RMSE_E=5.5 meV, RMSE_F=11.5 meV / A
2025-03-28 01:43:09.156 INFO: Epoch 56: loss=0.1284, RMSE_E=5.4 meV, RMSE_F=11.3 meV / A
2025-03-28 01:43:26.358 INFO: Epoch 58: loss=0.1264, RMSE_E=5.2 meV, RMSE_F=11.2 meV / A
2025-03-28 01:43:43.579 INFO: Epoch 60: loss=0.1245, RMSE_E=5.1 meV, RMSE_F=11.2 meV / A
2025-03-28 01:44:00.792 INFO: Epoch 62: loss=0.1225, RMSE_E=5.0 meV, RMSE_F=11.1 meV / A
2025-03-28 01:44:17.983 INFO: Epoch 64: loss=0.1206, RMSE_E=5.1 meV, RMSE_F=11.0 meV / A
2025-03-28 01:44:35.278 INFO: Epoch 66: loss=0.1192, RMSE_E=5.2 meV, RMSE_F=10.9 meV / A
2025-03-28 01:44:52.582 INFO: Epoch 68: loss=0.1175, RMSE_E=5.1 meV, RMSE_F=10.8 meV / A
2025-03-28 01:45:09.878 INFO: Epoch 70: loss=0.1161, RMSE_E=5.1 meV, RMSE_F=10.8 meV / A
2025-03-28 01:45:27.195 INFO: Epoch 72: loss=0.1150, RMSE_E=4.9 meV, RMSE_F=10.7 meV / A
2025-03-28 01:45:44.542 INFO: Epoch 74: loss=0.1138, RMSE_E=4.9 meV, RMSE_F=10.7 meV / A
2025-03-28 01:46:01.805 INFO: Epoch 76: loss=0.1125, RMSE_E=4.8 meV, RMSE_F=10.6 meV / A
2025-03-28 01:46:19.052 INFO: Epoch 78: loss=0.1111, RMSE_E=4.7 meV, RMSE_F=10.5 meV / A
2025-03-28 01:46:36.148 INFO: Epoch 80: loss=0.1097, RMSE_E=4.7 meV, RMSE_F=10.5 meV / A
2025-03-28 01:46:53.371 INFO: Epoch 82: loss=0.1085, RMSE_E=4.6 meV, RMSE_F=10.4 meV / A
2025-03-28 01:47:10.633 INFO: Epoch 84: loss=0.1069, RMSE_E=4.6 meV, RMSE_F=10.3 meV / A
2025-03-28 01:47:27.911 INFO: Epoch 86: loss=0.1061, RMSE_E=4.5 meV, RMSE_F=10.3 meV / A
2025-03-28 01:47:45.122 INFO: Epoch 88: loss=0.1052, RMSE_E=4.5 meV, RMSE_F=10.3 meV / A
2025-03-28 01:48:02.405 INFO: Epoch 90: loss=0.1045, RMSE_E=4.6 meV, RMSE_F=10.2 meV / A
2025-03-28 01:48:19.578 INFO: Epoch 92: loss=0.1039, RMSE_E=4.5 meV, RMSE_F=10.2 meV / A
2025-03-28 01:48:36.801 INFO: Epoch 94: loss=0.1026, RMSE_E=4.4 meV, RMSE_F=10.1 meV / A
2025-03-28 01:48:53.963 INFO: Epoch 96: loss=0.1012, RMSE_E=4.4 meV, RMSE_F=10.1 meV / A
2025-03-28 01:49:11.204 INFO: Epoch 98: loss=0.1002, RMSE_E=4.4 meV, RMSE_F=10.0 meV / A
2025-03-28 01:49:28.372 INFO: Epoch 100: loss=0.0999, RMSE_E=4.3 meV, RMSE_F=10.0 meV / A
2025-03-28 01:49:45.586 INFO: Epoch 102: loss=0.0992, RMSE_E=4.3 meV, RMSE_F=10.0 meV / A
2025-03-28 01:50:02.860 INFO: Epoch 104: loss=0.0984, RMSE_E=4.3 meV, RMSE_F=9.9 meV / A
2025-03-28 01:50:20.131 INFO: Epoch 106: loss=0.0977, RMSE_E=4.3 meV, RMSE_F=9.9 meV / A
2025-03-28 01:50:37.400 INFO: Epoch 108: loss=0.0970, RMSE_E=4.3 meV, RMSE_F=9.8 meV / A
2025-03-28 01:50:54.631 INFO: Epoch 110: loss=0.0965, RMSE_E=4.4 meV, RMSE_F=9.8 meV / A
2025-03-28 01:51:11.871 INFO: Epoch 112: loss=0.0953, RMSE_E=4.3 meV, RMSE_F=9.8 meV / A
2025-03-28 01:51:29.091 INFO: Epoch 114: loss=0.0945, RMSE_E=4.3 meV, RMSE_F=9.7 meV / A
2025-03-28 01:51:46.370 INFO: Epoch 116: loss=0.0940, RMSE_E=4.3 meV, RMSE_F=9.7 meV / A
2025-03-28 01:52:03.643 INFO: Epoch 118: loss=0.0936, RMSE_E=4.2 meV, RMSE_F=9.7 meV / A
2025-03-28 01:52:20.937 INFO: Epoch 120: loss=0.0929, RMSE_E=4.1 meV, RMSE_F=9.6 meV / A
2025-03-28 01:52:38.076 INFO: Epoch 122: loss=0.0922, RMSE_E=4.0 meV, RMSE_F=9.6 meV / A
2025-03-28 01:52:55.306 INFO: Epoch 124: loss=0.0921, RMSE_E=4.0 meV, RMSE_F=9.6 meV / A
2025-03-28 01:53:12.460 INFO: Epoch 126: loss=0.0916, RMSE_E=4.1 meV, RMSE_F=9.6 meV / A
2025-03-28 01:53:29.783 INFO: Epoch 128: loss=0.0909, RMSE_E=4.1 meV, RMSE_F=9.5 meV / A
2025-03-28 01:53:46.988 INFO: Epoch 130: loss=0.0900, RMSE_E=4.1 meV, RMSE_F=9.5 meV / A
2025-03-28 01:54:04.189 INFO: Epoch 132: loss=0.0895, RMSE_E=4.0 meV, RMSE_F=9.5 meV / A
2025-03-28 01:54:21.330 INFO: Epoch 134: loss=0.0890, RMSE_E=4.1 meV, RMSE_F=9.4 meV / A
2025-03-28 01:54:38.551 INFO: Epoch 136: loss=0.0884, RMSE_E=4.1 meV, RMSE_F=9.4 meV / A
2025-03-28 01:54:55.778 INFO: Epoch 138: loss=0.0877, RMSE_E=4.0 meV, RMSE_F=9.4 meV / A
2025-03-28 01:55:13.035 INFO: Epoch 140: loss=0.0875, RMSE_E=4.0 meV, RMSE_F=9.4 meV / A
2025-03-28 01:55:30.213 INFO: Epoch 142: loss=0.0871, RMSE_E=3.9 meV, RMSE_F=9.3 meV / A
2025-03-28 01:55:47.435 INFO: Epoch 144: loss=0.0871, RMSE_E=4.0 meV, RMSE_F=9.3 meV / A
2025-03-28 01:56:04.588 INFO: Epoch 146: loss=0.0863, RMSE_E=4.0 meV, RMSE_F=9.3 meV / A
2025-03-28 01:56:21.798 INFO: Epoch 148: loss=0.0858, RMSE_E=3.9 meV, RMSE_F=9.3 meV / A
2025-03-28 01:56:38.977 INFO: Epoch 150: loss=0.0854, RMSE_E=3.9 meV, RMSE_F=9.2 meV / A
2025-03-28 01:56:56.191 INFO: Epoch 152: loss=0.0852, RMSE_E=3.9 meV, RMSE_F=9.2 meV / A
2025-03-28 01:57:13.397 INFO: Epoch 154: loss=0.0847, RMSE_E=3.9 meV, RMSE_F=9.2 meV / A
2025-03-28 01:57:30.629 INFO: Epoch 156: loss=0.0842, RMSE_E=3.9 meV, RMSE_F=9.2 meV / A
2025-03-28 01:57:47.886 INFO: Epoch 158: loss=0.0841, RMSE_E=3.9 meV, RMSE_F=9.2 meV / A
2025-03-28 01:58:05.138 INFO: Epoch 160: loss=0.0836, RMSE_E=3.9 meV, RMSE_F=9.1 meV / A
2025-03-28 01:58:22.358 INFO: Epoch 162: loss=0.0833, RMSE_E=3.9 meV, RMSE_F=9.1 meV / A
2025-03-28 01:58:39.521 INFO: Epoch 164: loss=0.0830, RMSE_E=3.8 meV, RMSE_F=9.1 meV / A
2025-03-28 01:58:56.728 INFO: Epoch 166: loss=0.0827, RMSE_E=3.7 meV, RMSE_F=9.1 meV / A
2025-03-28 01:59:13.913 INFO: Epoch 168: loss=0.0825, RMSE_E=3.7 meV, RMSE_F=9.1 meV / A
2025-03-28 01:59:31.199 INFO: Epoch 170: loss=0.0822, RMSE_E=3.7 meV, RMSE_F=9.1 meV / A
2025-03-28 01:59:48.405 INFO: Epoch 172: loss=0.0818, RMSE_E=3.7 meV, RMSE_F=9.0 meV / A
2025-03-28 02:00:05.636 INFO: Epoch 174: loss=0.0815, RMSE_E=3.8 meV, RMSE_F=9.0 meV / A
2025-03-28 02:00:22.819 INFO: Epoch 176: loss=0.0810, RMSE_E=3.7 meV, RMSE_F=9.0 meV / A
2025-03-28 02:00:40.019 INFO: Epoch 178: loss=0.0808, RMSE_E=3.7 meV, RMSE_F=9.0 meV / A
2025-03-28 02:00:57.187 INFO: Epoch 180: loss=0.0807, RMSE_E=3.7 meV, RMSE_F=9.0 meV / A
2025-03-28 02:01:14.524 INFO: Epoch 182: loss=0.0805, RMSE_E=3.7 meV, RMSE_F=9.0 meV / A
2025-03-28 02:01:31.826 INFO: Epoch 184: loss=0.0801, RMSE_E=3.7 meV, RMSE_F=8.9 meV / A
2025-03-28 02:01:49.170 INFO: Epoch 186: loss=0.0797, RMSE_E=3.7 meV, RMSE_F=8.9 meV / A
2025-03-28 02:02:06.392 INFO: Epoch 188: loss=0.0794, RMSE_E=3.6 meV, RMSE_F=8.9 meV / A
2025-03-28 02:02:23.682 INFO: Epoch 190: loss=0.0790, RMSE_E=3.6 meV, RMSE_F=8.9 meV / A
2025-03-28 02:02:40.974 INFO: Epoch 192: loss=0.0789, RMSE_E=3.7 meV, RMSE_F=8.9 meV / A
2025-03-28 02:02:58.302 INFO: Epoch 194: loss=0.0786, RMSE_E=3.7 meV, RMSE_F=8.9 meV / A
2025-03-28 02:03:15.874 INFO: Epoch 196: loss=0.0781, RMSE_E=3.6 meV, RMSE_F=8.8 meV / A
2025-03-28 02:03:33.186 INFO: Epoch 198: loss=0.0781, RMSE_E=3.6 meV, RMSE_F=8.8 meV / A
2025-03-28 02:03:50.279 INFO: Epoch 200: loss=0.0776, RMSE_E=3.6 meV, RMSE_F=8.8 meV / A
2025-03-28 02:04:07.591 INFO: Epoch 202: loss=0.0775, RMSE_E=3.7 meV, RMSE_F=8.8 meV / A
2025-03-28 02:04:24.834 INFO: Epoch 204: loss=0.0774, RMSE_E=3.6 meV, RMSE_F=8.8 meV / A
2025-03-28 02:04:42.159 INFO: Epoch 206: loss=0.0771, RMSE_E=3.5 meV, RMSE_F=8.8 meV / A
2025-03-28 02:04:59.669 INFO: Epoch 208: loss=0.0768, RMSE_E=3.6 meV, RMSE_F=8.8 meV / A
2025-03-28 02:05:17.336 INFO: Epoch 210: loss=0.0766, RMSE_E=3.6 meV, RMSE_F=8.7 meV / A
2025-03-28 02:05:34.762 INFO: Epoch 212: loss=0.0764, RMSE_E=3.5 meV, RMSE_F=8.7 meV / A
2025-03-28 02:05:52.170 INFO: Epoch 214: loss=0.0762, RMSE_E=3.5 meV, RMSE_F=8.7 meV / A
2025-03-28 02:06:09.623 INFO: Epoch 216: loss=0.0760, RMSE_E=3.5 meV, RMSE_F=8.7 meV / A
2025-03-28 02:06:27.075 INFO: Epoch 218: loss=0.0756, RMSE_E=3.6 meV, RMSE_F=8.7 meV / A
2025-03-28 02:06:44.514 INFO: Epoch 220: loss=0.0755, RMSE_E=3.6 meV, RMSE_F=8.7 meV / A
2025-03-28 02:07:01.849 INFO: Epoch 222: loss=0.0753, RMSE_E=3.6 meV, RMSE_F=8.7 meV / A
2025-03-28 02:07:19.306 INFO: Epoch 224: loss=0.0750, RMSE_E=3.5 meV, RMSE_F=8.7 meV / A
2025-03-28 02:07:36.678 INFO: Epoch 226: loss=0.0751, RMSE_E=3.5 meV, RMSE_F=8.7 meV / A
2025-03-28 02:07:53.963 INFO: Epoch 228: loss=0.0747, RMSE_E=3.5 meV, RMSE_F=8.6 meV / A
2025-03-28 02:08:11.290 INFO: Epoch 230: loss=0.0745, RMSE_E=3.5 meV, RMSE_F=8.6 meV / A
2025-03-28 02:08:28.579 INFO: Epoch 232: loss=0.0743, RMSE_E=3.5 meV, RMSE_F=8.6 meV / A
2025-03-28 02:08:45.902 INFO: Epoch 234: loss=0.0742, RMSE_E=3.5 meV, RMSE_F=8.6 meV / A
2025-03-28 02:09:03.323 INFO: Epoch 236: loss=0.0738, RMSE_E=3.5 meV, RMSE_F=8.6 meV / A
2025-03-28 02:09:20.742 INFO: Epoch 238: loss=0.0734, RMSE_E=3.4 meV, RMSE_F=8.6 meV / A
2025-03-28 02:09:38.191 INFO: Epoch 240: loss=0.0733, RMSE_E=3.4 meV, RMSE_F=8.6 meV / A
2025-03-28 02:09:55.506 INFO: Epoch 242: loss=0.0733, RMSE_E=3.4 meV, RMSE_F=8.6 meV / A
2025-03-28 02:10:12.825 INFO: Epoch 244: loss=0.0732, RMSE_E=3.5 meV, RMSE_F=8.6 meV / A
2025-03-28 02:10:30.063 INFO: Epoch 246: loss=0.0729, RMSE_E=3.4 meV, RMSE_F=8.5 meV / A
2025-03-28 02:10:47.295 INFO: Epoch 248: loss=0.0727, RMSE_E=3.4 meV, RMSE_F=8.5 meV / A
2025-03-28 02:11:04.547 INFO: Epoch 250: loss=0.0726, RMSE_E=3.4 meV, RMSE_F=8.5 meV / A
2025-03-28 02:11:21.878 INFO: Epoch 252: loss=0.0724, RMSE_E=3.4 meV, RMSE_F=8.5 meV / A
2025-03-28 02:11:39.186 INFO: Epoch 254: loss=0.0722, RMSE_E=3.4 meV, RMSE_F=8.5 meV / A
2025-03-28 02:11:56.499 INFO: Epoch 256: loss=0.0721, RMSE_E=3.4 meV, RMSE_F=8.5 meV / A
2025-03-28 02:12:13.801 INFO: Epoch 258: loss=0.0722, RMSE_E=3.4 meV, RMSE_F=8.5 meV / A
2025-03-28 02:12:31.107 INFO: Epoch 260: loss=0.0718, RMSE_E=3.3 meV, RMSE_F=8.5 meV / A
2025-03-28 02:12:48.510 INFO: Epoch 262: loss=0.0715, RMSE_E=3.3 meV, RMSE_F=8.5 meV / A
2025-03-28 02:13:05.943 INFO: Epoch 264: loss=0.0714, RMSE_E=3.3 meV, RMSE_F=8.4 meV / A
2025-03-28 02:13:23.265 INFO: Epoch 266: loss=0.0712, RMSE_E=3.3 meV, RMSE_F=8.4 meV / A
2025-03-28 02:13:40.845 INFO: Epoch 268: loss=0.0711, RMSE_E=3.3 meV, RMSE_F=8.4 meV / A
2025-03-28 02:13:58.234 INFO: Epoch 270: loss=0.0709, RMSE_E=3.3 meV, RMSE_F=8.4 meV / A
2025-03-28 02:14:15.683 INFO: Epoch 272: loss=0.0708, RMSE_E=3.3 meV, RMSE_F=8.4 meV / A
2025-03-28 02:14:33.045 INFO: Epoch 274: loss=0.0708, RMSE_E=3.3 meV, RMSE_F=8.4 meV / A
2025-03-28 02:14:50.362 INFO: Epoch 276: loss=0.0706, RMSE_E=3.3 meV, RMSE_F=8.4 meV / A
2025-03-28 02:15:07.673 INFO: Epoch 278: loss=0.0704, RMSE_E=3.3 meV, RMSE_F=8.4 meV / A
2025-03-28 02:15:25.039 INFO: Epoch 280: loss=0.0704, RMSE_E=3.3 meV, RMSE_F=8.4 meV / A
2025-03-28 02:15:42.319 INFO: Epoch 282: loss=0.0702, RMSE_E=3.4 meV, RMSE_F=8.4 meV / A
2025-03-28 02:15:59.606 INFO: Epoch 284: loss=0.0702, RMSE_E=3.3 meV, RMSE_F=8.4 meV / A
2025-03-28 02:16:16.918 INFO: Epoch 286: loss=0.0701, RMSE_E=3.3 meV, RMSE_F=8.4 meV / A
2025-03-28 02:16:34.206 INFO: Epoch 288: loss=0.0699, RMSE_E=3.3 meV, RMSE_F=8.4 meV / A
2025-03-28 02:16:51.507 INFO: Epoch 290: loss=0.0696, RMSE_E=3.3 meV, RMSE_F=8.3 meV / A
2025-03-28 02:17:08.864 INFO: Epoch 292: loss=0.0694, RMSE_E=3.2 meV, RMSE_F=8.3 meV / A
2025-03-28 02:17:26.287 INFO: Epoch 294: loss=0.0695, RMSE_E=3.2 meV, RMSE_F=8.3 meV / A
2025-03-28 02:17:43.601 INFO: Epoch 296: loss=0.0694, RMSE_E=3.2 meV, RMSE_F=8.3 meV / A
2025-03-28 02:18:00.885 INFO: Epoch 298: loss=0.0692, RMSE_E=3.2 meV, RMSE_F=8.3 meV / A
2025-03-28 02:18:18.331 INFO: Epoch 300: loss=0.0690, RMSE_E=3.3 meV, RMSE_F=8.3 meV / A
2025-03-28 02:18:35.691 INFO: Epoch 302: loss=0.0689, RMSE_E=3.2 meV, RMSE_F=8.3 meV / A
2025-03-28 02:18:53.078 INFO: Epoch 304: loss=0.0688, RMSE_E=3.2 meV, RMSE_F=8.3 meV / A
2025-03-28 02:19:10.425 INFO: Epoch 306: loss=0.0687, RMSE_E=3.2 meV, RMSE_F=8.3 meV / A
2025-03-28 02:19:27.726 INFO: Epoch 308: loss=0.0686, RMSE_E=3.2 meV, RMSE_F=8.3 meV / A
2025-03-28 02:19:45.055 INFO: Epoch 310: loss=0.0685, RMSE_E=3.2 meV, RMSE_F=8.3 meV / A
2025-03-28 02:20:02.363 INFO: Epoch 312: loss=0.0683, RMSE_E=3.2 meV, RMSE_F=8.3 meV / A
2025-03-28 02:20:19.659 INFO: Epoch 314: loss=0.0681, RMSE_E=3.2 meV, RMSE_F=8.3 meV / A
2025-03-28 02:20:36.977 INFO: Epoch 316: loss=0.0680, RMSE_E=3.2 meV, RMSE_F=8.2 meV / A
2025-03-28 02:20:54.266 INFO: Epoch 318: loss=0.0679, RMSE_E=3.1 meV, RMSE_F=8.2 meV / A
2025-03-28 02:21:11.574 INFO: Epoch 320: loss=0.0679, RMSE_E=3.2 meV, RMSE_F=8.2 meV / A
2025-03-28 02:21:28.764 INFO: Epoch 322: loss=0.0679, RMSE_E=3.1 meV, RMSE_F=8.2 meV / A
2025-03-28 02:21:45.942 INFO: Epoch 324: loss=0.0678, RMSE_E=3.1 meV, RMSE_F=8.2 meV / A
2025-03-28 02:22:03.342 INFO: Epoch 326: loss=0.0675, RMSE_E=3.1 meV, RMSE_F=8.2 meV / A
2025-03-28 02:22:20.776 INFO: Epoch 328: loss=0.0673, RMSE_E=3.1 meV, RMSE_F=8.2 meV / A
2025-03-28 02:22:38.228 INFO: Epoch 330: loss=0.0671, RMSE_E=3.1 meV, RMSE_F=8.2 meV / A
2025-03-28 02:22:55.647 INFO: Epoch 332: loss=0.0670, RMSE_E=3.2 meV, RMSE_F=8.2 meV / A
2025-03-28 02:23:12.983 INFO: Epoch 334: loss=0.0669, RMSE_E=3.1 meV, RMSE_F=8.2 meV / A
2025-03-28 02:23:30.351 INFO: Epoch 336: loss=0.0667, RMSE_E=3.1 meV, RMSE_F=8.2 meV / A
2025-03-28 02:23:47.670 INFO: Epoch 338: loss=0.0666, RMSE_E=3.2 meV, RMSE_F=8.2 meV / A
2025-03-28 02:24:05.002 INFO: Epoch 340: loss=0.0666, RMSE_E=3.1 meV, RMSE_F=8.2 meV / A
2025-03-28 02:24:22.338 INFO: Epoch 342: loss=0.0666, RMSE_E=3.1 meV, RMSE_F=8.2 meV / A
2025-03-28 02:24:39.555 INFO: Epoch 344: loss=0.0664, RMSE_E=3.1 meV, RMSE_F=8.2 meV / A
2025-03-28 02:24:56.847 INFO: Epoch 346: loss=0.0663, RMSE_E=3.1 meV, RMSE_F=8.1 meV / A
2025-03-28 02:25:14.119 INFO: Epoch 348: loss=0.0663, RMSE_E=3.1 meV, RMSE_F=8.1 meV / A
2025-03-28 02:25:31.385 INFO: Epoch 350: loss=0.0661, RMSE_E=3.1 meV, RMSE_F=8.1 meV / A
2025-03-28 02:25:48.689 INFO: Epoch 352: loss=0.0659, RMSE_E=3.0 meV, RMSE_F=8.1 meV / A
2025-03-28 02:26:05.996 INFO: Epoch 354: loss=0.0660, RMSE_E=3.0 meV, RMSE_F=8.1 meV / A
2025-03-28 02:26:23.114 INFO: Epoch 356: loss=0.0656, RMSE_E=3.1 meV, RMSE_F=8.1 meV / A
2025-03-28 02:26:40.410 INFO: Epoch 358: loss=0.0656, RMSE_E=3.1 meV, RMSE_F=8.1 meV / A
2025-03-28 02:26:57.631 INFO: Epoch 360: loss=0.0655, RMSE_E=3.0 meV, RMSE_F=8.1 meV / A
2025-03-28 02:27:15.048 INFO: Epoch 362: loss=0.0656, RMSE_E=3.0 meV, RMSE_F=8.1 meV / A
2025-03-28 02:27:32.335 INFO: Epoch 364: loss=0.0655, RMSE_E=3.1 meV, RMSE_F=8.1 meV / A
2025-03-28 02:27:49.737 INFO: Epoch 366: loss=0.0654, RMSE_E=3.1 meV, RMSE_F=8.1 meV / A
2025-03-28 02:28:07.094 INFO: Epoch 368: loss=0.0651, RMSE_E=3.0 meV, RMSE_F=8.1 meV / A
2025-03-28 02:28:24.379 INFO: Epoch 370: loss=0.0651, RMSE_E=3.0 meV, RMSE_F=8.1 meV / A
2025-03-28 02:28:41.758 INFO: Epoch 372: loss=0.0651, RMSE_E=3.0 meV, RMSE_F=8.1 meV / A
2025-03-28 02:28:59.142 INFO: Epoch 374: loss=0.0648, RMSE_E=3.0 meV, RMSE_F=8.1 meV / A
2025-03-28 02:29:16.582 INFO: Epoch 376: loss=0.0650, RMSE_E=3.0 meV, RMSE_F=8.1 meV / A
2025-03-28 02:29:33.870 INFO: Epoch 378: loss=0.0650, RMSE_E=3.0 meV, RMSE_F=8.1 meV / A
2025-03-28 02:29:51.057 INFO: Epoch 380: loss=0.0649, RMSE_E=3.0 meV, RMSE_F=8.1 meV / A
2025-03-28 02:30:08.207 INFO: Epoch 382: loss=0.0647, RMSE_E=3.0 meV, RMSE_F=8.0 meV / A
2025-03-28 02:30:25.554 INFO: Epoch 384: loss=0.0646, RMSE_E=3.0 meV, RMSE_F=8.0 meV / A
2025-03-28 02:30:42.912 INFO: Epoch 386: loss=0.0646, RMSE_E=3.0 meV, RMSE_F=8.0 meV / A
2025-03-28 02:31:00.243 INFO: Epoch 388: loss=0.0645, RMSE_E=3.0 meV, RMSE_F=8.0 meV / A
2025-03-28 02:31:17.632 INFO: Epoch 390: loss=0.0644, RMSE_E=3.0 meV, RMSE_F=8.0 meV / A
2025-03-28 02:31:35.090 INFO: Epoch 392: loss=0.0644, RMSE_E=3.0 meV, RMSE_F=8.0 meV / A
2025-03-28 02:31:52.381 INFO: Epoch 394: loss=0.0643, RMSE_E=3.0 meV, RMSE_F=8.0 meV / A
2025-03-28 02:32:09.783 INFO: Epoch 396: loss=0.0643, RMSE_E=3.0 meV, RMSE_F=8.0 meV / A
2025-03-28 02:32:27.050 INFO: Epoch 398: loss=0.0643, RMSE_E=3.0 meV, RMSE_F=8.0 meV / A
2025-03-28 02:32:44.212 INFO: Epoch 400: loss=0.0642, RMSE_E=3.0 meV, RMSE_F=8.0 meV / A
2025-03-28 02:33:01.471 INFO: Epoch 402: loss=0.0642, RMSE_E=3.0 meV, RMSE_F=8.0 meV / A
2025-03-28 02:33:18.878 INFO: Epoch 404: loss=0.0641, RMSE_E=3.0 meV, RMSE_F=8.0 meV / A
2025-03-28 02:33:36.247 INFO: Epoch 406: loss=0.0640, RMSE_E=2.9 meV, RMSE_F=8.0 meV / A
2025-03-28 02:33:53.523 INFO: Epoch 408: loss=0.0639, RMSE_E=2.9 meV, RMSE_F=8.0 meV / A
2025-03-28 02:34:10.857 INFO: Epoch 410: loss=0.0639, RMSE_E=3.0 meV, RMSE_F=8.0 meV / A
2025-03-28 02:34:28.155 INFO: Epoch 412: loss=0.0638, RMSE_E=2.9 meV, RMSE_F=8.0 meV / A
2025-03-28 02:34:45.462 INFO: Epoch 414: loss=0.0638, RMSE_E=2.9 meV, RMSE_F=8.0 meV / A
2025-03-28 02:35:02.579 INFO: Epoch 416: loss=0.0637, RMSE_E=2.9 meV, RMSE_F=8.0 meV / A
2025-03-28 02:35:19.899 INFO: Epoch 418: loss=0.0637, RMSE_E=2.9 meV, RMSE_F=8.0 meV / A
2025-03-28 02:35:37.091 INFO: Epoch 420: loss=0.0636, RMSE_E=2.9 meV, RMSE_F=8.0 meV / A
2025-03-28 02:35:54.364 INFO: Epoch 422: loss=0.0636, RMSE_E=2.9 meV, RMSE_F=8.0 meV / A
2025-03-28 02:36:11.709 INFO: Epoch 424: loss=0.0634, RMSE_E=2.9 meV, RMSE_F=8.0 meV / A
2025-03-28 02:36:29.114 INFO: Epoch 426: loss=0.0635, RMSE_E=2.9 meV, RMSE_F=8.0 meV / A
2025-03-28 02:36:46.296 INFO: Epoch 428: loss=0.0634, RMSE_E=3.0 meV, RMSE_F=8.0 meV / A
2025-03-28 02:37:03.609 INFO: Epoch 430: loss=0.0633, RMSE_E=2.9 meV, RMSE_F=8.0 meV / A
2025-03-28 02:37:20.878 INFO: Epoch 432: loss=0.0633, RMSE_E=2.9 meV, RMSE_F=8.0 meV / A
2025-03-28 02:37:38.160 INFO: Epoch 434: loss=0.0631, RMSE_E=2.9 meV, RMSE_F=7.9 meV / A
2025-03-28 02:37:55.462 INFO: Epoch 436: loss=0.0630, RMSE_E=2.9 meV, RMSE_F=7.9 meV / A
2025-03-28 02:38:12.941 INFO: Epoch 438: loss=0.0629, RMSE_E=2.9 meV, RMSE_F=7.9 meV / A
2025-03-28 02:38:30.282 INFO: Epoch 440: loss=0.0629, RMSE_E=2.9 meV, RMSE_F=7.9 meV / A
2025-03-28 02:38:47.673 INFO: Epoch 442: loss=0.0630, RMSE_E=3.0 meV, RMSE_F=7.9 meV / A
2025-03-28 02:39:04.968 INFO: Epoch 444: loss=0.0630, RMSE_E=2.9 meV, RMSE_F=7.9 meV / A
2025-03-28 02:39:22.227 INFO: Epoch 446: loss=0.0628, RMSE_E=2.9 meV, RMSE_F=7.9 meV / A
2025-03-28 02:39:39.641 INFO: Epoch 448: loss=0.0627, RMSE_E=2.9 meV, RMSE_F=7.9 meV / A
2025-03-28 02:39:56.995 INFO: Epoch 450: loss=0.0627, RMSE_E=2.9 meV, RMSE_F=7.9 meV / A
2025-03-28 02:40:14.392 INFO: Epoch 452: loss=0.0627, RMSE_E=2.9 meV, RMSE_F=7.9 meV / A
2025-03-28 02:40:31.766 INFO: Epoch 454: loss=0.0628, RMSE_E=2.9 meV, RMSE_F=7.9 meV / A
2025-03-28 02:40:49.173 INFO: Epoch 456: loss=0.0626, RMSE_E=2.9 meV, RMSE_F=7.9 meV / A
2025-03-28 02:41:06.604 INFO: Epoch 458: loss=0.0627, RMSE_E=2.9 meV, RMSE_F=7.9 meV / A
2025-03-28 02:41:23.796 INFO: Epoch 460: loss=0.0627, RMSE_E=2.9 meV, RMSE_F=7.9 meV / A
2025-03-28 02:41:40.962 INFO: Epoch 462: loss=0.0626, RMSE_E=2.9 meV, RMSE_F=7.9 meV / A
2025-03-28 02:41:58.280 INFO: Epoch 464: loss=0.0625, RMSE_E=2.9 meV, RMSE_F=7.9 meV / A
2025-03-28 02:42:15.487 INFO: Epoch 466: loss=0.0623, RMSE_E=2.9 meV, RMSE_F=7.9 meV / A
2025-03-28 02:42:32.797 INFO: Epoch 468: loss=0.0623, RMSE_E=2.9 meV, RMSE_F=7.9 meV / A
2025-03-28 02:42:49.939 INFO: Epoch 470: loss=0.0624, RMSE_E=2.9 meV, RMSE_F=7.9 meV / A
2025-03-28 02:43:07.192 INFO: Epoch 472: loss=0.0623, RMSE_E=2.9 meV, RMSE_F=7.9 meV / A
2025-03-28 02:43:24.405 INFO: Epoch 474: loss=0.0622, RMSE_E=2.9 meV, RMSE_F=7.9 meV / A
2025-03-28 02:43:41.805 INFO: Epoch 476: loss=0.0621, RMSE_E=2.9 meV, RMSE_F=7.9 meV / A
2025-03-28 02:43:59.323 INFO: Epoch 478: loss=0.0621, RMSE_E=2.9 meV, RMSE_F=7.9 meV / A
2025-03-28 02:44:16.774 INFO: Epoch 480: loss=0.0620, RMSE_E=2.9 meV, RMSE_F=7.9 meV / A
2025-03-28 02:44:34.169 INFO: Epoch 482: loss=0.0620, RMSE_E=2.9 meV, RMSE_F=7.9 meV / A
2025-03-28 02:44:51.494 INFO: Epoch 484: loss=0.0619, RMSE_E=2.9 meV, RMSE_F=7.9 meV / A
2025-03-28 02:45:08.824 INFO: Epoch 486: loss=0.0618, RMSE_E=2.9 meV, RMSE_F=7.9 meV / A
2025-03-28 02:45:26.155 INFO: Epoch 488: loss=0.0618, RMSE_E=2.9 meV, RMSE_F=7.9 meV / A
2025-03-28 02:45:43.421 INFO: Epoch 490: loss=0.0618, RMSE_E=2.8 meV, RMSE_F=7.9 meV / A
2025-03-28 02:46:00.786 INFO: Epoch 492: loss=0.0617, RMSE_E=2.8 meV, RMSE_F=7.9 meV / A
2025-03-28 02:46:18.191 INFO: Epoch 494: loss=0.0617, RMSE_E=2.8 meV, RMSE_F=7.9 meV / A
2025-03-28 02:46:35.365 INFO: Epoch 496: loss=0.0617, RMSE_E=2.8 meV, RMSE_F=7.9 meV / A
2025-03-28 02:46:52.458 INFO: Epoch 498: loss=0.0617, RMSE_E=2.8 meV, RMSE_F=7.9 meV / A
2025-03-28 02:47:00.823 INFO: Training complete
2025-03-28 02:47:00.824 INFO: Computing metrics for training, validation, and test sets
2025-03-28 02:47:01.517 INFO: Loading checkpoint: checkpoints/3BPA_run-2024_epoch-492.pt
2025-03-28 02:47:01.573 INFO: Loaded model from epoch 492
2025-03-28 02:47:01.574 INFO: Evaluating train ...
2025-03-28 02:47:06.076 INFO: Evaluating valid ...
2025-03-28 02:47:06.559 INFO: Evaluating Default ...
2025-03-28 02:47:26.111 INFO: 
+-------------+--------------+------------------+-------------------+
| config_type | RMSE E / meV | RMSE F / meV / A | relative F RMSE % |
+-------------+--------------+------------------+-------------------+
|    train    |     2.9      |       4.0        |        0.42       |
|    valid    |     2.8      |       7.9        |        0.85       |
|   Default   |     3.3      |       7.8        |        0.82       |
+-------------+--------------+------------------+-------------------+
2025-03-28 02:47:26.111 INFO: Saving model to checkpoints/3BPA_run-2024.model
2025-03-28 02:47:26.358 INFO: Compiling model, saving metadata to 3BPA_compiled.model
2025-03-28 02:47:27.277 INFO: Done
