2024-12-04 01:06:39.161 INFO: MACE version: 0.3.5
2024-12-04 01:06:39.161 INFO: Configuration: Namespace(config=None, name='Cu', seed=123, log_dir='logs', model_dir='.', checkpoints_dir='checkpoints', results_dir='results', downloads_dir='downloads', device='cuda', default_dtype='float64', distributed=False, log_level='INFO', error_table='TotalRMSE', model='ScaleShiftMACE', r_max=6.0, radial_type='bessel', num_radial_basis=10, num_cutoff_basis=5, pair_repulsion=False, distance_transform='None', interaction='RealAgnosticResidualInteractionBlock', interaction_first='RealAgnosticResidualInteractionBlock', max_ell=3, correlation=3, num_interactions=2, MLP_irreps='16x0e', radial_MLP='[64, 64, 64]', hidden_irreps='128x0e + 128x1o', num_channels=128, max_L=2, gate='silu', scaling='rms_forces_scaling', avg_num_neighbors=1, compute_avg_num_neighbors=True, compute_stress=False, compute_forces=True, train_file='./dataset/train.xyz', valid_file='./dataset/valid.xyz', valid_fraction=0.1, test_file=None, test_dir=None, multi_processed_test=False, num_workers=0, pin_memory=True, atomic_numbers=None, mean=None, std=None, statistics_file=None, E0s='average', keep_isolated_atoms=False, energy_key='energy', forces_key='forces', virials_key='virials', stress_key='stress', dipole_key='dipole', charges_key='charges', loss='ef', forces_weight=1000.0, swa_forces_weight=100.0, energy_weight=1.0, swa_energy_weight=1000.0, virials_weight=1.0, swa_virials_weight=10.0, stress_weight=1.0, swa_stress_weight=10.0, dipole_weight=1.0, swa_dipole_weight=1.0, config_type_weights='{"Default":1.0}', huber_delta=0.01, optimizer='adam', beta=0.9, batch_size=5, valid_batch_size=5, lr=0.005, swa_lr=0.001, weight_decay=1e-08, amsgrad=True, scheduler='ReduceLROnPlateau', lr_factor=0.8, scheduler_patience=5, lr_scheduler_gamma=0.9993, swa=False, start_swa=None, ema=True, ema_decay=0.995, max_num_epochs=200, patience=2048, foundation_model='/home/l6eub2ic/whcs-share31/wangchen/mace/MPtrj/2024-01-07-mace-128-L2_epoch-199.model', foundation_model_readout=True, eval_interval=2, keep_checkpoints=False, save_all_checkpoints=False, restart_latest=False, save_cpu=True, clip_grad=100.0, wandb=False, wandb_dir=None, wandb_project='', wandb_entity='', wandb_name='', wandb_log_hypers=['num_channels', 'max_L', 'correlation', 'lr', 'swa_lr', 'weight_decay', 'batch_size', 'max_num_epochs', 'start_swa', 'energy_weight', 'forces_weight'])
2024-12-04 01:06:39.313 INFO: CUDA version: 11.8, CUDA device: 0
2024-12-04 01:06:40.024 INFO: Error accessing Git repository: /home/l6eub2ic/whcs-share31/wangchen/mace/inorganic/Cu/LoRA
2024-12-04 01:06:42.938 INFO: Using foundation model /home/l6eub2ic/whcs-share31/wangchen/mace/MPtrj/2024-01-07-mace-128-L2_epoch-199.model as initial checkpoint.
2024-12-04 01:06:51.807 INFO: Since ASE version 3.23.0b1, using energy_key 'energy' is no longer safe when communicating between MACE and ASE. We recommend using a different key, rewriting energies to 'REF_energy'. You need to use --energy_key='REF_energy', to tell the key name chosen.
2024-12-04 01:06:54.351 INFO: Since ASE version 3.23.0b1, using forces_key 'forces' is no longer safe when communicating between MACE and ASE. We recommend using a different key, rewriting energies to 'REF_forces'. You need to use --forces_key='REF_forces', to tell the key name chosen.
2024-12-04 01:06:57.039 INFO: Since ASE version 3.23.0b1, using stress_key 'stress' is no longer safe when communicating between MACE and ASE. We recommend using a different key, rewriting energies to 'REF_stress'. You need to use --stress_key='REF_stress', to tell the key name chosen.
2024-12-04 01:06:57.442 INFO: Loaded 14596 training configurations from './dataset/train.xyz'
2024-12-04 01:06:58.222 INFO: Since ASE version 3.23.0b1, using energy_key 'energy' is no longer safe when communicating between MACE and ASE. We recommend using a different key, rewriting energies to 'REF_energy'. You need to use --energy_key='REF_energy', to tell the key name chosen.
2024-12-04 01:06:58.361 INFO: Since ASE version 3.23.0b1, using forces_key 'forces' is no longer safe when communicating between MACE and ASE. We recommend using a different key, rewriting energies to 'REF_forces'. You need to use --forces_key='REF_forces', to tell the key name chosen.
2024-12-04 01:06:58.498 INFO: Since ASE version 3.23.0b1, using stress_key 'stress' is no longer safe when communicating between MACE and ASE. We recommend using a different key, rewriting energies to 'REF_stress'. You need to use --stress_key='REF_stress', to tell the key name chosen.
2024-12-04 01:06:58.520 INFO: Loaded 770 validation configurations from './dataset/valid.xyz'
2024-12-04 01:06:58.520 INFO: Total number of configurations: train=14596, valid=770, tests=[]
2024-12-04 01:06:58.588 INFO: AtomicNumberTable: (29,)
2024-12-04 01:06:58.588 INFO: Atomic Energies not in training file, using command line argument E0s
2024-12-04 01:06:58.588 INFO: Computing average Atomic Energies using least squares regression
2024-12-04 01:06:58.641 INFO: Atomic energies: [-3.241957874607279]
2024-12-04 01:07:16.728 INFO: EnergyForcesLoss(energy_weight=1.000, forces_weight=1000.000)
2024-12-04 01:07:24.691 INFO: Average number of neighbors: 76.3977245492098
2024-12-04 01:07:24.691 INFO: Selected the following outputs: {'energy': True, 'forces': True, 'virials': False, 'stress': False, 'dipoles': False}
2024-12-04 01:07:31.936 INFO: Building model
2024-12-04 01:07:43.649 INFO: Number of trainable parameters: 176666
2024-12-04 01:07:43.652 INFO: ScaleShiftMACE(
  (node_embedding): LinearNodeEmbeddingBlock(
    (linear): Linear(1x0e -> 128x0e | 128 weights) | 2064 LoRA_weights)
  )
  (radial_embedding): RadialEmbeddingBlock(
    (bessel_fn): BesselBasis(r_max=6.0, num_basis=10, trainable=True)
    (cutoff_fn): PolynomialCutoff(p=5.0, r_max=6.0)
  )
  (spherical_harmonics): SphericalHarmonics()
  (atomic_energies_fn): AtomicEnergiesBlock(energies=[-3.2420])
  (interactions): ModuleList(
    (0): RealAgnosticResidualInteractionBlock(
      (linear_up): Linear(128x0e -> 128x0e | 16384 weights) | 4096 LoRA_weights)
      (conv_tp): TensorProduct(128x0e x 1x0e+1x1o+1x2e+1x3o -> 128x0e+128x1o+128x2e+128x3o | 512 paths | 512 weights | 0 LoRA_weights)
      (conv_tp_weights): FullyConnectedNet[10, 64, 64, 64, 512]
      (linear): Linear(128x0e+128x1o+128x2e+128x3o -> 128x0e+128x1o+128x2e+128x3o | 65536 weights) | 16384 LoRA_weights)
      (skip_tp): FullyConnectedTensorProduct(128x0e x 1x0e -> 128x0e+128x1o+128x2e | 16384 paths | 16384 weights | 4096 LoRA_weights)
      (reshape): reshape_irreps()
    )
    (1): RealAgnosticResidualInteractionBlock(
      (linear_up): Linear(128x0e+128x1o+128x2e -> 128x0e+128x1o+128x2e | 49152 weights) | 12288 LoRA_weights)
      (conv_tp): TensorProduct(128x0e+128x1o+128x2e x 1x0e+1x1o+1x2e+1x3o -> 384x0e+640x1o+640x2e+512x3o | 2176 paths | 2176 weights | 0 LoRA_weights)
      (conv_tp_weights): FullyConnectedNet[10, 64, 64, 64, 2176]
      (linear): Linear(384x0e+640x1o+640x2e+512x3o -> 128x0e+128x1o+128x2e+128x3o | 278528 weights) | 43008 LoRA_weights)
      (skip_tp): FullyConnectedTensorProduct(128x0e+128x1o+128x2e x 1x0e -> 128x0e | 16384 paths | 16384 weights | 4096 LoRA_weights)
      (reshape): reshape_irreps()
    )
  )
  (products): ModuleList(
    (0): EquivariantProductBasisBlock(
      (symmetric_contractions): SymmetricContraction(
        (contractions): ModuleList(
          (0): Contraction(
            (contractions_weighting): ModuleList(
              (0-1): 2 x GraphModule()
            )
            (contractions_features): ModuleList(
              (0-1): 2 x GraphModule()
            )
            (weights): ParameterList(
                (0): Parameter containing: [torch.float64 of size 1x4x128 (GPU 0)]
                (1): Parameter containing: [torch.float64 of size 1x1x128 (GPU 0)]
            )
            (graph_opt_main): GraphModule()
            (LoRA_weight): ParameterList(
                (0): Parameter containing: [torch.float64 of size 1x23x16 (GPU 0)]
                (1): Parameter containing: [torch.float64 of size 16x128 (GPU 0)]
            )
          )
          (1): Contraction(
            (contractions_weighting): ModuleList(
              (0-1): 2 x GraphModule()
            )
            (contractions_features): ModuleList(
              (0-1): 2 x GraphModule()
            )
            (weights): ParameterList(
                (0): Parameter containing: [torch.float64 of size 1x6x128 (GPU 0)]
                (1): Parameter containing: [torch.float64 of size 1x1x128 (GPU 0)]
            )
            (graph_opt_main): GraphModule()
            (LoRA_weight): ParameterList(
                (0): Parameter containing: [torch.float64 of size 1x51x16 (GPU 0)]
                (1): Parameter containing: [torch.float64 of size 16x128 (GPU 0)]
            )
          )
          (2): Contraction(
            (contractions_weighting): ModuleList(
              (0-1): 2 x GraphModule()
            )
            (contractions_features): ModuleList(
              (0-1): 2 x GraphModule()
            )
            (weights): ParameterList(
                (0): Parameter containing: [torch.float64 of size 1x7x128 (GPU 0)]
                (1): Parameter containing: [torch.float64 of size 1x1x128 (GPU 0)]
            )
            (graph_opt_main): GraphModule()
            (LoRA_weight): ParameterList(
                (0): Parameter containing: [torch.float64 of size 1x65x16 (GPU 0)]
                (1): Parameter containing: [torch.float64 of size 16x128 (GPU 0)]
            )
          )
        )
      )
      (linear): Linear(128x0e+128x1o+128x2e -> 128x0e+128x1o+128x2e | 49152 weights) | 12288 LoRA_weights)
    )
    (1): EquivariantProductBasisBlock(
      (symmetric_contractions): SymmetricContraction(
        (contractions): ModuleList(
          (0): Contraction(
            (contractions_weighting): ModuleList(
              (0-1): 2 x GraphModule()
            )
            (contractions_features): ModuleList(
              (0-1): 2 x GraphModule()
            )
            (weights): ParameterList(
                (0): Parameter containing: [torch.float64 of size 1x4x128 (GPU 0)]
                (1): Parameter containing: [torch.float64 of size 1x1x128 (GPU 0)]
            )
            (graph_opt_main): GraphModule()
            (LoRA_weight): ParameterList(
                (0): Parameter containing: [torch.float64 of size 1x23x16 (GPU 0)]
                (1): Parameter containing: [torch.float64 of size 16x128 (GPU 0)]
            )
          )
        )
      )
      (linear): Linear(128x0e -> 128x0e | 16384 weights) | 4096 LoRA_weights)
    )
  )
  (readouts): ModuleList(
    (0): LinearReadoutBlock(
      (linear): Linear(128x0e+128x1o+128x2e -> 1x0e | 128 weights) | 2064 LoRA_weights)
    )
    (1): NonLinearReadoutBlock(
      (linear_1): Linear(128x0e -> 16x0e | 2048 weights) | 2304 LoRA_weights)
      (non_linearity): Activation [x] (16x0e -> 16x0e)
      (linear_2): Linear(16x0e -> 1x0e | 16 weights) | 272 LoRA_weights)
    )
  )
  (scale_shift): ScaleShiftBlock(scale=0.804154, shift=0.164097)
)
2024-12-04 01:07:43.656 INFO: Number of parameters: 897322
2024-12-04 01:07:43.656 INFO: Optimizer: Adam (
Parameter Group 0
    amsgrad: True
    betas: (0.9, 0.999)
    capturable: False
    differentiable: False
    eps: 1e-08
    foreach: None
    fused: None
    lr: 0.005
    maximize: False
    name: embedding
    weight_decay: 0.0

Parameter Group 1
    amsgrad: True
    betas: (0.9, 0.999)
    capturable: False
    differentiable: False
    eps: 1e-08
    foreach: None
    fused: None
    lr: 0.005
    maximize: False
    name: interactions_decay
    weight_decay: 1e-08

Parameter Group 2
    amsgrad: True
    betas: (0.9, 0.999)
    capturable: False
    differentiable: False
    eps: 1e-08
    foreach: None
    fused: None
    lr: 0.005
    maximize: False
    name: interactions_no_decay
    weight_decay: 0.0

Parameter Group 3
    amsgrad: True
    betas: (0.9, 0.999)
    capturable: False
    differentiable: False
    eps: 1e-08
    foreach: None
    fused: None
    lr: 0.005
    maximize: False
    name: products
    weight_decay: 1e-08

Parameter Group 4
    amsgrad: True
    betas: (0.9, 0.999)
    capturable: False
    differentiable: False
    eps: 1e-08
    foreach: None
    fused: None
    lr: 0.005
    maximize: False
    name: readouts
    weight_decay: 0.0
)
2024-12-04 01:07:43.656 INFO: Using gradient clipping with tolerance=100.000
2024-12-04 01:07:43.657 INFO: Started training
2024-12-04 01:08:09.616 INFO: Epoch None: loss=102.9763, RMSE_E=7785.1 meV, RMSE_F=190.3 meV / A
2024-12-04 01:16:45.586 INFO: Epoch 0: loss=0.2188, RMSE_E=90.4 meV, RMSE_F=13.6 meV / A
2024-12-04 01:33:09.525 INFO: Epoch 2: loss=0.1083, RMSE_E=47.2 meV, RMSE_F=9.6 meV / A
2024-12-04 01:49:39.358 INFO: Epoch 4: loss=0.0789, RMSE_E=39.2 meV, RMSE_F=8.2 meV / A
2024-12-04 02:06:08.771 INFO: Epoch 6: loss=0.0608, RMSE_E=18.3 meV, RMSE_F=7.3 meV / A
2024-12-04 02:22:43.222 INFO: Epoch 8: loss=0.0577, RMSE_E=20.5 meV, RMSE_F=7.1 meV / A
2024-12-04 02:39:10.790 INFO: Epoch 10: loss=0.0550, RMSE_E=21.8 meV, RMSE_F=6.9 meV / A
2024-12-04 02:55:45.859 INFO: Epoch 12: loss=0.0492, RMSE_E=17.7 meV, RMSE_F=6.5 meV / A
2024-12-04 03:12:17.546 INFO: Epoch 14: loss=0.0470, RMSE_E=20.1 meV, RMSE_F=6.4 meV / A
2024-12-04 03:28:40.949 INFO: Epoch 16: loss=0.0436, RMSE_E=15.9 meV, RMSE_F=6.2 meV / A
2024-12-04 03:45:12.647 INFO: Epoch 18: loss=0.0407, RMSE_E=13.2 meV, RMSE_F=6.0 meV / A
2024-12-04 04:01:42.479 INFO: Epoch 20: loss=0.0403, RMSE_E=13.9 meV, RMSE_F=5.9 meV / A
2024-12-04 04:18:15.576 INFO: Epoch 22: loss=0.0373, RMSE_E=10.8 meV, RMSE_F=5.7 meV / A
2024-12-04 04:34:46.655 INFO: Epoch 24: loss=0.0360, RMSE_E=10.8 meV, RMSE_F=5.6 meV / A
2024-12-04 04:51:15.894 INFO: Epoch 26: loss=0.0338, RMSE_E=12.1 meV, RMSE_F=5.4 meV / A
2024-12-04 05:07:48.827 INFO: Epoch 28: loss=0.0352, RMSE_E=10.9 meV, RMSE_F=5.6 meV / A
2024-12-04 05:24:15.141 INFO: Epoch 30: loss=0.0350, RMSE_E=12.4 meV, RMSE_F=5.5 meV / A
2024-12-04 05:40:49.146 INFO: Epoch 32: loss=0.0354, RMSE_E=16.3 meV, RMSE_F=5.6 meV / A
2024-12-04 05:57:21.130 INFO: Epoch 34: loss=0.0307, RMSE_E=9.5 meV, RMSE_F=5.2 meV / A
2024-12-04 06:13:49.027 INFO: Epoch 36: loss=0.0297, RMSE_E=9.2 meV, RMSE_F=5.1 meV / A
2024-12-04 06:30:19.155 INFO: Epoch 38: loss=0.0293, RMSE_E=9.9 meV, RMSE_F=5.1 meV / A
2024-12-04 06:46:54.396 INFO: Epoch 40: loss=0.0289, RMSE_E=9.3 meV, RMSE_F=5.0 meV / A
2024-12-04 07:03:27.805 INFO: Epoch 42: loss=0.0284, RMSE_E=9.4 meV, RMSE_F=5.0 meV / A
2024-12-04 07:20:04.241 INFO: Epoch 44: loss=0.0278, RMSE_E=8.5 meV, RMSE_F=4.9 meV / A
2024-12-04 07:36:39.790 INFO: Epoch 46: loss=0.0277, RMSE_E=8.8 meV, RMSE_F=4.9 meV / A
2024-12-04 07:53:12.748 INFO: Epoch 48: loss=0.0273, RMSE_E=8.3 meV, RMSE_F=4.9 meV / A
2024-12-04 08:09:47.863 INFO: Epoch 50: loss=0.0270, RMSE_E=9.0 meV, RMSE_F=4.9 meV / A
2024-12-04 08:26:21.766 INFO: Epoch 52: loss=0.0271, RMSE_E=9.4 meV, RMSE_F=4.9 meV / A
2024-12-04 08:42:56.097 INFO: Epoch 54: loss=0.0266, RMSE_E=9.0 meV, RMSE_F=4.8 meV / A
2024-12-04 08:59:31.877 INFO: Epoch 56: loss=0.0262, RMSE_E=8.3 meV, RMSE_F=4.8 meV / A
2024-12-04 09:16:05.715 INFO: Epoch 58: loss=0.0273, RMSE_E=9.6 meV, RMSE_F=4.9 meV / A
2024-12-04 09:32:37.740 INFO: Epoch 60: loss=0.0264, RMSE_E=8.6 meV, RMSE_F=4.8 meV / A
2024-12-04 09:49:15.547 INFO: Epoch 62: loss=0.0260, RMSE_E=8.9 meV, RMSE_F=4.8 meV / A
2024-12-04 10:05:50.387 INFO: Epoch 64: loss=0.0255, RMSE_E=8.4 meV, RMSE_F=4.7 meV / A
2024-12-04 10:22:18.149 INFO: Epoch 66: loss=0.0253, RMSE_E=8.4 meV, RMSE_F=4.7 meV / A
2024-12-04 10:38:58.902 INFO: Epoch 68: loss=0.0253, RMSE_E=7.9 meV, RMSE_F=4.7 meV / A
2024-12-04 10:55:38.859 INFO: Epoch 70: loss=0.0258, RMSE_E=8.5 meV, RMSE_F=4.8 meV / A
2024-12-04 11:12:05.032 INFO: Epoch 72: loss=0.0251, RMSE_E=7.9 meV, RMSE_F=4.7 meV / A
2024-12-04 11:28:38.442 INFO: Epoch 74: loss=0.0267, RMSE_E=9.1 meV, RMSE_F=4.8 meV / A
2024-12-04 11:45:15.214 INFO: Epoch 76: loss=0.0249, RMSE_E=8.1 meV, RMSE_F=4.7 meV / A
2024-12-04 12:01:48.555 INFO: Epoch 78: loss=0.0247, RMSE_E=8.1 meV, RMSE_F=4.7 meV / A
2024-12-04 12:18:27.431 INFO: Epoch 80: loss=0.0246, RMSE_E=7.8 meV, RMSE_F=4.7 meV / A
2024-12-04 12:35:04.025 INFO: Epoch 82: loss=0.0246, RMSE_E=7.9 meV, RMSE_F=4.7 meV / A
2024-12-04 12:51:28.276 INFO: Epoch 84: loss=0.0245, RMSE_E=7.8 meV, RMSE_F=4.6 meV / A
2024-12-04 13:08:05.084 INFO: Epoch 86: loss=0.0244, RMSE_E=7.9 meV, RMSE_F=4.6 meV / A
2024-12-04 13:24:41.161 INFO: Epoch 88: loss=0.0249, RMSE_E=7.9 meV, RMSE_F=4.7 meV / A
2024-12-04 13:41:17.221 INFO: Epoch 90: loss=0.0245, RMSE_E=7.8 meV, RMSE_F=4.6 meV / A
2024-12-04 13:57:51.818 INFO: Epoch 92: loss=0.0242, RMSE_E=7.8 meV, RMSE_F=4.6 meV / A
2024-12-04 14:14:30.248 INFO: Epoch 94: loss=0.0241, RMSE_E=7.6 meV, RMSE_F=4.6 meV / A
2024-12-04 14:31:04.935 INFO: Epoch 96: loss=0.0242, RMSE_E=7.8 meV, RMSE_F=4.6 meV / A
2024-12-04 14:47:38.350 INFO: Epoch 98: loss=0.0248, RMSE_E=8.2 meV, RMSE_F=4.7 meV / A
2024-12-04 15:04:12.232 INFO: Epoch 100: loss=0.0239, RMSE_E=7.6 meV, RMSE_F=4.6 meV / A
2024-12-04 15:20:47.946 INFO: Epoch 102: loss=0.0239, RMSE_E=7.6 meV, RMSE_F=4.6 meV / A
2024-12-04 15:37:18.657 INFO: Epoch 104: loss=0.0237, RMSE_E=7.4 meV, RMSE_F=4.6 meV / A
2024-12-04 15:53:51.438 INFO: Epoch 106: loss=0.0237, RMSE_E=7.9 meV, RMSE_F=4.6 meV / A
2024-12-04 16:10:23.253 INFO: Epoch 108: loss=0.0244, RMSE_E=7.9 meV, RMSE_F=4.6 meV / A
2024-12-04 16:27:06.113 INFO: Epoch 110: loss=0.0239, RMSE_E=7.5 meV, RMSE_F=4.6 meV / A
2024-12-04 16:43:40.083 INFO: Epoch 112: loss=0.0233, RMSE_E=7.5 meV, RMSE_F=4.5 meV / A
2024-12-04 17:00:18.026 INFO: Epoch 114: loss=0.0236, RMSE_E=7.7 meV, RMSE_F=4.6 meV / A
2024-12-04 17:16:49.433 INFO: Epoch 116: loss=0.0233, RMSE_E=7.3 meV, RMSE_F=4.5 meV / A
2024-12-04 17:33:28.930 INFO: Epoch 118: loss=0.0231, RMSE_E=7.7 meV, RMSE_F=4.5 meV / A
2024-12-04 17:50:05.960 INFO: Epoch 120: loss=0.0231, RMSE_E=7.4 meV, RMSE_F=4.5 meV / A
2024-12-04 18:06:35.570 INFO: Epoch 122: loss=0.0230, RMSE_E=7.5 meV, RMSE_F=4.5 meV / A
2024-12-04 18:23:12.434 INFO: Epoch 124: loss=0.0230, RMSE_E=7.3 meV, RMSE_F=4.5 meV / A
2024-12-04 18:39:47.520 INFO: Epoch 126: loss=0.0230, RMSE_E=7.5 meV, RMSE_F=4.5 meV / A
2024-12-04 18:56:22.867 INFO: Epoch 128: loss=0.0230, RMSE_E=7.3 meV, RMSE_F=4.5 meV / A
2024-12-04 19:12:56.631 INFO: Epoch 130: loss=0.0228, RMSE_E=7.2 meV, RMSE_F=4.5 meV / A
2024-12-04 19:29:34.829 INFO: Epoch 132: loss=0.0230, RMSE_E=7.3 meV, RMSE_F=4.5 meV / A
2024-12-04 19:46:05.021 INFO: Epoch 134: loss=0.0229, RMSE_E=7.1 meV, RMSE_F=4.5 meV / A
2024-12-04 20:02:39.646 INFO: Epoch 136: loss=0.0228, RMSE_E=7.5 meV, RMSE_F=4.5 meV / A
2024-12-04 20:19:12.775 INFO: Epoch 138: loss=0.0230, RMSE_E=7.3 meV, RMSE_F=4.5 meV / A
2024-12-04 20:35:46.753 INFO: Epoch 140: loss=0.0228, RMSE_E=7.2 meV, RMSE_F=4.5 meV / A
2024-12-04 20:52:22.065 INFO: Epoch 142: loss=0.0227, RMSE_E=7.2 meV, RMSE_F=4.5 meV / A
2024-12-04 21:08:58.364 INFO: Epoch 144: loss=0.0229, RMSE_E=7.1 meV, RMSE_F=4.5 meV / A
2024-12-04 21:25:34.627 INFO: Epoch 146: loss=0.0230, RMSE_E=6.9 meV, RMSE_F=4.5 meV / A
2024-12-04 21:42:01.201 INFO: Epoch 148: loss=0.0226, RMSE_E=7.0 meV, RMSE_F=4.5 meV / A
2024-12-04 21:58:39.207 INFO: Epoch 150: loss=0.0226, RMSE_E=7.3 meV, RMSE_F=4.5 meV / A
2024-12-04 22:15:18.862 INFO: Epoch 152: loss=0.0227, RMSE_E=7.0 meV, RMSE_F=4.5 meV / A
2024-12-04 22:31:58.857 INFO: Epoch 154: loss=0.0228, RMSE_E=7.1 meV, RMSE_F=4.5 meV / A
2024-12-04 22:48:26.163 INFO: Epoch 156: loss=0.0227, RMSE_E=7.2 meV, RMSE_F=4.5 meV / A
2024-12-04 23:05:14.705 INFO: Epoch 158: loss=0.0225, RMSE_E=6.9 meV, RMSE_F=4.4 meV / A
2024-12-04 23:22:04.608 INFO: Epoch 160: loss=0.0225, RMSE_E=6.8 meV, RMSE_F=4.4 meV / A
2024-12-04 23:38:42.616 INFO: Epoch 162: loss=0.0226, RMSE_E=6.9 meV, RMSE_F=4.5 meV / A
2024-12-04 23:55:21.650 INFO: Epoch 164: loss=0.0226, RMSE_E=6.9 meV, RMSE_F=4.5 meV / A
2024-12-05 00:12:03.196 INFO: Epoch 166: loss=0.0225, RMSE_E=6.8 meV, RMSE_F=4.4 meV / A
2024-12-05 00:28:50.714 INFO: Epoch 168: loss=0.0227, RMSE_E=7.0 meV, RMSE_F=4.5 meV / A
2024-12-05 00:45:32.497 INFO: Epoch 170: loss=0.0226, RMSE_E=7.0 meV, RMSE_F=4.5 meV / A
2024-12-05 01:02:15.100 INFO: Epoch 172: loss=0.0225, RMSE_E=6.7 meV, RMSE_F=4.4 meV / A
2024-12-05 01:18:56.121 INFO: Epoch 174: loss=0.0226, RMSE_E=6.7 meV, RMSE_F=4.5 meV / A
2024-12-05 01:35:33.436 INFO: Epoch 176: loss=0.0225, RMSE_E=6.8 meV, RMSE_F=4.4 meV / A
2024-12-05 01:52:08.864 INFO: Epoch 178: loss=0.0224, RMSE_E=6.9 meV, RMSE_F=4.4 meV / A
2024-12-05 02:08:52.519 INFO: Epoch 180: loss=0.0225, RMSE_E=6.8 meV, RMSE_F=4.4 meV / A
2024-12-05 02:25:44.489 INFO: Epoch 182: loss=0.0225, RMSE_E=6.8 meV, RMSE_F=4.4 meV / A
2024-12-05 02:42:21.136 INFO: Epoch 184: loss=0.0224, RMSE_E=6.8 meV, RMSE_F=4.4 meV / A
2024-12-05 02:58:40.521 INFO: Epoch 186: loss=0.0224, RMSE_E=6.9 meV, RMSE_F=4.4 meV / A
2024-12-05 03:15:16.375 INFO: Epoch 188: loss=0.0225, RMSE_E=6.8 meV, RMSE_F=4.4 meV / A
2024-12-05 03:31:53.379 INFO: Epoch 190: loss=0.0225, RMSE_E=6.8 meV, RMSE_F=4.4 meV / A
2024-12-05 03:48:34.077 INFO: Epoch 192: loss=0.0225, RMSE_E=6.8 meV, RMSE_F=4.4 meV / A
2024-12-05 04:05:19.681 INFO: Epoch 194: loss=0.0225, RMSE_E=6.8 meV, RMSE_F=4.4 meV / A
2024-12-05 04:22:00.429 INFO: Epoch 196: loss=0.0225, RMSE_E=6.7 meV, RMSE_F=4.4 meV / A
2024-12-05 04:38:34.892 INFO: Epoch 198: loss=0.0225, RMSE_E=6.8 meV, RMSE_F=4.4 meV / A
2024-12-05 04:46:51.427 INFO: Training complete
2024-12-05 04:46:51.428 INFO: Computing metrics for training, validation, and test sets
2024-12-05 04:46:51.430 INFO: Loading checkpoint: checkpoints/Cu_run-123_epoch-186.pt
2024-12-05 04:46:52.459 INFO: Loaded model from epoch 186
2024-12-05 04:46:52.460 INFO: Evaluating train ...
2024-12-05 04:54:47.050 INFO: Evaluating valid ...
2024-12-05 04:54:58.804 INFO: 
+-------------+--------------+------------------+-------------------+
| config_type | RMSE E / meV | RMSE F / meV / A | relative F RMSE % |
+-------------+--------------+------------------+-------------------+
|    train    |     6.8      |       3.4        |        0.43       |
|    valid    |     6.9      |       4.4        |        0.58       |
+-------------+--------------+------------------+-------------------+
2024-12-05 04:54:58.805 INFO: Saving model to checkpoints/Cu_run-123.model
2024-12-05 04:55:01.803 INFO: Compiling model, saving metadata to Cu_compiled.model
2024-12-05 04:55:02.508 INFO: Done
