2025-03-28 02:49:58.229 INFO: MACE version: 0.3.5
2025-03-28 02:49:58.230 INFO: Configuration: Namespace(config=None, name='AcAc', seed=123, log_dir='logs', model_dir='.', checkpoints_dir='checkpoints', results_dir='results', downloads_dir='downloads', device='cuda', default_dtype='float64', distributed=False, log_level='INFO', error_table='TotalRMSE', model='MACE', r_max=5.0, radial_type='bessel', num_radial_basis=8, num_cutoff_basis=5, pair_repulsion=False, distance_transform='None', interaction='RealAgnosticResidualInteractionBlock', interaction_first='RealAgnosticResidualInteractionBlock', max_ell=3, correlation=3, num_interactions=2, MLP_irreps='16x0e', radial_MLP='[64, 64, 64]', hidden_irreps='128x0e + 128x1o', num_channels=128, max_L=1, gate='silu', scaling='rms_forces_scaling', avg_num_neighbors=1, compute_avg_num_neighbors=True, compute_stress=False, compute_forces=True, train_file='./dataset/train_300K.xyz', valid_file=None, valid_fraction=0.1, test_file='./dataset/test_MD_300K.xyz', test_dir=None, multi_processed_test=False, num_workers=0, pin_memory=True, atomic_numbers=None, mean=None, std=None, statistics_file=None, E0s='average', keep_isolated_atoms=False, energy_key='energy', forces_key='forces', virials_key='virials', stress_key='stress', dipole_key='dipole', charges_key='charges', loss='ef', forces_weight=1000.0, swa_forces_weight=100.0, energy_weight=1.0, swa_energy_weight=1000.0, virials_weight=1.0, swa_virials_weight=10.0, stress_weight=1.0, swa_stress_weight=10.0, dipole_weight=1.0, swa_dipole_weight=1.0, config_type_weights='{"Default":1.0}', huber_delta=0.01, optimizer='adam', beta=0.9, batch_size=5, valid_batch_size=5, lr=0.005, swa_lr=0.001, weight_decay=1e-08, amsgrad=True, scheduler='ReduceLROnPlateau', lr_factor=0.8, scheduler_patience=5, lr_scheduler_gamma=0.9993, swa=False, start_swa=None, ema=True, ema_decay=0.995, max_num_epochs=500, patience=2048, foundation_model='/share/home/wangchen/work/mace/MPtrj/MACE-OFF23_medium.model', foundation_model_readout=True, eval_interval=2, keep_checkpoints=False, save_all_checkpoints=False, restart_latest=False, save_cpu=True, clip_grad=100.0, wandb=False, wandb_dir=None, wandb_project='', wandb_entity='', wandb_name='', wandb_log_hypers=['num_channels', 'max_L', 'correlation', 'lr', 'swa_lr', 'weight_decay', 'batch_size', 'max_num_epochs', 'start_swa', 'energy_weight', 'forces_weight'])
2025-03-28 02:49:58.340 INFO: CUDA version: 11.8, CUDA device: 0
2025-03-28 02:49:58.827 INFO: Error accessing Git repository: /share/home/wangchen/work/mace/organic/AcAc/LoRA_123
2025-03-28 02:49:59.247 INFO: Using foundation model /share/home/wangchen/work/mace/MPtrj/MACE-OFF23_medium.model as initial checkpoint.
2025-03-28 02:49:59.424 INFO: Since ASE version 3.23.0b1, using energy_key 'energy' is no longer safe when communicating between MACE and ASE. We recommend using a different key, rewriting energies to 'REF_energy'. You need to use --energy_key='REF_energy', to tell the key name chosen.
2025-03-28 02:49:59.479 INFO: Since ASE version 3.23.0b1, using forces_key 'forces' is no longer safe when communicating between MACE and ASE. We recommend using a different key, rewriting energies to 'REF_forces'. You need to use --forces_key='REF_forces', to tell the key name chosen.
2025-03-28 02:49:59.535 INFO: Since ASE version 3.23.0b1, using stress_key 'stress' is no longer safe when communicating between MACE and ASE. We recommend using a different key, rewriting energies to 'REF_stress'. You need to use --stress_key='REF_stress', to tell the key name chosen.
2025-03-28 02:49:59.542 INFO: Loaded 500 training configurations from './dataset/train_300K.xyz'
2025-03-28 02:49:59.542 INFO: Using random 10.0% of training set for validation
2025-03-28 02:49:59.703 INFO: Since ASE version 3.23.0b1, using energy_key 'energy' is no longer safe when communicating between MACE and ASE. We recommend using a different key, rewriting energies to 'REF_energy'. You need to use --energy_key='REF_energy', to tell the key name chosen.
2025-03-28 02:49:59.774 INFO: Since ASE version 3.23.0b1, using forces_key 'forces' is no longer safe when communicating between MACE and ASE. We recommend using a different key, rewriting energies to 'REF_forces'. You need to use --forces_key='REF_forces', to tell the key name chosen.
2025-03-28 02:49:59.845 INFO: Since ASE version 3.23.0b1, using stress_key 'stress' is no longer safe when communicating between MACE and ASE. We recommend using a different key, rewriting energies to 'REF_stress'. You need to use --stress_key='REF_stress', to tell the key name chosen.
2025-03-28 02:49:59.855 INFO: Loaded 650 test configurations from './dataset/test_MD_300K.xyz'
2025-03-28 02:49:59.856 INFO: Total number of configurations: train=450, valid=50, tests=[300K_MD: 650]
2025-03-28 02:49:59.857 INFO: AtomicNumberTable: (1, 6, 8)
2025-03-28 02:49:59.857 INFO: Atomic Energies not in training file, using command line argument E0s
2025-03-28 02:49:59.857 INFO: Computing average Atomic Energies using least squares regression
2025-03-28 02:49:59.960 INFO: Atomic energies: [-807.8611229405524, -504.9132018378424, -201.9652807351382]
2025-03-28 02:50:00.154 INFO: EnergyForcesLoss(energy_weight=1.000, forces_weight=1000.000)
2025-03-28 02:50:00.269 INFO: Average number of neighbors: 12.133333333333333
2025-03-28 02:50:00.269 INFO: Selected the following outputs: {'energy': True, 'forces': True, 'virials': False, 'stress': False, 'dipoles': False}
2025-03-28 02:50:00.393 INFO: Building model
2025-03-28 02:50:01.876 INFO: Number of trainable parameters: 175880
2025-03-28 02:50:01.879 INFO: ScaleShiftMACE(
  (node_embedding): LinearNodeEmbeddingBlock(
    (linear): Linear(3x0e -> 128x0e | 384 weights | 2096 LoRA_weights)
  )
  (radial_embedding): RadialEmbeddingBlock(
    (bessel_fn): BesselBasis(r_max=5.0, num_basis=8, trainable=True)
    (cutoff_fn): PolynomialCutoff(p=5.0, r_max=5.0)
  )
  (spherical_harmonics): SphericalHarmonics()
  (atomic_energies_fn): AtomicEnergiesBlock(energies=[-807.8611, -504.9132, -201.9653])
  (interactions): ModuleList(
    (0): RealAgnosticInteractionBlock(
      (linear_up): Linear(128x0e -> 128x0e | 16384 weights | 4096 LoRA_weights)
      (conv_tp): TensorProduct(128x0e x 1x0e+1x1o+1x2e+1x3o -> 128x0e+128x1o+128x2e+128x3o | 512 paths | 512 weights | 0 LoRA_weights)
      (conv_tp_weights): FullyConnectedNet[8, 64, 64, 64, 512]
      (linear): Linear(128x0e+128x1o+128x2e+128x3o -> 128x0e+128x1o+128x2e+128x3o | 65536 weights | 16384 LoRA_weights)
      (skip_tp): FullyConnectedTensorProduct(128x0e+128x1o+128x2e+128x3o x 3x0e -> 128x0e+128x1o+128x2e+128x3o | 196608 paths | 196608 weights | 32768 LoRA_weights)
      (reshape): reshape_irreps()
    )
    (1): RealAgnosticResidualInteractionBlock(
      (linear_up): Linear(128x0e+128x1o -> 128x0e+128x1o | 32768 weights | 8192 LoRA_weights)
      (conv_tp): TensorProduct(128x0e+128x1o x 1x0e+1x1o+1x2e+1x3o -> 256x0e+384x1o+384x2e+256x3o | 1280 paths | 1280 weights | 0 LoRA_weights)
      (conv_tp_weights): FullyConnectedNet[8, 64, 64, 64, 1280]
      (linear): Linear(256x0e+384x1o+384x2e+256x3o -> 128x0e+128x1o+128x2e+128x3o | 163840 weights | 28672 LoRA_weights)
      (skip_tp): FullyConnectedTensorProduct(128x0e+128x1o x 3x0e -> 128x0e | 49152 paths | 49152 weights | 8192 LoRA_weights)
      (reshape): reshape_irreps()
    )
  )
  (products): ModuleList(
    (0): EquivariantProductBasisBlock(
      (symmetric_contractions): SymmetricContraction(
        (contractions): ModuleList(
          (0): Contraction(
            (contractions_weighting): ModuleList(
              (0-1): 2 x GraphModule()
            )
            (contractions_features): ModuleList(
              (0-1): 2 x GraphModule()
            )
            (weights): ParameterList(
                (0): Parameter containing: [torch.float64 of size 3x4x128 (cuda:0)]
                (1): Parameter containing: [torch.float64 of size 3x1x128 (cuda:0)]
            )
            (graph_opt_main): GraphModule()
            (LoRA_weight): ParameterList(
                (0): Parameter containing: [torch.float64 of size 3x23x16 (cuda:0)]
                (1): Parameter containing: [torch.float64 of size 16x128 (cuda:0)]
            )
          )
          (1): Contraction(
            (contractions_weighting): ModuleList(
              (0-1): 2 x GraphModule()
            )
            (contractions_features): ModuleList(
              (0-1): 2 x GraphModule()
            )
            (weights): ParameterList(
                (0): Parameter containing: [torch.float64 of size 3x6x128 (cuda:0)]
                (1): Parameter containing: [torch.float64 of size 3x1x128 (cuda:0)]
            )
            (graph_opt_main): GraphModule()
            (LoRA_weight): ParameterList(
                (0): Parameter containing: [torch.float64 of size 3x51x16 (cuda:0)]
                (1): Parameter containing: [torch.float64 of size 16x128 (cuda:0)]
            )
          )
        )
      )
      (linear): Linear(128x0e+128x1o -> 128x0e+128x1o | 32768 weights | 8192 LoRA_weights)
    )
    (1): EquivariantProductBasisBlock(
      (symmetric_contractions): SymmetricContraction(
        (contractions): ModuleList(
          (0): Contraction(
            (contractions_weighting): ModuleList(
              (0-1): 2 x GraphModule()
            )
            (contractions_features): ModuleList(
              (0-1): 2 x GraphModule()
            )
            (weights): ParameterList(
                (0): Parameter containing: [torch.float64 of size 3x4x128 (cuda:0)]
                (1): Parameter containing: [torch.float64 of size 3x1x128 (cuda:0)]
            )
            (graph_opt_main): GraphModule()
            (LoRA_weight): ParameterList(
                (0): Parameter containing: [torch.float64 of size 3x23x16 (cuda:0)]
                (1): Parameter containing: [torch.float64 of size 16x128 (cuda:0)]
            )
          )
        )
      )
      (linear): Linear(128x0e -> 128x0e | 16384 weights | 4096 LoRA_weights)
    )
  )
  (readouts): ModuleList(
    (0): LinearReadoutBlock(
      (linear): Linear(128x0e+128x1o -> 1x0e | 128 weights | 2064 LoRA_weights)
    )
    (1): NonLinearReadoutBlock(
      (linear_1): Linear(128x0e -> 16x0e | 2048 weights | 2304 LoRA_weights)
      (non_linearity): Activation [x] (16x0e -> 16x0e)
      (linear_2): Linear(16x0e -> 1x0e | 16 weights | 272 LoRA_weights)
    )
  )
  (scale_shift): ScaleShiftBlock(scale=1.088502, shift=0.000000)
)
2025-03-28 02:50:01.882 INFO: Number of parameters: 921240
2025-03-28 02:50:01.882 INFO: Optimizer: Adam (
Parameter Group 0
    amsgrad: True
    betas: (0.9, 0.999)
    capturable: False
    differentiable: False
    eps: 1e-08
    foreach: None
    fused: None
    lr: 0.005
    maximize: False
    name: embedding
    weight_decay: 0.0

Parameter Group 1
    amsgrad: True
    betas: (0.9, 0.999)
    capturable: False
    differentiable: False
    eps: 1e-08
    foreach: None
    fused: None
    lr: 0.005
    maximize: False
    name: interactions_decay
    weight_decay: 1e-08

Parameter Group 2
    amsgrad: True
    betas: (0.9, 0.999)
    capturable: False
    differentiable: False
    eps: 1e-08
    foreach: None
    fused: None
    lr: 0.005
    maximize: False
    name: interactions_no_decay
    weight_decay: 0.0

Parameter Group 3
    amsgrad: True
    betas: (0.9, 0.999)
    capturable: False
    differentiable: False
    eps: 1e-08
    foreach: None
    fused: None
    lr: 0.005
    maximize: False
    name: products
    weight_decay: 1e-08

Parameter Group 4
    amsgrad: True
    betas: (0.9, 0.999)
    capturable: False
    differentiable: False
    eps: 1e-08
    foreach: None
    fused: None
    lr: 0.005
    maximize: False
    name: readouts
    weight_decay: 0.0
)
2025-03-28 02:50:01.882 INFO: Using gradient clipping with tolerance=100.000
2025-03-28 02:50:01.882 INFO: Started training
2025-03-28 02:50:09.826 INFO: Epoch None: loss=4605.6213, RMSE_E=66278.0 meV, RMSE_F=461.3 meV / A
2025-03-28 02:50:29.225 INFO: Epoch 0: loss=1.9967, RMSE_E=94.2 meV, RMSE_F=44.6 meV / A
2025-03-28 02:50:48.373 INFO: Epoch 2: loss=0.4358, RMSE_E=22.1 meV, RMSE_F=20.9 meV / A
2025-03-28 02:51:07.516 INFO: Epoch 4: loss=0.2854, RMSE_E=22.9 meV, RMSE_F=16.9 meV / A
2025-03-28 02:51:26.611 INFO: Epoch 6: loss=0.2101, RMSE_E=31.7 meV, RMSE_F=14.5 meV / A
2025-03-28 02:51:45.661 INFO: Epoch 8: loss=0.1695, RMSE_E=29.5 meV, RMSE_F=13.0 meV / A
2025-03-28 02:52:04.696 INFO: Epoch 10: loss=0.1447, RMSE_E=31.5 meV, RMSE_F=12.0 meV / A
2025-03-28 02:52:23.708 INFO: Epoch 12: loss=0.1280, RMSE_E=21.8 meV, RMSE_F=11.3 meV / A
2025-03-28 02:52:42.721 INFO: Epoch 14: loss=0.1129, RMSE_E=14.0 meV, RMSE_F=10.6 meV / A
2025-03-28 02:53:01.752 INFO: Epoch 16: loss=0.1055, RMSE_E=16.7 meV, RMSE_F=10.3 meV / A
2025-03-28 02:53:20.796 INFO: Epoch 18: loss=0.0974, RMSE_E=11.5 meV, RMSE_F=9.9 meV / A
2025-03-28 02:53:39.746 INFO: Epoch 20: loss=0.0888, RMSE_E=9.3 meV, RMSE_F=9.4 meV / A
2025-03-28 02:53:58.741 INFO: Epoch 22: loss=0.0824, RMSE_E=8.6 meV, RMSE_F=9.1 meV / A
2025-03-28 02:54:17.895 INFO: Epoch 24: loss=0.0782, RMSE_E=6.9 meV, RMSE_F=8.8 meV / A
2025-03-28 02:54:37.102 INFO: Epoch 26: loss=0.0737, RMSE_E=5.1 meV, RMSE_F=8.6 meV / A
2025-03-28 02:54:56.297 INFO: Epoch 28: loss=0.0702, RMSE_E=4.1 meV, RMSE_F=8.4 meV / A
2025-03-28 02:55:15.257 INFO: Epoch 30: loss=0.0664, RMSE_E=2.8 meV, RMSE_F=8.1 meV / A
2025-03-28 02:55:34.100 INFO: Epoch 32: loss=0.0630, RMSE_E=2.9 meV, RMSE_F=7.9 meV / A
2025-03-28 02:55:53.069 INFO: Epoch 34: loss=0.0604, RMSE_E=2.3 meV, RMSE_F=7.8 meV / A
2025-03-28 02:56:12.031 INFO: Epoch 36: loss=0.0581, RMSE_E=2.5 meV, RMSE_F=7.6 meV / A
2025-03-28 02:56:31.084 INFO: Epoch 38: loss=0.0561, RMSE_E=2.1 meV, RMSE_F=7.5 meV / A
2025-03-28 02:56:49.910 INFO: Epoch 40: loss=0.0544, RMSE_E=2.0 meV, RMSE_F=7.4 meV / A
2025-03-28 02:57:08.677 INFO: Epoch 42: loss=0.0530, RMSE_E=1.9 meV, RMSE_F=7.3 meV / A
2025-03-28 02:57:27.608 INFO: Epoch 44: loss=0.0518, RMSE_E=2.3 meV, RMSE_F=7.2 meV / A
2025-03-28 02:57:46.372 INFO: Epoch 46: loss=0.0500, RMSE_E=1.8 meV, RMSE_F=7.1 meV / A
2025-03-28 02:58:05.376 INFO: Epoch 48: loss=0.0489, RMSE_E=1.8 meV, RMSE_F=7.0 meV / A
2025-03-28 02:58:24.187 INFO: Epoch 50: loss=0.0488, RMSE_E=1.7 meV, RMSE_F=7.0 meV / A
2025-03-28 02:58:43.029 INFO: Epoch 52: loss=0.0470, RMSE_E=2.0 meV, RMSE_F=6.9 meV / A
2025-03-28 02:59:01.781 INFO: Epoch 54: loss=0.0461, RMSE_E=1.7 meV, RMSE_F=6.8 meV / A
2025-03-28 02:59:20.589 INFO: Epoch 56: loss=0.0449, RMSE_E=1.8 meV, RMSE_F=6.7 meV / A
2025-03-28 02:59:39.450 INFO: Epoch 58: loss=0.0438, RMSE_E=1.7 meV, RMSE_F=6.6 meV / A
2025-03-28 02:59:58.470 INFO: Epoch 60: loss=0.0431, RMSE_E=1.8 meV, RMSE_F=6.6 meV / A
2025-03-28 03:00:17.185 INFO: Epoch 62: loss=0.0420, RMSE_E=1.9 meV, RMSE_F=6.5 meV / A
2025-03-28 03:00:36.020 INFO: Epoch 64: loss=0.0412, RMSE_E=1.6 meV, RMSE_F=6.4 meV / A
2025-03-28 03:00:54.815 INFO: Epoch 66: loss=0.0405, RMSE_E=1.6 meV, RMSE_F=6.4 meV / A
2025-03-28 03:01:13.771 INFO: Epoch 68: loss=0.0397, RMSE_E=1.7 meV, RMSE_F=6.3 meV / A
2025-03-28 03:01:32.681 INFO: Epoch 70: loss=0.0399, RMSE_E=1.8 meV, RMSE_F=6.3 meV / A
2025-03-28 03:01:51.350 INFO: Epoch 72: loss=0.0388, RMSE_E=1.6 meV, RMSE_F=6.2 meV / A
2025-03-28 03:02:10.217 INFO: Epoch 74: loss=0.0387, RMSE_E=1.5 meV, RMSE_F=6.2 meV / A
2025-03-28 03:02:29.161 INFO: Epoch 76: loss=0.0382, RMSE_E=1.7 meV, RMSE_F=6.2 meV / A
2025-03-28 03:02:47.975 INFO: Epoch 78: loss=0.0374, RMSE_E=1.5 meV, RMSE_F=6.1 meV / A
2025-03-28 03:03:06.904 INFO: Epoch 80: loss=0.0366, RMSE_E=1.7 meV, RMSE_F=6.0 meV / A
2025-03-28 03:03:26.090 INFO: Epoch 82: loss=0.0359, RMSE_E=1.6 meV, RMSE_F=6.0 meV / A
2025-03-28 03:03:45.250 INFO: Epoch 84: loss=0.0357, RMSE_E=1.6 meV, RMSE_F=6.0 meV / A
2025-03-28 03:04:04.294 INFO: Epoch 86: loss=0.0349, RMSE_E=1.5 meV, RMSE_F=5.9 meV / A
2025-03-28 03:04:23.432 INFO: Epoch 88: loss=0.0346, RMSE_E=1.4 meV, RMSE_F=5.9 meV / A
2025-03-28 03:04:42.415 INFO: Epoch 90: loss=0.0339, RMSE_E=1.6 meV, RMSE_F=5.8 meV / A
2025-03-28 03:05:01.310 INFO: Epoch 92: loss=0.0333, RMSE_E=1.4 meV, RMSE_F=5.8 meV / A
2025-03-28 03:05:20.323 INFO: Epoch 94: loss=0.0332, RMSE_E=1.4 meV, RMSE_F=5.8 meV / A
2025-03-28 03:05:39.208 INFO: Epoch 96: loss=0.0332, RMSE_E=1.4 meV, RMSE_F=5.8 meV / A
2025-03-28 03:05:57.974 INFO: Epoch 98: loss=0.0324, RMSE_E=1.5 meV, RMSE_F=5.7 meV / A
2025-03-28 03:06:16.952 INFO: Epoch 100: loss=0.0320, RMSE_E=1.5 meV, RMSE_F=5.7 meV / A
2025-03-28 03:06:35.934 INFO: Epoch 102: loss=0.0319, RMSE_E=1.4 meV, RMSE_F=5.6 meV / A
2025-03-28 03:06:54.928 INFO: Epoch 104: loss=0.0317, RMSE_E=1.4 meV, RMSE_F=5.6 meV / A
2025-03-28 03:07:13.950 INFO: Epoch 106: loss=0.0312, RMSE_E=1.4 meV, RMSE_F=5.6 meV / A
2025-03-28 03:07:32.792 INFO: Epoch 108: loss=0.0309, RMSE_E=1.4 meV, RMSE_F=5.6 meV / A
2025-03-28 03:07:51.686 INFO: Epoch 110: loss=0.0306, RMSE_E=1.4 meV, RMSE_F=5.5 meV / A
2025-03-28 03:08:10.661 INFO: Epoch 112: loss=0.0304, RMSE_E=1.3 meV, RMSE_F=5.5 meV / A
2025-03-28 03:08:29.713 INFO: Epoch 114: loss=0.0301, RMSE_E=1.3 meV, RMSE_F=5.5 meV / A
2025-03-28 03:08:48.722 INFO: Epoch 116: loss=0.0302, RMSE_E=1.5 meV, RMSE_F=5.5 meV / A
2025-03-28 03:09:07.717 INFO: Epoch 118: loss=0.0297, RMSE_E=1.4 meV, RMSE_F=5.4 meV / A
2025-03-28 03:09:26.752 INFO: Epoch 120: loss=0.0296, RMSE_E=1.3 meV, RMSE_F=5.4 meV / A
2025-03-28 03:09:45.764 INFO: Epoch 122: loss=0.0294, RMSE_E=1.4 meV, RMSE_F=5.4 meV / A
2025-03-28 03:10:04.695 INFO: Epoch 124: loss=0.0289, RMSE_E=1.3 meV, RMSE_F=5.4 meV / A
2025-03-28 03:10:23.689 INFO: Epoch 126: loss=0.0283, RMSE_E=1.3 meV, RMSE_F=5.3 meV / A
2025-03-28 03:10:42.570 INFO: Epoch 128: loss=0.0282, RMSE_E=1.3 meV, RMSE_F=5.3 meV / A
2025-03-28 03:11:01.466 INFO: Epoch 130: loss=0.0279, RMSE_E=1.3 meV, RMSE_F=5.3 meV / A
2025-03-28 03:11:20.395 INFO: Epoch 132: loss=0.0279, RMSE_E=1.3 meV, RMSE_F=5.3 meV / A
2025-03-28 03:11:39.267 INFO: Epoch 134: loss=0.0278, RMSE_E=1.2 meV, RMSE_F=5.3 meV / A
2025-03-28 03:11:58.153 INFO: Epoch 136: loss=0.0273, RMSE_E=1.2 meV, RMSE_F=5.2 meV / A
2025-03-28 03:12:17.144 INFO: Epoch 138: loss=0.0272, RMSE_E=1.3 meV, RMSE_F=5.2 meV / A
2025-03-28 03:12:36.105 INFO: Epoch 140: loss=0.0268, RMSE_E=1.2 meV, RMSE_F=5.2 meV / A
2025-03-28 03:12:55.092 INFO: Epoch 142: loss=0.0268, RMSE_E=1.3 meV, RMSE_F=5.2 meV / A
2025-03-28 03:13:13.957 INFO: Epoch 144: loss=0.0268, RMSE_E=1.3 meV, RMSE_F=5.2 meV / A
2025-03-28 03:13:32.937 INFO: Epoch 146: loss=0.0263, RMSE_E=1.3 meV, RMSE_F=5.1 meV / A
2025-03-28 03:13:51.853 INFO: Epoch 148: loss=0.0263, RMSE_E=1.3 meV, RMSE_F=5.1 meV / A
2025-03-28 03:14:10.821 INFO: Epoch 150: loss=0.0264, RMSE_E=1.2 meV, RMSE_F=5.1 meV / A
2025-03-28 03:14:29.803 INFO: Epoch 152: loss=0.0262, RMSE_E=1.3 meV, RMSE_F=5.1 meV / A
2025-03-28 03:14:48.818 INFO: Epoch 154: loss=0.0260, RMSE_E=1.3 meV, RMSE_F=5.1 meV / A
2025-03-28 03:15:07.805 INFO: Epoch 156: loss=0.0257, RMSE_E=1.2 meV, RMSE_F=5.1 meV / A
2025-03-28 03:15:26.749 INFO: Epoch 158: loss=0.0254, RMSE_E=1.2 meV, RMSE_F=5.0 meV / A
2025-03-28 03:15:45.743 INFO: Epoch 160: loss=0.0255, RMSE_E=1.2 meV, RMSE_F=5.1 meV / A
2025-03-28 03:16:04.709 INFO: Epoch 162: loss=0.0254, RMSE_E=1.2 meV, RMSE_F=5.0 meV / A
2025-03-28 03:16:23.551 INFO: Epoch 164: loss=0.0249, RMSE_E=1.2 meV, RMSE_F=5.0 meV / A
2025-03-28 03:16:42.515 INFO: Epoch 166: loss=0.0247, RMSE_E=1.2 meV, RMSE_F=5.0 meV / A
2025-03-28 03:17:01.566 INFO: Epoch 168: loss=0.0249, RMSE_E=1.2 meV, RMSE_F=5.0 meV / A
2025-03-28 03:17:20.567 INFO: Epoch 170: loss=0.0246, RMSE_E=1.2 meV, RMSE_F=5.0 meV / A
2025-03-28 03:17:39.641 INFO: Epoch 172: loss=0.0244, RMSE_E=1.2 meV, RMSE_F=4.9 meV / A
2025-03-28 03:17:58.663 INFO: Epoch 174: loss=0.0242, RMSE_E=1.2 meV, RMSE_F=4.9 meV / A
2025-03-28 03:18:17.684 INFO: Epoch 176: loss=0.0241, RMSE_E=1.1 meV, RMSE_F=4.9 meV / A
2025-03-28 03:18:36.697 INFO: Epoch 178: loss=0.0243, RMSE_E=1.2 meV, RMSE_F=4.9 meV / A
2025-03-28 03:18:55.431 INFO: Epoch 180: loss=0.0243, RMSE_E=1.2 meV, RMSE_F=4.9 meV / A
2025-03-28 03:19:14.310 INFO: Epoch 182: loss=0.0242, RMSE_E=1.2 meV, RMSE_F=4.9 meV / A
2025-03-28 03:19:33.232 INFO: Epoch 184: loss=0.0240, RMSE_E=1.2 meV, RMSE_F=4.9 meV / A
2025-03-28 03:19:52.198 INFO: Epoch 186: loss=0.0238, RMSE_E=1.2 meV, RMSE_F=4.9 meV / A
2025-03-28 03:20:11.112 INFO: Epoch 188: loss=0.0238, RMSE_E=1.2 meV, RMSE_F=4.9 meV / A
2025-03-28 03:20:30.171 INFO: Epoch 190: loss=0.0236, RMSE_E=1.2 meV, RMSE_F=4.9 meV / A
2025-03-28 03:20:49.238 INFO: Epoch 192: loss=0.0236, RMSE_E=1.1 meV, RMSE_F=4.9 meV / A
2025-03-28 03:21:08.094 INFO: Epoch 194: loss=0.0233, RMSE_E=1.1 meV, RMSE_F=4.8 meV / A
2025-03-28 03:21:27.040 INFO: Epoch 196: loss=0.0232, RMSE_E=1.1 meV, RMSE_F=4.8 meV / A
2025-03-28 03:21:45.889 INFO: Epoch 198: loss=0.0230, RMSE_E=1.1 meV, RMSE_F=4.8 meV / A
2025-03-28 03:22:04.883 INFO: Epoch 200: loss=0.0231, RMSE_E=1.1 meV, RMSE_F=4.8 meV / A
2025-03-28 03:22:23.862 INFO: Epoch 202: loss=0.0230, RMSE_E=1.1 meV, RMSE_F=4.8 meV / A
2025-03-28 03:22:42.878 INFO: Epoch 204: loss=0.0229, RMSE_E=1.1 meV, RMSE_F=4.8 meV / A
2025-03-28 03:23:01.855 INFO: Epoch 206: loss=0.0226, RMSE_E=1.1 meV, RMSE_F=4.8 meV / A
2025-03-28 03:23:20.792 INFO: Epoch 208: loss=0.0224, RMSE_E=1.1 meV, RMSE_F=4.7 meV / A
2025-03-28 03:23:39.794 INFO: Epoch 210: loss=0.0223, RMSE_E=1.1 meV, RMSE_F=4.7 meV / A
2025-03-28 03:23:58.740 INFO: Epoch 212: loss=0.0223, RMSE_E=1.1 meV, RMSE_F=4.7 meV / A
2025-03-28 03:24:17.588 INFO: Epoch 214: loss=0.0223, RMSE_E=1.1 meV, RMSE_F=4.7 meV / A
2025-03-28 03:24:36.495 INFO: Epoch 216: loss=0.0221, RMSE_E=1.1 meV, RMSE_F=4.7 meV / A
2025-03-28 03:24:55.342 INFO: Epoch 218: loss=0.0222, RMSE_E=1.1 meV, RMSE_F=4.7 meV / A
2025-03-28 03:25:14.155 INFO: Epoch 220: loss=0.0222, RMSE_E=1.1 meV, RMSE_F=4.7 meV / A
2025-03-28 03:25:32.902 INFO: Epoch 222: loss=0.0221, RMSE_E=1.1 meV, RMSE_F=4.7 meV / A
2025-03-28 03:25:51.898 INFO: Epoch 224: loss=0.0219, RMSE_E=1.1 meV, RMSE_F=4.7 meV / A
2025-03-28 03:26:11.020 INFO: Epoch 226: loss=0.0219, RMSE_E=1.1 meV, RMSE_F=4.7 meV / A
2025-03-28 03:26:30.041 INFO: Epoch 228: loss=0.0219, RMSE_E=1.1 meV, RMSE_F=4.7 meV / A
2025-03-28 03:26:49.062 INFO: Epoch 230: loss=0.0217, RMSE_E=1.0 meV, RMSE_F=4.7 meV / A
2025-03-28 03:27:08.031 INFO: Epoch 232: loss=0.0216, RMSE_E=1.1 meV, RMSE_F=4.6 meV / A
2025-03-28 03:27:27.046 INFO: Epoch 234: loss=0.0215, RMSE_E=1.1 meV, RMSE_F=4.6 meV / A
2025-03-28 03:27:46.090 INFO: Epoch 236: loss=0.0216, RMSE_E=1.1 meV, RMSE_F=4.6 meV / A
2025-03-28 03:28:04.931 INFO: Epoch 238: loss=0.0215, RMSE_E=1.0 meV, RMSE_F=4.6 meV / A
2025-03-28 03:28:23.862 INFO: Epoch 240: loss=0.0213, RMSE_E=1.0 meV, RMSE_F=4.6 meV / A
2025-03-28 03:28:42.658 INFO: Epoch 242: loss=0.0212, RMSE_E=1.1 meV, RMSE_F=4.6 meV / A
2025-03-28 03:29:01.640 INFO: Epoch 244: loss=0.0211, RMSE_E=1.1 meV, RMSE_F=4.6 meV / A
2025-03-28 03:29:20.587 INFO: Epoch 246: loss=0.0211, RMSE_E=1.0 meV, RMSE_F=4.6 meV / A
2025-03-28 03:29:39.469 INFO: Epoch 248: loss=0.0209, RMSE_E=1.0 meV, RMSE_F=4.6 meV / A
2025-03-28 03:29:58.378 INFO: Epoch 250: loss=0.0208, RMSE_E=1.1 meV, RMSE_F=4.6 meV / A
2025-03-28 03:30:17.331 INFO: Epoch 252: loss=0.0207, RMSE_E=1.0 meV, RMSE_F=4.6 meV / A
2025-03-28 03:30:36.272 INFO: Epoch 254: loss=0.0207, RMSE_E=1.0 meV, RMSE_F=4.6 meV / A
2025-03-28 03:30:55.173 INFO: Epoch 256: loss=0.0207, RMSE_E=1.0 meV, RMSE_F=4.5 meV / A
2025-03-28 03:31:14.036 INFO: Epoch 258: loss=0.0206, RMSE_E=1.0 meV, RMSE_F=4.5 meV / A
2025-03-28 03:31:33.007 INFO: Epoch 260: loss=0.0206, RMSE_E=1.0 meV, RMSE_F=4.5 meV / A
2025-03-28 03:31:51.886 INFO: Epoch 262: loss=0.0205, RMSE_E=1.0 meV, RMSE_F=4.5 meV / A
2025-03-28 03:32:10.950 INFO: Epoch 264: loss=0.0205, RMSE_E=1.0 meV, RMSE_F=4.5 meV / A
2025-03-28 03:32:29.857 INFO: Epoch 266: loss=0.0205, RMSE_E=1.0 meV, RMSE_F=4.5 meV / A
2025-03-28 03:32:48.840 INFO: Epoch 268: loss=0.0203, RMSE_E=1.0 meV, RMSE_F=4.5 meV / A
2025-03-28 03:33:07.869 INFO: Epoch 270: loss=0.0202, RMSE_E=1.0 meV, RMSE_F=4.5 meV / A
2025-03-28 03:33:26.855 INFO: Epoch 272: loss=0.0202, RMSE_E=1.0 meV, RMSE_F=4.5 meV / A
2025-03-28 03:33:45.892 INFO: Epoch 274: loss=0.0200, RMSE_E=1.0 meV, RMSE_F=4.5 meV / A
2025-03-28 03:34:04.872 INFO: Epoch 276: loss=0.0200, RMSE_E=1.0 meV, RMSE_F=4.5 meV / A
2025-03-28 03:34:23.714 INFO: Epoch 278: loss=0.0199, RMSE_E=1.0 meV, RMSE_F=4.5 meV / A
2025-03-28 03:34:42.588 INFO: Epoch 280: loss=0.0199, RMSE_E=1.0 meV, RMSE_F=4.5 meV / A
2025-03-28 03:35:01.495 INFO: Epoch 282: loss=0.0199, RMSE_E=1.0 meV, RMSE_F=4.5 meV / A
2025-03-28 03:35:20.549 INFO: Epoch 284: loss=0.0199, RMSE_E=1.0 meV, RMSE_F=4.5 meV / A
2025-03-28 03:35:39.548 INFO: Epoch 286: loss=0.0198, RMSE_E=1.0 meV, RMSE_F=4.5 meV / A
2025-03-28 03:35:58.416 INFO: Epoch 288: loss=0.0197, RMSE_E=1.0 meV, RMSE_F=4.4 meV / A
2025-03-28 03:36:17.372 INFO: Epoch 290: loss=0.0196, RMSE_E=1.0 meV, RMSE_F=4.4 meV / A
2025-03-28 03:36:36.344 INFO: Epoch 292: loss=0.0196, RMSE_E=1.0 meV, RMSE_F=4.4 meV / A
2025-03-28 03:36:55.314 INFO: Epoch 294: loss=0.0195, RMSE_E=1.0 meV, RMSE_F=4.4 meV / A
2025-03-28 03:37:14.255 INFO: Epoch 296: loss=0.0195, RMSE_E=1.0 meV, RMSE_F=4.4 meV / A
2025-03-28 03:37:33.334 INFO: Epoch 298: loss=0.0195, RMSE_E=1.0 meV, RMSE_F=4.4 meV / A
2025-03-28 03:37:52.378 INFO: Epoch 300: loss=0.0195, RMSE_E=1.0 meV, RMSE_F=4.4 meV / A
2025-03-28 03:38:11.274 INFO: Epoch 302: loss=0.0193, RMSE_E=1.0 meV, RMSE_F=4.4 meV / A
2025-03-28 03:38:30.334 INFO: Epoch 304: loss=0.0193, RMSE_E=1.0 meV, RMSE_F=4.4 meV / A
2025-03-28 03:38:49.226 INFO: Epoch 306: loss=0.0193, RMSE_E=1.0 meV, RMSE_F=4.4 meV / A
2025-03-28 03:39:08.140 INFO: Epoch 308: loss=0.0193, RMSE_E=1.0 meV, RMSE_F=4.4 meV / A
2025-03-28 03:39:27.168 INFO: Epoch 310: loss=0.0193, RMSE_E=0.9 meV, RMSE_F=4.4 meV / A
2025-03-28 03:39:46.225 INFO: Epoch 312: loss=0.0192, RMSE_E=0.9 meV, RMSE_F=4.4 meV / A
2025-03-28 03:40:05.192 INFO: Epoch 314: loss=0.0191, RMSE_E=0.9 meV, RMSE_F=4.4 meV / A
2025-03-28 03:40:24.145 INFO: Epoch 316: loss=0.0191, RMSE_E=1.0 meV, RMSE_F=4.4 meV / A
2025-03-28 03:40:43.360 INFO: Epoch 318: loss=0.0190, RMSE_E=0.9 meV, RMSE_F=4.4 meV / A
2025-03-28 03:41:02.582 INFO: Epoch 320: loss=0.0190, RMSE_E=1.0 meV, RMSE_F=4.4 meV / A
2025-03-28 03:41:21.516 INFO: Epoch 322: loss=0.0190, RMSE_E=1.0 meV, RMSE_F=4.4 meV / A
2025-03-28 03:41:40.670 INFO: Epoch 324: loss=0.0190, RMSE_E=1.0 meV, RMSE_F=4.4 meV / A
2025-03-28 03:41:59.640 INFO: Epoch 326: loss=0.0190, RMSE_E=0.9 meV, RMSE_F=4.4 meV / A
2025-03-28 03:42:18.755 INFO: Epoch 328: loss=0.0190, RMSE_E=0.9 meV, RMSE_F=4.4 meV / A
2025-03-28 03:42:37.860 INFO: Epoch 330: loss=0.0189, RMSE_E=0.9 meV, RMSE_F=4.4 meV / A
2025-03-28 03:42:56.842 INFO: Epoch 332: loss=0.0188, RMSE_E=0.9 meV, RMSE_F=4.3 meV / A
2025-03-28 03:43:15.968 INFO: Epoch 334: loss=0.0188, RMSE_E=0.9 meV, RMSE_F=4.3 meV / A
2025-03-28 03:43:34.976 INFO: Epoch 336: loss=0.0188, RMSE_E=0.9 meV, RMSE_F=4.3 meV / A
2025-03-28 03:43:53.973 INFO: Epoch 338: loss=0.0188, RMSE_E=1.0 meV, RMSE_F=4.3 meV / A
2025-03-28 03:44:12.923 INFO: Epoch 340: loss=0.0186, RMSE_E=0.9 meV, RMSE_F=4.3 meV / A
2025-03-28 03:44:32.086 INFO: Epoch 342: loss=0.0185, RMSE_E=0.9 meV, RMSE_F=4.3 meV / A
2025-03-28 03:44:51.135 INFO: Epoch 344: loss=0.0185, RMSE_E=0.9 meV, RMSE_F=4.3 meV / A
2025-03-28 03:45:10.293 INFO: Epoch 346: loss=0.0184, RMSE_E=0.9 meV, RMSE_F=4.3 meV / A
2025-03-28 03:45:29.143 INFO: Epoch 348: loss=0.0183, RMSE_E=0.9 meV, RMSE_F=4.3 meV / A
2025-03-28 03:45:47.993 INFO: Epoch 350: loss=0.0184, RMSE_E=0.9 meV, RMSE_F=4.3 meV / A
2025-03-28 03:46:06.817 INFO: Epoch 352: loss=0.0184, RMSE_E=0.9 meV, RMSE_F=4.3 meV / A
2025-03-28 03:46:25.673 INFO: Epoch 354: loss=0.0184, RMSE_E=0.9 meV, RMSE_F=4.3 meV / A
2025-03-28 03:46:44.454 INFO: Epoch 356: loss=0.0184, RMSE_E=0.9 meV, RMSE_F=4.3 meV / A
2025-03-28 03:47:03.284 INFO: Epoch 358: loss=0.0183, RMSE_E=0.9 meV, RMSE_F=4.3 meV / A
2025-03-28 03:47:22.116 INFO: Epoch 360: loss=0.0183, RMSE_E=0.9 meV, RMSE_F=4.3 meV / A
2025-03-28 03:47:40.959 INFO: Epoch 362: loss=0.0182, RMSE_E=0.9 meV, RMSE_F=4.3 meV / A
2025-03-28 03:47:59.807 INFO: Epoch 364: loss=0.0182, RMSE_E=0.9 meV, RMSE_F=4.3 meV / A
2025-03-28 03:48:18.619 INFO: Epoch 366: loss=0.0182, RMSE_E=0.9 meV, RMSE_F=4.3 meV / A
2025-03-28 03:48:37.376 INFO: Epoch 368: loss=0.0181, RMSE_E=0.9 meV, RMSE_F=4.3 meV / A
2025-03-28 03:48:56.256 INFO: Epoch 370: loss=0.0181, RMSE_E=0.9 meV, RMSE_F=4.3 meV / A
2025-03-28 03:49:15.177 INFO: Epoch 372: loss=0.0180, RMSE_E=0.9 meV, RMSE_F=4.2 meV / A
2025-03-28 03:49:34.010 INFO: Epoch 374: loss=0.0180, RMSE_E=0.9 meV, RMSE_F=4.2 meV / A
2025-03-28 03:49:52.830 INFO: Epoch 376: loss=0.0180, RMSE_E=0.9 meV, RMSE_F=4.2 meV / A
2025-03-28 03:50:11.781 INFO: Epoch 378: loss=0.0180, RMSE_E=0.9 meV, RMSE_F=4.2 meV / A
2025-03-28 03:50:30.651 INFO: Epoch 380: loss=0.0180, RMSE_E=0.9 meV, RMSE_F=4.2 meV / A
2025-03-28 03:50:49.616 INFO: Epoch 382: loss=0.0179, RMSE_E=0.9 meV, RMSE_F=4.2 meV / A
2025-03-28 03:51:08.486 INFO: Epoch 384: loss=0.0179, RMSE_E=0.9 meV, RMSE_F=4.2 meV / A
2025-03-28 03:51:27.352 INFO: Epoch 386: loss=0.0179, RMSE_E=0.9 meV, RMSE_F=4.2 meV / A
2025-03-28 03:51:46.287 INFO: Epoch 388: loss=0.0178, RMSE_E=0.9 meV, RMSE_F=4.2 meV / A
2025-03-28 03:52:05.156 INFO: Epoch 390: loss=0.0178, RMSE_E=0.9 meV, RMSE_F=4.2 meV / A
2025-03-28 03:52:24.069 INFO: Epoch 392: loss=0.0177, RMSE_E=0.9 meV, RMSE_F=4.2 meV / A
2025-03-28 03:52:42.974 INFO: Epoch 394: loss=0.0178, RMSE_E=0.9 meV, RMSE_F=4.2 meV / A
2025-03-28 03:53:01.862 INFO: Epoch 396: loss=0.0178, RMSE_E=0.9 meV, RMSE_F=4.2 meV / A
2025-03-28 03:53:20.732 INFO: Epoch 398: loss=0.0178, RMSE_E=0.9 meV, RMSE_F=4.2 meV / A
2025-03-28 03:53:39.704 INFO: Epoch 400: loss=0.0177, RMSE_E=0.9 meV, RMSE_F=4.2 meV / A
2025-03-28 03:53:58.649 INFO: Epoch 402: loss=0.0177, RMSE_E=0.9 meV, RMSE_F=4.2 meV / A
2025-03-28 03:54:17.563 INFO: Epoch 404: loss=0.0176, RMSE_E=0.9 meV, RMSE_F=4.2 meV / A
2025-03-28 03:54:36.495 INFO: Epoch 406: loss=0.0177, RMSE_E=0.9 meV, RMSE_F=4.2 meV / A
2025-03-28 03:54:55.370 INFO: Epoch 408: loss=0.0177, RMSE_E=0.9 meV, RMSE_F=4.2 meV / A
2025-03-28 03:55:14.154 INFO: Epoch 410: loss=0.0176, RMSE_E=0.9 meV, RMSE_F=4.2 meV / A
2025-03-28 03:55:32.960 INFO: Epoch 412: loss=0.0175, RMSE_E=0.9 meV, RMSE_F=4.2 meV / A
2025-03-28 03:55:51.916 INFO: Epoch 414: loss=0.0175, RMSE_E=0.9 meV, RMSE_F=4.2 meV / A
2025-03-28 03:56:10.803 INFO: Epoch 416: loss=0.0175, RMSE_E=0.9 meV, RMSE_F=4.2 meV / A
2025-03-28 03:56:29.773 INFO: Epoch 418: loss=0.0174, RMSE_E=0.9 meV, RMSE_F=4.2 meV / A
2025-03-28 03:56:48.876 INFO: Epoch 420: loss=0.0175, RMSE_E=0.9 meV, RMSE_F=4.2 meV / A
2025-03-28 03:57:07.675 INFO: Epoch 422: loss=0.0174, RMSE_E=0.9 meV, RMSE_F=4.2 meV / A
2025-03-28 03:57:26.506 INFO: Epoch 424: loss=0.0174, RMSE_E=0.9 meV, RMSE_F=4.2 meV / A
2025-03-28 03:57:45.363 INFO: Epoch 426: loss=0.0174, RMSE_E=0.9 meV, RMSE_F=4.2 meV / A
2025-03-28 03:58:04.343 INFO: Epoch 428: loss=0.0173, RMSE_E=0.9 meV, RMSE_F=4.2 meV / A
2025-03-28 03:58:23.380 INFO: Epoch 430: loss=0.0174, RMSE_E=0.9 meV, RMSE_F=4.2 meV / A
2025-03-28 03:58:42.185 INFO: Epoch 432: loss=0.0174, RMSE_E=0.9 meV, RMSE_F=4.2 meV / A
2025-03-28 03:59:01.026 INFO: Epoch 434: loss=0.0174, RMSE_E=0.9 meV, RMSE_F=4.2 meV / A
2025-03-28 03:59:19.942 INFO: Epoch 436: loss=0.0173, RMSE_E=0.9 meV, RMSE_F=4.2 meV / A
2025-03-28 03:59:38.848 INFO: Epoch 438: loss=0.0173, RMSE_E=0.9 meV, RMSE_F=4.2 meV / A
2025-03-28 03:59:57.797 INFO: Epoch 440: loss=0.0173, RMSE_E=0.9 meV, RMSE_F=4.2 meV / A
2025-03-28 04:00:16.727 INFO: Epoch 442: loss=0.0173, RMSE_E=0.9 meV, RMSE_F=4.2 meV / A
2025-03-28 04:00:35.606 INFO: Epoch 444: loss=0.0173, RMSE_E=0.9 meV, RMSE_F=4.2 meV / A
2025-03-28 04:00:54.492 INFO: Epoch 446: loss=0.0173, RMSE_E=0.9 meV, RMSE_F=4.2 meV / A
2025-03-28 04:01:13.439 INFO: Epoch 448: loss=0.0173, RMSE_E=0.9 meV, RMSE_F=4.2 meV / A
2025-03-28 04:01:32.339 INFO: Epoch 450: loss=0.0172, RMSE_E=0.9 meV, RMSE_F=4.2 meV / A
2025-03-28 04:01:51.284 INFO: Epoch 452: loss=0.0172, RMSE_E=0.9 meV, RMSE_F=4.2 meV / A
2025-03-28 04:02:10.063 INFO: Epoch 454: loss=0.0172, RMSE_E=0.9 meV, RMSE_F=4.1 meV / A
2025-03-28 04:02:29.022 INFO: Epoch 456: loss=0.0172, RMSE_E=0.9 meV, RMSE_F=4.1 meV / A
2025-03-28 04:02:47.844 INFO: Epoch 458: loss=0.0172, RMSE_E=0.9 meV, RMSE_F=4.1 meV / A
2025-03-28 04:03:06.826 INFO: Epoch 460: loss=0.0171, RMSE_E=0.9 meV, RMSE_F=4.1 meV / A
2025-03-28 04:03:25.660 INFO: Epoch 462: loss=0.0171, RMSE_E=0.9 meV, RMSE_F=4.1 meV / A
2025-03-28 04:03:44.518 INFO: Epoch 464: loss=0.0171, RMSE_E=0.9 meV, RMSE_F=4.1 meV / A
2025-03-28 04:04:03.427 INFO: Epoch 466: loss=0.0171, RMSE_E=0.9 meV, RMSE_F=4.1 meV / A
2025-03-28 04:04:22.272 INFO: Epoch 468: loss=0.0171, RMSE_E=0.9 meV, RMSE_F=4.1 meV / A
2025-03-28 04:04:41.121 INFO: Epoch 470: loss=0.0171, RMSE_E=0.9 meV, RMSE_F=4.1 meV / A
2025-03-28 04:04:59.990 INFO: Epoch 472: loss=0.0170, RMSE_E=0.9 meV, RMSE_F=4.1 meV / A
2025-03-28 04:05:19.064 INFO: Epoch 474: loss=0.0170, RMSE_E=0.9 meV, RMSE_F=4.1 meV / A
2025-03-28 04:05:37.998 INFO: Epoch 476: loss=0.0170, RMSE_E=0.9 meV, RMSE_F=4.1 meV / A
2025-03-28 04:05:56.933 INFO: Epoch 478: loss=0.0170, RMSE_E=0.9 meV, RMSE_F=4.1 meV / A
2025-03-28 04:06:15.823 INFO: Epoch 480: loss=0.0170, RMSE_E=0.9 meV, RMSE_F=4.1 meV / A
2025-03-28 04:06:34.499 INFO: Epoch 482: loss=0.0170, RMSE_E=0.9 meV, RMSE_F=4.1 meV / A
2025-03-28 04:06:53.208 INFO: Epoch 484: loss=0.0170, RMSE_E=0.9 meV, RMSE_F=4.1 meV / A
2025-03-28 04:07:11.961 INFO: Epoch 486: loss=0.0170, RMSE_E=0.9 meV, RMSE_F=4.1 meV / A
2025-03-28 04:07:30.706 INFO: Epoch 488: loss=0.0170, RMSE_E=0.9 meV, RMSE_F=4.1 meV / A
2025-03-28 04:07:49.578 INFO: Epoch 490: loss=0.0170, RMSE_E=0.9 meV, RMSE_F=4.1 meV / A
2025-03-28 04:08:08.502 INFO: Epoch 492: loss=0.0170, RMSE_E=0.9 meV, RMSE_F=4.1 meV / A
2025-03-28 04:08:27.351 INFO: Epoch 494: loss=0.0170, RMSE_E=0.9 meV, RMSE_F=4.1 meV / A
2025-03-28 04:08:46.578 INFO: Epoch 496: loss=0.0170, RMSE_E=0.9 meV, RMSE_F=4.1 meV / A
2025-03-28 04:09:05.592 INFO: Epoch 498: loss=0.0170, RMSE_E=0.9 meV, RMSE_F=4.1 meV / A
2025-03-28 04:09:14.965 INFO: Training complete
2025-03-28 04:09:14.966 INFO: Computing metrics for training, validation, and test sets
2025-03-28 04:09:15.215 INFO: Loading checkpoint: checkpoints/AcAc_run-123_epoch-498.pt
2025-03-28 04:09:15.277 INFO: Loaded model from epoch 498
2025-03-28 04:09:15.277 INFO: Evaluating train ...
2025-03-28 04:09:20.053 INFO: Evaluating valid ...
2025-03-28 04:09:20.573 INFO: Evaluating 300K_MD ...
2025-03-28 04:09:28.127 INFO: 
+-------------+--------------+------------------+-------------------+
| config_type | RMSE E / meV | RMSE F / meV / A | relative F RMSE % |
+-------------+--------------+------------------+-------------------+
|    train    |     0.5      |       2.5        |        0.24       |
|    valid    |     0.9      |       4.1        |        0.40       |
|   300K_MD   |     0.8      |       4.5        |        0.43       |
+-------------+--------------+------------------+-------------------+
2025-03-28 04:09:28.127 INFO: Saving model to checkpoints/AcAc_run-123.model
2025-03-28 04:09:28.479 INFO: Compiling model, saving metadata to AcAc_compiled.model
2025-03-28 04:09:29.282 INFO: Done
