2025-03-28 01:34:01.521 INFO: MACE version: 0.3.5
2025-03-28 01:34:01.521 INFO: Configuration: Namespace(config=None, name='3BPA', seed=123, log_dir='logs', model_dir='.', checkpoints_dir='checkpoints', results_dir='results', downloads_dir='downloads', device='cuda', default_dtype='float64', distributed=False, log_level='INFO', error_table='TotalRMSE', model='MACE', r_max=5.0, radial_type='bessel', num_radial_basis=8, num_cutoff_basis=5, pair_repulsion=False, distance_transform='None', interaction='RealAgnosticResidualInteractionBlock', interaction_first='RealAgnosticResidualInteractionBlock', max_ell=3, correlation=3, num_interactions=2, MLP_irreps='16x0e', radial_MLP='[64, 64, 64]', hidden_irreps='128x0e + 128x1o', num_channels=128, max_L=1, gate='silu', scaling='rms_forces_scaling', avg_num_neighbors=1, compute_avg_num_neighbors=True, compute_stress=False, compute_forces=True, train_file='./dataset/train_300K.xyz', valid_file=None, valid_fraction=0.1, test_file='./dataset/test_300K.xyz', test_dir=None, multi_processed_test=False, num_workers=0, pin_memory=True, atomic_numbers=None, mean=None, std=None, statistics_file=None, E0s='average', keep_isolated_atoms=False, energy_key='energy', forces_key='forces', virials_key='virials', stress_key='stress', dipole_key='dipole', charges_key='charges', loss='ef', forces_weight=1000.0, swa_forces_weight=100.0, energy_weight=1.0, swa_energy_weight=1000.0, virials_weight=1.0, swa_virials_weight=10.0, stress_weight=1.0, swa_stress_weight=10.0, dipole_weight=1.0, swa_dipole_weight=1.0, config_type_weights='{"Default":1.0}', huber_delta=0.01, optimizer='adam', beta=0.9, batch_size=5, valid_batch_size=5, lr=0.005, swa_lr=0.001, weight_decay=1e-08, amsgrad=True, scheduler='ReduceLROnPlateau', lr_factor=0.8, scheduler_patience=5, lr_scheduler_gamma=0.9993, swa=False, start_swa=None, ema=True, ema_decay=0.995, max_num_epochs=500, patience=2048, foundation_model='/share/home/wangchen/work/mace/MPtrj/MACE-OFF23_medium.model', foundation_model_readout=True, eval_interval=2, keep_checkpoints=False, save_all_checkpoints=False, restart_latest=False, save_cpu=True, clip_grad=100.0, wandb=False, wandb_dir=None, wandb_project='', wandb_entity='', wandb_name='', wandb_log_hypers=['num_channels', 'max_L', 'correlation', 'lr', 'swa_lr', 'weight_decay', 'batch_size', 'max_num_epochs', 'start_swa', 'energy_weight', 'forces_weight'])
2025-03-28 01:34:01.592 INFO: CUDA version: 11.8, CUDA device: 0
2025-03-28 01:34:01.630 INFO: Error accessing Git repository: /share/home/wangchen/work/mace/organic/3BPA/finetune_123
2025-03-28 01:34:01.856 INFO: Using foundation model /share/home/wangchen/work/mace/MPtrj/MACE-OFF23_medium.model as initial checkpoint.
2025-03-28 01:34:01.986 INFO: Since ASE version 3.23.0b1, using energy_key 'energy' is no longer safe when communicating between MACE and ASE. We recommend using a different key, rewriting energies to 'REF_energy'. You need to use --energy_key='REF_energy', to tell the key name chosen.
2025-03-28 01:34:02.035 INFO: Since ASE version 3.23.0b1, using forces_key 'forces' is no longer safe when communicating between MACE and ASE. We recommend using a different key, rewriting energies to 'REF_forces'. You need to use --forces_key='REF_forces', to tell the key name chosen.
2025-03-28 01:34:02.084 INFO: Since ASE version 3.23.0b1, using stress_key 'stress' is no longer safe when communicating between MACE and ASE. We recommend using a different key, rewriting energies to 'REF_stress'. You need to use --stress_key='REF_stress', to tell the key name chosen.
2025-03-28 01:34:02.091 INFO: Loaded 500 training configurations from './dataset/train_300K.xyz'
2025-03-28 01:34:02.091 INFO: Using random 10.0% of training set for validation
2025-03-28 01:34:02.452 INFO: Since ASE version 3.23.0b1, using energy_key 'energy' is no longer safe when communicating between MACE and ASE. We recommend using a different key, rewriting energies to 'REF_energy'. You need to use --energy_key='REF_energy', to tell the key name chosen.
2025-03-28 01:34:02.610 INFO: Since ASE version 3.23.0b1, using forces_key 'forces' is no longer safe when communicating between MACE and ASE. We recommend using a different key, rewriting energies to 'REF_forces'. You need to use --forces_key='REF_forces', to tell the key name chosen.
2025-03-28 01:34:02.771 INFO: Since ASE version 3.23.0b1, using stress_key 'stress' is no longer safe when communicating between MACE and ASE. We recommend using a different key, rewriting energies to 'REF_stress'. You need to use --stress_key='REF_stress', to tell the key name chosen.
2025-03-28 01:34:02.795 INFO: Loaded 1669 test configurations from './dataset/test_300K.xyz'
2025-03-28 01:34:02.796 INFO: Total number of configurations: train=450, valid=50, tests=[Default: 1669]
2025-03-28 01:34:02.797 INFO: AtomicNumberTable: (1, 6, 7, 8)
2025-03-28 01:34:02.797 INFO: Atomic Energies not in training file, using command line argument E0s
2025-03-28 01:34:02.797 INFO: Computing average Atomic Energies using least squares regression
2025-03-28 01:34:02.800 INFO: Atomic energies: [-723.29420008076, -723.2942000807602, -120.54903334679341, -60.274516673396704]
2025-03-28 01:34:03.093 INFO: EnergyForcesLoss(energy_weight=1.000, forces_weight=1000.000)
2025-03-28 01:34:03.199 INFO: Average number of neighbors: 16.714567901234567
2025-03-28 01:34:03.199 INFO: Selected the following outputs: {'energy': True, 'forces': True, 'virials': False, 'stress': False, 'dipoles': False}
2025-03-28 01:34:03.505 INFO: Building model
2025-03-28 01:34:07.668 INFO: ScaleShiftMACE(
  (node_embedding): LinearNodeEmbeddingBlock(
    (linear): Linear(4x0e -> 128x0e | 512 weights)
  )
  (radial_embedding): RadialEmbeddingBlock(
    (bessel_fn): BesselBasis(r_max=5.0, num_basis=8, trainable=True)
    (cutoff_fn): PolynomialCutoff(p=5.0, r_max=5.0)
  )
  (spherical_harmonics): SphericalHarmonics()
  (atomic_energies_fn): AtomicEnergiesBlock(energies=[-723.2942, -723.2942, -120.5490, -60.2745])
  (interactions): ModuleList(
    (0): RealAgnosticInteractionBlock(
      (linear_up): Linear(128x0e -> 128x0e | 16384 weights)
      (conv_tp): TensorProduct(128x0e x 1x0e+1x1o+1x2e+1x3o -> 128x0e+128x1o+128x2e+128x3o | 512 paths | 512 weights)
      (conv_tp_weights): FullyConnectedNet[8, 64, 64, 64, 512]
      (linear): Linear(128x0e+128x1o+128x2e+128x3o -> 128x0e+128x1o+128x2e+128x3o | 65536 weights)
      (skip_tp): FullyConnectedTensorProduct(128x0e+128x1o+128x2e+128x3o x 4x0e -> 128x0e+128x1o+128x2e+128x3o | 262144 paths | 262144 weights)
      (reshape): reshape_irreps()
    )
    (1): RealAgnosticResidualInteractionBlock(
      (linear_up): Linear(128x0e+128x1o -> 128x0e+128x1o | 32768 weights)
      (conv_tp): TensorProduct(128x0e+128x1o x 1x0e+1x1o+1x2e+1x3o -> 256x0e+384x1o+384x2e+256x3o | 1280 paths | 1280 weights)
      (conv_tp_weights): FullyConnectedNet[8, 64, 64, 64, 1280]
      (linear): Linear(256x0e+384x1o+384x2e+256x3o -> 128x0e+128x1o+128x2e+128x3o | 163840 weights)
      (skip_tp): FullyConnectedTensorProduct(128x0e+128x1o x 4x0e -> 128x0e | 65536 paths | 65536 weights)
      (reshape): reshape_irreps()
    )
  )
  (products): ModuleList(
    (0): EquivariantProductBasisBlock(
      (symmetric_contractions): SymmetricContraction(
        (contractions): ModuleList(
          (0): Contraction(
            (contractions_weighting): ModuleList(
              (0-1): 2 x GraphModule()
            )
            (contractions_features): ModuleList(
              (0-1): 2 x GraphModule()
            )
            (weights): ParameterList(
                (0): Parameter containing: [torch.float64 of size 4x4x128 (cuda:0)]
                (1): Parameter containing: [torch.float64 of size 4x1x128 (cuda:0)]
            )
            (graph_opt_main): GraphModule()
          )
          (1): Contraction(
            (contractions_weighting): ModuleList(
              (0-1): 2 x GraphModule()
            )
            (contractions_features): ModuleList(
              (0-1): 2 x GraphModule()
            )
            (weights): ParameterList(
                (0): Parameter containing: [torch.float64 of size 4x6x128 (cuda:0)]
                (1): Parameter containing: [torch.float64 of size 4x1x128 (cuda:0)]
            )
            (graph_opt_main): GraphModule()
          )
        )
      )
      (linear): Linear(128x0e+128x1o -> 128x0e+128x1o | 32768 weights)
    )
    (1): EquivariantProductBasisBlock(
      (symmetric_contractions): SymmetricContraction(
        (contractions): ModuleList(
          (0): Contraction(
            (contractions_weighting): ModuleList(
              (0-1): 2 x GraphModule()
            )
            (contractions_features): ModuleList(
              (0-1): 2 x GraphModule()
            )
            (weights): ParameterList(
                (0): Parameter containing: [torch.float64 of size 4x4x128 (cuda:0)]
                (1): Parameter containing: [torch.float64 of size 4x1x128 (cuda:0)]
            )
            (graph_opt_main): GraphModule()
          )
        )
      )
      (linear): Linear(128x0e -> 128x0e | 16384 weights)
    )
  )
  (readouts): ModuleList(
    (0): LinearReadoutBlock(
      (linear): Linear(128x0e+128x1o -> 1x0e | 128 weights)
    )
    (1): NonLinearReadoutBlock(
      (linear_1): Linear(128x0e -> 16x0e | 2048 weights)
      (non_linearity): Activation [x] (16x0e -> 16x0e)
      (linear_2): Linear(16x0e -> 1x0e | 16 weights)
    )
  )
  (scale_shift): ScaleShiftBlock(scale=1.088502, shift=0.000000)
)
2025-03-28 01:34:07.670 INFO: Number of parameters: 848536
2025-03-28 01:34:07.670 INFO: Optimizer: Adam (
Parameter Group 0
    amsgrad: True
    betas: (0.9, 0.999)
    capturable: False
    differentiable: False
    eps: 1e-08
    foreach: None
    fused: None
    lr: 0.005
    maximize: False
    name: embedding
    weight_decay: 0.0

Parameter Group 1
    amsgrad: True
    betas: (0.9, 0.999)
    capturable: False
    differentiable: False
    eps: 1e-08
    foreach: None
    fused: None
    lr: 0.005
    maximize: False
    name: interactions_decay
    weight_decay: 1e-08

Parameter Group 2
    amsgrad: True
    betas: (0.9, 0.999)
    capturable: False
    differentiable: False
    eps: 1e-08
    foreach: None
    fused: None
    lr: 0.005
    maximize: False
    name: interactions_no_decay
    weight_decay: 0.0

Parameter Group 3
    amsgrad: True
    betas: (0.9, 0.999)
    capturable: False
    differentiable: False
    eps: 1e-08
    foreach: None
    fused: None
    lr: 0.005
    maximize: False
    name: products
    weight_decay: 1e-08

Parameter Group 4
    amsgrad: True
    betas: (0.9, 0.999)
    capturable: False
    differentiable: False
    eps: 1e-08
    foreach: None
    fused: None
    lr: 0.005
    maximize: False
    name: readouts
    weight_decay: 0.0
)
2025-03-28 01:34:07.671 INFO: Using gradient clipping with tolerance=100.000
2025-03-28 01:34:07.671 INFO: Started training
2025-03-28 01:34:14.483 INFO: Epoch None: loss=17286.3973, RMSE_E=131419.1 meV, RMSE_F=124.1 meV / A
2025-03-28 01:34:33.877 INFO: Epoch 0: loss=9.1441, RMSE_E=199.0 meV, RMSE_F=95.4 meV / A
2025-03-28 01:34:51.903 INFO: Epoch 2: loss=1.3536, RMSE_E=47.8 meV, RMSE_F=36.8 meV / A
2025-03-28 01:35:11.009 INFO: Epoch 4: loss=0.7296, RMSE_E=27.0 meV, RMSE_F=27.0 meV / A
2025-03-28 01:35:30.436 INFO: Epoch 6: loss=0.5085, RMSE_E=19.1 meV, RMSE_F=22.5 meV / A
2025-03-28 01:35:49.835 INFO: Epoch 8: loss=0.4040, RMSE_E=17.1 meV, RMSE_F=20.1 meV / A
2025-03-28 01:36:09.310 INFO: Epoch 10: loss=0.3401, RMSE_E=15.3 meV, RMSE_F=18.4 meV / A
2025-03-28 01:36:28.642 INFO: Epoch 12: loss=0.2974, RMSE_E=15.0 meV, RMSE_F=17.2 meV / A
2025-03-28 01:36:47.978 INFO: Epoch 14: loss=0.2649, RMSE_E=13.2 meV, RMSE_F=16.3 meV / A
2025-03-28 01:37:07.406 INFO: Epoch 16: loss=0.2436, RMSE_E=12.0 meV, RMSE_F=15.6 meV / A
2025-03-28 01:37:26.855 INFO: Epoch 18: loss=0.2257, RMSE_E=11.9 meV, RMSE_F=15.0 meV / A
2025-03-28 01:37:46.246 INFO: Epoch 20: loss=0.2100, RMSE_E=11.2 meV, RMSE_F=14.5 meV / A
2025-03-28 01:38:05.677 INFO: Epoch 22: loss=0.1966, RMSE_E=10.7 meV, RMSE_F=14.0 meV / A
2025-03-28 01:38:25.114 INFO: Epoch 24: loss=0.1849, RMSE_E=10.0 meV, RMSE_F=13.6 meV / A
2025-03-28 01:38:44.600 INFO: Epoch 26: loss=0.1750, RMSE_E=9.3 meV, RMSE_F=13.2 meV / A
2025-03-28 01:39:04.078 INFO: Epoch 28: loss=0.1664, RMSE_E=8.8 meV, RMSE_F=12.9 meV / A
2025-03-28 01:39:23.504 INFO: Epoch 30: loss=0.1599, RMSE_E=8.4 meV, RMSE_F=12.6 meV / A
2025-03-28 01:39:42.931 INFO: Epoch 32: loss=0.1531, RMSE_E=7.9 meV, RMSE_F=12.4 meV / A
2025-03-28 01:40:02.363 INFO: Epoch 34: loss=0.1472, RMSE_E=7.7 meV, RMSE_F=12.1 meV / A
2025-03-28 01:40:21.755 INFO: Epoch 36: loss=0.1434, RMSE_E=7.4 meV, RMSE_F=12.0 meV / A
2025-03-28 01:40:41.054 INFO: Epoch 38: loss=0.1394, RMSE_E=7.4 meV, RMSE_F=11.8 meV / A
2025-03-28 01:41:00.410 INFO: Epoch 40: loss=0.1358, RMSE_E=7.4 meV, RMSE_F=11.7 meV / A
2025-03-28 01:41:19.813 INFO: Epoch 42: loss=0.1316, RMSE_E=7.1 meV, RMSE_F=11.5 meV / A
2025-03-28 01:41:39.278 INFO: Epoch 44: loss=0.1278, RMSE_E=7.1 meV, RMSE_F=11.3 meV / A
2025-03-28 01:41:58.706 INFO: Epoch 46: loss=0.1246, RMSE_E=7.0 meV, RMSE_F=11.2 meV / A
2025-03-28 01:42:18.158 INFO: Epoch 48: loss=0.1216, RMSE_E=6.8 meV, RMSE_F=11.0 meV / A
2025-03-28 01:42:37.590 INFO: Epoch 50: loss=0.1182, RMSE_E=6.8 meV, RMSE_F=10.9 meV / A
2025-03-28 01:42:57.111 INFO: Epoch 52: loss=0.1160, RMSE_E=6.7 meV, RMSE_F=10.8 meV / A
2025-03-28 01:43:16.656 INFO: Epoch 54: loss=0.1140, RMSE_E=6.7 meV, RMSE_F=10.7 meV / A
2025-03-28 01:43:36.153 INFO: Epoch 56: loss=0.1120, RMSE_E=6.6 meV, RMSE_F=10.6 meV / A
2025-03-28 01:43:55.660 INFO: Epoch 58: loss=0.1096, RMSE_E=6.4 meV, RMSE_F=10.5 meV / A
2025-03-28 01:44:15.131 INFO: Epoch 60: loss=0.1073, RMSE_E=6.4 meV, RMSE_F=10.4 meV / A
2025-03-28 01:44:34.616 INFO: Epoch 62: loss=0.1058, RMSE_E=6.4 meV, RMSE_F=10.3 meV / A
2025-03-28 01:44:54.054 INFO: Epoch 64: loss=0.1047, RMSE_E=6.3 meV, RMSE_F=10.2 meV / A
2025-03-28 01:45:13.526 INFO: Epoch 66: loss=0.1032, RMSE_E=6.2 meV, RMSE_F=10.2 meV / A
2025-03-28 01:45:33.030 INFO: Epoch 68: loss=0.1014, RMSE_E=6.2 meV, RMSE_F=10.1 meV / A
2025-03-28 01:45:52.486 INFO: Epoch 70: loss=0.1003, RMSE_E=6.2 meV, RMSE_F=10.0 meV / A
2025-03-28 01:46:12.022 INFO: Epoch 72: loss=0.0990, RMSE_E=6.3 meV, RMSE_F=9.9 meV / A
2025-03-28 01:46:31.577 INFO: Epoch 74: loss=0.0977, RMSE_E=6.3 meV, RMSE_F=9.9 meV / A
2025-03-28 01:46:51.127 INFO: Epoch 76: loss=0.0964, RMSE_E=6.2 meV, RMSE_F=9.8 meV / A
2025-03-28 01:47:10.563 INFO: Epoch 78: loss=0.0952, RMSE_E=6.1 meV, RMSE_F=9.8 meV / A
2025-03-28 01:47:29.974 INFO: Epoch 80: loss=0.0943, RMSE_E=6.1 meV, RMSE_F=9.7 meV / A
2025-03-28 01:47:49.445 INFO: Epoch 82: loss=0.0929, RMSE_E=6.0 meV, RMSE_F=9.6 meV / A
2025-03-28 01:48:08.835 INFO: Epoch 84: loss=0.0919, RMSE_E=6.0 meV, RMSE_F=9.6 meV / A
2025-03-28 01:48:28.204 INFO: Epoch 86: loss=0.0911, RMSE_E=5.9 meV, RMSE_F=9.5 meV / A
2025-03-28 01:48:47.555 INFO: Epoch 88: loss=0.0904, RMSE_E=5.8 meV, RMSE_F=9.5 meV / A
2025-03-28 01:49:06.979 INFO: Epoch 90: loss=0.0891, RMSE_E=5.8 meV, RMSE_F=9.4 meV / A
2025-03-28 01:49:26.429 INFO: Epoch 92: loss=0.0884, RMSE_E=5.8 meV, RMSE_F=9.4 meV / A
2025-03-28 01:49:45.834 INFO: Epoch 94: loss=0.0876, RMSE_E=5.8 meV, RMSE_F=9.4 meV / A
2025-03-28 01:50:05.284 INFO: Epoch 96: loss=0.0869, RMSE_E=5.9 meV, RMSE_F=9.3 meV / A
2025-03-28 01:50:24.690 INFO: Epoch 98: loss=0.0861, RMSE_E=5.7 meV, RMSE_F=9.3 meV / A
2025-03-28 01:50:44.105 INFO: Epoch 100: loss=0.0854, RMSE_E=5.6 meV, RMSE_F=9.2 meV / A
2025-03-28 01:51:03.529 INFO: Epoch 102: loss=0.0847, RMSE_E=5.6 meV, RMSE_F=9.2 meV / A
2025-03-28 01:51:22.928 INFO: Epoch 104: loss=0.0843, RMSE_E=5.5 meV, RMSE_F=9.2 meV / A
2025-03-28 01:51:42.379 INFO: Epoch 106: loss=0.0837, RMSE_E=5.5 meV, RMSE_F=9.1 meV / A
2025-03-28 01:52:01.777 INFO: Epoch 108: loss=0.0828, RMSE_E=5.4 meV, RMSE_F=9.1 meV / A
2025-03-28 01:52:21.222 INFO: Epoch 110: loss=0.0822, RMSE_E=5.4 meV, RMSE_F=9.1 meV / A
2025-03-28 01:52:40.618 INFO: Epoch 112: loss=0.0818, RMSE_E=5.3 meV, RMSE_F=9.0 meV / A
2025-03-28 01:52:59.962 INFO: Epoch 114: loss=0.0810, RMSE_E=5.3 meV, RMSE_F=9.0 meV / A
2025-03-28 01:53:19.297 INFO: Epoch 116: loss=0.0805, RMSE_E=5.4 meV, RMSE_F=9.0 meV / A
2025-03-28 01:53:38.649 INFO: Epoch 118: loss=0.0799, RMSE_E=5.4 meV, RMSE_F=8.9 meV / A
2025-03-28 01:53:58.002 INFO: Epoch 120: loss=0.0793, RMSE_E=5.4 meV, RMSE_F=8.9 meV / A
2025-03-28 01:54:17.387 INFO: Epoch 122: loss=0.0786, RMSE_E=5.5 meV, RMSE_F=8.9 meV / A
2025-03-28 01:54:36.750 INFO: Epoch 124: loss=0.0781, RMSE_E=5.4 meV, RMSE_F=8.8 meV / A
2025-03-28 01:54:56.104 INFO: Epoch 126: loss=0.0777, RMSE_E=5.3 meV, RMSE_F=8.8 meV / A
2025-03-28 01:55:15.470 INFO: Epoch 128: loss=0.0773, RMSE_E=5.3 meV, RMSE_F=8.8 meV / A
2025-03-28 01:55:34.842 INFO: Epoch 130: loss=0.0770, RMSE_E=5.2 meV, RMSE_F=8.8 meV / A
2025-03-28 01:55:54.188 INFO: Epoch 132: loss=0.0765, RMSE_E=5.1 meV, RMSE_F=8.7 meV / A
2025-03-28 01:56:13.530 INFO: Epoch 134: loss=0.0758, RMSE_E=5.2 meV, RMSE_F=8.7 meV / A
2025-03-28 01:56:32.851 INFO: Epoch 136: loss=0.0754, RMSE_E=5.1 meV, RMSE_F=8.7 meV / A
2025-03-28 01:56:52.106 INFO: Epoch 138: loss=0.0751, RMSE_E=5.1 meV, RMSE_F=8.7 meV / A
2025-03-28 01:57:11.302 INFO: Epoch 140: loss=0.0746, RMSE_E=5.1 meV, RMSE_F=8.6 meV / A
2025-03-28 01:57:30.450 INFO: Epoch 142: loss=0.0742, RMSE_E=5.1 meV, RMSE_F=8.6 meV / A
2025-03-28 01:57:49.573 INFO: Epoch 144: loss=0.0738, RMSE_E=5.1 meV, RMSE_F=8.6 meV / A
2025-03-28 01:58:08.665 INFO: Epoch 146: loss=0.0738, RMSE_E=5.0 meV, RMSE_F=8.6 meV / A
2025-03-28 01:58:27.750 INFO: Epoch 148: loss=0.0736, RMSE_E=5.0 meV, RMSE_F=8.6 meV / A
2025-03-28 01:58:46.798 INFO: Epoch 150: loss=0.0730, RMSE_E=5.0 meV, RMSE_F=8.5 meV / A
2025-03-28 01:59:05.863 INFO: Epoch 152: loss=0.0728, RMSE_E=5.0 meV, RMSE_F=8.5 meV / A
2025-03-28 01:59:24.909 INFO: Epoch 154: loss=0.0722, RMSE_E=5.0 meV, RMSE_F=8.5 meV / A
2025-03-28 01:59:43.966 INFO: Epoch 156: loss=0.0719, RMSE_E=4.9 meV, RMSE_F=8.5 meV / A
2025-03-28 02:00:03.048 INFO: Epoch 158: loss=0.0713, RMSE_E=5.0 meV, RMSE_F=8.4 meV / A
2025-03-28 02:00:22.122 INFO: Epoch 160: loss=0.0713, RMSE_E=5.0 meV, RMSE_F=8.4 meV / A
2025-03-28 02:00:41.067 INFO: Epoch 162: loss=0.0710, RMSE_E=5.0 meV, RMSE_F=8.4 meV / A
2025-03-28 02:01:00.121 INFO: Epoch 164: loss=0.0709, RMSE_E=5.0 meV, RMSE_F=8.4 meV / A
2025-03-28 02:01:19.126 INFO: Epoch 166: loss=0.0704, RMSE_E=5.0 meV, RMSE_F=8.4 meV / A
2025-03-28 02:01:38.102 INFO: Epoch 168: loss=0.0702, RMSE_E=4.9 meV, RMSE_F=8.4 meV / A
2025-03-28 02:01:57.158 INFO: Epoch 170: loss=0.0697, RMSE_E=4.8 meV, RMSE_F=8.3 meV / A
2025-03-28 02:02:16.258 INFO: Epoch 172: loss=0.0696, RMSE_E=4.8 meV, RMSE_F=8.3 meV / A
2025-03-28 02:02:35.357 INFO: Epoch 174: loss=0.0694, RMSE_E=4.8 meV, RMSE_F=8.3 meV / A
2025-03-28 02:02:54.425 INFO: Epoch 176: loss=0.0691, RMSE_E=4.7 meV, RMSE_F=8.3 meV / A
2025-03-28 02:03:13.617 INFO: Epoch 178: loss=0.0686, RMSE_E=4.8 meV, RMSE_F=8.3 meV / A
2025-03-28 02:03:32.705 INFO: Epoch 180: loss=0.0683, RMSE_E=4.8 meV, RMSE_F=8.3 meV / A
2025-03-28 02:03:51.771 INFO: Epoch 182: loss=0.0680, RMSE_E=4.8 meV, RMSE_F=8.2 meV / A
2025-03-28 02:04:10.858 INFO: Epoch 184: loss=0.0678, RMSE_E=4.9 meV, RMSE_F=8.2 meV / A
2025-03-28 02:04:29.926 INFO: Epoch 186: loss=0.0676, RMSE_E=4.8 meV, RMSE_F=8.2 meV / A
2025-03-28 02:04:49.004 INFO: Epoch 188: loss=0.0673, RMSE_E=4.7 meV, RMSE_F=8.2 meV / A
2025-03-28 02:05:08.050 INFO: Epoch 190: loss=0.0669, RMSE_E=4.8 meV, RMSE_F=8.2 meV / A
2025-03-28 02:05:27.143 INFO: Epoch 192: loss=0.0669, RMSE_E=4.8 meV, RMSE_F=8.2 meV / A
2025-03-28 02:05:46.236 INFO: Epoch 194: loss=0.0667, RMSE_E=4.8 meV, RMSE_F=8.2 meV / A
2025-03-28 02:06:05.359 INFO: Epoch 196: loss=0.0666, RMSE_E=4.8 meV, RMSE_F=8.2 meV / A
2025-03-28 02:06:24.476 INFO: Epoch 198: loss=0.0660, RMSE_E=4.7 meV, RMSE_F=8.1 meV / A
2025-03-28 02:06:43.562 INFO: Epoch 200: loss=0.0659, RMSE_E=4.6 meV, RMSE_F=8.1 meV / A
2025-03-28 02:07:02.676 INFO: Epoch 202: loss=0.0657, RMSE_E=4.6 meV, RMSE_F=8.1 meV / A
2025-03-28 02:07:21.790 INFO: Epoch 204: loss=0.0656, RMSE_E=4.7 meV, RMSE_F=8.1 meV / A
2025-03-28 02:07:40.867 INFO: Epoch 206: loss=0.0650, RMSE_E=4.6 meV, RMSE_F=8.1 meV / A
2025-03-28 02:08:00.007 INFO: Epoch 208: loss=0.0650, RMSE_E=4.6 meV, RMSE_F=8.1 meV / A
2025-03-28 02:08:19.144 INFO: Epoch 210: loss=0.0648, RMSE_E=4.5 meV, RMSE_F=8.1 meV / A
2025-03-28 02:08:38.241 INFO: Epoch 212: loss=0.0647, RMSE_E=4.5 meV, RMSE_F=8.0 meV / A
2025-03-28 02:08:57.336 INFO: Epoch 214: loss=0.0645, RMSE_E=4.5 meV, RMSE_F=8.0 meV / A
2025-03-28 02:09:16.418 INFO: Epoch 216: loss=0.0644, RMSE_E=4.5 meV, RMSE_F=8.0 meV / A
2025-03-28 02:09:35.473 INFO: Epoch 218: loss=0.0641, RMSE_E=4.5 meV, RMSE_F=8.0 meV / A
2025-03-28 02:09:54.569 INFO: Epoch 220: loss=0.0639, RMSE_E=4.6 meV, RMSE_F=8.0 meV / A
2025-03-28 02:10:13.661 INFO: Epoch 222: loss=0.0640, RMSE_E=4.6 meV, RMSE_F=8.0 meV / A
2025-03-28 02:10:32.635 INFO: Epoch 224: loss=0.0639, RMSE_E=4.5 meV, RMSE_F=8.0 meV / A
2025-03-28 02:10:51.626 INFO: Epoch 226: loss=0.0636, RMSE_E=4.5 meV, RMSE_F=8.0 meV / A
2025-03-28 02:11:10.743 INFO: Epoch 228: loss=0.0633, RMSE_E=4.5 meV, RMSE_F=8.0 meV / A
2025-03-28 02:11:29.863 INFO: Epoch 230: loss=0.0631, RMSE_E=4.5 meV, RMSE_F=7.9 meV / A
2025-03-28 02:11:49.018 INFO: Epoch 232: loss=0.0629, RMSE_E=4.5 meV, RMSE_F=7.9 meV / A
2025-03-28 02:12:08.110 INFO: Epoch 234: loss=0.0627, RMSE_E=4.5 meV, RMSE_F=7.9 meV / A
2025-03-28 02:12:27.235 INFO: Epoch 236: loss=0.0626, RMSE_E=4.5 meV, RMSE_F=7.9 meV / A
2025-03-28 02:12:46.335 INFO: Epoch 238: loss=0.0624, RMSE_E=4.6 meV, RMSE_F=7.9 meV / A
2025-03-28 02:13:05.467 INFO: Epoch 240: loss=0.0622, RMSE_E=4.5 meV, RMSE_F=7.9 meV / A
2025-03-28 02:13:24.562 INFO: Epoch 242: loss=0.0622, RMSE_E=4.5 meV, RMSE_F=7.9 meV / A
2025-03-28 02:13:43.673 INFO: Epoch 244: loss=0.0619, RMSE_E=4.4 meV, RMSE_F=7.9 meV / A
2025-03-28 02:14:02.774 INFO: Epoch 246: loss=0.0617, RMSE_E=4.3 meV, RMSE_F=7.9 meV / A
2025-03-28 02:14:21.887 INFO: Epoch 248: loss=0.0615, RMSE_E=4.4 meV, RMSE_F=7.8 meV / A
2025-03-28 02:14:40.999 INFO: Epoch 250: loss=0.0615, RMSE_E=4.3 meV, RMSE_F=7.8 meV / A
2025-03-28 02:15:00.140 INFO: Epoch 252: loss=0.0611, RMSE_E=4.4 meV, RMSE_F=7.8 meV / A
2025-03-28 02:15:18.219 INFO: Epoch 254: loss=0.0611, RMSE_E=4.3 meV, RMSE_F=7.8 meV / A
2025-03-28 02:15:36.873 INFO: Epoch 256: loss=0.0610, RMSE_E=4.4 meV, RMSE_F=7.8 meV / A
2025-03-28 02:15:55.986 INFO: Epoch 258: loss=0.0610, RMSE_E=4.4 meV, RMSE_F=7.8 meV / A
2025-03-28 02:16:14.155 INFO: Epoch 260: loss=0.0608, RMSE_E=4.3 meV, RMSE_F=7.8 meV / A
2025-03-28 02:16:27.987 INFO: Epoch 262: loss=0.0607, RMSE_E=4.3 meV, RMSE_F=7.8 meV / A
2025-03-28 02:16:43.794 INFO: Epoch 264: loss=0.0605, RMSE_E=4.3 meV, RMSE_F=7.8 meV / A
2025-03-28 02:16:59.612 INFO: Epoch 266: loss=0.0603, RMSE_E=4.3 meV, RMSE_F=7.8 meV / A
2025-03-28 02:17:14.437 INFO: Epoch 268: loss=0.0602, RMSE_E=4.3 meV, RMSE_F=7.8 meV / A
2025-03-28 02:17:28.003 INFO: Epoch 270: loss=0.0601, RMSE_E=4.3 meV, RMSE_F=7.7 meV / A
2025-03-28 02:17:43.115 INFO: Epoch 272: loss=0.0599, RMSE_E=4.2 meV, RMSE_F=7.7 meV / A
2025-03-28 02:18:00.294 INFO: Epoch 274: loss=0.0598, RMSE_E=4.3 meV, RMSE_F=7.7 meV / A
2025-03-28 02:18:16.142 INFO: Epoch 276: loss=0.0598, RMSE_E=4.3 meV, RMSE_F=7.7 meV / A
2025-03-28 02:18:30.005 INFO: Epoch 278: loss=0.0597, RMSE_E=4.3 meV, RMSE_F=7.7 meV / A
2025-03-28 02:18:44.155 INFO: Epoch 280: loss=0.0595, RMSE_E=4.2 meV, RMSE_F=7.7 meV / A
2025-03-28 02:18:58.650 INFO: Epoch 282: loss=0.0594, RMSE_E=4.2 meV, RMSE_F=7.7 meV / A
2025-03-28 02:19:13.845 INFO: Epoch 284: loss=0.0592, RMSE_E=4.2 meV, RMSE_F=7.7 meV / A
2025-03-28 02:19:27.351 INFO: Epoch 286: loss=0.0592, RMSE_E=4.2 meV, RMSE_F=7.7 meV / A
2025-03-28 02:19:41.610 INFO: Epoch 288: loss=0.0590, RMSE_E=4.2 meV, RMSE_F=7.7 meV / A
2025-03-28 02:19:56.103 INFO: Epoch 290: loss=0.0588, RMSE_E=4.2 meV, RMSE_F=7.7 meV / A
2025-03-28 02:20:09.848 INFO: Epoch 292: loss=0.0586, RMSE_E=4.2 meV, RMSE_F=7.7 meV / A
2025-03-28 02:20:24.937 INFO: Epoch 294: loss=0.0585, RMSE_E=4.2 meV, RMSE_F=7.6 meV / A
2025-03-28 02:20:40.114 INFO: Epoch 296: loss=0.0583, RMSE_E=4.1 meV, RMSE_F=7.6 meV / A
2025-03-28 02:20:53.520 INFO: Epoch 298: loss=0.0582, RMSE_E=4.1 meV, RMSE_F=7.6 meV / A
2025-03-28 02:21:08.438 INFO: Epoch 300: loss=0.0581, RMSE_E=4.1 meV, RMSE_F=7.6 meV / A
2025-03-28 02:21:23.822 INFO: Epoch 302: loss=0.0581, RMSE_E=4.1 meV, RMSE_F=7.6 meV / A
2025-03-28 02:21:40.400 INFO: Epoch 304: loss=0.0580, RMSE_E=4.1 meV, RMSE_F=7.6 meV / A
2025-03-28 02:21:59.034 INFO: Epoch 306: loss=0.0580, RMSE_E=4.0 meV, RMSE_F=7.6 meV / A
2025-03-28 02:22:17.307 INFO: Epoch 308: loss=0.0582, RMSE_E=4.0 meV, RMSE_F=7.6 meV / A
2025-03-28 02:22:35.351 INFO: Epoch 310: loss=0.0579, RMSE_E=4.0 meV, RMSE_F=7.6 meV / A
2025-03-28 02:22:53.502 INFO: Epoch 312: loss=0.0578, RMSE_E=4.0 meV, RMSE_F=7.6 meV / A
2025-03-28 02:23:11.637 INFO: Epoch 314: loss=0.0578, RMSE_E=4.0 meV, RMSE_F=7.6 meV / A
2025-03-28 02:23:29.756 INFO: Epoch 316: loss=0.0576, RMSE_E=4.0 meV, RMSE_F=7.6 meV / A
2025-03-28 02:23:47.917 INFO: Epoch 318: loss=0.0574, RMSE_E=4.0 meV, RMSE_F=7.6 meV / A
2025-03-28 02:24:06.010 INFO: Epoch 320: loss=0.0574, RMSE_E=4.0 meV, RMSE_F=7.6 meV / A
2025-03-28 02:24:24.115 INFO: Epoch 322: loss=0.0572, RMSE_E=4.0 meV, RMSE_F=7.6 meV / A
2025-03-28 02:24:42.259 INFO: Epoch 324: loss=0.0571, RMSE_E=3.9 meV, RMSE_F=7.6 meV / A
2025-03-28 02:25:00.369 INFO: Epoch 326: loss=0.0571, RMSE_E=3.9 meV, RMSE_F=7.6 meV / A
2025-03-28 02:25:18.390 INFO: Epoch 328: loss=0.0571, RMSE_E=4.0 meV, RMSE_F=7.6 meV / A
2025-03-28 02:25:36.498 INFO: Epoch 330: loss=0.0569, RMSE_E=3.9 meV, RMSE_F=7.5 meV / A
2025-03-28 02:25:54.629 INFO: Epoch 332: loss=0.0568, RMSE_E=3.9 meV, RMSE_F=7.5 meV / A
2025-03-28 02:26:12.751 INFO: Epoch 334: loss=0.0566, RMSE_E=3.9 meV, RMSE_F=7.5 meV / A
2025-03-28 02:26:30.876 INFO: Epoch 336: loss=0.0566, RMSE_E=3.9 meV, RMSE_F=7.5 meV / A
2025-03-28 02:26:48.859 INFO: Epoch 338: loss=0.0565, RMSE_E=3.9 meV, RMSE_F=7.5 meV / A
2025-03-28 02:27:07.009 INFO: Epoch 340: loss=0.0565, RMSE_E=3.9 meV, RMSE_F=7.5 meV / A
2025-03-28 02:27:25.132 INFO: Epoch 342: loss=0.0564, RMSE_E=3.9 meV, RMSE_F=7.5 meV / A
2025-03-28 02:27:43.277 INFO: Epoch 344: loss=0.0565, RMSE_E=3.9 meV, RMSE_F=7.5 meV / A
2025-03-28 02:28:01.243 INFO: Epoch 346: loss=0.0563, RMSE_E=3.9 meV, RMSE_F=7.5 meV / A
2025-03-28 02:28:19.406 INFO: Epoch 348: loss=0.0561, RMSE_E=3.9 meV, RMSE_F=7.5 meV / A
2025-03-28 02:28:37.485 INFO: Epoch 350: loss=0.0561, RMSE_E=3.9 meV, RMSE_F=7.5 meV / A
2025-03-28 02:28:55.589 INFO: Epoch 352: loss=0.0559, RMSE_E=3.9 meV, RMSE_F=7.5 meV / A
2025-03-28 02:29:13.686 INFO: Epoch 354: loss=0.0559, RMSE_E=4.0 meV, RMSE_F=7.5 meV / A
2025-03-28 02:29:31.790 INFO: Epoch 356: loss=0.0557, RMSE_E=3.9 meV, RMSE_F=7.5 meV / A
2025-03-28 02:29:49.910 INFO: Epoch 358: loss=0.0556, RMSE_E=3.9 meV, RMSE_F=7.5 meV / A
2025-03-28 02:30:08.064 INFO: Epoch 360: loss=0.0556, RMSE_E=3.9 meV, RMSE_F=7.5 meV / A
2025-03-28 02:30:26.130 INFO: Epoch 362: loss=0.0555, RMSE_E=3.9 meV, RMSE_F=7.4 meV / A
2025-03-28 02:30:44.265 INFO: Epoch 364: loss=0.0555, RMSE_E=3.9 meV, RMSE_F=7.4 meV / A
2025-03-28 02:31:02.441 INFO: Epoch 366: loss=0.0554, RMSE_E=3.9 meV, RMSE_F=7.4 meV / A
2025-03-28 02:31:20.577 INFO: Epoch 368: loss=0.0553, RMSE_E=3.9 meV, RMSE_F=7.4 meV / A
2025-03-28 02:31:38.706 INFO: Epoch 370: loss=0.0552, RMSE_E=3.9 meV, RMSE_F=7.4 meV / A
2025-03-28 02:31:56.795 INFO: Epoch 372: loss=0.0552, RMSE_E=3.8 meV, RMSE_F=7.4 meV / A
2025-03-28 02:32:14.760 INFO: Epoch 374: loss=0.0551, RMSE_E=3.8 meV, RMSE_F=7.4 meV / A
2025-03-28 02:32:32.879 INFO: Epoch 376: loss=0.0550, RMSE_E=3.8 meV, RMSE_F=7.4 meV / A
2025-03-28 02:32:51.021 INFO: Epoch 378: loss=0.0550, RMSE_E=3.8 meV, RMSE_F=7.4 meV / A
2025-03-28 02:33:09.169 INFO: Epoch 380: loss=0.0549, RMSE_E=3.8 meV, RMSE_F=7.4 meV / A
2025-03-28 02:33:27.301 INFO: Epoch 382: loss=0.0548, RMSE_E=3.8 meV, RMSE_F=7.4 meV / A
2025-03-28 02:33:45.391 INFO: Epoch 384: loss=0.0547, RMSE_E=3.7 meV, RMSE_F=7.4 meV / A
2025-03-28 02:34:03.527 INFO: Epoch 386: loss=0.0547, RMSE_E=3.8 meV, RMSE_F=7.4 meV / A
2025-03-28 02:34:21.701 INFO: Epoch 388: loss=0.0545, RMSE_E=3.8 meV, RMSE_F=7.4 meV / A
2025-03-28 02:34:39.799 INFO: Epoch 390: loss=0.0544, RMSE_E=3.8 meV, RMSE_F=7.4 meV / A
2025-03-28 02:34:57.974 INFO: Epoch 392: loss=0.0543, RMSE_E=3.8 meV, RMSE_F=7.4 meV / A
2025-03-28 02:35:16.078 INFO: Epoch 394: loss=0.0542, RMSE_E=3.8 meV, RMSE_F=7.4 meV / A
2025-03-28 02:35:34.219 INFO: Epoch 396: loss=0.0542, RMSE_E=3.8 meV, RMSE_F=7.4 meV / A
2025-03-28 02:35:52.240 INFO: Epoch 398: loss=0.0542, RMSE_E=3.7 meV, RMSE_F=7.4 meV / A
2025-03-28 02:36:10.193 INFO: Epoch 400: loss=0.0542, RMSE_E=3.8 meV, RMSE_F=7.4 meV / A
2025-03-28 02:36:28.133 INFO: Epoch 402: loss=0.0540, RMSE_E=3.8 meV, RMSE_F=7.3 meV / A
2025-03-28 02:36:46.275 INFO: Epoch 404: loss=0.0540, RMSE_E=3.7 meV, RMSE_F=7.3 meV / A
2025-03-28 02:37:04.427 INFO: Epoch 406: loss=0.0539, RMSE_E=3.8 meV, RMSE_F=7.3 meV / A
2025-03-28 02:37:22.558 INFO: Epoch 408: loss=0.0539, RMSE_E=3.8 meV, RMSE_F=7.3 meV / A
2025-03-28 02:37:40.694 INFO: Epoch 410: loss=0.0538, RMSE_E=3.7 meV, RMSE_F=7.3 meV / A
2025-03-28 02:37:58.874 INFO: Epoch 412: loss=0.0537, RMSE_E=3.7 meV, RMSE_F=7.3 meV / A
2025-03-28 02:38:17.100 INFO: Epoch 414: loss=0.0537, RMSE_E=3.8 meV, RMSE_F=7.3 meV / A
2025-03-28 02:38:35.258 INFO: Epoch 416: loss=0.0536, RMSE_E=3.8 meV, RMSE_F=7.3 meV / A
2025-03-28 02:38:53.422 INFO: Epoch 418: loss=0.0536, RMSE_E=3.8 meV, RMSE_F=7.3 meV / A
2025-03-28 02:39:11.464 INFO: Epoch 420: loss=0.0536, RMSE_E=3.8 meV, RMSE_F=7.3 meV / A
2025-03-28 02:39:29.451 INFO: Epoch 422: loss=0.0536, RMSE_E=3.8 meV, RMSE_F=7.3 meV / A
2025-03-28 02:39:47.514 INFO: Epoch 424: loss=0.0536, RMSE_E=3.8 meV, RMSE_F=7.3 meV / A
2025-03-28 02:40:05.573 INFO: Epoch 426: loss=0.0535, RMSE_E=3.8 meV, RMSE_F=7.3 meV / A
2025-03-28 02:40:23.743 INFO: Epoch 428: loss=0.0535, RMSE_E=3.7 meV, RMSE_F=7.3 meV / A
2025-03-28 02:40:41.759 INFO: Epoch 430: loss=0.0535, RMSE_E=3.7 meV, RMSE_F=7.3 meV / A
2025-03-28 02:40:59.812 INFO: Epoch 432: loss=0.0534, RMSE_E=3.7 meV, RMSE_F=7.3 meV / A
2025-03-28 02:41:17.951 INFO: Epoch 434: loss=0.0534, RMSE_E=3.8 meV, RMSE_F=7.3 meV / A
2025-03-28 02:41:36.153 INFO: Epoch 436: loss=0.0534, RMSE_E=3.7 meV, RMSE_F=7.3 meV / A
2025-03-28 02:41:54.160 INFO: Epoch 438: loss=0.0533, RMSE_E=3.8 meV, RMSE_F=7.3 meV / A
2025-03-28 02:42:12.333 INFO: Epoch 440: loss=0.0533, RMSE_E=3.7 meV, RMSE_F=7.3 meV / A
2025-03-28 02:42:30.515 INFO: Epoch 442: loss=0.0532, RMSE_E=3.7 meV, RMSE_F=7.3 meV / A
2025-03-28 02:42:48.663 INFO: Epoch 444: loss=0.0532, RMSE_E=3.7 meV, RMSE_F=7.3 meV / A
2025-03-28 02:43:06.775 INFO: Epoch 446: loss=0.0530, RMSE_E=3.7 meV, RMSE_F=7.3 meV / A
2025-03-28 02:43:24.845 INFO: Epoch 448: loss=0.0530, RMSE_E=3.7 meV, RMSE_F=7.3 meV / A
2025-03-28 02:43:42.838 INFO: Epoch 450: loss=0.0529, RMSE_E=3.7 meV, RMSE_F=7.3 meV / A
2025-03-28 02:44:00.952 INFO: Epoch 452: loss=0.0529, RMSE_E=3.6 meV, RMSE_F=7.3 meV / A
2025-03-28 02:44:19.075 INFO: Epoch 454: loss=0.0528, RMSE_E=3.7 meV, RMSE_F=7.3 meV / A
2025-03-28 02:44:37.215 INFO: Epoch 456: loss=0.0528, RMSE_E=3.7 meV, RMSE_F=7.3 meV / A
2025-03-28 02:44:55.196 INFO: Epoch 458: loss=0.0528, RMSE_E=3.7 meV, RMSE_F=7.3 meV / A
2025-03-28 02:45:13.183 INFO: Epoch 460: loss=0.0528, RMSE_E=3.7 meV, RMSE_F=7.3 meV / A
2025-03-28 02:45:31.284 INFO: Epoch 462: loss=0.0528, RMSE_E=3.6 meV, RMSE_F=7.3 meV / A
2025-03-28 02:45:49.276 INFO: Epoch 464: loss=0.0527, RMSE_E=3.6 meV, RMSE_F=7.3 meV / A
2025-03-28 02:46:07.443 INFO: Epoch 466: loss=0.0526, RMSE_E=3.7 meV, RMSE_F=7.3 meV / A
2025-03-28 02:46:25.616 INFO: Epoch 468: loss=0.0526, RMSE_E=3.7 meV, RMSE_F=7.2 meV / A
2025-03-28 02:46:43.777 INFO: Epoch 470: loss=0.0525, RMSE_E=3.6 meV, RMSE_F=7.2 meV / A
2025-03-28 02:47:01.958 INFO: Epoch 472: loss=0.0526, RMSE_E=3.6 meV, RMSE_F=7.3 meV / A
2025-03-28 02:47:20.005 INFO: Epoch 474: loss=0.0525, RMSE_E=3.7 meV, RMSE_F=7.2 meV / A
2025-03-28 02:47:38.052 INFO: Epoch 476: loss=0.0525, RMSE_E=3.7 meV, RMSE_F=7.2 meV / A
2025-03-28 02:47:56.234 INFO: Epoch 478: loss=0.0524, RMSE_E=3.7 meV, RMSE_F=7.2 meV / A
2025-03-28 02:48:14.411 INFO: Epoch 480: loss=0.0525, RMSE_E=3.7 meV, RMSE_F=7.2 meV / A
2025-03-28 02:48:32.463 INFO: Epoch 482: loss=0.0525, RMSE_E=3.7 meV, RMSE_F=7.2 meV / A
2025-03-28 02:48:50.512 INFO: Epoch 484: loss=0.0525, RMSE_E=3.7 meV, RMSE_F=7.2 meV / A
2025-03-28 02:49:08.525 INFO: Epoch 486: loss=0.0524, RMSE_E=3.7 meV, RMSE_F=7.2 meV / A
2025-03-28 02:49:26.584 INFO: Epoch 488: loss=0.0524, RMSE_E=3.6 meV, RMSE_F=7.2 meV / A
2025-03-28 02:49:44.477 INFO: Epoch 490: loss=0.0524, RMSE_E=3.6 meV, RMSE_F=7.2 meV / A
2025-03-28 02:50:02.138 INFO: Epoch 492: loss=0.0524, RMSE_E=3.6 meV, RMSE_F=7.2 meV / A
2025-03-28 02:50:20.361 INFO: Epoch 494: loss=0.0524, RMSE_E=3.6 meV, RMSE_F=7.2 meV / A
2025-03-28 02:50:38.414 INFO: Epoch 496: loss=0.0524, RMSE_E=3.6 meV, RMSE_F=7.2 meV / A
2025-03-28 02:50:56.477 INFO: Epoch 498: loss=0.0524, RMSE_E=3.6 meV, RMSE_F=7.2 meV / A
2025-03-28 02:51:05.288 INFO: Training complete
2025-03-28 02:51:05.289 INFO: Computing metrics for training, validation, and test sets
2025-03-28 02:51:05.964 INFO: Loading checkpoint: checkpoints/3BPA_run-123_epoch-492.pt
2025-03-28 02:51:06.031 INFO: Loaded model from epoch 492
2025-03-28 02:51:06.034 INFO: Evaluating train ...
2025-03-28 02:51:10.817 INFO: Evaluating valid ...
2025-03-28 02:51:11.325 INFO: Evaluating Default ...
2025-03-28 02:51:31.796 INFO: 
+-------------+--------------+------------------+-------------------+
| config_type | RMSE E / meV | RMSE F / meV / A | relative F RMSE % |
+-------------+--------------+------------------+-------------------+
|    train    |     2.7      |       4.0        |        0.42       |
|    valid    |     3.6      |       7.2        |        0.75       |
|   Default   |     3.2      |       7.8        |        0.81       |
+-------------+--------------+------------------+-------------------+
2025-03-28 02:51:31.796 INFO: Saving model to checkpoints/3BPA_run-123.model
2025-03-28 02:51:31.948 INFO: Compiling model, saving metadata to 3BPA_compiled.model
2025-03-28 02:51:32.751 INFO: Done
