2024-12-04 23:33:30.812 INFO: MACE version: 0.3.5
2024-12-04 23:33:30.812 INFO: Configuration: Namespace(config=None, name='V', seed=123, log_dir='logs', model_dir='.', checkpoints_dir='checkpoints', results_dir='results', downloads_dir='downloads', device='cuda', default_dtype='float64', distributed=False, log_level='INFO', error_table='TotalRMSE', model='ScaleShiftMACE', r_max=6.0, radial_type='bessel', num_radial_basis=10, num_cutoff_basis=5, pair_repulsion=False, distance_transform='None', interaction='RealAgnosticResidualInteractionBlock', interaction_first='RealAgnosticResidualInteractionBlock', max_ell=3, correlation=3, num_interactions=2, MLP_irreps='16x0e', radial_MLP='[64, 64, 64]', hidden_irreps='128x0e + 128x1o', num_channels=128, max_L=2, gate='silu', scaling='rms_forces_scaling', avg_num_neighbors=1, compute_avg_num_neighbors=True, compute_stress=False, compute_forces=True, train_file='./dataset/train.xyz', valid_file='./dataset/valid.xyz', valid_fraction=0.1, test_file=None, test_dir=None, multi_processed_test=False, num_workers=0, pin_memory=True, atomic_numbers=None, mean=None, std=None, statistics_file=None, E0s='average', keep_isolated_atoms=False, energy_key='energy', forces_key='forces', virials_key='virials', stress_key='stress', dipole_key='dipole', charges_key='charges', loss='ef', forces_weight=1000.0, swa_forces_weight=100.0, energy_weight=1.0, swa_energy_weight=1000.0, virials_weight=1.0, swa_virials_weight=10.0, stress_weight=1.0, swa_stress_weight=10.0, dipole_weight=1.0, swa_dipole_weight=1.0, config_type_weights='{"Default":1.0}', huber_delta=0.01, optimizer='adam', beta=0.9, batch_size=5, valid_batch_size=5, lr=0.005, swa_lr=0.001, weight_decay=1e-08, amsgrad=True, scheduler='ReduceLROnPlateau', lr_factor=0.8, scheduler_patience=5, lr_scheduler_gamma=0.9993, swa=False, start_swa=None, ema=True, ema_decay=0.995, max_num_epochs=100, patience=2048, foundation_model='/home/l6eub2ic/whcs-share31/wangchen/mace/MPtrj/2024-01-07-mace-128-L2_epoch-199.model', foundation_model_readout=True, eval_interval=2, keep_checkpoints=False, save_all_checkpoints=False, restart_latest=False, save_cpu=True, clip_grad=100.0, wandb=False, wandb_dir=None, wandb_project='', wandb_entity='', wandb_name='', wandb_log_hypers=['num_channels', 'max_L', 'correlation', 'lr', 'swa_lr', 'weight_decay', 'batch_size', 'max_num_epochs', 'start_swa', 'energy_weight', 'forces_weight'])
2024-12-04 23:33:30.951 INFO: CUDA version: 11.8, CUDA device: 0
2024-12-04 23:33:31.477 INFO: Error accessing Git repository: /home/l6eub2ic/whcs-share31/wangchen/mace/inorganic/V/finetune
2024-12-04 23:33:33.099 INFO: Using foundation model /home/l6eub2ic/whcs-share31/wangchen/mace/MPtrj/2024-01-07-mace-128-L2_epoch-199.model as initial checkpoint.
2024-12-04 23:33:43.077 INFO: Since ASE version 3.23.0b1, using energy_key 'energy' is no longer safe when communicating between MACE and ASE. We recommend using a different key, rewriting energies to 'REF_energy'. You need to use --energy_key='REF_energy', to tell the key name chosen.
2024-12-04 23:33:45.706 INFO: Since ASE version 3.23.0b1, using forces_key 'forces' is no longer safe when communicating between MACE and ASE. We recommend using a different key, rewriting energies to 'REF_forces'. You need to use --forces_key='REF_forces', to tell the key name chosen.
2024-12-04 23:33:48.296 INFO: Since ASE version 3.23.0b1, using stress_key 'stress' is no longer safe when communicating between MACE and ASE. We recommend using a different key, rewriting energies to 'REF_stress'. You need to use --stress_key='REF_stress', to tell the key name chosen.
2024-12-04 23:33:48.731 INFO: Loaded 14935 training configurations from './dataset/train.xyz'
2024-12-04 23:33:49.441 INFO: Since ASE version 3.23.0b1, using energy_key 'energy' is no longer safe when communicating between MACE and ASE. We recommend using a different key, rewriting energies to 'REF_energy'. You need to use --energy_key='REF_energy', to tell the key name chosen.
2024-12-04 23:33:49.570 INFO: Since ASE version 3.23.0b1, using forces_key 'forces' is no longer safe when communicating between MACE and ASE. We recommend using a different key, rewriting energies to 'REF_forces'. You need to use --forces_key='REF_forces', to tell the key name chosen.
2024-12-04 23:33:49.701 INFO: Since ASE version 3.23.0b1, using stress_key 'stress' is no longer safe when communicating between MACE and ASE. We recommend using a different key, rewriting energies to 'REF_stress'. You need to use --stress_key='REF_stress', to tell the key name chosen.
2024-12-04 23:33:49.722 INFO: Loaded 738 validation configurations from './dataset/valid.xyz'
2024-12-04 23:33:49.723 INFO: Total number of configurations: train=14935, valid=738, tests=[]
2024-12-04 23:33:49.806 INFO: AtomicNumberTable: (23,)
2024-12-04 23:33:49.806 INFO: Atomic Energies not in training file, using command line argument E0s
2024-12-04 23:33:49.806 INFO: Computing average Atomic Energies using least squares regression
2024-12-04 23:33:49.863 INFO: Atomic energies: [-8.505727823646472]
2024-12-04 23:34:09.922 INFO: EnergyForcesLoss(energy_weight=1.000, forces_weight=1000.000)
2024-12-04 23:34:17.779 INFO: Average number of neighbors: 65.6360934926203
2024-12-04 23:34:17.779 INFO: Selected the following outputs: {'energy': True, 'forces': True, 'virials': False, 'stress': False, 'dipoles': False}
2024-12-04 23:34:25.737 INFO: Building model
2024-12-04 23:34:36.476 INFO: ScaleShiftMACE(
  (node_embedding): LinearNodeEmbeddingBlock(
    (linear): Linear(1x0e -> 128x0e | 128 weights)
  )
  (radial_embedding): RadialEmbeddingBlock(
    (bessel_fn): BesselBasis(r_max=6.0, num_basis=10, trainable=True)
    (cutoff_fn): PolynomialCutoff(p=5.0, r_max=6.0)
  )
  (spherical_harmonics): SphericalHarmonics()
  (atomic_energies_fn): AtomicEnergiesBlock(energies=[-8.5057])
  (interactions): ModuleList(
    (0): RealAgnosticResidualInteractionBlock(
      (linear_up): Linear(128x0e -> 128x0e | 16384 weights)
      (conv_tp): TensorProduct(128x0e x 1x0e+1x1o+1x2e+1x3o -> 128x0e+128x1o+128x2e+128x3o | 512 paths | 512 weights)
      (conv_tp_weights): FullyConnectedNet[10, 64, 64, 64, 512]
      (linear): Linear(128x0e+128x1o+128x2e+128x3o -> 128x0e+128x1o+128x2e+128x3o | 65536 weights)
      (skip_tp): FullyConnectedTensorProduct(128x0e x 1x0e -> 128x0e+128x1o+128x2e | 16384 paths | 16384 weights)
      (reshape): reshape_irreps()
    )
    (1): RealAgnosticResidualInteractionBlock(
      (linear_up): Linear(128x0e+128x1o+128x2e -> 128x0e+128x1o+128x2e | 49152 weights)
      (conv_tp): TensorProduct(128x0e+128x1o+128x2e x 1x0e+1x1o+1x2e+1x3o -> 384x0e+640x1o+640x2e+512x3o | 2176 paths | 2176 weights)
      (conv_tp_weights): FullyConnectedNet[10, 64, 64, 64, 2176]
      (linear): Linear(384x0e+640x1o+640x2e+512x3o -> 128x0e+128x1o+128x2e+128x3o | 278528 weights)
      (skip_tp): FullyConnectedTensorProduct(128x0e+128x1o+128x2e x 1x0e -> 128x0e | 16384 paths | 16384 weights)
      (reshape): reshape_irreps()
    )
  )
  (products): ModuleList(
    (0): EquivariantProductBasisBlock(
      (symmetric_contractions): SymmetricContraction(
        (contractions): ModuleList(
          (0): Contraction(
            (contractions_weighting): ModuleList(
              (0-1): 2 x GraphModule()
            )
            (contractions_features): ModuleList(
              (0-1): 2 x GraphModule()
            )
            (weights): ParameterList(
                (0): Parameter containing: [torch.float64 of size 1x4x128 (GPU 0)]
                (1): Parameter containing: [torch.float64 of size 1x1x128 (GPU 0)]
            )
            (graph_opt_main): GraphModule()
          )
          (1): Contraction(
            (contractions_weighting): ModuleList(
              (0-1): 2 x GraphModule()
            )
            (contractions_features): ModuleList(
              (0-1): 2 x GraphModule()
            )
            (weights): ParameterList(
                (0): Parameter containing: [torch.float64 of size 1x6x128 (GPU 0)]
                (1): Parameter containing: [torch.float64 of size 1x1x128 (GPU 0)]
            )
            (graph_opt_main): GraphModule()
          )
          (2): Contraction(
            (contractions_weighting): ModuleList(
              (0-1): 2 x GraphModule()
            )
            (contractions_features): ModuleList(
              (0-1): 2 x GraphModule()
            )
            (weights): ParameterList(
                (0): Parameter containing: [torch.float64 of size 1x7x128 (GPU 0)]
                (1): Parameter containing: [torch.float64 of size 1x1x128 (GPU 0)]
            )
            (graph_opt_main): GraphModule()
          )
        )
      )
      (linear): Linear(128x0e+128x1o+128x2e -> 128x0e+128x1o+128x2e | 49152 weights)
    )
    (1): EquivariantProductBasisBlock(
      (symmetric_contractions): SymmetricContraction(
        (contractions): ModuleList(
          (0): Contraction(
            (contractions_weighting): ModuleList(
              (0-1): 2 x GraphModule()
            )
            (contractions_features): ModuleList(
              (0-1): 2 x GraphModule()
            )
            (weights): ParameterList(
                (0): Parameter containing: [torch.float64 of size 1x4x128 (GPU 0)]
                (1): Parameter containing: [torch.float64 of size 1x1x128 (GPU 0)]
            )
            (graph_opt_main): GraphModule()
          )
        )
      )
      (linear): Linear(128x0e -> 128x0e | 16384 weights)
    )
  )
  (readouts): ModuleList(
    (0): LinearReadoutBlock(
      (linear): Linear(128x0e+128x1o+128x2e -> 1x0e | 128 weights)
    )
    (1): NonLinearReadoutBlock(
      (linear_1): Linear(128x0e -> 16x0e | 2048 weights)
      (non_linearity): Activation [x] (16x0e -> 16x0e)
      (linear_2): Linear(16x0e -> 1x0e | 16 weights)
    )
  )
  (scale_shift): ScaleShiftBlock(scale=0.804154, shift=0.164097)
)
2024-12-04 23:34:36.479 INFO: Number of parameters: 723866
2024-12-04 23:34:36.479 INFO: Optimizer: Adam (
Parameter Group 0
    amsgrad: True
    betas: (0.9, 0.999)
    capturable: False
    differentiable: False
    eps: 1e-08
    foreach: None
    fused: None
    lr: 0.005
    maximize: False
    name: embedding
    weight_decay: 0.0

Parameter Group 1
    amsgrad: True
    betas: (0.9, 0.999)
    capturable: False
    differentiable: False
    eps: 1e-08
    foreach: None
    fused: None
    lr: 0.005
    maximize: False
    name: interactions_decay
    weight_decay: 1e-08

Parameter Group 2
    amsgrad: True
    betas: (0.9, 0.999)
    capturable: False
    differentiable: False
    eps: 1e-08
    foreach: None
    fused: None
    lr: 0.005
    maximize: False
    name: interactions_no_decay
    weight_decay: 0.0

Parameter Group 3
    amsgrad: True
    betas: (0.9, 0.999)
    capturable: False
    differentiable: False
    eps: 1e-08
    foreach: None
    fused: None
    lr: 0.005
    maximize: False
    name: products
    weight_decay: 1e-08

Parameter Group 4
    amsgrad: True
    betas: (0.9, 0.999)
    capturable: False
    differentiable: False
    eps: 1e-08
    foreach: None
    fused: None
    lr: 0.005
    maximize: False
    name: readouts
    weight_decay: 0.0
)
2024-12-04 23:34:36.479 INFO: Using gradient clipping with tolerance=100.000
2024-12-04 23:34:36.479 INFO: Started training
2024-12-04 23:35:01.930 INFO: Epoch None: loss=115.3128, RMSE_E=3727.7 meV, RMSE_F=318.4 meV / A
2024-12-04 23:44:07.876 INFO: Epoch 0: loss=10.4914, RMSE_E=295.8 meV, RMSE_F=101.0 meV / A
2024-12-05 00:01:27.152 INFO: Epoch 2: loss=8.0013, RMSE_E=161.3 meV, RMSE_F=88.3 meV / A
2024-12-05 00:18:46.581 INFO: Epoch 4: loss=7.1890, RMSE_E=129.8 meV, RMSE_F=83.5 meV / A
2024-12-05 00:36:06.835 INFO: Epoch 6: loss=6.7913, RMSE_E=140.6 meV, RMSE_F=81.2 meV / A
2024-12-05 00:53:24.108 INFO: Epoch 8: loss=6.4635, RMSE_E=131.4 meV, RMSE_F=79.1 meV / A
2024-12-05 01:10:43.977 INFO: Epoch 10: loss=6.2021, RMSE_E=111.5 meV, RMSE_F=77.6 meV / A
2024-12-05 01:28:27.916 INFO: Epoch 12: loss=6.0998, RMSE_E=112.3 meV, RMSE_F=77.0 meV / A
2024-12-05 01:46:08.717 INFO: Epoch 14: loss=6.0134, RMSE_E=95.6 meV, RMSE_F=76.5 meV / A
2024-12-05 02:03:51.462 INFO: Epoch 16: loss=5.9339, RMSE_E=108.8 meV, RMSE_F=76.0 meV / A
2024-12-05 02:21:31.045 INFO: Epoch 18: loss=5.8618, RMSE_E=104.4 meV, RMSE_F=75.5 meV / A
2024-12-05 02:38:45.843 INFO: Epoch 20: loss=5.7987, RMSE_E=100.4 meV, RMSE_F=75.0 meV / A
2024-12-05 02:55:58.000 INFO: Epoch 22: loss=5.7733, RMSE_E=96.9 meV, RMSE_F=74.9 meV / A
2024-12-05 03:13:11.205 INFO: Epoch 24: loss=5.7613, RMSE_E=89.5 meV, RMSE_F=74.8 meV / A
2024-12-05 03:30:20.250 INFO: Epoch 26: loss=5.7590, RMSE_E=102.8 meV, RMSE_F=74.7 meV / A
2024-12-05 03:47:33.047 INFO: Epoch 28: loss=5.7117, RMSE_E=81.8 meV, RMSE_F=74.5 meV / A
2024-12-05 04:04:42.714 INFO: Epoch 30: loss=5.7105, RMSE_E=86.7 meV, RMSE_F=74.5 meV / A
2024-12-05 04:21:53.316 INFO: Epoch 32: loss=5.7308, RMSE_E=119.5 meV, RMSE_F=74.6 meV / A
2024-12-05 04:39:00.515 INFO: Epoch 34: loss=5.8111, RMSE_E=92.3 meV, RMSE_F=75.0 meV / A
2024-12-05 04:56:05.572 INFO: Epoch 36: loss=5.8006, RMSE_E=91.7 meV, RMSE_F=75.0 meV / A
2024-12-05 05:13:10.226 INFO: Epoch 38: loss=5.7998, RMSE_E=75.4 meV, RMSE_F=74.9 meV / A
2024-12-05 05:30:14.027 INFO: Epoch 40: loss=5.8279, RMSE_E=70.2 meV, RMSE_F=75.1 meV / A
2024-12-05 05:47:21.290 INFO: Epoch 42: loss=5.8407, RMSE_E=71.8 meV, RMSE_F=75.1 meV / A
2024-12-05 06:04:34.224 INFO: Epoch 44: loss=5.8592, RMSE_E=72.1 meV, RMSE_F=75.2 meV / A
2024-12-05 06:21:40.983 INFO: Epoch 46: loss=5.8714, RMSE_E=71.8 meV, RMSE_F=75.3 meV / A
2024-12-05 06:38:48.149 INFO: Epoch 48: loss=5.9062, RMSE_E=68.5 meV, RMSE_F=75.5 meV / A
2024-12-05 06:55:56.537 INFO: Epoch 50: loss=5.9821, RMSE_E=67.8 meV, RMSE_F=75.9 meV / A
2024-12-05 07:13:09.392 INFO: Epoch 52: loss=5.9864, RMSE_E=70.2 meV, RMSE_F=75.9 meV / A
2024-12-05 07:30:14.885 INFO: Epoch 54: loss=6.0326, RMSE_E=68.4 meV, RMSE_F=76.1 meV / A
2024-12-05 07:47:20.274 INFO: Epoch 56: loss=6.1103, RMSE_E=67.1 meV, RMSE_F=76.7 meV / A
2024-12-05 08:04:26.365 INFO: Epoch 58: loss=6.0902, RMSE_E=65.0 meV, RMSE_F=76.6 meV / A
2024-12-05 08:21:30.821 INFO: Epoch 60: loss=6.1696, RMSE_E=62.1 meV, RMSE_F=77.0 meV / A
2024-12-05 08:38:37.326 INFO: Epoch 62: loss=6.1650, RMSE_E=65.7 meV, RMSE_F=77.0 meV / A
2024-12-05 08:55:39.599 INFO: Epoch 64: loss=6.1851, RMSE_E=63.9 meV, RMSE_F=77.0 meV / A
2024-12-05 09:12:45.486 INFO: Epoch 66: loss=6.2107, RMSE_E=63.2 meV, RMSE_F=77.2 meV / A
2024-12-05 09:29:53.998 INFO: Epoch 68: loss=6.2347, RMSE_E=63.3 meV, RMSE_F=77.4 meV / A
2024-12-05 09:46:59.269 INFO: Epoch 70: loss=6.2764, RMSE_E=62.0 meV, RMSE_F=77.6 meV / A
2024-12-05 10:04:07.713 INFO: Epoch 72: loss=6.3210, RMSE_E=65.5 meV, RMSE_F=77.9 meV / A
2024-12-05 10:21:11.495 INFO: Epoch 74: loss=6.3647, RMSE_E=62.7 meV, RMSE_F=78.1 meV / A
2024-12-05 10:38:17.899 INFO: Epoch 76: loss=6.3782, RMSE_E=63.9 meV, RMSE_F=78.2 meV / A
2024-12-05 10:55:21.525 INFO: Epoch 78: loss=6.4066, RMSE_E=61.9 meV, RMSE_F=78.4 meV / A
2024-12-05 11:12:28.890 INFO: Epoch 80: loss=6.3966, RMSE_E=63.7 meV, RMSE_F=78.3 meV / A
2024-12-05 11:29:35.848 INFO: Epoch 82: loss=6.4427, RMSE_E=62.8 meV, RMSE_F=78.6 meV / A
2024-12-05 11:46:39.435 INFO: Epoch 84: loss=6.4533, RMSE_E=61.4 meV, RMSE_F=78.7 meV / A
2024-12-05 12:03:44.949 INFO: Epoch 86: loss=6.5150, RMSE_E=62.2 meV, RMSE_F=79.0 meV / A
2024-12-05 12:20:48.577 INFO: Epoch 88: loss=6.4859, RMSE_E=61.9 meV, RMSE_F=78.9 meV / A
2024-12-05 12:38:04.540 INFO: Epoch 90: loss=6.5274, RMSE_E=61.9 meV, RMSE_F=79.1 meV / A
2024-12-05 12:55:15.357 INFO: Epoch 92: loss=6.5606, RMSE_E=61.0 meV, RMSE_F=79.3 meV / A
2024-12-05 13:12:21.612 INFO: Epoch 94: loss=6.5686, RMSE_E=61.3 meV, RMSE_F=79.3 meV / A
2024-12-05 13:29:26.587 INFO: Epoch 96: loss=6.5841, RMSE_E=61.5 meV, RMSE_F=79.4 meV / A
2024-12-05 13:46:34.218 INFO: Epoch 98: loss=6.6099, RMSE_E=62.3 meV, RMSE_F=79.6 meV / A
2024-12-05 13:55:02.646 INFO: Training complete
2024-12-05 13:55:02.647 INFO: Computing metrics for training, validation, and test sets
2024-12-05 13:55:02.650 INFO: Loading checkpoint: checkpoints/V_run-123_epoch-30.pt
2024-12-05 13:55:04.467 INFO: Loaded model from epoch 30
2024-12-05 13:55:04.468 INFO: Evaluating train ...
2024-12-05 14:02:59.386 INFO: Evaluating valid ...
2024-12-05 14:03:09.566 INFO: 
+-------------+--------------+------------------+-------------------+
| config_type | RMSE E / meV | RMSE F / meV / A | relative F RMSE % |
+-------------+--------------+------------------+-------------------+
|    train    |     84.1     |       61.2       |        8.67       |
|    valid    |     86.7     |       74.5       |       10.98       |
+-------------+--------------+------------------+-------------------+
2024-12-05 14:03:09.568 INFO: Saving model to checkpoints/V_run-123.model
2024-12-05 14:03:11.994 INFO: Compiling model, saving metadata to V_compiled.model
2024-12-05 14:03:13.810 INFO: Done
