2024-12-04 01:08:16.910 INFO: MACE version: 0.3.5
2024-12-04 01:08:16.910 INFO: Configuration: Namespace(config=None, name='W', seed=123, log_dir='logs', model_dir='.', checkpoints_dir='checkpoints', results_dir='results', downloads_dir='downloads', device='cuda', default_dtype='float64', distributed=False, log_level='INFO', error_table='TotalRMSE', model='ScaleShiftMACE', r_max=6.0, radial_type='bessel', num_radial_basis=10, num_cutoff_basis=5, pair_repulsion=False, distance_transform='None', interaction='RealAgnosticResidualInteractionBlock', interaction_first='RealAgnosticResidualInteractionBlock', max_ell=3, correlation=3, num_interactions=2, MLP_irreps='16x0e', radial_MLP='[64, 64, 64]', hidden_irreps='128x0e + 128x1o', num_channels=128, max_L=2, gate='silu', scaling='rms_forces_scaling', avg_num_neighbors=1, compute_avg_num_neighbors=True, compute_stress=False, compute_forces=True, train_file='./dataset/train.xyz', valid_file='./dataset/valid.xyz', valid_fraction=0.1, test_file=None, test_dir=None, multi_processed_test=False, num_workers=0, pin_memory=True, atomic_numbers=None, mean=None, std=None, statistics_file=None, E0s='average', keep_isolated_atoms=False, energy_key='energy', forces_key='forces', virials_key='virials', stress_key='stress', dipole_key='dipole', charges_key='charges', loss='ef', forces_weight=1000.0, swa_forces_weight=100.0, energy_weight=1.0, swa_energy_weight=1000.0, virials_weight=1.0, swa_virials_weight=10.0, stress_weight=1.0, swa_stress_weight=10.0, dipole_weight=1.0, swa_dipole_weight=1.0, config_type_weights='{"Default":1.0}', huber_delta=0.01, optimizer='adam', beta=0.9, batch_size=5, valid_batch_size=5, lr=0.005, swa_lr=0.001, weight_decay=1e-08, amsgrad=True, scheduler='ReduceLROnPlateau', lr_factor=0.8, scheduler_patience=5, lr_scheduler_gamma=0.9993, swa=False, start_swa=None, ema=True, ema_decay=0.995, max_num_epochs=200, patience=2048, foundation_model='/home/l6eub2ic/whcs-share31/wangchen/mace/MPtrj/2024-01-07-mace-128-L2_epoch-199.model', foundation_model_readout=True, eval_interval=2, keep_checkpoints=False, save_all_checkpoints=False, restart_latest=False, save_cpu=True, clip_grad=100.0, wandb=False, wandb_dir=None, wandb_project='', wandb_entity='', wandb_name='', wandb_log_hypers=['num_channels', 'max_L', 'correlation', 'lr', 'swa_lr', 'weight_decay', 'batch_size', 'max_num_epochs', 'start_swa', 'energy_weight', 'forces_weight'])
2024-12-04 01:08:17.057 INFO: CUDA version: 11.8, CUDA device: 0
2024-12-04 01:08:17.656 INFO: Error accessing Git repository: /home/l6eub2ic/whcs-share31/wangchen/mace/inorganic/W/LoRA
2024-12-04 01:08:20.994 INFO: Using foundation model /home/l6eub2ic/whcs-share31/wangchen/mace/MPtrj/2024-01-07-mace-128-L2_epoch-199.model as initial checkpoint.
2024-12-04 01:08:46.113 INFO: Since ASE version 3.23.0b1, using energy_key 'energy' is no longer safe when communicating between MACE and ASE. We recommend using a different key, rewriting energies to 'REF_energy'. You need to use --energy_key='REF_energy', to tell the key name chosen.
2024-12-04 01:08:53.691 INFO: Since ASE version 3.23.0b1, using forces_key 'forces' is no longer safe when communicating between MACE and ASE. We recommend using a different key, rewriting energies to 'REF_forces'. You need to use --forces_key='REF_forces', to tell the key name chosen.
2024-12-04 01:09:01.411 INFO: Since ASE version 3.23.0b1, using stress_key 'stress' is no longer safe when communicating between MACE and ASE. We recommend using a different key, rewriting energies to 'REF_stress'. You need to use --stress_key='REF_stress', to tell the key name chosen.
2024-12-04 01:09:02.755 INFO: Loaded 42297 training configurations from './dataset/train.xyz'
2024-12-04 01:09:05.314 INFO: Since ASE version 3.23.0b1, using energy_key 'energy' is no longer safe when communicating between MACE and ASE. We recommend using a different key, rewriting energies to 'REF_energy'. You need to use --energy_key='REF_energy', to tell the key name chosen.
2024-12-04 01:09:05.697 INFO: Since ASE version 3.23.0b1, using forces_key 'forces' is no longer safe when communicating between MACE and ASE. We recommend using a different key, rewriting energies to 'REF_forces'. You need to use --forces_key='REF_forces', to tell the key name chosen.
2024-12-04 01:09:06.088 INFO: Since ASE version 3.23.0b1, using stress_key 'stress' is no longer safe when communicating between MACE and ASE. We recommend using a different key, rewriting energies to 'REF_stress'. You need to use --stress_key='REF_stress', to tell the key name chosen.
2024-12-04 01:09:06.158 INFO: Loaded 2100 validation configurations from './dataset/valid.xyz'
2024-12-04 01:09:06.160 INFO: Total number of configurations: train=42297, valid=2100, tests=[]
2024-12-04 01:09:06.486 INFO: AtomicNumberTable: (74,)
2024-12-04 01:09:06.487 INFO: Atomic Energies not in training file, using command line argument E0s
2024-12-04 01:09:06.487 INFO: Computing average Atomic Energies using least squares regression
2024-12-04 01:09:06.620 INFO: Atomic energies: [-12.555612678272986]
2024-12-04 01:10:00.415 INFO: EnergyForcesLoss(energy_weight=1.000, forces_weight=1000.000)
2024-12-04 01:10:24.595 INFO: Average number of neighbors: 55.00836143260731
2024-12-04 01:10:24.596 INFO: Selected the following outputs: {'energy': True, 'forces': True, 'virials': False, 'stress': False, 'dipoles': False}
2024-12-04 01:10:48.950 INFO: Building model
2024-12-04 01:11:05.693 INFO: Number of trainable parameters: 176666
2024-12-04 01:11:05.697 INFO: ScaleShiftMACE(
  (node_embedding): LinearNodeEmbeddingBlock(
    (linear): Linear(1x0e -> 128x0e | 128 weights) | 2064 LoRA_weights)
  )
  (radial_embedding): RadialEmbeddingBlock(
    (bessel_fn): BesselBasis(r_max=6.0, num_basis=10, trainable=True)
    (cutoff_fn): PolynomialCutoff(p=5.0, r_max=6.0)
  )
  (spherical_harmonics): SphericalHarmonics()
  (atomic_energies_fn): AtomicEnergiesBlock(energies=[-12.5556])
  (interactions): ModuleList(
    (0): RealAgnosticResidualInteractionBlock(
      (linear_up): Linear(128x0e -> 128x0e | 16384 weights) | 4096 LoRA_weights)
      (conv_tp): TensorProduct(128x0e x 1x0e+1x1o+1x2e+1x3o -> 128x0e+128x1o+128x2e+128x3o | 512 paths | 512 weights | 0 LoRA_weights)
      (conv_tp_weights): FullyConnectedNet[10, 64, 64, 64, 512]
      (linear): Linear(128x0e+128x1o+128x2e+128x3o -> 128x0e+128x1o+128x2e+128x3o | 65536 weights) | 16384 LoRA_weights)
      (skip_tp): FullyConnectedTensorProduct(128x0e x 1x0e -> 128x0e+128x1o+128x2e | 16384 paths | 16384 weights | 4096 LoRA_weights)
      (reshape): reshape_irreps()
    )
    (1): RealAgnosticResidualInteractionBlock(
      (linear_up): Linear(128x0e+128x1o+128x2e -> 128x0e+128x1o+128x2e | 49152 weights) | 12288 LoRA_weights)
      (conv_tp): TensorProduct(128x0e+128x1o+128x2e x 1x0e+1x1o+1x2e+1x3o -> 384x0e+640x1o+640x2e+512x3o | 2176 paths | 2176 weights | 0 LoRA_weights)
      (conv_tp_weights): FullyConnectedNet[10, 64, 64, 64, 2176]
      (linear): Linear(384x0e+640x1o+640x2e+512x3o -> 128x0e+128x1o+128x2e+128x3o | 278528 weights) | 43008 LoRA_weights)
      (skip_tp): FullyConnectedTensorProduct(128x0e+128x1o+128x2e x 1x0e -> 128x0e | 16384 paths | 16384 weights | 4096 LoRA_weights)
      (reshape): reshape_irreps()
    )
  )
  (products): ModuleList(
    (0): EquivariantProductBasisBlock(
      (symmetric_contractions): SymmetricContraction(
        (contractions): ModuleList(
          (0): Contraction(
            (contractions_weighting): ModuleList(
              (0-1): 2 x GraphModule()
            )
            (contractions_features): ModuleList(
              (0-1): 2 x GraphModule()
            )
            (weights): ParameterList(
                (0): Parameter containing: [torch.float64 of size 1x4x128 (GPU 0)]
                (1): Parameter containing: [torch.float64 of size 1x1x128 (GPU 0)]
            )
            (graph_opt_main): GraphModule()
            (LoRA_weight): ParameterList(
                (0): Parameter containing: [torch.float64 of size 1x23x16 (GPU 0)]
                (1): Parameter containing: [torch.float64 of size 16x128 (GPU 0)]
            )
          )
          (1): Contraction(
            (contractions_weighting): ModuleList(
              (0-1): 2 x GraphModule()
            )
            (contractions_features): ModuleList(
              (0-1): 2 x GraphModule()
            )
            (weights): ParameterList(
                (0): Parameter containing: [torch.float64 of size 1x6x128 (GPU 0)]
                (1): Parameter containing: [torch.float64 of size 1x1x128 (GPU 0)]
            )
            (graph_opt_main): GraphModule()
            (LoRA_weight): ParameterList(
                (0): Parameter containing: [torch.float64 of size 1x51x16 (GPU 0)]
                (1): Parameter containing: [torch.float64 of size 16x128 (GPU 0)]
            )
          )
          (2): Contraction(
            (contractions_weighting): ModuleList(
              (0-1): 2 x GraphModule()
            )
            (contractions_features): ModuleList(
              (0-1): 2 x GraphModule()
            )
            (weights): ParameterList(
                (0): Parameter containing: [torch.float64 of size 1x7x128 (GPU 0)]
                (1): Parameter containing: [torch.float64 of size 1x1x128 (GPU 0)]
            )
            (graph_opt_main): GraphModule()
            (LoRA_weight): ParameterList(
                (0): Parameter containing: [torch.float64 of size 1x65x16 (GPU 0)]
                (1): Parameter containing: [torch.float64 of size 16x128 (GPU 0)]
            )
          )
        )
      )
      (linear): Linear(128x0e+128x1o+128x2e -> 128x0e+128x1o+128x2e | 49152 weights) | 12288 LoRA_weights)
    )
    (1): EquivariantProductBasisBlock(
      (symmetric_contractions): SymmetricContraction(
        (contractions): ModuleList(
          (0): Contraction(
            (contractions_weighting): ModuleList(
              (0-1): 2 x GraphModule()
            )
            (contractions_features): ModuleList(
              (0-1): 2 x GraphModule()
            )
            (weights): ParameterList(
                (0): Parameter containing: [torch.float64 of size 1x4x128 (GPU 0)]
                (1): Parameter containing: [torch.float64 of size 1x1x128 (GPU 0)]
            )
            (graph_opt_main): GraphModule()
            (LoRA_weight): ParameterList(
                (0): Parameter containing: [torch.float64 of size 1x23x16 (GPU 0)]
                (1): Parameter containing: [torch.float64 of size 16x128 (GPU 0)]
            )
          )
        )
      )
      (linear): Linear(128x0e -> 128x0e | 16384 weights) | 4096 LoRA_weights)
    )
  )
  (readouts): ModuleList(
    (0): LinearReadoutBlock(
      (linear): Linear(128x0e+128x1o+128x2e -> 1x0e | 128 weights) | 2064 LoRA_weights)
    )
    (1): NonLinearReadoutBlock(
      (linear_1): Linear(128x0e -> 16x0e | 2048 weights) | 2304 LoRA_weights)
      (non_linearity): Activation [x] (16x0e -> 16x0e)
      (linear_2): Linear(16x0e -> 1x0e | 16 weights) | 272 LoRA_weights)
    )
  )
  (scale_shift): ScaleShiftBlock(scale=0.804154, shift=0.164097)
)
2024-12-04 01:11:05.701 INFO: Number of parameters: 897322
2024-12-04 01:11:05.701 INFO: Optimizer: Adam (
Parameter Group 0
    amsgrad: True
    betas: (0.9, 0.999)
    capturable: False
    differentiable: False
    eps: 1e-08
    foreach: None
    fused: None
    lr: 0.005
    maximize: False
    name: embedding
    weight_decay: 0.0

Parameter Group 1
    amsgrad: True
    betas: (0.9, 0.999)
    capturable: False
    differentiable: False
    eps: 1e-08
    foreach: None
    fused: None
    lr: 0.005
    maximize: False
    name: interactions_decay
    weight_decay: 1e-08

Parameter Group 2
    amsgrad: True
    betas: (0.9, 0.999)
    capturable: False
    differentiable: False
    eps: 1e-08
    foreach: None
    fused: None
    lr: 0.005
    maximize: False
    name: interactions_no_decay
    weight_decay: 0.0

Parameter Group 3
    amsgrad: True
    betas: (0.9, 0.999)
    capturable: False
    differentiable: False
    eps: 1e-08
    foreach: None
    fused: None
    lr: 0.005
    maximize: False
    name: products
    weight_decay: 1e-08

Parameter Group 4
    amsgrad: True
    betas: (0.9, 0.999)
    capturable: False
    differentiable: False
    eps: 1e-08
    foreach: None
    fused: None
    lr: 0.005
    maximize: False
    name: readouts
    weight_decay: 0.0
)
2024-12-04 01:11:05.701 INFO: Using gradient clipping with tolerance=100.000
2024-12-04 01:11:05.701 INFO: Started training
2024-12-04 01:11:54.677 INFO: Epoch None: loss=10637.0003, RMSE_E=98851.0 meV, RMSE_F=893.6 meV / A
2024-12-04 01:37:59.722 INFO: Epoch 0: loss=12.5565, RMSE_E=199.3 meV, RMSE_F=116.3 meV / A
2024-12-04 02:29:23.740 INFO: Epoch 2: loss=8.9698, RMSE_E=142.7 meV, RMSE_F=99.8 meV / A
2024-12-04 03:21:26.535 INFO: Epoch 4: loss=7.9975, RMSE_E=129.4 meV, RMSE_F=94.9 meV / A
2024-12-04 04:14:13.002 INFO: Epoch 6: loss=7.4633, RMSE_E=96.3 meV, RMSE_F=91.9 meV / A
2024-12-04 05:07:30.757 INFO: Epoch 8: loss=7.1854, RMSE_E=85.8 meV, RMSE_F=90.3 meV / A
2024-12-04 06:01:24.082 INFO: Epoch 10: loss=6.9184, RMSE_E=95.9 meV, RMSE_F=88.8 meV / A
2024-12-04 06:55:41.907 INFO: Epoch 12: loss=6.6717, RMSE_E=89.6 meV, RMSE_F=87.4 meV / A
2024-12-04 07:50:23.889 INFO: Epoch 14: loss=6.5528, RMSE_E=86.3 meV, RMSE_F=86.8 meV / A
2024-12-04 08:45:40.715 INFO: Epoch 16: loss=6.4444, RMSE_E=85.3 meV, RMSE_F=86.1 meV / A
2024-12-04 09:41:42.680 INFO: Epoch 18: loss=6.3066, RMSE_E=86.8 meV, RMSE_F=85.3 meV / A
2024-12-04 10:38:24.587 INFO: Epoch 20: loss=6.2677, RMSE_E=77.1 meV, RMSE_F=85.0 meV / A
2024-12-04 11:35:15.440 INFO: Epoch 22: loss=6.2190, RMSE_E=92.7 meV, RMSE_F=84.7 meV / A
2024-12-04 12:32:56.938 INFO: Epoch 24: loss=6.1162, RMSE_E=82.6 meV, RMSE_F=84.2 meV / A
2024-12-04 13:31:07.434 INFO: Epoch 26: loss=6.1074, RMSE_E=88.2 meV, RMSE_F=84.0 meV / A
2024-12-04 14:30:24.335 INFO: Epoch 28: loss=6.0539, RMSE_E=75.6 meV, RMSE_F=83.8 meV / A
2024-12-04 15:30:50.539 INFO: Epoch 30: loss=6.0136, RMSE_E=81.5 meV, RMSE_F=83.5 meV / A
2024-12-04 16:30:45.842 INFO: Epoch 32: loss=5.9606, RMSE_E=73.2 meV, RMSE_F=83.3 meV / A
2024-12-04 17:31:33.024 INFO: Epoch 34: loss=5.9746, RMSE_E=79.2 meV, RMSE_F=83.3 meV / A
2024-12-04 18:33:17.016 INFO: Epoch 36: loss=5.9318, RMSE_E=74.2 meV, RMSE_F=82.9 meV / A
2024-12-04 19:34:48.356 INFO: Epoch 38: loss=5.9508, RMSE_E=76.5 meV, RMSE_F=83.2 meV / A
2024-12-04 20:37:29.954 INFO: Epoch 40: loss=5.8591, RMSE_E=72.7 meV, RMSE_F=82.7 meV / A
2024-12-04 21:39:53.214 INFO: Epoch 42: loss=5.8206, RMSE_E=71.9 meV, RMSE_F=82.3 meV / A
2024-12-04 22:43:53.425 INFO: Epoch 44: loss=5.8527, RMSE_E=85.4 meV, RMSE_F=82.4 meV / A
2024-12-04 23:47:42.030 INFO: Epoch 46: loss=5.7955, RMSE_E=71.9 meV, RMSE_F=82.2 meV / A
2024-12-05 00:52:09.436 INFO: Epoch 48: loss=5.7890, RMSE_E=75.4 meV, RMSE_F=82.1 meV / A
2024-12-05 01:56:42.065 INFO: Epoch 50: loss=5.7681, RMSE_E=74.5 meV, RMSE_F=82.1 meV / A
2024-12-05 03:03:19.367 INFO: Epoch 52: loss=5.7537, RMSE_E=74.2 meV, RMSE_F=81.9 meV / A
2024-12-05 04:09:14.690 INFO: Epoch 54: loss=5.7532, RMSE_E=94.4 meV, RMSE_F=81.8 meV / A
2024-12-05 05:16:51.331 INFO: Epoch 56: loss=5.7467, RMSE_E=73.8 meV, RMSE_F=81.8 meV / A
2024-12-05 06:24:11.463 INFO: Epoch 58: loss=5.7122, RMSE_E=75.2 meV, RMSE_F=81.7 meV / A
2024-12-05 07:32:10.629 INFO: Epoch 60: loss=5.7217, RMSE_E=77.8 meV, RMSE_F=81.7 meV / A
2024-12-05 08:40:42.055 INFO: Epoch 62: loss=5.7585, RMSE_E=79.4 meV, RMSE_F=81.8 meV / A
2024-12-05 09:49:11.080 INFO: Epoch 64: loss=5.6755, RMSE_E=76.4 meV, RMSE_F=81.3 meV / A
2024-12-05 10:57:50.337 INFO: Epoch 66: loss=5.6939, RMSE_E=77.4 meV, RMSE_F=81.4 meV / A
2024-12-05 12:06:18.254 INFO: Epoch 68: loss=5.6568, RMSE_E=76.8 meV, RMSE_F=81.4 meV / A
2024-12-05 13:14:27.714 INFO: Epoch 70: loss=5.6589, RMSE_E=70.8 meV, RMSE_F=81.2 meV / A
2024-12-05 14:24:53.247 INFO: Epoch 72: loss=5.6390, RMSE_E=73.3 meV, RMSE_F=81.0 meV / A
2024-12-05 15:33:44.222 INFO: Epoch 74: loss=5.6210, RMSE_E=67.3 meV, RMSE_F=80.9 meV / A
2024-12-05 16:44:51.067 INFO: Epoch 76: loss=5.6876, RMSE_E=71.5 meV, RMSE_F=81.4 meV / A
2024-12-05 17:59:40.381 INFO: Epoch 78: loss=5.6385, RMSE_E=73.4 meV, RMSE_F=81.0 meV / A
2024-12-05 19:11:21.224 INFO: Epoch 80: loss=5.6797, RMSE_E=71.5 meV, RMSE_F=81.2 meV / A
2024-12-05 20:21:59.317 INFO: Epoch 82: loss=5.4923, RMSE_E=63.4 meV, RMSE_F=80.3 meV / A
2024-12-05 21:34:55.389 INFO: Epoch 84: loss=5.5145, RMSE_E=65.9 meV, RMSE_F=80.2 meV / A
2024-12-05 22:47:46.617 INFO: Epoch 86: loss=5.4679, RMSE_E=76.9 meV, RMSE_F=80.0 meV / A
2024-12-06 00:00:49.337 INFO: Epoch 88: loss=5.4887, RMSE_E=68.5 meV, RMSE_F=80.1 meV / A
2024-12-06 01:14:14.429 INFO: Epoch 90: loss=5.4636, RMSE_E=65.3 meV, RMSE_F=80.0 meV / A
2024-12-06 02:29:56.297 INFO: Epoch 92: loss=5.4645, RMSE_E=71.3 meV, RMSE_F=80.0 meV / A
2024-12-06 03:47:59.961 INFO: Epoch 94: loss=5.4498, RMSE_E=68.4 meV, RMSE_F=79.9 meV / A
2024-12-06 05:04:45.182 INFO: Epoch 96: loss=5.4515, RMSE_E=70.2 meV, RMSE_F=79.8 meV / A
2024-12-06 06:22:51.368 INFO: Epoch 98: loss=5.4677, RMSE_E=71.6 meV, RMSE_F=79.9 meV / A
2024-12-06 07:42:23.747 INFO: Epoch 100: loss=5.4110, RMSE_E=67.8 meV, RMSE_F=79.6 meV / A
2024-12-06 09:01:37.826 INFO: Epoch 102: loss=5.4218, RMSE_E=66.1 meV, RMSE_F=79.6 meV / A
2024-12-06 10:20:14.653 INFO: Epoch 104: loss=5.4259, RMSE_E=72.5 meV, RMSE_F=79.7 meV / A
2024-12-06 11:39:50.989 INFO: Epoch 106: loss=5.4288, RMSE_E=68.9 meV, RMSE_F=79.7 meV / A
2024-12-06 12:58:14.211 INFO: Epoch 108: loss=5.3807, RMSE_E=63.5 meV, RMSE_F=79.5 meV / A
2024-12-06 14:18:12.675 INFO: Epoch 110: loss=5.3447, RMSE_E=66.1 meV, RMSE_F=79.2 meV / A
2024-12-06 15:41:28.956 INFO: Epoch 112: loss=5.3325, RMSE_E=67.7 meV, RMSE_F=79.1 meV / A
2024-12-06 17:04:01.796 INFO: Epoch 114: loss=5.3374, RMSE_E=66.4 meV, RMSE_F=79.2 meV / A
2024-12-06 18:30:47.894 INFO: Epoch 116: loss=5.3632, RMSE_E=64.0 meV, RMSE_F=79.3 meV / A
2024-12-06 19:52:51.229 INFO: Epoch 118: loss=5.3615, RMSE_E=64.6 meV, RMSE_F=79.3 meV / A
2024-12-06 21:14:19.967 INFO: Epoch 120: loss=5.3350, RMSE_E=62.8 meV, RMSE_F=79.1 meV / A
2024-12-06 22:38:31.446 INFO: Epoch 122: loss=5.3132, RMSE_E=64.1 meV, RMSE_F=78.9 meV / A
2024-12-07 00:01:49.740 INFO: Epoch 124: loss=5.2970, RMSE_E=61.9 meV, RMSE_F=78.9 meV / A
2024-12-07 01:28:19.838 INFO: Epoch 126: loss=5.2884, RMSE_E=62.9 meV, RMSE_F=79.0 meV / A
2024-12-07 02:52:56.809 INFO: Epoch 128: loss=5.2865, RMSE_E=61.8 meV, RMSE_F=78.9 meV / A
2024-12-07 04:18:53.088 INFO: Epoch 130: loss=5.3174, RMSE_E=66.8 meV, RMSE_F=79.1 meV / A
2024-12-07 05:44:40.360 INFO: Epoch 132: loss=5.3417, RMSE_E=62.9 meV, RMSE_F=79.2 meV / A
2024-12-07 07:09:02.431 INFO: Epoch 134: loss=5.2725, RMSE_E=66.3 meV, RMSE_F=78.9 meV / A
2024-12-07 08:35:08.355 INFO: Epoch 136: loss=5.2712, RMSE_E=63.8 meV, RMSE_F=78.9 meV / A
2024-12-07 10:00:07.792 INFO: Epoch 138: loss=5.2875, RMSE_E=61.9 meV, RMSE_F=78.9 meV / A
2024-12-07 11:27:55.921 INFO: Epoch 140: loss=5.3246, RMSE_E=62.5 meV, RMSE_F=79.2 meV / A
2024-12-07 12:54:49.252 INFO: Epoch 142: loss=5.3072, RMSE_E=62.0 meV, RMSE_F=79.0 meV / A
2024-12-07 14:21:15.035 INFO: Epoch 144: loss=5.2977, RMSE_E=63.3 meV, RMSE_F=79.0 meV / A
2024-12-07 15:50:57.551 INFO: Epoch 146: loss=5.2770, RMSE_E=62.9 meV, RMSE_F=78.9 meV / A
2024-12-07 17:19:43.218 INFO: Epoch 148: loss=5.2655, RMSE_E=61.6 meV, RMSE_F=78.9 meV / A
2024-12-07 18:49:09.802 INFO: Epoch 150: loss=5.2693, RMSE_E=61.4 meV, RMSE_F=78.8 meV / A
2024-12-07 20:20:31.667 INFO: Epoch 152: loss=5.2790, RMSE_E=61.5 meV, RMSE_F=78.9 meV / A
2024-12-07 21:49:48.995 INFO: Epoch 154: loss=5.2660, RMSE_E=59.5 meV, RMSE_F=78.9 meV / A
2024-12-07 23:20:28.685 INFO: Epoch 156: loss=5.2570, RMSE_E=60.9 meV, RMSE_F=78.8 meV / A
2024-12-08 00:51:45.044 INFO: Epoch 158: loss=5.2654, RMSE_E=62.4 meV, RMSE_F=78.9 meV / A
2024-12-08 02:21:53.274 INFO: Epoch 160: loss=5.2679, RMSE_E=61.1 meV, RMSE_F=78.9 meV / A
2024-12-08 03:54:36.393 INFO: Epoch 162: loss=5.2760, RMSE_E=61.0 meV, RMSE_F=79.0 meV / A
2024-12-08 05:26:58.797 INFO: Epoch 164: loss=5.2436, RMSE_E=60.6 meV, RMSE_F=78.8 meV / A
2024-12-08 07:02:37.558 INFO: Epoch 166: loss=5.2415, RMSE_E=61.1 meV, RMSE_F=78.8 meV / A
2024-12-08 08:37:24.378 INFO: Epoch 168: loss=5.2601, RMSE_E=60.4 meV, RMSE_F=78.8 meV / A
2024-12-08 10:11:12.450 INFO: Epoch 170: loss=5.2319, RMSE_E=61.4 meV, RMSE_F=78.7 meV / A
2024-12-08 11:45:47.665 INFO: Epoch 172: loss=5.2600, RMSE_E=60.4 meV, RMSE_F=78.9 meV / A
2024-12-08 13:21:23.149 INFO: Epoch 174: loss=5.2595, RMSE_E=60.7 meV, RMSE_F=79.0 meV / A
2024-12-08 14:57:59.960 INFO: Epoch 176: loss=5.2511, RMSE_E=60.6 meV, RMSE_F=78.9 meV / A
2024-12-08 16:34:38.275 INFO: Epoch 178: loss=5.2477, RMSE_E=59.1 meV, RMSE_F=78.9 meV / A
2024-12-08 18:12:04.746 INFO: Epoch 180: loss=5.2467, RMSE_E=59.0 meV, RMSE_F=78.8 meV / A
2024-12-08 19:48:53.934 INFO: Epoch 182: loss=5.2746, RMSE_E=62.5 meV, RMSE_F=79.0 meV / A
2024-12-08 21:29:02.985 INFO: Epoch 184: loss=5.2548, RMSE_E=61.0 meV, RMSE_F=79.0 meV / A
2024-12-08 23:08:53.000 INFO: Epoch 186: loss=5.2526, RMSE_E=61.6 meV, RMSE_F=79.0 meV / A
2024-12-09 00:46:45.736 INFO: Epoch 188: loss=5.2619, RMSE_E=59.4 meV, RMSE_F=79.0 meV / A
2024-12-09 02:26:08.506 INFO: Epoch 190: loss=5.2546, RMSE_E=59.0 meV, RMSE_F=78.9 meV / A
2024-12-09 04:06:12.630 INFO: Epoch 192: loss=5.2630, RMSE_E=61.5 meV, RMSE_F=79.0 meV / A
2024-12-09 05:47:35.327 INFO: Epoch 194: loss=5.2573, RMSE_E=59.7 meV, RMSE_F=79.0 meV / A
2024-12-09 07:28:39.700 INFO: Epoch 196: loss=5.2723, RMSE_E=58.1 meV, RMSE_F=79.1 meV / A
2024-12-09 09:11:30.520 INFO: Epoch 198: loss=5.2514, RMSE_E=58.9 meV, RMSE_F=79.0 meV / A
2024-12-09 10:01:56.611 INFO: Training complete
2024-12-09 10:01:56.612 INFO: Computing metrics for training, validation, and test sets
2024-12-09 10:01:56.619 INFO: Loading checkpoint: checkpoints/W_run-123_epoch-170.pt
2024-12-09 10:01:59.598 INFO: Loaded model from epoch 170
2024-12-09 10:01:59.599 INFO: Evaluating train ...
2024-12-09 11:05:02.125 INFO: Evaluating valid ...
2024-12-09 11:05:47.683 INFO: 
+-------------+--------------+------------------+-------------------+
| config_type | RMSE E / meV | RMSE F / meV / A | relative F RMSE % |
+-------------+--------------+------------------+-------------------+
|    train    |     62.2     |       63.1       |        3.29       |
|    valid    |     61.4     |       78.7       |        3.97       |
+-------------+--------------+------------------+-------------------+
2024-12-09 11:05:47.684 INFO: Saving model to checkpoints/W_run-123.model
2024-12-09 11:05:50.293 INFO: Compiling model, saving metadata to W_compiled.model
2024-12-09 11:05:52.270 INFO: Done
