2024-11-25 15:07:39.822 INFO: MACE version: 0.3.5
2024-11-25 15:07:39.822 INFO: Configuration: Namespace(config=None, name='malonaldehyde', seed=123, log_dir='logs', model_dir='.', checkpoints_dir='checkpoints', results_dir='results', downloads_dir='downloads', device='cuda', default_dtype='float64', distributed=False, log_level='INFO', error_table='TotalRMSE', model='MACE', r_max=5.0, radial_type='bessel', num_radial_basis=8, num_cutoff_basis=5, pair_repulsion=False, distance_transform='None', interaction='RealAgnosticResidualInteractionBlock', interaction_first='RealAgnosticResidualInteractionBlock', max_ell=3, correlation=3, num_interactions=2, MLP_irreps='16x0e', radial_MLP='[64, 64, 64]', hidden_irreps='128x0e + 128x1o', num_channels=128, max_L=1, gate='silu', scaling='rms_forces_scaling', avg_num_neighbors=1, compute_avg_num_neighbors=True, compute_stress=False, compute_forces=True, train_file='./dataset/train.xyz', valid_file='./dataset/valid.xyz', valid_fraction=0.1, test_file=None, test_dir=None, multi_processed_test=False, num_workers=0, pin_memory=True, atomic_numbers=None, mean=None, std=None, statistics_file=None, E0s='average', keep_isolated_atoms=False, energy_key='energy', forces_key='forces', virials_key='virials', stress_key='stress', dipole_key='dipole', charges_key='charges', loss='ef', forces_weight=1000.0, swa_forces_weight=100.0, energy_weight=1.0, swa_energy_weight=1000.0, virials_weight=1.0, swa_virials_weight=10.0, stress_weight=1.0, swa_stress_weight=10.0, dipole_weight=1.0, swa_dipole_weight=1.0, config_type_weights='{"Default":1.0}', huber_delta=0.01, optimizer='adam', beta=0.9, batch_size=5, valid_batch_size=5, lr=0.005, swa_lr=0.001, weight_decay=1e-08, amsgrad=True, scheduler='ReduceLROnPlateau', lr_factor=0.8, scheduler_patience=5, lr_scheduler_gamma=0.9993, swa=False, start_swa=None, ema=True, ema_decay=0.995, max_num_epochs=500, patience=2048, foundation_model='/home/l6eub2ic/whcs-share31/wangchen/mace/MPtrj/MACE-OFF23_medium.model', foundation_model_readout=True, eval_interval=2, keep_checkpoints=False, save_all_checkpoints=False, restart_latest=False, save_cpu=True, clip_grad=100.0, wandb=False, wandb_dir=None, wandb_project='', wandb_entity='', wandb_name='', wandb_log_hypers=['num_channels', 'max_L', 'correlation', 'lr', 'swa_lr', 'weight_decay', 'batch_size', 'max_num_epochs', 'start_swa', 'energy_weight', 'forces_weight'])
2024-11-25 15:07:39.964 INFO: CUDA version: 11.8, CUDA device: 0
2024-11-25 15:07:40.527 INFO: Error accessing Git repository: /home/l6eub2ic/whcs-share31/wangchen/mace/organic/malonaldehyde/LoRA
2024-11-25 15:07:43.631 INFO: Using foundation model /home/l6eub2ic/whcs-share31/wangchen/mace/MPtrj/MACE-OFF23_medium.model as initial checkpoint.
2024-11-25 15:07:43.685 INFO: Since ASE version 3.23.0b1, using energy_key 'energy' is no longer safe when communicating between MACE and ASE. We recommend using a different key, rewriting energies to 'REF_energy'. You need to use --energy_key='REF_energy', to tell the key name chosen.
2024-11-25 15:07:43.695 INFO: Since ASE version 3.23.0b1, using forces_key 'forces' is no longer safe when communicating between MACE and ASE. We recommend using a different key, rewriting energies to 'REF_forces'. You need to use --forces_key='REF_forces', to tell the key name chosen.
2024-11-25 15:07:43.705 INFO: Since ASE version 3.23.0b1, using stress_key 'stress' is no longer safe when communicating between MACE and ASE. We recommend using a different key, rewriting energies to 'REF_stress'. You need to use --stress_key='REF_stress', to tell the key name chosen.
2024-11-25 15:07:43.707 INFO: Loaded 50 training configurations from './dataset/train.xyz'
2024-11-25 15:07:44.962 INFO: Since ASE version 3.23.0b1, using energy_key 'energy' is no longer safe when communicating between MACE and ASE. We recommend using a different key, rewriting energies to 'REF_energy'. You need to use --energy_key='REF_energy', to tell the key name chosen.
2024-11-25 15:07:45.129 INFO: Since ASE version 3.23.0b1, using forces_key 'forces' is no longer safe when communicating between MACE and ASE. We recommend using a different key, rewriting energies to 'REF_forces'. You need to use --forces_key='REF_forces', to tell the key name chosen.
2024-11-25 15:07:45.295 INFO: Since ASE version 3.23.0b1, using stress_key 'stress' is no longer safe when communicating between MACE and ASE. We recommend using a different key, rewriting energies to 'REF_stress'. You need to use --stress_key='REF_stress', to tell the key name chosen.
2024-11-25 15:07:45.317 INFO: Loaded 950 validation configurations from './dataset/valid.xyz'
2024-11-25 15:07:45.318 INFO: Total number of configurations: train=50, valid=950, tests=[]
2024-11-25 15:07:45.320 INFO: AtomicNumberTable: (1, 6, 8)
2024-11-25 15:07:45.321 INFO: Atomic Energies not in training file, using command line argument E0s
2024-11-25 15:07:45.321 INFO: Computing average Atomic Energies using least squares regression
2024-11-25 15:07:45.322 INFO: Atomic energies: [-1000.6944664992552, -750.5208498744418, -500.34723324962755]
2024-11-25 15:07:45.820 INFO: EnergyForcesLoss(energy_weight=1.000, forces_weight=1000.000)
2024-11-25 15:07:45.844 INFO: Average number of neighbors: 8.0
2024-11-25 15:07:45.845 INFO: Selected the following outputs: {'energy': True, 'forces': True, 'virials': False, 'stress': False, 'dipoles': False}
2024-11-25 15:07:45.867 INFO: Building model
2024-11-25 15:07:51.169 INFO: Number of trainable parameters: 175880
2024-11-25 15:07:51.173 INFO: ScaleShiftMACE(
  (node_embedding): LinearNodeEmbeddingBlock(
    (linear): Linear(3x0e -> 128x0e | 384 weights) | 2096 LoRA_weights)
  )
  (radial_embedding): RadialEmbeddingBlock(
    (bessel_fn): BesselBasis(r_max=5.0, num_basis=8, trainable=True)
    (cutoff_fn): PolynomialCutoff(p=5.0, r_max=5.0)
  )
  (spherical_harmonics): SphericalHarmonics()
  (atomic_energies_fn): AtomicEnergiesBlock(energies=[-1000.6945, -750.5208, -500.3472])
  (interactions): ModuleList(
    (0): RealAgnosticInteractionBlock(
      (linear_up): Linear(128x0e -> 128x0e | 16384 weights) | 4096 LoRA_weights)
      (conv_tp): TensorProduct(128x0e x 1x0e+1x1o+1x2e+1x3o -> 128x0e+128x1o+128x2e+128x3o | 512 paths | 512 weights | 0 LoRA_weights)
      (conv_tp_weights): FullyConnectedNet[8, 64, 64, 64, 512]
      (linear): Linear(128x0e+128x1o+128x2e+128x3o -> 128x0e+128x1o+128x2e+128x3o | 65536 weights) | 16384 LoRA_weights)
      (skip_tp): FullyConnectedTensorProduct(128x0e+128x1o+128x2e+128x3o x 3x0e -> 128x0e+128x1o+128x2e+128x3o | 196608 paths | 196608 weights | 32768 LoRA_weights)
      (reshape): reshape_irreps()
    )
    (1): RealAgnosticResidualInteractionBlock(
      (linear_up): Linear(128x0e+128x1o -> 128x0e+128x1o | 32768 weights) | 8192 LoRA_weights)
      (conv_tp): TensorProduct(128x0e+128x1o x 1x0e+1x1o+1x2e+1x3o -> 256x0e+384x1o+384x2e+256x3o | 1280 paths | 1280 weights | 0 LoRA_weights)
      (conv_tp_weights): FullyConnectedNet[8, 64, 64, 64, 1280]
      (linear): Linear(256x0e+384x1o+384x2e+256x3o -> 128x0e+128x1o+128x2e+128x3o | 163840 weights) | 28672 LoRA_weights)
      (skip_tp): FullyConnectedTensorProduct(128x0e+128x1o x 3x0e -> 128x0e | 49152 paths | 49152 weights | 8192 LoRA_weights)
      (reshape): reshape_irreps()
    )
  )
  (products): ModuleList(
    (0): EquivariantProductBasisBlock(
      (symmetric_contractions): SymmetricContraction(
        (contractions): ModuleList(
          (0): Contraction(
            (contractions_weighting): ModuleList(
              (0-1): 2 x GraphModule()
            )
            (contractions_features): ModuleList(
              (0-1): 2 x GraphModule()
            )
            (weights): ParameterList(
                (0): Parameter containing: [torch.float64 of size 3x4x128 (GPU 0)]
                (1): Parameter containing: [torch.float64 of size 3x1x128 (GPU 0)]
            )
            (graph_opt_main): GraphModule()
            (LoRA_weight): ParameterList(
                (0): Parameter containing: [torch.float64 of size 3x23x16 (GPU 0)]
                (1): Parameter containing: [torch.float64 of size 16x128 (GPU 0)]
            )
          )
          (1): Contraction(
            (contractions_weighting): ModuleList(
              (0-1): 2 x GraphModule()
            )
            (contractions_features): ModuleList(
              (0-1): 2 x GraphModule()
            )
            (weights): ParameterList(
                (0): Parameter containing: [torch.float64 of size 3x6x128 (GPU 0)]
                (1): Parameter containing: [torch.float64 of size 3x1x128 (GPU 0)]
            )
            (graph_opt_main): GraphModule()
            (LoRA_weight): ParameterList(
                (0): Parameter containing: [torch.float64 of size 3x51x16 (GPU 0)]
                (1): Parameter containing: [torch.float64 of size 16x128 (GPU 0)]
            )
          )
        )
      )
      (linear): Linear(128x0e+128x1o -> 128x0e+128x1o | 32768 weights) | 8192 LoRA_weights)
    )
    (1): EquivariantProductBasisBlock(
      (symmetric_contractions): SymmetricContraction(
        (contractions): ModuleList(
          (0): Contraction(
            (contractions_weighting): ModuleList(
              (0-1): 2 x GraphModule()
            )
            (contractions_features): ModuleList(
              (0-1): 2 x GraphModule()
            )
            (weights): ParameterList(
                (0): Parameter containing: [torch.float64 of size 3x4x128 (GPU 0)]
                (1): Parameter containing: [torch.float64 of size 3x1x128 (GPU 0)]
            )
            (graph_opt_main): GraphModule()
            (LoRA_weight): ParameterList(
                (0): Parameter containing: [torch.float64 of size 3x23x16 (GPU 0)]
                (1): Parameter containing: [torch.float64 of size 16x128 (GPU 0)]
            )
          )
        )
      )
      (linear): Linear(128x0e -> 128x0e | 16384 weights) | 4096 LoRA_weights)
    )
  )
  (readouts): ModuleList(
    (0): LinearReadoutBlock(
      (linear): Linear(128x0e+128x1o -> 1x0e | 128 weights) | 2064 LoRA_weights)
    )
    (1): NonLinearReadoutBlock(
      (linear_1): Linear(128x0e -> 16x0e | 2048 weights) | 2304 LoRA_weights)
      (non_linearity): Activation [x] (16x0e -> 16x0e)
      (linear_2): Linear(16x0e -> 1x0e | 16 weights) | 272 LoRA_weights)
    )
  )
  (scale_shift): ScaleShiftBlock(scale=1.088502, shift=0.000000)
)
2024-11-25 15:07:51.177 INFO: Number of parameters: 921240
2024-11-25 15:07:51.177 INFO: Optimizer: Adam (
Parameter Group 0
    amsgrad: True
    betas: (0.9, 0.999)
    capturable: False
    differentiable: False
    eps: 1e-08
    foreach: None
    fused: None
    lr: 0.005
    maximize: False
    name: embedding
    weight_decay: 0.0

Parameter Group 1
    amsgrad: True
    betas: (0.9, 0.999)
    capturable: False
    differentiable: False
    eps: 1e-08
    foreach: None
    fused: None
    lr: 0.005
    maximize: False
    name: interactions_decay
    weight_decay: 1e-08

Parameter Group 2
    amsgrad: True
    betas: (0.9, 0.999)
    capturable: False
    differentiable: False
    eps: 1e-08
    foreach: None
    fused: None
    lr: 0.005
    maximize: False
    name: interactions_no_decay
    weight_decay: 0.0

Parameter Group 3
    amsgrad: True
    betas: (0.9, 0.999)
    capturable: False
    differentiable: False
    eps: 1e-08
    foreach: None
    fused: None
    lr: 0.005
    maximize: False
    name: products
    weight_decay: 1e-08

Parameter Group 4
    amsgrad: True
    betas: (0.9, 0.999)
    capturable: False
    differentiable: False
    eps: 1e-08
    foreach: None
    fused: None
    lr: 0.005
    maximize: False
    name: readouts
    weight_decay: 0.0
)
2024-11-25 15:07:51.178 INFO: Using gradient clipping with tolerance=100.000
2024-11-25 15:07:51.178 INFO: Started training
2024-11-25 15:08:09.508 INFO: Epoch None: loss=1822.9051, RMSE_E=39751.7 meV, RMSE_F=492.6 meV / A
2024-11-25 15:08:26.763 INFO: Epoch 0: loss=566.9438, RMSE_E=22453.7 meV, RMSE_F=250.5 meV / A
2024-11-25 15:08:38.850 INFO: Epoch 2: loss=47.0553, RMSE_E=3231.6 meV, RMSE_F=191.3 meV / A
2024-11-25 15:08:50.195 INFO: Epoch 4: loss=11.4098, RMSE_E=716.5 meV, RMSE_F=104.4 meV / A
2024-11-25 15:09:02.221 INFO: Epoch 6: loss=7.9038, RMSE_E=539.1 meV, RMSE_F=87.3 meV / A
2024-11-25 15:09:13.957 INFO: Epoch 8: loss=5.4353, RMSE_E=323.9 meV, RMSE_F=73.0 meV / A
2024-11-25 15:09:26.048 INFO: Epoch 10: loss=4.1567, RMSE_E=126.9 meV, RMSE_F=64.3 meV / A
2024-11-25 15:09:37.958 INFO: Epoch 12: loss=3.1425, RMSE_E=130.9 meV, RMSE_F=55.9 meV / A
2024-11-25 15:09:50.081 INFO: Epoch 14: loss=2.9155, RMSE_E=149.3 meV, RMSE_F=53.8 meV / A
2024-11-25 15:10:02.065 INFO: Epoch 16: loss=2.6570, RMSE_E=81.3 meV, RMSE_F=51.5 meV / A
2024-11-25 15:10:14.070 INFO: Epoch 18: loss=2.6360, RMSE_E=93.2 meV, RMSE_F=51.3 meV / A
2024-11-25 15:10:26.152 INFO: Epoch 20: loss=2.3596, RMSE_E=64.3 meV, RMSE_F=48.5 meV / A
2024-11-25 15:10:38.552 INFO: Epoch 22: loss=2.3512, RMSE_E=184.6 meV, RMSE_F=48.1 meV / A
2024-11-25 15:10:50.521 INFO: Epoch 24: loss=2.2952, RMSE_E=98.5 meV, RMSE_F=47.8 meV / A
2024-11-25 15:11:00.129 INFO: Epoch 26: loss=2.1211, RMSE_E=61.2 meV, RMSE_F=46.0 meV / A
2024-11-25 15:11:10.931 INFO: Epoch 28: loss=1.9742, RMSE_E=56.2 meV, RMSE_F=44.4 meV / A
2024-11-25 15:11:21.754 INFO: Epoch 30: loss=1.9557, RMSE_E=51.6 meV, RMSE_F=44.2 meV / A
2024-11-25 15:11:33.203 INFO: Epoch 32: loss=1.8245, RMSE_E=52.4 meV, RMSE_F=42.7 meV / A
2024-11-25 15:11:44.363 INFO: Epoch 34: loss=1.7678, RMSE_E=37.5 meV, RMSE_F=42.0 meV / A
2024-11-25 15:11:55.776 INFO: Epoch 36: loss=1.7383, RMSE_E=38.5 meV, RMSE_F=41.7 meV / A
2024-11-25 15:12:07.474 INFO: Epoch 38: loss=1.6887, RMSE_E=38.9 meV, RMSE_F=41.1 meV / A
2024-11-25 15:12:18.434 INFO: Epoch 40: loss=1.5987, RMSE_E=30.6 meV, RMSE_F=40.0 meV / A
2024-11-25 15:12:29.595 INFO: Epoch 42: loss=1.6688, RMSE_E=32.5 meV, RMSE_F=40.8 meV / A
2024-11-25 15:12:38.878 INFO: Epoch 44: loss=1.5890, RMSE_E=30.9 meV, RMSE_F=39.8 meV / A
2024-11-25 15:12:51.185 INFO: Epoch 46: loss=1.5494, RMSE_E=20.6 meV, RMSE_F=39.4 meV / A
2024-11-25 15:13:03.126 INFO: Epoch 48: loss=1.5423, RMSE_E=28.9 meV, RMSE_F=39.3 meV / A
2024-11-25 15:13:15.104 INFO: Epoch 50: loss=1.5440, RMSE_E=42.8 meV, RMSE_F=39.3 meV / A
2024-11-25 15:13:24.223 INFO: Epoch 52: loss=1.5248, RMSE_E=48.6 meV, RMSE_F=39.0 meV / A
2024-11-25 15:13:36.191 INFO: Epoch 54: loss=1.4853, RMSE_E=32.8 meV, RMSE_F=38.5 meV / A
2024-11-25 15:13:48.116 INFO: Epoch 56: loss=1.4525, RMSE_E=35.4 meV, RMSE_F=38.1 meV / A
2024-11-25 15:14:00.550 INFO: Epoch 58: loss=1.4110, RMSE_E=23.3 meV, RMSE_F=37.6 meV / A
2024-11-25 15:14:12.407 INFO: Epoch 60: loss=1.3982, RMSE_E=35.8 meV, RMSE_F=37.4 meV / A
2024-11-25 15:14:24.364 INFO: Epoch 62: loss=1.3805, RMSE_E=27.8 meV, RMSE_F=37.1 meV / A
2024-11-25 15:14:36.888 INFO: Epoch 64: loss=1.3700, RMSE_E=25.1 meV, RMSE_F=37.0 meV / A
2024-11-25 15:14:48.560 INFO: Epoch 66: loss=1.3656, RMSE_E=28.0 meV, RMSE_F=36.9 meV / A
2024-11-25 15:15:00.640 INFO: Epoch 68: loss=1.3624, RMSE_E=14.4 meV, RMSE_F=36.9 meV / A
2024-11-25 15:15:13.320 INFO: Epoch 70: loss=1.3775, RMSE_E=17.6 meV, RMSE_F=37.1 meV / A
2024-11-25 15:16:15.038 INFO: Epoch 72: loss=1.3787, RMSE_E=33.9 meV, RMSE_F=37.1 meV / A
2024-11-25 15:16:24.557 INFO: Epoch 74: loss=1.3639, RMSE_E=34.4 meV, RMSE_F=36.9 meV / A
2024-11-25 15:16:33.951 INFO: Epoch 76: loss=1.3350, RMSE_E=26.1 meV, RMSE_F=36.5 meV / A
2024-11-25 15:16:44.773 INFO: Epoch 78: loss=1.3014, RMSE_E=25.3 meV, RMSE_F=36.1 meV / A
2024-11-25 15:16:55.892 INFO: Epoch 80: loss=1.2903, RMSE_E=26.0 meV, RMSE_F=35.9 meV / A
2024-11-25 15:17:06.630 INFO: Epoch 82: loss=1.2584, RMSE_E=23.8 meV, RMSE_F=35.5 meV / A
2024-11-25 15:17:18.335 INFO: Epoch 84: loss=1.2313, RMSE_E=20.1 meV, RMSE_F=35.1 meV / A
2024-11-25 15:17:30.287 INFO: Epoch 86: loss=1.2155, RMSE_E=18.1 meV, RMSE_F=34.9 meV / A
2024-11-25 15:17:42.197 INFO: Epoch 88: loss=1.1971, RMSE_E=26.0 meV, RMSE_F=34.6 meV / A
2024-11-25 15:17:53.241 INFO: Epoch 90: loss=1.1850, RMSE_E=19.0 meV, RMSE_F=34.4 meV / A
2024-11-25 15:18:04.686 INFO: Epoch 92: loss=1.1821, RMSE_E=18.8 meV, RMSE_F=34.4 meV / A
2024-11-25 15:18:16.595 INFO: Epoch 94: loss=1.1862, RMSE_E=16.1 meV, RMSE_F=34.4 meV / A
2024-11-25 15:18:25.898 INFO: Epoch 96: loss=1.1731, RMSE_E=19.1 meV, RMSE_F=34.2 meV / A
2024-11-25 15:18:37.796 INFO: Epoch 98: loss=1.1658, RMSE_E=18.6 meV, RMSE_F=34.1 meV / A
2024-11-25 15:18:49.795 INFO: Epoch 100: loss=1.1621, RMSE_E=19.6 meV, RMSE_F=34.1 meV / A
2024-11-25 15:19:01.815 INFO: Epoch 102: loss=1.1392, RMSE_E=17.5 meV, RMSE_F=33.7 meV / A
2024-11-25 15:19:14.382 INFO: Epoch 104: loss=1.1319, RMSE_E=17.6 meV, RMSE_F=33.6 meV / A
2024-11-25 15:19:26.266 INFO: Epoch 106: loss=1.1344, RMSE_E=17.9 meV, RMSE_F=33.7 meV / A
2024-11-25 15:19:35.727 INFO: Epoch 108: loss=1.1370, RMSE_E=14.9 meV, RMSE_F=33.7 meV / A
2024-11-25 15:19:45.067 INFO: Epoch 110: loss=1.1414, RMSE_E=19.9 meV, RMSE_F=33.8 meV / A
2024-11-25 15:19:54.768 INFO: Epoch 112: loss=1.1357, RMSE_E=19.4 meV, RMSE_F=33.7 meV / A
2024-11-25 15:20:04.129 INFO: Epoch 114: loss=1.1228, RMSE_E=17.7 meV, RMSE_F=33.5 meV / A
2024-11-25 15:20:16.217 INFO: Epoch 116: loss=1.1198, RMSE_E=17.8 meV, RMSE_F=33.5 meV / A
2024-11-25 15:20:28.209 INFO: Epoch 118: loss=1.1140, RMSE_E=15.9 meV, RMSE_F=33.4 meV / A
2024-11-25 15:20:40.141 INFO: Epoch 120: loss=1.1143, RMSE_E=16.2 meV, RMSE_F=33.4 meV / A
2024-11-25 15:20:49.510 INFO: Epoch 122: loss=1.1089, RMSE_E=15.6 meV, RMSE_F=33.3 meV / A
2024-11-25 15:20:59.091 INFO: Epoch 124: loss=1.1065, RMSE_E=15.1 meV, RMSE_F=33.3 meV / A
2024-11-25 15:21:09.667 INFO: Epoch 126: loss=1.1014, RMSE_E=14.0 meV, RMSE_F=33.2 meV / A
2024-11-25 15:21:21.598 INFO: Epoch 128: loss=1.0962, RMSE_E=13.7 meV, RMSE_F=33.1 meV / A
2024-11-25 15:21:33.822 INFO: Epoch 130: loss=1.0899, RMSE_E=13.3 meV, RMSE_F=33.0 meV / A
2024-11-25 15:21:45.718 INFO: Epoch 132: loss=1.0868, RMSE_E=12.9 meV, RMSE_F=33.0 meV / A
2024-11-25 15:21:58.177 INFO: Epoch 134: loss=1.0822, RMSE_E=12.8 meV, RMSE_F=32.9 meV / A
2024-11-25 15:22:10.207 INFO: Epoch 136: loss=1.0789, RMSE_E=12.4 meV, RMSE_F=32.8 meV / A
2024-11-25 15:22:21.798 INFO: Epoch 138: loss=1.0758, RMSE_E=12.1 meV, RMSE_F=32.8 meV / A
2024-11-25 15:22:33.109 INFO: Epoch 140: loss=1.0727, RMSE_E=11.9 meV, RMSE_F=32.7 meV / A
2024-11-25 15:22:45.494 INFO: Epoch 142: loss=1.0710, RMSE_E=11.9 meV, RMSE_F=32.7 meV / A
2024-11-25 15:22:57.362 INFO: Epoch 144: loss=1.0653, RMSE_E=11.7 meV, RMSE_F=32.6 meV / A
2024-11-25 15:23:09.223 INFO: Epoch 146: loss=1.0682, RMSE_E=11.6 meV, RMSE_F=32.7 meV / A
2024-11-25 15:23:18.684 INFO: Epoch 148: loss=1.0659, RMSE_E=11.8 meV, RMSE_F=32.6 meV / A
2024-11-25 15:23:28.255 INFO: Epoch 150: loss=1.0651, RMSE_E=11.4 meV, RMSE_F=32.6 meV / A
2024-11-25 15:23:40.118 INFO: Epoch 152: loss=1.0654, RMSE_E=11.9 meV, RMSE_F=32.6 meV / A
2024-11-25 15:23:49.436 INFO: Epoch 154: loss=1.0630, RMSE_E=12.1 meV, RMSE_F=32.6 meV / A
2024-11-25 15:24:01.720 INFO: Epoch 156: loss=1.0642, RMSE_E=11.3 meV, RMSE_F=32.6 meV / A
2024-11-25 15:24:11.203 INFO: Epoch 158: loss=1.0661, RMSE_E=11.6 meV, RMSE_F=32.6 meV / A
2024-11-25 15:24:20.496 INFO: Epoch 160: loss=1.0675, RMSE_E=11.2 meV, RMSE_F=32.7 meV / A
2024-11-25 15:24:29.723 INFO: Epoch 162: loss=1.0633, RMSE_E=11.1 meV, RMSE_F=32.6 meV / A
2024-11-25 15:24:39.016 INFO: Epoch 164: loss=1.0609, RMSE_E=11.2 meV, RMSE_F=32.6 meV / A
2024-11-25 15:24:50.833 INFO: Epoch 166: loss=1.0569, RMSE_E=11.4 meV, RMSE_F=32.5 meV / A
2024-11-25 15:25:02.988 INFO: Epoch 168: loss=1.0546, RMSE_E=11.3 meV, RMSE_F=32.5 meV / A
2024-11-25 15:25:14.878 INFO: Epoch 170: loss=1.0545, RMSE_E=11.2 meV, RMSE_F=32.5 meV / A
2024-11-25 15:25:26.832 INFO: Epoch 172: loss=1.0524, RMSE_E=11.2 meV, RMSE_F=32.4 meV / A
2024-11-25 15:25:38.918 INFO: Epoch 174: loss=1.0506, RMSE_E=11.1 meV, RMSE_F=32.4 meV / A
2024-11-25 15:25:51.210 INFO: Epoch 176: loss=1.0489, RMSE_E=11.0 meV, RMSE_F=32.4 meV / A
2024-11-25 15:26:00.758 INFO: Epoch 178: loss=1.0478, RMSE_E=11.0 meV, RMSE_F=32.4 meV / A
2024-11-25 15:26:11.896 INFO: Epoch 180: loss=1.0470, RMSE_E=10.9 meV, RMSE_F=32.4 meV / A
2024-11-25 15:26:23.930 INFO: Epoch 182: loss=1.0452, RMSE_E=10.9 meV, RMSE_F=32.3 meV / A
2024-11-25 15:26:34.896 INFO: Epoch 184: loss=1.0433, RMSE_E=10.9 meV, RMSE_F=32.3 meV / A
2024-11-25 15:26:45.989 INFO: Epoch 186: loss=1.0412, RMSE_E=10.9 meV, RMSE_F=32.3 meV / A
2024-11-25 15:26:57.340 INFO: Epoch 188: loss=1.0394, RMSE_E=10.8 meV, RMSE_F=32.2 meV / A
2024-11-25 15:27:09.404 INFO: Epoch 190: loss=1.0378, RMSE_E=10.8 meV, RMSE_F=32.2 meV / A
2024-11-25 15:27:21.250 INFO: Epoch 192: loss=1.0358, RMSE_E=10.8 meV, RMSE_F=32.2 meV / A
2024-11-25 15:27:32.534 INFO: Epoch 194: loss=1.0346, RMSE_E=10.8 meV, RMSE_F=32.2 meV / A
2024-11-25 15:27:44.642 INFO: Epoch 196: loss=1.0331, RMSE_E=10.8 meV, RMSE_F=32.1 meV / A
2024-11-25 15:27:56.269 INFO: Epoch 198: loss=1.0322, RMSE_E=10.8 meV, RMSE_F=32.1 meV / A
2024-11-25 15:28:08.132 INFO: Epoch 200: loss=1.0316, RMSE_E=10.8 meV, RMSE_F=32.1 meV / A
2024-11-25 15:28:20.341 INFO: Epoch 202: loss=1.0300, RMSE_E=10.7 meV, RMSE_F=32.1 meV / A
2024-11-25 15:28:31.796 INFO: Epoch 204: loss=1.0284, RMSE_E=10.7 meV, RMSE_F=32.1 meV / A
2024-11-25 15:28:43.985 INFO: Epoch 206: loss=1.0275, RMSE_E=10.7 meV, RMSE_F=32.1 meV / A
2024-11-25 15:28:56.022 INFO: Epoch 208: loss=1.0259, RMSE_E=10.8 meV, RMSE_F=32.0 meV / A
2024-11-25 15:29:08.392 INFO: Epoch 210: loss=1.0254, RMSE_E=10.7 meV, RMSE_F=32.0 meV / A
2024-11-25 15:29:19.923 INFO: Epoch 212: loss=1.0254, RMSE_E=10.7 meV, RMSE_F=32.0 meV / A
2024-11-25 15:29:31.149 INFO: Epoch 214: loss=1.0253, RMSE_E=10.7 meV, RMSE_F=32.0 meV / A
2024-11-25 15:29:43.107 INFO: Epoch 216: loss=1.0244, RMSE_E=10.7 meV, RMSE_F=32.0 meV / A
2024-11-25 15:29:54.760 INFO: Epoch 218: loss=1.0236, RMSE_E=10.7 meV, RMSE_F=32.0 meV / A
2024-11-25 15:30:06.148 INFO: Epoch 220: loss=1.0232, RMSE_E=10.7 meV, RMSE_F=32.0 meV / A
2024-11-25 15:30:17.583 INFO: Epoch 222: loss=1.0221, RMSE_E=10.7 meV, RMSE_F=32.0 meV / A
2024-11-25 15:30:29.174 INFO: Epoch 224: loss=1.0212, RMSE_E=10.7 meV, RMSE_F=32.0 meV / A
2024-11-25 15:30:40.234 INFO: Epoch 226: loss=1.0205, RMSE_E=10.7 meV, RMSE_F=31.9 meV / A
2024-11-25 15:30:51.527 INFO: Epoch 228: loss=1.0201, RMSE_E=10.7 meV, RMSE_F=31.9 meV / A
2024-11-25 15:31:03.862 INFO: Epoch 230: loss=1.0193, RMSE_E=10.6 meV, RMSE_F=31.9 meV / A
2024-11-25 15:31:15.808 INFO: Epoch 232: loss=1.0187, RMSE_E=10.6 meV, RMSE_F=31.9 meV / A
2024-11-25 15:31:27.549 INFO: Epoch 234: loss=1.0179, RMSE_E=10.6 meV, RMSE_F=31.9 meV / A
2024-11-25 15:31:38.402 INFO: Epoch 236: loss=1.0170, RMSE_E=10.6 meV, RMSE_F=31.9 meV / A
2024-11-25 15:31:49.727 INFO: Epoch 238: loss=1.0170, RMSE_E=10.6 meV, RMSE_F=31.9 meV / A
2024-11-25 15:31:59.105 INFO: Epoch 240: loss=1.0161, RMSE_E=10.6 meV, RMSE_F=31.9 meV / A
2024-11-25 15:32:11.056 INFO: Epoch 242: loss=1.0156, RMSE_E=10.6 meV, RMSE_F=31.9 meV / A
2024-11-25 15:32:22.819 INFO: Epoch 244: loss=1.0148, RMSE_E=10.6 meV, RMSE_F=31.9 meV / A
2024-11-25 15:32:33.819 INFO: Epoch 246: loss=1.0141, RMSE_E=10.6 meV, RMSE_F=31.8 meV / A
2024-11-25 15:32:45.205 INFO: Epoch 248: loss=1.0133, RMSE_E=10.6 meV, RMSE_F=31.8 meV / A
2024-11-25 15:32:56.997 INFO: Epoch 250: loss=1.0125, RMSE_E=10.6 meV, RMSE_F=31.8 meV / A
2024-11-25 15:33:08.120 INFO: Epoch 252: loss=1.0120, RMSE_E=10.6 meV, RMSE_F=31.8 meV / A
2024-11-25 15:33:19.182 INFO: Epoch 254: loss=1.0108, RMSE_E=10.6 meV, RMSE_F=31.8 meV / A
2024-11-25 15:33:30.253 INFO: Epoch 256: loss=1.0101, RMSE_E=10.6 meV, RMSE_F=31.8 meV / A
2024-11-25 15:33:41.195 INFO: Epoch 258: loss=1.0093, RMSE_E=10.5 meV, RMSE_F=31.8 meV / A
2024-11-25 15:33:52.261 INFO: Epoch 260: loss=1.0085, RMSE_E=10.6 meV, RMSE_F=31.8 meV / A
2024-11-25 15:34:03.209 INFO: Epoch 262: loss=1.0081, RMSE_E=10.6 meV, RMSE_F=31.7 meV / A
2024-11-25 15:34:14.450 INFO: Epoch 264: loss=1.0091, RMSE_E=10.5 meV, RMSE_F=31.8 meV / A
2024-11-25 15:34:23.783 INFO: Epoch 266: loss=1.0088, RMSE_E=10.6 meV, RMSE_F=31.8 meV / A
2024-11-25 15:34:33.167 INFO: Epoch 268: loss=1.0084, RMSE_E=10.5 meV, RMSE_F=31.8 meV / A
2024-11-25 15:34:42.396 INFO: Epoch 270: loss=1.0082, RMSE_E=10.5 meV, RMSE_F=31.8 meV / A
2024-11-25 15:34:51.841 INFO: Epoch 272: loss=1.0079, RMSE_E=10.5 meV, RMSE_F=31.7 meV / A
2024-11-25 15:35:03.924 INFO: Epoch 274: loss=1.0079, RMSE_E=10.5 meV, RMSE_F=31.7 meV / A
2024-11-25 15:35:13.320 INFO: Epoch 276: loss=1.0077, RMSE_E=10.5 meV, RMSE_F=31.7 meV / A
2024-11-25 15:35:24.683 INFO: Epoch 278: loss=1.0075, RMSE_E=10.5 meV, RMSE_F=31.7 meV / A
2024-11-25 15:35:35.652 INFO: Epoch 280: loss=1.0071, RMSE_E=10.5 meV, RMSE_F=31.7 meV / A
2024-11-25 15:35:46.923 INFO: Epoch 282: loss=1.0066, RMSE_E=10.5 meV, RMSE_F=31.7 meV / A
2024-11-25 15:35:57.918 INFO: Epoch 284: loss=1.0062, RMSE_E=10.5 meV, RMSE_F=31.7 meV / A
2024-11-25 15:36:07.419 INFO: Epoch 286: loss=1.0057, RMSE_E=10.5 meV, RMSE_F=31.7 meV / A
2024-11-25 15:36:19.375 INFO: Epoch 288: loss=1.0055, RMSE_E=10.5 meV, RMSE_F=31.7 meV / A
2024-11-25 15:36:30.877 INFO: Epoch 290: loss=1.0050, RMSE_E=10.5 meV, RMSE_F=31.7 meV / A
2024-11-25 15:36:41.976 INFO: Epoch 292: loss=1.0048, RMSE_E=10.5 meV, RMSE_F=31.7 meV / A
2024-11-25 15:36:53.094 INFO: Epoch 294: loss=1.0043, RMSE_E=10.5 meV, RMSE_F=31.7 meV / A
2024-11-25 15:37:04.104 INFO: Epoch 296: loss=1.0038, RMSE_E=10.5 meV, RMSE_F=31.7 meV / A
2024-11-25 15:37:15.222 INFO: Epoch 298: loss=1.0034, RMSE_E=10.5 meV, RMSE_F=31.7 meV / A
2024-11-25 15:37:26.103 INFO: Epoch 300: loss=1.0031, RMSE_E=10.5 meV, RMSE_F=31.7 meV / A
2024-11-25 15:37:37.194 INFO: Epoch 302: loss=1.0028, RMSE_E=10.4 meV, RMSE_F=31.7 meV / A
2024-11-25 15:37:48.506 INFO: Epoch 304: loss=1.0024, RMSE_E=10.5 meV, RMSE_F=31.7 meV / A
2024-11-25 15:37:59.712 INFO: Epoch 306: loss=1.0021, RMSE_E=10.4 meV, RMSE_F=31.7 meV / A
2024-11-25 15:38:11.856 INFO: Epoch 308: loss=1.0018, RMSE_E=10.4 meV, RMSE_F=31.6 meV / A
2024-11-25 15:38:23.828 INFO: Epoch 310: loss=1.0016, RMSE_E=10.4 meV, RMSE_F=31.6 meV / A
2024-11-25 15:38:35.959 INFO: Epoch 312: loss=1.0013, RMSE_E=10.4 meV, RMSE_F=31.6 meV / A
2024-11-25 15:38:47.807 INFO: Epoch 314: loss=1.0010, RMSE_E=10.4 meV, RMSE_F=31.6 meV / A
2024-11-25 15:38:58.982 INFO: Epoch 316: loss=1.0007, RMSE_E=10.4 meV, RMSE_F=31.6 meV / A
2024-11-25 15:39:11.235 INFO: Epoch 318: loss=1.0005, RMSE_E=10.4 meV, RMSE_F=31.6 meV / A
2024-11-25 15:39:23.326 INFO: Epoch 320: loss=1.0002, RMSE_E=10.4 meV, RMSE_F=31.6 meV / A
2024-11-25 15:39:35.517 INFO: Epoch 322: loss=1.0000, RMSE_E=10.4 meV, RMSE_F=31.6 meV / A
2024-11-25 15:39:47.675 INFO: Epoch 324: loss=0.9997, RMSE_E=10.4 meV, RMSE_F=31.6 meV / A
2024-11-25 15:39:59.516 INFO: Epoch 326: loss=0.9995, RMSE_E=10.4 meV, RMSE_F=31.6 meV / A
2024-11-25 15:40:11.626 INFO: Epoch 328: loss=0.9991, RMSE_E=10.4 meV, RMSE_F=31.6 meV / A
2024-11-25 15:40:23.927 INFO: Epoch 330: loss=0.9990, RMSE_E=10.4 meV, RMSE_F=31.6 meV / A
2024-11-25 15:40:35.681 INFO: Epoch 332: loss=0.9987, RMSE_E=10.4 meV, RMSE_F=31.6 meV / A
2024-11-25 15:40:47.536 INFO: Epoch 334: loss=0.9985, RMSE_E=10.4 meV, RMSE_F=31.6 meV / A
2024-11-25 15:40:59.086 INFO: Epoch 336: loss=0.9983, RMSE_E=10.4 meV, RMSE_F=31.6 meV / A
2024-11-25 15:41:10.657 INFO: Epoch 338: loss=0.9982, RMSE_E=10.3 meV, RMSE_F=31.6 meV / A
2024-11-25 15:41:22.132 INFO: Epoch 340: loss=0.9979, RMSE_E=10.3 meV, RMSE_F=31.6 meV / A
2024-11-25 15:41:41.206 INFO: Epoch 342: loss=0.9977, RMSE_E=10.3 meV, RMSE_F=31.6 meV / A
2024-11-25 15:41:53.513 INFO: Epoch 344: loss=0.9975, RMSE_E=10.3 meV, RMSE_F=31.6 meV / A
2024-11-25 15:42:05.132 INFO: Epoch 346: loss=0.9974, RMSE_E=10.3 meV, RMSE_F=31.6 meV / A
2024-11-25 15:42:17.113 INFO: Epoch 348: loss=0.9973, RMSE_E=10.3 meV, RMSE_F=31.6 meV / A
2024-11-25 15:42:29.055 INFO: Epoch 350: loss=0.9969, RMSE_E=10.3 meV, RMSE_F=31.6 meV / A
2024-11-25 15:42:40.469 INFO: Epoch 352: loss=0.9967, RMSE_E=10.3 meV, RMSE_F=31.6 meV / A
2024-11-25 15:42:52.306 INFO: Epoch 354: loss=0.9966, RMSE_E=10.3 meV, RMSE_F=31.6 meV / A
2024-11-25 15:43:04.002 INFO: Epoch 356: loss=0.9965, RMSE_E=10.3 meV, RMSE_F=31.6 meV / A
2024-11-25 15:43:15.856 INFO: Epoch 358: loss=0.9963, RMSE_E=10.3 meV, RMSE_F=31.6 meV / A
2024-11-25 15:43:27.477 INFO: Epoch 360: loss=0.9962, RMSE_E=10.3 meV, RMSE_F=31.6 meV / A
2024-11-25 15:43:39.666 INFO: Epoch 362: loss=0.9962, RMSE_E=10.3 meV, RMSE_F=31.6 meV / A
2024-11-25 15:43:51.683 INFO: Epoch 364: loss=0.9960, RMSE_E=10.3 meV, RMSE_F=31.6 meV / A
2024-11-25 15:44:03.322 INFO: Epoch 366: loss=0.9958, RMSE_E=10.3 meV, RMSE_F=31.6 meV / A
2024-11-25 15:44:14.301 INFO: Epoch 368: loss=0.9956, RMSE_E=10.3 meV, RMSE_F=31.6 meV / A
2024-11-25 15:44:25.483 INFO: Epoch 370: loss=0.9953, RMSE_E=10.3 meV, RMSE_F=31.5 meV / A
2024-11-25 15:44:36.514 INFO: Epoch 372: loss=0.9952, RMSE_E=10.3 meV, RMSE_F=31.5 meV / A
2024-11-25 15:44:47.921 INFO: Epoch 374: loss=0.9950, RMSE_E=10.3 meV, RMSE_F=31.5 meV / A
2024-11-25 15:45:00.064 INFO: Epoch 376: loss=0.9948, RMSE_E=10.2 meV, RMSE_F=31.5 meV / A
2024-11-25 15:45:11.831 INFO: Epoch 378: loss=0.9946, RMSE_E=10.2 meV, RMSE_F=31.5 meV / A
2024-11-25 15:45:23.605 INFO: Epoch 380: loss=0.9944, RMSE_E=10.2 meV, RMSE_F=31.5 meV / A
2024-11-25 15:45:35.020 INFO: Epoch 382: loss=0.9945, RMSE_E=10.2 meV, RMSE_F=31.5 meV / A
2024-11-25 15:45:44.423 INFO: Epoch 384: loss=0.9944, RMSE_E=10.2 meV, RMSE_F=31.5 meV / A
2024-11-25 15:45:54.054 INFO: Epoch 386: loss=0.9943, RMSE_E=10.2 meV, RMSE_F=31.5 meV / A
2024-11-25 15:46:04.919 INFO: Epoch 388: loss=0.9943, RMSE_E=10.2 meV, RMSE_F=31.5 meV / A
2024-11-25 15:46:14.572 INFO: Epoch 390: loss=0.9942, RMSE_E=10.2 meV, RMSE_F=31.5 meV / A
2024-11-25 15:46:26.382 INFO: Epoch 392: loss=0.9941, RMSE_E=10.2 meV, RMSE_F=31.5 meV / A
2024-11-25 15:46:38.411 INFO: Epoch 394: loss=0.9940, RMSE_E=10.2 meV, RMSE_F=31.5 meV / A
2024-11-25 15:46:50.670 INFO: Epoch 396: loss=0.9939, RMSE_E=10.2 meV, RMSE_F=31.5 meV / A
2024-11-25 15:47:02.480 INFO: Epoch 398: loss=0.9938, RMSE_E=10.2 meV, RMSE_F=31.5 meV / A
2024-11-25 15:47:13.619 INFO: Epoch 400: loss=0.9937, RMSE_E=10.2 meV, RMSE_F=31.5 meV / A
2024-11-25 15:47:25.482 INFO: Epoch 402: loss=0.9935, RMSE_E=10.2 meV, RMSE_F=31.5 meV / A
2024-11-25 15:47:36.422 INFO: Epoch 404: loss=0.9934, RMSE_E=10.2 meV, RMSE_F=31.5 meV / A
2024-11-25 15:47:47.550 INFO: Epoch 406: loss=0.9933, RMSE_E=10.2 meV, RMSE_F=31.5 meV / A
2024-11-25 15:47:58.787 INFO: Epoch 408: loss=0.9931, RMSE_E=10.2 meV, RMSE_F=31.5 meV / A
2024-11-25 15:48:09.609 INFO: Epoch 410: loss=0.9929, RMSE_E=10.2 meV, RMSE_F=31.5 meV / A
2024-11-25 15:48:20.771 INFO: Epoch 412: loss=0.9930, RMSE_E=10.2 meV, RMSE_F=31.5 meV / A
2024-11-25 15:48:30.381 INFO: Epoch 414: loss=0.9928, RMSE_E=10.2 meV, RMSE_F=31.5 meV / A
2024-11-25 15:48:42.253 INFO: Epoch 416: loss=0.9927, RMSE_E=10.2 meV, RMSE_F=31.5 meV / A
2024-11-25 15:48:54.349 INFO: Epoch 418: loss=0.9928, RMSE_E=10.2 meV, RMSE_F=31.5 meV / A
2024-11-25 15:49:03.854 INFO: Epoch 420: loss=0.9926, RMSE_E=10.2 meV, RMSE_F=31.5 meV / A
2024-11-25 15:49:15.399 INFO: Epoch 422: loss=0.9925, RMSE_E=10.1 meV, RMSE_F=31.5 meV / A
2024-11-25 15:49:27.564 INFO: Epoch 424: loss=0.9925, RMSE_E=10.1 meV, RMSE_F=31.5 meV / A
2024-11-25 15:49:39.348 INFO: Epoch 426: loss=0.9923, RMSE_E=10.2 meV, RMSE_F=31.5 meV / A
2024-11-25 15:49:51.357 INFO: Epoch 428: loss=0.9922, RMSE_E=10.1 meV, RMSE_F=31.5 meV / A
2024-11-25 15:50:03.993 INFO: Epoch 430: loss=0.9921, RMSE_E=10.1 meV, RMSE_F=31.5 meV / A
2024-11-25 15:50:15.707 INFO: Epoch 432: loss=0.9921, RMSE_E=10.1 meV, RMSE_F=31.5 meV / A
2024-11-25 15:50:27.505 INFO: Epoch 434: loss=0.9920, RMSE_E=10.1 meV, RMSE_F=31.5 meV / A
2024-11-25 15:50:38.303 INFO: Epoch 436: loss=0.9919, RMSE_E=10.1 meV, RMSE_F=31.5 meV / A
2024-11-25 15:50:49.668 INFO: Epoch 438: loss=0.9919, RMSE_E=10.1 meV, RMSE_F=31.5 meV / A
2024-11-25 15:51:01.712 INFO: Epoch 440: loss=0.9918, RMSE_E=10.1 meV, RMSE_F=31.5 meV / A
2024-11-25 15:51:11.278 INFO: Epoch 442: loss=0.9917, RMSE_E=10.1 meV, RMSE_F=31.5 meV / A
2024-11-25 15:51:23.041 INFO: Epoch 444: loss=0.9917, RMSE_E=10.1 meV, RMSE_F=31.5 meV / A
2024-11-25 15:51:32.428 INFO: Epoch 446: loss=0.9915, RMSE_E=10.1 meV, RMSE_F=31.5 meV / A
2024-11-25 15:51:44.249 INFO: Epoch 448: loss=0.9913, RMSE_E=10.1 meV, RMSE_F=31.5 meV / A
2024-11-25 15:51:56.388 INFO: Epoch 450: loss=0.9912, RMSE_E=10.1 meV, RMSE_F=31.5 meV / A
2024-11-25 15:52:07.926 INFO: Epoch 452: loss=0.9911, RMSE_E=10.1 meV, RMSE_F=31.5 meV / A
2024-11-25 15:52:18.913 INFO: Epoch 454: loss=0.9911, RMSE_E=10.1 meV, RMSE_F=31.5 meV / A
2024-11-25 15:52:29.834 INFO: Epoch 456: loss=0.9911, RMSE_E=10.1 meV, RMSE_F=31.5 meV / A
2024-11-25 15:52:41.004 INFO: Epoch 458: loss=0.9911, RMSE_E=10.1 meV, RMSE_F=31.5 meV / A
2024-11-25 15:52:51.979 INFO: Epoch 460: loss=0.9910, RMSE_E=10.1 meV, RMSE_F=31.5 meV / A
2024-11-25 15:53:03.026 INFO: Epoch 462: loss=0.9910, RMSE_E=10.1 meV, RMSE_F=31.5 meV / A
2024-11-25 15:53:12.406 INFO: Epoch 464: loss=0.9910, RMSE_E=10.1 meV, RMSE_F=31.5 meV / A
2024-11-25 15:53:25.124 INFO: Epoch 466: loss=0.9911, RMSE_E=10.1 meV, RMSE_F=31.5 meV / A
2024-11-25 15:53:34.478 INFO: Epoch 468: loss=0.9910, RMSE_E=10.1 meV, RMSE_F=31.5 meV / A
2024-11-25 15:53:43.887 INFO: Epoch 470: loss=0.9910, RMSE_E=10.1 meV, RMSE_F=31.5 meV / A
2024-11-25 15:53:55.917 INFO: Epoch 472: loss=0.9909, RMSE_E=10.1 meV, RMSE_F=31.5 meV / A
2024-11-25 15:54:07.787 INFO: Epoch 474: loss=0.9908, RMSE_E=10.1 meV, RMSE_F=31.5 meV / A
2024-11-25 15:54:19.971 INFO: Epoch 476: loss=0.9907, RMSE_E=10.1 meV, RMSE_F=31.5 meV / A
2024-11-25 15:54:31.826 INFO: Epoch 478: loss=0.9906, RMSE_E=10.1 meV, RMSE_F=31.5 meV / A
2024-11-25 15:54:44.045 INFO: Epoch 480: loss=0.9905, RMSE_E=10.1 meV, RMSE_F=31.5 meV / A
2024-11-25 15:54:56.174 INFO: Epoch 482: loss=0.9904, RMSE_E=10.1 meV, RMSE_F=31.5 meV / A
2024-11-25 15:55:08.391 INFO: Epoch 484: loss=0.9903, RMSE_E=10.1 meV, RMSE_F=31.5 meV / A
2024-11-25 15:55:19.892 INFO: Epoch 486: loss=0.9902, RMSE_E=10.1 meV, RMSE_F=31.5 meV / A
2024-11-25 15:55:31.383 INFO: Epoch 488: loss=0.9902, RMSE_E=10.1 meV, RMSE_F=31.5 meV / A
2024-11-25 15:55:40.699 INFO: Epoch 490: loss=0.9901, RMSE_E=10.1 meV, RMSE_F=31.5 meV / A
2024-11-25 15:55:52.895 INFO: Epoch 492: loss=0.9900, RMSE_E=10.1 meV, RMSE_F=31.5 meV / A
2024-11-25 15:56:04.398 INFO: Epoch 494: loss=0.9900, RMSE_E=10.1 meV, RMSE_F=31.5 meV / A
2024-11-25 15:56:16.740 INFO: Epoch 496: loss=0.9900, RMSE_E=10.1 meV, RMSE_F=31.5 meV / A
2024-11-25 15:56:29.118 INFO: Epoch 498: loss=0.9899, RMSE_E=10.1 meV, RMSE_F=31.5 meV / A
2024-11-25 15:56:31.954 INFO: Training complete
2024-11-25 15:56:31.955 INFO: Computing metrics for training, validation, and test sets
2024-11-25 15:56:31.957 INFO: Loading checkpoint: checkpoints/malonaldehyde_run-123_epoch-498.pt
2024-11-25 15:56:32.240 INFO: Loaded model from epoch 498
2024-11-25 15:56:32.241 INFO: Evaluating train ...
2024-11-25 15:56:32.613 INFO: Evaluating valid ...
2024-11-25 15:56:40.432 INFO: 
+-------------+--------------+------------------+-------------------+
| config_type | RMSE E / meV | RMSE F / meV / A | relative F RMSE % |
+-------------+--------------+------------------+-------------------+
|    train    |     5.4      |       2.4        |        0.19       |
|    valid    |     10.1     |       31.5       |        2.43       |
+-------------+--------------+------------------+-------------------+
2024-11-25 15:56:40.433 INFO: Saving model to checkpoints/malonaldehyde_run-123.model
2024-11-25 15:56:44.616 INFO: Compiling model, saving metadata to malonaldehyde_compiled.model
2024-11-25 15:56:45.954 INFO: Done
