2025-03-28 01:34:27.226 INFO: MACE version: 0.3.5
2025-03-28 01:34:27.226 INFO: Configuration: Namespace(config=None, name='3BPA', seed=42, log_dir='logs', model_dir='.', checkpoints_dir='checkpoints', results_dir='results', downloads_dir='downloads', device='cuda', default_dtype='float64', distributed=False, log_level='INFO', error_table='TotalRMSE', model='MACE', r_max=5.0, radial_type='bessel', num_radial_basis=8, num_cutoff_basis=5, pair_repulsion=False, distance_transform='None', interaction='RealAgnosticResidualInteractionBlock', interaction_first='RealAgnosticResidualInteractionBlock', max_ell=3, correlation=3, num_interactions=2, MLP_irreps='16x0e', radial_MLP='[64, 64, 64]', hidden_irreps='128x0e + 128x1o', num_channels=128, max_L=1, gate='silu', scaling='rms_forces_scaling', avg_num_neighbors=1, compute_avg_num_neighbors=True, compute_stress=False, compute_forces=True, train_file='./dataset/train_300K.xyz', valid_file=None, valid_fraction=0.1, test_file='./dataset/test_300K.xyz', test_dir=None, multi_processed_test=False, num_workers=0, pin_memory=True, atomic_numbers=None, mean=None, std=None, statistics_file=None, E0s='average', keep_isolated_atoms=False, energy_key='energy', forces_key='forces', virials_key='virials', stress_key='stress', dipole_key='dipole', charges_key='charges', loss='ef', forces_weight=1000.0, swa_forces_weight=100.0, energy_weight=1.0, swa_energy_weight=1000.0, virials_weight=1.0, swa_virials_weight=10.0, stress_weight=1.0, swa_stress_weight=10.0, dipole_weight=1.0, swa_dipole_weight=1.0, config_type_weights='{"Default":1.0}', huber_delta=0.01, optimizer='adam', beta=0.9, batch_size=5, valid_batch_size=5, lr=0.005, swa_lr=0.001, weight_decay=1e-08, amsgrad=True, scheduler='ReduceLROnPlateau', lr_factor=0.8, scheduler_patience=5, lr_scheduler_gamma=0.9993, swa=False, start_swa=None, ema=True, ema_decay=0.995, max_num_epochs=500, patience=2048, foundation_model='/share/home/wangchen/work/mace/MPtrj/MACE-OFF23_medium.model', foundation_model_readout=True, eval_interval=2, keep_checkpoints=False, save_all_checkpoints=False, restart_latest=False, save_cpu=True, clip_grad=100.0, wandb=False, wandb_dir=None, wandb_project='', wandb_entity='', wandb_name='', wandb_log_hypers=['num_channels', 'max_L', 'correlation', 'lr', 'swa_lr', 'weight_decay', 'batch_size', 'max_num_epochs', 'start_swa', 'energy_weight', 'forces_weight'])
2025-03-28 01:34:27.311 INFO: CUDA version: 11.8, CUDA device: 0
2025-03-28 01:34:27.377 INFO: Error accessing Git repository: /share/home/wangchen/work/mace/organic/3BPA/LoRA_42
2025-03-28 01:34:27.657 INFO: Using foundation model /share/home/wangchen/work/mace/MPtrj/MACE-OFF23_medium.model as initial checkpoint.
2025-03-28 01:34:27.825 INFO: Since ASE version 3.23.0b1, using energy_key 'energy' is no longer safe when communicating between MACE and ASE. We recommend using a different key, rewriting energies to 'REF_energy'. You need to use --energy_key='REF_energy', to tell the key name chosen.
2025-03-28 01:34:27.880 INFO: Since ASE version 3.23.0b1, using forces_key 'forces' is no longer safe when communicating between MACE and ASE. We recommend using a different key, rewriting energies to 'REF_forces'. You need to use --forces_key='REF_forces', to tell the key name chosen.
2025-03-28 01:34:27.936 INFO: Since ASE version 3.23.0b1, using stress_key 'stress' is no longer safe when communicating between MACE and ASE. We recommend using a different key, rewriting energies to 'REF_stress'. You need to use --stress_key='REF_stress', to tell the key name chosen.
2025-03-28 01:34:27.945 INFO: Loaded 500 training configurations from './dataset/train_300K.xyz'
2025-03-28 01:34:27.945 INFO: Using random 10.0% of training set for validation
2025-03-28 01:34:28.385 INFO: Since ASE version 3.23.0b1, using energy_key 'energy' is no longer safe when communicating between MACE and ASE. We recommend using a different key, rewriting energies to 'REF_energy'. You need to use --energy_key='REF_energy', to tell the key name chosen.
2025-03-28 01:34:28.566 INFO: Since ASE version 3.23.0b1, using forces_key 'forces' is no longer safe when communicating between MACE and ASE. We recommend using a different key, rewriting energies to 'REF_forces'. You need to use --forces_key='REF_forces', to tell the key name chosen.
2025-03-28 01:34:28.751 INFO: Since ASE version 3.23.0b1, using stress_key 'stress' is no longer safe when communicating between MACE and ASE. We recommend using a different key, rewriting energies to 'REF_stress'. You need to use --stress_key='REF_stress', to tell the key name chosen.
2025-03-28 01:34:28.785 INFO: Loaded 1669 test configurations from './dataset/test_300K.xyz'
2025-03-28 01:34:28.785 INFO: Total number of configurations: train=450, valid=50, tests=[Default: 1669]
2025-03-28 01:34:28.787 INFO: AtomicNumberTable: (1, 6, 7, 8)
2025-03-28 01:34:28.787 INFO: Atomic Energies not in training file, using command line argument E0s
2025-03-28 01:34:28.787 INFO: Computing average Atomic Energies using least squares regression
2025-03-28 01:34:28.791 INFO: Atomic energies: [-723.293997742592, -723.2939977425922, -120.54899962376541, -60.274499811882706]
2025-03-28 01:34:29.199 INFO: EnergyForcesLoss(energy_weight=1.000, forces_weight=1000.000)
2025-03-28 01:34:29.331 INFO: Average number of neighbors: 16.718189300411524
2025-03-28 01:34:29.331 INFO: Selected the following outputs: {'energy': True, 'forces': True, 'virials': False, 'stress': False, 'dipoles': False}
2025-03-28 01:34:29.471 INFO: Building model
2025-03-28 01:34:30.981 INFO: Number of trainable parameters: 189864
2025-03-28 01:34:30.984 INFO: ScaleShiftMACE(
  (node_embedding): LinearNodeEmbeddingBlock(
    (linear): Linear(4x0e -> 128x0e | 512 weights | 2112 LoRA_weights)
  )
  (radial_embedding): RadialEmbeddingBlock(
    (bessel_fn): BesselBasis(r_max=5.0, num_basis=8, trainable=True)
    (cutoff_fn): PolynomialCutoff(p=5.0, r_max=5.0)
  )
  (spherical_harmonics): SphericalHarmonics()
  (atomic_energies_fn): AtomicEnergiesBlock(energies=[-723.2940, -723.2940, -120.5490, -60.2745])
  (interactions): ModuleList(
    (0): RealAgnosticInteractionBlock(
      (linear_up): Linear(128x0e -> 128x0e | 16384 weights | 4096 LoRA_weights)
      (conv_tp): TensorProduct(128x0e x 1x0e+1x1o+1x2e+1x3o -> 128x0e+128x1o+128x2e+128x3o | 512 paths | 512 weights | 0 LoRA_weights)
      (conv_tp_weights): FullyConnectedNet[8, 64, 64, 64, 512]
      (linear): Linear(128x0e+128x1o+128x2e+128x3o -> 128x0e+128x1o+128x2e+128x3o | 65536 weights | 16384 LoRA_weights)
      (skip_tp): FullyConnectedTensorProduct(128x0e+128x1o+128x2e+128x3o x 4x0e -> 128x0e+128x1o+128x2e+128x3o | 262144 paths | 262144 weights | 40960 LoRA_weights)
      (reshape): reshape_irreps()
    )
    (1): RealAgnosticResidualInteractionBlock(
      (linear_up): Linear(128x0e+128x1o -> 128x0e+128x1o | 32768 weights | 8192 LoRA_weights)
      (conv_tp): TensorProduct(128x0e+128x1o x 1x0e+1x1o+1x2e+1x3o -> 256x0e+384x1o+384x2e+256x3o | 1280 paths | 1280 weights | 0 LoRA_weights)
      (conv_tp_weights): FullyConnectedNet[8, 64, 64, 64, 1280]
      (linear): Linear(256x0e+384x1o+384x2e+256x3o -> 128x0e+128x1o+128x2e+128x3o | 163840 weights | 28672 LoRA_weights)
      (skip_tp): FullyConnectedTensorProduct(128x0e+128x1o x 4x0e -> 128x0e | 65536 paths | 65536 weights | 10240 LoRA_weights)
      (reshape): reshape_irreps()
    )
  )
  (products): ModuleList(
    (0): EquivariantProductBasisBlock(
      (symmetric_contractions): SymmetricContraction(
        (contractions): ModuleList(
          (0): Contraction(
            (contractions_weighting): ModuleList(
              (0-1): 2 x GraphModule()
            )
            (contractions_features): ModuleList(
              (0-1): 2 x GraphModule()
            )
            (weights): ParameterList(
                (0): Parameter containing: [torch.float64 of size 4x4x128 (cuda:0)]
                (1): Parameter containing: [torch.float64 of size 4x1x128 (cuda:0)]
            )
            (graph_opt_main): GraphModule()
            (LoRA_weight): ParameterList(
                (0): Parameter containing: [torch.float64 of size 4x23x16 (cuda:0)]
                (1): Parameter containing: [torch.float64 of size 16x128 (cuda:0)]
            )
          )
          (1): Contraction(
            (contractions_weighting): ModuleList(
              (0-1): 2 x GraphModule()
            )
            (contractions_features): ModuleList(
              (0-1): 2 x GraphModule()
            )
            (weights): ParameterList(
                (0): Parameter containing: [torch.float64 of size 4x6x128 (cuda:0)]
                (1): Parameter containing: [torch.float64 of size 4x1x128 (cuda:0)]
            )
            (graph_opt_main): GraphModule()
            (LoRA_weight): ParameterList(
                (0): Parameter containing: [torch.float64 of size 4x51x16 (cuda:0)]
                (1): Parameter containing: [torch.float64 of size 16x128 (cuda:0)]
            )
          )
        )
      )
      (linear): Linear(128x0e+128x1o -> 128x0e+128x1o | 32768 weights | 8192 LoRA_weights)
    )
    (1): EquivariantProductBasisBlock(
      (symmetric_contractions): SymmetricContraction(
        (contractions): ModuleList(
          (0): Contraction(
            (contractions_weighting): ModuleList(
              (0-1): 2 x GraphModule()
            )
            (contractions_features): ModuleList(
              (0-1): 2 x GraphModule()
            )
            (weights): ParameterList(
                (0): Parameter containing: [torch.float64 of size 4x4x128 (cuda:0)]
                (1): Parameter containing: [torch.float64 of size 4x1x128 (cuda:0)]
            )
            (graph_opt_main): GraphModule()
            (LoRA_weight): ParameterList(
                (0): Parameter containing: [torch.float64 of size 4x23x16 (cuda:0)]
                (1): Parameter containing: [torch.float64 of size 16x128 (cuda:0)]
            )
          )
        )
      )
      (linear): Linear(128x0e -> 128x0e | 16384 weights | 4096 LoRA_weights)
    )
  )
  (readouts): ModuleList(
    (0): LinearReadoutBlock(
      (linear): Linear(128x0e+128x1o -> 1x0e | 128 weights | 2064 LoRA_weights)
    )
    (1): NonLinearReadoutBlock(
      (linear_1): Linear(128x0e -> 16x0e | 2048 weights | 2304 LoRA_weights)
      (non_linearity): Activation [x] (16x0e -> 16x0e)
      (linear_2): Linear(16x0e -> 1x0e | 16 weights | 272 LoRA_weights)
    )
  )
  (scale_shift): ScaleShiftBlock(scale=1.088502, shift=0.000000)
)
2025-03-28 01:34:30.987 INFO: Number of parameters: 1029688
2025-03-28 01:34:30.988 INFO: Optimizer: Adam (
Parameter Group 0
    amsgrad: True
    betas: (0.9, 0.999)
    capturable: False
    differentiable: False
    eps: 1e-08
    foreach: None
    fused: None
    lr: 0.005
    maximize: False
    name: embedding
    weight_decay: 0.0

Parameter Group 1
    amsgrad: True
    betas: (0.9, 0.999)
    capturable: False
    differentiable: False
    eps: 1e-08
    foreach: None
    fused: None
    lr: 0.005
    maximize: False
    name: interactions_decay
    weight_decay: 1e-08

Parameter Group 2
    amsgrad: True
    betas: (0.9, 0.999)
    capturable: False
    differentiable: False
    eps: 1e-08
    foreach: None
    fused: None
    lr: 0.005
    maximize: False
    name: interactions_no_decay
    weight_decay: 0.0

Parameter Group 3
    amsgrad: True
    betas: (0.9, 0.999)
    capturable: False
    differentiable: False
    eps: 1e-08
    foreach: None
    fused: None
    lr: 0.005
    maximize: False
    name: products
    weight_decay: 1e-08

Parameter Group 4
    amsgrad: True
    betas: (0.9, 0.999)
    capturable: False
    differentiable: False
    eps: 1e-08
    foreach: None
    fused: None
    lr: 0.005
    maximize: False
    name: readouts
    weight_decay: 0.0
)
2025-03-28 01:34:30.988 INFO: Using gradient clipping with tolerance=100.000
2025-03-28 01:34:30.988 INFO: Started training
2025-03-28 01:34:38.775 INFO: Epoch None: loss=17283.3299, RMSE_E=131408.8 meV, RMSE_F=122.7 meV / A
2025-03-28 01:34:58.181 INFO: Epoch 0: loss=6.4182, RMSE_E=42.4 meV, RMSE_F=80.1 meV / A
2025-03-28 01:35:17.551 INFO: Epoch 2: loss=1.1595, RMSE_E=81.1 meV, RMSE_F=34.0 meV / A
2025-03-28 01:35:36.844 INFO: Epoch 4: loss=0.5297, RMSE_E=88.2 meV, RMSE_F=22.8 meV / A
2025-03-28 01:35:56.134 INFO: Epoch 6: loss=0.3714, RMSE_E=46.6 meV, RMSE_F=19.2 meV / A
2025-03-28 01:36:15.467 INFO: Epoch 8: loss=0.3257, RMSE_E=74.7 meV, RMSE_F=17.9 meV / A
2025-03-28 01:36:34.786 INFO: Epoch 10: loss=0.2521, RMSE_E=47.8 meV, RMSE_F=15.8 meV / A
2025-03-28 01:36:54.067 INFO: Epoch 12: loss=0.2195, RMSE_E=39.0 meV, RMSE_F=14.8 meV / A
2025-03-28 01:37:13.375 INFO: Epoch 14: loss=0.1989, RMSE_E=44.8 meV, RMSE_F=14.0 meV / A
2025-03-28 01:37:32.659 INFO: Epoch 16: loss=0.1859, RMSE_E=61.9 meV, RMSE_F=13.5 meV / A
2025-03-28 01:37:51.950 INFO: Epoch 18: loss=0.1694, RMSE_E=59.0 meV, RMSE_F=12.9 meV / A
2025-03-28 01:38:11.215 INFO: Epoch 20: loss=0.1535, RMSE_E=47.1 meV, RMSE_F=12.3 meV / A
2025-03-28 01:38:30.527 INFO: Epoch 22: loss=0.1405, RMSE_E=33.7 meV, RMSE_F=11.8 meV / A
2025-03-28 01:38:49.857 INFO: Epoch 24: loss=0.1285, RMSE_E=22.2 meV, RMSE_F=11.3 meV / A
2025-03-28 01:39:09.153 INFO: Epoch 26: loss=0.1203, RMSE_E=13.6 meV, RMSE_F=11.0 meV / A
2025-03-28 01:39:28.482 INFO: Epoch 28: loss=0.1130, RMSE_E=10.2 meV, RMSE_F=10.6 meV / A
2025-03-28 01:39:47.830 INFO: Epoch 30: loss=0.1091, RMSE_E=7.8 meV, RMSE_F=10.4 meV / A
2025-03-28 01:40:07.116 INFO: Epoch 32: loss=0.1045, RMSE_E=6.7 meV, RMSE_F=10.2 meV / A
2025-03-28 01:40:26.401 INFO: Epoch 34: loss=0.1006, RMSE_E=6.4 meV, RMSE_F=10.0 meV / A
2025-03-28 01:40:45.752 INFO: Epoch 36: loss=0.0982, RMSE_E=6.0 meV, RMSE_F=9.9 meV / A
2025-03-28 01:41:05.006 INFO: Epoch 38: loss=0.0957, RMSE_E=5.4 meV, RMSE_F=9.8 meV / A
2025-03-28 01:41:24.253 INFO: Epoch 40: loss=0.0931, RMSE_E=5.0 meV, RMSE_F=9.6 meV / A
2025-03-28 01:41:43.549 INFO: Epoch 42: loss=0.0909, RMSE_E=4.8 meV, RMSE_F=9.5 meV / A
2025-03-28 01:42:02.857 INFO: Epoch 44: loss=0.0905, RMSE_E=5.0 meV, RMSE_F=9.5 meV / A
2025-03-28 01:42:22.155 INFO: Epoch 46: loss=0.0883, RMSE_E=4.6 meV, RMSE_F=9.4 meV / A
2025-03-28 01:42:41.492 INFO: Epoch 48: loss=0.0867, RMSE_E=4.4 meV, RMSE_F=9.3 meV / A
2025-03-28 01:43:00.810 INFO: Epoch 50: loss=0.0856, RMSE_E=4.3 meV, RMSE_F=9.2 meV / A
2025-03-28 01:43:20.091 INFO: Epoch 52: loss=0.0844, RMSE_E=4.3 meV, RMSE_F=9.2 meV / A
2025-03-28 01:43:39.326 INFO: Epoch 54: loss=0.0829, RMSE_E=4.1 meV, RMSE_F=9.1 meV / A
2025-03-28 01:43:58.632 INFO: Epoch 56: loss=0.0820, RMSE_E=3.9 meV, RMSE_F=9.1 meV / A
2025-03-28 01:44:17.911 INFO: Epoch 58: loss=0.0810, RMSE_E=3.9 meV, RMSE_F=9.0 meV / A
2025-03-28 01:44:37.207 INFO: Epoch 60: loss=0.0797, RMSE_E=4.0 meV, RMSE_F=8.9 meV / A
2025-03-28 01:44:56.503 INFO: Epoch 62: loss=0.0787, RMSE_E=4.0 meV, RMSE_F=8.9 meV / A
2025-03-28 01:45:15.795 INFO: Epoch 64: loss=0.0776, RMSE_E=4.0 meV, RMSE_F=8.8 meV / A
2025-03-28 01:45:35.071 INFO: Epoch 66: loss=0.0768, RMSE_E=4.0 meV, RMSE_F=8.8 meV / A
2025-03-28 01:45:54.210 INFO: Epoch 68: loss=0.0763, RMSE_E=3.9 meV, RMSE_F=8.7 meV / A
2025-03-28 01:46:13.404 INFO: Epoch 70: loss=0.0756, RMSE_E=3.8 meV, RMSE_F=8.7 meV / A
2025-03-28 01:46:32.705 INFO: Epoch 72: loss=0.0751, RMSE_E=3.8 meV, RMSE_F=8.7 meV / A
2025-03-28 01:46:51.983 INFO: Epoch 74: loss=0.0741, RMSE_E=3.7 meV, RMSE_F=8.6 meV / A
2025-03-28 01:47:11.257 INFO: Epoch 76: loss=0.0734, RMSE_E=3.7 meV, RMSE_F=8.6 meV / A
2025-03-28 01:47:30.457 INFO: Epoch 78: loss=0.0728, RMSE_E=3.8 meV, RMSE_F=8.5 meV / A
2025-03-28 01:47:49.635 INFO: Epoch 80: loss=0.0723, RMSE_E=3.6 meV, RMSE_F=8.5 meV / A
2025-03-28 01:48:08.779 INFO: Epoch 82: loss=0.0721, RMSE_E=3.6 meV, RMSE_F=8.5 meV / A
2025-03-28 01:48:27.932 INFO: Epoch 84: loss=0.0717, RMSE_E=3.6 meV, RMSE_F=8.5 meV / A
2025-03-28 01:48:47.122 INFO: Epoch 86: loss=0.0713, RMSE_E=3.6 meV, RMSE_F=8.4 meV / A
2025-03-28 01:49:06.296 INFO: Epoch 88: loss=0.0706, RMSE_E=3.6 meV, RMSE_F=8.4 meV / A
2025-03-28 01:49:25.445 INFO: Epoch 90: loss=0.0700, RMSE_E=3.6 meV, RMSE_F=8.4 meV / A
2025-03-28 01:49:44.617 INFO: Epoch 92: loss=0.0693, RMSE_E=3.6 meV, RMSE_F=8.3 meV / A
2025-03-28 01:50:03.893 INFO: Epoch 94: loss=0.0688, RMSE_E=3.7 meV, RMSE_F=8.3 meV / A
2025-03-28 01:50:23.184 INFO: Epoch 96: loss=0.0683, RMSE_E=3.7 meV, RMSE_F=8.3 meV / A
2025-03-28 01:50:42.451 INFO: Epoch 98: loss=0.0680, RMSE_E=3.6 meV, RMSE_F=8.2 meV / A
2025-03-28 01:51:01.716 INFO: Epoch 100: loss=0.0676, RMSE_E=3.6 meV, RMSE_F=8.2 meV / A
2025-03-28 01:51:21.007 INFO: Epoch 102: loss=0.0676, RMSE_E=3.5 meV, RMSE_F=8.2 meV / A
2025-03-28 01:51:40.263 INFO: Epoch 104: loss=0.0671, RMSE_E=3.5 meV, RMSE_F=8.2 meV / A
2025-03-28 01:51:59.603 INFO: Epoch 106: loss=0.0669, RMSE_E=3.4 meV, RMSE_F=8.2 meV / A
2025-03-28 01:52:18.884 INFO: Epoch 108: loss=0.0666, RMSE_E=3.4 meV, RMSE_F=8.2 meV / A
2025-03-28 01:52:38.172 INFO: Epoch 110: loss=0.0666, RMSE_E=3.3 meV, RMSE_F=8.2 meV / A
2025-03-28 01:52:57.375 INFO: Epoch 112: loss=0.0664, RMSE_E=3.3 meV, RMSE_F=8.1 meV / A
2025-03-28 01:53:16.653 INFO: Epoch 114: loss=0.0657, RMSE_E=3.3 meV, RMSE_F=8.1 meV / A
2025-03-28 01:53:35.987 INFO: Epoch 116: loss=0.0651, RMSE_E=3.3 meV, RMSE_F=8.1 meV / A
2025-03-28 01:53:55.296 INFO: Epoch 118: loss=0.0646, RMSE_E=3.3 meV, RMSE_F=8.0 meV / A
2025-03-28 01:54:14.567 INFO: Epoch 120: loss=0.0646, RMSE_E=3.2 meV, RMSE_F=8.0 meV / A
2025-03-28 01:54:33.771 INFO: Epoch 122: loss=0.0646, RMSE_E=3.2 meV, RMSE_F=8.0 meV / A
2025-03-28 01:54:52.938 INFO: Epoch 124: loss=0.0645, RMSE_E=3.2 meV, RMSE_F=8.0 meV / A
2025-03-28 01:55:12.149 INFO: Epoch 126: loss=0.0644, RMSE_E=3.2 meV, RMSE_F=8.0 meV / A
2025-03-28 01:55:31.313 INFO: Epoch 128: loss=0.0640, RMSE_E=3.2 meV, RMSE_F=8.0 meV / A
2025-03-28 01:55:50.529 INFO: Epoch 130: loss=0.0635, RMSE_E=3.2 meV, RMSE_F=8.0 meV / A
2025-03-28 01:56:09.681 INFO: Epoch 132: loss=0.0634, RMSE_E=3.2 meV, RMSE_F=8.0 meV / A
2025-03-28 01:56:28.984 INFO: Epoch 134: loss=0.0629, RMSE_E=3.2 meV, RMSE_F=7.9 meV / A
2025-03-28 01:56:48.278 INFO: Epoch 136: loss=0.0626, RMSE_E=3.2 meV, RMSE_F=7.9 meV / A
2025-03-28 01:57:07.550 INFO: Epoch 138: loss=0.0624, RMSE_E=3.3 meV, RMSE_F=7.9 meV / A
2025-03-28 01:57:26.711 INFO: Epoch 140: loss=0.0623, RMSE_E=3.2 meV, RMSE_F=7.9 meV / A
2025-03-28 01:57:45.867 INFO: Epoch 142: loss=0.0620, RMSE_E=3.2 meV, RMSE_F=7.9 meV / A
2025-03-28 01:58:05.070 INFO: Epoch 144: loss=0.0620, RMSE_E=3.2 meV, RMSE_F=7.9 meV / A
2025-03-28 01:58:24.162 INFO: Epoch 146: loss=0.0619, RMSE_E=3.1 meV, RMSE_F=7.9 meV / A
2025-03-28 01:58:43.318 INFO: Epoch 148: loss=0.0619, RMSE_E=3.2 meV, RMSE_F=7.9 meV / A
2025-03-28 01:59:02.455 INFO: Epoch 150: loss=0.0617, RMSE_E=3.2 meV, RMSE_F=7.9 meV / A
2025-03-28 01:59:21.595 INFO: Epoch 152: loss=0.0612, RMSE_E=3.2 meV, RMSE_F=7.8 meV / A
2025-03-28 01:59:40.766 INFO: Epoch 154: loss=0.0606, RMSE_E=3.1 meV, RMSE_F=7.8 meV / A
2025-03-28 01:59:59.943 INFO: Epoch 156: loss=0.0609, RMSE_E=3.1 meV, RMSE_F=7.8 meV / A
2025-03-28 02:00:19.023 INFO: Epoch 158: loss=0.0608, RMSE_E=3.1 meV, RMSE_F=7.8 meV / A
2025-03-28 02:00:38.115 INFO: Epoch 160: loss=0.0606, RMSE_E=3.1 meV, RMSE_F=7.8 meV / A
2025-03-28 02:00:57.296 INFO: Epoch 162: loss=0.0600, RMSE_E=3.1 meV, RMSE_F=7.7 meV / A
2025-03-28 02:01:16.492 INFO: Epoch 164: loss=0.0598, RMSE_E=3.1 meV, RMSE_F=7.7 meV / A
2025-03-28 02:01:35.618 INFO: Epoch 166: loss=0.0598, RMSE_E=3.1 meV, RMSE_F=7.7 meV / A
2025-03-28 02:01:54.694 INFO: Epoch 168: loss=0.0596, RMSE_E=3.1 meV, RMSE_F=7.7 meV / A
2025-03-28 02:02:13.870 INFO: Epoch 170: loss=0.0593, RMSE_E=3.2 meV, RMSE_F=7.7 meV / A
2025-03-28 02:02:33.025 INFO: Epoch 172: loss=0.0594, RMSE_E=3.2 meV, RMSE_F=7.7 meV / A
2025-03-28 02:02:52.087 INFO: Epoch 174: loss=0.0594, RMSE_E=3.1 meV, RMSE_F=7.7 meV / A
2025-03-28 02:03:11.167 INFO: Epoch 176: loss=0.0592, RMSE_E=3.1 meV, RMSE_F=7.7 meV / A
2025-03-28 02:03:30.356 INFO: Epoch 178: loss=0.0588, RMSE_E=3.1 meV, RMSE_F=7.7 meV / A
2025-03-28 02:03:49.554 INFO: Epoch 180: loss=0.0586, RMSE_E=3.0 meV, RMSE_F=7.7 meV / A
2025-03-28 02:04:08.766 INFO: Epoch 182: loss=0.0583, RMSE_E=3.0 meV, RMSE_F=7.6 meV / A
2025-03-28 02:04:28.012 INFO: Epoch 184: loss=0.0586, RMSE_E=3.1 meV, RMSE_F=7.7 meV / A
2025-03-28 02:04:47.138 INFO: Epoch 186: loss=0.0587, RMSE_E=3.0 meV, RMSE_F=7.7 meV / A
2025-03-28 02:05:06.225 INFO: Epoch 188: loss=0.0584, RMSE_E=3.0 meV, RMSE_F=7.6 meV / A
2025-03-28 02:05:25.287 INFO: Epoch 190: loss=0.0581, RMSE_E=3.1 meV, RMSE_F=7.6 meV / A
2025-03-28 02:05:44.492 INFO: Epoch 192: loss=0.0580, RMSE_E=3.1 meV, RMSE_F=7.6 meV / A
2025-03-28 02:06:03.612 INFO: Epoch 194: loss=0.0579, RMSE_E=3.1 meV, RMSE_F=7.6 meV / A
2025-03-28 02:06:22.781 INFO: Epoch 196: loss=0.0578, RMSE_E=3.0 meV, RMSE_F=7.6 meV / A
2025-03-28 02:06:41.936 INFO: Epoch 198: loss=0.0579, RMSE_E=3.0 meV, RMSE_F=7.6 meV / A
2025-03-28 02:07:00.996 INFO: Epoch 200: loss=0.0579, RMSE_E=3.1 meV, RMSE_F=7.6 meV / A
2025-03-28 02:07:20.049 INFO: Epoch 202: loss=0.0574, RMSE_E=3.0 meV, RMSE_F=7.6 meV / A
2025-03-28 02:07:39.240 INFO: Epoch 204: loss=0.0572, RMSE_E=3.1 meV, RMSE_F=7.6 meV / A
2025-03-28 02:07:58.416 INFO: Epoch 206: loss=0.0571, RMSE_E=3.0 meV, RMSE_F=7.6 meV / A
2025-03-28 02:08:17.552 INFO: Epoch 208: loss=0.0568, RMSE_E=3.0 meV, RMSE_F=7.5 meV / A
2025-03-28 02:08:36.684 INFO: Epoch 210: loss=0.0569, RMSE_E=3.0 meV, RMSE_F=7.5 meV / A
2025-03-28 02:08:55.713 INFO: Epoch 212: loss=0.0567, RMSE_E=3.0 meV, RMSE_F=7.5 meV / A
2025-03-28 02:09:14.867 INFO: Epoch 214: loss=0.0568, RMSE_E=3.0 meV, RMSE_F=7.5 meV / A
2025-03-28 02:09:33.881 INFO: Epoch 216: loss=0.0566, RMSE_E=2.9 meV, RMSE_F=7.5 meV / A
2025-03-28 02:09:52.970 INFO: Epoch 218: loss=0.0566, RMSE_E=2.9 meV, RMSE_F=7.5 meV / A
2025-03-28 02:10:11.967 INFO: Epoch 220: loss=0.0563, RMSE_E=2.9 meV, RMSE_F=7.5 meV / A
2025-03-28 02:10:31.014 INFO: Epoch 222: loss=0.0563, RMSE_E=2.9 meV, RMSE_F=7.5 meV / A
2025-03-28 02:10:49.955 INFO: Epoch 224: loss=0.0561, RMSE_E=2.9 meV, RMSE_F=7.5 meV / A
2025-03-28 02:11:08.980 INFO: Epoch 226: loss=0.0561, RMSE_E=2.9 meV, RMSE_F=7.5 meV / A
2025-03-28 02:11:27.957 INFO: Epoch 228: loss=0.0561, RMSE_E=2.9 meV, RMSE_F=7.5 meV / A
2025-03-28 02:11:47.016 INFO: Epoch 230: loss=0.0560, RMSE_E=3.0 meV, RMSE_F=7.5 meV / A
2025-03-28 02:12:06.004 INFO: Epoch 232: loss=0.0560, RMSE_E=2.9 meV, RMSE_F=7.5 meV / A
2025-03-28 02:12:24.959 INFO: Epoch 234: loss=0.0559, RMSE_E=2.9 meV, RMSE_F=7.5 meV / A
2025-03-28 02:12:43.861 INFO: Epoch 236: loss=0.0557, RMSE_E=3.0 meV, RMSE_F=7.5 meV / A
2025-03-28 02:13:02.847 INFO: Epoch 238: loss=0.0557, RMSE_E=2.9 meV, RMSE_F=7.5 meV / A
2025-03-28 02:13:21.998 INFO: Epoch 240: loss=0.0555, RMSE_E=2.9 meV, RMSE_F=7.5 meV / A
2025-03-28 02:13:40.948 INFO: Epoch 242: loss=0.0555, RMSE_E=2.9 meV, RMSE_F=7.4 meV / A
2025-03-28 02:13:59.762 INFO: Epoch 244: loss=0.0553, RMSE_E=2.9 meV, RMSE_F=7.4 meV / A
2025-03-28 02:14:18.598 INFO: Epoch 246: loss=0.0553, RMSE_E=3.0 meV, RMSE_F=7.4 meV / A
2025-03-28 02:14:37.402 INFO: Epoch 248: loss=0.0553, RMSE_E=2.9 meV, RMSE_F=7.4 meV / A
2025-03-28 02:14:56.218 INFO: Epoch 250: loss=0.0553, RMSE_E=3.0 meV, RMSE_F=7.4 meV / A
2025-03-28 02:15:14.915 INFO: Epoch 252: loss=0.0553, RMSE_E=3.0 meV, RMSE_F=7.4 meV / A
2025-03-28 02:15:33.725 INFO: Epoch 254: loss=0.0551, RMSE_E=2.9 meV, RMSE_F=7.4 meV / A
2025-03-28 02:15:52.658 INFO: Epoch 256: loss=0.0551, RMSE_E=2.9 meV, RMSE_F=7.4 meV / A
2025-03-28 02:16:11.537 INFO: Epoch 258: loss=0.0551, RMSE_E=2.9 meV, RMSE_F=7.4 meV / A
2025-03-28 02:16:30.252 INFO: Epoch 260: loss=0.0549, RMSE_E=2.9 meV, RMSE_F=7.4 meV / A
2025-03-28 02:16:49.152 INFO: Epoch 262: loss=0.0548, RMSE_E=3.0 meV, RMSE_F=7.4 meV / A
2025-03-28 02:17:08.016 INFO: Epoch 264: loss=0.0549, RMSE_E=2.9 meV, RMSE_F=7.4 meV / A
2025-03-28 02:17:26.773 INFO: Epoch 266: loss=0.0549, RMSE_E=2.9 meV, RMSE_F=7.4 meV / A
2025-03-28 02:17:45.523 INFO: Epoch 268: loss=0.0548, RMSE_E=2.9 meV, RMSE_F=7.4 meV / A
2025-03-28 02:18:04.379 INFO: Epoch 270: loss=0.0547, RMSE_E=2.9 meV, RMSE_F=7.4 meV / A
2025-03-28 02:18:23.286 INFO: Epoch 272: loss=0.0545, RMSE_E=2.9 meV, RMSE_F=7.4 meV / A
2025-03-28 02:18:42.192 INFO: Epoch 274: loss=0.0546, RMSE_E=3.0 meV, RMSE_F=7.4 meV / A
2025-03-28 02:19:01.054 INFO: Epoch 276: loss=0.0546, RMSE_E=3.0 meV, RMSE_F=7.4 meV / A
2025-03-28 02:19:19.804 INFO: Epoch 278: loss=0.0546, RMSE_E=3.0 meV, RMSE_F=7.4 meV / A
2025-03-28 02:19:38.589 INFO: Epoch 280: loss=0.0546, RMSE_E=2.9 meV, RMSE_F=7.4 meV / A
2025-03-28 02:19:57.506 INFO: Epoch 282: loss=0.0545, RMSE_E=3.0 meV, RMSE_F=7.4 meV / A
2025-03-28 02:20:16.217 INFO: Epoch 284: loss=0.0545, RMSE_E=3.0 meV, RMSE_F=7.4 meV / A
2025-03-28 02:20:35.126 INFO: Epoch 286: loss=0.0544, RMSE_E=3.0 meV, RMSE_F=7.4 meV / A
2025-03-28 02:20:53.942 INFO: Epoch 288: loss=0.0545, RMSE_E=2.9 meV, RMSE_F=7.4 meV / A
2025-03-28 02:21:13.059 INFO: Epoch 290: loss=0.0545, RMSE_E=2.9 meV, RMSE_F=7.4 meV / A
2025-03-28 02:21:31.840 INFO: Epoch 292: loss=0.0543, RMSE_E=2.9 meV, RMSE_F=7.4 meV / A
2025-03-28 02:21:50.669 INFO: Epoch 294: loss=0.0542, RMSE_E=2.9 meV, RMSE_F=7.4 meV / A
2025-03-28 02:22:09.702 INFO: Epoch 296: loss=0.0542, RMSE_E=2.9 meV, RMSE_F=7.4 meV / A
2025-03-28 02:22:28.769 INFO: Epoch 298: loss=0.0542, RMSE_E=2.9 meV, RMSE_F=7.4 meV / A
2025-03-28 02:22:47.722 INFO: Epoch 300: loss=0.0543, RMSE_E=3.0 meV, RMSE_F=7.4 meV / A
2025-03-28 02:23:06.797 INFO: Epoch 302: loss=0.0542, RMSE_E=3.0 meV, RMSE_F=7.4 meV / A
2025-03-28 02:23:25.575 INFO: Epoch 304: loss=0.0541, RMSE_E=3.0 meV, RMSE_F=7.4 meV / A
2025-03-28 02:23:44.625 INFO: Epoch 306: loss=0.0540, RMSE_E=3.0 meV, RMSE_F=7.3 meV / A
2025-03-28 02:24:03.614 INFO: Epoch 308: loss=0.0540, RMSE_E=3.0 meV, RMSE_F=7.3 meV / A
2025-03-28 02:24:22.645 INFO: Epoch 310: loss=0.0540, RMSE_E=3.0 meV, RMSE_F=7.3 meV / A
2025-03-28 02:24:41.754 INFO: Epoch 312: loss=0.0538, RMSE_E=3.0 meV, RMSE_F=7.3 meV / A
2025-03-28 02:25:00.672 INFO: Epoch 314: loss=0.0538, RMSE_E=3.0 meV, RMSE_F=7.3 meV / A
2025-03-28 02:25:19.710 INFO: Epoch 316: loss=0.0538, RMSE_E=3.0 meV, RMSE_F=7.3 meV / A
2025-03-28 02:25:38.934 INFO: Epoch 318: loss=0.0538, RMSE_E=3.0 meV, RMSE_F=7.3 meV / A
2025-03-28 02:25:57.934 INFO: Epoch 320: loss=0.0538, RMSE_E=2.9 meV, RMSE_F=7.3 meV / A
2025-03-28 02:26:16.961 INFO: Epoch 322: loss=0.0538, RMSE_E=3.0 meV, RMSE_F=7.3 meV / A
2025-03-28 02:26:35.959 INFO: Epoch 324: loss=0.0537, RMSE_E=2.9 meV, RMSE_F=7.3 meV / A
2025-03-28 02:26:54.893 INFO: Epoch 326: loss=0.0538, RMSE_E=2.9 meV, RMSE_F=7.3 meV / A
2025-03-28 02:27:13.786 INFO: Epoch 328: loss=0.0538, RMSE_E=2.9 meV, RMSE_F=7.3 meV / A
2025-03-28 02:27:32.521 INFO: Epoch 330: loss=0.0537, RMSE_E=2.9 meV, RMSE_F=7.3 meV / A
2025-03-28 02:27:51.633 INFO: Epoch 332: loss=0.0538, RMSE_E=2.9 meV, RMSE_F=7.3 meV / A
2025-03-28 02:28:10.790 INFO: Epoch 334: loss=0.0537, RMSE_E=2.9 meV, RMSE_F=7.3 meV / A
2025-03-28 02:28:29.877 INFO: Epoch 336: loss=0.0537, RMSE_E=2.9 meV, RMSE_F=7.3 meV / A
2025-03-28 02:28:48.963 INFO: Epoch 338: loss=0.0537, RMSE_E=2.9 meV, RMSE_F=7.3 meV / A
2025-03-28 02:29:07.961 INFO: Epoch 340: loss=0.0537, RMSE_E=3.0 meV, RMSE_F=7.3 meV / A
2025-03-28 02:29:27.145 INFO: Epoch 342: loss=0.0537, RMSE_E=3.0 meV, RMSE_F=7.3 meV / A
2025-03-28 02:29:46.236 INFO: Epoch 344: loss=0.0537, RMSE_E=3.0 meV, RMSE_F=7.3 meV / A
2025-03-28 02:30:05.461 INFO: Epoch 346: loss=0.0536, RMSE_E=2.9 meV, RMSE_F=7.3 meV / A
2025-03-28 02:30:24.686 INFO: Epoch 348: loss=0.0535, RMSE_E=2.9 meV, RMSE_F=7.3 meV / A
2025-03-28 02:30:43.723 INFO: Epoch 350: loss=0.0535, RMSE_E=2.9 meV, RMSE_F=7.3 meV / A
2025-03-28 02:31:02.647 INFO: Epoch 352: loss=0.0535, RMSE_E=2.9 meV, RMSE_F=7.3 meV / A
2025-03-28 02:31:21.933 INFO: Epoch 354: loss=0.0535, RMSE_E=2.9 meV, RMSE_F=7.3 meV / A
2025-03-28 02:31:40.852 INFO: Epoch 356: loss=0.0535, RMSE_E=2.9 meV, RMSE_F=7.3 meV / A
2025-03-28 02:31:59.934 INFO: Epoch 358: loss=0.0535, RMSE_E=2.9 meV, RMSE_F=7.3 meV / A
2025-03-28 02:32:19.067 INFO: Epoch 360: loss=0.0534, RMSE_E=2.9 meV, RMSE_F=7.3 meV / A
2025-03-28 02:32:38.289 INFO: Epoch 362: loss=0.0534, RMSE_E=2.9 meV, RMSE_F=7.3 meV / A
2025-03-28 02:32:57.401 INFO: Epoch 364: loss=0.0533, RMSE_E=2.9 meV, RMSE_F=7.3 meV / A
2025-03-28 02:33:16.437 INFO: Epoch 366: loss=0.0533, RMSE_E=2.9 meV, RMSE_F=7.3 meV / A
2025-03-28 02:33:35.502 INFO: Epoch 368: loss=0.0533, RMSE_E=2.9 meV, RMSE_F=7.3 meV / A
2025-03-28 02:33:54.674 INFO: Epoch 370: loss=0.0533, RMSE_E=2.9 meV, RMSE_F=7.3 meV / A
2025-03-28 02:34:13.599 INFO: Epoch 372: loss=0.0533, RMSE_E=2.9 meV, RMSE_F=7.3 meV / A
2025-03-28 02:34:32.613 INFO: Epoch 374: loss=0.0532, RMSE_E=2.9 meV, RMSE_F=7.3 meV / A
2025-03-28 02:34:51.829 INFO: Epoch 376: loss=0.0533, RMSE_E=2.9 meV, RMSE_F=7.3 meV / A
2025-03-28 02:35:10.741 INFO: Epoch 378: loss=0.0533, RMSE_E=2.9 meV, RMSE_F=7.3 meV / A
2025-03-28 02:35:29.782 INFO: Epoch 380: loss=0.0532, RMSE_E=2.9 meV, RMSE_F=7.3 meV / A
2025-03-28 02:35:48.897 INFO: Epoch 382: loss=0.0531, RMSE_E=2.9 meV, RMSE_F=7.3 meV / A
2025-03-28 02:36:07.663 INFO: Epoch 384: loss=0.0532, RMSE_E=2.9 meV, RMSE_F=7.3 meV / A
2025-03-28 02:36:26.529 INFO: Epoch 386: loss=0.0531, RMSE_E=2.9 meV, RMSE_F=7.3 meV / A
2025-03-28 02:36:45.522 INFO: Epoch 388: loss=0.0531, RMSE_E=3.0 meV, RMSE_F=7.3 meV / A
2025-03-28 02:37:04.509 INFO: Epoch 390: loss=0.0531, RMSE_E=2.9 meV, RMSE_F=7.3 meV / A
2025-03-28 02:37:23.450 INFO: Epoch 392: loss=0.0530, RMSE_E=2.9 meV, RMSE_F=7.3 meV / A
2025-03-28 02:37:42.500 INFO: Epoch 394: loss=0.0531, RMSE_E=2.9 meV, RMSE_F=7.3 meV / A
2025-03-28 02:38:01.416 INFO: Epoch 396: loss=0.0531, RMSE_E=2.9 meV, RMSE_F=7.3 meV / A
2025-03-28 02:38:20.381 INFO: Epoch 398: loss=0.0531, RMSE_E=2.9 meV, RMSE_F=7.3 meV / A
2025-03-28 02:38:39.345 INFO: Epoch 400: loss=0.0531, RMSE_E=2.9 meV, RMSE_F=7.3 meV / A
2025-03-28 02:38:58.372 INFO: Epoch 402: loss=0.0531, RMSE_E=2.9 meV, RMSE_F=7.3 meV / A
2025-03-28 02:39:17.335 INFO: Epoch 404: loss=0.0530, RMSE_E=2.9 meV, RMSE_F=7.3 meV / A
2025-03-28 02:39:36.450 INFO: Epoch 406: loss=0.0530, RMSE_E=2.9 meV, RMSE_F=7.3 meV / A
2025-03-28 02:39:55.519 INFO: Epoch 408: loss=0.0530, RMSE_E=2.9 meV, RMSE_F=7.3 meV / A
2025-03-28 02:40:14.491 INFO: Epoch 410: loss=0.0530, RMSE_E=2.9 meV, RMSE_F=7.3 meV / A
2025-03-28 02:40:33.313 INFO: Epoch 412: loss=0.0530, RMSE_E=2.9 meV, RMSE_F=7.3 meV / A
2025-03-28 02:40:52.297 INFO: Epoch 414: loss=0.0530, RMSE_E=2.9 meV, RMSE_F=7.3 meV / A
2025-03-28 02:41:11.183 INFO: Epoch 416: loss=0.0530, RMSE_E=2.9 meV, RMSE_F=7.3 meV / A
2025-03-28 02:41:30.439 INFO: Epoch 418: loss=0.0530, RMSE_E=2.9 meV, RMSE_F=7.3 meV / A
2025-03-28 02:41:49.690 INFO: Epoch 420: loss=0.0529, RMSE_E=2.9 meV, RMSE_F=7.3 meV / A
2025-03-28 02:42:08.763 INFO: Epoch 422: loss=0.0529, RMSE_E=2.9 meV, RMSE_F=7.3 meV / A
2025-03-28 02:42:27.865 INFO: Epoch 424: loss=0.0529, RMSE_E=2.9 meV, RMSE_F=7.3 meV / A
2025-03-28 02:42:46.833 INFO: Epoch 426: loss=0.0529, RMSE_E=2.9 meV, RMSE_F=7.3 meV / A
2025-03-28 02:43:05.818 INFO: Epoch 428: loss=0.0529, RMSE_E=2.9 meV, RMSE_F=7.3 meV / A
2025-03-28 02:43:25.012 INFO: Epoch 430: loss=0.0529, RMSE_E=2.9 meV, RMSE_F=7.3 meV / A
2025-03-28 02:43:44.138 INFO: Epoch 432: loss=0.0529, RMSE_E=2.9 meV, RMSE_F=7.3 meV / A
2025-03-28 02:44:03.081 INFO: Epoch 434: loss=0.0529, RMSE_E=2.9 meV, RMSE_F=7.3 meV / A
2025-03-28 02:44:22.165 INFO: Epoch 436: loss=0.0529, RMSE_E=2.9 meV, RMSE_F=7.3 meV / A
2025-03-28 02:44:41.285 INFO: Epoch 438: loss=0.0529, RMSE_E=2.9 meV, RMSE_F=7.3 meV / A
2025-03-28 02:45:00.326 INFO: Epoch 440: loss=0.0529, RMSE_E=2.9 meV, RMSE_F=7.3 meV / A
2025-03-28 02:45:19.481 INFO: Epoch 442: loss=0.0529, RMSE_E=2.9 meV, RMSE_F=7.3 meV / A
2025-03-28 02:45:38.564 INFO: Epoch 444: loss=0.0528, RMSE_E=2.9 meV, RMSE_F=7.3 meV / A
2025-03-28 02:45:57.743 INFO: Epoch 446: loss=0.0529, RMSE_E=2.9 meV, RMSE_F=7.3 meV / A
2025-03-28 02:46:16.741 INFO: Epoch 448: loss=0.0529, RMSE_E=2.9 meV, RMSE_F=7.3 meV / A
2025-03-28 02:46:35.613 INFO: Epoch 450: loss=0.0528, RMSE_E=2.9 meV, RMSE_F=7.3 meV / A
2025-03-28 02:46:54.719 INFO: Epoch 452: loss=0.0528, RMSE_E=2.9 meV, RMSE_F=7.3 meV / A
2025-03-28 02:47:13.787 INFO: Epoch 454: loss=0.0528, RMSE_E=2.9 meV, RMSE_F=7.3 meV / A
2025-03-28 02:47:32.935 INFO: Epoch 456: loss=0.0528, RMSE_E=2.9 meV, RMSE_F=7.3 meV / A
2025-03-28 02:47:52.053 INFO: Epoch 458: loss=0.0528, RMSE_E=2.9 meV, RMSE_F=7.3 meV / A
2025-03-28 02:48:11.208 INFO: Epoch 460: loss=0.0528, RMSE_E=2.9 meV, RMSE_F=7.3 meV / A
2025-03-28 02:48:30.002 INFO: Epoch 462: loss=0.0528, RMSE_E=2.9 meV, RMSE_F=7.3 meV / A
2025-03-28 02:48:48.918 INFO: Epoch 464: loss=0.0528, RMSE_E=2.9 meV, RMSE_F=7.3 meV / A
2025-03-28 02:49:07.741 INFO: Epoch 466: loss=0.0528, RMSE_E=2.9 meV, RMSE_F=7.3 meV / A
2025-03-28 02:49:26.535 INFO: Epoch 468: loss=0.0528, RMSE_E=2.9 meV, RMSE_F=7.3 meV / A
2025-03-28 02:49:45.222 INFO: Epoch 470: loss=0.0528, RMSE_E=2.9 meV, RMSE_F=7.3 meV / A
2025-03-28 02:50:03.769 INFO: Epoch 472: loss=0.0528, RMSE_E=2.9 meV, RMSE_F=7.3 meV / A
2025-03-28 02:50:22.863 INFO: Epoch 474: loss=0.0528, RMSE_E=2.9 meV, RMSE_F=7.3 meV / A
2025-03-28 02:50:42.014 INFO: Epoch 476: loss=0.0528, RMSE_E=2.9 meV, RMSE_F=7.3 meV / A
2025-03-28 02:51:00.959 INFO: Epoch 478: loss=0.0528, RMSE_E=2.9 meV, RMSE_F=7.3 meV / A
2025-03-28 02:51:19.931 INFO: Epoch 480: loss=0.0528, RMSE_E=2.9 meV, RMSE_F=7.3 meV / A
2025-03-28 02:51:38.678 INFO: Epoch 482: loss=0.0528, RMSE_E=2.9 meV, RMSE_F=7.3 meV / A
2025-03-28 02:51:57.174 INFO: Epoch 484: loss=0.0528, RMSE_E=2.9 meV, RMSE_F=7.3 meV / A
2025-03-28 02:52:16.096 INFO: Epoch 486: loss=0.0528, RMSE_E=2.9 meV, RMSE_F=7.3 meV / A
2025-03-28 02:52:34.851 INFO: Epoch 488: loss=0.0528, RMSE_E=2.9 meV, RMSE_F=7.3 meV / A
2025-03-28 02:52:53.885 INFO: Epoch 490: loss=0.0528, RMSE_E=2.9 meV, RMSE_F=7.3 meV / A
2025-03-28 02:53:12.765 INFO: Epoch 492: loss=0.0528, RMSE_E=2.9 meV, RMSE_F=7.3 meV / A
2025-03-28 02:53:31.785 INFO: Epoch 494: loss=0.0528, RMSE_E=2.9 meV, RMSE_F=7.3 meV / A
2025-03-28 02:53:51.036 INFO: Epoch 496: loss=0.0528, RMSE_E=2.9 meV, RMSE_F=7.3 meV / A
2025-03-28 02:54:10.082 INFO: Epoch 498: loss=0.0528, RMSE_E=2.9 meV, RMSE_F=7.3 meV / A
2025-03-28 02:54:19.338 INFO: Training complete
2025-03-28 02:54:19.338 INFO: Computing metrics for training, validation, and test sets
2025-03-28 02:54:20.096 INFO: Loading checkpoint: checkpoints/3BPA_run-42_epoch-496.pt
2025-03-28 02:54:20.159 INFO: Loaded model from epoch 496
2025-03-28 02:54:20.159 INFO: Evaluating train ...
2025-03-28 02:54:24.978 INFO: Evaluating valid ...
2025-03-28 02:54:25.501 INFO: Evaluating Default ...
2025-03-28 02:54:45.854 INFO: 
+-------------+--------------+------------------+-------------------+
| config_type | RMSE E / meV | RMSE F / meV / A | relative F RMSE % |
+-------------+--------------+------------------+-------------------+
|    train    |     2.5      |       3.6        |        0.38       |
|    valid    |     2.9      |       7.3        |        0.80       |
|   Default   |     3.0      |       7.5        |        0.78       |
+-------------+--------------+------------------+-------------------+
2025-03-28 02:54:45.854 INFO: Saving model to checkpoints/3BPA_run-42.model
2025-03-28 02:54:46.223 INFO: Compiling model, saving metadata to 3BPA_compiled.model
2025-03-28 02:54:47.026 INFO: Done
