2025-01-16 23:14:54.371 INFO: MACE version: 0.3.5
2025-01-16 23:14:54.372 INFO: Configuration: Namespace(config=None, name='3BPA-L2', seed=42, log_dir='logs', model_dir='.', checkpoints_dir='checkpoints', results_dir='results', downloads_dir='downloads', device='cuda', default_dtype='float64', distributed=False, log_level='INFO', error_table='TotalRMSE', model='ScaleShiftMACE', r_max=5.0, radial_type='bessel', num_radial_basis=8, num_cutoff_basis=5, pair_repulsion=False, distance_transform='None', interaction='RealAgnosticResidualInteractionBlock', interaction_first='RealAgnosticResidualInteractionBlock', max_ell=3, correlation=3, num_interactions=2, MLP_irreps='16x0e', radial_MLP='[64, 64, 64]', hidden_irreps='128x0e + 128x1o', num_channels=256, max_L=2, gate='silu', scaling='rms_forces_scaling', avg_num_neighbors=1, compute_avg_num_neighbors=True, compute_stress=False, compute_forces=True, train_file='./dataset/train_300K.xyz', valid_file=None, valid_fraction=0.1, test_file='./dataset/test_300K.xyz', test_dir=None, multi_processed_test=False, num_workers=0, pin_memory=True, atomic_numbers=None, mean=None, std=None, statistics_file=None, E0s='{1:-13.587222780835477, 6:-1029.4889999855063, 7:-1484.9814568572233, 8:-2041.9816003861047}', keep_isolated_atoms=False, energy_key='energy', forces_key='forces', virials_key='virials', stress_key='stress', dipole_key='dipole', charges_key='charges', loss='ef', forces_weight=1000.0, swa_forces_weight=100.0, energy_weight=1.0, swa_energy_weight=1000.0, virials_weight=1.0, swa_virials_weight=10.0, stress_weight=1.0, swa_stress_weight=10.0, dipole_weight=1.0, swa_dipole_weight=1.0, config_type_weights='{"Default":1.0}', huber_delta=0.01, optimizer='adam', beta=0.9, batch_size=5, valid_batch_size=5, lr=0.01, swa_lr=0.001, weight_decay=5e-07, amsgrad=True, scheduler='ReduceLROnPlateau', lr_factor=0.8, scheduler_patience=50, lr_scheduler_gamma=0.9993, swa=False, start_swa=None, ema=True, ema_decay=0.99, max_num_epochs=1500, patience=2048, foundation_model=None, foundation_model_readout=True, eval_interval=2, keep_checkpoints=False, save_all_checkpoints=False, restart_latest=False, save_cpu=False, clip_grad=10.0, wandb=False, wandb_dir=None, wandb_project='', wandb_entity='', wandb_name='', wandb_log_hypers=['num_channels', 'max_L', 'correlation', 'lr', 'swa_lr', 'weight_decay', 'batch_size', 'max_num_epochs', 'start_swa', 'energy_weight', 'forces_weight'])
2025-01-16 23:14:54.471 INFO: CUDA version: 12.1, CUDA device: 0
2025-01-16 23:14:54.670 INFO: Error accessing Git repository: /home/bingxing2/home/scx9kv2/work/organic/3BPA/baseline_42
2025-01-16 23:14:54.979 INFO: Since ASE version 3.23.0b1, using energy_key 'energy' is no longer safe when communicating between MACE and ASE. We recommend using a different key, rewriting energies to 'REF_energy'. You need to use --energy_key='REF_energy', to tell the key name chosen.
2025-01-16 23:14:55.078 INFO: Since ASE version 3.23.0b1, using forces_key 'forces' is no longer safe when communicating between MACE and ASE. We recommend using a different key, rewriting energies to 'REF_forces'. You need to use --forces_key='REF_forces', to tell the key name chosen.
2025-01-16 23:14:55.178 INFO: Since ASE version 3.23.0b1, using stress_key 'stress' is no longer safe when communicating between MACE and ASE. We recommend using a different key, rewriting energies to 'REF_stress'. You need to use --stress_key='REF_stress', to tell the key name chosen.
2025-01-16 23:14:55.194 INFO: Loaded 500 training configurations from './dataset/train_300K.xyz'
2025-01-16 23:14:55.195 INFO: Using random 10.0% of training set for validation
2025-01-16 23:14:56.181 INFO: Since ASE version 3.23.0b1, using energy_key 'energy' is no longer safe when communicating between MACE and ASE. We recommend using a different key, rewriting energies to 'REF_energy'. You need to use --energy_key='REF_energy', to tell the key name chosen.
2025-01-16 23:14:56.510 INFO: Since ASE version 3.23.0b1, using forces_key 'forces' is no longer safe when communicating between MACE and ASE. We recommend using a different key, rewriting energies to 'REF_forces'. You need to use --forces_key='REF_forces', to tell the key name chosen.
2025-01-16 23:14:56.844 INFO: Since ASE version 3.23.0b1, using stress_key 'stress' is no longer safe when communicating between MACE and ASE. We recommend using a different key, rewriting energies to 'REF_stress'. You need to use --stress_key='REF_stress', to tell the key name chosen.
2025-01-16 23:14:56.896 INFO: Loaded 1669 test configurations from './dataset/test_300K.xyz'
2025-01-16 23:14:56.896 INFO: Total number of configurations: train=450, valid=50, tests=[Default: 1669]
2025-01-16 23:14:56.900 INFO: AtomicNumberTable: (1, 6, 7, 8)
2025-01-16 23:14:56.900 INFO: Atomic Energies not in training file, using command line argument E0s
2025-01-16 23:14:56.901 INFO: Atomic energies: [-13.587222780835477, -1029.4889999855063, -1484.9814568572233, -2041.9816003861047]
2025-01-16 23:14:57.180 INFO: EnergyForcesLoss(energy_weight=1.000, forces_weight=1000.000)
2025-01-16 23:14:57.581 INFO: Average number of neighbors: 16.718189300411524
2025-01-16 23:14:57.581 INFO: Selected the following outputs: {'energy': True, 'forces': True, 'virials': False, 'stress': False, 'dipoles': False}
2025-01-16 23:14:57.781 INFO: Building model
2025-01-16 23:14:57.789 INFO: Hidden irreps: 256x0e+256x1o+256x2e
2025-01-16 23:15:00.977 INFO: ScaleShiftMACE(
  (node_embedding): LinearNodeEmbeddingBlock(
    (linear): Linear(4x0e -> 256x0e | 1024 weights)
  )
  (radial_embedding): RadialEmbeddingBlock(
    (bessel_fn): BesselBasis(r_max=5.0, num_basis=8, trainable=False)
    (cutoff_fn): PolynomialCutoff(p=5.0, r_max=5.0)
  )
  (spherical_harmonics): SphericalHarmonics()
  (atomic_energies_fn): AtomicEnergiesBlock(energies=[-13.5872, -1029.4890, -1484.9815, -2041.9816])
  (interactions): ModuleList(
    (0): RealAgnosticResidualInteractionBlock(
      (linear_up): Linear(256x0e -> 256x0e | 65536 weights)
      (conv_tp): TensorProduct(256x0e x 1x0e+1x1o+1x2e+1x3o -> 256x0e+256x1o+256x2e+256x3o | 1024 paths | 1024 weights)
      (conv_tp_weights): FullyConnectedNet[8, 64, 64, 64, 1024]
      (linear): Linear(256x0e+256x1o+256x2e+256x3o -> 256x0e+256x1o+256x2e+256x3o | 262144 weights)
      (skip_tp): FullyConnectedTensorProduct(256x0e x 4x0e -> 256x0e+256x1o+256x2e | 262144 paths | 262144 weights)
      (reshape): reshape_irreps()
    )
    (1): RealAgnosticResidualInteractionBlock(
      (linear_up): Linear(256x0e+256x1o+256x2e -> 256x0e+256x1o+256x2e | 196608 weights)
      (conv_tp): TensorProduct(256x0e+256x1o+256x2e x 1x0e+1x1o+1x2e+1x3o -> 768x0e+1280x1o+1280x2e+1024x3o | 4352 paths | 4352 weights)
      (conv_tp_weights): FullyConnectedNet[8, 64, 64, 64, 4352]
      (linear): Linear(768x0e+1280x1o+1280x2e+1024x3o -> 256x0e+256x1o+256x2e+256x3o | 1114112 weights)
      (skip_tp): FullyConnectedTensorProduct(256x0e+256x1o+256x2e x 4x0e -> 256x0e | 262144 paths | 262144 weights)
      (reshape): reshape_irreps()
    )
  )
  (products): ModuleList(
    (0): EquivariantProductBasisBlock(
      (symmetric_contractions): SymmetricContraction(
        (contractions): ModuleList(
          (0): Contraction(
            (contractions_weighting): ModuleList(
              (0-1): 2 x GraphModule()
            )
            (contractions_features): ModuleList(
              (0-1): 2 x GraphModule()
            )
            (weights): ParameterList(
                (0): Parameter containing: [torch.float64 of size 4x4x256 (cuda:0)]
                (1): Parameter containing: [torch.float64 of size 4x1x256 (cuda:0)]
            )
            (graph_opt_main): GraphModule()
          )
          (1): Contraction(
            (contractions_weighting): ModuleList(
              (0-1): 2 x GraphModule()
            )
            (contractions_features): ModuleList(
              (0-1): 2 x GraphModule()
            )
            (weights): ParameterList(
                (0): Parameter containing: [torch.float64 of size 4x6x256 (cuda:0)]
                (1): Parameter containing: [torch.float64 of size 4x1x256 (cuda:0)]
            )
            (graph_opt_main): GraphModule()
          )
          (2): Contraction(
            (contractions_weighting): ModuleList(
              (0-1): 2 x GraphModule()
            )
            (contractions_features): ModuleList(
              (0-1): 2 x GraphModule()
            )
            (weights): ParameterList(
                (0): Parameter containing: [torch.float64 of size 4x7x256 (cuda:0)]
                (1): Parameter containing: [torch.float64 of size 4x1x256 (cuda:0)]
            )
            (graph_opt_main): GraphModule()
          )
        )
      )
      (linear): Linear(256x0e+256x1o+256x2e -> 256x0e+256x1o+256x2e | 196608 weights)
    )
    (1): EquivariantProductBasisBlock(
      (symmetric_contractions): SymmetricContraction(
        (contractions): ModuleList(
          (0): Contraction(
            (contractions_weighting): ModuleList(
              (0-1): 2 x GraphModule()
            )
            (contractions_features): ModuleList(
              (0-1): 2 x GraphModule()
            )
            (weights): ParameterList(
                (0): Parameter containing: [torch.float64 of size 4x4x256 (cuda:0)]
                (1): Parameter containing: [torch.float64 of size 4x1x256 (cuda:0)]
            )
            (graph_opt_main): GraphModule()
          )
        )
      )
      (linear): Linear(256x0e -> 256x0e | 65536 weights)
    )
  )
  (readouts): ModuleList(
    (0): LinearReadoutBlock(
      (linear): Linear(256x0e+256x1o+256x2e -> 1x0e | 256 weights)
    )
    (1): NonLinearReadoutBlock(
      (linear_1): Linear(256x0e -> 16x0e | 4096 weights)
      (non_linearity): Activation [x] (16x0e -> 16x0e)
      (linear_2): Linear(16x0e -> 1x0e | 16 weights)
    )
  )
  (scale_shift): ScaleShiftBlock(scale=0.951952, shift=-4.872935)
)
2025-01-16 23:15:00.982 INFO: Number of parameters: 2983184
2025-01-16 23:15:00.984 INFO: Optimizer: Adam (
Parameter Group 0
    amsgrad: True
    betas: (0.9, 0.999)
    capturable: False
    differentiable: False
    eps: 1e-08
    foreach: None
    fused: None
    lr: 0.01
    maximize: False
    name: embedding
    weight_decay: 0.0

Parameter Group 1
    amsgrad: True
    betas: (0.9, 0.999)
    capturable: False
    differentiable: False
    eps: 1e-08
    foreach: None
    fused: None
    lr: 0.01
    maximize: False
    name: interactions_decay
    weight_decay: 5e-07

Parameter Group 2
    amsgrad: True
    betas: (0.9, 0.999)
    capturable: False
    differentiable: False
    eps: 1e-08
    foreach: None
    fused: None
    lr: 0.01
    maximize: False
    name: interactions_no_decay
    weight_decay: 0.0

Parameter Group 3
    amsgrad: True
    betas: (0.9, 0.999)
    capturable: False
    differentiable: False
    eps: 1e-08
    foreach: None
    fused: None
    lr: 0.01
    maximize: False
    name: products
    weight_decay: 5e-07

Parameter Group 4
    amsgrad: True
    betas: (0.9, 0.999)
    capturable: False
    differentiable: False
    eps: 1e-08
    foreach: None
    fused: None
    lr: 0.01
    maximize: False
    name: readouts
    weight_decay: 0.0
)
2025-01-16 23:15:00.985 INFO: Using gradient clipping with tolerance=10.000
2025-01-16 23:15:00.986 INFO: Started training
2025-01-16 23:15:13.108 INFO: Epoch None: loss=837.6754, RMSE_E=2085.8 meV, RMSE_F=912.9 meV / A
2025-01-16 23:15:40.421 INFO: Epoch 0: loss=54.2304, RMSE_E=154.9 meV, RMSE_F=232.8 meV / A
2025-01-16 23:16:02.402 INFO: Epoch 2: loss=10.1028, RMSE_E=43.9 meV, RMSE_F=100.5 meV / A
2025-01-16 23:16:24.435 INFO: Epoch 4: loss=5.0768, RMSE_E=64.7 meV, RMSE_F=71.2 meV / A
2025-01-16 23:16:46.506 INFO: Epoch 6: loss=3.3455, RMSE_E=42.4 meV, RMSE_F=57.8 meV / A
2025-01-16 23:17:08.568 INFO: Epoch 8: loss=2.4670, RMSE_E=34.9 meV, RMSE_F=49.7 meV / A
2025-01-16 23:17:30.539 INFO: Epoch 10: loss=2.0565, RMSE_E=41.4 meV, RMSE_F=45.3 meV / A
2025-01-16 23:17:52.533 INFO: Epoch 12: loss=1.6133, RMSE_E=34.1 meV, RMSE_F=40.2 meV / A
2025-01-16 23:18:15.010 INFO: Epoch 14: loss=1.3594, RMSE_E=30.9 meV, RMSE_F=36.9 meV / A
2025-01-16 23:18:37.450 INFO: Epoch 16: loss=1.1928, RMSE_E=26.1 meV, RMSE_F=34.5 meV / A
2025-01-16 23:18:59.483 INFO: Epoch 18: loss=1.0681, RMSE_E=30.4 meV, RMSE_F=32.7 meV / A
2025-01-16 23:19:21.481 INFO: Epoch 20: loss=0.9780, RMSE_E=25.7 meV, RMSE_F=31.3 meV / A
2025-01-16 23:19:43.477 INFO: Epoch 22: loss=0.8824, RMSE_E=24.3 meV, RMSE_F=29.7 meV / A
2025-01-16 23:20:05.451 INFO: Epoch 24: loss=0.8508, RMSE_E=22.0 meV, RMSE_F=29.2 meV / A
2025-01-16 23:20:27.449 INFO: Epoch 26: loss=0.7636, RMSE_E=21.6 meV, RMSE_F=27.6 meV / A
2025-01-16 23:20:49.458 INFO: Epoch 28: loss=0.6955, RMSE_E=22.2 meV, RMSE_F=26.4 meV / A
2025-01-16 23:21:11.461 INFO: Epoch 30: loss=0.6824, RMSE_E=29.1 meV, RMSE_F=26.1 meV / A
2025-01-16 23:21:33.456 INFO: Epoch 32: loss=0.6380, RMSE_E=23.6 meV, RMSE_F=25.2 meV / A
2025-01-16 23:21:55.736 INFO: Epoch 34: loss=0.5860, RMSE_E=17.8 meV, RMSE_F=24.2 meV / A
2025-01-16 23:22:17.730 INFO: Epoch 36: loss=0.5481, RMSE_E=16.9 meV, RMSE_F=23.4 meV / A
2025-01-16 23:22:40.084 INFO: Epoch 38: loss=0.5331, RMSE_E=21.0 meV, RMSE_F=23.1 meV / A
2025-01-16 23:23:02.403 INFO: Epoch 40: loss=0.5275, RMSE_E=17.8 meV, RMSE_F=23.0 meV / A
2025-01-16 23:23:24.756 INFO: Epoch 42: loss=0.4930, RMSE_E=18.3 meV, RMSE_F=22.2 meV / A
2025-01-16 23:23:47.108 INFO: Epoch 44: loss=0.4823, RMSE_E=15.6 meV, RMSE_F=22.0 meV / A
2025-01-16 23:24:09.439 INFO: Epoch 46: loss=0.4529, RMSE_E=15.5 meV, RMSE_F=21.3 meV / A
2025-01-16 23:24:31.793 INFO: Epoch 48: loss=0.4366, RMSE_E=16.5 meV, RMSE_F=20.9 meV / A
2025-01-16 23:24:54.047 INFO: Epoch 50: loss=0.4269, RMSE_E=15.5 meV, RMSE_F=20.7 meV / A
2025-01-16 23:25:16.021 INFO: Epoch 52: loss=0.4077, RMSE_E=15.4 meV, RMSE_F=20.2 meV / A
2025-01-16 23:25:37.968 INFO: Epoch 54: loss=0.4068, RMSE_E=15.2 meV, RMSE_F=20.2 meV / A
2025-01-16 23:25:59.942 INFO: Epoch 56: loss=0.3887, RMSE_E=14.3 meV, RMSE_F=19.7 meV / A
2025-01-16 23:26:21.904 INFO: Epoch 58: loss=0.3704, RMSE_E=13.2 meV, RMSE_F=19.2 meV / A
2025-01-16 23:26:43.898 INFO: Epoch 60: loss=0.3596, RMSE_E=13.6 meV, RMSE_F=19.0 meV / A
2025-01-16 23:27:05.865 INFO: Epoch 62: loss=0.3570, RMSE_E=12.2 meV, RMSE_F=18.9 meV / A
2025-01-16 23:27:27.836 INFO: Epoch 64: loss=0.3567, RMSE_E=12.4 meV, RMSE_F=18.9 meV / A
2025-01-16 23:27:49.827 INFO: Epoch 66: loss=0.3366, RMSE_E=12.6 meV, RMSE_F=18.3 meV / A
2025-01-16 23:28:11.813 INFO: Epoch 68: loss=0.3391, RMSE_E=13.2 meV, RMSE_F=18.4 meV / A
2025-01-16 23:28:33.584 INFO: Epoch 70: loss=0.3211, RMSE_E=12.5 meV, RMSE_F=17.9 meV / A
2025-01-16 23:28:55.557 INFO: Epoch 72: loss=0.3030, RMSE_E=12.1 meV, RMSE_F=17.4 meV / A
2025-01-16 23:29:17.539 INFO: Epoch 74: loss=0.3024, RMSE_E=12.4 meV, RMSE_F=17.4 meV / A
2025-01-16 23:29:39.551 INFO: Epoch 76: loss=0.2951, RMSE_E=12.6 meV, RMSE_F=17.2 meV / A
2025-01-16 23:30:01.568 INFO: Epoch 78: loss=0.2857, RMSE_E=11.8 meV, RMSE_F=16.9 meV / A
2025-01-16 23:30:23.575 INFO: Epoch 80: loss=0.2883, RMSE_E=11.9 meV, RMSE_F=17.0 meV / A
2025-01-16 23:30:45.558 INFO: Epoch 82: loss=0.2759, RMSE_E=11.0 meV, RMSE_F=16.6 meV / A
2025-01-16 23:31:07.945 INFO: Epoch 84: loss=0.2705, RMSE_E=10.8 meV, RMSE_F=16.4 meV / A
2025-01-16 23:31:30.340 INFO: Epoch 86: loss=0.2620, RMSE_E=10.9 meV, RMSE_F=16.2 meV / A
2025-01-16 23:31:52.762 INFO: Epoch 88: loss=0.2600, RMSE_E=11.1 meV, RMSE_F=16.1 meV / A
2025-01-16 23:32:14.842 INFO: Epoch 90: loss=0.2535, RMSE_E=11.0 meV, RMSE_F=15.9 meV / A
2025-01-16 23:32:36.826 INFO: Epoch 92: loss=0.2477, RMSE_E=10.4 meV, RMSE_F=15.7 meV / A
2025-01-16 23:32:58.812 INFO: Epoch 94: loss=0.2402, RMSE_E=9.8 meV, RMSE_F=15.5 meV / A
2025-01-16 23:33:20.786 INFO: Epoch 96: loss=0.2390, RMSE_E=10.8 meV, RMSE_F=15.5 meV / A
2025-01-16 23:33:42.765 INFO: Epoch 98: loss=0.2476, RMSE_E=10.7 meV, RMSE_F=15.7 meV / A
2025-01-16 23:34:04.539 INFO: Epoch 100: loss=0.2437, RMSE_E=10.8 meV, RMSE_F=15.6 meV / A
2025-01-16 23:34:26.322 INFO: Epoch 102: loss=0.2385, RMSE_E=10.6 meV, RMSE_F=15.4 meV / A
2025-01-16 23:34:48.312 INFO: Epoch 104: loss=0.2328, RMSE_E=10.6 meV, RMSE_F=15.3 meV / A
2025-01-16 23:35:10.552 INFO: Epoch 106: loss=0.2220, RMSE_E=10.2 meV, RMSE_F=14.9 meV / A
2025-01-16 23:35:32.883 INFO: Epoch 108: loss=0.2203, RMSE_E=10.7 meV, RMSE_F=14.8 meV / A
2025-01-16 23:35:55.188 INFO: Epoch 110: loss=0.2194, RMSE_E=10.6 meV, RMSE_F=14.8 meV / A
2025-01-16 23:36:17.592 INFO: Epoch 112: loss=0.2198, RMSE_E=10.8 meV, RMSE_F=14.8 meV / A
2025-01-16 23:36:39.384 INFO: Epoch 114: loss=0.2103, RMSE_E=10.6 meV, RMSE_F=14.5 meV / A
2025-01-16 23:37:01.569 INFO: Epoch 116: loss=0.2087, RMSE_E=10.6 meV, RMSE_F=14.4 meV / A
2025-01-16 23:37:24.005 INFO: Epoch 118: loss=0.2061, RMSE_E=9.9 meV, RMSE_F=14.4 meV / A
2025-01-16 23:37:46.441 INFO: Epoch 120: loss=0.2012, RMSE_E=9.7 meV, RMSE_F=14.2 meV / A
2025-01-16 23:38:08.766 INFO: Epoch 122: loss=0.1964, RMSE_E=9.5 meV, RMSE_F=14.0 meV / A
2025-01-16 23:38:31.132 INFO: Epoch 124: loss=0.1924, RMSE_E=9.3 meV, RMSE_F=13.9 meV / A
2025-01-16 23:38:53.337 INFO: Epoch 126: loss=0.1886, RMSE_E=8.9 meV, RMSE_F=13.7 meV / A
2025-01-16 23:39:15.332 INFO: Epoch 128: loss=0.1884, RMSE_E=8.9 meV, RMSE_F=13.7 meV / A
2025-01-16 23:39:37.632 INFO: Epoch 130: loss=0.1813, RMSE_E=8.3 meV, RMSE_F=13.5 meV / A
2025-01-16 23:39:59.972 INFO: Epoch 132: loss=0.1761, RMSE_E=7.8 meV, RMSE_F=13.3 meV / A
2025-01-16 23:40:21.973 INFO: Epoch 134: loss=0.1775, RMSE_E=8.1 meV, RMSE_F=13.3 meV / A
2025-01-16 23:40:43.756 INFO: Epoch 136: loss=0.1760, RMSE_E=8.2 meV, RMSE_F=13.3 meV / A
2025-01-16 23:41:05.922 INFO: Epoch 138: loss=0.1735, RMSE_E=8.8 meV, RMSE_F=13.2 meV / A
2025-01-16 23:41:27.914 INFO: Epoch 140: loss=0.1702, RMSE_E=8.5 meV, RMSE_F=13.0 meV / A
2025-01-16 23:41:50.009 INFO: Epoch 142: loss=0.1694, RMSE_E=8.8 meV, RMSE_F=13.0 meV / A
2025-01-16 23:42:12.103 INFO: Epoch 144: loss=0.1684, RMSE_E=8.0 meV, RMSE_F=13.0 meV / A
2025-01-16 23:42:34.385 INFO: Epoch 146: loss=0.1647, RMSE_E=7.8 meV, RMSE_F=12.8 meV / A
2025-01-16 23:42:56.895 INFO: Epoch 148: loss=0.1664, RMSE_E=8.1 meV, RMSE_F=12.9 meV / A
2025-01-16 23:43:19.055 INFO: Epoch 150: loss=0.1670, RMSE_E=7.9 meV, RMSE_F=12.9 meV / A
2025-01-16 23:43:41.206 INFO: Epoch 152: loss=0.1706, RMSE_E=8.7 meV, RMSE_F=13.1 meV / A
2025-01-16 23:44:03.396 INFO: Epoch 154: loss=0.1697, RMSE_E=8.6 meV, RMSE_F=13.0 meV / A
2025-01-16 23:44:25.582 INFO: Epoch 156: loss=0.1684, RMSE_E=8.9 meV, RMSE_F=13.0 meV / A
2025-01-16 23:44:47.763 INFO: Epoch 158: loss=0.1669, RMSE_E=8.5 meV, RMSE_F=12.9 meV / A
2025-01-16 23:45:09.954 INFO: Epoch 160: loss=0.1631, RMSE_E=8.2 meV, RMSE_F=12.8 meV / A
2025-01-16 23:45:32.381 INFO: Epoch 162: loss=0.1606, RMSE_E=7.6 meV, RMSE_F=12.7 meV / A
2025-01-16 23:45:54.779 INFO: Epoch 164: loss=0.1566, RMSE_E=7.3 meV, RMSE_F=12.5 meV / A
2025-01-16 23:46:17.158 INFO: Epoch 166: loss=0.1561, RMSE_E=7.5 meV, RMSE_F=12.5 meV / A
2025-01-16 23:46:39.540 INFO: Epoch 168: loss=0.1545, RMSE_E=7.3 meV, RMSE_F=12.4 meV / A
2025-01-16 23:47:01.924 INFO: Epoch 170: loss=0.1532, RMSE_E=7.2 meV, RMSE_F=12.4 meV / A
2025-01-16 23:47:24.115 INFO: Epoch 172: loss=0.1528, RMSE_E=7.8 meV, RMSE_F=12.4 meV / A
2025-01-16 23:47:46.082 INFO: Epoch 174: loss=0.1533, RMSE_E=7.1 meV, RMSE_F=12.4 meV / A
2025-01-16 23:48:07.854 INFO: Epoch 176: loss=0.1515, RMSE_E=6.8 meV, RMSE_F=12.3 meV / A
2025-01-16 23:48:29.976 INFO: Epoch 178: loss=0.1492, RMSE_E=7.2 meV, RMSE_F=12.2 meV / A
2025-01-16 23:48:52.430 INFO: Epoch 180: loss=0.1468, RMSE_E=6.8 meV, RMSE_F=12.1 meV / A
2025-01-16 23:49:14.892 INFO: Epoch 182: loss=0.1464, RMSE_E=6.8 meV, RMSE_F=12.1 meV / A
2025-01-16 23:49:37.126 INFO: Epoch 184: loss=0.1466, RMSE_E=6.8 meV, RMSE_F=12.1 meV / A
2025-01-16 23:49:59.237 INFO: Epoch 186: loss=0.1447, RMSE_E=6.6 meV, RMSE_F=12.0 meV / A
2025-01-16 23:50:21.679 INFO: Epoch 188: loss=0.1454, RMSE_E=6.6 meV, RMSE_F=12.1 meV / A
2025-01-16 23:50:43.901 INFO: Epoch 190: loss=0.1410, RMSE_E=6.4 meV, RMSE_F=11.9 meV / A
2025-01-16 23:51:06.311 INFO: Epoch 192: loss=0.1395, RMSE_E=6.4 meV, RMSE_F=11.8 meV / A
2025-01-16 23:51:28.769 INFO: Epoch 194: loss=0.1388, RMSE_E=6.1 meV, RMSE_F=11.8 meV / A
2025-01-16 23:51:51.225 INFO: Epoch 196: loss=0.1384, RMSE_E=6.1 meV, RMSE_F=11.8 meV / A
2025-01-16 23:52:13.700 INFO: Epoch 198: loss=0.1365, RMSE_E=6.4 meV, RMSE_F=11.7 meV / A
2025-01-16 23:52:35.798 INFO: Epoch 200: loss=0.1363, RMSE_E=6.3 meV, RMSE_F=11.7 meV / A
2025-01-16 23:52:57.807 INFO: Epoch 202: loss=0.1359, RMSE_E=6.5 meV, RMSE_F=11.7 meV / A
2025-01-16 23:53:20.173 INFO: Epoch 204: loss=0.1378, RMSE_E=6.3 meV, RMSE_F=11.7 meV / A
2025-01-16 23:53:41.962 INFO: Epoch 206: loss=0.1386, RMSE_E=5.9 meV, RMSE_F=11.8 meV / A
2025-01-16 23:54:03.759 INFO: Epoch 208: loss=0.1376, RMSE_E=5.6 meV, RMSE_F=11.7 meV / A
2025-01-16 23:54:25.647 INFO: Epoch 210: loss=0.1357, RMSE_E=5.9 meV, RMSE_F=11.6 meV / A
2025-01-16 23:54:48.049 INFO: Epoch 212: loss=0.1351, RMSE_E=5.8 meV, RMSE_F=11.6 meV / A
2025-01-16 23:55:10.482 INFO: Epoch 214: loss=0.1344, RMSE_E=5.8 meV, RMSE_F=11.6 meV / A
2025-01-16 23:55:32.867 INFO: Epoch 216: loss=0.1338, RMSE_E=5.8 meV, RMSE_F=11.6 meV / A
2025-01-16 23:55:55.283 INFO: Epoch 218: loss=0.1339, RMSE_E=5.7 meV, RMSE_F=11.6 meV / A
2025-01-16 23:56:17.471 INFO: Epoch 220: loss=0.1319, RMSE_E=5.6 meV, RMSE_F=11.5 meV / A
2025-01-16 23:56:39.794 INFO: Epoch 222: loss=0.1313, RMSE_E=6.1 meV, RMSE_F=11.5 meV / A
2025-01-16 23:57:02.126 INFO: Epoch 224: loss=0.1302, RMSE_E=6.2 meV, RMSE_F=11.4 meV / A
2025-01-16 23:57:24.514 INFO: Epoch 226: loss=0.1294, RMSE_E=5.7 meV, RMSE_F=11.4 meV / A
2025-01-16 23:57:46.908 INFO: Epoch 228: loss=0.1303, RMSE_E=5.5 meV, RMSE_F=11.4 meV / A
2025-01-16 23:58:09.143 INFO: Epoch 230: loss=0.1293, RMSE_E=5.8 meV, RMSE_F=11.4 meV / A
2025-01-16 23:58:31.585 INFO: Epoch 232: loss=0.1297, RMSE_E=6.0 meV, RMSE_F=11.4 meV / A
2025-01-16 23:58:53.769 INFO: Epoch 234: loss=0.1278, RMSE_E=6.0 meV, RMSE_F=11.3 meV / A
2025-01-16 23:59:16.146 INFO: Epoch 236: loss=0.1268, RMSE_E=5.7 meV, RMSE_F=11.3 meV / A
2025-01-16 23:59:38.532 INFO: Epoch 238: loss=0.1266, RMSE_E=5.7 meV, RMSE_F=11.3 meV / A
2025-01-17 00:00:00.920 INFO: Epoch 240: loss=0.1261, RMSE_E=5.8 meV, RMSE_F=11.2 meV / A
2025-01-17 00:00:23.351 INFO: Epoch 242: loss=0.1267, RMSE_E=5.3 meV, RMSE_F=11.3 meV / A
2025-01-17 00:00:45.422 INFO: Epoch 244: loss=0.1245, RMSE_E=5.4 meV, RMSE_F=11.2 meV / A
2025-01-17 00:01:07.989 INFO: Epoch 246: loss=0.1238, RMSE_E=5.3 meV, RMSE_F=11.1 meV / A
2025-01-17 00:01:30.521 INFO: Epoch 248: loss=0.1242, RMSE_E=5.3 meV, RMSE_F=11.1 meV / A
2025-01-17 00:01:52.706 INFO: Epoch 250: loss=0.1234, RMSE_E=5.3 meV, RMSE_F=11.1 meV / A
2025-01-17 00:02:15.146 INFO: Epoch 252: loss=0.1231, RMSE_E=5.2 meV, RMSE_F=11.1 meV / A
2025-01-17 00:02:37.623 INFO: Epoch 254: loss=0.1229, RMSE_E=5.1 meV, RMSE_F=11.1 meV / A
2025-01-17 00:03:00.082 INFO: Epoch 256: loss=0.1236, RMSE_E=5.5 meV, RMSE_F=11.1 meV / A
2025-01-17 00:03:22.264 INFO: Epoch 258: loss=0.1236, RMSE_E=5.3 meV, RMSE_F=11.1 meV / A
2025-01-17 00:03:44.446 INFO: Epoch 260: loss=0.1226, RMSE_E=5.1 meV, RMSE_F=11.1 meV / A
2025-01-17 00:04:06.669 INFO: Epoch 262: loss=0.1212, RMSE_E=5.1 meV, RMSE_F=11.0 meV / A
2025-01-17 00:04:29.103 INFO: Epoch 264: loss=0.1209, RMSE_E=5.2 meV, RMSE_F=11.0 meV / A
2025-01-17 00:04:51.528 INFO: Epoch 266: loss=0.1224, RMSE_E=5.2 meV, RMSE_F=11.1 meV / A
2025-01-17 00:05:13.756 INFO: Epoch 268: loss=0.1241, RMSE_E=5.1 meV, RMSE_F=11.1 meV / A
2025-01-17 00:05:35.978 INFO: Epoch 270: loss=0.1212, RMSE_E=5.4 meV, RMSE_F=11.0 meV / A
2025-01-17 00:05:58.185 INFO: Epoch 272: loss=0.1203, RMSE_E=5.3 meV, RMSE_F=11.0 meV / A
2025-01-17 00:06:20.599 INFO: Epoch 274: loss=0.1201, RMSE_E=5.4 meV, RMSE_F=11.0 meV / A
2025-01-17 00:06:43.042 INFO: Epoch 276: loss=0.1187, RMSE_E=5.4 meV, RMSE_F=10.9 meV / A
2025-01-17 00:07:05.523 INFO: Epoch 278: loss=0.1203, RMSE_E=5.0 meV, RMSE_F=11.0 meV / A
2025-01-17 00:07:27.793 INFO: Epoch 280: loss=0.1217, RMSE_E=5.0 meV, RMSE_F=11.0 meV / A
2025-01-17 00:07:50.043 INFO: Epoch 282: loss=0.1202, RMSE_E=5.1 meV, RMSE_F=11.0 meV / A
2025-01-17 00:08:12.302 INFO: Epoch 284: loss=0.1197, RMSE_E=5.1 meV, RMSE_F=10.9 meV / A
2025-01-17 00:08:34.496 INFO: Epoch 286: loss=0.1202, RMSE_E=5.2 meV, RMSE_F=11.0 meV / A
2025-01-17 00:08:56.680 INFO: Epoch 288: loss=0.1212, RMSE_E=4.9 meV, RMSE_F=11.0 meV / A
2025-01-17 00:09:18.887 INFO: Epoch 290: loss=0.1188, RMSE_E=4.9 meV, RMSE_F=10.9 meV / A
2025-01-17 00:09:41.141 INFO: Epoch 292: loss=0.1173, RMSE_E=4.9 meV, RMSE_F=10.8 meV / A
2025-01-17 00:10:03.645 INFO: Epoch 294: loss=0.1169, RMSE_E=4.8 meV, RMSE_F=10.8 meV / A
2025-01-17 00:10:26.072 INFO: Epoch 296: loss=0.1164, RMSE_E=4.6 meV, RMSE_F=10.8 meV / A
2025-01-17 00:10:48.515 INFO: Epoch 298: loss=0.1188, RMSE_E=5.2 meV, RMSE_F=10.9 meV / A
2025-01-17 00:11:10.756 INFO: Epoch 300: loss=0.1178, RMSE_E=5.1 meV, RMSE_F=10.9 meV / A
2025-01-17 00:11:32.980 INFO: Epoch 302: loss=0.1167, RMSE_E=5.0 meV, RMSE_F=10.8 meV / A
2025-01-17 00:11:55.234 INFO: Epoch 304: loss=0.1170, RMSE_E=4.7 meV, RMSE_F=10.8 meV / A
2025-01-17 00:12:17.493 INFO: Epoch 306: loss=0.1165, RMSE_E=4.6 meV, RMSE_F=10.8 meV / A
2025-01-17 00:12:39.643 INFO: Epoch 308: loss=0.1161, RMSE_E=4.6 meV, RMSE_F=10.8 meV / A
2025-01-17 00:13:01.638 INFO: Epoch 310: loss=0.1173, RMSE_E=4.9 meV, RMSE_F=10.8 meV / A
2025-01-17 00:13:23.854 INFO: Epoch 312: loss=0.1163, RMSE_E=4.9 meV, RMSE_F=10.8 meV / A
2025-01-17 00:13:46.044 INFO: Epoch 314: loss=0.1149, RMSE_E=4.7 meV, RMSE_F=10.7 meV / A
2025-01-17 00:14:08.463 INFO: Epoch 316: loss=0.1146, RMSE_E=4.7 meV, RMSE_F=10.7 meV / A
2025-01-17 00:14:30.862 INFO: Epoch 318: loss=0.1158, RMSE_E=4.3 meV, RMSE_F=10.8 meV / A
2025-01-17 00:14:53.019 INFO: Epoch 320: loss=0.1150, RMSE_E=4.6 meV, RMSE_F=10.7 meV / A
2025-01-17 00:15:15.019 INFO: Epoch 322: loss=0.1136, RMSE_E=4.4 meV, RMSE_F=10.7 meV / A
2025-01-17 00:15:37.258 INFO: Epoch 324: loss=0.1136, RMSE_E=4.4 meV, RMSE_F=10.7 meV / A
2025-01-17 00:15:59.469 INFO: Epoch 326: loss=0.1138, RMSE_E=4.6 meV, RMSE_F=10.7 meV / A
2025-01-17 00:16:21.648 INFO: Epoch 328: loss=0.1136, RMSE_E=4.5 meV, RMSE_F=10.7 meV / A
2025-01-17 00:16:43.773 INFO: Epoch 330: loss=0.1143, RMSE_E=4.6 meV, RMSE_F=10.7 meV / A
2025-01-17 00:17:05.582 INFO: Epoch 332: loss=0.1153, RMSE_E=4.6 meV, RMSE_F=10.7 meV / A
2025-01-17 00:17:27.559 INFO: Epoch 334: loss=0.1136, RMSE_E=4.4 meV, RMSE_F=10.7 meV / A
2025-01-17 00:17:49.374 INFO: Epoch 336: loss=0.1153, RMSE_E=4.6 meV, RMSE_F=10.7 meV / A
2025-01-17 00:18:11.524 INFO: Epoch 338: loss=0.1140, RMSE_E=4.6 meV, RMSE_F=10.7 meV / A
2025-01-17 00:18:33.465 INFO: Epoch 340: loss=0.1130, RMSE_E=4.4 meV, RMSE_F=10.6 meV / A
2025-01-17 00:18:55.976 INFO: Epoch 342: loss=0.1145, RMSE_E=4.4 meV, RMSE_F=10.7 meV / A
2025-01-17 00:19:18.222 INFO: Epoch 344: loss=0.1142, RMSE_E=4.4 meV, RMSE_F=10.7 meV / A
2025-01-17 00:19:40.409 INFO: Epoch 346: loss=0.1139, RMSE_E=4.7 meV, RMSE_F=10.7 meV / A
2025-01-17 00:20:02.561 INFO: Epoch 348: loss=0.1132, RMSE_E=4.6 meV, RMSE_F=10.6 meV / A
2025-01-17 00:20:24.713 INFO: Epoch 350: loss=0.1114, RMSE_E=4.4 meV, RMSE_F=10.6 meV / A
2025-01-17 00:20:47.371 INFO: Epoch 352: loss=0.1121, RMSE_E=4.3 meV, RMSE_F=10.6 meV / A
2025-01-17 00:21:09.536 INFO: Epoch 354: loss=0.1120, RMSE_E=4.3 meV, RMSE_F=10.6 meV / A
2025-01-17 00:21:31.703 INFO: Epoch 356: loss=0.1125, RMSE_E=4.4 meV, RMSE_F=10.6 meV / A
2025-01-17 00:21:53.888 INFO: Epoch 358: loss=0.1118, RMSE_E=4.6 meV, RMSE_F=10.6 meV / A
2025-01-17 00:22:16.035 INFO: Epoch 360: loss=0.1114, RMSE_E=4.4 meV, RMSE_F=10.6 meV / A
2025-01-17 00:22:38.404 INFO: Epoch 362: loss=0.1104, RMSE_E=4.3 meV, RMSE_F=10.5 meV / A
2025-01-17 00:23:00.551 INFO: Epoch 364: loss=0.1109, RMSE_E=4.2 meV, RMSE_F=10.5 meV / A
2025-01-17 00:23:22.330 INFO: Epoch 366: loss=0.1110, RMSE_E=4.3 meV, RMSE_F=10.5 meV / A
2025-01-17 00:23:44.127 INFO: Epoch 368: loss=0.1112, RMSE_E=4.3 meV, RMSE_F=10.5 meV / A
2025-01-17 00:24:05.921 INFO: Epoch 370: loss=0.1106, RMSE_E=4.2 meV, RMSE_F=10.5 meV / A
2025-01-17 00:24:27.981 INFO: Epoch 372: loss=0.1115, RMSE_E=4.2 meV, RMSE_F=10.6 meV / A
2025-01-17 00:24:50.180 INFO: Epoch 374: loss=0.1121, RMSE_E=4.2 meV, RMSE_F=10.6 meV / A
2025-01-17 00:25:12.381 INFO: Epoch 376: loss=0.1116, RMSE_E=4.4 meV, RMSE_F=10.6 meV / A
2025-01-17 00:25:34.596 INFO: Epoch 378: loss=0.1113, RMSE_E=4.3 meV, RMSE_F=10.5 meV / A
2025-01-17 00:25:56.863 INFO: Epoch 380: loss=0.1108, RMSE_E=4.2 meV, RMSE_F=10.5 meV / A
2025-01-17 00:26:19.071 INFO: Epoch 382: loss=0.1098, RMSE_E=4.3 meV, RMSE_F=10.5 meV / A
2025-01-17 00:26:41.397 INFO: Epoch 384: loss=0.1099, RMSE_E=4.4 meV, RMSE_F=10.5 meV / A
2025-01-17 00:27:03.631 INFO: Epoch 386: loss=0.1102, RMSE_E=4.4 meV, RMSE_F=10.5 meV / A
2025-01-17 00:27:25.794 INFO: Epoch 388: loss=0.1095, RMSE_E=4.3 meV, RMSE_F=10.5 meV / A
2025-01-17 00:27:48.189 INFO: Epoch 390: loss=0.1094, RMSE_E=4.3 meV, RMSE_F=10.5 meV / A
2025-01-17 00:28:10.644 INFO: Epoch 392: loss=0.1093, RMSE_E=4.3 meV, RMSE_F=10.5 meV / A
2025-01-17 00:28:33.049 INFO: Epoch 394: loss=0.1096, RMSE_E=4.3 meV, RMSE_F=10.5 meV / A
2025-01-17 00:28:55.218 INFO: Epoch 396: loss=0.1097, RMSE_E=4.3 meV, RMSE_F=10.5 meV / A
2025-01-17 00:29:17.393 INFO: Epoch 398: loss=0.1086, RMSE_E=4.3 meV, RMSE_F=10.4 meV / A
2025-01-17 00:29:39.795 INFO: Epoch 400: loss=0.1082, RMSE_E=4.3 meV, RMSE_F=10.4 meV / A
2025-01-17 00:30:02.187 INFO: Epoch 402: loss=0.1084, RMSE_E=4.0 meV, RMSE_F=10.4 meV / A
2025-01-17 00:30:24.357 INFO: Epoch 404: loss=0.1077, RMSE_E=3.8 meV, RMSE_F=10.4 meV / A
2025-01-17 00:30:46.732 INFO: Epoch 406: loss=0.1094, RMSE_E=4.2 meV, RMSE_F=10.5 meV / A
2025-01-17 00:31:08.892 INFO: Epoch 408: loss=0.1090, RMSE_E=4.2 meV, RMSE_F=10.4 meV / A
2025-01-17 00:31:31.073 INFO: Epoch 410: loss=0.1091, RMSE_E=4.3 meV, RMSE_F=10.4 meV / A
2025-01-17 00:31:53.231 INFO: Epoch 412: loss=0.1088, RMSE_E=4.0 meV, RMSE_F=10.4 meV / A
2025-01-17 00:32:15.411 INFO: Epoch 414: loss=0.1079, RMSE_E=4.1 meV, RMSE_F=10.4 meV / A
2025-01-17 00:32:37.580 INFO: Epoch 416: loss=0.1064, RMSE_E=4.1 meV, RMSE_F=10.3 meV / A
2025-01-17 00:32:59.980 INFO: Epoch 418: loss=0.1062, RMSE_E=4.2 meV, RMSE_F=10.3 meV / A
2025-01-17 00:33:22.395 INFO: Epoch 420: loss=0.1068, RMSE_E=4.2 meV, RMSE_F=10.3 meV / A
2025-01-17 00:33:44.575 INFO: Epoch 422: loss=0.1076, RMSE_E=4.2 meV, RMSE_F=10.4 meV / A
2025-01-17 00:34:06.796 INFO: Epoch 424: loss=0.1081, RMSE_E=4.0 meV, RMSE_F=10.4 meV / A
2025-01-17 00:34:29.003 INFO: Epoch 426: loss=0.1078, RMSE_E=4.1 meV, RMSE_F=10.4 meV / A
2025-01-17 00:34:51.180 INFO: Epoch 428: loss=0.1076, RMSE_E=4.0 meV, RMSE_F=10.4 meV / A
2025-01-17 00:35:13.124 INFO: Epoch 430: loss=0.1068, RMSE_E=4.0 meV, RMSE_F=10.3 meV / A
2025-01-17 00:35:34.905 INFO: Epoch 432: loss=0.1062, RMSE_E=4.0 meV, RMSE_F=10.3 meV / A
2025-01-17 00:35:56.670 INFO: Epoch 434: loss=0.1065, RMSE_E=3.9 meV, RMSE_F=10.3 meV / A
2025-01-17 00:36:18.460 INFO: Epoch 436: loss=0.1052, RMSE_E=3.9 meV, RMSE_F=10.3 meV / A
2025-01-17 00:36:40.602 INFO: Epoch 438: loss=0.1069, RMSE_E=3.9 meV, RMSE_F=10.3 meV / A
2025-01-17 00:37:02.605 INFO: Epoch 440: loss=0.1067, RMSE_E=4.2 meV, RMSE_F=10.3 meV / A
2025-01-17 00:37:24.396 INFO: Epoch 442: loss=0.1066, RMSE_E=4.1 meV, RMSE_F=10.3 meV / A
2025-01-17 00:37:46.175 INFO: Epoch 444: loss=0.1060, RMSE_E=3.9 meV, RMSE_F=10.3 meV / A
2025-01-17 00:38:07.983 INFO: Epoch 446: loss=0.1054, RMSE_E=3.9 meV, RMSE_F=10.3 meV / A
2025-01-17 00:38:29.838 INFO: Epoch 448: loss=0.1059, RMSE_E=3.8 meV, RMSE_F=10.3 meV / A
2025-01-17 00:38:52.078 INFO: Epoch 450: loss=0.1067, RMSE_E=4.0 meV, RMSE_F=10.3 meV / A
2025-01-17 00:39:14.343 INFO: Epoch 452: loss=0.1055, RMSE_E=3.9 meV, RMSE_F=10.3 meV / A
2025-01-17 00:39:36.599 INFO: Epoch 454: loss=0.1064, RMSE_E=3.8 meV, RMSE_F=10.3 meV / A
2025-01-17 00:39:58.901 INFO: Epoch 456: loss=0.1057, RMSE_E=4.0 meV, RMSE_F=10.3 meV / A
2025-01-17 00:40:21.180 INFO: Epoch 458: loss=0.1064, RMSE_E=4.1 meV, RMSE_F=10.3 meV / A
2025-01-17 00:40:43.425 INFO: Epoch 460: loss=0.1074, RMSE_E=4.0 meV, RMSE_F=10.4 meV / A
2025-01-17 00:41:05.734 INFO: Epoch 462: loss=0.1073, RMSE_E=3.8 meV, RMSE_F=10.4 meV / A
2025-01-17 00:41:27.983 INFO: Epoch 464: loss=0.1054, RMSE_E=3.8 meV, RMSE_F=10.3 meV / A
2025-01-17 00:41:50.180 INFO: Epoch 466: loss=0.1059, RMSE_E=3.8 meV, RMSE_F=10.3 meV / A
2025-01-17 00:42:11.993 INFO: Epoch 468: loss=0.1058, RMSE_E=3.9 meV, RMSE_F=10.3 meV / A
2025-01-17 00:42:34.054 INFO: Epoch 470: loss=0.1051, RMSE_E=3.9 meV, RMSE_F=10.2 meV / A
2025-01-17 00:42:56.559 INFO: Epoch 472: loss=0.1070, RMSE_E=3.9 meV, RMSE_F=10.3 meV / A
2025-01-17 00:43:18.809 INFO: Epoch 474: loss=0.1090, RMSE_E=4.0 meV, RMSE_F=10.4 meV / A
2025-01-17 00:43:40.802 INFO: Epoch 476: loss=0.1068, RMSE_E=4.0 meV, RMSE_F=10.3 meV / A
2025-01-17 00:44:02.591 INFO: Epoch 478: loss=0.1069, RMSE_E=3.9 meV, RMSE_F=10.3 meV / A
2025-01-17 00:44:24.377 INFO: Epoch 480: loss=0.1054, RMSE_E=3.8 meV, RMSE_F=10.3 meV / A
2025-01-17 00:44:46.161 INFO: Epoch 482: loss=0.1058, RMSE_E=3.8 meV, RMSE_F=10.3 meV / A
2025-01-17 00:45:07.970 INFO: Epoch 484: loss=0.1058, RMSE_E=3.9 meV, RMSE_F=10.3 meV / A
2025-01-17 00:45:29.830 INFO: Epoch 486: loss=0.1053, RMSE_E=4.1 meV, RMSE_F=10.3 meV / A
2025-01-17 00:45:52.032 INFO: Epoch 488: loss=0.1051, RMSE_E=3.9 meV, RMSE_F=10.3 meV / A
2025-01-17 00:46:14.259 INFO: Epoch 490: loss=0.1051, RMSE_E=3.8 meV, RMSE_F=10.3 meV / A
2025-01-17 00:46:36.499 INFO: Epoch 492: loss=0.1050, RMSE_E=3.9 meV, RMSE_F=10.2 meV / A
2025-01-17 00:46:58.920 INFO: Epoch 494: loss=0.1051, RMSE_E=3.8 meV, RMSE_F=10.3 meV / A
2025-01-17 00:47:21.042 INFO: Epoch 496: loss=0.1049, RMSE_E=3.7 meV, RMSE_F=10.2 meV / A
2025-01-17 00:47:43.232 INFO: Epoch 498: loss=0.1039, RMSE_E=3.7 meV, RMSE_F=10.2 meV / A
2025-01-17 00:48:05.778 INFO: Epoch 500: loss=0.1037, RMSE_E=4.0 meV, RMSE_F=10.2 meV / A
2025-01-17 00:48:28.237 INFO: Epoch 502: loss=0.1052, RMSE_E=4.0 meV, RMSE_F=10.3 meV / A
2025-01-17 00:48:50.429 INFO: Epoch 504: loss=0.1042, RMSE_E=4.0 meV, RMSE_F=10.2 meV / A
2025-01-17 00:49:12.639 INFO: Epoch 506: loss=0.1036, RMSE_E=3.8 meV, RMSE_F=10.2 meV / A
2025-01-17 00:49:34.977 INFO: Epoch 508: loss=0.1038, RMSE_E=3.7 meV, RMSE_F=10.2 meV / A
2025-01-17 00:49:56.783 INFO: Epoch 510: loss=0.1034, RMSE_E=3.8 meV, RMSE_F=10.2 meV / A
2025-01-17 00:50:19.087 INFO: Epoch 512: loss=0.1032, RMSE_E=3.6 meV, RMSE_F=10.2 meV / A
2025-01-17 00:50:41.464 INFO: Epoch 514: loss=0.1040, RMSE_E=3.7 meV, RMSE_F=10.2 meV / A
2025-01-17 00:51:03.648 INFO: Epoch 516: loss=0.1045, RMSE_E=3.8 meV, RMSE_F=10.2 meV / A
2025-01-17 00:51:25.814 INFO: Epoch 518: loss=0.1035, RMSE_E=3.8 meV, RMSE_F=10.2 meV / A
2025-01-17 00:51:48.000 INFO: Epoch 520: loss=0.1038, RMSE_E=3.7 meV, RMSE_F=10.2 meV / A
2025-01-17 00:52:10.215 INFO: Epoch 522: loss=0.1037, RMSE_E=3.7 meV, RMSE_F=10.2 meV / A
2025-01-17 00:52:32.442 INFO: Epoch 524: loss=0.1043, RMSE_E=3.6 meV, RMSE_F=10.2 meV / A
2025-01-17 00:52:54.639 INFO: Epoch 526: loss=0.1043, RMSE_E=3.8 meV, RMSE_F=10.2 meV / A
2025-01-17 00:53:16.913 INFO: Epoch 528: loss=0.1054, RMSE_E=3.7 meV, RMSE_F=10.3 meV / A
2025-01-17 00:53:39.167 INFO: Epoch 530: loss=0.1040, RMSE_E=3.6 meV, RMSE_F=10.2 meV / A
2025-01-17 00:54:01.435 INFO: Epoch 532: loss=0.1029, RMSE_E=3.5 meV, RMSE_F=10.1 meV / A
2025-01-17 00:54:23.790 INFO: Epoch 534: loss=0.1040, RMSE_E=3.8 meV, RMSE_F=10.2 meV / A
2025-01-17 00:54:45.976 INFO: Epoch 536: loss=0.1025, RMSE_E=3.8 meV, RMSE_F=10.1 meV / A
2025-01-17 00:55:08.471 INFO: Epoch 538: loss=0.1026, RMSE_E=3.7 meV, RMSE_F=10.1 meV / A
2025-01-17 00:55:30.713 INFO: Epoch 540: loss=0.1028, RMSE_E=3.6 meV, RMSE_F=10.1 meV / A
2025-01-17 00:55:52.965 INFO: Epoch 542: loss=0.1023, RMSE_E=3.7 meV, RMSE_F=10.1 meV / A
2025-01-17 00:56:15.482 INFO: Epoch 544: loss=0.1042, RMSE_E=3.6 meV, RMSE_F=10.2 meV / A
2025-01-17 00:56:37.675 INFO: Epoch 546: loss=0.1044, RMSE_E=3.7 meV, RMSE_F=10.2 meV / A
2025-01-17 00:56:59.846 INFO: Epoch 548: loss=0.1035, RMSE_E=3.7 meV, RMSE_F=10.2 meV / A
2025-01-17 00:57:22.074 INFO: Epoch 550: loss=0.1039, RMSE_E=3.7 meV, RMSE_F=10.2 meV / A
2025-01-17 00:57:43.992 INFO: Epoch 552: loss=0.1027, RMSE_E=3.5 meV, RMSE_F=10.1 meV / A
2025-01-17 00:58:05.852 INFO: Epoch 554: loss=0.1026, RMSE_E=3.4 meV, RMSE_F=10.1 meV / A
2025-01-17 00:58:28.121 INFO: Epoch 556: loss=0.1037, RMSE_E=3.3 meV, RMSE_F=10.2 meV / A
2025-01-17 00:58:49.965 INFO: Epoch 558: loss=0.1028, RMSE_E=3.4 meV, RMSE_F=10.1 meV / A
2025-01-17 00:59:11.778 INFO: Epoch 560: loss=0.1036, RMSE_E=3.5 meV, RMSE_F=10.2 meV / A
2025-01-17 00:59:33.577 INFO: Epoch 562: loss=0.1039, RMSE_E=3.6 meV, RMSE_F=10.2 meV / A
2025-01-17 00:59:55.364 INFO: Epoch 564: loss=0.1034, RMSE_E=3.4 meV, RMSE_F=10.2 meV / A
2025-01-17 01:00:17.154 INFO: Epoch 566: loss=0.1037, RMSE_E=3.4 meV, RMSE_F=10.2 meV / A
2025-01-17 01:00:38.943 INFO: Epoch 568: loss=0.1029, RMSE_E=3.5 meV, RMSE_F=10.1 meV / A
2025-01-17 01:01:01.097 INFO: Epoch 570: loss=0.1033, RMSE_E=3.5 meV, RMSE_F=10.2 meV / A
2025-01-17 01:01:23.007 INFO: Epoch 572: loss=0.1059, RMSE_E=3.9 meV, RMSE_F=10.3 meV / A
2025-01-17 01:01:44.937 INFO: Epoch 574: loss=0.1058, RMSE_E=3.9 meV, RMSE_F=10.3 meV / A
2025-01-17 01:02:07.159 INFO: Epoch 576: loss=0.1060, RMSE_E=3.7 meV, RMSE_F=10.3 meV / A
2025-01-17 01:02:29.331 INFO: Epoch 578: loss=0.1045, RMSE_E=3.6 meV, RMSE_F=10.2 meV / A
2025-01-17 01:02:51.477 INFO: Epoch 580: loss=0.1048, RMSE_E=3.6 meV, RMSE_F=10.2 meV / A
2025-01-17 01:03:13.656 INFO: Epoch 582: loss=0.1040, RMSE_E=3.6 meV, RMSE_F=10.2 meV / A
2025-01-17 01:03:35.806 INFO: Epoch 584: loss=0.1052, RMSE_E=3.8 meV, RMSE_F=10.3 meV / A
2025-01-17 01:03:57.949 INFO: Epoch 586: loss=0.1045, RMSE_E=3.6 meV, RMSE_F=10.2 meV / A
2025-01-17 01:04:19.970 INFO: Epoch 588: loss=0.1036, RMSE_E=3.5 meV, RMSE_F=10.2 meV / A
2025-01-17 01:04:41.749 INFO: Epoch 590: loss=0.1028, RMSE_E=3.5 meV, RMSE_F=10.1 meV / A
2025-01-17 01:05:03.547 INFO: Epoch 592: loss=0.1023, RMSE_E=3.6 meV, RMSE_F=10.1 meV / A
2025-01-17 01:05:25.569 INFO: Epoch 594: loss=0.1026, RMSE_E=3.4 meV, RMSE_F=10.1 meV / A
2025-01-17 01:05:47.371 INFO: Epoch 596: loss=0.1036, RMSE_E=3.6 meV, RMSE_F=10.2 meV / A
2025-01-17 01:06:09.298 INFO: Epoch 598: loss=0.1031, RMSE_E=3.5 meV, RMSE_F=10.2 meV / A
2025-01-17 01:06:31.383 INFO: Epoch 600: loss=0.1026, RMSE_E=3.5 meV, RMSE_F=10.1 meV / A
2025-01-17 01:06:53.163 INFO: Epoch 602: loss=0.1033, RMSE_E=3.5 meV, RMSE_F=10.2 meV / A
2025-01-17 01:07:14.950 INFO: Epoch 604: loss=0.1026, RMSE_E=3.4 meV, RMSE_F=10.1 meV / A
2025-01-17 01:07:36.732 INFO: Epoch 606: loss=0.1032, RMSE_E=3.5 meV, RMSE_F=10.2 meV / A
2025-01-17 01:07:58.503 INFO: Epoch 608: loss=0.1040, RMSE_E=3.6 meV, RMSE_F=10.2 meV / A
2025-01-17 01:08:20.306 INFO: Epoch 610: loss=0.1037, RMSE_E=3.9 meV, RMSE_F=10.2 meV / A
2025-01-17 01:08:42.092 INFO: Epoch 612: loss=0.1032, RMSE_E=3.7 meV, RMSE_F=10.2 meV / A
2025-01-17 01:09:03.881 INFO: Epoch 614: loss=0.1025, RMSE_E=3.7 meV, RMSE_F=10.1 meV / A
2025-01-17 01:09:25.695 INFO: Epoch 616: loss=0.1029, RMSE_E=3.5 meV, RMSE_F=10.1 meV / A
2025-01-17 01:09:47.831 INFO: Epoch 618: loss=0.1038, RMSE_E=3.5 meV, RMSE_F=10.2 meV / A
2025-01-17 01:10:09.984 INFO: Epoch 620: loss=0.1037, RMSE_E=3.6 meV, RMSE_F=10.2 meV / A
2025-01-17 01:10:32.146 INFO: Epoch 622: loss=0.1039, RMSE_E=3.7 meV, RMSE_F=10.2 meV / A
2025-01-17 01:10:54.290 INFO: Epoch 624: loss=0.1027, RMSE_E=3.8 meV, RMSE_F=10.1 meV / A
2025-01-17 01:11:16.144 INFO: Epoch 626: loss=0.1014, RMSE_E=3.8 meV, RMSE_F=10.1 meV / A
2025-01-17 01:11:38.193 INFO: Epoch 628: loss=0.1021, RMSE_E=3.6 meV, RMSE_F=10.1 meV / A
2025-01-17 01:12:00.220 INFO: Epoch 630: loss=0.1015, RMSE_E=3.5 meV, RMSE_F=10.1 meV / A
2025-01-17 01:12:22.124 INFO: Epoch 632: loss=0.1016, RMSE_E=3.5 meV, RMSE_F=10.1 meV / A
2025-01-17 01:12:44.332 INFO: Epoch 634: loss=0.1024, RMSE_E=3.5 meV, RMSE_F=10.1 meV / A
2025-01-17 01:13:06.543 INFO: Epoch 636: loss=0.1011, RMSE_E=3.3 meV, RMSE_F=10.1 meV / A
2025-01-17 01:13:28.955 INFO: Epoch 638: loss=0.1025, RMSE_E=3.4 meV, RMSE_F=10.1 meV / A
2025-01-17 01:13:51.217 INFO: Epoch 640: loss=0.1030, RMSE_E=3.4 meV, RMSE_F=10.1 meV / A
2025-01-17 01:14:13.494 INFO: Epoch 642: loss=0.1021, RMSE_E=3.5 meV, RMSE_F=10.1 meV / A
2025-01-17 01:14:35.781 INFO: Epoch 644: loss=0.1023, RMSE_E=3.5 meV, RMSE_F=10.1 meV / A
2025-01-17 01:14:58.064 INFO: Epoch 646: loss=0.1023, RMSE_E=3.6 meV, RMSE_F=10.1 meV / A
2025-01-17 01:15:20.406 INFO: Epoch 648: loss=0.1022, RMSE_E=3.6 meV, RMSE_F=10.1 meV / A
2025-01-17 01:15:42.646 INFO: Epoch 650: loss=0.1025, RMSE_E=3.4 meV, RMSE_F=10.1 meV / A
2025-01-17 01:16:04.910 INFO: Epoch 652: loss=0.1012, RMSE_E=3.6 meV, RMSE_F=10.1 meV / A
2025-01-17 01:16:27.165 INFO: Epoch 654: loss=0.1024, RMSE_E=3.5 meV, RMSE_F=10.1 meV / A
2025-01-17 01:16:49.426 INFO: Epoch 656: loss=0.1036, RMSE_E=3.3 meV, RMSE_F=10.2 meV / A
2025-01-17 01:17:11.720 INFO: Epoch 658: loss=0.1029, RMSE_E=3.3 meV, RMSE_F=10.1 meV / A
2025-01-17 01:17:33.962 INFO: Epoch 660: loss=0.1027, RMSE_E=3.3 meV, RMSE_F=10.1 meV / A
2025-01-17 01:17:56.165 INFO: Epoch 662: loss=0.1021, RMSE_E=3.2 meV, RMSE_F=10.1 meV / A
2025-01-17 01:18:18.388 INFO: Epoch 664: loss=0.1021, RMSE_E=3.3 meV, RMSE_F=10.1 meV / A
2025-01-17 01:18:40.386 INFO: Epoch 666: loss=0.1021, RMSE_E=3.3 meV, RMSE_F=10.1 meV / A
2025-01-17 01:19:02.319 INFO: Epoch 668: loss=0.1020, RMSE_E=3.4 meV, RMSE_F=10.1 meV / A
2025-01-17 01:19:24.502 INFO: Epoch 670: loss=0.1014, RMSE_E=3.5 meV, RMSE_F=10.1 meV / A
2025-01-17 01:19:46.694 INFO: Epoch 672: loss=0.1025, RMSE_E=3.5 meV, RMSE_F=10.1 meV / A
2025-01-17 01:20:08.913 INFO: Epoch 674: loss=0.1027, RMSE_E=3.5 meV, RMSE_F=10.1 meV / A
2025-01-17 01:20:31.119 INFO: Epoch 676: loss=0.1018, RMSE_E=3.5 meV, RMSE_F=10.1 meV / A
2025-01-17 01:20:53.308 INFO: Epoch 678: loss=0.1018, RMSE_E=3.5 meV, RMSE_F=10.1 meV / A
2025-01-17 01:21:15.496 INFO: Epoch 680: loss=0.1033, RMSE_E=3.3 meV, RMSE_F=10.2 meV / A
2025-01-17 01:21:37.557 INFO: Epoch 682: loss=0.1049, RMSE_E=3.6 meV, RMSE_F=10.2 meV / A
2025-01-17 01:21:59.368 INFO: Epoch 684: loss=0.1050, RMSE_E=3.4 meV, RMSE_F=10.2 meV / A
2025-01-17 01:22:21.488 INFO: Epoch 686: loss=0.1038, RMSE_E=3.6 meV, RMSE_F=10.2 meV / A
2025-01-17 01:22:43.749 INFO: Epoch 688: loss=0.1023, RMSE_E=3.6 meV, RMSE_F=10.1 meV / A
2025-01-17 01:23:05.989 INFO: Epoch 690: loss=0.1015, RMSE_E=3.4 meV, RMSE_F=10.1 meV / A
2025-01-17 01:23:28.038 INFO: Epoch 692: loss=0.1007, RMSE_E=3.3 meV, RMSE_F=10.0 meV / A
2025-01-17 01:23:50.065 INFO: Epoch 694: loss=0.1009, RMSE_E=3.4 meV, RMSE_F=10.0 meV / A
2025-01-17 01:24:12.085 INFO: Epoch 696: loss=0.1008, RMSE_E=3.4 meV, RMSE_F=10.0 meV / A
2025-01-17 01:24:34.261 INFO: Epoch 698: loss=0.1001, RMSE_E=3.3 meV, RMSE_F=10.0 meV / A
2025-01-17 01:24:56.682 INFO: Epoch 700: loss=0.1002, RMSE_E=3.3 meV, RMSE_F=10.0 meV / A
2025-01-17 01:25:18.888 INFO: Epoch 702: loss=0.1002, RMSE_E=3.2 meV, RMSE_F=10.0 meV / A
2025-01-17 01:25:41.084 INFO: Epoch 704: loss=0.1002, RMSE_E=3.2 meV, RMSE_F=10.0 meV / A
2025-01-17 01:26:03.037 INFO: Epoch 706: loss=0.1001, RMSE_E=3.2 meV, RMSE_F=10.0 meV / A
2025-01-17 01:26:25.205 INFO: Epoch 708: loss=0.0996, RMSE_E=3.2 meV, RMSE_F=10.0 meV / A
2025-01-17 01:26:47.654 INFO: Epoch 710: loss=0.1000, RMSE_E=3.1 meV, RMSE_F=10.0 meV / A
2025-01-17 01:27:09.884 INFO: Epoch 712: loss=0.1000, RMSE_E=3.1 meV, RMSE_F=10.0 meV / A
2025-01-17 01:27:32.102 INFO: Epoch 714: loss=0.0998, RMSE_E=3.1 meV, RMSE_F=10.0 meV / A
2025-01-17 01:27:54.284 INFO: Epoch 716: loss=0.0997, RMSE_E=3.1 meV, RMSE_F=10.0 meV / A
2025-01-17 01:28:16.566 INFO: Epoch 718: loss=0.0991, RMSE_E=3.1 meV, RMSE_F=10.0 meV / A
2025-01-17 01:28:39.088 INFO: Epoch 720: loss=0.0995, RMSE_E=3.1 meV, RMSE_F=10.0 meV / A
2025-01-17 01:29:01.351 INFO: Epoch 722: loss=0.0992, RMSE_E=3.1 meV, RMSE_F=10.0 meV / A
2025-01-17 01:29:23.619 INFO: Epoch 724: loss=0.0988, RMSE_E=3.0 meV, RMSE_F=9.9 meV / A
2025-01-17 01:29:46.105 INFO: Epoch 726: loss=0.0992, RMSE_E=3.0 meV, RMSE_F=10.0 meV / A
2025-01-17 01:30:08.207 INFO: Epoch 728: loss=0.0988, RMSE_E=3.0 meV, RMSE_F=9.9 meV / A
2025-01-17 01:30:30.016 INFO: Epoch 730: loss=0.0989, RMSE_E=3.0 meV, RMSE_F=9.9 meV / A
2025-01-17 01:30:51.959 INFO: Epoch 732: loss=0.0989, RMSE_E=3.0 meV, RMSE_F=9.9 meV / A
2025-01-17 01:31:14.251 INFO: Epoch 734: loss=0.0988, RMSE_E=3.0 meV, RMSE_F=9.9 meV / A
2025-01-17 01:31:36.166 INFO: Epoch 736: loss=0.0988, RMSE_E=3.0 meV, RMSE_F=9.9 meV / A
2025-01-17 01:31:58.489 INFO: Epoch 738: loss=0.0989, RMSE_E=3.0 meV, RMSE_F=9.9 meV / A
2025-01-17 01:32:20.651 INFO: Epoch 740: loss=0.0990, RMSE_E=3.0 meV, RMSE_F=9.9 meV / A
2025-01-17 01:32:42.925 INFO: Epoch 742: loss=0.0989, RMSE_E=3.0 meV, RMSE_F=9.9 meV / A
2025-01-17 01:33:05.130 INFO: Epoch 744: loss=0.0986, RMSE_E=3.0 meV, RMSE_F=9.9 meV / A
2025-01-17 01:33:27.617 INFO: Epoch 746: loss=0.0982, RMSE_E=3.0 meV, RMSE_F=9.9 meV / A
2025-01-17 01:33:49.974 INFO: Epoch 748: loss=0.0984, RMSE_E=3.0 meV, RMSE_F=9.9 meV / A
2025-01-17 01:34:12.222 INFO: Epoch 750: loss=0.0984, RMSE_E=3.0 meV, RMSE_F=9.9 meV / A
2025-01-17 01:34:34.439 INFO: Epoch 752: loss=0.0982, RMSE_E=2.9 meV, RMSE_F=9.9 meV / A
2025-01-17 01:34:56.767 INFO: Epoch 754: loss=0.0986, RMSE_E=2.9 meV, RMSE_F=9.9 meV / A
2025-01-17 01:35:18.908 INFO: Epoch 756: loss=0.0981, RMSE_E=3.0 meV, RMSE_F=9.9 meV / A
2025-01-17 01:35:41.548 INFO: Epoch 758: loss=0.0979, RMSE_E=2.9 meV, RMSE_F=9.9 meV / A
2025-01-17 01:36:03.577 INFO: Epoch 760: loss=0.0983, RMSE_E=2.9 meV, RMSE_F=9.9 meV / A
2025-01-17 01:36:25.407 INFO: Epoch 762: loss=0.0983, RMSE_E=2.9 meV, RMSE_F=9.9 meV / A
2025-01-17 01:36:47.585 INFO: Epoch 764: loss=0.0980, RMSE_E=2.9 meV, RMSE_F=9.9 meV / A
2025-01-17 01:37:09.831 INFO: Epoch 766: loss=0.0978, RMSE_E=2.9 meV, RMSE_F=9.9 meV / A
2025-01-17 01:37:32.289 INFO: Epoch 768: loss=0.0980, RMSE_E=2.9 meV, RMSE_F=9.9 meV / A
2025-01-17 01:37:54.490 INFO: Epoch 770: loss=0.0978, RMSE_E=2.9 meV, RMSE_F=9.9 meV / A
2025-01-17 01:38:16.923 INFO: Epoch 772: loss=0.0980, RMSE_E=2.9 meV, RMSE_F=9.9 meV / A
2025-01-17 01:38:39.104 INFO: Epoch 774: loss=0.0975, RMSE_E=2.9 meV, RMSE_F=9.9 meV / A
2025-01-17 01:39:01.548 INFO: Epoch 776: loss=0.0969, RMSE_E=2.8 meV, RMSE_F=9.8 meV / A
2025-01-17 01:39:23.964 INFO: Epoch 778: loss=0.0972, RMSE_E=2.9 meV, RMSE_F=9.9 meV / A
2025-01-17 01:39:46.166 INFO: Epoch 780: loss=0.0972, RMSE_E=2.9 meV, RMSE_F=9.9 meV / A
2025-01-17 01:40:08.355 INFO: Epoch 782: loss=0.0973, RMSE_E=2.8 meV, RMSE_F=9.9 meV / A
2025-01-17 01:40:30.607 INFO: Epoch 784: loss=0.0975, RMSE_E=2.8 meV, RMSE_F=9.9 meV / A
2025-01-17 01:40:52.439 INFO: Epoch 786: loss=0.0974, RMSE_E=2.8 meV, RMSE_F=9.9 meV / A
2025-01-17 01:41:14.257 INFO: Epoch 788: loss=0.0970, RMSE_E=2.8 meV, RMSE_F=9.8 meV / A
2025-01-17 01:41:36.234 INFO: Epoch 790: loss=0.0970, RMSE_E=2.8 meV, RMSE_F=9.8 meV / A
2025-01-17 01:41:58.465 INFO: Epoch 792: loss=0.0966, RMSE_E=2.8 meV, RMSE_F=9.8 meV / A
2025-01-17 01:42:20.975 INFO: Epoch 794: loss=0.0967, RMSE_E=2.7 meV, RMSE_F=9.8 meV / A
2025-01-17 01:42:43.188 INFO: Epoch 796: loss=0.0967, RMSE_E=2.9 meV, RMSE_F=9.8 meV / A
2025-01-17 01:43:05.475 INFO: Epoch 798: loss=0.0965, RMSE_E=2.9 meV, RMSE_F=9.8 meV / A
2025-01-17 01:43:27.687 INFO: Epoch 800: loss=0.0961, RMSE_E=2.8 meV, RMSE_F=9.8 meV / A
2025-01-17 01:43:49.675 INFO: Epoch 802: loss=0.0959, RMSE_E=2.8 meV, RMSE_F=9.8 meV / A
2025-01-17 01:44:12.056 INFO: Epoch 804: loss=0.0965, RMSE_E=2.8 meV, RMSE_F=9.8 meV / A
2025-01-17 01:44:34.282 INFO: Epoch 806: loss=0.0964, RMSE_E=2.8 meV, RMSE_F=9.8 meV / A
2025-01-17 01:44:56.466 INFO: Epoch 808: loss=0.0961, RMSE_E=2.7 meV, RMSE_F=9.8 meV / A
2025-01-17 01:45:18.693 INFO: Epoch 810: loss=0.0967, RMSE_E=2.8 meV, RMSE_F=9.8 meV / A
2025-01-17 01:45:40.966 INFO: Epoch 812: loss=0.0964, RMSE_E=2.8 meV, RMSE_F=9.8 meV / A
2025-01-17 01:46:03.211 INFO: Epoch 814: loss=0.0959, RMSE_E=2.8 meV, RMSE_F=9.8 meV / A
2025-01-17 01:46:25.263 INFO: Epoch 816: loss=0.0962, RMSE_E=2.8 meV, RMSE_F=9.8 meV / A
2025-01-17 01:46:47.129 INFO: Epoch 818: loss=0.0964, RMSE_E=2.7 meV, RMSE_F=9.8 meV / A
2025-01-17 01:47:08.936 INFO: Epoch 820: loss=0.0968, RMSE_E=2.7 meV, RMSE_F=9.8 meV / A
2025-01-17 01:47:30.844 INFO: Epoch 822: loss=0.0962, RMSE_E=2.7 meV, RMSE_F=9.8 meV / A
2025-01-17 01:47:52.675 INFO: Epoch 824: loss=0.0965, RMSE_E=2.8 meV, RMSE_F=9.8 meV / A
2025-01-17 01:48:14.493 INFO: Epoch 826: loss=0.0960, RMSE_E=2.8 meV, RMSE_F=9.8 meV / A
2025-01-17 01:48:36.432 INFO: Epoch 828: loss=0.0957, RMSE_E=2.7 meV, RMSE_F=9.8 meV / A
2025-01-17 01:48:58.882 INFO: Epoch 830: loss=0.0954, RMSE_E=2.7 meV, RMSE_F=9.8 meV / A
2025-01-17 01:49:21.348 INFO: Epoch 832: loss=0.0958, RMSE_E=2.7 meV, RMSE_F=9.8 meV / A
2025-01-17 01:49:43.544 INFO: Epoch 834: loss=0.0963, RMSE_E=2.8 meV, RMSE_F=9.8 meV / A
2025-01-17 01:50:05.793 INFO: Epoch 836: loss=0.0963, RMSE_E=2.8 meV, RMSE_F=9.8 meV / A
2025-01-17 01:50:28.047 INFO: Epoch 838: loss=0.0960, RMSE_E=2.8 meV, RMSE_F=9.8 meV / A
2025-01-17 01:50:50.315 INFO: Epoch 840: loss=0.0958, RMSE_E=2.7 meV, RMSE_F=9.8 meV / A
2025-01-17 01:51:12.565 INFO: Epoch 842: loss=0.0958, RMSE_E=2.7 meV, RMSE_F=9.8 meV / A
2025-01-17 01:51:34.585 INFO: Epoch 844: loss=0.0958, RMSE_E=2.7 meV, RMSE_F=9.8 meV / A
2025-01-17 01:51:56.568 INFO: Epoch 846: loss=0.0960, RMSE_E=2.7 meV, RMSE_F=9.8 meV / A
2025-01-17 01:52:18.804 INFO: Epoch 848: loss=0.0959, RMSE_E=2.7 meV, RMSE_F=9.8 meV / A
2025-01-17 01:52:40.906 INFO: Epoch 850: loss=0.0962, RMSE_E=2.7 meV, RMSE_F=9.8 meV / A
2025-01-17 01:53:03.096 INFO: Epoch 852: loss=0.0964, RMSE_E=2.8 meV, RMSE_F=9.8 meV / A
2025-01-17 01:53:25.305 INFO: Epoch 854: loss=0.0959, RMSE_E=2.8 meV, RMSE_F=9.8 meV / A
2025-01-17 01:53:47.556 INFO: Epoch 856: loss=0.0957, RMSE_E=2.7 meV, RMSE_F=9.8 meV / A
2025-01-17 01:54:09.819 INFO: Epoch 858: loss=0.0964, RMSE_E=2.7 meV, RMSE_F=9.8 meV / A
2025-01-17 01:54:32.027 INFO: Epoch 860: loss=0.0953, RMSE_E=2.7 meV, RMSE_F=9.8 meV / A
2025-01-17 01:54:54.498 INFO: Epoch 862: loss=0.0950, RMSE_E=2.6 meV, RMSE_F=9.7 meV / A
2025-01-17 01:55:16.978 INFO: Epoch 864: loss=0.0951, RMSE_E=2.7 meV, RMSE_F=9.8 meV / A
2025-01-17 01:55:39.273 INFO: Epoch 866: loss=0.0956, RMSE_E=2.7 meV, RMSE_F=9.8 meV / A
2025-01-17 01:56:01.429 INFO: Epoch 868: loss=0.0951, RMSE_E=2.6 meV, RMSE_F=9.8 meV / A
2025-01-17 01:56:23.653 INFO: Epoch 870: loss=0.0956, RMSE_E=2.6 meV, RMSE_F=9.8 meV / A
2025-01-17 01:56:45.855 INFO: Epoch 872: loss=0.0960, RMSE_E=2.6 meV, RMSE_F=9.8 meV / A
2025-01-17 01:57:07.677 INFO: Epoch 874: loss=0.0956, RMSE_E=2.6 meV, RMSE_F=9.8 meV / A
2025-01-17 01:57:29.486 INFO: Epoch 876: loss=0.0961, RMSE_E=2.7 meV, RMSE_F=9.8 meV / A
2025-01-17 01:57:51.287 INFO: Epoch 878: loss=0.0951, RMSE_E=2.7 meV, RMSE_F=9.8 meV / A
2025-01-17 01:58:13.225 INFO: Epoch 880: loss=0.0949, RMSE_E=2.7 meV, RMSE_F=9.7 meV / A
2025-01-17 01:58:35.534 INFO: Epoch 882: loss=0.0951, RMSE_E=2.7 meV, RMSE_F=9.8 meV / A
2025-01-17 01:58:57.334 INFO: Epoch 884: loss=0.0953, RMSE_E=2.7 meV, RMSE_F=9.8 meV / A
2025-01-17 01:59:19.406 INFO: Epoch 886: loss=0.0954, RMSE_E=2.7 meV, RMSE_F=9.8 meV / A
2025-01-17 01:59:41.591 INFO: Epoch 888: loss=0.0954, RMSE_E=2.7 meV, RMSE_F=9.8 meV / A
2025-01-17 02:00:03.791 INFO: Epoch 890: loss=0.0950, RMSE_E=2.6 meV, RMSE_F=9.7 meV / A
2025-01-17 02:00:26.030 INFO: Epoch 892: loss=0.0952, RMSE_E=2.6 meV, RMSE_F=9.8 meV / A
2025-01-17 02:00:48.238 INFO: Epoch 894: loss=0.0951, RMSE_E=2.6 meV, RMSE_F=9.8 meV / A
2025-01-17 02:01:10.040 INFO: Epoch 896: loss=0.0949, RMSE_E=2.6 meV, RMSE_F=9.7 meV / A
2025-01-17 02:01:31.915 INFO: Epoch 898: loss=0.0950, RMSE_E=2.7 meV, RMSE_F=9.7 meV / A
2025-01-17 02:01:54.152 INFO: Epoch 900: loss=0.0960, RMSE_E=2.7 meV, RMSE_F=9.8 meV / A
2025-01-17 02:02:16.391 INFO: Epoch 902: loss=0.0952, RMSE_E=2.7 meV, RMSE_F=9.8 meV / A
2025-01-17 02:02:38.598 INFO: Epoch 904: loss=0.0952, RMSE_E=2.6 meV, RMSE_F=9.8 meV / A
2025-01-17 02:03:00.820 INFO: Epoch 906: loss=0.0952, RMSE_E=2.6 meV, RMSE_F=9.8 meV / A
2025-01-17 02:03:22.737 INFO: Epoch 908: loss=0.0955, RMSE_E=2.7 meV, RMSE_F=9.8 meV / A
2025-01-17 02:03:44.658 INFO: Epoch 910: loss=0.0958, RMSE_E=2.7 meV, RMSE_F=9.8 meV / A
2025-01-17 02:04:06.796 INFO: Epoch 912: loss=0.0955, RMSE_E=2.6 meV, RMSE_F=9.8 meV / A
2025-01-17 02:04:29.024 INFO: Epoch 914: loss=0.0950, RMSE_E=2.6 meV, RMSE_F=9.7 meV / A
2025-01-17 02:04:50.922 INFO: Epoch 916: loss=0.0944, RMSE_E=2.7 meV, RMSE_F=9.7 meV / A
2025-01-17 02:05:13.140 INFO: Epoch 918: loss=0.0946, RMSE_E=2.7 meV, RMSE_F=9.7 meV / A
2025-01-17 02:05:35.393 INFO: Epoch 920: loss=0.0944, RMSE_E=2.6 meV, RMSE_F=9.7 meV / A
2025-01-17 02:05:57.594 INFO: Epoch 922: loss=0.0947, RMSE_E=2.6 meV, RMSE_F=9.7 meV / A
2025-01-17 02:06:19.804 INFO: Epoch 924: loss=0.0952, RMSE_E=2.7 meV, RMSE_F=9.8 meV / A
2025-01-17 02:06:42.046 INFO: Epoch 926: loss=0.0956, RMSE_E=2.8 meV, RMSE_F=9.8 meV / A
2025-01-17 02:07:04.284 INFO: Epoch 928: loss=0.0943, RMSE_E=2.7 meV, RMSE_F=9.7 meV / A
2025-01-17 02:07:26.678 INFO: Epoch 930: loss=0.0946, RMSE_E=2.8 meV, RMSE_F=9.7 meV / A
2025-01-17 02:07:48.927 INFO: Epoch 932: loss=0.0945, RMSE_E=2.7 meV, RMSE_F=9.7 meV / A
2025-01-17 02:08:11.025 INFO: Epoch 934: loss=0.0945, RMSE_E=2.7 meV, RMSE_F=9.7 meV / A
2025-01-17 02:08:32.824 INFO: Epoch 936: loss=0.0942, RMSE_E=2.7 meV, RMSE_F=9.7 meV / A
2025-01-17 02:08:54.842 INFO: Epoch 938: loss=0.0943, RMSE_E=2.6 meV, RMSE_F=9.7 meV / A
2025-01-17 02:09:16.658 INFO: Epoch 940: loss=0.0940, RMSE_E=2.6 meV, RMSE_F=9.7 meV / A
2025-01-17 02:09:39.080 INFO: Epoch 942: loss=0.0950, RMSE_E=2.6 meV, RMSE_F=9.7 meV / A
2025-01-17 02:10:01.035 INFO: Epoch 944: loss=0.0946, RMSE_E=2.6 meV, RMSE_F=9.7 meV / A
2025-01-17 02:10:23.226 INFO: Epoch 946: loss=0.0950, RMSE_E=2.6 meV, RMSE_F=9.7 meV / A
2025-01-17 02:10:45.501 INFO: Epoch 948: loss=0.0943, RMSE_E=2.6 meV, RMSE_F=9.7 meV / A
2025-01-17 02:11:07.723 INFO: Epoch 950: loss=0.0936, RMSE_E=2.7 meV, RMSE_F=9.7 meV / A
2025-01-17 02:11:30.221 INFO: Epoch 952: loss=0.0946, RMSE_E=2.7 meV, RMSE_F=9.7 meV / A
2025-01-17 02:11:52.027 INFO: Epoch 954: loss=0.0945, RMSE_E=2.8 meV, RMSE_F=9.7 meV / A
2025-01-17 02:12:14.234 INFO: Epoch 956: loss=0.0949, RMSE_E=2.8 meV, RMSE_F=9.7 meV / A
2025-01-17 02:12:36.504 INFO: Epoch 958: loss=0.0944, RMSE_E=2.7 meV, RMSE_F=9.7 meV / A
2025-01-17 02:12:58.743 INFO: Epoch 960: loss=0.0939, RMSE_E=2.7 meV, RMSE_F=9.7 meV / A
2025-01-17 02:13:20.967 INFO: Epoch 962: loss=0.0945, RMSE_E=2.7 meV, RMSE_F=9.7 meV / A
2025-01-17 02:13:43.063 INFO: Epoch 964: loss=0.0951, RMSE_E=2.6 meV, RMSE_F=9.8 meV / A
2025-01-17 02:14:04.878 INFO: Epoch 966: loss=0.0940, RMSE_E=2.7 meV, RMSE_F=9.7 meV / A
2025-01-17 02:14:26.686 INFO: Epoch 968: loss=0.0947, RMSE_E=2.7 meV, RMSE_F=9.7 meV / A
2025-01-17 02:14:48.489 INFO: Epoch 970: loss=0.0949, RMSE_E=2.7 meV, RMSE_F=9.7 meV / A
2025-01-17 02:15:10.672 INFO: Epoch 972: loss=0.0942, RMSE_E=2.7 meV, RMSE_F=9.7 meV / A
2025-01-17 02:15:32.893 INFO: Epoch 974: loss=0.0943, RMSE_E=2.6 meV, RMSE_F=9.7 meV / A
2025-01-17 02:15:55.053 INFO: Epoch 976: loss=0.0942, RMSE_E=2.7 meV, RMSE_F=9.7 meV / A
2025-01-17 02:16:17.279 INFO: Epoch 978: loss=0.0947, RMSE_E=2.6 meV, RMSE_F=9.7 meV / A
2025-01-17 02:16:39.333 INFO: Epoch 980: loss=0.0948, RMSE_E=2.6 meV, RMSE_F=9.7 meV / A
2025-01-17 02:17:01.137 INFO: Epoch 982: loss=0.0948, RMSE_E=2.7 meV, RMSE_F=9.7 meV / A
2025-01-17 02:17:23.288 INFO: Epoch 984: loss=0.0944, RMSE_E=2.7 meV, RMSE_F=9.7 meV / A
2025-01-17 02:17:45.514 INFO: Epoch 986: loss=0.0946, RMSE_E=2.7 meV, RMSE_F=9.7 meV / A
2025-01-17 02:18:07.748 INFO: Epoch 988: loss=0.0949, RMSE_E=2.7 meV, RMSE_F=9.7 meV / A
2025-01-17 02:18:29.977 INFO: Epoch 990: loss=0.0941, RMSE_E=2.6 meV, RMSE_F=9.7 meV / A
2025-01-17 02:18:51.876 INFO: Epoch 992: loss=0.0942, RMSE_E=2.7 meV, RMSE_F=9.7 meV / A
2025-01-17 02:19:13.812 INFO: Epoch 994: loss=0.0950, RMSE_E=2.6 meV, RMSE_F=9.7 meV / A
2025-01-17 02:19:36.004 INFO: Epoch 996: loss=0.0943, RMSE_E=2.7 meV, RMSE_F=9.7 meV / A
2025-01-17 02:19:58.184 INFO: Epoch 998: loss=0.0940, RMSE_E=2.6 meV, RMSE_F=9.7 meV / A
2025-01-17 02:20:20.229 INFO: Epoch 1000: loss=0.0936, RMSE_E=2.7 meV, RMSE_F=9.7 meV / A
2025-01-17 02:20:42.042 INFO: Epoch 1002: loss=0.0941, RMSE_E=2.6 meV, RMSE_F=9.7 meV / A
2025-01-17 02:21:03.838 INFO: Epoch 1004: loss=0.0939, RMSE_E=2.6 meV, RMSE_F=9.7 meV / A
2025-01-17 02:21:25.619 INFO: Epoch 1006: loss=0.0941, RMSE_E=2.6 meV, RMSE_F=9.7 meV / A
2025-01-17 02:21:47.440 INFO: Epoch 1008: loss=0.0939, RMSE_E=2.6 meV, RMSE_F=9.7 meV / A
2025-01-17 02:22:09.253 INFO: Epoch 1010: loss=0.0935, RMSE_E=2.6 meV, RMSE_F=9.7 meV / A
2025-01-17 02:22:31.619 INFO: Epoch 1012: loss=0.0937, RMSE_E=2.6 meV, RMSE_F=9.7 meV / A
2025-01-17 02:22:53.622 INFO: Epoch 1014: loss=0.0936, RMSE_E=2.6 meV, RMSE_F=9.7 meV / A
2025-01-17 02:23:15.564 INFO: Epoch 1016: loss=0.0933, RMSE_E=2.6 meV, RMSE_F=9.7 meV / A
2025-01-17 02:23:38.204 INFO: Epoch 1018: loss=0.0934, RMSE_E=2.5 meV, RMSE_F=9.7 meV / A
2025-01-17 02:24:00.000 INFO: Epoch 1020: loss=0.0935, RMSE_E=2.6 meV, RMSE_F=9.7 meV / A
2025-01-17 02:24:21.805 INFO: Epoch 1022: loss=0.0934, RMSE_E=2.6 meV, RMSE_F=9.7 meV / A
2025-01-17 02:24:43.632 INFO: Epoch 1024: loss=0.0933, RMSE_E=2.6 meV, RMSE_F=9.7 meV / A
2025-01-17 02:25:05.895 INFO: Epoch 1026: loss=0.0934, RMSE_E=2.5 meV, RMSE_F=9.7 meV / A
2025-01-17 02:25:27.920 INFO: Epoch 1028: loss=0.0933, RMSE_E=2.6 meV, RMSE_F=9.7 meV / A
2025-01-17 02:25:49.923 INFO: Epoch 1030: loss=0.0933, RMSE_E=2.6 meV, RMSE_F=9.7 meV / A
2025-01-17 02:26:12.180 INFO: Epoch 1032: loss=0.0937, RMSE_E=2.5 meV, RMSE_F=9.7 meV / A
2025-01-17 02:26:34.426 INFO: Epoch 1034: loss=0.0937, RMSE_E=2.5 meV, RMSE_F=9.7 meV / A
2025-01-17 02:26:56.650 INFO: Epoch 1036: loss=0.0939, RMSE_E=2.5 meV, RMSE_F=9.7 meV / A
2025-01-17 02:27:18.913 INFO: Epoch 1038: loss=0.0937, RMSE_E=2.5 meV, RMSE_F=9.7 meV / A
2025-01-17 02:27:41.083 INFO: Epoch 1040: loss=0.0933, RMSE_E=2.5 meV, RMSE_F=9.7 meV / A
2025-01-17 02:28:02.872 INFO: Epoch 1042: loss=0.0933, RMSE_E=2.5 meV, RMSE_F=9.7 meV / A
2025-01-17 02:28:24.663 INFO: Epoch 1044: loss=0.0932, RMSE_E=2.5 meV, RMSE_F=9.7 meV / A
2025-01-17 02:28:46.762 INFO: Epoch 1046: loss=0.0930, RMSE_E=2.5 meV, RMSE_F=9.6 meV / A
2025-01-17 02:29:08.811 INFO: Epoch 1048: loss=0.0933, RMSE_E=2.5 meV, RMSE_F=9.7 meV / A
2025-01-17 02:29:30.589 INFO: Epoch 1050: loss=0.0934, RMSE_E=2.5 meV, RMSE_F=9.7 meV / A
2025-01-17 02:29:52.646 INFO: Epoch 1052: loss=0.0932, RMSE_E=2.5 meV, RMSE_F=9.7 meV / A
2025-01-17 02:30:14.842 INFO: Epoch 1054: loss=0.0931, RMSE_E=2.5 meV, RMSE_F=9.6 meV / A
2025-01-17 02:30:37.025 INFO: Epoch 1056: loss=0.0931, RMSE_E=2.5 meV, RMSE_F=9.6 meV / A
2025-01-17 02:30:59.205 INFO: Epoch 1058: loss=0.0929, RMSE_E=2.4 meV, RMSE_F=9.6 meV / A
2025-01-17 02:31:21.703 INFO: Epoch 1060: loss=0.0931, RMSE_E=2.5 meV, RMSE_F=9.6 meV / A
2025-01-17 02:31:43.921 INFO: Epoch 1062: loss=0.0930, RMSE_E=2.5 meV, RMSE_F=9.6 meV / A
2025-01-17 02:32:06.113 INFO: Epoch 1064: loss=0.0931, RMSE_E=2.5 meV, RMSE_F=9.6 meV / A
2025-01-17 02:32:28.315 INFO: Epoch 1066: loss=0.0932, RMSE_E=2.5 meV, RMSE_F=9.7 meV / A
2025-01-17 02:32:50.556 INFO: Epoch 1068: loss=0.0930, RMSE_E=2.5 meV, RMSE_F=9.6 meV / A
2025-01-17 02:33:12.801 INFO: Epoch 1070: loss=0.0929, RMSE_E=2.5 meV, RMSE_F=9.6 meV / A
2025-01-17 02:33:35.230 INFO: Epoch 1072: loss=0.0928, RMSE_E=2.4 meV, RMSE_F=9.6 meV / A
2025-01-17 02:33:57.667 INFO: Epoch 1074: loss=0.0929, RMSE_E=2.4 meV, RMSE_F=9.6 meV / A
2025-01-17 02:34:19.896 INFO: Epoch 1076: loss=0.0931, RMSE_E=2.4 meV, RMSE_F=9.7 meV / A
2025-01-17 02:34:42.130 INFO: Epoch 1078: loss=0.0927, RMSE_E=2.5 meV, RMSE_F=9.6 meV / A
2025-01-17 02:35:04.642 INFO: Epoch 1080: loss=0.0926, RMSE_E=2.5 meV, RMSE_F=9.6 meV / A
2025-01-17 02:35:27.096 INFO: Epoch 1082: loss=0.0924, RMSE_E=2.4 meV, RMSE_F=9.6 meV / A
2025-01-17 02:35:49.455 INFO: Epoch 1084: loss=0.0927, RMSE_E=2.5 meV, RMSE_F=9.6 meV / A
2025-01-17 02:36:11.674 INFO: Epoch 1086: loss=0.0928, RMSE_E=2.5 meV, RMSE_F=9.6 meV / A
2025-01-17 02:36:33.792 INFO: Epoch 1088: loss=0.0926, RMSE_E=2.4 meV, RMSE_F=9.6 meV / A
2025-01-17 02:36:55.971 INFO: Epoch 1090: loss=0.0925, RMSE_E=2.4 meV, RMSE_F=9.6 meV / A
2025-01-17 02:37:18.194 INFO: Epoch 1092: loss=0.0926, RMSE_E=2.5 meV, RMSE_F=9.6 meV / A
2025-01-17 02:37:40.424 INFO: Epoch 1094: loss=0.0926, RMSE_E=2.4 meV, RMSE_F=9.6 meV / A
2025-01-17 02:38:02.661 INFO: Epoch 1096: loss=0.0926, RMSE_E=2.4 meV, RMSE_F=9.6 meV / A
2025-01-17 02:38:24.695 INFO: Epoch 1098: loss=0.0926, RMSE_E=2.5 meV, RMSE_F=9.6 meV / A
2025-01-17 02:38:46.508 INFO: Epoch 1100: loss=0.0925, RMSE_E=2.5 meV, RMSE_F=9.6 meV / A
2025-01-17 02:39:08.321 INFO: Epoch 1102: loss=0.0925, RMSE_E=2.4 meV, RMSE_F=9.6 meV / A
2025-01-17 02:39:30.120 INFO: Epoch 1104: loss=0.0922, RMSE_E=2.4 meV, RMSE_F=9.6 meV / A
2025-01-17 02:39:52.274 INFO: Epoch 1106: loss=0.0922, RMSE_E=2.4 meV, RMSE_F=9.6 meV / A
2025-01-17 02:40:14.374 INFO: Epoch 1108: loss=0.0922, RMSE_E=2.4 meV, RMSE_F=9.6 meV / A
2025-01-17 02:40:36.171 INFO: Epoch 1110: loss=0.0925, RMSE_E=2.4 meV, RMSE_F=9.6 meV / A
2025-01-17 02:40:57.976 INFO: Epoch 1112: loss=0.0921, RMSE_E=2.4 meV, RMSE_F=9.6 meV / A
2025-01-17 02:41:20.440 INFO: Epoch 1114: loss=0.0923, RMSE_E=2.4 meV, RMSE_F=9.6 meV / A
2025-01-17 02:41:42.358 INFO: Epoch 1116: loss=0.0922, RMSE_E=2.4 meV, RMSE_F=9.6 meV / A
2025-01-17 02:42:04.399 INFO: Epoch 1118: loss=0.0923, RMSE_E=2.4 meV, RMSE_F=9.6 meV / A
2025-01-17 02:42:26.186 INFO: Epoch 1120: loss=0.0924, RMSE_E=2.4 meV, RMSE_F=9.6 meV / A
2025-01-17 02:42:47.983 INFO: Epoch 1122: loss=0.0921, RMSE_E=2.4 meV, RMSE_F=9.6 meV / A
2025-01-17 02:43:10.414 INFO: Epoch 1124: loss=0.0921, RMSE_E=2.4 meV, RMSE_F=9.6 meV / A
2025-01-17 02:43:32.667 INFO: Epoch 1126: loss=0.0922, RMSE_E=2.4 meV, RMSE_F=9.6 meV / A
2025-01-17 02:43:54.937 INFO: Epoch 1128: loss=0.0923, RMSE_E=2.4 meV, RMSE_F=9.6 meV / A
2025-01-17 02:44:16.957 INFO: Epoch 1130: loss=0.0921, RMSE_E=2.4 meV, RMSE_F=9.6 meV / A
2025-01-17 02:44:38.832 INFO: Epoch 1132: loss=0.0920, RMSE_E=2.4 meV, RMSE_F=9.6 meV / A
2025-01-17 02:45:01.312 INFO: Epoch 1134: loss=0.0920, RMSE_E=2.4 meV, RMSE_F=9.6 meV / A
2025-01-17 02:45:23.816 INFO: Epoch 1136: loss=0.0918, RMSE_E=2.4 meV, RMSE_F=9.6 meV / A
2025-01-17 02:45:46.290 INFO: Epoch 1138: loss=0.0916, RMSE_E=2.4 meV, RMSE_F=9.6 meV / A
2025-01-17 02:46:08.788 INFO: Epoch 1140: loss=0.0918, RMSE_E=2.4 meV, RMSE_F=9.6 meV / A
2025-01-17 02:46:30.994 INFO: Epoch 1142: loss=0.0915, RMSE_E=2.4 meV, RMSE_F=9.6 meV / A
2025-01-17 02:46:53.312 INFO: Epoch 1144: loss=0.0917, RMSE_E=2.4 meV, RMSE_F=9.6 meV / A
2025-01-17 02:47:15.397 INFO: Epoch 1146: loss=0.0914, RMSE_E=2.4 meV, RMSE_F=9.6 meV / A
2025-01-17 02:47:37.485 INFO: Epoch 1148: loss=0.0913, RMSE_E=2.4 meV, RMSE_F=9.6 meV / A
2025-01-17 02:47:59.677 INFO: Epoch 1150: loss=0.0914, RMSE_E=2.4 meV, RMSE_F=9.6 meV / A
2025-01-17 02:48:21.488 INFO: Epoch 1152: loss=0.0912, RMSE_E=2.4 meV, RMSE_F=9.5 meV / A
2025-01-17 02:48:43.487 INFO: Epoch 1154: loss=0.0917, RMSE_E=2.4 meV, RMSE_F=9.6 meV / A
2025-01-17 02:49:05.530 INFO: Epoch 1156: loss=0.0912, RMSE_E=2.4 meV, RMSE_F=9.5 meV / A
2025-01-17 02:49:27.852 INFO: Epoch 1158: loss=0.0916, RMSE_E=2.4 meV, RMSE_F=9.6 meV / A
2025-01-17 02:49:49.819 INFO: Epoch 1160: loss=0.0914, RMSE_E=2.4 meV, RMSE_F=9.6 meV / A
2025-01-17 02:50:11.627 INFO: Epoch 1162: loss=0.0914, RMSE_E=2.4 meV, RMSE_F=9.6 meV / A
2025-01-17 02:50:33.730 INFO: Epoch 1164: loss=0.0917, RMSE_E=2.4 meV, RMSE_F=9.6 meV / A
2025-01-17 02:50:55.950 INFO: Epoch 1166: loss=0.0919, RMSE_E=2.4 meV, RMSE_F=9.6 meV / A
2025-01-17 02:51:18.190 INFO: Epoch 1168: loss=0.0918, RMSE_E=2.4 meV, RMSE_F=9.6 meV / A
2025-01-17 02:51:40.390 INFO: Epoch 1170: loss=0.0916, RMSE_E=2.4 meV, RMSE_F=9.6 meV / A
2025-01-17 02:52:02.306 INFO: Epoch 1172: loss=0.0916, RMSE_E=2.4 meV, RMSE_F=9.6 meV / A
2025-01-17 02:52:24.116 INFO: Epoch 1174: loss=0.0919, RMSE_E=2.4 meV, RMSE_F=9.6 meV / A
2025-01-17 02:52:46.069 INFO: Epoch 1176: loss=0.0920, RMSE_E=2.4 meV, RMSE_F=9.6 meV / A
2025-01-17 02:53:07.887 INFO: Epoch 1178: loss=0.0917, RMSE_E=2.4 meV, RMSE_F=9.6 meV / A
2025-01-17 02:53:30.050 INFO: Epoch 1180: loss=0.0919, RMSE_E=2.4 meV, RMSE_F=9.6 meV / A
2025-01-17 02:53:52.305 INFO: Epoch 1182: loss=0.0913, RMSE_E=2.4 meV, RMSE_F=9.6 meV / A
2025-01-17 02:54:14.561 INFO: Epoch 1184: loss=0.0920, RMSE_E=2.4 meV, RMSE_F=9.6 meV / A
2025-01-17 02:54:36.819 INFO: Epoch 1186: loss=0.0918, RMSE_E=2.4 meV, RMSE_F=9.6 meV / A
2025-01-17 02:54:59.075 INFO: Epoch 1188: loss=0.0917, RMSE_E=2.4 meV, RMSE_F=9.6 meV / A
2025-01-17 02:55:21.346 INFO: Epoch 1190: loss=0.0915, RMSE_E=2.4 meV, RMSE_F=9.6 meV / A
2025-01-17 02:55:43.587 INFO: Epoch 1192: loss=0.0920, RMSE_E=2.4 meV, RMSE_F=9.6 meV / A
2025-01-17 02:56:05.856 INFO: Epoch 1194: loss=0.0917, RMSE_E=2.4 meV, RMSE_F=9.6 meV / A
2025-01-17 02:56:28.133 INFO: Epoch 1196: loss=0.0918, RMSE_E=2.4 meV, RMSE_F=9.6 meV / A
2025-01-17 02:56:50.386 INFO: Epoch 1198: loss=0.0915, RMSE_E=2.4 meV, RMSE_F=9.6 meV / A
2025-01-17 02:57:12.644 INFO: Epoch 1200: loss=0.0916, RMSE_E=2.4 meV, RMSE_F=9.6 meV / A
2025-01-17 02:57:34.598 INFO: Epoch 1202: loss=0.0912, RMSE_E=2.4 meV, RMSE_F=9.5 meV / A
2025-01-17 02:57:56.855 INFO: Epoch 1204: loss=0.0912, RMSE_E=2.4 meV, RMSE_F=9.5 meV / A
2025-01-17 02:58:19.082 INFO: Epoch 1206: loss=0.0912, RMSE_E=2.4 meV, RMSE_F=9.5 meV / A
2025-01-17 02:58:41.471 INFO: Epoch 1208: loss=0.0910, RMSE_E=2.4 meV, RMSE_F=9.5 meV / A
2025-01-17 02:59:04.030 INFO: Epoch 1210: loss=0.0912, RMSE_E=2.4 meV, RMSE_F=9.5 meV / A
2025-01-17 02:59:26.266 INFO: Epoch 1212: loss=0.0909, RMSE_E=2.3 meV, RMSE_F=9.5 meV / A
2025-01-17 02:59:48.618 INFO: Epoch 1214: loss=0.0914, RMSE_E=2.3 meV, RMSE_F=9.6 meV / A
2025-01-17 03:00:10.634 INFO: Epoch 1216: loss=0.0912, RMSE_E=2.4 meV, RMSE_F=9.6 meV / A
2025-01-17 03:00:32.889 INFO: Epoch 1218: loss=0.0909, RMSE_E=2.4 meV, RMSE_F=9.5 meV / A
2025-01-17 03:00:55.361 INFO: Epoch 1220: loss=0.0912, RMSE_E=2.4 meV, RMSE_F=9.6 meV / A
2025-01-17 03:01:17.583 INFO: Epoch 1222: loss=0.0911, RMSE_E=2.4 meV, RMSE_F=9.5 meV / A
2025-01-17 03:01:39.845 INFO: Epoch 1224: loss=0.0911, RMSE_E=2.4 meV, RMSE_F=9.5 meV / A
2025-01-17 03:02:02.083 INFO: Epoch 1226: loss=0.0911, RMSE_E=2.4 meV, RMSE_F=9.5 meV / A
2025-01-17 03:02:24.295 INFO: Epoch 1228: loss=0.0909, RMSE_E=2.4 meV, RMSE_F=9.5 meV / A
2025-01-17 03:02:46.494 INFO: Epoch 1230: loss=0.0909, RMSE_E=2.4 meV, RMSE_F=9.5 meV / A
2025-01-17 03:03:08.724 INFO: Epoch 1232: loss=0.0911, RMSE_E=2.4 meV, RMSE_F=9.5 meV / A
2025-01-17 03:03:30.736 INFO: Epoch 1234: loss=0.0912, RMSE_E=2.3 meV, RMSE_F=9.5 meV / A
2025-01-17 03:03:52.825 INFO: Epoch 1236: loss=0.0912, RMSE_E=2.3 meV, RMSE_F=9.6 meV / A
2025-01-17 03:04:14.973 INFO: Epoch 1238: loss=0.0915, RMSE_E=2.3 meV, RMSE_F=9.6 meV / A
2025-01-17 03:04:37.183 INFO: Epoch 1240: loss=0.0913, RMSE_E=2.4 meV, RMSE_F=9.6 meV / A
2025-01-17 03:04:59.473 INFO: Epoch 1242: loss=0.0912, RMSE_E=2.4 meV, RMSE_F=9.5 meV / A
2025-01-17 03:05:21.743 INFO: Epoch 1244: loss=0.0907, RMSE_E=2.4 meV, RMSE_F=9.5 meV / A
2025-01-17 03:05:44.249 INFO: Epoch 1246: loss=0.0910, RMSE_E=2.3 meV, RMSE_F=9.5 meV / A
2025-01-17 03:06:06.458 INFO: Epoch 1248: loss=0.0915, RMSE_E=2.4 meV, RMSE_F=9.6 meV / A
2025-01-17 03:06:28.682 INFO: Epoch 1250: loss=0.0912, RMSE_E=2.4 meV, RMSE_F=9.5 meV / A
2025-01-17 03:06:50.885 INFO: Epoch 1252: loss=0.0907, RMSE_E=2.4 meV, RMSE_F=9.5 meV / A
2025-01-17 03:07:13.365 INFO: Epoch 1254: loss=0.0906, RMSE_E=2.4 meV, RMSE_F=9.5 meV / A
2025-01-17 03:07:35.846 INFO: Epoch 1256: loss=0.0903, RMSE_E=2.4 meV, RMSE_F=9.5 meV / A
2025-01-17 03:07:58.355 INFO: Epoch 1258: loss=0.0908, RMSE_E=2.4 meV, RMSE_F=9.5 meV / A
2025-01-17 03:08:20.610 INFO: Epoch 1260: loss=0.0910, RMSE_E=2.3 meV, RMSE_F=9.5 meV / A
2025-01-17 03:08:42.735 INFO: Epoch 1262: loss=0.0907, RMSE_E=2.3 meV, RMSE_F=9.5 meV / A
2025-01-17 03:09:04.552 INFO: Epoch 1264: loss=0.0906, RMSE_E=2.3 meV, RMSE_F=9.5 meV / A
2025-01-17 03:09:26.359 INFO: Epoch 1266: loss=0.0910, RMSE_E=2.4 meV, RMSE_F=9.5 meV / A
2025-01-17 03:09:48.174 INFO: Epoch 1268: loss=0.0908, RMSE_E=2.4 meV, RMSE_F=9.5 meV / A
2025-01-17 03:10:10.104 INFO: Epoch 1270: loss=0.0913, RMSE_E=2.3 meV, RMSE_F=9.6 meV / A
2025-01-17 03:10:31.920 INFO: Epoch 1272: loss=0.0907, RMSE_E=2.3 meV, RMSE_F=9.5 meV / A
2025-01-17 03:10:54.020 INFO: Epoch 1274: loss=0.0905, RMSE_E=2.3 meV, RMSE_F=9.5 meV / A
2025-01-17 03:11:16.194 INFO: Epoch 1276: loss=0.0902, RMSE_E=2.3 meV, RMSE_F=9.5 meV / A
2025-01-17 03:11:38.549 INFO: Epoch 1278: loss=0.0905, RMSE_E=2.4 meV, RMSE_F=9.5 meV / A
2025-01-17 03:12:00.841 INFO: Epoch 1280: loss=0.0907, RMSE_E=2.3 meV, RMSE_F=9.5 meV / A
2025-01-17 03:12:23.093 INFO: Epoch 1282: loss=0.0915, RMSE_E=2.4 meV, RMSE_F=9.6 meV / A
2025-01-17 03:12:45.230 INFO: Epoch 1284: loss=0.0906, RMSE_E=2.4 meV, RMSE_F=9.5 meV / A
2025-01-17 03:13:07.360 INFO: Epoch 1286: loss=0.0902, RMSE_E=2.4 meV, RMSE_F=9.5 meV / A
2025-01-17 03:13:29.651 INFO: Epoch 1288: loss=0.0903, RMSE_E=2.3 meV, RMSE_F=9.5 meV / A
2025-01-17 03:13:51.910 INFO: Epoch 1290: loss=0.0904, RMSE_E=2.3 meV, RMSE_F=9.5 meV / A
2025-01-17 03:14:13.836 INFO: Epoch 1292: loss=0.0906, RMSE_E=2.3 meV, RMSE_F=9.5 meV / A
2025-01-17 03:14:35.847 INFO: Epoch 1294: loss=0.0909, RMSE_E=2.4 meV, RMSE_F=9.5 meV / A
2025-01-17 03:14:58.118 INFO: Epoch 1296: loss=0.0909, RMSE_E=2.4 meV, RMSE_F=9.5 meV / A
2025-01-17 03:15:20.396 INFO: Epoch 1298: loss=0.0914, RMSE_E=2.4 meV, RMSE_F=9.6 meV / A
2025-01-17 03:15:42.576 INFO: Epoch 1300: loss=0.0911, RMSE_E=2.4 meV, RMSE_F=9.5 meV / A
2025-01-17 03:16:04.406 INFO: Epoch 1302: loss=0.0911, RMSE_E=2.4 meV, RMSE_F=9.5 meV / A
2025-01-17 03:16:26.464 INFO: Epoch 1304: loss=0.0907, RMSE_E=2.4 meV, RMSE_F=9.5 meV / A
2025-01-17 03:16:48.300 INFO: Epoch 1306: loss=0.0907, RMSE_E=2.3 meV, RMSE_F=9.5 meV / A
2025-01-17 03:17:10.234 INFO: Epoch 1308: loss=0.0906, RMSE_E=2.4 meV, RMSE_F=9.5 meV / A
2025-01-17 03:17:32.104 INFO: Epoch 1310: loss=0.0902, RMSE_E=2.4 meV, RMSE_F=9.5 meV / A
2025-01-17 03:17:54.227 INFO: Epoch 1312: loss=0.0901, RMSE_E=2.4 meV, RMSE_F=9.5 meV / A
2025-01-17 03:18:16.680 INFO: Epoch 1314: loss=0.0903, RMSE_E=2.4 meV, RMSE_F=9.5 meV / A
2025-01-17 03:18:38.906 INFO: Epoch 1316: loss=0.0895, RMSE_E=2.4 meV, RMSE_F=9.5 meV / A
2025-01-17 03:19:01.307 INFO: Epoch 1318: loss=0.0897, RMSE_E=2.4 meV, RMSE_F=9.5 meV / A
2025-01-17 03:19:23.541 INFO: Epoch 1320: loss=0.0898, RMSE_E=2.5 meV, RMSE_F=9.5 meV / A
2025-01-17 03:19:45.732 INFO: Epoch 1322: loss=0.0891, RMSE_E=2.4 meV, RMSE_F=9.4 meV / A
2025-01-17 03:20:08.235 INFO: Epoch 1324: loss=0.0898, RMSE_E=2.4 meV, RMSE_F=9.5 meV / A
2025-01-17 03:20:30.485 INFO: Epoch 1326: loss=0.0902, RMSE_E=2.4 meV, RMSE_F=9.5 meV / A
2025-01-17 03:20:52.719 INFO: Epoch 1328: loss=0.0907, RMSE_E=2.5 meV, RMSE_F=9.5 meV / A
2025-01-17 03:21:14.823 INFO: Epoch 1330: loss=0.0901, RMSE_E=2.4 meV, RMSE_F=9.5 meV / A
2025-01-17 03:21:36.627 INFO: Epoch 1332: loss=0.0903, RMSE_E=2.4 meV, RMSE_F=9.5 meV / A
2025-01-17 03:21:58.441 INFO: Epoch 1334: loss=0.0901, RMSE_E=2.4 meV, RMSE_F=9.5 meV / A
2025-01-17 03:22:20.528 INFO: Epoch 1336: loss=0.0899, RMSE_E=2.4 meV, RMSE_F=9.5 meV / A
2025-01-17 03:22:42.771 INFO: Epoch 1338: loss=0.0892, RMSE_E=2.4 meV, RMSE_F=9.4 meV / A
2025-01-17 03:23:04.751 INFO: Epoch 1340: loss=0.0900, RMSE_E=2.4 meV, RMSE_F=9.5 meV / A
2025-01-17 03:23:26.840 INFO: Epoch 1342: loss=0.0903, RMSE_E=2.4 meV, RMSE_F=9.5 meV / A
2025-01-17 03:23:49.019 INFO: Epoch 1344: loss=0.0914, RMSE_E=2.4 meV, RMSE_F=9.6 meV / A
2025-01-17 03:24:11.206 INFO: Epoch 1346: loss=0.0901, RMSE_E=2.3 meV, RMSE_F=9.5 meV / A
2025-01-17 03:24:33.424 INFO: Epoch 1348: loss=0.0896, RMSE_E=2.4 meV, RMSE_F=9.5 meV / A
2025-01-17 03:24:55.364 INFO: Epoch 1350: loss=0.0897, RMSE_E=2.4 meV, RMSE_F=9.5 meV / A
2025-01-17 03:25:17.189 INFO: Epoch 1352: loss=0.0901, RMSE_E=2.3 meV, RMSE_F=9.5 meV / A
2025-01-17 03:25:39.000 INFO: Epoch 1354: loss=0.0902, RMSE_E=2.4 meV, RMSE_F=9.5 meV / A
2025-01-17 03:26:00.828 INFO: Epoch 1356: loss=0.0903, RMSE_E=2.4 meV, RMSE_F=9.5 meV / A
2025-01-17 03:26:22.753 INFO: Epoch 1358: loss=0.0905, RMSE_E=2.4 meV, RMSE_F=9.5 meV / A
2025-01-17 03:26:44.976 INFO: Epoch 1360: loss=0.0904, RMSE_E=2.4 meV, RMSE_F=9.5 meV / A
2025-01-17 03:27:07.213 INFO: Epoch 1362: loss=0.0913, RMSE_E=2.4 meV, RMSE_F=9.6 meV / A
2025-01-17 03:27:29.153 INFO: Epoch 1364: loss=0.0911, RMSE_E=2.4 meV, RMSE_F=9.5 meV / A
2025-01-17 03:27:50.954 INFO: Epoch 1366: loss=0.0905, RMSE_E=2.4 meV, RMSE_F=9.5 meV / A
2025-01-17 03:28:12.761 INFO: Epoch 1368: loss=0.0903, RMSE_E=2.4 meV, RMSE_F=9.5 meV / A
2025-01-17 03:28:34.669 INFO: Epoch 1370: loss=0.0897, RMSE_E=2.4 meV, RMSE_F=9.5 meV / A
2025-01-17 03:28:56.883 INFO: Epoch 1372: loss=0.0903, RMSE_E=2.4 meV, RMSE_F=9.5 meV / A
2025-01-17 03:29:19.101 INFO: Epoch 1374: loss=0.0899, RMSE_E=2.4 meV, RMSE_F=9.5 meV / A
2025-01-17 03:29:41.021 INFO: Epoch 1376: loss=0.0893, RMSE_E=2.4 meV, RMSE_F=9.4 meV / A
2025-01-17 03:30:03.203 INFO: Epoch 1378: loss=0.0895, RMSE_E=2.3 meV, RMSE_F=9.5 meV / A
2025-01-17 03:30:25.360 INFO: Epoch 1380: loss=0.0898, RMSE_E=2.3 meV, RMSE_F=9.5 meV / A
2025-01-17 03:30:47.605 INFO: Epoch 1382: loss=0.0899, RMSE_E=2.4 meV, RMSE_F=9.5 meV / A
2025-01-17 03:31:09.873 INFO: Epoch 1384: loss=0.0898, RMSE_E=2.4 meV, RMSE_F=9.5 meV / A
2025-01-17 03:31:32.094 INFO: Epoch 1386: loss=0.0899, RMSE_E=2.3 meV, RMSE_F=9.5 meV / A
2025-01-17 03:31:54.286 INFO: Epoch 1388: loss=0.0899, RMSE_E=2.4 meV, RMSE_F=9.5 meV / A
2025-01-17 03:32:16.524 INFO: Epoch 1390: loss=0.0898, RMSE_E=2.3 meV, RMSE_F=9.5 meV / A
2025-01-17 03:32:38.725 INFO: Epoch 1392: loss=0.0897, RMSE_E=2.3 meV, RMSE_F=9.5 meV / A
2025-01-17 03:33:01.009 INFO: Epoch 1394: loss=0.0899, RMSE_E=2.3 meV, RMSE_F=9.5 meV / A
2025-01-17 03:33:23.250 INFO: Epoch 1396: loss=0.0899, RMSE_E=2.3 meV, RMSE_F=9.5 meV / A
2025-01-17 03:33:45.491 INFO: Epoch 1398: loss=0.0896, RMSE_E=2.3 meV, RMSE_F=9.5 meV / A
2025-01-17 03:34:07.732 INFO: Epoch 1400: loss=0.0897, RMSE_E=2.3 meV, RMSE_F=9.5 meV / A
2025-01-17 03:34:29.954 INFO: Epoch 1402: loss=0.0898, RMSE_E=2.3 meV, RMSE_F=9.5 meV / A
2025-01-17 03:34:52.093 INFO: Epoch 1404: loss=0.0898, RMSE_E=2.3 meV, RMSE_F=9.5 meV / A
2025-01-17 03:35:14.250 INFO: Epoch 1406: loss=0.0898, RMSE_E=2.3 meV, RMSE_F=9.5 meV / A
2025-01-17 03:35:36.442 INFO: Epoch 1408: loss=0.0899, RMSE_E=2.3 meV, RMSE_F=9.5 meV / A
2025-01-17 03:35:58.719 INFO: Epoch 1410: loss=0.0899, RMSE_E=2.3 meV, RMSE_F=9.5 meV / A
2025-01-17 03:36:20.942 INFO: Epoch 1412: loss=0.0902, RMSE_E=2.3 meV, RMSE_F=9.5 meV / A
2025-01-17 03:36:43.098 INFO: Epoch 1414: loss=0.0901, RMSE_E=2.3 meV, RMSE_F=9.5 meV / A
2025-01-17 03:37:05.283 INFO: Epoch 1416: loss=0.0898, RMSE_E=2.3 meV, RMSE_F=9.5 meV / A
2025-01-17 03:37:27.436 INFO: Epoch 1418: loss=0.0898, RMSE_E=2.3 meV, RMSE_F=9.5 meV / A
2025-01-17 03:37:49.690 INFO: Epoch 1420: loss=0.0898, RMSE_E=2.3 meV, RMSE_F=9.5 meV / A
2025-01-17 03:38:11.940 INFO: Epoch 1422: loss=0.0899, RMSE_E=2.3 meV, RMSE_F=9.5 meV / A
2025-01-17 03:38:34.095 INFO: Epoch 1424: loss=0.0899, RMSE_E=2.3 meV, RMSE_F=9.5 meV / A
2025-01-17 03:38:56.230 INFO: Epoch 1426: loss=0.0898, RMSE_E=2.3 meV, RMSE_F=9.5 meV / A
2025-01-17 03:39:18.415 INFO: Epoch 1428: loss=0.0898, RMSE_E=2.3 meV, RMSE_F=9.5 meV / A
2025-01-17 03:39:40.561 INFO: Epoch 1430: loss=0.0897, RMSE_E=2.3 meV, RMSE_F=9.5 meV / A
2025-01-17 03:40:02.763 INFO: Epoch 1432: loss=0.0896, RMSE_E=2.3 meV, RMSE_F=9.5 meV / A
2025-01-17 03:40:24.953 INFO: Epoch 1434: loss=0.0896, RMSE_E=2.3 meV, RMSE_F=9.5 meV / A
2025-01-17 03:40:47.111 INFO: Epoch 1436: loss=0.0897, RMSE_E=2.3 meV, RMSE_F=9.5 meV / A
2025-01-17 03:41:09.296 INFO: Epoch 1438: loss=0.0896, RMSE_E=2.3 meV, RMSE_F=9.5 meV / A
2025-01-17 03:41:31.549 INFO: Epoch 1440: loss=0.0897, RMSE_E=2.3 meV, RMSE_F=9.5 meV / A
2025-01-17 03:41:53.790 INFO: Epoch 1442: loss=0.0896, RMSE_E=2.3 meV, RMSE_F=9.5 meV / A
2025-01-17 03:42:16.026 INFO: Epoch 1444: loss=0.0896, RMSE_E=2.3 meV, RMSE_F=9.5 meV / A
2025-01-17 03:42:38.263 INFO: Epoch 1446: loss=0.0896, RMSE_E=2.3 meV, RMSE_F=9.5 meV / A
2025-01-17 03:43:00.496 INFO: Epoch 1448: loss=0.0897, RMSE_E=2.3 meV, RMSE_F=9.5 meV / A
2025-01-17 03:43:22.729 INFO: Epoch 1450: loss=0.0897, RMSE_E=2.3 meV, RMSE_F=9.5 meV / A
2025-01-17 03:43:44.943 INFO: Epoch 1452: loss=0.0896, RMSE_E=2.3 meV, RMSE_F=9.5 meV / A
2025-01-17 03:44:07.102 INFO: Epoch 1454: loss=0.0896, RMSE_E=2.3 meV, RMSE_F=9.5 meV / A
2025-01-17 03:44:29.279 INFO: Epoch 1456: loss=0.0895, RMSE_E=2.3 meV, RMSE_F=9.5 meV / A
2025-01-17 03:44:51.532 INFO: Epoch 1458: loss=0.0896, RMSE_E=2.3 meV, RMSE_F=9.5 meV / A
2025-01-17 03:45:13.793 INFO: Epoch 1460: loss=0.0897, RMSE_E=2.3 meV, RMSE_F=9.5 meV / A
2025-01-17 03:45:35.946 INFO: Epoch 1462: loss=0.0897, RMSE_E=2.3 meV, RMSE_F=9.5 meV / A
2025-01-17 03:45:57.780 INFO: Epoch 1464: loss=0.0896, RMSE_E=2.3 meV, RMSE_F=9.5 meV / A
2025-01-17 03:46:19.752 INFO: Epoch 1466: loss=0.0896, RMSE_E=2.3 meV, RMSE_F=9.5 meV / A
2025-01-17 03:46:41.980 INFO: Epoch 1468: loss=0.0895, RMSE_E=2.3 meV, RMSE_F=9.5 meV / A
2025-01-17 03:47:04.221 INFO: Epoch 1470: loss=0.0895, RMSE_E=2.3 meV, RMSE_F=9.5 meV / A
2025-01-17 03:47:26.418 INFO: Epoch 1472: loss=0.0894, RMSE_E=2.3 meV, RMSE_F=9.5 meV / A
2025-01-17 03:47:48.631 INFO: Epoch 1474: loss=0.0895, RMSE_E=2.3 meV, RMSE_F=9.5 meV / A
2025-01-17 03:48:10.887 INFO: Epoch 1476: loss=0.0894, RMSE_E=2.3 meV, RMSE_F=9.5 meV / A
2025-01-17 03:48:33.125 INFO: Epoch 1478: loss=0.0895, RMSE_E=2.3 meV, RMSE_F=9.5 meV / A
2025-01-17 03:48:55.332 INFO: Epoch 1480: loss=0.0893, RMSE_E=2.3 meV, RMSE_F=9.4 meV / A
2025-01-17 03:49:17.585 INFO: Epoch 1482: loss=0.0894, RMSE_E=2.3 meV, RMSE_F=9.5 meV / A
2025-01-17 03:49:39.853 INFO: Epoch 1484: loss=0.0894, RMSE_E=2.3 meV, RMSE_F=9.5 meV / A
2025-01-17 03:50:02.082 INFO: Epoch 1486: loss=0.0894, RMSE_E=2.3 meV, RMSE_F=9.5 meV / A
2025-01-17 03:50:24.352 INFO: Epoch 1488: loss=0.0895, RMSE_E=2.3 meV, RMSE_F=9.5 meV / A
2025-01-17 03:50:46.631 INFO: Epoch 1490: loss=0.0894, RMSE_E=2.3 meV, RMSE_F=9.5 meV / A
2025-01-17 03:51:08.898 INFO: Epoch 1492: loss=0.0895, RMSE_E=2.3 meV, RMSE_F=9.5 meV / A
2025-01-17 03:51:31.115 INFO: Epoch 1494: loss=0.0894, RMSE_E=2.3 meV, RMSE_F=9.5 meV / A
2025-01-17 03:51:53.350 INFO: Epoch 1496: loss=0.0893, RMSE_E=2.3 meV, RMSE_F=9.5 meV / A
2025-01-17 03:52:15.622 INFO: Epoch 1498: loss=0.0892, RMSE_E=2.3 meV, RMSE_F=9.4 meV / A
2025-01-17 03:52:26.544 INFO: Training complete
2025-01-17 03:52:26.545 INFO: Computing metrics for training, validation, and test sets
2025-01-17 03:52:27.491 INFO: Loading checkpoint: checkpoints/3BPA-L2_run-42_epoch-1322.pt
2025-01-17 03:52:27.648 INFO: Loaded model from epoch 1322
2025-01-17 03:52:27.649 INFO: Evaluating train ...
2025-01-17 03:52:31.950 INFO: Evaluating valid ...
2025-01-17 03:52:32.421 INFO: Evaluating Default ...
2025-01-17 03:52:51.262 INFO: 
+-------------+--------------+------------------+-------------------+
| config_type | RMSE E / meV | RMSE F / meV / A | relative F RMSE % |
+-------------+--------------+------------------+-------------------+
|    train    |     1.4      |       1.6        |        0.17       |
|    valid    |     2.4      |       9.4        |        1.04       |
|   Default   |     2.6      |       9.5        |        0.99       |
+-------------+--------------+------------------+-------------------+
2025-01-17 03:52:51.262 INFO: Saving model to checkpoints/3BPA-L2_run-42.model
2025-01-17 03:52:51.699 INFO: Compiling model, saving metadata to 3BPA-L2_compiled.model
2025-01-17 03:52:53.210 INFO: Done
