2024-11-26 09:46:31.059 INFO: MACE version: 0.3.5
2024-11-26 09:46:31.060 INFO: Configuration: Namespace(config=None, name='SSE-PBE', seed=123, log_dir='logs', model_dir='.', checkpoints_dir='checkpoints', results_dir='results', downloads_dir='downloads', device='cuda', default_dtype='float64', distributed=False, log_level='INFO', error_table='TotalRMSE', model='ScaleShiftMACE', r_max=6.0, radial_type='bessel', num_radial_basis=10, num_cutoff_basis=5, pair_repulsion=False, distance_transform='None', interaction='RealAgnosticResidualInteractionBlock', interaction_first='RealAgnosticResidualInteractionBlock', max_ell=3, correlation=3, num_interactions=2, MLP_irreps='16x0e', radial_MLP='[64, 64, 64]', hidden_irreps='128x0e + 128x1o', num_channels=128, max_L=2, gate='silu', scaling='rms_forces_scaling', avg_num_neighbors=1, compute_avg_num_neighbors=True, compute_stress=False, compute_forces=True, train_file='./dataset/train.xyz', valid_file='./dataset/valid.xyz', valid_fraction=0.1, test_file=None, test_dir=None, multi_processed_test=False, num_workers=0, pin_memory=True, atomic_numbers=None, mean=None, std=None, statistics_file=None, E0s='average', keep_isolated_atoms=False, energy_key='energy', forces_key='forces', virials_key='virials', stress_key='stress', dipole_key='dipole', charges_key='charges', loss='ef', forces_weight=1000.0, swa_forces_weight=100.0, energy_weight=1.0, swa_energy_weight=1000.0, virials_weight=1.0, swa_virials_weight=10.0, stress_weight=1.0, swa_stress_weight=10.0, dipole_weight=1.0, swa_dipole_weight=1.0, config_type_weights='{"Default":1.0}', huber_delta=0.01, optimizer='adam', beta=0.9, batch_size=2, valid_batch_size=2, lr=0.005, swa_lr=0.001, weight_decay=1e-08, amsgrad=True, scheduler='ReduceLROnPlateau', lr_factor=0.8, scheduler_patience=5, lr_scheduler_gamma=0.9993, swa=False, start_swa=None, ema=True, ema_decay=0.995, max_num_epochs=200, patience=2048, foundation_model='/share/home/wangchen/work/mace/MPtrj/2024-01-07-mace-128-L2_epoch-199.model', foundation_model_readout=True, eval_interval=2, keep_checkpoints=False, save_all_checkpoints=False, restart_latest=False, save_cpu=True, clip_grad=100.0, wandb=False, wandb_dir=None, wandb_project='', wandb_entity='', wandb_name='', wandb_log_hypers=['num_channels', 'max_L', 'correlation', 'lr', 'swa_lr', 'weight_decay', 'batch_size', 'max_num_epochs', 'start_swa', 'energy_weight', 'forces_weight'])
2024-11-26 09:46:31.370 INFO: CUDA version: 11.8, CUDA device: 0
2024-11-26 09:46:33.239 INFO: Error accessing Git repository: /share/home/wangchen/work/mace/inorganic/SSE-PBE/LoRA
2024-11-26 09:46:33.593 INFO: Using foundation model /share/home/wangchen/work/mace/MPtrj/2024-01-07-mace-128-L2_epoch-199.model as initial checkpoint.
2024-11-26 09:47:10.202 INFO: Since ASE version 3.23.0b1, using energy_key 'energy' is no longer safe when communicating between MACE and ASE. We recommend using a different key, rewriting energies to 'REF_energy'. You need to use --energy_key='REF_energy', to tell the key name chosen.
2024-11-26 09:47:11.873 INFO: Since ASE version 3.23.0b1, using forces_key 'forces' is no longer safe when communicating between MACE and ASE. We recommend using a different key, rewriting energies to 'REF_forces'. You need to use --forces_key='REF_forces', to tell the key name chosen.
2024-11-26 09:47:13.520 INFO: Since ASE version 3.23.0b1, using stress_key 'stress' is no longer safe when communicating between MACE and ASE. We recommend using a different key, rewriting energies to 'REF_stress'. You need to use --stress_key='REF_stress', to tell the key name chosen.
2024-11-26 09:47:14.148 INFO: Loaded 15019 training configurations from './dataset/train.xyz'
2024-11-26 09:47:16.400 INFO: Since ASE version 3.23.0b1, using energy_key 'energy' is no longer safe when communicating between MACE and ASE. We recommend using a different key, rewriting energies to 'REF_energy'. You need to use --energy_key='REF_energy', to tell the key name chosen.
2024-11-26 09:47:16.480 INFO: Since ASE version 3.23.0b1, using forces_key 'forces' is no longer safe when communicating between MACE and ASE. We recommend using a different key, rewriting energies to 'REF_forces'. You need to use --forces_key='REF_forces', to tell the key name chosen.
2024-11-26 09:47:16.562 INFO: Since ASE version 3.23.0b1, using stress_key 'stress' is no longer safe when communicating between MACE and ASE. We recommend using a different key, rewriting energies to 'REF_stress'. You need to use --stress_key='REF_stress', to tell the key name chosen.
2024-11-26 09:47:16.593 INFO: Loaded 755 validation configurations from './dataset/valid.xyz'
2024-11-26 09:47:16.594 INFO: Total number of configurations: train=15019, valid=755, tests=[]
2024-11-26 09:47:16.869 INFO: AtomicNumberTable: (3, 14, 15, 16, 32)
2024-11-26 09:47:16.869 INFO: Atomic Energies not in training file, using command line argument E0s
2024-11-26 09:47:16.869 INFO: Computing average Atomic Energies using least squares regression
2024-11-26 09:47:16.968 INFO: Atomic energies: [-4.203206589897371, -1.2176422421775523, -0.8406413179794716, -5.043847907876861, 0.7973215831878167]
2024-11-26 09:50:26.325 INFO: EnergyForcesLoss(energy_weight=1.000, forces_weight=1000.000)
2024-11-26 09:50:40.287 INFO: Average number of neighbors: 41.165294177926775
2024-11-26 09:50:40.288 INFO: Selected the following outputs: {'energy': True, 'forces': True, 'virials': False, 'stress': False, 'dipoles': False}
2024-11-26 09:50:50.596 INFO: Building model
2024-11-26 09:50:53.269 INFO: Number of trainable parameters: 216282
2024-11-26 09:50:53.350 INFO: ScaleShiftMACE(
  (node_embedding): LinearNodeEmbeddingBlock(
    (linear): Linear(5x0e -> 128x0e | 640 weights) | 2128 LoRA_weights)
  )
  (radial_embedding): RadialEmbeddingBlock(
    (bessel_fn): BesselBasis(r_max=6.0, num_basis=10, trainable=True)
    (cutoff_fn): PolynomialCutoff(p=5.0, r_max=6.0)
  )
  (spherical_harmonics): SphericalHarmonics()
  (atomic_energies_fn): AtomicEnergiesBlock(energies=[-4.2032, -1.2176, -0.8406, -5.0438, 0.7973])
  (interactions): ModuleList(
    (0): RealAgnosticResidualInteractionBlock(
      (linear_up): Linear(128x0e -> 128x0e | 16384 weights) | 4096 LoRA_weights)
      (conv_tp): TensorProduct(128x0e x 1x0e+1x1o+1x2e+1x3o -> 128x0e+128x1o+128x2e+128x3o | 512 paths | 512 weights | 0 LoRA_weights)
      (conv_tp_weights): FullyConnectedNet[10, 64, 64, 64, 512]
      (linear): Linear(128x0e+128x1o+128x2e+128x3o -> 128x0e+128x1o+128x2e+128x3o | 65536 weights) | 16384 LoRA_weights)
      (skip_tp): FullyConnectedTensorProduct(128x0e x 5x0e -> 128x0e+128x1o+128x2e | 81920 paths | 81920 weights | 12288 LoRA_weights)
      (reshape): reshape_irreps()
    )
    (1): RealAgnosticResidualInteractionBlock(
      (linear_up): Linear(128x0e+128x1o+128x2e -> 128x0e+128x1o+128x2e | 49152 weights) | 12288 LoRA_weights)
      (conv_tp): TensorProduct(128x0e+128x1o+128x2e x 1x0e+1x1o+1x2e+1x3o -> 384x0e+640x1o+640x2e+512x3o | 2176 paths | 2176 weights | 0 LoRA_weights)
      (conv_tp_weights): FullyConnectedNet[10, 64, 64, 64, 2176]
      (linear): Linear(384x0e+640x1o+640x2e+512x3o -> 128x0e+128x1o+128x2e+128x3o | 278528 weights) | 43008 LoRA_weights)
      (skip_tp): FullyConnectedTensorProduct(128x0e+128x1o+128x2e x 5x0e -> 128x0e | 81920 paths | 81920 weights | 12288 LoRA_weights)
      (reshape): reshape_irreps()
    )
  )
  (products): ModuleList(
    (0): EquivariantProductBasisBlock(
      (symmetric_contractions): SymmetricContraction(
        (contractions): ModuleList(
          (0): Contraction(
            (contractions_weighting): ModuleList(
              (0-1): 2 x GraphModule()
            )
            (contractions_features): ModuleList(
              (0-1): 2 x GraphModule()
            )
            (weights): ParameterList(
                (0): Parameter containing: [torch.float64 of size 5x4x128 (cuda:0)]
                (1): Parameter containing: [torch.float64 of size 5x1x128 (cuda:0)]
            )
            (graph_opt_main): GraphModule()
            (LoRA_weight): ParameterList(
                (0): Parameter containing: [torch.float64 of size 5x23x16 (cuda:0)]
                (1): Parameter containing: [torch.float64 of size 16x128 (cuda:0)]
            )
          )
          (1): Contraction(
            (contractions_weighting): ModuleList(
              (0-1): 2 x GraphModule()
            )
            (contractions_features): ModuleList(
              (0-1): 2 x GraphModule()
            )
            (weights): ParameterList(
                (0): Parameter containing: [torch.float64 of size 5x6x128 (cuda:0)]
                (1): Parameter containing: [torch.float64 of size 5x1x128 (cuda:0)]
            )
            (graph_opt_main): GraphModule()
            (LoRA_weight): ParameterList(
                (0): Parameter containing: [torch.float64 of size 5x51x16 (cuda:0)]
                (1): Parameter containing: [torch.float64 of size 16x128 (cuda:0)]
            )
          )
          (2): Contraction(
            (contractions_weighting): ModuleList(
              (0-1): 2 x GraphModule()
            )
            (contractions_features): ModuleList(
              (0-1): 2 x GraphModule()
            )
            (weights): ParameterList(
                (0): Parameter containing: [torch.float64 of size 5x7x128 (cuda:0)]
                (1): Parameter containing: [torch.float64 of size 5x1x128 (cuda:0)]
            )
            (graph_opt_main): GraphModule()
            (LoRA_weight): ParameterList(
                (0): Parameter containing: [torch.float64 of size 5x65x16 (cuda:0)]
                (1): Parameter containing: [torch.float64 of size 16x128 (cuda:0)]
            )
          )
        )
      )
      (linear): Linear(128x0e+128x1o+128x2e -> 128x0e+128x1o+128x2e | 49152 weights) | 12288 LoRA_weights)
    )
    (1): EquivariantProductBasisBlock(
      (symmetric_contractions): SymmetricContraction(
        (contractions): ModuleList(
          (0): Contraction(
            (contractions_weighting): ModuleList(
              (0-1): 2 x GraphModule()
            )
            (contractions_features): ModuleList(
              (0-1): 2 x GraphModule()
            )
            (weights): ParameterList(
                (0): Parameter containing: [torch.float64 of size 5x4x128 (cuda:0)]
                (1): Parameter containing: [torch.float64 of size 5x1x128 (cuda:0)]
            )
            (graph_opt_main): GraphModule()
            (LoRA_weight): ParameterList(
                (0): Parameter containing: [torch.float64 of size 5x23x16 (cuda:0)]
                (1): Parameter containing: [torch.float64 of size 16x128 (cuda:0)]
            )
          )
        )
      )
      (linear): Linear(128x0e -> 128x0e | 16384 weights) | 4096 LoRA_weights)
    )
  )
  (readouts): ModuleList(
    (0): LinearReadoutBlock(
      (linear): Linear(128x0e+128x1o+128x2e -> 1x0e | 128 weights) | 2064 LoRA_weights)
    )
    (1): NonLinearReadoutBlock(
      (linear_1): Linear(128x0e -> 16x0e | 2048 weights) | 2304 LoRA_weights)
      (non_linearity): Activation [x] (16x0e -> 16x0e)
      (linear_2): Linear(16x0e -> 1x0e | 16 weights) | 272 LoRA_weights)
    )
  )
  (scale_shift): ScaleShiftBlock(scale=0.804154, shift=0.164097)
)
2024-11-26 09:50:53.354 INFO: Number of parameters: 1151466
2024-11-26 09:50:53.354 INFO: Optimizer: Adam (
Parameter Group 0
    amsgrad: True
    betas: (0.9, 0.999)
    capturable: False
    differentiable: False
    eps: 1e-08
    foreach: None
    fused: None
    lr: 0.005
    maximize: False
    name: embedding
    weight_decay: 0.0

Parameter Group 1
    amsgrad: True
    betas: (0.9, 0.999)
    capturable: False
    differentiable: False
    eps: 1e-08
    foreach: None
    fused: None
    lr: 0.005
    maximize: False
    name: interactions_decay
    weight_decay: 1e-08

Parameter Group 2
    amsgrad: True
    betas: (0.9, 0.999)
    capturable: False
    differentiable: False
    eps: 1e-08
    foreach: None
    fused: None
    lr: 0.005
    maximize: False
    name: interactions_no_decay
    weight_decay: 0.0

Parameter Group 3
    amsgrad: True
    betas: (0.9, 0.999)
    capturable: False
    differentiable: False
    eps: 1e-08
    foreach: None
    fused: None
    lr: 0.005
    maximize: False
    name: products
    weight_decay: 1e-08

Parameter Group 4
    amsgrad: True
    betas: (0.9, 0.999)
    capturable: False
    differentiable: False
    eps: 1e-08
    foreach: None
    fused: None
    lr: 0.005
    maximize: False
    name: readouts
    weight_decay: 0.0
)
2024-11-26 09:50:53.354 INFO: Using gradient clipping with tolerance=100.000
2024-11-26 09:50:53.354 INFO: Started training
2024-11-26 09:51:43.070 INFO: Epoch None: loss=4670.9028, RMSE_E=68100.5 meV, RMSE_F=167.4 meV / A
2024-11-26 10:36:35.444 INFO: Epoch 0: loss=1.5972, RMSE_E=527.5 meV, RMSE_F=39.6 meV / A
2024-11-26 11:56:53.926 INFO: Epoch 2: loss=0.8143, RMSE_E=222.7 meV, RMSE_F=29.7 meV / A
2024-11-26 13:10:29.951 INFO: Epoch 4: loss=0.8129, RMSE_E=452.7 meV, RMSE_F=26.8 meV / A
2024-11-26 14:24:14.832 INFO: Epoch 6: loss=0.5814, RMSE_E=258.8 meV, RMSE_F=24.7 meV / A
2024-11-26 15:42:19.291 INFO: Epoch 8: loss=0.5112, RMSE_E=244.1 meV, RMSE_F=23.1 meV / A
2024-11-26 17:06:46.995 INFO: Epoch 10: loss=0.4622, RMSE_E=170.3 meV, RMSE_F=22.5 meV / A
2024-11-26 18:32:03.593 INFO: Epoch 12: loss=0.4136, RMSE_E=152.1 meV, RMSE_F=21.3 meV / A
2024-11-26 19:58:56.941 INFO: Epoch 14: loss=0.4027, RMSE_E=145.5 meV, RMSE_F=21.1 meV / A
2024-11-26 21:18:04.758 INFO: Epoch 16: loss=0.3744, RMSE_E=124.1 meV, RMSE_F=20.5 meV / A
2024-11-26 22:40:45.822 INFO: Epoch 18: loss=0.3677, RMSE_E=124.2 meV, RMSE_F=20.3 meV / A
2024-11-27 00:10:27.804 INFO: Epoch 20: loss=0.3433, RMSE_E=97.6 meV, RMSE_F=19.8 meV / A
2024-11-27 01:35:35.483 INFO: Epoch 22: loss=0.3481, RMSE_E=137.9 meV, RMSE_F=19.7 meV / A
2024-11-27 02:49:50.080 INFO: Epoch 24: loss=0.3259, RMSE_E=89.1 meV, RMSE_F=19.2 meV / A
2024-11-27 04:03:14.022 INFO: Epoch 26: loss=0.3262, RMSE_E=120.8 meV, RMSE_F=19.2 meV / A
2024-11-27 05:16:27.790 INFO: Epoch 28: loss=0.3144, RMSE_E=112.9 meV, RMSE_F=18.8 meV / A
2024-11-27 06:29:52.038 INFO: Epoch 30: loss=0.3043, RMSE_E=97.6 meV, RMSE_F=18.6 meV / A
2024-11-27 07:43:11.812 INFO: Epoch 32: loss=0.2985, RMSE_E=82.4 meV, RMSE_F=18.5 meV / A
2024-11-27 08:56:39.872 INFO: Epoch 34: loss=0.2934, RMSE_E=93.0 meV, RMSE_F=18.4 meV / A
2024-11-27 10:14:12.552 INFO: Epoch 36: loss=0.3034, RMSE_E=148.8 meV, RMSE_F=18.3 meV / A
2024-11-27 11:33:00.628 INFO: Epoch 38: loss=0.4274, RMSE_E=283.5 meV, RMSE_F=19.1 meV / A
2024-11-27 12:46:27.543 INFO: Epoch 40: loss=0.2829, RMSE_E=95.8 meV, RMSE_F=18.0 meV / A
2024-11-27 13:59:45.676 INFO: Epoch 42: loss=0.2801, RMSE_E=108.0 meV, RMSE_F=17.7 meV / A
2024-11-27 15:15:03.612 INFO: Epoch 44: loss=0.2727, RMSE_E=69.6 meV, RMSE_F=17.8 meV / A
2024-11-27 16:33:57.986 INFO: Epoch 46: loss=0.2711, RMSE_E=86.5 meV, RMSE_F=17.6 meV / A
2024-11-27 17:54:18.179 INFO: Epoch 48: loss=0.2633, RMSE_E=85.2 meV, RMSE_F=17.4 meV / A
2024-11-27 19:10:38.936 INFO: Epoch 50: loss=0.2565, RMSE_E=77.4 meV, RMSE_F=17.3 meV / A
2024-11-27 20:30:07.785 INFO: Epoch 52: loss=0.3006, RMSE_E=140.4 meV, RMSE_F=17.9 meV / A
2024-11-27 21:47:07.225 INFO: Epoch 54: loss=0.2840, RMSE_E=126.8 meV, RMSE_F=17.7 meV / A
2024-11-27 23:13:22.619 INFO: Epoch 56: loss=0.2664, RMSE_E=120.3 meV, RMSE_F=17.2 meV / A
2024-11-28 00:42:11.335 INFO: Epoch 58: loss=0.2381, RMSE_E=66.6 meV, RMSE_F=16.7 meV / A
2024-11-28 02:12:22.290 INFO: Epoch 60: loss=0.2359, RMSE_E=74.0 meV, RMSE_F=16.5 meV / A
2024-11-28 03:42:41.035 INFO: Epoch 62: loss=0.2300, RMSE_E=61.4 meV, RMSE_F=16.4 meV / A
2024-11-28 05:11:29.977 INFO: Epoch 64: loss=0.2248, RMSE_E=53.0 meV, RMSE_F=16.3 meV / A
2024-11-28 06:37:50.938 INFO: Epoch 66: loss=0.2272, RMSE_E=68.9 meV, RMSE_F=16.3 meV / A
2024-11-28 08:00:19.990 INFO: Epoch 68: loss=0.2231, RMSE_E=58.4 meV, RMSE_F=16.2 meV / A
2024-11-28 09:18:05.080 INFO: Epoch 70: loss=0.2361, RMSE_E=73.9 meV, RMSE_F=16.4 meV / A
2024-11-28 10:37:45.592 INFO: Epoch 72: loss=0.2272, RMSE_E=80.2 meV, RMSE_F=16.1 meV / A
2024-11-28 11:55:47.767 INFO: Epoch 74: loss=0.2220, RMSE_E=57.4 meV, RMSE_F=16.1 meV / A
2024-11-28 13:09:08.064 INFO: Epoch 76: loss=0.2167, RMSE_E=55.7 meV, RMSE_F=15.9 meV / A
2024-11-28 14:23:26.088 INFO: Epoch 78: loss=0.2210, RMSE_E=77.0 meV, RMSE_F=16.0 meV / A
2024-11-28 15:41:20.025 INFO: Epoch 80: loss=0.2203, RMSE_E=84.1 meV, RMSE_F=15.9 meV / A
2024-11-28 17:07:13.237 INFO: Epoch 82: loss=0.2161, RMSE_E=61.3 meV, RMSE_F=15.9 meV / A
2024-11-28 18:34:29.841 INFO: Epoch 84: loss=0.2270, RMSE_E=100.9 meV, RMSE_F=16.0 meV / A
2024-11-28 20:01:08.834 INFO: Epoch 86: loss=0.2131, RMSE_E=56.7 meV, RMSE_F=15.7 meV / A
2024-11-28 21:27:11.889 INFO: Epoch 88: loss=0.2138, RMSE_E=75.2 meV, RMSE_F=15.8 meV / A
2024-11-28 22:51:32.262 INFO: Epoch 90: loss=0.2115, RMSE_E=54.5 meV, RMSE_F=15.7 meV / A
2024-11-29 00:18:44.200 INFO: Epoch 92: loss=0.2089, RMSE_E=60.8 meV, RMSE_F=15.6 meV / A
2024-11-29 01:35:20.196 INFO: Epoch 94: loss=0.2090, RMSE_E=52.0 meV, RMSE_F=15.6 meV / A
2024-11-29 02:54:31.400 INFO: Epoch 96: loss=0.2111, RMSE_E=70.2 meV, RMSE_F=15.7 meV / A
2024-11-29 04:12:22.679 INFO: Epoch 98: loss=0.2045, RMSE_E=54.1 meV, RMSE_F=15.5 meV / A
2024-11-29 05:28:14.612 INFO: Epoch 100: loss=0.2111, RMSE_E=89.9 meV, RMSE_F=15.6 meV / A
2024-11-29 06:43:08.669 INFO: Epoch 102: loss=0.2033, RMSE_E=60.9 meV, RMSE_F=15.5 meV / A
2024-11-29 07:57:07.531 INFO: Epoch 104: loss=0.2094, RMSE_E=74.7 meV, RMSE_F=15.6 meV / A
2024-11-29 09:10:56.559 INFO: Epoch 106: loss=0.2039, RMSE_E=60.9 meV, RMSE_F=15.5 meV / A
2024-11-29 10:26:41.270 INFO: Epoch 108: loss=0.2046, RMSE_E=65.8 meV, RMSE_F=15.4 meV / A
2024-11-29 11:42:28.206 INFO: Epoch 110: loss=0.1988, RMSE_E=76.1 meV, RMSE_F=15.2 meV / A
2024-11-29 12:56:01.664 INFO: Epoch 112: loss=0.2184, RMSE_E=59.9 meV, RMSE_F=16.1 meV / A
2024-11-29 14:10:52.026 INFO: Epoch 114: loss=0.2014, RMSE_E=54.7 meV, RMSE_F=15.3 meV / A
2024-11-29 15:25:44.271 INFO: Epoch 116: loss=0.1953, RMSE_E=54.8 meV, RMSE_F=15.2 meV / A
2024-11-29 16:41:34.248 INFO: Epoch 118: loss=0.1907, RMSE_E=52.4 meV, RMSE_F=15.0 meV / A
2024-11-29 18:01:10.629 INFO: Epoch 120: loss=0.1907, RMSE_E=49.8 meV, RMSE_F=15.0 meV / A
2024-11-29 19:21:09.006 INFO: Epoch 122: loss=0.1899, RMSE_E=53.9 meV, RMSE_F=14.9 meV / A
2024-11-29 20:40:20.769 INFO: Epoch 124: loss=0.1907, RMSE_E=64.5 meV, RMSE_F=15.0 meV / A
2024-11-29 21:59:58.477 INFO: Epoch 126: loss=0.1891, RMSE_E=52.0 meV, RMSE_F=14.9 meV / A
2024-11-29 23:18:38.435 INFO: Epoch 128: loss=0.1874, RMSE_E=48.1 meV, RMSE_F=14.9 meV / A
2024-11-30 00:42:37.979 INFO: Epoch 130: loss=0.1888, RMSE_E=63.1 meV, RMSE_F=14.9 meV / A
2024-11-30 02:05:17.016 INFO: Epoch 132: loss=0.1872, RMSE_E=53.1 meV, RMSE_F=14.9 meV / A
2024-11-30 03:29:42.741 INFO: Epoch 134: loss=0.1860, RMSE_E=53.0 meV, RMSE_F=14.8 meV / A
2024-11-30 04:51:17.011 INFO: Epoch 136: loss=0.1961, RMSE_E=48.5 meV, RMSE_F=14.9 meV / A
2024-11-30 06:11:20.932 INFO: Epoch 138: loss=0.1860, RMSE_E=49.4 meV, RMSE_F=14.8 meV / A
2024-11-30 07:29:09.852 INFO: Epoch 140: loss=0.1849, RMSE_E=50.6 meV, RMSE_F=14.8 meV / A
2024-11-30 08:46:28.732 INFO: Epoch 142: loss=0.1867, RMSE_E=48.6 meV, RMSE_F=14.8 meV / A
2024-11-30 10:02:29.264 INFO: Epoch 144: loss=0.1838, RMSE_E=46.8 meV, RMSE_F=14.8 meV / A
2024-11-30 11:17:15.305 INFO: Epoch 146: loss=0.1840, RMSE_E=52.5 meV, RMSE_F=14.7 meV / A
2024-11-30 12:30:39.776 INFO: Epoch 148: loss=0.1831, RMSE_E=45.9 meV, RMSE_F=14.7 meV / A
2024-11-30 13:44:13.884 INFO: Epoch 150: loss=0.1826, RMSE_E=52.1 meV, RMSE_F=14.7 meV / A
2024-11-30 14:57:37.531 INFO: Epoch 152: loss=0.1809, RMSE_E=49.1 meV, RMSE_F=14.6 meV / A
2024-11-30 16:11:13.091 INFO: Epoch 154: loss=0.1797, RMSE_E=51.5 meV, RMSE_F=14.6 meV / A
2024-11-30 17:26:06.792 INFO: Epoch 156: loss=0.1807, RMSE_E=49.8 meV, RMSE_F=14.6 meV / A
2024-11-30 18:40:58.204 INFO: Epoch 158: loss=0.1860, RMSE_E=83.2 meV, RMSE_F=14.7 meV / A
2024-11-30 19:55:29.185 INFO: Epoch 160: loss=0.1802, RMSE_E=47.5 meV, RMSE_F=14.5 meV / A
2024-11-30 21:09:53.239 INFO: Epoch 162: loss=0.1759, RMSE_E=45.4 meV, RMSE_F=14.4 meV / A
2024-11-30 22:24:20.894 INFO: Epoch 164: loss=0.1756, RMSE_E=47.2 meV, RMSE_F=14.4 meV / A
2024-11-30 23:41:45.483 INFO: Epoch 166: loss=0.1736, RMSE_E=45.9 meV, RMSE_F=14.4 meV / A
2024-12-01 00:55:51.281 INFO: Epoch 168: loss=0.1753, RMSE_E=47.5 meV, RMSE_F=14.4 meV / A
2024-12-01 02:09:58.655 INFO: Epoch 170: loss=0.1733, RMSE_E=47.2 meV, RMSE_F=14.4 meV / A
2024-12-01 03:24:01.170 INFO: Epoch 172: loss=0.1739, RMSE_E=47.2 meV, RMSE_F=14.4 meV / A
2024-12-01 04:39:22.374 INFO: Epoch 174: loss=0.1726, RMSE_E=46.1 meV, RMSE_F=14.4 meV / A
2024-12-01 05:56:32.959 INFO: Epoch 176: loss=0.1725, RMSE_E=45.6 meV, RMSE_F=14.3 meV / A
2024-12-01 07:12:33.066 INFO: Epoch 178: loss=0.1726, RMSE_E=46.1 meV, RMSE_F=14.3 meV / A
2024-12-01 08:28:13.748 INFO: Epoch 180: loss=0.1736, RMSE_E=48.9 meV, RMSE_F=14.3 meV / A
2024-12-01 09:43:24.671 INFO: Epoch 182: loss=0.1716, RMSE_E=46.6 meV, RMSE_F=14.3 meV / A
2024-12-01 10:57:43.177 INFO: Epoch 184: loss=0.1723, RMSE_E=52.9 meV, RMSE_F=14.3 meV / A
2024-12-01 12:11:10.257 INFO: Epoch 186: loss=0.1712, RMSE_E=44.8 meV, RMSE_F=14.3 meV / A
2024-12-01 13:24:40.456 INFO: Epoch 188: loss=0.1710, RMSE_E=43.5 meV, RMSE_F=14.2 meV / A
2024-12-01 14:38:45.510 INFO: Epoch 190: loss=0.1796, RMSE_E=102.3 meV, RMSE_F=14.3 meV / A
2024-12-01 15:52:39.959 INFO: Epoch 192: loss=0.1724, RMSE_E=45.2 meV, RMSE_F=14.3 meV / A
2024-12-01 17:08:40.536 INFO: Epoch 194: loss=0.1707, RMSE_E=44.4 meV, RMSE_F=14.2 meV / A
2024-12-01 18:22:22.065 INFO: Epoch 196: loss=0.1689, RMSE_E=45.5 meV, RMSE_F=14.2 meV / A
2024-12-01 19:36:15.980 INFO: Epoch 198: loss=0.1686, RMSE_E=44.4 meV, RMSE_F=14.2 meV / A
2024-12-01 20:13:03.007 INFO: Training complete
2024-12-01 20:13:03.007 INFO: Computing metrics for training, validation, and test sets
2024-12-01 20:13:03.016 INFO: Loading checkpoint: checkpoints/SSE-PBE_run-123_epoch-198.pt
2024-12-01 20:13:03.325 INFO: Loaded model from epoch 198
2024-12-01 20:13:03.325 INFO: Evaluating train ...
2024-12-01 20:48:56.698 INFO: Evaluating valid ...
2024-12-01 20:49:38.683 INFO: 
+-------------+--------------+------------------+-------------------+
| config_type | RMSE E / meV | RMSE F / meV / A | relative F RMSE % |
+-------------+--------------+------------------+-------------------+
|    train    |     41.3     |       13.9       |        1.63       |
|    valid    |     44.4     |       14.2       |        1.66       |
+-------------+--------------+------------------+-------------------+
2024-12-01 20:49:38.684 INFO: Saving model to checkpoints/SSE-PBE_run-123.model
2024-12-01 20:49:39.447 INFO: Compiling model, saving metadata to SSE-PBE_compiled.model
2024-12-01 20:49:40.584 INFO: Done
