2024-11-25 16:58:28.015 INFO: MACE version: 0.3.5
2024-11-25 16:58:28.015 INFO: Configuration: Namespace(config=None, name='salicylic', seed=123, log_dir='logs', model_dir='.', checkpoints_dir='checkpoints', results_dir='results', downloads_dir='downloads', device='cuda', default_dtype='float64', distributed=False, log_level='INFO', error_table='TotalRMSE', model='MACE', r_max=5.0, radial_type='bessel', num_radial_basis=8, num_cutoff_basis=5, pair_repulsion=False, distance_transform='None', interaction='RealAgnosticResidualInteractionBlock', interaction_first='RealAgnosticResidualInteractionBlock', max_ell=3, correlation=3, num_interactions=2, MLP_irreps='16x0e', radial_MLP='[64, 64, 64]', hidden_irreps='128x0e + 128x1o', num_channels=128, max_L=1, gate='silu', scaling='rms_forces_scaling', avg_num_neighbors=1, compute_avg_num_neighbors=True, compute_stress=False, compute_forces=True, train_file='./dataset/train.xyz', valid_file='./dataset/valid.xyz', valid_fraction=0.1, test_file=None, test_dir=None, multi_processed_test=False, num_workers=0, pin_memory=True, atomic_numbers=None, mean=None, std=None, statistics_file=None, E0s='average', keep_isolated_atoms=False, energy_key='energy', forces_key='forces', virials_key='virials', stress_key='stress', dipole_key='dipole', charges_key='charges', loss='ef', forces_weight=1000.0, swa_forces_weight=100.0, energy_weight=1.0, swa_energy_weight=1000.0, virials_weight=1.0, swa_virials_weight=10.0, stress_weight=1.0, swa_stress_weight=10.0, dipole_weight=1.0, swa_dipole_weight=1.0, config_type_weights='{"Default":1.0}', huber_delta=0.01, optimizer='adam', beta=0.9, batch_size=5, valid_batch_size=5, lr=0.005, swa_lr=0.001, weight_decay=1e-08, amsgrad=True, scheduler='ReduceLROnPlateau', lr_factor=0.8, scheduler_patience=5, lr_scheduler_gamma=0.9993, swa=False, start_swa=None, ema=True, ema_decay=0.995, max_num_epochs=500, patience=2048, foundation_model='/home/l6eub2ic/whcs-share31/wangchen/mace/MPtrj/MACE-OFF23_medium.model', foundation_model_readout=True, eval_interval=2, keep_checkpoints=False, save_all_checkpoints=False, restart_latest=False, save_cpu=True, clip_grad=100.0, wandb=False, wandb_dir=None, wandb_project='', wandb_entity='', wandb_name='', wandb_log_hypers=['num_channels', 'max_L', 'correlation', 'lr', 'swa_lr', 'weight_decay', 'batch_size', 'max_num_epochs', 'start_swa', 'energy_weight', 'forces_weight'])
2024-11-25 16:58:28.156 INFO: CUDA version: 11.8, CUDA device: 0
2024-11-25 16:58:28.442 INFO: Error accessing Git repository: /home/l6eub2ic/whcs-share31/wangchen/mace/organic/salicylic/finetune
2024-11-25 16:58:31.113 INFO: Using foundation model /home/l6eub2ic/whcs-share31/wangchen/mace/MPtrj/MACE-OFF23_medium.model as initial checkpoint.
2024-11-25 16:58:31.176 INFO: Since ASE version 3.23.0b1, using energy_key 'energy' is no longer safe when communicating between MACE and ASE. We recommend using a different key, rewriting energies to 'REF_energy'. You need to use --energy_key='REF_energy', to tell the key name chosen.
2024-11-25 16:58:31.186 INFO: Since ASE version 3.23.0b1, using forces_key 'forces' is no longer safe when communicating between MACE and ASE. We recommend using a different key, rewriting energies to 'REF_forces'. You need to use --forces_key='REF_forces', to tell the key name chosen.
2024-11-25 16:58:31.196 INFO: Since ASE version 3.23.0b1, using stress_key 'stress' is no longer safe when communicating between MACE and ASE. We recommend using a different key, rewriting energies to 'REF_stress'. You need to use --stress_key='REF_stress', to tell the key name chosen.
2024-11-25 16:58:31.198 INFO: Loaded 50 training configurations from './dataset/train.xyz'
2024-11-25 16:58:32.741 INFO: Since ASE version 3.23.0b1, using energy_key 'energy' is no longer safe when communicating between MACE and ASE. We recommend using a different key, rewriting energies to 'REF_energy'. You need to use --energy_key='REF_energy', to tell the key name chosen.
2024-11-25 16:58:32.910 INFO: Since ASE version 3.23.0b1, using forces_key 'forces' is no longer safe when communicating between MACE and ASE. We recommend using a different key, rewriting energies to 'REF_forces'. You need to use --forces_key='REF_forces', to tell the key name chosen.
2024-11-25 16:58:33.079 INFO: Since ASE version 3.23.0b1, using stress_key 'stress' is no longer safe when communicating between MACE and ASE. We recommend using a different key, rewriting energies to 'REF_stress'. You need to use --stress_key='REF_stress', to tell the key name chosen.
2024-11-25 16:58:33.103 INFO: Loaded 950 validation configurations from './dataset/valid.xyz'
2024-11-25 16:58:33.104 INFO: Total number of configurations: train=50, valid=950, tests=[]
2024-11-25 16:58:33.108 INFO: AtomicNumberTable: (1, 6, 8)
2024-11-25 16:58:33.108 INFO: Atomic Energies not in training file, using command line argument E0s
2024-11-25 16:58:33.108 INFO: Computing average Atomic Energies using least squares regression
2024-11-25 16:58:33.109 INFO: Atomic energies: [-859.9385088410814, -1003.2615936479276, -429.9692544205403]
2024-11-25 16:58:33.606 INFO: EnergyForcesLoss(energy_weight=1.000, forces_weight=1000.000)
2024-11-25 16:58:33.632 INFO: Average number of neighbors: 13.01
2024-11-25 16:58:33.633 INFO: Selected the following outputs: {'energy': True, 'forces': True, 'virials': False, 'stress': False, 'dipoles': False}
2024-11-25 16:58:33.655 INFO: Building model
2024-11-25 16:58:43.031 INFO: ScaleShiftMACE(
  (node_embedding): LinearNodeEmbeddingBlock(
    (linear): Linear(3x0e -> 128x0e | 384 weights)
  )
  (radial_embedding): RadialEmbeddingBlock(
    (bessel_fn): BesselBasis(r_max=5.0, num_basis=8, trainable=True)
    (cutoff_fn): PolynomialCutoff(p=5.0, r_max=5.0)
  )
  (spherical_harmonics): SphericalHarmonics()
  (atomic_energies_fn): AtomicEnergiesBlock(energies=[-859.9385, -1003.2616, -429.9693])
  (interactions): ModuleList(
    (0): RealAgnosticInteractionBlock(
      (linear_up): Linear(128x0e -> 128x0e | 16384 weights)
      (conv_tp): TensorProduct(128x0e x 1x0e+1x1o+1x2e+1x3o -> 128x0e+128x1o+128x2e+128x3o | 512 paths | 512 weights)
      (conv_tp_weights): FullyConnectedNet[8, 64, 64, 64, 512]
      (linear): Linear(128x0e+128x1o+128x2e+128x3o -> 128x0e+128x1o+128x2e+128x3o | 65536 weights)
      (skip_tp): FullyConnectedTensorProduct(128x0e+128x1o+128x2e+128x3o x 3x0e -> 128x0e+128x1o+128x2e+128x3o | 196608 paths | 196608 weights)
      (reshape): reshape_irreps()
    )
    (1): RealAgnosticResidualInteractionBlock(
      (linear_up): Linear(128x0e+128x1o -> 128x0e+128x1o | 32768 weights)
      (conv_tp): TensorProduct(128x0e+128x1o x 1x0e+1x1o+1x2e+1x3o -> 256x0e+384x1o+384x2e+256x3o | 1280 paths | 1280 weights)
      (conv_tp_weights): FullyConnectedNet[8, 64, 64, 64, 1280]
      (linear): Linear(256x0e+384x1o+384x2e+256x3o -> 128x0e+128x1o+128x2e+128x3o | 163840 weights)
      (skip_tp): FullyConnectedTensorProduct(128x0e+128x1o x 3x0e -> 128x0e | 49152 paths | 49152 weights)
      (reshape): reshape_irreps()
    )
  )
  (products): ModuleList(
    (0): EquivariantProductBasisBlock(
      (symmetric_contractions): SymmetricContraction(
        (contractions): ModuleList(
          (0): Contraction(
            (contractions_weighting): ModuleList(
              (0-1): 2 x GraphModule()
            )
            (contractions_features): ModuleList(
              (0-1): 2 x GraphModule()
            )
            (weights): ParameterList(
                (0): Parameter containing: [torch.float64 of size 3x4x128 (GPU 0)]
                (1): Parameter containing: [torch.float64 of size 3x1x128 (GPU 0)]
            )
            (graph_opt_main): GraphModule()
          )
          (1): Contraction(
            (contractions_weighting): ModuleList(
              (0-1): 2 x GraphModule()
            )
            (contractions_features): ModuleList(
              (0-1): 2 x GraphModule()
            )
            (weights): ParameterList(
                (0): Parameter containing: [torch.float64 of size 3x6x128 (GPU 0)]
                (1): Parameter containing: [torch.float64 of size 3x1x128 (GPU 0)]
            )
            (graph_opt_main): GraphModule()
          )
        )
      )
      (linear): Linear(128x0e+128x1o -> 128x0e+128x1o | 32768 weights)
    )
    (1): EquivariantProductBasisBlock(
      (symmetric_contractions): SymmetricContraction(
        (contractions): ModuleList(
          (0): Contraction(
            (contractions_weighting): ModuleList(
              (0-1): 2 x GraphModule()
            )
            (contractions_features): ModuleList(
              (0-1): 2 x GraphModule()
            )
            (weights): ParameterList(
                (0): Parameter containing: [torch.float64 of size 3x4x128 (GPU 0)]
                (1): Parameter containing: [torch.float64 of size 3x1x128 (GPU 0)]
            )
            (graph_opt_main): GraphModule()
          )
        )
      )
      (linear): Linear(128x0e -> 128x0e | 16384 weights)
    )
  )
  (readouts): ModuleList(
    (0): LinearReadoutBlock(
      (linear): Linear(128x0e+128x1o -> 1x0e | 128 weights)
    )
    (1): NonLinearReadoutBlock(
      (linear_1): Linear(128x0e -> 16x0e | 2048 weights)
      (non_linearity): Activation [x] (16x0e -> 16x0e)
      (linear_2): Linear(16x0e -> 1x0e | 16 weights)
    )
  )
  (scale_shift): ScaleShiftBlock(scale=1.088502, shift=0.000000)
)
2024-11-25 16:58:43.034 INFO: Number of parameters: 751896
2024-11-25 16:58:43.035 INFO: Optimizer: Adam (
Parameter Group 0
    amsgrad: True
    betas: (0.9, 0.999)
    capturable: False
    differentiable: False
    eps: 1e-08
    foreach: None
    fused: None
    lr: 0.005
    maximize: False
    name: embedding
    weight_decay: 0.0

Parameter Group 1
    amsgrad: True
    betas: (0.9, 0.999)
    capturable: False
    differentiable: False
    eps: 1e-08
    foreach: None
    fused: None
    lr: 0.005
    maximize: False
    name: interactions_decay
    weight_decay: 1e-08

Parameter Group 2
    amsgrad: True
    betas: (0.9, 0.999)
    capturable: False
    differentiable: False
    eps: 1e-08
    foreach: None
    fused: None
    lr: 0.005
    maximize: False
    name: interactions_no_decay
    weight_decay: 0.0

Parameter Group 3
    amsgrad: True
    betas: (0.9, 0.999)
    capturable: False
    differentiable: False
    eps: 1e-08
    foreach: None
    fused: None
    lr: 0.005
    maximize: False
    name: products
    weight_decay: 1e-08

Parameter Group 4
    amsgrad: True
    betas: (0.9, 0.999)
    capturable: False
    differentiable: False
    eps: 1e-08
    foreach: None
    fused: None
    lr: 0.005
    maximize: False
    name: readouts
    weight_decay: 0.0
)
2024-11-25 16:58:43.035 INFO: Using gradient clipping with tolerance=100.000
2024-11-25 16:58:43.035 INFO: Started training
2024-11-25 16:59:00.361 INFO: Epoch None: loss=6540.3970, RMSE_E=79533.8 meV, RMSE_F=463.4 meV / A
2024-11-25 16:59:18.181 INFO: Epoch 0: loss=3713.3882, RMSE_E=60304.3 meV, RMSE_F=277.1 meV / A
2024-11-25 16:59:28.076 INFO: Epoch 2: loss=139.3184, RMSE_E=5140.9 meV, RMSE_F=336.0 meV / A
2024-11-25 16:59:38.376 INFO: Epoch 4: loss=28.1904, RMSE_E=910.4 meV, RMSE_F=165.4 meV / A
2024-11-25 16:59:50.939 INFO: Epoch 6: loss=12.9357, RMSE_E=367.4 meV, RMSE_F=113.1 meV / A
2024-11-25 17:00:01.806 INFO: Epoch 8: loss=8.6407, RMSE_E=185.8 meV, RMSE_F=92.8 meV / A
2024-11-25 17:00:11.611 INFO: Epoch 10: loss=6.8539, RMSE_E=205.7 meV, RMSE_F=82.5 meV / A
2024-11-25 17:00:23.038 INFO: Epoch 12: loss=5.5355, RMSE_E=120.0 meV, RMSE_F=74.3 meV / A
2024-11-25 17:00:33.902 INFO: Epoch 14: loss=4.9613, RMSE_E=160.6 meV, RMSE_F=70.3 meV / A
2024-11-25 17:00:44.001 INFO: Epoch 16: loss=4.3344, RMSE_E=50.7 meV, RMSE_F=65.8 meV / A
2024-11-25 17:00:54.977 INFO: Epoch 18: loss=3.8698, RMSE_E=22.3 meV, RMSE_F=62.2 meV / A
2024-11-25 17:01:05.005 INFO: Epoch 20: loss=3.5913, RMSE_E=68.9 meV, RMSE_F=59.9 meV / A
2024-11-25 17:01:16.179 INFO: Epoch 22: loss=3.2704, RMSE_E=57.9 meV, RMSE_F=57.2 meV / A
2024-11-25 17:01:27.177 INFO: Epoch 24: loss=3.0912, RMSE_E=49.8 meV, RMSE_F=55.6 meV / A
2024-11-25 17:01:37.339 INFO: Epoch 26: loss=2.8754, RMSE_E=52.0 meV, RMSE_F=53.6 meV / A
2024-11-25 17:01:48.221 INFO: Epoch 28: loss=2.6884, RMSE_E=42.2 meV, RMSE_F=51.8 meV / A
2024-11-25 17:01:58.370 INFO: Epoch 30: loss=2.5337, RMSE_E=37.6 meV, RMSE_F=50.3 meV / A
2024-11-25 17:02:09.404 INFO: Epoch 32: loss=2.3938, RMSE_E=27.5 meV, RMSE_F=48.9 meV / A
2024-11-25 17:02:19.707 INFO: Epoch 34: loss=2.2836, RMSE_E=38.5 meV, RMSE_F=47.8 meV / A
2024-11-25 17:02:29.654 INFO: Epoch 36: loss=2.2252, RMSE_E=33.4 meV, RMSE_F=47.2 meV / A
2024-11-25 17:02:41.521 INFO: Epoch 38: loss=2.1169, RMSE_E=23.5 meV, RMSE_F=46.0 meV / A
2024-11-25 17:02:51.542 INFO: Epoch 40: loss=2.0261, RMSE_E=26.9 meV, RMSE_F=45.0 meV / A
2024-11-25 17:03:02.597 INFO: Epoch 42: loss=1.9537, RMSE_E=25.1 meV, RMSE_F=44.2 meV / A
2024-11-25 17:03:12.822 INFO: Epoch 44: loss=1.8849, RMSE_E=18.8 meV, RMSE_F=43.4 meV / A
2024-11-25 17:03:22.807 INFO: Epoch 46: loss=1.8290, RMSE_E=21.2 meV, RMSE_F=42.8 meV / A
2024-11-25 17:03:33.831 INFO: Epoch 48: loss=1.7822, RMSE_E=17.4 meV, RMSE_F=42.2 meV / A
2024-11-25 17:03:43.923 INFO: Epoch 50: loss=1.7423, RMSE_E=20.1 meV, RMSE_F=41.7 meV / A
2024-11-25 17:03:53.942 INFO: Epoch 52: loss=1.7028, RMSE_E=17.3 meV, RMSE_F=41.3 meV / A
2024-11-25 17:04:04.117 INFO: Epoch 54: loss=1.6704, RMSE_E=17.6 meV, RMSE_F=40.9 meV / A
2024-11-25 17:04:14.114 INFO: Epoch 56: loss=1.6343, RMSE_E=15.3 meV, RMSE_F=40.4 meV / A
2024-11-25 17:04:24.012 INFO: Epoch 58: loss=1.6117, RMSE_E=20.1 meV, RMSE_F=40.1 meV / A
2024-11-25 17:04:34.118 INFO: Epoch 60: loss=1.5990, RMSE_E=18.0 meV, RMSE_F=40.0 meV / A
2024-11-25 17:04:45.147 INFO: Epoch 62: loss=1.5659, RMSE_E=18.8 meV, RMSE_F=39.6 meV / A
2024-11-25 17:04:56.164 INFO: Epoch 64: loss=1.5381, RMSE_E=16.7 meV, RMSE_F=39.2 meV / A
2024-11-25 17:05:06.215 INFO: Epoch 66: loss=1.5081, RMSE_E=18.7 meV, RMSE_F=38.8 meV / A
2024-11-25 17:05:16.248 INFO: Epoch 68: loss=1.4682, RMSE_E=19.1 meV, RMSE_F=38.3 meV / A
2024-11-25 17:05:27.356 INFO: Epoch 70: loss=1.4383, RMSE_E=17.5 meV, RMSE_F=37.9 meV / A
2024-11-25 17:05:37.730 INFO: Epoch 72: loss=1.4111, RMSE_E=16.1 meV, RMSE_F=37.6 meV / A
2024-11-25 17:05:47.618 INFO: Epoch 74: loss=1.3942, RMSE_E=13.6 meV, RMSE_F=37.3 meV / A
2024-11-25 17:05:57.650 INFO: Epoch 76: loss=1.3709, RMSE_E=15.1 meV, RMSE_F=37.0 meV / A
2024-11-25 17:06:08.290 INFO: Epoch 78: loss=1.3569, RMSE_E=12.6 meV, RMSE_F=36.8 meV / A
2024-11-25 17:06:18.883 INFO: Epoch 80: loss=1.3418, RMSE_E=14.7 meV, RMSE_F=36.6 meV / A
2024-11-25 17:06:29.755 INFO: Epoch 82: loss=1.3307, RMSE_E=14.4 meV, RMSE_F=36.5 meV / A
2024-11-25 17:06:41.827 INFO: Epoch 84: loss=1.3149, RMSE_E=13.0 meV, RMSE_F=36.3 meV / A
2024-11-25 17:06:52.076 INFO: Epoch 86: loss=1.3006, RMSE_E=10.8 meV, RMSE_F=36.1 meV / A
2024-11-25 17:07:02.824 INFO: Epoch 88: loss=1.2913, RMSE_E=12.8 meV, RMSE_F=35.9 meV / A
2024-11-25 17:07:13.138 INFO: Epoch 90: loss=1.2768, RMSE_E=14.8 meV, RMSE_F=35.7 meV / A
2024-11-25 17:07:23.920 INFO: Epoch 92: loss=1.2647, RMSE_E=13.0 meV, RMSE_F=35.6 meV / A
2024-11-25 17:07:34.085 INFO: Epoch 94: loss=1.2492, RMSE_E=13.1 meV, RMSE_F=35.3 meV / A
2024-11-25 17:07:44.214 INFO: Epoch 96: loss=1.2385, RMSE_E=11.5 meV, RMSE_F=35.2 meV / A
2024-11-25 17:07:54.628 INFO: Epoch 98: loss=1.2250, RMSE_E=13.8 meV, RMSE_F=35.0 meV / A
2024-11-25 17:08:06.416 INFO: Epoch 100: loss=1.2092, RMSE_E=12.4 meV, RMSE_F=34.8 meV / A
2024-11-25 17:08:17.164 INFO: Epoch 102: loss=1.1943, RMSE_E=11.9 meV, RMSE_F=34.6 meV / A
2024-11-25 17:08:27.612 INFO: Epoch 104: loss=1.1871, RMSE_E=12.6 meV, RMSE_F=34.5 meV / A
2024-11-25 17:08:38.267 INFO: Epoch 106: loss=1.1771, RMSE_E=11.9 meV, RMSE_F=34.3 meV / A
2024-11-25 17:08:48.472 INFO: Epoch 108: loss=1.1672, RMSE_E=12.0 meV, RMSE_F=34.2 meV / A
2024-11-25 17:08:59.489 INFO: Epoch 110: loss=1.1592, RMSE_E=11.9 meV, RMSE_F=34.0 meV / A
2024-11-25 17:09:10.493 INFO: Epoch 112: loss=1.1518, RMSE_E=11.4 meV, RMSE_F=33.9 meV / A
2024-11-25 17:09:20.720 INFO: Epoch 114: loss=1.1438, RMSE_E=10.9 meV, RMSE_F=33.8 meV / A
2024-11-25 17:09:31.554 INFO: Epoch 116: loss=1.1347, RMSE_E=10.2 meV, RMSE_F=33.7 meV / A
2024-11-25 17:09:41.653 INFO: Epoch 118: loss=1.1275, RMSE_E=10.4 meV, RMSE_F=33.6 meV / A
2024-11-25 17:09:51.388 INFO: Epoch 120: loss=1.1194, RMSE_E=10.4 meV, RMSE_F=33.5 meV / A
2024-11-25 17:10:01.893 INFO: Epoch 122: loss=1.1127, RMSE_E=9.6 meV, RMSE_F=33.4 meV / A
2024-11-25 17:10:11.839 INFO: Epoch 124: loss=1.1049, RMSE_E=9.7 meV, RMSE_F=33.2 meV / A
2024-11-25 17:10:22.004 INFO: Epoch 126: loss=1.0994, RMSE_E=9.4 meV, RMSE_F=33.2 meV / A
2024-11-25 17:10:33.077 INFO: Epoch 128: loss=1.0927, RMSE_E=9.2 meV, RMSE_F=33.1 meV / A
2024-11-25 17:10:43.818 INFO: Epoch 130: loss=1.0870, RMSE_E=9.5 meV, RMSE_F=33.0 meV / A
2024-11-25 17:10:53.857 INFO: Epoch 132: loss=1.0791, RMSE_E=9.2 meV, RMSE_F=32.8 meV / A
2024-11-25 17:11:05.015 INFO: Epoch 134: loss=1.0735, RMSE_E=8.6 meV, RMSE_F=32.8 meV / A
2024-11-25 17:11:16.255 INFO: Epoch 136: loss=1.0674, RMSE_E=8.8 meV, RMSE_F=32.7 meV / A
2024-11-25 17:11:28.308 INFO: Epoch 138: loss=1.0617, RMSE_E=8.6 meV, RMSE_F=32.6 meV / A
2024-11-25 17:11:39.340 INFO: Epoch 140: loss=1.0568, RMSE_E=8.7 meV, RMSE_F=32.5 meV / A
2024-11-25 17:11:50.336 INFO: Epoch 142: loss=1.0531, RMSE_E=8.4 meV, RMSE_F=32.4 meV / A
2024-11-25 17:12:01.461 INFO: Epoch 144: loss=1.0493, RMSE_E=8.3 meV, RMSE_F=32.4 meV / A
2024-11-25 17:12:12.382 INFO: Epoch 146: loss=1.0451, RMSE_E=8.6 meV, RMSE_F=32.3 meV / A
2024-11-25 17:12:23.302 INFO: Epoch 148: loss=1.0406, RMSE_E=8.3 meV, RMSE_F=32.3 meV / A
2024-11-25 17:12:34.450 INFO: Epoch 150: loss=1.0366, RMSE_E=8.4 meV, RMSE_F=32.2 meV / A
2024-11-25 17:12:45.729 INFO: Epoch 152: loss=1.0327, RMSE_E=8.5 meV, RMSE_F=32.1 meV / A
2024-11-25 17:12:56.630 INFO: Epoch 154: loss=1.0278, RMSE_E=8.1 meV, RMSE_F=32.1 meV / A
2024-11-25 17:13:07.772 INFO: Epoch 156: loss=1.0229, RMSE_E=8.2 meV, RMSE_F=32.0 meV / A
2024-11-25 17:13:18.667 INFO: Epoch 158: loss=1.0186, RMSE_E=7.7 meV, RMSE_F=31.9 meV / A
2024-11-25 17:13:28.832 INFO: Epoch 160: loss=1.0154, RMSE_E=8.3 meV, RMSE_F=31.9 meV / A
2024-11-25 17:13:38.970 INFO: Epoch 162: loss=1.0139, RMSE_E=7.7 meV, RMSE_F=31.8 meV / A
2024-11-25 17:13:48.995 INFO: Epoch 164: loss=1.0114, RMSE_E=8.2 meV, RMSE_F=31.8 meV / A
2024-11-25 17:13:58.732 INFO: Epoch 166: loss=1.0076, RMSE_E=8.2 meV, RMSE_F=31.7 meV / A
2024-11-25 17:14:09.819 INFO: Epoch 168: loss=1.0018, RMSE_E=7.8 meV, RMSE_F=31.7 meV / A
2024-11-25 17:14:20.912 INFO: Epoch 170: loss=0.9982, RMSE_E=8.6 meV, RMSE_F=31.6 meV / A
2024-11-25 17:14:32.361 INFO: Epoch 172: loss=0.9943, RMSE_E=7.9 meV, RMSE_F=31.5 meV / A
2024-11-25 17:14:42.804 INFO: Epoch 174: loss=0.9913, RMSE_E=8.3 meV, RMSE_F=31.5 meV / A
2024-11-25 17:14:53.078 INFO: Epoch 176: loss=0.9877, RMSE_E=8.0 meV, RMSE_F=31.4 meV / A
2024-11-25 17:15:04.381 INFO: Epoch 178: loss=0.9846, RMSE_E=8.4 meV, RMSE_F=31.4 meV / A
2024-11-25 17:15:14.416 INFO: Epoch 180: loss=0.9818, RMSE_E=8.5 meV, RMSE_F=31.3 meV / A
2024-11-25 17:15:25.352 INFO: Epoch 182: loss=0.9786, RMSE_E=8.5 meV, RMSE_F=31.3 meV / A
2024-11-25 17:15:35.871 INFO: Epoch 184: loss=0.9750, RMSE_E=8.3 meV, RMSE_F=31.2 meV / A
2024-11-25 17:15:46.346 INFO: Epoch 186: loss=0.9719, RMSE_E=8.3 meV, RMSE_F=31.2 meV / A
2024-11-25 17:15:57.670 INFO: Epoch 188: loss=0.9683, RMSE_E=8.3 meV, RMSE_F=31.1 meV / A
2024-11-25 17:16:07.255 INFO: Epoch 190: loss=0.9659, RMSE_E=8.2 meV, RMSE_F=31.1 meV / A
2024-11-25 17:16:17.110 INFO: Epoch 192: loss=0.9620, RMSE_E=8.2 meV, RMSE_F=31.0 meV / A
2024-11-25 17:16:27.809 INFO: Epoch 194: loss=0.9580, RMSE_E=8.0 meV, RMSE_F=31.0 meV / A
2024-11-25 17:16:39.941 INFO: Epoch 196: loss=0.9546, RMSE_E=8.1 meV, RMSE_F=30.9 meV / A
2024-11-25 17:16:50.084 INFO: Epoch 198: loss=0.9517, RMSE_E=8.1 meV, RMSE_F=30.8 meV / A
2024-11-25 17:17:01.152 INFO: Epoch 200: loss=0.9494, RMSE_E=8.1 meV, RMSE_F=30.8 meV / A
2024-11-25 17:17:11.742 INFO: Epoch 202: loss=0.9462, RMSE_E=8.3 meV, RMSE_F=30.8 meV / A
2024-11-25 17:17:22.863 INFO: Epoch 204: loss=0.9443, RMSE_E=8.1 meV, RMSE_F=30.7 meV / A
2024-11-25 17:17:33.804 INFO: Epoch 206: loss=0.9414, RMSE_E=8.1 meV, RMSE_F=30.7 meV / A
2024-11-25 17:17:46.205 INFO: Epoch 208: loss=0.9388, RMSE_E=8.1 meV, RMSE_F=30.6 meV / A
2024-11-25 17:17:57.096 INFO: Epoch 210: loss=0.9357, RMSE_E=7.8 meV, RMSE_F=30.6 meV / A
2024-11-25 17:18:07.199 INFO: Epoch 212: loss=0.9325, RMSE_E=8.9 meV, RMSE_F=30.5 meV / A
2024-11-25 17:18:18.318 INFO: Epoch 214: loss=0.9347, RMSE_E=8.2 meV, RMSE_F=30.6 meV / A
2024-11-25 17:18:27.451 INFO: Epoch 216: loss=0.9349, RMSE_E=8.5 meV, RMSE_F=30.6 meV / A
2024-11-25 17:18:37.203 INFO: Epoch 218: loss=0.9333, RMSE_E=9.0 meV, RMSE_F=30.5 meV / A
2024-11-25 17:18:47.048 INFO: Epoch 220: loss=0.9312, RMSE_E=9.0 meV, RMSE_F=30.5 meV / A
2024-11-25 17:18:57.606 INFO: Epoch 222: loss=0.9278, RMSE_E=9.0 meV, RMSE_F=30.5 meV / A
2024-11-25 17:19:06.325 INFO: Epoch 224: loss=0.9247, RMSE_E=8.9 meV, RMSE_F=30.4 meV / A
2024-11-25 17:19:18.099 INFO: Epoch 226: loss=0.9218, RMSE_E=8.8 meV, RMSE_F=30.4 meV / A
2024-11-25 17:19:28.763 INFO: Epoch 228: loss=0.9185, RMSE_E=8.6 meV, RMSE_F=30.3 meV / A
2024-11-25 17:19:39.777 INFO: Epoch 230: loss=0.9153, RMSE_E=8.5 meV, RMSE_F=30.3 meV / A
2024-11-25 17:19:50.934 INFO: Epoch 232: loss=0.9123, RMSE_E=8.4 meV, RMSE_F=30.2 meV / A
2024-11-25 17:20:02.812 INFO: Epoch 234: loss=0.9094, RMSE_E=8.1 meV, RMSE_F=30.2 meV / A
2024-11-25 17:20:12.999 INFO: Epoch 236: loss=0.9072, RMSE_E=8.1 meV, RMSE_F=30.1 meV / A
2024-11-25 17:20:23.039 INFO: Epoch 238: loss=0.9046, RMSE_E=8.0 meV, RMSE_F=30.1 meV / A
2024-11-25 17:20:33.972 INFO: Epoch 240: loss=0.9024, RMSE_E=7.6 meV, RMSE_F=30.0 meV / A
2024-11-25 17:20:44.730 INFO: Epoch 242: loss=0.9000, RMSE_E=7.7 meV, RMSE_F=30.0 meV / A
2024-11-25 17:20:56.080 INFO: Epoch 244: loss=0.8976, RMSE_E=7.4 meV, RMSE_F=30.0 meV / A
2024-11-25 17:21:07.269 INFO: Epoch 246: loss=0.8952, RMSE_E=7.3 meV, RMSE_F=29.9 meV / A
2024-11-25 17:21:19.291 INFO: Epoch 248: loss=0.8933, RMSE_E=7.3 meV, RMSE_F=29.9 meV / A
2024-11-25 17:21:29.509 INFO: Epoch 250: loss=0.8910, RMSE_E=7.2 meV, RMSE_F=29.8 meV / A
2024-11-25 17:21:39.398 INFO: Epoch 252: loss=0.8892, RMSE_E=7.1 meV, RMSE_F=29.8 meV / A
2024-11-25 17:21:49.352 INFO: Epoch 254: loss=0.8874, RMSE_E=7.0 meV, RMSE_F=29.8 meV / A
2024-11-25 17:22:00.337 INFO: Epoch 256: loss=0.8851, RMSE_E=7.0 meV, RMSE_F=29.7 meV / A
2024-11-25 17:22:11.354 INFO: Epoch 258: loss=0.8834, RMSE_E=6.8 meV, RMSE_F=29.7 meV / A
2024-11-25 17:22:21.646 INFO: Epoch 260: loss=0.8819, RMSE_E=6.8 meV, RMSE_F=29.7 meV / A
2024-11-25 17:22:32.424 INFO: Epoch 262: loss=0.8804, RMSE_E=6.6 meV, RMSE_F=29.7 meV / A
2024-11-25 17:22:43.585 INFO: Epoch 264: loss=0.8787, RMSE_E=6.8 meV, RMSE_F=29.6 meV / A
2024-11-25 17:22:53.806 INFO: Epoch 266: loss=0.8774, RMSE_E=6.7 meV, RMSE_F=29.6 meV / A
2024-11-25 17:23:04.609 INFO: Epoch 268: loss=0.8756, RMSE_E=6.5 meV, RMSE_F=29.6 meV / A
2024-11-25 17:23:15.755 INFO: Epoch 270: loss=0.8742, RMSE_E=6.5 meV, RMSE_F=29.6 meV / A
2024-11-25 17:23:26.931 INFO: Epoch 272: loss=0.8731, RMSE_E=6.4 meV, RMSE_F=29.5 meV / A
2024-11-25 17:23:38.069 INFO: Epoch 274: loss=0.8723, RMSE_E=6.4 meV, RMSE_F=29.5 meV / A
2024-11-25 17:23:48.251 INFO: Epoch 276: loss=0.8712, RMSE_E=6.4 meV, RMSE_F=29.5 meV / A
2024-11-25 17:23:58.919 INFO: Epoch 278: loss=0.8701, RMSE_E=6.4 meV, RMSE_F=29.5 meV / A
2024-11-25 17:24:08.835 INFO: Epoch 280: loss=0.8688, RMSE_E=6.3 meV, RMSE_F=29.5 meV / A
2024-11-25 17:24:20.321 INFO: Epoch 282: loss=0.8676, RMSE_E=6.3 meV, RMSE_F=29.5 meV / A
2024-11-25 17:24:30.295 INFO: Epoch 284: loss=0.8664, RMSE_E=6.3 meV, RMSE_F=29.4 meV / A
2024-11-25 17:24:41.116 INFO: Epoch 286: loss=0.8653, RMSE_E=6.3 meV, RMSE_F=29.4 meV / A
2024-11-25 17:24:52.461 INFO: Epoch 288: loss=0.8642, RMSE_E=6.3 meV, RMSE_F=29.4 meV / A
2024-11-25 17:25:03.507 INFO: Epoch 290: loss=0.8633, RMSE_E=6.2 meV, RMSE_F=29.4 meV / A
2024-11-25 17:25:13.309 INFO: Epoch 292: loss=0.8624, RMSE_E=6.2 meV, RMSE_F=29.4 meV / A
2024-11-25 17:25:24.553 INFO: Epoch 294: loss=0.8615, RMSE_E=6.3 meV, RMSE_F=29.4 meV / A
2024-11-25 17:25:34.403 INFO: Epoch 296: loss=0.8606, RMSE_E=6.2 meV, RMSE_F=29.3 meV / A
2024-11-25 17:25:45.173 INFO: Epoch 298: loss=0.8597, RMSE_E=6.2 meV, RMSE_F=29.3 meV / A
2024-11-25 17:25:56.146 INFO: Epoch 300: loss=0.8586, RMSE_E=6.1 meV, RMSE_F=29.3 meV / A
2024-11-25 17:26:06.741 INFO: Epoch 302: loss=0.8575, RMSE_E=6.2 meV, RMSE_F=29.3 meV / A
2024-11-25 17:26:17.516 INFO: Epoch 304: loss=0.8564, RMSE_E=6.2 meV, RMSE_F=29.3 meV / A
2024-11-25 17:26:28.940 INFO: Epoch 306: loss=0.8551, RMSE_E=6.2 meV, RMSE_F=29.2 meV / A
2024-11-25 17:26:38.748 INFO: Epoch 308: loss=0.8542, RMSE_E=6.1 meV, RMSE_F=29.2 meV / A
2024-11-25 17:26:49.853 INFO: Epoch 310: loss=0.8531, RMSE_E=6.1 meV, RMSE_F=29.2 meV / A
2024-11-25 17:27:01.866 INFO: Epoch 312: loss=0.8518, RMSE_E=6.1 meV, RMSE_F=29.2 meV / A
2024-11-25 17:27:11.725 INFO: Epoch 314: loss=0.8511, RMSE_E=6.1 meV, RMSE_F=29.2 meV / A
2024-11-25 17:27:23.021 INFO: Epoch 316: loss=0.8499, RMSE_E=6.1 meV, RMSE_F=29.2 meV / A
2024-11-25 17:27:33.056 INFO: Epoch 318: loss=0.8485, RMSE_E=6.1 meV, RMSE_F=29.1 meV / A
2024-11-25 17:27:44.164 INFO: Epoch 320: loss=0.8477, RMSE_E=6.1 meV, RMSE_F=29.1 meV / A
2024-11-25 17:27:54.994 INFO: Epoch 322: loss=0.8471, RMSE_E=6.1 meV, RMSE_F=29.1 meV / A
2024-11-25 17:28:06.262 INFO: Epoch 324: loss=0.8463, RMSE_E=6.1 meV, RMSE_F=29.1 meV / A
2024-11-25 17:28:17.357 INFO: Epoch 326: loss=0.8457, RMSE_E=6.0 meV, RMSE_F=29.1 meV / A
2024-11-25 17:28:28.317 INFO: Epoch 328: loss=0.8450, RMSE_E=6.1 meV, RMSE_F=29.1 meV / A
2024-11-25 17:28:39.390 INFO: Epoch 330: loss=0.8442, RMSE_E=6.0 meV, RMSE_F=29.1 meV / A
2024-11-25 17:28:50.623 INFO: Epoch 332: loss=0.8437, RMSE_E=6.0 meV, RMSE_F=29.0 meV / A
2024-11-25 17:29:01.506 INFO: Epoch 334: loss=0.8427, RMSE_E=6.0 meV, RMSE_F=29.0 meV / A
2024-11-25 17:29:11.573 INFO: Epoch 336: loss=0.8419, RMSE_E=6.1 meV, RMSE_F=29.0 meV / A
2024-11-25 17:29:22.599 INFO: Epoch 338: loss=0.8412, RMSE_E=6.0 meV, RMSE_F=29.0 meV / A
2024-11-25 17:29:33.613 INFO: Epoch 340: loss=0.8404, RMSE_E=6.0 meV, RMSE_F=29.0 meV / A
2024-11-25 17:29:43.752 INFO: Epoch 342: loss=0.8399, RMSE_E=6.0 meV, RMSE_F=29.0 meV / A
2024-11-25 17:29:54.821 INFO: Epoch 344: loss=0.8391, RMSE_E=6.1 meV, RMSE_F=29.0 meV / A
2024-11-25 17:30:05.832 INFO: Epoch 346: loss=0.8383, RMSE_E=6.0 meV, RMSE_F=29.0 meV / A
2024-11-25 17:30:16.741 INFO: Epoch 348: loss=0.8375, RMSE_E=6.0 meV, RMSE_F=28.9 meV / A
2024-11-25 17:30:28.001 INFO: Epoch 350: loss=0.8367, RMSE_E=5.9 meV, RMSE_F=28.9 meV / A
2024-11-25 17:30:38.916 INFO: Epoch 352: loss=0.8356, RMSE_E=6.0 meV, RMSE_F=28.9 meV / A
2024-11-25 17:30:50.185 INFO: Epoch 354: loss=0.8346, RMSE_E=6.1 meV, RMSE_F=28.9 meV / A
2024-11-25 17:31:01.402 INFO: Epoch 356: loss=0.8338, RMSE_E=6.0 meV, RMSE_F=28.9 meV / A
2024-11-25 17:31:12.240 INFO: Epoch 358: loss=0.8331, RMSE_E=6.0 meV, RMSE_F=28.9 meV / A
2024-11-25 17:31:23.284 INFO: Epoch 360: loss=0.8320, RMSE_E=5.9 meV, RMSE_F=28.8 meV / A
2024-11-25 17:31:33.212 INFO: Epoch 362: loss=0.8313, RMSE_E=5.9 meV, RMSE_F=28.8 meV / A
2024-11-25 17:31:44.768 INFO: Epoch 364: loss=0.8307, RMSE_E=6.1 meV, RMSE_F=28.8 meV / A
2024-11-25 17:31:56.560 INFO: Epoch 366: loss=0.8301, RMSE_E=6.0 meV, RMSE_F=28.8 meV / A
2024-11-25 17:32:06.535 INFO: Epoch 368: loss=0.8292, RMSE_E=5.9 meV, RMSE_F=28.8 meV / A
2024-11-25 17:32:17.649 INFO: Epoch 370: loss=0.8285, RMSE_E=6.0 meV, RMSE_F=28.8 meV / A
2024-11-25 17:32:28.525 INFO: Epoch 372: loss=0.8279, RMSE_E=6.0 meV, RMSE_F=28.8 meV / A
2024-11-25 17:32:39.927 INFO: Epoch 374: loss=0.8272, RMSE_E=6.0 meV, RMSE_F=28.8 meV / A
2024-11-25 17:32:49.813 INFO: Epoch 376: loss=0.8268, RMSE_E=5.9 meV, RMSE_F=28.8 meV / A
2024-11-25 17:32:58.488 INFO: Epoch 378: loss=0.8263, RMSE_E=5.9 meV, RMSE_F=28.7 meV / A
2024-11-25 17:33:07.761 INFO: Epoch 380: loss=0.8256, RMSE_E=5.9 meV, RMSE_F=28.7 meV / A
2024-11-25 17:33:17.773 INFO: Epoch 382: loss=0.8252, RMSE_E=6.0 meV, RMSE_F=28.7 meV / A
2024-11-25 17:33:28.816 INFO: Epoch 384: loss=0.8243, RMSE_E=5.9 meV, RMSE_F=28.7 meV / A
2024-11-25 17:33:40.001 INFO: Epoch 386: loss=0.8240, RMSE_E=5.9 meV, RMSE_F=28.7 meV / A
2024-11-25 17:33:51.015 INFO: Epoch 388: loss=0.8236, RMSE_E=6.0 meV, RMSE_F=28.7 meV / A
2024-11-25 17:34:01.357 INFO: Epoch 390: loss=0.8231, RMSE_E=6.0 meV, RMSE_F=28.7 meV / A
2024-11-25 17:34:10.928 INFO: Epoch 392: loss=0.8228, RMSE_E=6.0 meV, RMSE_F=28.7 meV / A
2024-11-25 17:34:22.233 INFO: Epoch 394: loss=0.8219, RMSE_E=5.9 meV, RMSE_F=28.7 meV / A
2024-11-25 17:34:32.355 INFO: Epoch 396: loss=0.8213, RMSE_E=5.9 meV, RMSE_F=28.7 meV / A
2024-11-25 17:34:43.093 INFO: Epoch 398: loss=0.8207, RMSE_E=5.9 meV, RMSE_F=28.6 meV / A
2024-11-25 17:34:54.121 INFO: Epoch 400: loss=0.8203, RMSE_E=5.9 meV, RMSE_F=28.6 meV / A
2024-11-25 17:35:05.575 INFO: Epoch 402: loss=0.8197, RMSE_E=6.0 meV, RMSE_F=28.6 meV / A
2024-11-25 17:35:16.189 INFO: Epoch 404: loss=0.8191, RMSE_E=5.9 meV, RMSE_F=28.6 meV / A
2024-11-25 17:35:27.683 INFO: Epoch 406: loss=0.8184, RMSE_E=5.9 meV, RMSE_F=28.6 meV / A
2024-11-25 17:35:39.551 INFO: Epoch 408: loss=0.8178, RMSE_E=5.9 meV, RMSE_F=28.6 meV / A
2024-11-25 17:35:50.456 INFO: Epoch 410: loss=0.8172, RMSE_E=5.9 meV, RMSE_F=28.6 meV / A
2024-11-25 17:36:01.584 INFO: Epoch 412: loss=0.8168, RMSE_E=5.9 meV, RMSE_F=28.6 meV / A
2024-11-25 17:36:11.709 INFO: Epoch 414: loss=0.8162, RMSE_E=5.9 meV, RMSE_F=28.6 meV / A
2024-11-25 17:36:22.804 INFO: Epoch 416: loss=0.8156, RMSE_E=5.9 meV, RMSE_F=28.6 meV / A
2024-11-25 17:36:33.922 INFO: Epoch 418: loss=0.8150, RMSE_E=5.9 meV, RMSE_F=28.5 meV / A
2024-11-25 17:36:44.848 INFO: Epoch 420: loss=0.8145, RMSE_E=5.9 meV, RMSE_F=28.5 meV / A
2024-11-25 17:36:56.008 INFO: Epoch 422: loss=0.8138, RMSE_E=5.9 meV, RMSE_F=28.5 meV / A
2024-11-25 17:37:07.043 INFO: Epoch 424: loss=0.8130, RMSE_E=5.9 meV, RMSE_F=28.5 meV / A
2024-11-25 17:37:16.986 INFO: Epoch 426: loss=0.8124, RMSE_E=5.9 meV, RMSE_F=28.5 meV / A
2024-11-25 17:37:27.202 INFO: Epoch 428: loss=0.8119, RMSE_E=5.8 meV, RMSE_F=28.5 meV / A
2024-11-25 17:37:37.139 INFO: Epoch 430: loss=0.8114, RMSE_E=5.9 meV, RMSE_F=28.5 meV / A
2024-11-25 17:37:48.445 INFO: Epoch 432: loss=0.8108, RMSE_E=5.8 meV, RMSE_F=28.5 meV / A
2024-11-25 17:37:58.484 INFO: Epoch 434: loss=0.8103, RMSE_E=5.8 meV, RMSE_F=28.5 meV / A
2024-11-25 17:38:07.526 INFO: Epoch 436: loss=0.8099, RMSE_E=5.8 meV, RMSE_F=28.5 meV / A
2024-11-25 17:38:18.319 INFO: Epoch 438: loss=0.8091, RMSE_E=5.8 meV, RMSE_F=28.4 meV / A
2024-11-25 17:38:29.637 INFO: Epoch 440: loss=0.8084, RMSE_E=5.9 meV, RMSE_F=28.4 meV / A
2024-11-25 17:38:40.483 INFO: Epoch 442: loss=0.8080, RMSE_E=5.9 meV, RMSE_F=28.4 meV / A
2024-11-25 17:38:50.560 INFO: Epoch 444: loss=0.8074, RMSE_E=5.8 meV, RMSE_F=28.4 meV / A
2024-11-25 17:39:00.498 INFO: Epoch 446: loss=0.8070, RMSE_E=5.8 meV, RMSE_F=28.4 meV / A
2024-11-25 17:39:11.635 INFO: Epoch 448: loss=0.8065, RMSE_E=5.9 meV, RMSE_F=28.4 meV / A
2024-11-25 17:39:22.750 INFO: Epoch 450: loss=0.8060, RMSE_E=5.8 meV, RMSE_F=28.4 meV / A
2024-11-25 17:39:32.708 INFO: Epoch 452: loss=0.8056, RMSE_E=5.8 meV, RMSE_F=28.4 meV / A
2024-11-25 17:39:43.521 INFO: Epoch 454: loss=0.8052, RMSE_E=5.9 meV, RMSE_F=28.4 meV / A
2024-11-25 17:39:54.497 INFO: Epoch 456: loss=0.8047, RMSE_E=5.8 meV, RMSE_F=28.4 meV / A
2024-11-25 17:40:04.850 INFO: Epoch 458: loss=0.8042, RMSE_E=5.8 meV, RMSE_F=28.4 meV / A
2024-11-25 17:40:14.898 INFO: Epoch 460: loss=0.8036, RMSE_E=5.8 meV, RMSE_F=28.3 meV / A
2024-11-25 17:40:24.650 INFO: Epoch 462: loss=0.8032, RMSE_E=5.8 meV, RMSE_F=28.3 meV / A
2024-11-25 17:40:34.896 INFO: Epoch 464: loss=0.8029, RMSE_E=5.8 meV, RMSE_F=28.3 meV / A
2024-11-25 17:40:46.022 INFO: Epoch 466: loss=0.8023, RMSE_E=5.8 meV, RMSE_F=28.3 meV / A
2024-11-25 17:40:57.133 INFO: Epoch 468: loss=0.8016, RMSE_E=5.9 meV, RMSE_F=28.3 meV / A
2024-11-25 17:41:08.203 INFO: Epoch 470: loss=0.8013, RMSE_E=5.8 meV, RMSE_F=28.3 meV / A
2024-11-25 17:41:19.507 INFO: Epoch 472: loss=0.8008, RMSE_E=5.8 meV, RMSE_F=28.3 meV / A
2024-11-25 17:41:31.535 INFO: Epoch 474: loss=0.8005, RMSE_E=5.8 meV, RMSE_F=28.3 meV / A
2024-11-25 17:41:42.471 INFO: Epoch 476: loss=0.7999, RMSE_E=5.8 meV, RMSE_F=28.3 meV / A
2024-11-25 17:41:53.404 INFO: Epoch 478: loss=0.7995, RMSE_E=5.8 meV, RMSE_F=28.3 meV / A
2024-11-25 17:42:04.443 INFO: Epoch 480: loss=0.7989, RMSE_E=5.8 meV, RMSE_F=28.3 meV / A
2024-11-25 17:42:14.370 INFO: Epoch 482: loss=0.7983, RMSE_E=5.8 meV, RMSE_F=28.3 meV / A
2024-11-25 17:42:25.532 INFO: Epoch 484: loss=0.7979, RMSE_E=5.8 meV, RMSE_F=28.2 meV / A
2024-11-25 17:42:36.706 INFO: Epoch 486: loss=0.7974, RMSE_E=5.9 meV, RMSE_F=28.2 meV / A
2024-11-25 17:42:47.577 INFO: Epoch 488: loss=0.7970, RMSE_E=5.8 meV, RMSE_F=28.2 meV / A
2024-11-25 17:42:57.713 INFO: Epoch 490: loss=0.7968, RMSE_E=5.8 meV, RMSE_F=28.2 meV / A
2024-11-25 17:43:06.975 INFO: Epoch 492: loss=0.7962, RMSE_E=5.8 meV, RMSE_F=28.2 meV / A
2024-11-25 17:43:18.098 INFO: Epoch 494: loss=0.7957, RMSE_E=5.8 meV, RMSE_F=28.2 meV / A
2024-11-25 17:43:28.142 INFO: Epoch 496: loss=0.7954, RMSE_E=5.8 meV, RMSE_F=28.2 meV / A
2024-11-25 17:43:38.547 INFO: Epoch 498: loss=0.7951, RMSE_E=5.8 meV, RMSE_F=28.2 meV / A
2024-11-25 17:43:41.181 INFO: Training complete
2024-11-25 17:43:41.182 INFO: Computing metrics for training, validation, and test sets
2024-11-25 17:43:41.184 INFO: Loading checkpoint: checkpoints/salicylic_run-123_epoch-498.pt
2024-11-25 17:43:41.409 INFO: Loaded model from epoch 498
2024-11-25 17:43:41.410 INFO: Evaluating train ...
2024-11-25 17:43:41.725 INFO: Evaluating valid ...
2024-11-25 17:43:48.622 INFO: 
+-------------+--------------+------------------+-------------------+
| config_type | RMSE E / meV | RMSE F / meV / A | relative F RMSE % |
+-------------+--------------+------------------+-------------------+
|    train    |     2.8      |       3.5        |        0.27       |
|    valid    |     5.8      |       28.2       |        2.16       |
+-------------+--------------+------------------+-------------------+
2024-11-25 17:43:48.622 INFO: Saving model to checkpoints/salicylic_run-123.model
2024-11-25 17:43:50.148 INFO: Compiling model, saving metadata to salicylic_compiled.model
2024-11-25 17:43:51.735 INFO: Done
