AtomGraphSequential(
  (edge_embedding): EdgeEmbedding(
    (basis_function): BesselBasis()
    (cutoff_function): XPLORCutoff()
    (spherical): SphericalEncoding(
      (sph): SphericalHarmonics()
    )
  )
  (onehot_idx_to_onehot): OnehotEmbedding()
  (onehot_to_feature_x): IrrepsLinear(
    (linear): Linear(89x0e -> 128x0e | 11392 weights)
  )
  (0_self_connection_intro): SelfConnectionLinearIntro(
    (linear): Linear(128x0e -> 224x0e+64x1e+32x2e | 28672 weights)
  )
  (0_self_interaction_1): IrrepsLinear(
    (linear): Linear(128x0e -> 128x0e | 16384 weights)
  )
  (0_convolution): IrrepsConvolution(
    (convolution): TensorProduct(128x0e x 1x0e+1x1e+1x2e -> 128x0e+128x1e+128x2e | 384 paths | 384 weights)
    (weight_nn): FullyConnectedNet[8, 64, 64, 384]
  )
  (0_self_interaction_2): IrrepsLinear(
    (linear): Linear(128x0e+128x1e+128x2e -> 224x0e+64x1e+32x2e | 40960 weights)
  )
  (0_self_connection_outro): SelfConnectionOutro()
  (0_equivariant_gate): EquivariantGate(
    (gate): Gate (224x0e+64x1e+32x2e -> 128x0e+64x1e+32x2e)
  )
  (0_adapter): AdapterBlock(
    (linear_1): Linear(in_features=480, out_features=60, bias=True)
    (linear_2): Linear(in_features=60, out_features=480, bias=True)
    (relu): ReLU()
  )
  (1_self_connection_intro): SelfConnectionLinearIntro(
    (linear): Linear(128x0e+64x1e+32x2e -> 224x0e+64x1e+32x2e | 33792 weights)
  )
  (1_self_interaction_1): IrrepsLinear(
    (linear): Linear(128x0e+64x1e+32x2e -> 128x0e+64x1e+32x2e | 21504 weights)
  )
  (1_convolution): IrrepsConvolution(
    (convolution): TensorProduct(128x0e+64x1e+32x2e x 1x0e+1x1e+1x2e -> 224x0e+384x1e+352x2e | 960 paths | 960 weights)
    (weight_nn): FullyConnectedNet[8, 64, 64, 960]
  )
  (1_self_interaction_2): IrrepsLinear(
    (linear): Linear(224x0e+384x1e+352x2e -> 224x0e+64x1e+32x2e | 86016 weights)
  )
  (1_self_connection_outro): SelfConnectionOutro()
  (1_equivariant_gate): EquivariantGate(
    (gate): Gate (224x0e+64x1e+32x2e -> 128x0e+64x1e+32x2e)
  )
  (1_adapter): AdapterBlock(
    (linear_1): Linear(in_features=480, out_features=60, bias=True)
    (linear_2): Linear(in_features=60, out_features=480, bias=True)
    (relu): ReLU()
  )
  (2_self_connection_intro): SelfConnectionLinearIntro(
    (linear): Linear(128x0e+64x1e+32x2e -> 224x0e+64x1e+32x2e | 33792 weights)
  )
  (2_self_interaction_1): IrrepsLinear(
    (linear): Linear(128x0e+64x1e+32x2e -> 128x0e+64x1e+32x2e | 21504 weights)
  )
  (2_convolution): IrrepsConvolution(
    (convolution): TensorProduct(128x0e+64x1e+32x2e x 1x0e+1x1e+1x2e -> 224x0e+384x1e+352x2e | 960 paths | 960 weights)
    (weight_nn): FullyConnectedNet[8, 64, 64, 960]
  )
  (2_self_interaction_2): IrrepsLinear(
    (linear): Linear(224x0e+384x1e+352x2e -> 224x0e+64x1e+32x2e | 86016 weights)
  )
  (2_self_connection_outro): SelfConnectionOutro()
  (2_equivariant_gate): EquivariantGate(
    (gate): Gate (224x0e+64x1e+32x2e -> 128x0e+64x1e+32x2e)
  )
  (2_adapter): AdapterBlock(
    (linear_1): Linear(in_features=480, out_features=60, bias=True)
    (linear_2): Linear(in_features=60, out_features=480, bias=True)
    (relu): ReLU()
  )
  (3_self_connection_intro): SelfConnectionLinearIntro(
    (linear): Linear(128x0e+64x1e+32x2e -> 224x0e+64x1e+32x2e | 33792 weights)
  )
  (3_self_interaction_1): IrrepsLinear(
    (linear): Linear(128x0e+64x1e+32x2e -> 128x0e+64x1e+32x2e | 21504 weights)
  )
  (3_convolution): IrrepsConvolution(
    (convolution): TensorProduct(128x0e+64x1e+32x2e x 1x0e+1x1e+1x2e -> 224x0e+384x1e+352x2e | 960 paths | 960 weights)
    (weight_nn): FullyConnectedNet[8, 64, 64, 960]
  )
  (3_self_interaction_2): IrrepsLinear(
    (linear): Linear(224x0e+384x1e+352x2e -> 224x0e+64x1e+32x2e | 86016 weights)
  )
  (3_self_connection_outro): SelfConnectionOutro()
  (3_equivariant_gate): EquivariantGate(
    (gate): Gate (224x0e+64x1e+32x2e -> 128x0e+64x1e+32x2e)
  )
  (3_adapter): AdapterBlock(
    (linear_1): Linear(in_features=480, out_features=60, bias=True)
    (linear_2): Linear(in_features=60, out_features=480, bias=True)
    (relu): ReLU()
  )
  (4_self_connection_intro): SelfConnectionLinearIntro(
    (linear): Linear(128x0e+64x1e+32x2e -> 128x0e | 16384 weights)
  )
  (4_self_interaction_1): IrrepsLinear(
    (linear): Linear(128x0e+64x1e+32x2e -> 128x0e+64x1e+32x2e | 21504 weights)
  )
  (4_convolution): IrrepsConvolution(
    (convolution): TensorProduct(128x0e+64x1e+32x2e x 1x0e+1x1e+1x2e -> 224x0e | 224 paths | 224 weights)
    (weight_nn): FullyConnectedNet[8, 64, 64, 224]
  )
  (4_self_interaction_2): IrrepsLinear(
    (linear): Linear(224x0e -> 128x0e | 28672 weights)
  )
  (4_self_connection_outro): SelfConnectionOutro()
  (4_equivariant_gate): EquivariantGate(
    (gate): Gate (128x0e -> 128x0e)
  )
  (4_adapter): AdapterBlock(
    (linear_1): Linear(in_features=128, out_features=16, bias=True)
    (linear_2): Linear(in_features=16, out_features=128, bias=True)
    (relu): ReLU()
  )
  (reduce_input_to_hidden): IrrepsLinear(
    (linear): Linear(128x0e -> 64x0e | 8192 weights)
  )
  (reduce_hidden_to_energy): IrrepsLinear(
    (linear): Linear(64x0e -> 1x0e | 64 weights)
  )
  (rescale_atomic_energy): SpeciesWiseRescale()
  (reduce_total_enegy): AtomReduce()
  (force_output): ForceStressOutputFromEdge()
)
# graphs for training: 6449
# graphs for validation: 276
[(Energy, 1.0), (Force, 1.0)]
Adam (
Parameter Group 0
    amsgrad: False
    betas: (0.9, 0.999)
    capturable: False
    differentiable: False
    eps: 1e-08
    foreach: None
    fused: None
    initial_lr: 0.004
    lr: 0.004
    maximize: False
    weight_decay: 0
)
<torch.optim.lr_scheduler.LinearLR object at 0x7f63915cb490>
Energy_RMSE (eV/atom): nan
Force_RMSE (eV/Å): nan
Energy_MAE (eV/atom): nan
Force_MAE (eV/Å): nan
Energy_Loss: nan
Force_Loss: nan
TotalLoss: nan
SevenNet: Scalable EquVariance-Enabled Neural Network
version 0.10.2, Fri Mar 28 23:22:50 2025
this file: None
reading yaml config...
                ****
              ********                                   .
              *//////,  ..                               .            ,*.
               ,,***.         ..                        ,          ********.                                  ./,
             .      .                ..   /////.       .,       . */////////                               /////////.
        .&@&/        .                  .(((((((..     /           *//////*.  ...                         *((((((((((.
     @@@@@@@@@@*    @@@@@@@@@@  @@@@@    *((@@@@@     (     %@@@@@@@@@@  .@@@@@@     ..@@@@.   @@@@@@*    .(@@@@@(((*
    @@@@@.          @@@@         @@@@@ .   @@@@@      #     %@@@@         @@@@@@@@     @@@@(,  @@@@@@@@.    @@@@@(*.
    %@@@@@@@&       @@@@@@@@@@    @@@@@   @@@@@      #  ., .%@@@@@@@@@    @@@@@@@@@@   @@@@,   @@@@@@@@@@   @@@@@
    ,(%@@@@@@@@@    @@@@@@@@@@     @@@@@ @@@@&       (//////%@@@@@@@@@    @@@@  @@@@@@ @@@@  . @@@@@  @@@@@.@@@@@
        .   @@@@@   @@@@ .       .  @@@@@@@@%   . . ( .////,%@@@@         @@@@    @@@@@@@@@    @@@@@    @@@@@@@@@
    (@@@@@@@@@@@    @@@@@@@@@@**.    @@@@@@*       *.      .%@@@@@@@@@@   @@@@    . @@@@@@@    @@@@@     .@@@@@@@
     @@@@@@@@@.     @@@@@@@@@@///,    @@@@.      . /        %@@@@@@@@@@   @@@@***,    @@@@@    @@@@@        @@@@@
           .           //////////*.               /           .            .*******...             . ,.
          .&&&&&...     ,//////*.       ...////.  /            ,*/.     .   ,////,               .,/////
          &@@@@@@                         ,(/((, *           ,((((((.                              .***.
           ,/@(,                            ..   *            ,((((*
                                                ,
                                               .
Epoch 1/50  Learning rate: 0.004000
------------------------------------------------------------------------------------------------------------------------
       Energy_RMSE (eV/atom)   Force_RMSE (eV/Å)   Energy_MAE (eV/atom)   Force_MAE (eV/Å)   Energy_Loss   Force_Loss   TotalLoss  
-----------------------------------------------------------------------------------------------------------------------------------
Train               0.068816            0.236704               0.037649           0.086708      0.000330     0.000826    0.001157
Valid               0.025054            0.171255               0.017239           0.071559      0.000128     0.000716    0.000844
Epoch 1 elapsed: 0:03:26.02
Epoch 2/50  Learning rate: 0.003920
------------------------------------------------------------------------------------------------------------------------
       Energy_RMSE (eV/atom)   Force_RMSE (eV/Å)   Energy_MAE (eV/atom)   Force_MAE (eV/Å)   Energy_Loss   Force_Loss   TotalLoss  
-----------------------------------------------------------------------------------------------------------------------------------
Train               0.100104            0.201593               0.024894           0.073082      0.000204     0.000690    0.000894
Valid               0.019510            0.169987               0.015570           0.070449      0.000110     0.000694    0.000804
Epoch 2 elapsed: 0:03:19.06
Epoch 3/50  Learning rate: 0.003840
------------------------------------------------------------------------------------------------------------------------
       Energy_RMSE (eV/atom)   Force_RMSE (eV/Å)   Energy_MAE (eV/atom)   Force_MAE (eV/Å)   Energy_Loss   Force_Loss   TotalLoss  
-----------------------------------------------------------------------------------------------------------------------------------
Train               0.025791            0.156732               0.019471           0.065198      0.000151     0.000606    0.000757
Valid               0.031689            0.165029               0.020045           0.068335      0.000156     0.000706    0.000862
Epoch 3 elapsed: 0:03:15.66
Epoch 4/50  Learning rate: 0.003760
------------------------------------------------------------------------------------------------------------------------
       Energy_RMSE (eV/atom)   Force_RMSE (eV/Å)   Energy_MAE (eV/atom)   Force_MAE (eV/Å)   Energy_Loss   Force_Loss   TotalLoss  
-----------------------------------------------------------------------------------------------------------------------------------
Train               0.242113            0.259890               0.026888           0.068298      0.000225     0.000640    0.000865
Valid               1.030697            6.231962               0.830585           2.294728      0.008240     0.024196    0.032436
Epoch 4 elapsed: 0:03:18.67
Epoch 5/50  Learning rate: 0.003680
------------------------------------------------------------------------------------------------------------------------
       Energy_RMSE (eV/atom)   Force_RMSE (eV/Å)   Energy_MAE (eV/atom)   Force_MAE (eV/Å)   Energy_Loss   Force_Loss   TotalLoss  
-----------------------------------------------------------------------------------------------------------------------------------
Train               0.273401            0.456619               0.046556           0.094167      0.000420     0.000913    0.001332
Valid               0.019980            0.166913               0.014278           0.068949      0.000100     0.000693    0.000794
Epoch 5 elapsed: 0:03:19.57
Epoch 6/50  Learning rate: 0.003600
------------------------------------------------------------------------------------------------------------------------
       Energy_RMSE (eV/atom)   Force_RMSE (eV/Å)   Energy_MAE (eV/atom)   Force_MAE (eV/Å)   Energy_Loss   Force_Loss   TotalLoss  
-----------------------------------------------------------------------------------------------------------------------------------
Train               0.024982            0.160541               0.019073           0.065954      0.000147     0.000617    0.000764
Valid               0.024027            0.157826               0.017405           0.065114      0.000128     0.000656    0.000784
Epoch 6 elapsed: 0:03:19.08
Epoch 7/50  Learning rate: 0.003520
------------------------------------------------------------------------------------------------------------------------
       Energy_RMSE (eV/atom)   Force_RMSE (eV/Å)   Energy_MAE (eV/atom)   Force_MAE (eV/Å)   Energy_Loss   Force_Loss   TotalLoss  
-----------------------------------------------------------------------------------------------------------------------------------
Train               0.039802            0.195822               0.021848           0.067929      0.000174     0.000634    0.000808
Valid               0.031377            0.175174               0.019071           0.068731      0.000147     0.000684    0.000830
Epoch 7 elapsed: 0:03:17.58
Epoch 8/50  Learning rate: 0.003440
------------------------------------------------------------------------------------------------------------------------
       Energy_RMSE (eV/atom)   Force_RMSE (eV/Å)   Energy_MAE (eV/atom)   Force_MAE (eV/Å)   Energy_Loss   Force_Loss   TotalLoss  
-----------------------------------------------------------------------------------------------------------------------------------
Train               0.025138            0.151321               0.018872           0.062405      0.000144     0.000580    0.000725
Valid               0.040427            0.142817               0.034821           0.059060      0.000302     0.000573    0.000874
Epoch 8 elapsed: 0:03:20.90
Epoch 9/50  Learning rate: 0.003360
------------------------------------------------------------------------------------------------------------------------
       Energy_RMSE (eV/atom)   Force_RMSE (eV/Å)   Energy_MAE (eV/atom)   Force_MAE (eV/Å)   Energy_Loss   Force_Loss   TotalLoss  
-----------------------------------------------------------------------------------------------------------------------------------
Train               0.028938            0.192638               0.017737           0.063242      0.000134     0.000586    0.000720
Valid               0.024207            0.146523               0.019717           0.060396      0.000151     0.000593    0.000744
Epoch 9 elapsed: 0:03:20.46
Epoch 10/50  Learning rate: 0.003280
------------------------------------------------------------------------------------------------------------------------
       Energy_RMSE (eV/atom)   Force_RMSE (eV/Å)   Energy_MAE (eV/atom)   Force_MAE (eV/Å)   Energy_Loss   Force_Loss   TotalLoss  
-----------------------------------------------------------------------------------------------------------------------------------
Train               0.020852            0.143091               0.016081           0.059316      0.000118     0.000548    0.000666
Valid               0.014130            0.138898               0.010544           0.058022      0.000065     0.000560    0.000625
Epoch 10 elapsed: 0:03:21.33
Epoch 11/50  Learning rate: 0.003200
------------------------------------------------------------------------------------------------------------------------
       Energy_RMSE (eV/atom)   Force_RMSE (eV/Å)   Energy_MAE (eV/atom)   Force_MAE (eV/Å)   Energy_Loss   Force_Loss   TotalLoss  
-----------------------------------------------------------------------------------------------------------------------------------
Train               4.360915            2.827084               0.111751           0.142985      0.001072     0.001518    0.002590
Valid               0.033035            0.192597               0.025784           0.078912      0.000213     0.000790    0.001003
Epoch 11 elapsed: 0:03:17.58
Epoch 12/50  Learning rate: 0.003120
------------------------------------------------------------------------------------------------------------------------
       Energy_RMSE (eV/atom)   Force_RMSE (eV/Å)   Energy_MAE (eV/atom)   Force_MAE (eV/Å)   Energy_Loss   Force_Loss   TotalLoss  
-----------------------------------------------------------------------------------------------------------------------------------
Train               0.035856            0.178255               0.025764           0.073117      0.000212     0.000689    0.000901
Valid               0.027809            0.166236               0.024196           0.068372      0.000194     0.000680    0.000874
Epoch 12 elapsed: 0:03:21.01
Epoch 13/50  Learning rate: 0.003040
------------------------------------------------------------------------------------------------------------------------
       Energy_RMSE (eV/atom)   Force_RMSE (eV/Å)   Energy_MAE (eV/atom)   Force_MAE (eV/Å)   Energy_Loss   Force_Loss   TotalLoss  
-----------------------------------------------------------------------------------------------------------------------------------
Train               0.035615            0.165681               0.025831           0.068006      0.000213     0.000637    0.000849
Valid               0.025418            0.161225               0.019595           0.065809      0.000150     0.000662    0.000813
Epoch 13 elapsed: 0:03:18.90
Epoch 14/50  Learning rate: 0.002960
------------------------------------------------------------------------------------------------------------------------
       Energy_RMSE (eV/atom)   Force_RMSE (eV/Å)   Energy_MAE (eV/atom)   Force_MAE (eV/Å)   Energy_Loss   Force_Loss   TotalLoss  
-----------------------------------------------------------------------------------------------------------------------------------
Train               0.033425            0.161731               0.024469           0.065625      0.000199     0.000611    0.000811
Valid               0.022964            0.158368               0.017558           0.064063      0.000132     0.000632    0.000764
Epoch 14 elapsed: 0:03:18.90
Epoch 15/50  Learning rate: 0.002880
------------------------------------------------------------------------------------------------------------------------
       Energy_RMSE (eV/atom)   Force_RMSE (eV/Å)   Energy_MAE (eV/atom)   Force_MAE (eV/Å)   Energy_Loss   Force_Loss   TotalLoss  
-----------------------------------------------------------------------------------------------------------------------------------
Train               0.031099            0.155797               0.023347           0.063765      0.000188     0.000593    0.000781
Valid               0.053461            0.163605               0.036337           0.065067      0.000317     0.000653    0.000970
Epoch 15 elapsed: 0:03:23.84
Epoch 16/50  Learning rate: 0.002800
------------------------------------------------------------------------------------------------------------------------
       Energy_RMSE (eV/atom)   Force_RMSE (eV/Å)   Energy_MAE (eV/atom)   Force_MAE (eV/Å)   Energy_Loss   Force_Loss   TotalLoss  
-----------------------------------------------------------------------------------------------------------------------------------
Train               0.030212            0.152142               0.022292           0.062219      0.000178     0.000578    0.000756
Valid               0.018663            0.161395               0.015205           0.065045      0.000108     0.000632    0.000740
Epoch 16 elapsed: 0:03:18.04
Epoch 17/50  Learning rate: 0.002720
------------------------------------------------------------------------------------------------------------------------
       Energy_RMSE (eV/atom)   Force_RMSE (eV/Å)   Energy_MAE (eV/atom)   Force_MAE (eV/Å)   Energy_Loss   Force_Loss   TotalLoss  
-----------------------------------------------------------------------------------------------------------------------------------
Train               0.027501            0.148388               0.020575           0.060908      0.000161     0.000564    0.000725
Valid               0.036334            0.150296               0.030175           0.060460      0.000259     0.000592    0.000850
Epoch 17 elapsed: 0:03:25.49
Epoch 18/50  Learning rate: 0.002640
------------------------------------------------------------------------------------------------------------------------
       Energy_RMSE (eV/atom)   Force_RMSE (eV/Å)   Energy_MAE (eV/atom)   Force_MAE (eV/Å)   Energy_Loss   Force_Loss   TotalLoss  
-----------------------------------------------------------------------------------------------------------------------------------
Train               0.026727            0.145819               0.019948           0.059737      0.000155     0.000552    0.000707
Valid               0.013100            0.143340               0.010101           0.059546      0.000060     0.000589    0.000649
Epoch 18 elapsed: 0:03:21.83
Epoch 19/50  Learning rate: 0.002560
------------------------------------------------------------------------------------------------------------------------
       Energy_RMSE (eV/atom)   Force_RMSE (eV/Å)   Energy_MAE (eV/atom)   Force_MAE (eV/Å)   Energy_Loss   Force_Loss   TotalLoss  
-----------------------------------------------------------------------------------------------------------------------------------
Train               0.026652            0.144181               0.019933           0.059151      0.000155     0.000546    0.000701
Valid               0.022252            0.139813               0.015122           0.057492      0.000109     0.000564    0.000673
Epoch 19 elapsed: 0:03:26.11
Epoch 20/50  Learning rate: 0.002480
------------------------------------------------------------------------------------------------------------------------
       Energy_RMSE (eV/atom)   Force_RMSE (eV/Å)   Energy_MAE (eV/atom)   Force_MAE (eV/Å)   Energy_Loss   Force_Loss   TotalLoss  
-----------------------------------------------------------------------------------------------------------------------------------
Train               0.024778            0.141011               0.018603           0.057971      0.000142     0.000534    0.000676
Valid               0.015696            0.134775               0.012717           0.055424      0.000083     0.000521    0.000604
Epoch 20 elapsed: 0:03:21.09
Epoch 21/50  Learning rate: 0.002400
------------------------------------------------------------------------------------------------------------------------
       Energy_RMSE (eV/atom)   Force_RMSE (eV/Å)   Energy_MAE (eV/atom)   Force_MAE (eV/Å)   Energy_Loss   Force_Loss   TotalLoss  
-----------------------------------------------------------------------------------------------------------------------------------
Train               0.028612            0.143121               0.020993           0.058550      0.000165     0.000540    0.000705
Valid               0.020206            0.142847               0.014027           0.058165      0.000100     0.000565    0.000664
Epoch 21 elapsed: 0:03:27.67
Epoch 22/50  Learning rate: 0.002320
------------------------------------------------------------------------------------------------------------------------
       Energy_RMSE (eV/atom)   Force_RMSE (eV/Å)   Energy_MAE (eV/atom)   Force_MAE (eV/Å)   Energy_Loss   Force_Loss   TotalLoss  
-----------------------------------------------------------------------------------------------------------------------------------
Train               0.022650            0.139486               0.016788           0.057312      0.000125     0.000526    0.000651
Valid               0.038351            0.142135               0.031854           0.058055      0.000273     0.000561    0.000834
Epoch 22 elapsed: 0:03:29.62
Epoch 23/50  Learning rate: 0.002240
------------------------------------------------------------------------------------------------------------------------
       Energy_RMSE (eV/atom)   Force_RMSE (eV/Å)   Energy_MAE (eV/atom)   Force_MAE (eV/Å)   Energy_Loss   Force_Loss   TotalLoss  
-----------------------------------------------------------------------------------------------------------------------------------
Train               0.024228            0.139050               0.018183           0.057102      0.000138     0.000526    0.000664
Valid               0.036748            0.146921               0.029722           0.060278      0.000255     0.000564    0.000818
Epoch 23 elapsed: 0:03:29.16
Epoch 24/50  Learning rate: 0.002160
------------------------------------------------------------------------------------------------------------------------
       Energy_RMSE (eV/atom)   Force_RMSE (eV/Å)   Energy_MAE (eV/atom)   Force_MAE (eV/Å)   Energy_Loss   Force_Loss   TotalLoss  
-----------------------------------------------------------------------------------------------------------------------------------
Train               0.021101            0.137222               0.015648           0.056350      0.000114     0.000518    0.000631
Valid               0.022479            0.148827               0.017390           0.060836      0.000128     0.000583    0.000711
Epoch 24 elapsed: 0:03:26.75
Epoch 25/50  Learning rate: 0.002080
------------------------------------------------------------------------------------------------------------------------
       Energy_RMSE (eV/atom)   Force_RMSE (eV/Å)   Energy_MAE (eV/atom)   Force_MAE (eV/Å)   Energy_Loss   Force_Loss   TotalLoss  
-----------------------------------------------------------------------------------------------------------------------------------
Train               0.020715            0.135526               0.015614           0.055613      0.000113     0.000509    0.000623
Valid               0.015810            0.132615               0.012342           0.054436      0.000081     0.000507    0.000588
Epoch 25 elapsed: 0:03:26.49
Epoch 26/50  Learning rate: 0.002000
------------------------------------------------------------------------------------------------------------------------
       Energy_RMSE (eV/atom)   Force_RMSE (eV/Å)   Energy_MAE (eV/atom)   Force_MAE (eV/Å)   Energy_Loss   Force_Loss   TotalLoss  
-----------------------------------------------------------------------------------------------------------------------------------
Train               0.020115            0.134423               0.015272           0.055031      0.000110     0.000503    0.000614
Valid               0.029315            0.139389               0.022941           0.055982      0.000189     0.000520    0.000709
Epoch 26 elapsed: 0:03:21.23
Epoch 27/50  Learning rate: 0.001920
------------------------------------------------------------------------------------------------------------------------
       Energy_RMSE (eV/atom)   Force_RMSE (eV/Å)   Energy_MAE (eV/atom)   Force_MAE (eV/Å)   Energy_Loss   Force_Loss   TotalLoss  
-----------------------------------------------------------------------------------------------------------------------------------
Train               0.018880            0.132558               0.014297           0.054225      0.000101     0.000495    0.000595
Valid               0.017429            0.129977               0.014218           0.053013      0.000098     0.000489    0.000587
Epoch 27 elapsed: 0:03:22.69
Epoch 28/50  Learning rate: 0.001840
------------------------------------------------------------------------------------------------------------------------
       Energy_RMSE (eV/atom)   Force_RMSE (eV/Å)   Energy_MAE (eV/atom)   Force_MAE (eV/Å)   Energy_Loss   Force_Loss   TotalLoss  
-----------------------------------------------------------------------------------------------------------------------------------
Train               0.017814            0.131360               0.013676           0.053708      0.000095     0.000490    0.000585
Valid               0.013914            0.130259               0.011192           0.053412      0.000071     0.000505    0.000575
Epoch 28 elapsed: 0:03:19.68
Epoch 29/50  Learning rate: 0.001760
------------------------------------------------------------------------------------------------------------------------
       Energy_RMSE (eV/atom)   Force_RMSE (eV/Å)   Energy_MAE (eV/atom)   Force_MAE (eV/Å)   Energy_Loss   Force_Loss   TotalLoss  
-----------------------------------------------------------------------------------------------------------------------------------
Train               0.018372            0.130523               0.013912           0.053303      0.000097     0.000486    0.000583
Valid               0.017199            0.124259               0.014444           0.050637      0.000099     0.000464    0.000563
Epoch 29 elapsed: 0:03:21.77
Epoch 30/50  Learning rate: 0.001680
------------------------------------------------------------------------------------------------------------------------
       Energy_RMSE (eV/atom)   Force_RMSE (eV/Å)   Energy_MAE (eV/atom)   Force_MAE (eV/Å)   Energy_Loss   Force_Loss   TotalLoss  
-----------------------------------------------------------------------------------------------------------------------------------
Train               0.018928            0.130207               0.014092           0.053218      0.000099     0.000484    0.000583
Valid               0.015754            0.130643               0.012640           0.054519      0.000084     0.000510    0.000594
Epoch 30 elapsed: 0:03:24.89
Epoch 31/50  Learning rate: 0.001600
------------------------------------------------------------------------------------------------------------------------
       Energy_RMSE (eV/atom)   Force_RMSE (eV/Å)   Energy_MAE (eV/atom)   Force_MAE (eV/Å)   Energy_Loss   Force_Loss   TotalLoss  
-----------------------------------------------------------------------------------------------------------------------------------
Train               0.018050            0.128940               0.013592           0.052672      0.000094     0.000480    0.000574
Valid               0.009335            0.126670               0.007253           0.051345      0.000037     0.000465    0.000502
Epoch 31 elapsed: 0:03:23.93
Epoch 32/50  Learning rate: 0.001520
------------------------------------------------------------------------------------------------------------------------
       Energy_RMSE (eV/atom)   Force_RMSE (eV/Å)   Energy_MAE (eV/atom)   Force_MAE (eV/Å)   Energy_Loss   Force_Loss   TotalLoss  
-----------------------------------------------------------------------------------------------------------------------------------
Train               0.016508            0.127933               0.012632           0.052210      0.000085     0.000474    0.000559
Valid               0.008918            0.125482               0.007022           0.050794      0.000034     0.000460    0.000494
Epoch 32 elapsed: 0:03:26.10
Epoch 33/50  Learning rate: 0.001440
------------------------------------------------------------------------------------------------------------------------
       Energy_RMSE (eV/atom)   Force_RMSE (eV/Å)   Energy_MAE (eV/atom)   Force_MAE (eV/Å)   Energy_Loss   Force_Loss   TotalLoss  
-----------------------------------------------------------------------------------------------------------------------------------
Train               0.016350            0.127196               0.012306           0.051900      0.000082     0.000471    0.000554
Valid               0.016755            0.124329               0.013638           0.050271      0.000095     0.000455    0.000550
Epoch 33 elapsed: 0:03:26.37
Epoch 34/50  Learning rate: 0.001360
------------------------------------------------------------------------------------------------------------------------
       Energy_RMSE (eV/atom)   Force_RMSE (eV/Å)   Energy_MAE (eV/atom)   Force_MAE (eV/Å)   Energy_Loss   Force_Loss   TotalLoss  
-----------------------------------------------------------------------------------------------------------------------------------
Train               0.016086            0.126401               0.012068           0.051525      0.000080     0.000468    0.000548
Valid               0.012000            0.121675               0.009348           0.049305      0.000055     0.000445    0.000500
Epoch 34 elapsed: 0:03:19.99
Epoch 35/50  Learning rate: 0.001280
------------------------------------------------------------------------------------------------------------------------
       Energy_RMSE (eV/atom)   Force_RMSE (eV/Å)   Energy_MAE (eV/atom)   Force_MAE (eV/Å)   Energy_Loss   Force_Loss   TotalLoss  
-----------------------------------------------------------------------------------------------------------------------------------
Train               0.015634            0.125797               0.011970           0.051225      0.000079     0.000463    0.000542
Valid               0.010445            0.124622               0.008096           0.050291      0.000044     0.000455    0.000499
Epoch 35 elapsed: 0:03:20.95
Epoch 36/50  Learning rate: 0.001200
------------------------------------------------------------------------------------------------------------------------
       Energy_RMSE (eV/atom)   Force_RMSE (eV/Å)   Energy_MAE (eV/atom)   Force_MAE (eV/Å)   Energy_Loss   Force_Loss   TotalLoss  
-----------------------------------------------------------------------------------------------------------------------------------
Train               0.013983            0.124812               0.010766           0.050779      0.000068     0.000459    0.000527
Valid               0.015187            0.124418               0.010491           0.049967      0.000066     0.000454    0.000519
Epoch 36 elapsed: 0:03:24.10
Epoch 37/50  Learning rate: 0.001120
------------------------------------------------------------------------------------------------------------------------
       Energy_RMSE (eV/atom)   Force_RMSE (eV/Å)   Energy_MAE (eV/atom)   Force_MAE (eV/Å)   Energy_Loss   Force_Loss   TotalLoss  
-----------------------------------------------------------------------------------------------------------------------------------
Train               0.014184            0.124175               0.010817           0.050495      0.000068     0.000458    0.000527
Valid               0.008672            0.120436               0.006951           0.048554      0.000033     0.000437    0.000469
Epoch 37 elapsed: 0:03:19.78
Epoch 38/50  Learning rate: 0.001040
------------------------------------------------------------------------------------------------------------------------
       Energy_RMSE (eV/atom)   Force_RMSE (eV/Å)   Energy_MAE (eV/atom)   Force_MAE (eV/Å)   Energy_Loss   Force_Loss   TotalLoss  
-----------------------------------------------------------------------------------------------------------------------------------
Train               0.013391            0.123802               0.010246           0.050253      0.000063     0.000455    0.000519
Valid               0.011189            0.119069               0.008299           0.048281      0.000047     0.000430    0.000478
Epoch 38 elapsed: 0:03:28.79
Epoch 39/50  Learning rate: 0.000960
------------------------------------------------------------------------------------------------------------------------
       Energy_RMSE (eV/atom)   Force_RMSE (eV/Å)   Energy_MAE (eV/atom)   Force_MAE (eV/Å)   Energy_Loss   Force_Loss   TotalLoss  
-----------------------------------------------------------------------------------------------------------------------------------
Train               0.013559            0.123179               0.010425           0.050018      0.000065     0.000451    0.000516
Valid               0.011445            0.119838               0.009564           0.048160      0.000055     0.000432    0.000487
Epoch 39 elapsed: 0:03:22.46
Epoch 40/50  Learning rate: 0.000880
------------------------------------------------------------------------------------------------------------------------
       Energy_RMSE (eV/atom)   Force_RMSE (eV/Å)   Energy_MAE (eV/atom)   Force_MAE (eV/Å)   Energy_Loss   Force_Loss   TotalLoss  
-----------------------------------------------------------------------------------------------------------------------------------
Train               0.011986            0.122519               0.009193           0.049703      0.000054     0.000449    0.000503
Valid               0.016119            0.120939               0.012580           0.048891      0.000086     0.000438    0.000524
Epoch 40 elapsed: 0:03:22.26
Epoch 41/50  Learning rate: 0.000800
------------------------------------------------------------------------------------------------------------------------
       Energy_RMSE (eV/atom)   Force_RMSE (eV/Å)   Energy_MAE (eV/atom)   Force_MAE (eV/Å)   Energy_Loss   Force_Loss   TotalLoss  
-----------------------------------------------------------------------------------------------------------------------------------
Train               0.012067            0.121975               0.009172           0.049429      0.000054     0.000446    0.000500
Valid               0.008533            0.119257               0.006697           0.048264      0.000032     0.000430    0.000461
Epoch 41 elapsed: 0:03:27.33
Epoch 42/50  Learning rate: 0.000720
------------------------------------------------------------------------------------------------------------------------
       Energy_RMSE (eV/atom)   Force_RMSE (eV/Å)   Energy_MAE (eV/atom)   Force_MAE (eV/Å)   Energy_Loss   Force_Loss   TotalLoss  
-----------------------------------------------------------------------------------------------------------------------------------
Train               0.011993            0.121630               0.009133           0.049279      0.000053     0.000445    0.000498
Valid               0.019602            0.118580               0.016020           0.047903      0.000115     0.000431    0.000546
Epoch 42 elapsed: 0:03:25.09
Epoch 43/50  Learning rate: 0.000640
------------------------------------------------------------------------------------------------------------------------
       Energy_RMSE (eV/atom)   Force_RMSE (eV/Å)   Energy_MAE (eV/atom)   Force_MAE (eV/Å)   Energy_Loss   Force_Loss   TotalLoss  
-----------------------------------------------------------------------------------------------------------------------------------
Train               0.011178            0.121190               0.008565           0.049035      0.000048     0.000443    0.000491
Valid               0.008167            0.118168               0.006637           0.047590      0.000030     0.000425    0.000454
Epoch 43 elapsed: 0:03:25.20
Epoch 44/50  Learning rate: 0.000560
------------------------------------------------------------------------------------------------------------------------
       Energy_RMSE (eV/atom)   Force_RMSE (eV/Å)   Energy_MAE (eV/atom)   Force_MAE (eV/Å)   Energy_Loss   Force_Loss   TotalLoss  
-----------------------------------------------------------------------------------------------------------------------------------
Train               0.010494            0.120761               0.007999           0.048794      0.000044     0.000441    0.000484
Valid               0.009697            0.119306               0.008044           0.047787      0.000041     0.000428    0.000469
Epoch 44 elapsed: 0:03:21.29
Epoch 45/50  Learning rate: 0.000480
------------------------------------------------------------------------------------------------------------------------
       Energy_RMSE (eV/atom)   Force_RMSE (eV/Å)   Energy_MAE (eV/atom)   Force_MAE (eV/Å)   Energy_Loss   Force_Loss   TotalLoss  
-----------------------------------------------------------------------------------------------------------------------------------
Train               0.010315            0.120410               0.007806           0.048613      0.000042     0.000437    0.000479
Valid               0.009896            0.119247               0.007772           0.047807      0.000040     0.000427    0.000467
Epoch 45 elapsed: 0:03:24.25
Epoch 46/50  Learning rate: 0.000400
------------------------------------------------------------------------------------------------------------------------
       Energy_RMSE (eV/atom)   Force_RMSE (eV/Å)   Energy_MAE (eV/atom)   Force_MAE (eV/Å)   Energy_Loss   Force_Loss   TotalLoss  
-----------------------------------------------------------------------------------------------------------------------------------
Train               0.009621            0.120018               0.007346           0.048471      0.000038     0.000437    0.000475
Valid               0.007535            0.117509               0.006020           0.047106      0.000026     0.000420    0.000446
Epoch 46 elapsed: 0:03:27.50
Epoch 47/50  Learning rate: 0.000320
------------------------------------------------------------------------------------------------------------------------
       Energy_RMSE (eV/atom)   Force_RMSE (eV/Å)   Energy_MAE (eV/atom)   Force_MAE (eV/Å)   Energy_Loss   Force_Loss   TotalLoss  
-----------------------------------------------------------------------------------------------------------------------------------
Train               0.009025            0.119770               0.006742           0.048281      0.000033     0.000435    0.000468
Valid               0.007223            0.118029               0.005539           0.047325      0.000023     0.000421    0.000445
Epoch 47 elapsed: 0:03:23.23
Epoch 48/50  Learning rate: 0.000240
------------------------------------------------------------------------------------------------------------------------
       Energy_RMSE (eV/atom)   Force_RMSE (eV/Å)   Energy_MAE (eV/atom)   Force_MAE (eV/Å)   Energy_Loss   Force_Loss   TotalLoss  
-----------------------------------------------------------------------------------------------------------------------------------
Train               0.008575            0.119343               0.006448           0.048068      0.000031     0.000432    0.000463
Valid               0.008540            0.117106               0.006648           0.047026      0.000032     0.000419    0.000450
Epoch 48 elapsed: 0:03:25.19
Epoch 49/50  Learning rate: 0.000160
------------------------------------------------------------------------------------------------------------------------
       Energy_RMSE (eV/atom)   Force_RMSE (eV/Å)   Energy_MAE (eV/atom)   Force_MAE (eV/Å)   Energy_Loss   Force_Loss   TotalLoss  
-----------------------------------------------------------------------------------------------------------------------------------
Train               0.008222            0.119132               0.006079           0.047965      0.000028     0.000432    0.000460
Valid               0.007185            0.117366               0.005535           0.047065      0.000023     0.000419    0.000442
Epoch 49 elapsed: 0:03:27.35
Epoch 50/50  Learning rate: 0.000080
------------------------------------------------------------------------------------------------------------------------
       Energy_RMSE (eV/atom)   Force_RMSE (eV/Å)   Energy_MAE (eV/atom)   Force_MAE (eV/Å)   Energy_Loss   Force_Loss   TotalLoss  
-----------------------------------------------------------------------------------------------------------------------------------
Train               0.007849            0.118896               0.005741           0.047821      0.000026     0.000429    0.000455
Valid               0.006802            0.117020               0.005025           0.046785      0.000020     0.000415    0.000436
Epoch 50 elapsed: 0:03:22.27
