AtomGraphSequential(
  (edge_embedding): EdgeEmbedding(
    (basis_function): BesselBasis()
    (cutoff_function): XPLORCutoff()
    (spherical): SphericalEncoding(
      (sph): SphericalHarmonics()
    )
  )
  (onehot_idx_to_onehot): OnehotEmbedding()
  (onehot_to_feature_x): IrrepsLinear(
    (linear): Linear(89x0e -> 128x0e | 11392 weights)
  )
  (0_self_connection_intro): SelfConnectionLinearIntro(
    (linear): Linear(128x0e -> 224x0e+64x1e+32x2e | 28672 weights)
  )
  (0_self_interaction_1): IrrepsLinear(
    (linear): Linear(128x0e -> 128x0e | 16384 weights)
  )
  (0_convolution): IrrepsConvolution(
    (convolution): TensorProduct(128x0e x 1x0e+1x1e+1x2e -> 128x0e+128x1e+128x2e | 384 paths | 384 weights)
    (weight_nn): FullyConnectedNet[8, 64, 64, 384]
  )
  (0_self_interaction_2): IrrepsLinear(
    (linear): Linear(128x0e+128x1e+128x2e -> 224x0e+64x1e+32x2e | 40960 weights)
  )
  (0_self_connection_outro): SelfConnectionOutro()
  (0_equivariant_gate): EquivariantGate(
    (gate): Gate (224x0e+64x1e+32x2e -> 128x0e+64x1e+32x2e)
  )
  (0_adapter): AdapterBlock(
    (linear_1): Linear(in_features=480, out_features=60, bias=True)
    (linear_2): Linear(in_features=60, out_features=480, bias=True)
    (relu): ReLU()
  )
  (1_self_connection_intro): SelfConnectionLinearIntro(
    (linear): Linear(128x0e+64x1e+32x2e -> 224x0e+64x1e+32x2e | 33792 weights)
  )
  (1_self_interaction_1): IrrepsLinear(
    (linear): Linear(128x0e+64x1e+32x2e -> 128x0e+64x1e+32x2e | 21504 weights)
  )
  (1_convolution): IrrepsConvolution(
    (convolution): TensorProduct(128x0e+64x1e+32x2e x 1x0e+1x1e+1x2e -> 224x0e+384x1e+352x2e | 960 paths | 960 weights)
    (weight_nn): FullyConnectedNet[8, 64, 64, 960]
  )
  (1_self_interaction_2): IrrepsLinear(
    (linear): Linear(224x0e+384x1e+352x2e -> 224x0e+64x1e+32x2e | 86016 weights)
  )
  (1_self_connection_outro): SelfConnectionOutro()
  (1_equivariant_gate): EquivariantGate(
    (gate): Gate (224x0e+64x1e+32x2e -> 128x0e+64x1e+32x2e)
  )
  (1_adapter): AdapterBlock(
    (linear_1): Linear(in_features=480, out_features=60, bias=True)
    (linear_2): Linear(in_features=60, out_features=480, bias=True)
    (relu): ReLU()
  )
  (2_self_connection_intro): SelfConnectionLinearIntro(
    (linear): Linear(128x0e+64x1e+32x2e -> 224x0e+64x1e+32x2e | 33792 weights)
  )
  (2_self_interaction_1): IrrepsLinear(
    (linear): Linear(128x0e+64x1e+32x2e -> 128x0e+64x1e+32x2e | 21504 weights)
  )
  (2_convolution): IrrepsConvolution(
    (convolution): TensorProduct(128x0e+64x1e+32x2e x 1x0e+1x1e+1x2e -> 224x0e+384x1e+352x2e | 960 paths | 960 weights)
    (weight_nn): FullyConnectedNet[8, 64, 64, 960]
  )
  (2_self_interaction_2): IrrepsLinear(
    (linear): Linear(224x0e+384x1e+352x2e -> 224x0e+64x1e+32x2e | 86016 weights)
  )
  (2_self_connection_outro): SelfConnectionOutro()
  (2_equivariant_gate): EquivariantGate(
    (gate): Gate (224x0e+64x1e+32x2e -> 128x0e+64x1e+32x2e)
  )
  (2_adapter): AdapterBlock(
    (linear_1): Linear(in_features=480, out_features=60, bias=True)
    (linear_2): Linear(in_features=60, out_features=480, bias=True)
    (relu): ReLU()
  )
  (3_self_connection_intro): SelfConnectionLinearIntro(
    (linear): Linear(128x0e+64x1e+32x2e -> 224x0e+64x1e+32x2e | 33792 weights)
  )
  (3_self_interaction_1): IrrepsLinear(
    (linear): Linear(128x0e+64x1e+32x2e -> 128x0e+64x1e+32x2e | 21504 weights)
  )
  (3_convolution): IrrepsConvolution(
    (convolution): TensorProduct(128x0e+64x1e+32x2e x 1x0e+1x1e+1x2e -> 224x0e+384x1e+352x2e | 960 paths | 960 weights)
    (weight_nn): FullyConnectedNet[8, 64, 64, 960]
  )
  (3_self_interaction_2): IrrepsLinear(
    (linear): Linear(224x0e+384x1e+352x2e -> 224x0e+64x1e+32x2e | 86016 weights)
  )
  (3_self_connection_outro): SelfConnectionOutro()
  (3_equivariant_gate): EquivariantGate(
    (gate): Gate (224x0e+64x1e+32x2e -> 128x0e+64x1e+32x2e)
  )
  (3_adapter): AdapterBlock(
    (linear_1): Linear(in_features=480, out_features=60, bias=True)
    (linear_2): Linear(in_features=60, out_features=480, bias=True)
    (relu): ReLU()
  )
  (4_self_connection_intro): SelfConnectionLinearIntro(
    (linear): Linear(128x0e+64x1e+32x2e -> 128x0e | 16384 weights)
  )
  (4_self_interaction_1): IrrepsLinear(
    (linear): Linear(128x0e+64x1e+32x2e -> 128x0e+64x1e+32x2e | 21504 weights)
  )
  (4_convolution): IrrepsConvolution(
    (convolution): TensorProduct(128x0e+64x1e+32x2e x 1x0e+1x1e+1x2e -> 224x0e | 224 paths | 224 weights)
    (weight_nn): FullyConnectedNet[8, 64, 64, 224]
  )
  (4_self_interaction_2): IrrepsLinear(
    (linear): Linear(224x0e -> 128x0e | 28672 weights)
  )
  (4_self_connection_outro): SelfConnectionOutro()
  (4_equivariant_gate): EquivariantGate(
    (gate): Gate (128x0e -> 128x0e)
  )
  (4_adapter): AdapterBlock(
    (linear_1): Linear(in_features=128, out_features=16, bias=True)
    (linear_2): Linear(in_features=16, out_features=128, bias=True)
    (relu): ReLU()
  )
  (reduce_input_to_hidden): IrrepsLinear(
    (linear): Linear(128x0e -> 64x0e | 8192 weights)
  )
  (reduce_hidden_to_energy): IrrepsLinear(
    (linear): Linear(64x0e -> 1x0e | 64 weights)
  )
  (rescale_atomic_energy): SpeciesWiseRescale()
  (reduce_total_enegy): AtomReduce()
  (force_output): ForceStressOutputFromEdge()
)
# graphs for training: 14596
# graphs for validation: 770
[(Energy, 1.0), (Force, 1.0)]
Adam (
Parameter Group 0
    amsgrad: False
    betas: (0.9, 0.999)
    capturable: False
    differentiable: False
    eps: 1e-08
    foreach: None
    fused: None
    initial_lr: 0.004
    lr: 0.004
    maximize: False
    weight_decay: 0
)
<torch.optim.lr_scheduler.LinearLR object at 0x7f6b8680e110>
Energy_RMSE (eV/atom): nan
Force_RMSE (eV/Å): nan
Energy_MAE (eV/atom): nan
Force_MAE (eV/Å): nan
Energy_Loss: nan
Force_Loss: nan
TotalLoss: nan
SevenNet: Scalable EquVariance-Enabled Neural Network
version 0.10.2, Fri Mar 28 23:29:35 2025
this file: None
reading yaml config...
                ****
              ********                                   .
              *//////,  ..                               .            ,*.
               ,,***.         ..                        ,          ********.                                  ./,
             .      .                ..   /////.       .,       . */////////                               /////////.
        .&@&/        .                  .(((((((..     /           *//////*.  ...                         *((((((((((.
     @@@@@@@@@@*    @@@@@@@@@@  @@@@@    *((@@@@@     (     %@@@@@@@@@@  .@@@@@@     ..@@@@.   @@@@@@*    .(@@@@@(((*
    @@@@@.          @@@@         @@@@@ .   @@@@@      #     %@@@@         @@@@@@@@     @@@@(,  @@@@@@@@.    @@@@@(*.
    %@@@@@@@&       @@@@@@@@@@    @@@@@   @@@@@      #  ., .%@@@@@@@@@    @@@@@@@@@@   @@@@,   @@@@@@@@@@   @@@@@
    ,(%@@@@@@@@@    @@@@@@@@@@     @@@@@ @@@@&       (//////%@@@@@@@@@    @@@@  @@@@@@ @@@@  . @@@@@  @@@@@.@@@@@
        .   @@@@@   @@@@ .       .  @@@@@@@@%   . . ( .////,%@@@@         @@@@    @@@@@@@@@    @@@@@    @@@@@@@@@
    (@@@@@@@@@@@    @@@@@@@@@@**.    @@@@@@*       *.      .%@@@@@@@@@@   @@@@    . @@@@@@@    @@@@@     .@@@@@@@
     @@@@@@@@@.     @@@@@@@@@@///,    @@@@.      . /        %@@@@@@@@@@   @@@@***,    @@@@@    @@@@@        @@@@@
           .           //////////*.               /           .            .*******...             . ,.
          .&&&&&...     ,//////*.       ...////.  /            ,*/.     .   ,////,               .,/////
          &@@@@@@                         ,(/((, *           ,((((((.                              .***.
           ,/@(,                            ..   *            ,((((*
                                                ,
                                               .
Epoch 1/50  Learning rate: 0.004000
------------------------------------------------------------------------------------------------------------------------
       Energy_RMSE (eV/atom)   Force_RMSE (eV/Å)   Energy_MAE (eV/atom)   Force_MAE (eV/Å)   Energy_Loss   Force_Loss   TotalLoss  
-----------------------------------------------------------------------------------------------------------------------------------
Train               0.089986            0.250267               0.022215           0.036884      0.000181     0.000329    0.000510
Valid               0.028934            0.088855               0.016657           0.023672      0.000126     0.000220    0.000345
Epoch 1 elapsed: 0:07:51.67
Epoch 2/50  Learning rate: 0.003920
------------------------------------------------------------------------------------------------------------------------
       Energy_RMSE (eV/atom)   Force_RMSE (eV/Å)   Energy_MAE (eV/atom)   Force_MAE (eV/Å)   Energy_Loss   Force_Loss   TotalLoss  
-----------------------------------------------------------------------------------------------------------------------------------
Train            4489.368199         1689.254997              40.796011          10.928370      0.407808     0.117942    0.525750
Valid               0.124538            1.206726               0.082772           0.306665      0.000780     0.003273    0.004052
Epoch 2 elapsed: 0:08:09.04
Epoch 3/50  Learning rate: 0.003840
------------------------------------------------------------------------------------------------------------------------
       Energy_RMSE (eV/atom)   Force_RMSE (eV/Å)   Energy_MAE (eV/atom)   Force_MAE (eV/Å)   Energy_Loss   Force_Loss   TotalLoss  
-----------------------------------------------------------------------------------------------------------------------------------
Train               0.047629            0.430538               0.032889           0.089124      0.000283     0.000858    0.001141
Valid               0.050590            0.186530               0.049178           0.047640      0.000442     0.000476    0.000918
Epoch 3 elapsed: 0:07:40.85
Epoch 4/50  Learning rate: 0.003760
------------------------------------------------------------------------------------------------------------------------
       Energy_RMSE (eV/atom)   Force_RMSE (eV/Å)   Energy_MAE (eV/atom)   Force_MAE (eV/Å)   Energy_Loss   Force_Loss   TotalLoss  
-----------------------------------------------------------------------------------------------------------------------------------
Train               0.037521            0.172925               0.026935           0.041812      0.000224     0.000383    0.000607
Valid               0.030523            0.122448               0.019019           0.034299      0.000145     0.000333    0.000477
Epoch 4 elapsed: 0:08:07.14
Epoch 5/50  Learning rate: 0.003680
------------------------------------------------------------------------------------------------------------------------
       Energy_RMSE (eV/atom)   Force_RMSE (eV/Å)   Energy_MAE (eV/atom)   Force_MAE (eV/Å)   Energy_Loss   Force_Loss   TotalLoss  
-----------------------------------------------------------------------------------------------------------------------------------
Train               0.037332            0.138103               0.024185           0.032945      0.000197     0.000295    0.000492
Valid               0.033743            0.116400               0.028974           0.029909      0.000240     0.000291    0.000531
Epoch 5 elapsed: 0:07:55.89
Epoch 6/50  Learning rate: 0.003600
------------------------------------------------------------------------------------------------------------------------
       Energy_RMSE (eV/atom)   Force_RMSE (eV/Å)   Energy_MAE (eV/atom)   Force_MAE (eV/Å)   Energy_Loss   Force_Loss   TotalLoss  
-----------------------------------------------------------------------------------------------------------------------------------
Train               0.027805            0.121954               0.019080           0.029509      0.000147     0.000260    0.000407
Valid               0.012998            0.125059               0.010598           0.027015      0.000065     0.000257    0.000322
Epoch 6 elapsed: 0:08:07.32
Epoch 7/50  Learning rate: 0.003520
------------------------------------------------------------------------------------------------------------------------
       Energy_RMSE (eV/atom)   Force_RMSE (eV/Å)   Energy_MAE (eV/atom)   Force_MAE (eV/Å)   Energy_Loss   Force_Loss   TotalLoss  
-----------------------------------------------------------------------------------------------------------------------------------
Train               0.154680            4.539712               0.020976           0.037734      0.000166     0.000327    0.000493
Valid               0.042963            0.121483               0.031377           0.031286      0.000266     0.000300    0.000566
Epoch 7 elapsed: 0:08:14.09
Epoch 8/50  Learning rate: 0.003440
------------------------------------------------------------------------------------------------------------------------
       Energy_RMSE (eV/atom)   Force_RMSE (eV/Å)   Energy_MAE (eV/atom)   Force_MAE (eV/Å)   Energy_Loss   Force_Loss   TotalLoss  
-----------------------------------------------------------------------------------------------------------------------------------
Train               0.026903            0.116879               0.018619           0.029318      0.000143     0.000257    0.000400
Valid               0.017762            0.103619               0.013744           0.035340      0.000097     0.000331    0.000428
Epoch 8 elapsed: 0:07:53.27
Epoch 9/50  Learning rate: 0.003360
------------------------------------------------------------------------------------------------------------------------
       Energy_RMSE (eV/atom)   Force_RMSE (eV/Å)   Energy_MAE (eV/atom)   Force_MAE (eV/Å)   Energy_Loss   Force_Loss   TotalLoss  
-----------------------------------------------------------------------------------------------------------------------------------
Train               0.030112            0.090440               0.019732           0.024194      0.000154     0.000207    0.000361
Valid               0.017757            0.078662               0.011138           0.021536      0.000071     0.000199    0.000270
Epoch 9 elapsed: 0:08:32.56
Epoch 10/50  Learning rate: 0.003280
------------------------------------------------------------------------------------------------------------------------
       Energy_RMSE (eV/atom)   Force_RMSE (eV/Å)   Energy_MAE (eV/atom)   Force_MAE (eV/Å)   Energy_Loss   Force_Loss   TotalLoss  
-----------------------------------------------------------------------------------------------------------------------------------
Train               0.025856            0.153447               0.017394           0.021942      0.000131     0.000184    0.000315
Valid               0.062630            0.068268               0.045770           0.019962      0.000408     0.000179    0.000587
Epoch 10 elapsed: 0:07:51.00
Epoch 11/50  Learning rate: 0.003200
------------------------------------------------------------------------------------------------------------------------
       Energy_RMSE (eV/atom)   Force_RMSE (eV/Å)   Energy_MAE (eV/atom)   Force_MAE (eV/Å)   Energy_Loss   Force_Loss   TotalLoss  
-----------------------------------------------------------------------------------------------------------------------------------
Train               0.025680            0.075153               0.016809           0.020366      0.000126     0.000169    0.000295
Valid               0.008009            0.057359               0.005940           0.016856      0.000028     0.000146    0.000174
Epoch 11 elapsed: 0:08:38.36
Epoch 12/50  Learning rate: 0.003120
------------------------------------------------------------------------------------------------------------------------
       Energy_RMSE (eV/atom)   Force_RMSE (eV/Å)   Energy_MAE (eV/atom)   Force_MAE (eV/Å)   Energy_Loss   Force_Loss   TotalLoss  
-----------------------------------------------------------------------------------------------------------------------------------
Train               0.023230            0.069886               0.015431           0.019062      0.000113     0.000156    0.000269
Valid               0.018475            0.054122               0.017572           0.015735      0.000127     0.000136    0.000263
Epoch 12 elapsed: 0:07:45.09
Epoch 13/50  Learning rate: 0.003040
------------------------------------------------------------------------------------------------------------------------
       Energy_RMSE (eV/atom)   Force_RMSE (eV/Å)   Energy_MAE (eV/atom)   Force_MAE (eV/Å)   Energy_Loss   Force_Loss   TotalLoss  
-----------------------------------------------------------------------------------------------------------------------------------
Train               0.019976            0.090458               0.013600           0.018121      0.000095     0.000148    0.000243
Valid               0.024044            0.053696               0.016846           0.015612      0.000124     0.000135    0.000259
Epoch 13 elapsed: 0:07:59.64
Epoch 14/50  Learning rate: 0.002960
------------------------------------------------------------------------------------------------------------------------
       Energy_RMSE (eV/atom)   Force_RMSE (eV/Å)   Energy_MAE (eV/atom)   Force_MAE (eV/Å)   Energy_Loss   Force_Loss   TotalLoss  
-----------------------------------------------------------------------------------------------------------------------------------
Train               0.019246            0.060717               0.012983           0.017208      0.000089     0.000138    0.000228
Valid               0.023206            0.056072               0.022780           0.015207      0.000178     0.000131    0.000309
Epoch 14 elapsed: 0:08:49.93
Epoch 15/50  Learning rate: 0.002880
------------------------------------------------------------------------------------------------------------------------
       Energy_RMSE (eV/atom)   Force_RMSE (eV/Å)   Energy_MAE (eV/atom)   Force_MAE (eV/Å)   Energy_Loss   Force_Loss   TotalLoss  
-----------------------------------------------------------------------------------------------------------------------------------
Train               0.017301            0.058326               0.011623           0.016508      0.000077     0.000132    0.000209
Valid               0.007230            0.048569               0.006132           0.014782      0.000025     0.000125    0.000150
Epoch 15 elapsed: 0:08:25.33
Epoch 16/50  Learning rate: 0.002800
------------------------------------------------------------------------------------------------------------------------
       Energy_RMSE (eV/atom)   Force_RMSE (eV/Å)   Energy_MAE (eV/atom)   Force_MAE (eV/Å)   Energy_Loss   Force_Loss   TotalLoss  
-----------------------------------------------------------------------------------------------------------------------------------
Train               0.017796            0.056950               0.011812           0.016131      0.000079     0.000128    0.000207
Valid               0.008570            0.047216               0.007196           0.014031      0.000034     0.000120    0.000154
Epoch 16 elapsed: 0:07:56.71
Epoch 17/50  Learning rate: 0.002720
------------------------------------------------------------------------------------------------------------------------
       Energy_RMSE (eV/atom)   Force_RMSE (eV/Å)   Energy_MAE (eV/atom)   Force_MAE (eV/Å)   Energy_Loss   Force_Loss   TotalLoss  
-----------------------------------------------------------------------------------------------------------------------------------
Train               0.015825            0.054045               0.010604           0.015599      0.000068     0.000123    0.000191
Valid               0.013585            0.054387               0.008044           0.014748      0.000050     0.000126    0.000176
Epoch 17 elapsed: 0:08:59.06
Epoch 18/50  Learning rate: 0.002640
------------------------------------------------------------------------------------------------------------------------
       Energy_RMSE (eV/atom)   Force_RMSE (eV/Å)   Energy_MAE (eV/atom)   Force_MAE (eV/Å)   Energy_Loss   Force_Loss   TotalLoss  
-----------------------------------------------------------------------------------------------------------------------------------
Train               0.014515            0.052807               0.009845           0.015118      0.000060     0.000119    0.000179
Valid               0.022854            0.050164               0.011373           0.015488      0.000080     0.000131    0.000211
Epoch 18 elapsed: 0:07:32.82
Epoch 19/50  Learning rate: 0.002560
------------------------------------------------------------------------------------------------------------------------
       Energy_RMSE (eV/atom)   Force_RMSE (eV/Å)   Energy_MAE (eV/atom)   Force_MAE (eV/Å)   Energy_Loss   Force_Loss   TotalLoss  
-----------------------------------------------------------------------------------------------------------------------------------
Train               0.014638            0.051956               0.009872           0.014938      0.000061     0.000117    0.000178
Valid               0.013417            0.054993               0.007950           0.014925      0.000047     0.000129    0.000176
Epoch 19 elapsed: 0:08:21.23
Epoch 20/50  Learning rate: 0.002480
------------------------------------------------------------------------------------------------------------------------
       Energy_RMSE (eV/atom)   Force_RMSE (eV/Å)   Energy_MAE (eV/atom)   Force_MAE (eV/Å)   Energy_Loss   Force_Loss   TotalLoss  
-----------------------------------------------------------------------------------------------------------------------------------
Train               0.014417            0.049878               0.009498           0.014503      0.000058     0.000113    0.000171
Valid               0.010572            0.048652               0.008532           0.014925      0.000045     0.000126    0.000171
Epoch 20 elapsed: 0:07:48.81
Epoch 21/50  Learning rate: 0.002400
------------------------------------------------------------------------------------------------------------------------
       Energy_RMSE (eV/atom)   Force_RMSE (eV/Å)   Energy_MAE (eV/atom)   Force_MAE (eV/Å)   Energy_Loss   Force_Loss   TotalLoss  
-----------------------------------------------------------------------------------------------------------------------------------
Train               0.013659            0.049175               0.009441           0.014334      0.000057     0.000111    0.000168
Valid               0.011561            0.042850               0.010281           0.013063      0.000058     0.000108    0.000165
Epoch 21 elapsed: 0:08:07.53
Epoch 22/50  Learning rate: 0.002320
------------------------------------------------------------------------------------------------------------------------
       Energy_RMSE (eV/atom)   Force_RMSE (eV/Å)   Energy_MAE (eV/atom)   Force_MAE (eV/Å)   Energy_Loss   Force_Loss   TotalLoss  
-----------------------------------------------------------------------------------------------------------------------------------
Train               0.012929            0.048547               0.008599           0.013981      0.000050     0.000108    0.000158
Valid               0.011906            0.046628               0.009613           0.014672      0.000054     0.000123    0.000178
Epoch 22 elapsed: 0:09:06.22
Epoch 23/50  Learning rate: 0.002240
------------------------------------------------------------------------------------------------------------------------
       Energy_RMSE (eV/atom)   Force_RMSE (eV/Å)   Energy_MAE (eV/atom)   Force_MAE (eV/Å)   Energy_Loss   Force_Loss   TotalLoss  
-----------------------------------------------------------------------------------------------------------------------------------
Train               0.011950            0.046553               0.008166           0.013507      0.000046     0.000104    0.000150
Valid               0.012033            0.041184               0.010890           0.012707      0.000064     0.000105    0.000169
Epoch 23 elapsed: 0:08:13.50
Epoch 24/50  Learning rate: 0.002160
------------------------------------------------------------------------------------------------------------------------
       Energy_RMSE (eV/atom)   Force_RMSE (eV/Å)   Energy_MAE (eV/atom)   Force_MAE (eV/Å)   Energy_Loss   Force_Loss   TotalLoss  
-----------------------------------------------------------------------------------------------------------------------------------
Train               0.011393            0.045961               0.007850           0.013411      0.000043     0.000103    0.000146
Valid               0.018674            0.041188               0.012002           0.012322      0.000084     0.000102    0.000186
Epoch 24 elapsed: 0:08:25.73
Epoch 25/50  Learning rate: 0.002080
------------------------------------------------------------------------------------------------------------------------
       Energy_RMSE (eV/atom)   Force_RMSE (eV/Å)   Energy_MAE (eV/atom)   Force_MAE (eV/Å)   Energy_Loss   Force_Loss   TotalLoss  
-----------------------------------------------------------------------------------------------------------------------------------
Train               0.011141            0.045922               0.007570           0.013206      0.000041     0.000101    0.000141
Valid               0.009479            0.047212               0.005985           0.013894      0.000032     0.000117    0.000148
Epoch 25 elapsed: 0:08:30.31
Epoch 26/50  Learning rate: 0.002000
------------------------------------------------------------------------------------------------------------------------
       Energy_RMSE (eV/atom)   Force_RMSE (eV/Å)   Energy_MAE (eV/atom)   Force_MAE (eV/Å)   Energy_Loss   Force_Loss   TotalLoss  
-----------------------------------------------------------------------------------------------------------------------------------
Train               0.011267            0.044414               0.007557           0.013079      0.000041     0.000100    0.000140
Valid               0.007168            0.040064               0.005093           0.012148      0.000020     0.000099    0.000120
Epoch 26 elapsed: 0:07:57.94
Epoch 27/50  Learning rate: 0.001920
------------------------------------------------------------------------------------------------------------------------
       Energy_RMSE (eV/atom)   Force_RMSE (eV/Å)   Energy_MAE (eV/atom)   Force_MAE (eV/Å)   Energy_Loss   Force_Loss   TotalLoss  
-----------------------------------------------------------------------------------------------------------------------------------
Train               0.010514            0.043687               0.007083           0.012803      0.000037     0.000097    0.000134
Valid               0.007367            0.042838               0.006001           0.012758      0.000026     0.000106    0.000132
Epoch 27 elapsed: 0:08:56.22
Epoch 28/50  Learning rate: 0.001840
------------------------------------------------------------------------------------------------------------------------
       Energy_RMSE (eV/atom)   Force_RMSE (eV/Å)   Energy_MAE (eV/atom)   Force_MAE (eV/Å)   Energy_Loss   Force_Loss   TotalLoss  
-----------------------------------------------------------------------------------------------------------------------------------
Train               0.010091            0.043051               0.006843           0.012681      0.000035     0.000096    0.000131
Valid               0.011768            0.038332               0.005798           0.012093      0.000033     0.000097    0.000131
Epoch 28 elapsed: 0:08:13.85
Epoch 29/50  Learning rate: 0.001760
------------------------------------------------------------------------------------------------------------------------
       Energy_RMSE (eV/atom)   Force_RMSE (eV/Å)   Energy_MAE (eV/atom)   Force_MAE (eV/Å)   Energy_Loss   Force_Loss   TotalLoss  
-----------------------------------------------------------------------------------------------------------------------------------
Train               0.009992            0.042479               0.006818           0.012541      0.000034     0.000094    0.000129
Valid               0.008798            0.043861               0.007719           0.013656      0.000037     0.000113    0.000150
Epoch 29 elapsed: 0:08:57.92
Epoch 30/50  Learning rate: 0.001680
------------------------------------------------------------------------------------------------------------------------
       Energy_RMSE (eV/atom)   Force_RMSE (eV/Å)   Energy_MAE (eV/atom)   Force_MAE (eV/Å)   Energy_Loss   Force_Loss   TotalLoss  
-----------------------------------------------------------------------------------------------------------------------------------
Train               0.009437            0.042444               0.006316           0.012447      0.000031     0.000094    0.000125
Valid               0.009603            0.039486               0.006776           0.011867      0.000037     0.000097    0.000134
Epoch 30 elapsed: 0:08:54.94
Epoch 31/50  Learning rate: 0.001600
------------------------------------------------------------------------------------------------------------------------
       Energy_RMSE (eV/atom)   Force_RMSE (eV/Å)   Energy_MAE (eV/atom)   Force_MAE (eV/Å)   Energy_Loss   Force_Loss   TotalLoss  
-----------------------------------------------------------------------------------------------------------------------------------
Train               0.009216            0.042375               0.006276           0.012367      0.000030     0.000093    0.000124
Valid               0.010337            0.050078               0.008995           0.012751      0.000048     0.000108    0.000156
Epoch 31 elapsed: 0:08:11.46
Epoch 32/50  Learning rate: 0.001520
------------------------------------------------------------------------------------------------------------------------
       Energy_RMSE (eV/atom)   Force_RMSE (eV/Å)   Energy_MAE (eV/atom)   Force_MAE (eV/Å)   Energy_Loss   Force_Loss   TotalLoss  
-----------------------------------------------------------------------------------------------------------------------------------
Train               0.008573            0.040810               0.006061           0.012010      0.000028     0.000090    0.000118
Valid               0.005779            0.039929               0.004768           0.012342      0.000016     0.000100    0.000116
Epoch 32 elapsed: 0:08:04.11
Epoch 33/50  Learning rate: 0.001440
------------------------------------------------------------------------------------------------------------------------
       Energy_RMSE (eV/atom)   Force_RMSE (eV/Å)   Energy_MAE (eV/atom)   Force_MAE (eV/Å)   Energy_Loss   Force_Loss   TotalLoss  
-----------------------------------------------------------------------------------------------------------------------------------
Train               0.008262            0.040096               0.005724           0.011865      0.000026     0.000088    0.000114
Valid               0.005864            0.038865               0.004690           0.012255      0.000016     0.000100    0.000116
Epoch 33 elapsed: 0:07:47.40
Epoch 34/50  Learning rate: 0.001360
------------------------------------------------------------------------------------------------------------------------
       Energy_RMSE (eV/atom)   Force_RMSE (eV/Å)   Energy_MAE (eV/atom)   Force_MAE (eV/Å)   Energy_Loss   Force_Loss   TotalLoss  
-----------------------------------------------------------------------------------------------------------------------------------
Train               0.008375            0.039856               0.005806           0.011943      0.000027     0.000089    0.000115
Valid               0.014670            0.037040               0.011583           0.011422      0.000070     0.000092    0.000162
Epoch 34 elapsed: 0:08:05.13
Epoch 35/50  Learning rate: 0.001280
------------------------------------------------------------------------------------------------------------------------
       Energy_RMSE (eV/atom)   Force_RMSE (eV/Å)   Energy_MAE (eV/atom)   Force_MAE (eV/Å)   Energy_Loss   Force_Loss   TotalLoss  
-----------------------------------------------------------------------------------------------------------------------------------
Train               0.007635            0.038709               0.005343           0.011527      0.000023     0.000085    0.000109
Valid               0.007559            0.035682               0.006976           0.010929      0.000028     0.000087    0.000116
Epoch 35 elapsed: 0:08:07.83
Epoch 36/50  Learning rate: 0.001200
------------------------------------------------------------------------------------------------------------------------
       Energy_RMSE (eV/atom)   Force_RMSE (eV/Å)   Energy_MAE (eV/atom)   Force_MAE (eV/Å)   Energy_Loss   Force_Loss   TotalLoss  
-----------------------------------------------------------------------------------------------------------------------------------
Train               0.007381            0.038410               0.005142           0.011406      0.000022     0.000084    0.000106
Valid               0.003096            0.037174               0.002424           0.011036      0.000005     0.000089    0.000094
Epoch 36 elapsed: 0:07:48.83
Epoch 37/50  Learning rate: 0.001120
------------------------------------------------------------------------------------------------------------------------
       Energy_RMSE (eV/atom)   Force_RMSE (eV/Å)   Energy_MAE (eV/atom)   Force_MAE (eV/Å)   Energy_Loss   Force_Loss   TotalLoss  
-----------------------------------------------------------------------------------------------------------------------------------
Train               0.006726            0.038627               0.004816           0.011242      0.000019     0.000083    0.000102
Valid               0.005994            0.035037               0.004246           0.010658      0.000015     0.000085    0.000100
Epoch 37 elapsed: 0:08:12.85
Epoch 38/50  Learning rate: 0.001040
------------------------------------------------------------------------------------------------------------------------
       Energy_RMSE (eV/atom)   Force_RMSE (eV/Å)   Energy_MAE (eV/atom)   Force_MAE (eV/Å)   Energy_Loss   Force_Loss   TotalLoss  
-----------------------------------------------------------------------------------------------------------------------------------
Train               0.006615            0.037302               0.004691           0.011110      0.000018     0.000081    0.000100
Valid               0.008621            0.034435               0.007684           0.010571      0.000035     0.000084    0.000119
Epoch 38 elapsed: 0:08:18.93
Epoch 39/50  Learning rate: 0.000960
------------------------------------------------------------------------------------------------------------------------
       Energy_RMSE (eV/atom)   Force_RMSE (eV/Å)   Energy_MAE (eV/atom)   Force_MAE (eV/Å)   Energy_Loss   Force_Loss   TotalLoss  
-----------------------------------------------------------------------------------------------------------------------------------
Train               0.006279            0.036622               0.004424           0.011009      0.000017     0.000080    0.000097
Valid               0.004595            0.034748               0.003739           0.010746      0.000010     0.000085    0.000095
Epoch 39 elapsed: 0:08:24.45
Epoch 40/50  Learning rate: 0.000880
------------------------------------------------------------------------------------------------------------------------
       Energy_RMSE (eV/atom)   Force_RMSE (eV/Å)   Energy_MAE (eV/atom)   Force_MAE (eV/Å)   Energy_Loss   Force_Loss   TotalLoss  
-----------------------------------------------------------------------------------------------------------------------------------
Train               0.005781            0.036450               0.004163           0.010891      0.000015     0.000079    0.000094
Valid               0.005105            0.039533               0.003961           0.011195      0.000013     0.000090    0.000103
Epoch 40 elapsed: 0:07:52.13
Epoch 41/50  Learning rate: 0.000800
------------------------------------------------------------------------------------------------------------------------
       Energy_RMSE (eV/atom)   Force_RMSE (eV/Å)   Energy_MAE (eV/atom)   Force_MAE (eV/Å)   Energy_Loss   Force_Loss   TotalLoss  
-----------------------------------------------------------------------------------------------------------------------------------
Train               0.005830            0.035898               0.004211           0.010774      0.000015     0.000078    0.000093
Valid               0.004456            0.034445               0.003739           0.010523      0.000010     0.000083    0.000093
Epoch 41 elapsed: 0:07:53.05
Epoch 42/50  Learning rate: 0.000720
------------------------------------------------------------------------------------------------------------------------
       Energy_RMSE (eV/atom)   Force_RMSE (eV/Å)   Energy_MAE (eV/atom)   Force_MAE (eV/Å)   Energy_Loss   Force_Loss   TotalLoss  
-----------------------------------------------------------------------------------------------------------------------------------
Train               0.005197            0.035017               0.003733           0.010608      0.000012     0.000077    0.000089
Valid               0.005390            0.033470               0.004148           0.010234      0.000014     0.000081    0.000094
Epoch 42 elapsed: 0:07:44.52
Epoch 43/50  Learning rate: 0.000640
------------------------------------------------------------------------------------------------------------------------
       Energy_RMSE (eV/atom)   Force_RMSE (eV/Å)   Energy_MAE (eV/atom)   Force_MAE (eV/Å)   Energy_Loss   Force_Loss   TotalLoss  
-----------------------------------------------------------------------------------------------------------------------------------
Train               0.005059            0.035034               0.003691           0.010552      0.000012     0.000076    0.000088
Valid               0.011342            0.033442               0.010035           0.010386      0.000054     0.000082    0.000135
Epoch 43 elapsed: 0:08:09.66
Epoch 44/50  Learning rate: 0.000560
------------------------------------------------------------------------------------------------------------------------
       Energy_RMSE (eV/atom)   Force_RMSE (eV/Å)   Energy_MAE (eV/atom)   Force_MAE (eV/Å)   Energy_Loss   Force_Loss   TotalLoss  
-----------------------------------------------------------------------------------------------------------------------------------
Train               0.004625            0.034627               0.003391           0.010427      0.000010     0.000075    0.000085
Valid               0.004551            0.033166               0.003822           0.010270      0.000010     0.000081    0.000091
Epoch 44 elapsed: 0:07:43.19
Epoch 45/50  Learning rate: 0.000480
------------------------------------------------------------------------------------------------------------------------
       Energy_RMSE (eV/atom)   Force_RMSE (eV/Å)   Energy_MAE (eV/atom)   Force_MAE (eV/Å)   Energy_Loss   Force_Loss   TotalLoss  
-----------------------------------------------------------------------------------------------------------------------------------
Train               0.004195            0.034053               0.003151           0.010306      0.000008     0.000074    0.000082
Valid               0.003828            0.032602               0.002924           0.010033      0.000007     0.000079    0.000086
Epoch 45 elapsed: 0:09:02.81
Epoch 46/50  Learning rate: 0.000400
------------------------------------------------------------------------------------------------------------------------
       Energy_RMSE (eV/atom)   Force_RMSE (eV/Å)   Energy_MAE (eV/atom)   Force_MAE (eV/Å)   Energy_Loss   Force_Loss   TotalLoss  
-----------------------------------------------------------------------------------------------------------------------------------
Train               0.003842            0.033803               0.002923           0.010225      0.000007     0.000074    0.000081
Valid               0.002842            0.033043               0.002286           0.010120      0.000004     0.000079    0.000083
Epoch 46 elapsed: 0:07:49.33
Epoch 47/50  Learning rate: 0.000320
------------------------------------------------------------------------------------------------------------------------
       Energy_RMSE (eV/atom)   Force_RMSE (eV/Å)   Energy_MAE (eV/atom)   Force_MAE (eV/Å)   Energy_Loss   Force_Loss   TotalLoss  
-----------------------------------------------------------------------------------------------------------------------------------
Train               0.003595            0.033401               0.002738           0.010140      0.000006     0.000073    0.000079
Valid               0.004181            0.032547               0.003315           0.010055      0.000009     0.000078    0.000087
Epoch 47 elapsed: 0:07:52.54
Epoch 48/50  Learning rate: 0.000240
------------------------------------------------------------------------------------------------------------------------
       Energy_RMSE (eV/atom)   Force_RMSE (eV/Å)   Energy_MAE (eV/atom)   Force_MAE (eV/Å)   Energy_Loss   Force_Loss   TotalLoss  
-----------------------------------------------------------------------------------------------------------------------------------
Train               0.003188            0.033031               0.002471           0.010054      0.000005     0.000072    0.000077
Valid               0.003834            0.034144               0.002806           0.010160      0.000007     0.000080    0.000087
Epoch 48 elapsed: 0:07:50.66
Epoch 49/50  Learning rate: 0.000160
------------------------------------------------------------------------------------------------------------------------
       Energy_RMSE (eV/atom)   Force_RMSE (eV/Å)   Energy_MAE (eV/atom)   Force_MAE (eV/Å)   Energy_Loss   Force_Loss   TotalLoss  
-----------------------------------------------------------------------------------------------------------------------------------
Train               0.002896            0.032685               0.002265           0.009978      0.000004     0.000071    0.000075
Valid               0.002728            0.032328               0.002108           0.009916      0.000004     0.000077    0.000081
Epoch 49 elapsed: 0:08:59.64
Epoch 50/50  Learning rate: 0.000080
------------------------------------------------------------------------------------------------------------------------
       Energy_RMSE (eV/atom)   Force_RMSE (eV/Å)   Energy_MAE (eV/atom)   Force_MAE (eV/Å)   Energy_Loss   Force_Loss   TotalLoss  
-----------------------------------------------------------------------------------------------------------------------------------
Train               0.002594            0.032524               0.002069           0.009923      0.000003     0.000071    0.000074
Valid               0.002535            0.032101               0.002017           0.009893      0.000003     0.000077    0.000080
Epoch 50 elapsed: 0:08:08.22
