2024-11-26 00:47:05.893 INFO: MACE version: 0.3.5
2024-11-26 00:47:05.894 INFO: Configuration: Namespace(config=None, name='benzene', seed=123, log_dir='logs', model_dir='.', checkpoints_dir='checkpoints', results_dir='results', downloads_dir='downloads', device='cuda', default_dtype='float64', distributed=False, log_level='INFO', error_table='TotalRMSE', model='MACE', r_max=5.0, radial_type='bessel', num_radial_basis=8, num_cutoff_basis=5, pair_repulsion=False, distance_transform='None', interaction='RealAgnosticResidualInteractionBlock', interaction_first='RealAgnosticResidualInteractionBlock', max_ell=3, correlation=3, num_interactions=2, MLP_irreps='16x0e', radial_MLP='[64, 64, 64]', hidden_irreps='128x0e + 128x1o', num_channels=128, max_L=1, gate='silu', scaling='rms_forces_scaling', avg_num_neighbors=1, compute_avg_num_neighbors=True, compute_stress=False, compute_forces=True, train_file='./dataset/train.xyz', valid_file='./dataset/valid.xyz', valid_fraction=0.1, test_file=None, test_dir=None, multi_processed_test=False, num_workers=0, pin_memory=True, atomic_numbers=None, mean=None, std=None, statistics_file=None, E0s='average', keep_isolated_atoms=False, energy_key='energy', forces_key='forces', virials_key='virials', stress_key='stress', dipole_key='dipole', charges_key='charges', loss='ef', forces_weight=1000.0, swa_forces_weight=100.0, energy_weight=1.0, swa_energy_weight=1000.0, virials_weight=1.0, swa_virials_weight=10.0, stress_weight=1.0, swa_stress_weight=10.0, dipole_weight=1.0, swa_dipole_weight=1.0, config_type_weights='{"Default":1.0}', huber_delta=0.01, optimizer='adam', beta=0.9, batch_size=5, valid_batch_size=5, lr=0.005, swa_lr=0.001, weight_decay=1e-08, amsgrad=True, scheduler='ReduceLROnPlateau', lr_factor=0.8, scheduler_patience=5, lr_scheduler_gamma=0.9993, swa=False, start_swa=None, ema=True, ema_decay=0.995, max_num_epochs=500, patience=2048, foundation_model='/home/l6eub2ic/whcs-share31/wangchen/mace/MPtrj/MACE-OFF23_medium.model', foundation_model_readout=True, eval_interval=2, keep_checkpoints=False, save_all_checkpoints=False, restart_latest=False, save_cpu=True, clip_grad=100.0, wandb=False, wandb_dir=None, wandb_project='', wandb_entity='', wandb_name='', wandb_log_hypers=['num_channels', 'max_L', 'correlation', 'lr', 'swa_lr', 'weight_decay', 'batch_size', 'max_num_epochs', 'start_swa', 'energy_weight', 'forces_weight'])
2024-11-26 00:47:06.030 INFO: CUDA version: 11.8, CUDA device: 0
2024-11-26 00:47:06.523 INFO: Error accessing Git repository: /home/l6eub2ic/whcs-share31/wangchen/mace/organic/rMD17/benzene/LoRA
2024-11-26 00:47:11.371 INFO: Using foundation model /home/l6eub2ic/whcs-share31/wangchen/mace/MPtrj/MACE-OFF23_medium.model as initial checkpoint.
2024-11-26 00:47:11.437 INFO: Since ASE version 3.23.0b1, using energy_key 'energy' is no longer safe when communicating between MACE and ASE. We recommend using a different key, rewriting energies to 'REF_energy'. You need to use --energy_key='REF_energy', to tell the key name chosen.
2024-11-26 00:47:11.447 INFO: Since ASE version 3.23.0b1, using forces_key 'forces' is no longer safe when communicating between MACE and ASE. We recommend using a different key, rewriting energies to 'REF_forces'. You need to use --forces_key='REF_forces', to tell the key name chosen.
2024-11-26 00:47:11.457 INFO: Since ASE version 3.23.0b1, using stress_key 'stress' is no longer safe when communicating between MACE and ASE. We recommend using a different key, rewriting energies to 'REF_stress'. You need to use --stress_key='REF_stress', to tell the key name chosen.
2024-11-26 00:47:11.458 INFO: Loaded 50 training configurations from './dataset/train.xyz'
2024-11-26 00:47:13.130 INFO: Since ASE version 3.23.0b1, using energy_key 'energy' is no longer safe when communicating between MACE and ASE. We recommend using a different key, rewriting energies to 'REF_energy'. You need to use --energy_key='REF_energy', to tell the key name chosen.
2024-11-26 00:47:13.296 INFO: Since ASE version 3.23.0b1, using forces_key 'forces' is no longer safe when communicating between MACE and ASE. We recommend using a different key, rewriting energies to 'REF_forces'. You need to use --forces_key='REF_forces', to tell the key name chosen.
2024-11-26 00:47:13.462 INFO: Since ASE version 3.23.0b1, using stress_key 'stress' is no longer safe when communicating between MACE and ASE. We recommend using a different key, rewriting energies to 'REF_stress'. You need to use --stress_key='REF_stress', to tell the key name chosen.
2024-11-26 00:47:13.485 INFO: Loaded 950 validation configurations from './dataset/valid.xyz'
2024-11-26 00:47:13.486 INFO: Total number of configurations: train=50, valid=950, tests=[]
2024-11-26 00:47:13.489 INFO: AtomicNumberTable: (1, 6)
2024-11-26 00:47:13.489 INFO: Atomic Energies not in training file, using command line argument E0s
2024-11-26 00:47:13.490 INFO: Computing average Atomic Energies using least squares regression
2024-11-26 00:47:13.500 INFO: Atomic energies: [-525.5412755146006, -525.5412755146002]
2024-11-26 00:47:13.986 INFO: EnergyForcesLoss(energy_weight=1.000, forces_weight=1000.000)
2024-11-26 00:47:14.012 INFO: Average number of neighbors: 10.833333333333334
2024-11-26 00:47:14.012 INFO: Selected the following outputs: {'energy': True, 'forces': True, 'virials': False, 'stress': False, 'dipoles': False}
2024-11-26 00:47:14.034 INFO: Building model
2024-11-26 00:47:22.070 INFO: Number of trainable parameters: 161896
2024-11-26 00:47:22.074 INFO: ScaleShiftMACE(
  (node_embedding): LinearNodeEmbeddingBlock(
    (linear): Linear(2x0e -> 128x0e | 256 weights) | 2080 LoRA_weights)
  )
  (radial_embedding): RadialEmbeddingBlock(
    (bessel_fn): BesselBasis(r_max=5.0, num_basis=8, trainable=True)
    (cutoff_fn): PolynomialCutoff(p=5.0, r_max=5.0)
  )
  (spherical_harmonics): SphericalHarmonics()
  (atomic_energies_fn): AtomicEnergiesBlock(energies=[-525.5413, -525.5413])
  (interactions): ModuleList(
    (0): RealAgnosticInteractionBlock(
      (linear_up): Linear(128x0e -> 128x0e | 16384 weights) | 4096 LoRA_weights)
      (conv_tp): TensorProduct(128x0e x 1x0e+1x1o+1x2e+1x3o -> 128x0e+128x1o+128x2e+128x3o | 512 paths | 512 weights | 0 LoRA_weights)
      (conv_tp_weights): FullyConnectedNet[8, 64, 64, 64, 512]
      (linear): Linear(128x0e+128x1o+128x2e+128x3o -> 128x0e+128x1o+128x2e+128x3o | 65536 weights) | 16384 LoRA_weights)
      (skip_tp): FullyConnectedTensorProduct(128x0e+128x1o+128x2e+128x3o x 2x0e -> 128x0e+128x1o+128x2e+128x3o | 131072 paths | 131072 weights | 24576 LoRA_weights)
      (reshape): reshape_irreps()
    )
    (1): RealAgnosticResidualInteractionBlock(
      (linear_up): Linear(128x0e+128x1o -> 128x0e+128x1o | 32768 weights) | 8192 LoRA_weights)
      (conv_tp): TensorProduct(128x0e+128x1o x 1x0e+1x1o+1x2e+1x3o -> 256x0e+384x1o+384x2e+256x3o | 1280 paths | 1280 weights | 0 LoRA_weights)
      (conv_tp_weights): FullyConnectedNet[8, 64, 64, 64, 1280]
      (linear): Linear(256x0e+384x1o+384x2e+256x3o -> 128x0e+128x1o+128x2e+128x3o | 163840 weights) | 28672 LoRA_weights)
      (skip_tp): FullyConnectedTensorProduct(128x0e+128x1o x 2x0e -> 128x0e | 32768 paths | 32768 weights | 6144 LoRA_weights)
      (reshape): reshape_irreps()
    )
  )
  (products): ModuleList(
    (0): EquivariantProductBasisBlock(
      (symmetric_contractions): SymmetricContraction(
        (contractions): ModuleList(
          (0): Contraction(
            (contractions_weighting): ModuleList(
              (0-1): 2 x GraphModule()
            )
            (contractions_features): ModuleList(
              (0-1): 2 x GraphModule()
            )
            (weights): ParameterList(
                (0): Parameter containing: [torch.float64 of size 2x4x128 (GPU 0)]
                (1): Parameter containing: [torch.float64 of size 2x1x128 (GPU 0)]
            )
            (graph_opt_main): GraphModule()
            (LoRA_weight): ParameterList(
                (0): Parameter containing: [torch.float64 of size 2x23x16 (GPU 0)]
                (1): Parameter containing: [torch.float64 of size 16x128 (GPU 0)]
            )
          )
          (1): Contraction(
            (contractions_weighting): ModuleList(
              (0-1): 2 x GraphModule()
            )
            (contractions_features): ModuleList(
              (0-1): 2 x GraphModule()
            )
            (weights): ParameterList(
                (0): Parameter containing: [torch.float64 of size 2x6x128 (GPU 0)]
                (1): Parameter containing: [torch.float64 of size 2x1x128 (GPU 0)]
            )
            (graph_opt_main): GraphModule()
            (LoRA_weight): ParameterList(
                (0): Parameter containing: [torch.float64 of size 2x51x16 (GPU 0)]
                (1): Parameter containing: [torch.float64 of size 16x128 (GPU 0)]
            )
          )
        )
      )
      (linear): Linear(128x0e+128x1o -> 128x0e+128x1o | 32768 weights) | 8192 LoRA_weights)
    )
    (1): EquivariantProductBasisBlock(
      (symmetric_contractions): SymmetricContraction(
        (contractions): ModuleList(
          (0): Contraction(
            (contractions_weighting): ModuleList(
              (0-1): 2 x GraphModule()
            )
            (contractions_features): ModuleList(
              (0-1): 2 x GraphModule()
            )
            (weights): ParameterList(
                (0): Parameter containing: [torch.float64 of size 2x4x128 (GPU 0)]
                (1): Parameter containing: [torch.float64 of size 2x1x128 (GPU 0)]
            )
            (graph_opt_main): GraphModule()
            (LoRA_weight): ParameterList(
                (0): Parameter containing: [torch.float64 of size 2x23x16 (GPU 0)]
                (1): Parameter containing: [torch.float64 of size 16x128 (GPU 0)]
            )
          )
        )
      )
      (linear): Linear(128x0e -> 128x0e | 16384 weights) | 4096 LoRA_weights)
    )
  )
  (readouts): ModuleList(
    (0): LinearReadoutBlock(
      (linear): Linear(128x0e+128x1o -> 1x0e | 128 weights) | 2064 LoRA_weights)
    )
    (1): NonLinearReadoutBlock(
      (linear_1): Linear(128x0e -> 16x0e | 2048 weights) | 2304 LoRA_weights)
      (non_linearity): Activation [x] (16x0e -> 16x0e)
      (linear_2): Linear(16x0e -> 1x0e | 16 weights) | 272 LoRA_weights)
    )
  )
  (scale_shift): ScaleShiftBlock(scale=1.088502, shift=0.000000)
)
2024-11-26 00:47:22.077 INFO: Number of parameters: 812792
2024-11-26 00:47:22.077 INFO: Optimizer: Adam (
Parameter Group 0
    amsgrad: True
    betas: (0.9, 0.999)
    capturable: False
    differentiable: False
    eps: 1e-08
    foreach: None
    fused: None
    lr: 0.005
    maximize: False
    name: embedding
    weight_decay: 0.0

Parameter Group 1
    amsgrad: True
    betas: (0.9, 0.999)
    capturable: False
    differentiable: False
    eps: 1e-08
    foreach: None
    fused: None
    lr: 0.005
    maximize: False
    name: interactions_decay
    weight_decay: 1e-08

Parameter Group 2
    amsgrad: True
    betas: (0.9, 0.999)
    capturable: False
    differentiable: False
    eps: 1e-08
    foreach: None
    fused: None
    lr: 0.005
    maximize: False
    name: interactions_no_decay
    weight_decay: 0.0

Parameter Group 3
    amsgrad: True
    betas: (0.9, 0.999)
    capturable: False
    differentiable: False
    eps: 1e-08
    foreach: None
    fused: None
    lr: 0.005
    maximize: False
    name: products
    weight_decay: 1e-08

Parameter Group 4
    amsgrad: True
    betas: (0.9, 0.999)
    capturable: False
    differentiable: False
    eps: 1e-08
    foreach: None
    fused: None
    lr: 0.005
    maximize: False
    name: readouts
    weight_decay: 0.0
)
2024-11-26 00:47:22.078 INFO: Using gradient clipping with tolerance=100.000
2024-11-26 00:47:22.078 INFO: Started training
2024-11-26 00:47:39.916 INFO: Epoch None: loss=3558.5988, RMSE_E=58843.3 meV, RMSE_F=309.9 meV / A
2024-11-26 00:47:57.886 INFO: Epoch 0: loss=1775.2550, RMSE_E=5087.8 meV, RMSE_F=1322.6 meV / A
2024-11-26 00:48:09.920 INFO: Epoch 2: loss=252.4759, RMSE_E=15027.1 meV, RMSE_F=163.3 meV / A
2024-11-26 00:48:22.030 INFO: Epoch 4: loss=28.2111, RMSE_E=3630.3 meV, RMSE_F=122.6 meV / A
2024-11-26 00:48:34.024 INFO: Epoch 6: loss=3.7311, RMSE_E=402.7 meV, RMSE_F=59.7 meV / A
2024-11-26 00:48:45.922 INFO: Epoch 8: loss=1.8604, RMSE_E=111.2 meV, RMSE_F=43.0 meV / A
2024-11-26 00:48:57.448 INFO: Epoch 10: loss=0.8006, RMSE_E=106.0 meV, RMSE_F=28.1 meV / A
2024-11-26 00:49:09.112 INFO: Epoch 12: loss=0.5035, RMSE_E=284.8 meV, RMSE_F=20.6 meV / A
2024-11-26 00:49:21.032 INFO: Epoch 14: loss=0.2910, RMSE_E=153.1 meV, RMSE_F=16.4 meV / A
2024-11-26 00:49:33.289 INFO: Epoch 16: loss=0.2346, RMSE_E=85.9 meV, RMSE_F=15.1 meV / A
2024-11-26 00:49:45.073 INFO: Epoch 18: loss=0.2261, RMSE_E=62.1 meV, RMSE_F=14.9 meV / A
2024-11-26 00:49:57.463 INFO: Epoch 20: loss=0.1849, RMSE_E=40.9 meV, RMSE_F=13.5 meV / A
2024-11-26 00:50:09.482 INFO: Epoch 22: loss=0.1478, RMSE_E=28.2 meV, RMSE_F=12.1 meV / A
2024-11-26 00:50:21.482 INFO: Epoch 24: loss=0.1274, RMSE_E=22.8 meV, RMSE_F=11.3 meV / A
2024-11-26 00:50:33.363 INFO: Epoch 26: loss=0.1122, RMSE_E=34.9 meV, RMSE_F=10.5 meV / A
2024-11-26 00:50:46.076 INFO: Epoch 28: loss=0.1021, RMSE_E=37.1 meV, RMSE_F=10.0 meV / A
2024-11-26 00:50:55.305 INFO: Epoch 30: loss=0.0952, RMSE_E=32.7 meV, RMSE_F=9.7 meV / A
2024-11-26 00:51:08.083 INFO: Epoch 32: loss=0.0873, RMSE_E=28.7 meV, RMSE_F=9.3 meV / A
2024-11-26 00:51:19.928 INFO: Epoch 34: loss=0.0810, RMSE_E=24.1 meV, RMSE_F=9.0 meV / A
2024-11-26 00:51:31.873 INFO: Epoch 36: loss=0.0773, RMSE_E=19.8 meV, RMSE_F=8.8 meV / A
2024-11-26 00:51:43.943 INFO: Epoch 38: loss=0.0690, RMSE_E=16.0 meV, RMSE_F=8.3 meV / A
2024-11-26 00:51:56.154 INFO: Epoch 40: loss=0.0671, RMSE_E=13.7 meV, RMSE_F=8.2 meV / A
2024-11-26 00:52:08.117 INFO: Epoch 42: loss=0.0601, RMSE_E=14.2 meV, RMSE_F=7.7 meV / A
2024-11-26 00:52:20.060 INFO: Epoch 44: loss=0.0551, RMSE_E=14.5 meV, RMSE_F=7.4 meV / A
2024-11-26 00:52:32.160 INFO: Epoch 46: loss=0.0522, RMSE_E=1.8 meV, RMSE_F=7.2 meV / A
2024-11-26 00:52:43.932 INFO: Epoch 48: loss=0.0501, RMSE_E=13.5 meV, RMSE_F=7.1 meV / A
2024-11-26 00:52:55.302 INFO: Epoch 50: loss=0.0504, RMSE_E=14.1 meV, RMSE_F=7.1 meV / A
2024-11-26 00:53:04.431 INFO: Epoch 52: loss=0.0493, RMSE_E=10.1 meV, RMSE_F=7.0 meV / A
2024-11-26 00:53:16.357 INFO: Epoch 54: loss=0.0465, RMSE_E=20.9 meV, RMSE_F=6.8 meV / A
2024-11-26 00:53:28.639 INFO: Epoch 56: loss=0.0440, RMSE_E=15.7 meV, RMSE_F=6.6 meV / A
2024-11-26 00:53:40.649 INFO: Epoch 58: loss=0.0420, RMSE_E=15.7 meV, RMSE_F=6.5 meV / A
2024-11-26 00:53:53.028 INFO: Epoch 60: loss=0.0389, RMSE_E=14.9 meV, RMSE_F=6.2 meV / A
2024-11-26 00:54:04.827 INFO: Epoch 62: loss=0.0362, RMSE_E=14.4 meV, RMSE_F=6.0 meV / A
2024-11-26 00:54:16.876 INFO: Epoch 64: loss=0.0344, RMSE_E=10.9 meV, RMSE_F=5.9 meV / A
2024-11-26 00:54:28.791 INFO: Epoch 66: loss=0.0332, RMSE_E=9.9 meV, RMSE_F=5.8 meV / A
2024-11-26 00:54:40.781 INFO: Epoch 68: loss=0.0321, RMSE_E=17.9 meV, RMSE_F=5.6 meV / A
2024-11-26 00:54:52.872 INFO: Epoch 70: loss=0.0300, RMSE_E=12.5 meV, RMSE_F=5.5 meV / A
2024-11-26 00:55:05.325 INFO: Epoch 72: loss=0.0291, RMSE_E=12.5 meV, RMSE_F=5.4 meV / A
2024-11-26 00:55:16.810 INFO: Epoch 74: loss=0.0278, RMSE_E=9.3 meV, RMSE_F=5.3 meV / A
2024-11-26 00:55:28.641 INFO: Epoch 76: loss=0.0262, RMSE_E=7.7 meV, RMSE_F=5.1 meV / A
2024-11-26 00:55:40.320 INFO: Epoch 78: loss=0.0249, RMSE_E=6.8 meV, RMSE_F=5.0 meV / A
2024-11-26 00:55:49.763 INFO: Epoch 80: loss=0.0238, RMSE_E=6.3 meV, RMSE_F=4.9 meV / A
2024-11-26 00:55:58.876 INFO: Epoch 82: loss=0.0228, RMSE_E=6.3 meV, RMSE_F=4.8 meV / A
2024-11-26 00:56:09.485 INFO: Epoch 84: loss=0.0220, RMSE_E=4.4 meV, RMSE_F=4.7 meV / A
2024-11-26 00:56:21.322 INFO: Epoch 86: loss=0.0213, RMSE_E=4.3 meV, RMSE_F=4.6 meV / A
2024-11-26 00:56:33.472 INFO: Epoch 88: loss=0.0209, RMSE_E=3.7 meV, RMSE_F=4.6 meV / A
2024-11-26 00:56:45.656 INFO: Epoch 90: loss=0.0204, RMSE_E=5.4 meV, RMSE_F=4.5 meV / A
2024-11-26 00:56:57.822 INFO: Epoch 92: loss=0.0197, RMSE_E=6.5 meV, RMSE_F=4.4 meV / A
2024-11-26 00:57:09.683 INFO: Epoch 94: loss=0.0194, RMSE_E=5.8 meV, RMSE_F=4.4 meV / A
2024-11-26 00:57:21.890 INFO: Epoch 96: loss=0.0198, RMSE_E=4.7 meV, RMSE_F=4.4 meV / A
2024-11-26 00:57:31.340 INFO: Epoch 98: loss=0.0195, RMSE_E=7.3 meV, RMSE_F=4.4 meV / A
2024-11-26 00:57:40.796 INFO: Epoch 100: loss=0.0197, RMSE_E=7.0 meV, RMSE_F=4.4 meV / A
2024-11-26 00:57:49.675 INFO: Epoch 102: loss=0.0194, RMSE_E=7.0 meV, RMSE_F=4.4 meV / A
2024-11-26 00:58:02.283 INFO: Epoch 104: loss=0.0191, RMSE_E=7.5 meV, RMSE_F=4.4 meV / A
2024-11-26 00:58:13.683 INFO: Epoch 106: loss=0.0189, RMSE_E=6.7 meV, RMSE_F=4.3 meV / A
2024-11-26 00:58:26.017 INFO: Epoch 108: loss=0.0185, RMSE_E=5.7 meV, RMSE_F=4.3 meV / A
2024-11-26 00:58:38.405 INFO: Epoch 110: loss=0.0179, RMSE_E=5.0 meV, RMSE_F=4.2 meV / A
2024-11-26 00:58:50.334 INFO: Epoch 112: loss=0.0174, RMSE_E=5.2 meV, RMSE_F=4.2 meV / A
2024-11-26 00:59:02.368 INFO: Epoch 114: loss=0.0170, RMSE_E=4.3 meV, RMSE_F=4.1 meV / A
2024-11-26 00:59:14.445 INFO: Epoch 116: loss=0.0165, RMSE_E=4.2 meV, RMSE_F=4.1 meV / A
2024-11-26 00:59:26.316 INFO: Epoch 118: loss=0.0161, RMSE_E=3.8 meV, RMSE_F=4.0 meV / A
2024-11-26 00:59:38.802 INFO: Epoch 120: loss=0.0157, RMSE_E=3.6 meV, RMSE_F=4.0 meV / A
2024-11-26 00:59:50.585 INFO: Epoch 122: loss=0.0154, RMSE_E=3.3 meV, RMSE_F=3.9 meV / A
2024-11-26 01:00:02.610 INFO: Epoch 124: loss=0.0151, RMSE_E=3.1 meV, RMSE_F=3.9 meV / A
2024-11-26 01:00:14.512 INFO: Epoch 126: loss=0.0147, RMSE_E=2.7 meV, RMSE_F=3.8 meV / A
2024-11-26 01:00:26.513 INFO: Epoch 128: loss=0.0144, RMSE_E=2.9 meV, RMSE_F=3.8 meV / A
2024-11-26 01:00:38.663 INFO: Epoch 130: loss=0.0141, RMSE_E=2.6 meV, RMSE_F=3.8 meV / A
2024-11-26 01:00:50.869 INFO: Epoch 132: loss=0.0139, RMSE_E=2.5 meV, RMSE_F=3.7 meV / A
2024-11-26 01:01:03.440 INFO: Epoch 134: loss=0.0138, RMSE_E=2.1 meV, RMSE_F=3.7 meV / A
2024-11-26 01:01:14.993 INFO: Epoch 136: loss=0.0135, RMSE_E=2.0 meV, RMSE_F=3.7 meV / A
2024-11-26 01:01:26.824 INFO: Epoch 138: loss=0.0133, RMSE_E=2.0 meV, RMSE_F=3.6 meV / A
2024-11-26 01:01:38.750 INFO: Epoch 140: loss=0.0131, RMSE_E=1.9 meV, RMSE_F=3.6 meV / A
2024-11-26 01:01:51.202 INFO: Epoch 142: loss=0.0129, RMSE_E=1.8 meV, RMSE_F=3.6 meV / A
2024-11-26 01:02:02.972 INFO: Epoch 144: loss=0.0127, RMSE_E=1.7 meV, RMSE_F=3.6 meV / A
2024-11-26 01:02:15.299 INFO: Epoch 146: loss=0.0125, RMSE_E=1.4 meV, RMSE_F=3.5 meV / A
2024-11-26 01:02:27.433 INFO: Epoch 148: loss=0.0123, RMSE_E=1.4 meV, RMSE_F=3.5 meV / A
2024-11-26 01:02:39.760 INFO: Epoch 150: loss=0.0122, RMSE_E=1.2 meV, RMSE_F=3.5 meV / A
2024-11-26 01:02:51.676 INFO: Epoch 152: loss=0.0120, RMSE_E=1.2 meV, RMSE_F=3.5 meV / A
2024-11-26 01:03:03.558 INFO: Epoch 154: loss=0.0118, RMSE_E=1.2 meV, RMSE_F=3.4 meV / A
2024-11-26 01:03:15.664 INFO: Epoch 156: loss=0.0117, RMSE_E=1.4 meV, RMSE_F=3.4 meV / A
2024-11-26 01:03:27.304 INFO: Epoch 158: loss=0.0115, RMSE_E=1.2 meV, RMSE_F=3.4 meV / A
2024-11-26 01:03:39.876 INFO: Epoch 160: loss=0.0114, RMSE_E=1.2 meV, RMSE_F=3.4 meV / A
2024-11-26 01:03:51.922 INFO: Epoch 162: loss=0.0112, RMSE_E=1.2 meV, RMSE_F=3.4 meV / A
2024-11-26 01:04:04.016 INFO: Epoch 164: loss=0.0111, RMSE_E=1.1 meV, RMSE_F=3.3 meV / A
2024-11-26 01:04:16.326 INFO: Epoch 166: loss=0.0110, RMSE_E=1.1 meV, RMSE_F=3.3 meV / A
2024-11-26 01:04:28.078 INFO: Epoch 168: loss=0.0109, RMSE_E=1.1 meV, RMSE_F=3.3 meV / A
2024-11-26 01:04:39.971 INFO: Epoch 170: loss=0.0108, RMSE_E=1.1 meV, RMSE_F=3.3 meV / A
2024-11-26 01:04:52.401 INFO: Epoch 172: loss=0.0107, RMSE_E=0.9 meV, RMSE_F=3.3 meV / A
2024-11-26 01:05:04.322 INFO: Epoch 174: loss=0.0106, RMSE_E=0.9 meV, RMSE_F=3.3 meV / A
2024-11-26 01:05:16.281 INFO: Epoch 176: loss=0.0105, RMSE_E=0.9 meV, RMSE_F=3.2 meV / A
2024-11-26 01:05:28.476 INFO: Epoch 178: loss=0.0104, RMSE_E=0.7 meV, RMSE_F=3.2 meV / A
2024-11-26 01:05:40.316 INFO: Epoch 180: loss=0.0104, RMSE_E=0.9 meV, RMSE_F=3.2 meV / A
2024-11-26 01:05:52.823 INFO: Epoch 182: loss=0.0103, RMSE_E=0.6 meV, RMSE_F=3.2 meV / A
2024-11-26 01:06:02.283 INFO: Epoch 184: loss=0.0102, RMSE_E=0.9 meV, RMSE_F=3.2 meV / A
2024-11-26 01:06:15.295 INFO: Epoch 186: loss=0.0101, RMSE_E=0.8 meV, RMSE_F=3.2 meV / A
2024-11-26 01:06:27.737 INFO: Epoch 188: loss=0.0100, RMSE_E=0.8 meV, RMSE_F=3.2 meV / A
2024-11-26 01:06:39.750 INFO: Epoch 190: loss=0.0100, RMSE_E=0.6 meV, RMSE_F=3.2 meV / A
2024-11-26 01:06:51.579 INFO: Epoch 192: loss=0.0099, RMSE_E=0.7 meV, RMSE_F=3.1 meV / A
2024-11-26 01:07:03.682 INFO: Epoch 194: loss=0.0098, RMSE_E=0.7 meV, RMSE_F=3.1 meV / A
2024-11-26 01:07:15.369 INFO: Epoch 196: loss=0.0097, RMSE_E=0.9 meV, RMSE_F=3.1 meV / A
2024-11-26 01:07:27.002 INFO: Epoch 198: loss=0.0096, RMSE_E=0.8 meV, RMSE_F=3.1 meV / A
2024-11-26 01:07:38.556 INFO: Epoch 200: loss=0.0096, RMSE_E=0.6 meV, RMSE_F=3.1 meV / A
2024-11-26 01:07:50.451 INFO: Epoch 202: loss=0.0095, RMSE_E=0.7 meV, RMSE_F=3.1 meV / A
2024-11-26 01:08:01.980 INFO: Epoch 204: loss=0.0094, RMSE_E=0.8 meV, RMSE_F=3.1 meV / A
2024-11-26 01:08:13.913 INFO: Epoch 206: loss=0.0094, RMSE_E=0.7 meV, RMSE_F=3.1 meV / A
2024-11-26 01:08:25.977 INFO: Epoch 208: loss=0.0093, RMSE_E=0.5 meV, RMSE_F=3.1 meV / A
2024-11-26 01:08:38.194 INFO: Epoch 210: loss=0.0093, RMSE_E=0.6 meV, RMSE_F=3.0 meV / A
2024-11-26 01:08:49.986 INFO: Epoch 212: loss=0.0092, RMSE_E=0.7 meV, RMSE_F=3.0 meV / A
2024-11-26 01:09:02.228 INFO: Epoch 214: loss=0.0092, RMSE_E=0.5 meV, RMSE_F=3.0 meV / A
2024-11-26 01:09:14.258 INFO: Epoch 216: loss=0.0091, RMSE_E=0.8 meV, RMSE_F=3.0 meV / A
2024-11-26 01:09:26.459 INFO: Epoch 218: loss=0.0090, RMSE_E=0.6 meV, RMSE_F=3.0 meV / A
2024-11-26 01:09:38.563 INFO: Epoch 220: loss=0.0089, RMSE_E=0.5 meV, RMSE_F=3.0 meV / A
2024-11-26 01:09:50.389 INFO: Epoch 222: loss=0.0089, RMSE_E=0.6 meV, RMSE_F=3.0 meV / A
2024-11-26 01:10:02.962 INFO: Epoch 224: loss=0.0089, RMSE_E=0.7 meV, RMSE_F=3.0 meV / A
2024-11-26 01:10:14.676 INFO: Epoch 226: loss=0.0088, RMSE_E=0.9 meV, RMSE_F=3.0 meV / A
2024-11-26 01:10:26.408 INFO: Epoch 228: loss=0.0087, RMSE_E=0.6 meV, RMSE_F=3.0 meV / A
2024-11-26 01:10:37.604 INFO: Epoch 230: loss=0.0087, RMSE_E=0.6 meV, RMSE_F=2.9 meV / A
2024-11-26 01:10:49.639 INFO: Epoch 232: loss=0.0086, RMSE_E=0.5 meV, RMSE_F=2.9 meV / A
2024-11-26 01:10:58.927 INFO: Epoch 234: loss=0.0086, RMSE_E=0.4 meV, RMSE_F=2.9 meV / A
2024-11-26 01:11:08.168 INFO: Epoch 236: loss=0.0085, RMSE_E=0.7 meV, RMSE_F=2.9 meV / A
2024-11-26 01:11:20.066 INFO: Epoch 238: loss=0.0085, RMSE_E=0.5 meV, RMSE_F=2.9 meV / A
2024-11-26 01:11:32.235 INFO: Epoch 240: loss=0.0085, RMSE_E=0.7 meV, RMSE_F=2.9 meV / A
2024-11-26 01:11:43.942 INFO: Epoch 242: loss=0.0084, RMSE_E=0.6 meV, RMSE_F=2.9 meV / A
2024-11-26 01:11:56.462 INFO: Epoch 244: loss=0.0084, RMSE_E=0.6 meV, RMSE_F=2.9 meV / A
2024-11-26 01:12:08.634 INFO: Epoch 246: loss=0.0083, RMSE_E=0.7 meV, RMSE_F=2.9 meV / A
2024-11-26 01:12:20.416 INFO: Epoch 248: loss=0.0083, RMSE_E=0.8 meV, RMSE_F=2.9 meV / A
2024-11-26 01:12:32.781 INFO: Epoch 250: loss=0.0082, RMSE_E=0.5 meV, RMSE_F=2.9 meV / A
2024-11-26 01:12:44.206 INFO: Epoch 252: loss=0.0082, RMSE_E=0.8 meV, RMSE_F=2.9 meV / A
2024-11-26 01:12:56.644 INFO: Epoch 254: loss=0.0082, RMSE_E=0.7 meV, RMSE_F=2.9 meV / A
2024-11-26 01:13:08.522 INFO: Epoch 256: loss=0.0081, RMSE_E=0.5 meV, RMSE_F=2.9 meV / A
2024-11-26 01:13:21.237 INFO: Epoch 258: loss=0.0081, RMSE_E=0.5 meV, RMSE_F=2.8 meV / A
2024-11-26 01:13:33.077 INFO: Epoch 260: loss=0.0080, RMSE_E=0.4 meV, RMSE_F=2.8 meV / A
2024-11-26 01:13:45.168 INFO: Epoch 262: loss=0.0080, RMSE_E=0.5 meV, RMSE_F=2.8 meV / A
2024-11-26 01:13:56.754 INFO: Epoch 264: loss=0.0079, RMSE_E=0.6 meV, RMSE_F=2.8 meV / A
2024-11-26 01:14:08.709 INFO: Epoch 266: loss=0.0079, RMSE_E=0.6 meV, RMSE_F=2.8 meV / A
2024-11-26 01:14:21.118 INFO: Epoch 268: loss=0.0079, RMSE_E=0.5 meV, RMSE_F=2.8 meV / A
2024-11-26 01:14:33.251 INFO: Epoch 270: loss=0.0078, RMSE_E=0.5 meV, RMSE_F=2.8 meV / A
2024-11-26 01:14:45.324 INFO: Epoch 272: loss=0.0078, RMSE_E=0.6 meV, RMSE_F=2.8 meV / A
2024-11-26 01:14:57.517 INFO: Epoch 274: loss=0.0078, RMSE_E=0.5 meV, RMSE_F=2.8 meV / A
2024-11-26 01:15:08.964 INFO: Epoch 276: loss=0.0077, RMSE_E=0.5 meV, RMSE_F=2.8 meV / A
2024-11-26 01:15:20.186 INFO: Epoch 278: loss=0.0077, RMSE_E=0.5 meV, RMSE_F=2.8 meV / A
2024-11-26 01:15:32.759 INFO: Epoch 280: loss=0.0076, RMSE_E=0.5 meV, RMSE_F=2.8 meV / A
2024-11-26 01:15:44.684 INFO: Epoch 282: loss=0.0076, RMSE_E=0.5 meV, RMSE_F=2.8 meV / A
2024-11-26 01:15:56.077 INFO: Epoch 284: loss=0.0076, RMSE_E=0.4 meV, RMSE_F=2.7 meV / A
2024-11-26 01:16:05.117 INFO: Epoch 286: loss=0.0075, RMSE_E=0.5 meV, RMSE_F=2.7 meV / A
2024-11-26 01:16:16.511 INFO: Epoch 288: loss=0.0075, RMSE_E=0.5 meV, RMSE_F=2.7 meV / A
2024-11-26 01:16:28.659 INFO: Epoch 290: loss=0.0075, RMSE_E=0.5 meV, RMSE_F=2.7 meV / A
2024-11-26 01:16:40.781 INFO: Epoch 292: loss=0.0074, RMSE_E=0.4 meV, RMSE_F=2.7 meV / A
2024-11-26 01:16:52.280 INFO: Epoch 294: loss=0.0074, RMSE_E=0.4 meV, RMSE_F=2.7 meV / A
2024-11-26 01:17:04.222 INFO: Epoch 296: loss=0.0074, RMSE_E=0.5 meV, RMSE_F=2.7 meV / A
2024-11-26 01:17:13.540 INFO: Epoch 298: loss=0.0074, RMSE_E=0.4 meV, RMSE_F=2.7 meV / A
2024-11-26 01:17:24.808 INFO: Epoch 300: loss=0.0074, RMSE_E=0.4 meV, RMSE_F=2.7 meV / A
2024-11-26 01:17:37.249 INFO: Epoch 302: loss=0.0073, RMSE_E=0.4 meV, RMSE_F=2.7 meV / A
2024-11-26 01:17:49.836 INFO: Epoch 304: loss=0.0073, RMSE_E=0.5 meV, RMSE_F=2.7 meV / A
2024-11-26 01:18:01.556 INFO: Epoch 306: loss=0.0073, RMSE_E=0.5 meV, RMSE_F=2.7 meV / A
2024-11-26 01:18:13.488 INFO: Epoch 308: loss=0.0072, RMSE_E=0.4 meV, RMSE_F=2.7 meV / A
2024-11-26 01:18:25.540 INFO: Epoch 310: loss=0.0072, RMSE_E=0.3 meV, RMSE_F=2.7 meV / A
2024-11-26 01:18:37.811 INFO: Epoch 312: loss=0.0072, RMSE_E=0.4 meV, RMSE_F=2.7 meV / A
2024-11-26 01:18:46.850 INFO: Epoch 314: loss=0.0072, RMSE_E=0.5 meV, RMSE_F=2.7 meV / A
2024-11-26 01:18:58.758 INFO: Epoch 316: loss=0.0072, RMSE_E=0.5 meV, RMSE_F=2.7 meV / A
2024-11-26 01:19:10.716 INFO: Epoch 318: loss=0.0072, RMSE_E=0.4 meV, RMSE_F=2.7 meV / A
2024-11-26 01:19:22.447 INFO: Epoch 320: loss=0.0071, RMSE_E=0.5 meV, RMSE_F=2.7 meV / A
2024-11-26 01:19:34.424 INFO: Epoch 322: loss=0.0071, RMSE_E=0.5 meV, RMSE_F=2.7 meV / A
2024-11-26 01:19:45.769 INFO: Epoch 324: loss=0.0071, RMSE_E=0.4 meV, RMSE_F=2.7 meV / A
2024-11-26 01:19:58.486 INFO: Epoch 326: loss=0.0071, RMSE_E=0.3 meV, RMSE_F=2.7 meV / A
2024-11-26 01:20:09.900 INFO: Epoch 328: loss=0.0070, RMSE_E=0.5 meV, RMSE_F=2.6 meV / A
2024-11-26 01:20:21.984 INFO: Epoch 330: loss=0.0070, RMSE_E=0.5 meV, RMSE_F=2.6 meV / A
2024-11-26 01:20:34.205 INFO: Epoch 332: loss=0.0070, RMSE_E=0.6 meV, RMSE_F=2.6 meV / A
2024-11-26 01:20:45.573 INFO: Epoch 334: loss=0.0069, RMSE_E=0.4 meV, RMSE_F=2.6 meV / A
2024-11-26 01:20:57.101 INFO: Epoch 336: loss=0.0069, RMSE_E=0.4 meV, RMSE_F=2.6 meV / A
2024-11-26 01:21:06.726 INFO: Epoch 338: loss=0.0069, RMSE_E=0.4 meV, RMSE_F=2.6 meV / A
2024-11-26 01:21:18.734 INFO: Epoch 340: loss=0.0069, RMSE_E=0.4 meV, RMSE_F=2.6 meV / A
2024-11-26 01:21:30.125 INFO: Epoch 342: loss=0.0068, RMSE_E=0.4 meV, RMSE_F=2.6 meV / A
2024-11-26 01:21:42.393 INFO: Epoch 344: loss=0.0068, RMSE_E=0.4 meV, RMSE_F=2.6 meV / A
2024-11-26 01:21:54.913 INFO: Epoch 346: loss=0.0068, RMSE_E=0.4 meV, RMSE_F=2.6 meV / A
2024-11-26 01:22:06.917 INFO: Epoch 348: loss=0.0067, RMSE_E=0.4 meV, RMSE_F=2.6 meV / A
2024-11-26 01:22:19.000 INFO: Epoch 350: loss=0.0067, RMSE_E=0.3 meV, RMSE_F=2.6 meV / A
2024-11-26 01:22:30.771 INFO: Epoch 352: loss=0.0067, RMSE_E=0.3 meV, RMSE_F=2.6 meV / A
2024-11-26 01:22:43.021 INFO: Epoch 354: loss=0.0067, RMSE_E=0.3 meV, RMSE_F=2.6 meV / A
2024-11-26 01:22:54.813 INFO: Epoch 356: loss=0.0067, RMSE_E=0.5 meV, RMSE_F=2.6 meV / A
2024-11-26 01:23:06.703 INFO: Epoch 358: loss=0.0066, RMSE_E=0.4 meV, RMSE_F=2.6 meV / A
2024-11-26 01:23:19.331 INFO: Epoch 360: loss=0.0066, RMSE_E=0.4 meV, RMSE_F=2.6 meV / A
2024-11-26 01:23:30.848 INFO: Epoch 362: loss=0.0066, RMSE_E=0.4 meV, RMSE_F=2.6 meV / A
2024-11-26 01:23:43.199 INFO: Epoch 364: loss=0.0066, RMSE_E=0.5 meV, RMSE_F=2.6 meV / A
2024-11-26 01:23:55.358 INFO: Epoch 366: loss=0.0066, RMSE_E=0.4 meV, RMSE_F=2.6 meV / A
2024-11-26 01:24:07.440 INFO: Epoch 368: loss=0.0065, RMSE_E=0.3 meV, RMSE_F=2.6 meV / A
2024-11-26 01:24:19.006 INFO: Epoch 370: loss=0.0065, RMSE_E=0.4 meV, RMSE_F=2.6 meV / A
2024-11-26 01:24:31.273 INFO: Epoch 372: loss=0.0065, RMSE_E=0.4 meV, RMSE_F=2.5 meV / A
2024-11-26 01:24:43.667 INFO: Epoch 374: loss=0.0065, RMSE_E=0.4 meV, RMSE_F=2.5 meV / A
2024-11-26 01:24:55.772 INFO: Epoch 376: loss=0.0064, RMSE_E=0.4 meV, RMSE_F=2.5 meV / A
2024-11-26 01:25:07.561 INFO: Epoch 378: loss=0.0064, RMSE_E=0.4 meV, RMSE_F=2.5 meV / A
2024-11-26 01:25:19.178 INFO: Epoch 380: loss=0.0064, RMSE_E=0.4 meV, RMSE_F=2.5 meV / A
2024-11-26 01:25:30.641 INFO: Epoch 382: loss=0.0064, RMSE_E=0.4 meV, RMSE_F=2.5 meV / A
2024-11-26 01:25:42.737 INFO: Epoch 384: loss=0.0064, RMSE_E=0.4 meV, RMSE_F=2.5 meV / A
2024-11-26 01:25:54.962 INFO: Epoch 386: loss=0.0064, RMSE_E=0.4 meV, RMSE_F=2.5 meV / A
2024-11-26 01:26:06.253 INFO: Epoch 388: loss=0.0063, RMSE_E=0.4 meV, RMSE_F=2.5 meV / A
2024-11-26 01:26:18.074 INFO: Epoch 390: loss=0.0063, RMSE_E=0.3 meV, RMSE_F=2.5 meV / A
2024-11-26 01:26:30.566 INFO: Epoch 392: loss=0.0063, RMSE_E=0.3 meV, RMSE_F=2.5 meV / A
2024-11-26 01:26:42.328 INFO: Epoch 394: loss=0.0063, RMSE_E=0.4 meV, RMSE_F=2.5 meV / A
2024-11-26 01:26:54.893 INFO: Epoch 396: loss=0.0062, RMSE_E=0.4 meV, RMSE_F=2.5 meV / A
2024-11-26 01:27:07.979 INFO: Epoch 398: loss=0.0062, RMSE_E=0.3 meV, RMSE_F=2.5 meV / A
2024-11-26 01:27:20.498 INFO: Epoch 400: loss=0.0062, RMSE_E=0.4 meV, RMSE_F=2.5 meV / A
2024-11-26 01:27:32.109 INFO: Epoch 402: loss=0.0062, RMSE_E=0.3 meV, RMSE_F=2.5 meV / A
2024-11-26 01:27:44.437 INFO: Epoch 404: loss=0.0061, RMSE_E=0.4 meV, RMSE_F=2.5 meV / A
2024-11-26 01:27:56.954 INFO: Epoch 406: loss=0.0061, RMSE_E=0.4 meV, RMSE_F=2.5 meV / A
2024-11-26 01:28:08.777 INFO: Epoch 408: loss=0.0061, RMSE_E=0.3 meV, RMSE_F=2.5 meV / A
2024-11-26 01:28:20.358 INFO: Epoch 410: loss=0.0061, RMSE_E=0.3 meV, RMSE_F=2.5 meV / A
2024-11-26 01:28:32.767 INFO: Epoch 412: loss=0.0061, RMSE_E=0.4 meV, RMSE_F=2.5 meV / A
2024-11-26 01:28:45.111 INFO: Epoch 414: loss=0.0061, RMSE_E=0.5 meV, RMSE_F=2.5 meV / A
2024-11-26 01:28:54.223 INFO: Epoch 416: loss=0.0061, RMSE_E=0.5 meV, RMSE_F=2.5 meV / A
2024-11-26 01:29:05.687 INFO: Epoch 418: loss=0.0061, RMSE_E=0.4 meV, RMSE_F=2.5 meV / A
2024-11-26 01:29:17.714 INFO: Epoch 420: loss=0.0060, RMSE_E=0.5 meV, RMSE_F=2.5 meV / A
2024-11-26 01:29:30.406 INFO: Epoch 422: loss=0.0060, RMSE_E=0.4 meV, RMSE_F=2.5 meV / A
2024-11-26 01:29:41.704 INFO: Epoch 424: loss=0.0060, RMSE_E=0.4 meV, RMSE_F=2.4 meV / A
2024-11-26 01:29:53.160 INFO: Epoch 426: loss=0.0060, RMSE_E=0.4 meV, RMSE_F=2.4 meV / A
2024-11-26 01:30:05.068 INFO: Epoch 428: loss=0.0059, RMSE_E=0.4 meV, RMSE_F=2.4 meV / A
2024-11-26 01:30:17.172 INFO: Epoch 430: loss=0.0059, RMSE_E=0.4 meV, RMSE_F=2.4 meV / A
2024-11-26 01:30:29.845 INFO: Epoch 432: loss=0.0059, RMSE_E=0.4 meV, RMSE_F=2.4 meV / A
2024-11-26 01:30:42.388 INFO: Epoch 434: loss=0.0059, RMSE_E=0.4 meV, RMSE_F=2.4 meV / A
2024-11-26 01:30:54.452 INFO: Epoch 436: loss=0.0059, RMSE_E=0.5 meV, RMSE_F=2.4 meV / A
2024-11-26 01:31:06.810 INFO: Epoch 438: loss=0.0059, RMSE_E=0.4 meV, RMSE_F=2.4 meV / A
2024-11-26 01:31:18.313 INFO: Epoch 440: loss=0.0059, RMSE_E=0.5 meV, RMSE_F=2.4 meV / A
2024-11-26 01:31:31.107 INFO: Epoch 442: loss=0.0059, RMSE_E=0.4 meV, RMSE_F=2.4 meV / A
2024-11-26 01:31:42.815 INFO: Epoch 444: loss=0.0058, RMSE_E=0.4 meV, RMSE_F=2.4 meV / A
2024-11-26 01:31:54.669 INFO: Epoch 446: loss=0.0058, RMSE_E=0.4 meV, RMSE_F=2.4 meV / A
2024-11-26 01:32:06.905 INFO: Epoch 448: loss=0.0058, RMSE_E=0.3 meV, RMSE_F=2.4 meV / A
2024-11-26 01:32:18.503 INFO: Epoch 450: loss=0.0058, RMSE_E=0.3 meV, RMSE_F=2.4 meV / A
2024-11-26 01:32:29.538 INFO: Epoch 452: loss=0.0058, RMSE_E=0.3 meV, RMSE_F=2.4 meV / A
2024-11-26 01:32:40.991 INFO: Epoch 454: loss=0.0058, RMSE_E=0.4 meV, RMSE_F=2.4 meV / A
2024-11-26 01:32:53.238 INFO: Epoch 456: loss=0.0058, RMSE_E=0.4 meV, RMSE_F=2.4 meV / A
2024-11-26 01:33:05.027 INFO: Epoch 458: loss=0.0057, RMSE_E=0.3 meV, RMSE_F=2.4 meV / A
2024-11-26 01:33:17.304 INFO: Epoch 460: loss=0.0057, RMSE_E=0.3 meV, RMSE_F=2.4 meV / A
2024-11-26 01:33:29.102 INFO: Epoch 462: loss=0.0057, RMSE_E=0.4 meV, RMSE_F=2.4 meV / A
2024-11-26 01:33:41.178 INFO: Epoch 464: loss=0.0057, RMSE_E=0.4 meV, RMSE_F=2.4 meV / A
2024-11-26 01:33:50.760 INFO: Epoch 466: loss=0.0057, RMSE_E=0.4 meV, RMSE_F=2.4 meV / A
2024-11-26 01:34:02.356 INFO: Epoch 468: loss=0.0057, RMSE_E=0.4 meV, RMSE_F=2.4 meV / A
2024-11-26 01:34:14.977 INFO: Epoch 470: loss=0.0057, RMSE_E=0.3 meV, RMSE_F=2.4 meV / A
2024-11-26 01:34:26.604 INFO: Epoch 472: loss=0.0057, RMSE_E=0.4 meV, RMSE_F=2.4 meV / A
2024-11-26 01:34:38.610 INFO: Epoch 474: loss=0.0057, RMSE_E=0.4 meV, RMSE_F=2.4 meV / A
2024-11-26 01:34:47.855 INFO: Epoch 476: loss=0.0057, RMSE_E=0.4 meV, RMSE_F=2.4 meV / A
2024-11-26 01:34:59.621 INFO: Epoch 478: loss=0.0057, RMSE_E=0.3 meV, RMSE_F=2.4 meV / A
2024-11-26 01:35:11.973 INFO: Epoch 480: loss=0.0057, RMSE_E=0.4 meV, RMSE_F=2.4 meV / A
2024-11-26 01:35:23.557 INFO: Epoch 482: loss=0.0056, RMSE_E=0.4 meV, RMSE_F=2.4 meV / A
2024-11-26 01:35:35.998 INFO: Epoch 484: loss=0.0056, RMSE_E=0.3 meV, RMSE_F=2.4 meV / A
2024-11-26 01:35:48.043 INFO: Epoch 486: loss=0.0056, RMSE_E=0.3 meV, RMSE_F=2.4 meV / A
2024-11-26 01:35:57.270 INFO: Epoch 488: loss=0.0056, RMSE_E=0.4 meV, RMSE_F=2.4 meV / A
2024-11-26 01:36:09.365 INFO: Epoch 490: loss=0.0056, RMSE_E=0.3 meV, RMSE_F=2.4 meV / A
2024-11-26 01:36:21.315 INFO: Epoch 492: loss=0.0056, RMSE_E=0.3 meV, RMSE_F=2.4 meV / A
2024-11-26 01:36:32.987 INFO: Epoch 494: loss=0.0056, RMSE_E=0.3 meV, RMSE_F=2.4 meV / A
2024-11-26 01:36:45.481 INFO: Epoch 496: loss=0.0056, RMSE_E=0.3 meV, RMSE_F=2.4 meV / A
2024-11-26 01:36:54.807 INFO: Epoch 498: loss=0.0056, RMSE_E=0.3 meV, RMSE_F=2.4 meV / A
2024-11-26 01:36:57.869 INFO: Training complete
2024-11-26 01:36:57.869 INFO: Computing metrics for training, validation, and test sets
2024-11-26 01:36:57.871 INFO: Loading checkpoint: checkpoints/benzene_run-123_epoch-498.pt
2024-11-26 01:36:58.314 INFO: Loaded model from epoch 498
2024-11-26 01:36:58.315 INFO: Evaluating train ...
2024-11-26 01:36:58.655 INFO: Evaluating valid ...
2024-11-26 01:37:06.353 INFO: 
+-------------+--------------+------------------+-------------------+
| config_type | RMSE E / meV | RMSE F / meV / A | relative F RMSE % |
+-------------+--------------+------------------+-------------------+
|    train    |     0.1      |       1.4        |        0.15       |
|    valid    |     0.3      |       2.4        |        0.26       |
+-------------+--------------+------------------+-------------------+
2024-11-26 01:37:06.354 INFO: Saving model to checkpoints/benzene_run-123.model
2024-11-26 01:37:10.641 INFO: Compiling model, saving metadata to benzene_compiled.model
2024-11-26 01:37:12.012 INFO: Done
