2024-11-25 16:57:50.730 INFO: MACE version: 0.3.5
2024-11-25 16:57:50.731 INFO: Configuration: Namespace(config=None, name='aspirin', seed=123, log_dir='logs', model_dir='.', checkpoints_dir='checkpoints', results_dir='results', downloads_dir='downloads', device='cuda', default_dtype='float64', distributed=False, log_level='INFO', error_table='TotalRMSE', model='MACE', r_max=5.0, radial_type='bessel', num_radial_basis=8, num_cutoff_basis=5, pair_repulsion=False, distance_transform='None', interaction='RealAgnosticResidualInteractionBlock', interaction_first='RealAgnosticResidualInteractionBlock', max_ell=3, correlation=3, num_interactions=2, MLP_irreps='16x0e', radial_MLP='[64, 64, 64]', hidden_irreps='128x0e + 128x1o', num_channels=128, max_L=1, gate='silu', scaling='rms_forces_scaling', avg_num_neighbors=1, compute_avg_num_neighbors=True, compute_stress=False, compute_forces=True, train_file='./dataset/train.xyz', valid_file='./dataset/valid.xyz', valid_fraction=0.1, test_file=None, test_dir=None, multi_processed_test=False, num_workers=0, pin_memory=True, atomic_numbers=None, mean=None, std=None, statistics_file=None, E0s='average', keep_isolated_atoms=False, energy_key='energy', forces_key='forces', virials_key='virials', stress_key='stress', dipole_key='dipole', charges_key='charges', loss='ef', forces_weight=1000.0, swa_forces_weight=100.0, energy_weight=1.0, swa_energy_weight=1000.0, virials_weight=1.0, swa_virials_weight=10.0, stress_weight=1.0, swa_stress_weight=10.0, dipole_weight=1.0, swa_dipole_weight=1.0, config_type_weights='{"Default":1.0}', huber_delta=0.01, optimizer='adam', beta=0.9, batch_size=5, valid_batch_size=5, lr=0.005, swa_lr=0.001, weight_decay=1e-08, amsgrad=True, scheduler='ReduceLROnPlateau', lr_factor=0.8, scheduler_patience=5, lr_scheduler_gamma=0.9993, swa=False, start_swa=None, ema=True, ema_decay=0.995, max_num_epochs=500, patience=2048, foundation_model='/home/l6eub2ic/whcs-share31/wangchen/mace/MPtrj/MACE-OFF23_medium.model', foundation_model_readout=True, eval_interval=2, keep_checkpoints=False, save_all_checkpoints=False, restart_latest=False, save_cpu=True, clip_grad=100.0, wandb=False, wandb_dir=None, wandb_project='', wandb_entity='', wandb_name='', wandb_log_hypers=['num_channels', 'max_L', 'correlation', 'lr', 'swa_lr', 'weight_decay', 'batch_size', 'max_num_epochs', 'start_swa', 'energy_weight', 'forces_weight'])
2024-11-25 16:57:50.869 INFO: CUDA version: 11.8, CUDA device: 0
2024-11-25 16:57:51.281 INFO: Error accessing Git repository: /home/l6eub2ic/whcs-share31/wangchen/mace/organic/aspirin/finetune
2024-11-25 16:57:53.590 INFO: Using foundation model /home/l6eub2ic/whcs-share31/wangchen/mace/MPtrj/MACE-OFF23_medium.model as initial checkpoint.
2024-11-25 16:57:53.647 INFO: Since ASE version 3.23.0b1, using energy_key 'energy' is no longer safe when communicating between MACE and ASE. We recommend using a different key, rewriting energies to 'REF_energy'. You need to use --energy_key='REF_energy', to tell the key name chosen.
2024-11-25 16:57:53.657 INFO: Since ASE version 3.23.0b1, using forces_key 'forces' is no longer safe when communicating between MACE and ASE. We recommend using a different key, rewriting energies to 'REF_forces'. You need to use --forces_key='REF_forces', to tell the key name chosen.
2024-11-25 16:57:53.667 INFO: Since ASE version 3.23.0b1, using stress_key 'stress' is no longer safe when communicating between MACE and ASE. We recommend using a different key, rewriting energies to 'REF_stress'. You need to use --stress_key='REF_stress', to tell the key name chosen.
2024-11-25 16:57:53.668 INFO: Loaded 50 training configurations from './dataset/train.xyz'
2024-11-25 16:57:55.414 INFO: Since ASE version 3.23.0b1, using energy_key 'energy' is no longer safe when communicating between MACE and ASE. We recommend using a different key, rewriting energies to 'REF_energy'. You need to use --energy_key='REF_energy', to tell the key name chosen.
2024-11-25 16:57:55.584 INFO: Since ASE version 3.23.0b1, using forces_key 'forces' is no longer safe when communicating between MACE and ASE. We recommend using a different key, rewriting energies to 'REF_forces'. You need to use --forces_key='REF_forces', to tell the key name chosen.
2024-11-25 16:57:55.754 INFO: Since ASE version 3.23.0b1, using stress_key 'stress' is no longer safe when communicating between MACE and ASE. We recommend using a different key, rewriting energies to 'REF_stress'. You need to use --stress_key='REF_stress', to tell the key name chosen.
2024-11-25 16:57:55.779 INFO: Loaded 950 validation configurations from './dataset/valid.xyz'
2024-11-25 16:57:55.779 INFO: Total number of configurations: train=50, valid=950, tests=[]
2024-11-25 16:57:55.784 INFO: AtomicNumberTable: (1, 6, 8)
2024-11-25 16:57:55.784 INFO: Atomic Energies not in training file, using command line argument E0s
2024-11-25 16:57:55.784 INFO: Computing average Atomic Energies using least squares regression
2024-11-25 16:57:55.785 INFO: Atomic energies: [-875.4154212502455, -984.8423489065265, -437.7077106251228]
2024-11-25 16:57:56.346 INFO: EnergyForcesLoss(energy_weight=1.000, forces_weight=1000.000)
2024-11-25 16:57:56.374 INFO: Average number of neighbors: 14.308571428571428
2024-11-25 16:57:56.374 INFO: Selected the following outputs: {'energy': True, 'forces': True, 'virials': False, 'stress': False, 'dipoles': False}
2024-11-25 16:57:56.397 INFO: Building model
2024-11-25 16:58:03.426 INFO: ScaleShiftMACE(
  (node_embedding): LinearNodeEmbeddingBlock(
    (linear): Linear(3x0e -> 128x0e | 384 weights)
  )
  (radial_embedding): RadialEmbeddingBlock(
    (bessel_fn): BesselBasis(r_max=5.0, num_basis=8, trainable=True)
    (cutoff_fn): PolynomialCutoff(p=5.0, r_max=5.0)
  )
  (spherical_harmonics): SphericalHarmonics()
  (atomic_energies_fn): AtomicEnergiesBlock(energies=[-875.4154, -984.8423, -437.7077])
  (interactions): ModuleList(
    (0): RealAgnosticInteractionBlock(
      (linear_up): Linear(128x0e -> 128x0e | 16384 weights)
      (conv_tp): TensorProduct(128x0e x 1x0e+1x1o+1x2e+1x3o -> 128x0e+128x1o+128x2e+128x3o | 512 paths | 512 weights)
      (conv_tp_weights): FullyConnectedNet[8, 64, 64, 64, 512]
      (linear): Linear(128x0e+128x1o+128x2e+128x3o -> 128x0e+128x1o+128x2e+128x3o | 65536 weights)
      (skip_tp): FullyConnectedTensorProduct(128x0e+128x1o+128x2e+128x3o x 3x0e -> 128x0e+128x1o+128x2e+128x3o | 196608 paths | 196608 weights)
      (reshape): reshape_irreps()
    )
    (1): RealAgnosticResidualInteractionBlock(
      (linear_up): Linear(128x0e+128x1o -> 128x0e+128x1o | 32768 weights)
      (conv_tp): TensorProduct(128x0e+128x1o x 1x0e+1x1o+1x2e+1x3o -> 256x0e+384x1o+384x2e+256x3o | 1280 paths | 1280 weights)
      (conv_tp_weights): FullyConnectedNet[8, 64, 64, 64, 1280]
      (linear): Linear(256x0e+384x1o+384x2e+256x3o -> 128x0e+128x1o+128x2e+128x3o | 163840 weights)
      (skip_tp): FullyConnectedTensorProduct(128x0e+128x1o x 3x0e -> 128x0e | 49152 paths | 49152 weights)
      (reshape): reshape_irreps()
    )
  )
  (products): ModuleList(
    (0): EquivariantProductBasisBlock(
      (symmetric_contractions): SymmetricContraction(
        (contractions): ModuleList(
          (0): Contraction(
            (contractions_weighting): ModuleList(
              (0-1): 2 x GraphModule()
            )
            (contractions_features): ModuleList(
              (0-1): 2 x GraphModule()
            )
            (weights): ParameterList(
                (0): Parameter containing: [torch.float64 of size 3x4x128 (GPU 0)]
                (1): Parameter containing: [torch.float64 of size 3x1x128 (GPU 0)]
            )
            (graph_opt_main): GraphModule()
          )
          (1): Contraction(
            (contractions_weighting): ModuleList(
              (0-1): 2 x GraphModule()
            )
            (contractions_features): ModuleList(
              (0-1): 2 x GraphModule()
            )
            (weights): ParameterList(
                (0): Parameter containing: [torch.float64 of size 3x6x128 (GPU 0)]
                (1): Parameter containing: [torch.float64 of size 3x1x128 (GPU 0)]
            )
            (graph_opt_main): GraphModule()
          )
        )
      )
      (linear): Linear(128x0e+128x1o -> 128x0e+128x1o | 32768 weights)
    )
    (1): EquivariantProductBasisBlock(
      (symmetric_contractions): SymmetricContraction(
        (contractions): ModuleList(
          (0): Contraction(
            (contractions_weighting): ModuleList(
              (0-1): 2 x GraphModule()
            )
            (contractions_features): ModuleList(
              (0-1): 2 x GraphModule()
            )
            (weights): ParameterList(
                (0): Parameter containing: [torch.float64 of size 3x4x128 (GPU 0)]
                (1): Parameter containing: [torch.float64 of size 3x1x128 (GPU 0)]
            )
            (graph_opt_main): GraphModule()
          )
        )
      )
      (linear): Linear(128x0e -> 128x0e | 16384 weights)
    )
  )
  (readouts): ModuleList(
    (0): LinearReadoutBlock(
      (linear): Linear(128x0e+128x1o -> 1x0e | 128 weights)
    )
    (1): NonLinearReadoutBlock(
      (linear_1): Linear(128x0e -> 16x0e | 2048 weights)
      (non_linearity): Activation [x] (16x0e -> 16x0e)
      (linear_2): Linear(16x0e -> 1x0e | 16 weights)
    )
  )
  (scale_shift): ScaleShiftBlock(scale=1.088502, shift=0.000000)
)
2024-11-25 16:58:03.428 INFO: Number of parameters: 751896
2024-11-25 16:58:03.429 INFO: Optimizer: Adam (
Parameter Group 0
    amsgrad: True
    betas: (0.9, 0.999)
    capturable: False
    differentiable: False
    eps: 1e-08
    foreach: None
    fused: None
    lr: 0.005
    maximize: False
    name: embedding
    weight_decay: 0.0

Parameter Group 1
    amsgrad: True
    betas: (0.9, 0.999)
    capturable: False
    differentiable: False
    eps: 1e-08
    foreach: None
    fused: None
    lr: 0.005
    maximize: False
    name: interactions_decay
    weight_decay: 1e-08

Parameter Group 2
    amsgrad: True
    betas: (0.9, 0.999)
    capturable: False
    differentiable: False
    eps: 1e-08
    foreach: None
    fused: None
    lr: 0.005
    maximize: False
    name: interactions_no_decay
    weight_decay: 0.0

Parameter Group 3
    amsgrad: True
    betas: (0.9, 0.999)
    capturable: False
    differentiable: False
    eps: 1e-08
    foreach: None
    fused: None
    lr: 0.005
    maximize: False
    name: products
    weight_decay: 1e-08

Parameter Group 4
    amsgrad: True
    betas: (0.9, 0.999)
    capturable: False
    differentiable: False
    eps: 1e-08
    foreach: None
    fused: None
    lr: 0.005
    maximize: False
    name: readouts
    weight_decay: 0.0
)
2024-11-25 16:58:03.429 INFO: Using gradient clipping with tolerance=100.000
2024-11-25 16:58:03.429 INFO: Started training
2024-11-25 16:58:21.050 INFO: Epoch None: loss=10884.0707, RMSE_E=103366.1 meV, RMSE_F=446.7 meV / A
2024-11-25 16:58:39.356 INFO: Epoch 0: loss=6107.7524, RMSE_E=77701.9 meV, RMSE_F=264.9 meV / A
2024-11-25 16:58:50.648 INFO: Epoch 2: loss=275.7686, RMSE_E=6657.1 meV, RMSE_F=481.1 meV / A
2024-11-25 16:59:01.378 INFO: Epoch 4: loss=47.0367, RMSE_E=1033.1 meV, RMSE_F=214.4 meV / A
2024-11-25 16:59:12.516 INFO: Epoch 6: loss=18.6502, RMSE_E=279.0 meV, RMSE_F=136.3 meV / A
2024-11-25 16:59:22.706 INFO: Epoch 8: loss=11.4828, RMSE_E=120.2 meV, RMSE_F=107.1 meV / A
2024-11-25 16:59:33.649 INFO: Epoch 10: loss=8.2635, RMSE_E=107.3 meV, RMSE_F=90.8 meV / A
2024-11-25 16:59:44.943 INFO: Epoch 12: loss=6.5523, RMSE_E=81.7 meV, RMSE_F=80.9 meV / A
2024-11-25 16:59:55.308 INFO: Epoch 14: loss=5.5458, RMSE_E=77.4 meV, RMSE_F=74.4 meV / A
2024-11-25 17:00:06.941 INFO: Epoch 16: loss=4.8768, RMSE_E=62.0 meV, RMSE_F=69.8 meV / A
2024-11-25 17:00:17.921 INFO: Epoch 18: loss=4.4352, RMSE_E=52.3 meV, RMSE_F=66.6 meV / A
2024-11-25 17:00:29.188 INFO: Epoch 20: loss=4.1361, RMSE_E=45.3 meV, RMSE_F=64.3 meV / A
2024-11-25 17:00:40.791 INFO: Epoch 22: loss=3.8841, RMSE_E=43.6 meV, RMSE_F=62.3 meV / A
2024-11-25 17:00:52.172 INFO: Epoch 24: loss=3.6641, RMSE_E=43.3 meV, RMSE_F=60.5 meV / A
2024-11-25 17:01:03.451 INFO: Epoch 26: loss=3.4602, RMSE_E=44.3 meV, RMSE_F=58.8 meV / A
2024-11-25 17:01:14.537 INFO: Epoch 28: loss=3.2758, RMSE_E=39.0 meV, RMSE_F=57.2 meV / A
2024-11-25 17:01:25.357 INFO: Epoch 30: loss=3.1128, RMSE_E=37.8 meV, RMSE_F=55.8 meV / A
2024-11-25 17:01:35.398 INFO: Epoch 32: loss=2.9637, RMSE_E=37.1 meV, RMSE_F=54.4 meV / A
2024-11-25 17:01:45.903 INFO: Epoch 34: loss=2.8602, RMSE_E=36.4 meV, RMSE_F=53.5 meV / A
2024-11-25 17:01:55.640 INFO: Epoch 36: loss=2.7697, RMSE_E=35.9 meV, RMSE_F=52.6 meV / A
2024-11-25 17:02:06.387 INFO: Epoch 38: loss=2.6776, RMSE_E=35.1 meV, RMSE_F=51.7 meV / A
2024-11-25 17:02:17.914 INFO: Epoch 40: loss=2.5993, RMSE_E=34.4 meV, RMSE_F=51.0 meV / A
2024-11-25 17:02:29.059 INFO: Epoch 42: loss=2.5213, RMSE_E=34.0 meV, RMSE_F=50.2 meV / A
2024-11-25 17:02:39.636 INFO: Epoch 44: loss=2.4626, RMSE_E=34.0 meV, RMSE_F=49.6 meV / A
2024-11-25 17:02:51.274 INFO: Epoch 46: loss=2.4144, RMSE_E=33.3 meV, RMSE_F=49.1 meV / A
2024-11-25 17:03:03.455 INFO: Epoch 48: loss=2.3714, RMSE_E=32.9 meV, RMSE_F=48.7 meV / A
2024-11-25 17:03:15.122 INFO: Epoch 50: loss=2.3224, RMSE_E=33.0 meV, RMSE_F=48.2 meV / A
2024-11-25 17:03:25.620 INFO: Epoch 52: loss=2.2879, RMSE_E=32.6 meV, RMSE_F=47.8 meV / A
2024-11-25 17:03:36.233 INFO: Epoch 54: loss=2.2551, RMSE_E=32.9 meV, RMSE_F=47.5 meV / A
2024-11-25 17:03:47.491 INFO: Epoch 56: loss=2.2171, RMSE_E=32.2 meV, RMSE_F=47.1 meV / A
2024-11-25 17:03:57.493 INFO: Epoch 58: loss=2.1768, RMSE_E=31.3 meV, RMSE_F=46.6 meV / A
2024-11-25 17:04:08.074 INFO: Epoch 60: loss=2.1428, RMSE_E=30.8 meV, RMSE_F=46.3 meV / A
2024-11-25 17:04:18.728 INFO: Epoch 62: loss=2.0992, RMSE_E=30.5 meV, RMSE_F=45.8 meV / A
2024-11-25 17:04:29.561 INFO: Epoch 64: loss=2.0611, RMSE_E=30.2 meV, RMSE_F=45.4 meV / A
2024-11-25 17:04:40.778 INFO: Epoch 66: loss=2.0370, RMSE_E=30.2 meV, RMSE_F=45.1 meV / A
2024-11-25 17:04:51.609 INFO: Epoch 68: loss=2.0082, RMSE_E=30.2 meV, RMSE_F=44.8 meV / A
2024-11-25 17:05:02.304 INFO: Epoch 70: loss=1.9785, RMSE_E=30.1 meV, RMSE_F=44.5 meV / A
2024-11-25 17:05:13.500 INFO: Epoch 72: loss=1.9586, RMSE_E=29.8 meV, RMSE_F=44.2 meV / A
2024-11-25 17:05:24.594 INFO: Epoch 74: loss=1.9386, RMSE_E=29.5 meV, RMSE_F=44.0 meV / A
2024-11-25 17:05:35.632 INFO: Epoch 76: loss=1.9179, RMSE_E=29.3 meV, RMSE_F=43.8 meV / A
2024-11-25 17:05:45.870 INFO: Epoch 78: loss=1.8968, RMSE_E=29.3 meV, RMSE_F=43.5 meV / A
2024-11-25 17:05:56.070 INFO: Epoch 80: loss=1.8811, RMSE_E=29.0 meV, RMSE_F=43.4 meV / A
2024-11-25 17:06:05.787 INFO: Epoch 82: loss=1.8631, RMSE_E=28.8 meV, RMSE_F=43.2 meV / A
2024-11-25 17:06:16.225 INFO: Epoch 84: loss=1.8476, RMSE_E=28.5 meV, RMSE_F=43.0 meV / A
2024-11-25 17:06:26.812 INFO: Epoch 86: loss=1.8333, RMSE_E=28.2 meV, RMSE_F=42.8 meV / A
2024-11-25 17:06:37.672 INFO: Epoch 88: loss=1.8220, RMSE_E=27.9 meV, RMSE_F=42.7 meV / A
2024-11-25 17:06:48.243 INFO: Epoch 90: loss=1.8113, RMSE_E=27.8 meV, RMSE_F=42.6 meV / A
2024-11-25 17:06:57.116 INFO: Epoch 92: loss=1.7951, RMSE_E=27.6 meV, RMSE_F=42.4 meV / A
2024-11-25 17:07:08.300 INFO: Epoch 94: loss=1.7815, RMSE_E=27.5 meV, RMSE_F=42.2 meV / A
2024-11-25 17:07:19.499 INFO: Epoch 96: loss=1.7680, RMSE_E=27.2 meV, RMSE_F=42.0 meV / A
2024-11-25 17:07:30.403 INFO: Epoch 98: loss=1.7587, RMSE_E=26.7 meV, RMSE_F=41.9 meV / A
2024-11-25 17:07:41.590 INFO: Epoch 100: loss=1.7448, RMSE_E=26.5 meV, RMSE_F=41.8 meV / A
2024-11-25 17:07:52.495 INFO: Epoch 102: loss=1.7348, RMSE_E=26.3 meV, RMSE_F=41.6 meV / A
2024-11-25 17:08:03.567 INFO: Epoch 104: loss=1.7215, RMSE_E=26.3 meV, RMSE_F=41.5 meV / A
2024-11-25 17:08:15.026 INFO: Epoch 106: loss=1.7097, RMSE_E=26.3 meV, RMSE_F=41.3 meV / A
2024-11-25 17:08:26.721 INFO: Epoch 108: loss=1.6966, RMSE_E=25.9 meV, RMSE_F=41.2 meV / A
2024-11-25 17:08:37.718 INFO: Epoch 110: loss=1.6861, RMSE_E=25.7 meV, RMSE_F=41.1 meV / A
2024-11-25 17:08:48.087 INFO: Epoch 112: loss=1.6758, RMSE_E=25.5 meV, RMSE_F=40.9 meV / A
2024-11-25 17:08:58.914 INFO: Epoch 114: loss=1.6663, RMSE_E=25.3 meV, RMSE_F=40.8 meV / A
2024-11-25 17:09:09.431 INFO: Epoch 116: loss=1.6560, RMSE_E=25.1 meV, RMSE_F=40.7 meV / A
2024-11-25 17:09:20.883 INFO: Epoch 118: loss=1.6464, RMSE_E=25.0 meV, RMSE_F=40.6 meV / A
2024-11-25 17:09:32.075 INFO: Epoch 120: loss=1.6355, RMSE_E=24.7 meV, RMSE_F=40.4 meV / A
2024-11-25 17:09:43.088 INFO: Epoch 122: loss=1.6267, RMSE_E=24.5 meV, RMSE_F=40.3 meV / A
2024-11-25 17:09:54.718 INFO: Epoch 124: loss=1.6180, RMSE_E=24.4 meV, RMSE_F=40.2 meV / A
2024-11-25 17:10:06.318 INFO: Epoch 126: loss=1.6098, RMSE_E=24.2 meV, RMSE_F=40.1 meV / A
2024-11-25 17:10:16.595 INFO: Epoch 128: loss=1.6036, RMSE_E=23.9 meV, RMSE_F=40.0 meV / A
2024-11-25 17:10:26.372 INFO: Epoch 130: loss=1.5966, RMSE_E=23.9 meV, RMSE_F=40.0 meV / A
2024-11-25 17:10:37.001 INFO: Epoch 132: loss=1.5901, RMSE_E=23.7 meV, RMSE_F=39.9 meV / A
2024-11-25 17:10:47.872 INFO: Epoch 134: loss=1.5835, RMSE_E=23.7 meV, RMSE_F=39.8 meV / A
2024-11-25 17:10:58.726 INFO: Epoch 136: loss=1.5774, RMSE_E=23.4 meV, RMSE_F=39.7 meV / A
2024-11-25 17:11:09.544 INFO: Epoch 138: loss=1.5718, RMSE_E=23.3 meV, RMSE_F=39.6 meV / A
2024-11-25 17:11:20.826 INFO: Epoch 140: loss=1.5658, RMSE_E=23.0 meV, RMSE_F=39.6 meV / A
2024-11-25 17:11:32.120 INFO: Epoch 142: loss=1.5594, RMSE_E=22.9 meV, RMSE_F=39.5 meV / A
2024-11-25 17:11:42.952 INFO: Epoch 144: loss=1.5539, RMSE_E=22.7 meV, RMSE_F=39.4 meV / A
2024-11-25 17:11:53.429 INFO: Epoch 146: loss=1.5486, RMSE_E=22.8 meV, RMSE_F=39.3 meV / A
2024-11-25 17:12:03.694 INFO: Epoch 148: loss=1.5440, RMSE_E=22.6 meV, RMSE_F=39.3 meV / A
2024-11-25 17:12:14.845 INFO: Epoch 150: loss=1.5388, RMSE_E=22.5 meV, RMSE_F=39.2 meV / A
2024-11-25 17:12:25.639 INFO: Epoch 152: loss=1.5338, RMSE_E=22.4 meV, RMSE_F=39.2 meV / A
2024-11-25 17:12:37.028 INFO: Epoch 154: loss=1.5283, RMSE_E=22.2 meV, RMSE_F=39.1 meV / A
2024-11-25 17:12:48.197 INFO: Epoch 156: loss=1.5231, RMSE_E=22.1 meV, RMSE_F=39.0 meV / A
2024-11-25 17:12:59.264 INFO: Epoch 158: loss=1.5201, RMSE_E=22.0 meV, RMSE_F=39.0 meV / A
2024-11-25 17:13:09.955 INFO: Epoch 160: loss=1.5148, RMSE_E=21.9 meV, RMSE_F=38.9 meV / A
2024-11-25 17:13:20.963 INFO: Epoch 162: loss=1.5110, RMSE_E=21.7 meV, RMSE_F=38.9 meV / A
2024-11-25 17:13:32.486 INFO: Epoch 164: loss=1.5077, RMSE_E=21.6 meV, RMSE_F=38.8 meV / A
2024-11-25 17:13:42.592 INFO: Epoch 166: loss=1.5034, RMSE_E=21.5 meV, RMSE_F=38.8 meV / A
2024-11-25 17:13:54.057 INFO: Epoch 168: loss=1.4972, RMSE_E=21.1 meV, RMSE_F=38.7 meV / A
2024-11-25 17:14:04.849 INFO: Epoch 170: loss=1.4924, RMSE_E=21.1 meV, RMSE_F=38.6 meV / A
2024-11-25 17:14:15.987 INFO: Epoch 172: loss=1.4872, RMSE_E=21.0 meV, RMSE_F=38.6 meV / A
2024-11-25 17:14:28.017 INFO: Epoch 174: loss=1.4821, RMSE_E=20.9 meV, RMSE_F=38.5 meV / A
2024-11-25 17:14:40.411 INFO: Epoch 176: loss=1.4761, RMSE_E=20.7 meV, RMSE_F=38.4 meV / A
2024-11-25 17:14:50.695 INFO: Epoch 178: loss=1.4709, RMSE_E=20.6 meV, RMSE_F=38.3 meV / A
2024-11-25 17:15:01.438 INFO: Epoch 180: loss=1.4649, RMSE_E=20.5 meV, RMSE_F=38.3 meV / A
2024-11-25 17:15:12.716 INFO: Epoch 182: loss=1.4603, RMSE_E=20.4 meV, RMSE_F=38.2 meV / A
2024-11-25 17:15:23.032 INFO: Epoch 184: loss=1.4560, RMSE_E=20.2 meV, RMSE_F=38.2 meV / A
2024-11-25 17:15:33.916 INFO: Epoch 186: loss=1.4510, RMSE_E=20.1 meV, RMSE_F=38.1 meV / A
2024-11-25 17:15:45.337 INFO: Epoch 188: loss=1.4468, RMSE_E=20.1 meV, RMSE_F=38.0 meV / A
2024-11-25 17:15:56.232 INFO: Epoch 190: loss=1.4433, RMSE_E=19.9 meV, RMSE_F=38.0 meV / A
2024-11-25 17:16:07.394 INFO: Epoch 192: loss=1.4396, RMSE_E=19.8 meV, RMSE_F=37.9 meV / A
2024-11-25 17:16:18.100 INFO: Epoch 194: loss=1.4364, RMSE_E=19.7 meV, RMSE_F=37.9 meV / A
2024-11-25 17:16:29.297 INFO: Epoch 196: loss=1.4326, RMSE_E=19.7 meV, RMSE_F=37.8 meV / A
2024-11-25 17:16:40.522 INFO: Epoch 198: loss=1.4301, RMSE_E=19.6 meV, RMSE_F=37.8 meV / A
2024-11-25 17:16:51.333 INFO: Epoch 200: loss=1.4266, RMSE_E=19.5 meV, RMSE_F=37.8 meV / A
2024-11-25 17:17:02.327 INFO: Epoch 202: loss=1.4237, RMSE_E=19.5 meV, RMSE_F=37.7 meV / A
2024-11-25 17:17:13.436 INFO: Epoch 204: loss=1.4189, RMSE_E=19.4 meV, RMSE_F=37.7 meV / A
2024-11-25 17:17:24.626 INFO: Epoch 206: loss=1.4157, RMSE_E=19.3 meV, RMSE_F=37.6 meV / A
2024-11-25 17:17:35.126 INFO: Epoch 208: loss=1.4128, RMSE_E=19.3 meV, RMSE_F=37.6 meV / A
2024-11-25 17:17:47.029 INFO: Epoch 210: loss=1.4101, RMSE_E=19.2 meV, RMSE_F=37.5 meV / A
2024-11-25 17:17:58.873 INFO: Epoch 212: loss=1.4068, RMSE_E=19.1 meV, RMSE_F=37.5 meV / A
2024-11-25 17:18:10.134 INFO: Epoch 214: loss=1.4043, RMSE_E=19.1 meV, RMSE_F=37.5 meV / A
2024-11-25 17:18:21.316 INFO: Epoch 216: loss=1.4015, RMSE_E=19.0 meV, RMSE_F=37.4 meV / A
2024-11-25 17:18:33.255 INFO: Epoch 218: loss=1.3988, RMSE_E=18.9 meV, RMSE_F=37.4 meV / A
2024-11-25 17:18:43.558 INFO: Epoch 220: loss=1.3956, RMSE_E=18.9 meV, RMSE_F=37.4 meV / A
2024-11-25 17:18:55.046 INFO: Epoch 222: loss=1.3927, RMSE_E=18.9 meV, RMSE_F=37.3 meV / A
2024-11-25 17:19:06.210 INFO: Epoch 224: loss=1.3898, RMSE_E=18.7 meV, RMSE_F=37.3 meV / A
2024-11-25 17:19:17.161 INFO: Epoch 226: loss=1.3872, RMSE_E=18.7 meV, RMSE_F=37.2 meV / A
2024-11-25 17:19:27.462 INFO: Epoch 228: loss=1.3845, RMSE_E=18.6 meV, RMSE_F=37.2 meV / A
2024-11-25 17:19:38.058 INFO: Epoch 230: loss=1.3821, RMSE_E=18.6 meV, RMSE_F=37.2 meV / A
2024-11-25 17:19:49.402 INFO: Epoch 232: loss=1.3799, RMSE_E=18.6 meV, RMSE_F=37.1 meV / A
2024-11-25 17:20:00.401 INFO: Epoch 234: loss=1.3780, RMSE_E=18.4 meV, RMSE_F=37.1 meV / A
2024-11-25 17:20:12.246 INFO: Epoch 236: loss=1.3762, RMSE_E=18.4 meV, RMSE_F=37.1 meV / A
2024-11-25 17:20:23.053 INFO: Epoch 238: loss=1.3746, RMSE_E=18.2 meV, RMSE_F=37.1 meV / A
2024-11-25 17:20:34.659 INFO: Epoch 240: loss=1.3725, RMSE_E=18.1 meV, RMSE_F=37.0 meV / A
2024-11-25 17:20:45.277 INFO: Epoch 242: loss=1.3701, RMSE_E=18.0 meV, RMSE_F=37.0 meV / A
2024-11-25 17:20:55.975 INFO: Epoch 244: loss=1.3680, RMSE_E=18.1 meV, RMSE_F=37.0 meV / A
2024-11-25 17:21:06.624 INFO: Epoch 246: loss=1.3658, RMSE_E=18.0 meV, RMSE_F=37.0 meV / A
2024-11-25 17:21:17.495 INFO: Epoch 248: loss=1.3640, RMSE_E=18.0 meV, RMSE_F=36.9 meV / A
2024-11-25 17:21:28.717 INFO: Epoch 250: loss=1.3622, RMSE_E=17.9 meV, RMSE_F=36.9 meV / A
2024-11-25 17:21:39.301 INFO: Epoch 252: loss=1.3602, RMSE_E=17.8 meV, RMSE_F=36.9 meV / A
2024-11-25 17:21:49.642 INFO: Epoch 254: loss=1.3585, RMSE_E=17.8 meV, RMSE_F=36.9 meV / A
2024-11-25 17:22:00.590 INFO: Epoch 256: loss=1.3570, RMSE_E=17.7 meV, RMSE_F=36.8 meV / A
2024-11-25 17:22:11.525 INFO: Epoch 258: loss=1.3556, RMSE_E=17.7 meV, RMSE_F=36.8 meV / A
2024-11-25 17:22:22.798 INFO: Epoch 260: loss=1.3538, RMSE_E=17.7 meV, RMSE_F=36.8 meV / A
2024-11-25 17:22:33.896 INFO: Epoch 262: loss=1.3521, RMSE_E=17.5 meV, RMSE_F=36.8 meV / A
2024-11-25 17:22:44.944 INFO: Epoch 264: loss=1.3504, RMSE_E=17.5 meV, RMSE_F=36.7 meV / A
2024-11-25 17:22:56.115 INFO: Epoch 266: loss=1.3493, RMSE_E=17.4 meV, RMSE_F=36.7 meV / A
2024-11-25 17:23:07.606 INFO: Epoch 268: loss=1.3481, RMSE_E=17.3 meV, RMSE_F=36.7 meV / A
2024-11-25 17:23:17.847 INFO: Epoch 270: loss=1.3470, RMSE_E=17.3 meV, RMSE_F=36.7 meV / A
2024-11-25 17:23:28.261 INFO: Epoch 272: loss=1.3451, RMSE_E=17.2 meV, RMSE_F=36.7 meV / A
2024-11-25 17:23:39.752 INFO: Epoch 274: loss=1.3439, RMSE_E=17.2 meV, RMSE_F=36.7 meV / A
2024-11-25 17:23:50.152 INFO: Epoch 276: loss=1.3426, RMSE_E=17.1 meV, RMSE_F=36.6 meV / A
2024-11-25 17:24:02.551 INFO: Epoch 278: loss=1.3414, RMSE_E=17.1 meV, RMSE_F=36.6 meV / A
2024-11-25 17:24:12.898 INFO: Epoch 280: loss=1.3402, RMSE_E=17.0 meV, RMSE_F=36.6 meV / A
2024-11-25 17:24:24.348 INFO: Epoch 282: loss=1.3385, RMSE_E=17.0 meV, RMSE_F=36.6 meV / A
2024-11-25 17:24:34.740 INFO: Epoch 284: loss=1.3373, RMSE_E=16.9 meV, RMSE_F=36.6 meV / A
2024-11-25 17:24:45.201 INFO: Epoch 286: loss=1.3362, RMSE_E=16.9 meV, RMSE_F=36.6 meV / A
2024-11-25 17:24:55.139 INFO: Epoch 288: loss=1.3358, RMSE_E=16.8 meV, RMSE_F=36.5 meV / A
2024-11-25 17:25:06.445 INFO: Epoch 290: loss=1.3347, RMSE_E=16.8 meV, RMSE_F=36.5 meV / A
2024-11-25 17:25:17.274 INFO: Epoch 292: loss=1.3335, RMSE_E=16.8 meV, RMSE_F=36.5 meV / A
2024-11-25 17:25:27.618 INFO: Epoch 294: loss=1.3322, RMSE_E=16.6 meV, RMSE_F=36.5 meV / A
2024-11-25 17:25:38.495 INFO: Epoch 296: loss=1.3312, RMSE_E=16.6 meV, RMSE_F=36.5 meV / A
2024-11-25 17:25:48.290 INFO: Epoch 298: loss=1.3298, RMSE_E=16.6 meV, RMSE_F=36.5 meV / A
2024-11-25 17:25:59.121 INFO: Epoch 300: loss=1.3286, RMSE_E=16.5 meV, RMSE_F=36.4 meV / A
2024-11-25 17:26:10.322 INFO: Epoch 302: loss=1.3275, RMSE_E=16.5 meV, RMSE_F=36.4 meV / A
2024-11-25 17:26:21.595 INFO: Epoch 304: loss=1.3267, RMSE_E=16.4 meV, RMSE_F=36.4 meV / A
2024-11-25 17:26:32.661 INFO: Epoch 306: loss=1.3262, RMSE_E=16.4 meV, RMSE_F=36.4 meV / A
2024-11-25 17:26:43.404 INFO: Epoch 308: loss=1.3247, RMSE_E=16.3 meV, RMSE_F=36.4 meV / A
2024-11-25 17:26:54.245 INFO: Epoch 310: loss=1.3239, RMSE_E=16.3 meV, RMSE_F=36.4 meV / A
2024-11-25 17:27:03.492 INFO: Epoch 312: loss=1.3232, RMSE_E=16.2 meV, RMSE_F=36.4 meV / A
2024-11-25 17:27:14.598 INFO: Epoch 314: loss=1.3222, RMSE_E=16.2 meV, RMSE_F=36.4 meV / A
2024-11-25 17:27:25.510 INFO: Epoch 316: loss=1.3214, RMSE_E=16.1 meV, RMSE_F=36.3 meV / A
2024-11-25 17:27:37.110 INFO: Epoch 318: loss=1.3206, RMSE_E=16.1 meV, RMSE_F=36.3 meV / A
2024-11-25 17:27:48.252 INFO: Epoch 320: loss=1.3196, RMSE_E=16.1 meV, RMSE_F=36.3 meV / A
2024-11-25 17:27:58.390 INFO: Epoch 322: loss=1.3185, RMSE_E=16.0 meV, RMSE_F=36.3 meV / A
2024-11-25 17:28:09.831 INFO: Epoch 324: loss=1.3175, RMSE_E=16.0 meV, RMSE_F=36.3 meV / A
2024-11-25 17:28:21.774 INFO: Epoch 326: loss=1.3165, RMSE_E=15.9 meV, RMSE_F=36.3 meV / A
2024-11-25 17:28:32.560 INFO: Epoch 328: loss=1.3157, RMSE_E=15.9 meV, RMSE_F=36.3 meV / A
2024-11-25 17:28:43.330 INFO: Epoch 330: loss=1.3147, RMSE_E=15.9 meV, RMSE_F=36.3 meV / A
2024-11-25 17:28:53.693 INFO: Epoch 332: loss=1.3138, RMSE_E=15.8 meV, RMSE_F=36.2 meV / A
2024-11-25 17:29:04.534 INFO: Epoch 334: loss=1.3129, RMSE_E=15.8 meV, RMSE_F=36.2 meV / A
2024-11-25 17:29:15.085 INFO: Epoch 336: loss=1.3119, RMSE_E=15.8 meV, RMSE_F=36.2 meV / A
2024-11-25 17:29:26.491 INFO: Epoch 338: loss=1.3110, RMSE_E=15.7 meV, RMSE_F=36.2 meV / A
2024-11-25 17:29:37.673 INFO: Epoch 340: loss=1.3104, RMSE_E=15.7 meV, RMSE_F=36.2 meV / A
2024-11-25 17:29:48.476 INFO: Epoch 342: loss=1.3095, RMSE_E=15.6 meV, RMSE_F=36.2 meV / A
2024-11-25 17:29:59.177 INFO: Epoch 344: loss=1.3090, RMSE_E=15.6 meV, RMSE_F=36.2 meV / A
2024-11-25 17:30:10.934 INFO: Epoch 346: loss=1.3085, RMSE_E=15.6 meV, RMSE_F=36.2 meV / A
2024-11-25 17:30:21.574 INFO: Epoch 348: loss=1.3079, RMSE_E=15.5 meV, RMSE_F=36.2 meV / A
2024-11-25 17:30:32.034 INFO: Epoch 350: loss=1.3067, RMSE_E=15.6 meV, RMSE_F=36.1 meV / A
2024-11-25 17:30:42.748 INFO: Epoch 352: loss=1.3060, RMSE_E=15.6 meV, RMSE_F=36.1 meV / A
2024-11-25 17:30:54.124 INFO: Epoch 354: loss=1.3046, RMSE_E=15.4 meV, RMSE_F=36.1 meV / A
2024-11-25 17:31:05.604 INFO: Epoch 356: loss=1.3037, RMSE_E=15.3 meV, RMSE_F=36.1 meV / A
2024-11-25 17:31:17.044 INFO: Epoch 358: loss=1.3031, RMSE_E=15.3 meV, RMSE_F=36.1 meV / A
2024-11-25 17:31:27.302 INFO: Epoch 360: loss=1.3017, RMSE_E=15.3 meV, RMSE_F=36.1 meV / A
2024-11-25 17:31:38.664 INFO: Epoch 362: loss=1.3009, RMSE_E=15.2 meV, RMSE_F=36.1 meV / A
2024-11-25 17:31:50.891 INFO: Epoch 364: loss=1.2995, RMSE_E=15.2 meV, RMSE_F=36.0 meV / A
2024-11-25 17:32:01.815 INFO: Epoch 366: loss=1.2982, RMSE_E=15.2 meV, RMSE_F=36.0 meV / A
2024-11-25 17:32:10.757 INFO: Epoch 368: loss=1.2972, RMSE_E=15.2 meV, RMSE_F=36.0 meV / A
2024-11-25 17:32:22.095 INFO: Epoch 370: loss=1.2965, RMSE_E=15.2 meV, RMSE_F=36.0 meV / A
2024-11-25 17:32:32.376 INFO: Epoch 372: loss=1.2957, RMSE_E=15.1 meV, RMSE_F=36.0 meV / A
2024-11-25 17:32:43.131 INFO: Epoch 374: loss=1.2948, RMSE_E=15.1 meV, RMSE_F=36.0 meV / A
2024-11-25 17:32:54.749 INFO: Epoch 376: loss=1.2941, RMSE_E=15.1 meV, RMSE_F=36.0 meV / A
2024-11-25 17:33:05.549 INFO: Epoch 378: loss=1.2933, RMSE_E=15.0 meV, RMSE_F=36.0 meV / A
2024-11-25 17:33:16.269 INFO: Epoch 380: loss=1.2921, RMSE_E=15.1 meV, RMSE_F=35.9 meV / A
2024-11-25 17:33:27.041 INFO: Epoch 382: loss=1.2912, RMSE_E=15.0 meV, RMSE_F=35.9 meV / A
2024-11-25 17:33:37.693 INFO: Epoch 384: loss=1.2902, RMSE_E=15.1 meV, RMSE_F=35.9 meV / A
2024-11-25 17:33:49.266 INFO: Epoch 386: loss=1.2889, RMSE_E=14.9 meV, RMSE_F=35.9 meV / A
2024-11-25 17:33:59.912 INFO: Epoch 388: loss=1.2878, RMSE_E=15.0 meV, RMSE_F=35.9 meV / A
2024-11-25 17:34:10.680 INFO: Epoch 390: loss=1.2866, RMSE_E=14.9 meV, RMSE_F=35.9 meV / A
2024-11-25 17:34:22.712 INFO: Epoch 392: loss=1.2857, RMSE_E=14.9 meV, RMSE_F=35.9 meV / A
2024-11-25 17:34:33.354 INFO: Epoch 394: loss=1.2849, RMSE_E=14.9 meV, RMSE_F=35.8 meV / A
2024-11-25 17:34:44.752 INFO: Epoch 396: loss=1.2848, RMSE_E=14.8 meV, RMSE_F=35.8 meV / A
2024-11-25 17:34:56.581 INFO: Epoch 398: loss=1.2838, RMSE_E=14.7 meV, RMSE_F=35.8 meV / A
2024-11-25 17:35:07.398 INFO: Epoch 400: loss=1.2827, RMSE_E=14.7 meV, RMSE_F=35.8 meV / A
2024-11-25 17:35:18.405 INFO: Epoch 402: loss=1.2823, RMSE_E=14.7 meV, RMSE_F=35.8 meV / A
2024-11-25 17:35:29.337 INFO: Epoch 404: loss=1.2826, RMSE_E=14.7 meV, RMSE_F=35.8 meV / A
2024-11-25 17:35:38.457 INFO: Epoch 406: loss=1.2832, RMSE_E=14.7 meV, RMSE_F=35.8 meV / A
2024-11-25 17:35:47.349 INFO: Epoch 408: loss=1.2826, RMSE_E=14.6 meV, RMSE_F=35.8 meV / A
2024-11-25 17:35:56.215 INFO: Epoch 410: loss=1.2815, RMSE_E=14.5 meV, RMSE_F=35.8 meV / A
2024-11-25 17:36:07.663 INFO: Epoch 412: loss=1.2798, RMSE_E=14.5 meV, RMSE_F=35.8 meV / A
2024-11-25 17:36:18.625 INFO: Epoch 414: loss=1.2783, RMSE_E=14.5 meV, RMSE_F=35.8 meV / A
2024-11-25 17:36:29.750 INFO: Epoch 416: loss=1.2774, RMSE_E=14.5 meV, RMSE_F=35.7 meV / A
2024-11-25 17:36:40.551 INFO: Epoch 418: loss=1.2759, RMSE_E=14.5 meV, RMSE_F=35.7 meV / A
2024-11-25 17:36:50.978 INFO: Epoch 420: loss=1.2748, RMSE_E=14.4 meV, RMSE_F=35.7 meV / A
2024-11-25 17:37:01.272 INFO: Epoch 422: loss=1.2737, RMSE_E=14.4 meV, RMSE_F=35.7 meV / A
2024-11-25 17:37:10.244 INFO: Epoch 424: loss=1.2727, RMSE_E=14.4 meV, RMSE_F=35.7 meV / A
2024-11-25 17:37:20.984 INFO: Epoch 426: loss=1.2717, RMSE_E=14.4 meV, RMSE_F=35.7 meV / A
2024-11-25 17:37:31.805 INFO: Epoch 428: loss=1.2709, RMSE_E=14.4 meV, RMSE_F=35.6 meV / A
2024-11-25 17:37:42.835 INFO: Epoch 430: loss=1.2701, RMSE_E=14.3 meV, RMSE_F=35.6 meV / A
2024-11-25 17:37:53.343 INFO: Epoch 432: loss=1.2694, RMSE_E=14.3 meV, RMSE_F=35.6 meV / A
2024-11-25 17:38:03.516 INFO: Epoch 434: loss=1.2687, RMSE_E=14.3 meV, RMSE_F=35.6 meV / A
2024-11-25 17:38:13.878 INFO: Epoch 436: loss=1.2681, RMSE_E=14.3 meV, RMSE_F=35.6 meV / A
2024-11-25 17:38:25.166 INFO: Epoch 438: loss=1.2675, RMSE_E=14.3 meV, RMSE_F=35.6 meV / A
2024-11-25 17:38:36.134 INFO: Epoch 440: loss=1.2670, RMSE_E=14.3 meV, RMSE_F=35.6 meV / A
2024-11-25 17:38:47.828 INFO: Epoch 442: loss=1.2666, RMSE_E=14.3 meV, RMSE_F=35.6 meV / A
2024-11-25 17:38:59.383 INFO: Epoch 444: loss=1.2662, RMSE_E=14.3 meV, RMSE_F=35.6 meV / A
2024-11-25 17:39:11.020 INFO: Epoch 446: loss=1.2657, RMSE_E=14.3 meV, RMSE_F=35.6 meV / A
2024-11-25 17:39:21.258 INFO: Epoch 448: loss=1.2652, RMSE_E=14.2 meV, RMSE_F=35.6 meV / A
2024-11-25 17:39:32.154 INFO: Epoch 450: loss=1.2649, RMSE_E=14.2 meV, RMSE_F=35.6 meV / A
2024-11-25 17:39:41.757 INFO: Epoch 452: loss=1.2646, RMSE_E=14.2 meV, RMSE_F=35.6 meV / A
2024-11-25 17:39:52.348 INFO: Epoch 454: loss=1.2643, RMSE_E=14.2 meV, RMSE_F=35.6 meV / A
2024-11-25 17:40:03.985 INFO: Epoch 456: loss=1.2641, RMSE_E=14.2 meV, RMSE_F=35.6 meV / A
2024-11-25 17:40:14.473 INFO: Epoch 458: loss=1.2637, RMSE_E=14.2 meV, RMSE_F=35.5 meV / A
2024-11-25 17:40:25.910 INFO: Epoch 460: loss=1.2634, RMSE_E=14.2 meV, RMSE_F=35.5 meV / A
2024-11-25 17:40:37.576 INFO: Epoch 462: loss=1.2630, RMSE_E=14.1 meV, RMSE_F=35.5 meV / A
2024-11-25 17:40:48.994 INFO: Epoch 464: loss=1.2627, RMSE_E=14.1 meV, RMSE_F=35.5 meV / A
2024-11-25 17:41:00.035 INFO: Epoch 466: loss=1.2624, RMSE_E=14.1 meV, RMSE_F=35.5 meV / A
2024-11-25 17:41:10.667 INFO: Epoch 468: loss=1.2622, RMSE_E=14.1 meV, RMSE_F=35.5 meV / A
2024-11-25 17:41:21.475 INFO: Epoch 470: loss=1.2619, RMSE_E=14.1 meV, RMSE_F=35.5 meV / A
2024-11-25 17:41:32.614 INFO: Epoch 472: loss=1.2616, RMSE_E=14.1 meV, RMSE_F=35.5 meV / A
2024-11-25 17:41:42.685 INFO: Epoch 474: loss=1.2613, RMSE_E=14.1 meV, RMSE_F=35.5 meV / A
2024-11-25 17:41:53.074 INFO: Epoch 476: loss=1.2611, RMSE_E=14.0 meV, RMSE_F=35.5 meV / A
2024-11-25 17:42:04.169 INFO: Epoch 478: loss=1.2608, RMSE_E=14.0 meV, RMSE_F=35.5 meV / A
2024-11-25 17:42:12.839 INFO: Epoch 480: loss=1.2605, RMSE_E=14.0 meV, RMSE_F=35.5 meV / A
2024-11-25 17:42:24.283 INFO: Epoch 482: loss=1.2604, RMSE_E=14.0 meV, RMSE_F=35.5 meV / A
2024-11-25 17:42:35.705 INFO: Epoch 484: loss=1.2601, RMSE_E=14.0 meV, RMSE_F=35.5 meV / A
2024-11-25 17:42:46.576 INFO: Epoch 486: loss=1.2597, RMSE_E=14.0 meV, RMSE_F=35.5 meV / A
2024-11-25 17:42:57.598 INFO: Epoch 488: loss=1.2596, RMSE_E=14.0 meV, RMSE_F=35.5 meV / A
2024-11-25 17:43:08.610 INFO: Epoch 490: loss=1.2594, RMSE_E=13.9 meV, RMSE_F=35.5 meV / A
2024-11-25 17:43:19.662 INFO: Epoch 492: loss=1.2591, RMSE_E=13.9 meV, RMSE_F=35.5 meV / A
2024-11-25 17:43:30.395 INFO: Epoch 494: loss=1.2588, RMSE_E=13.9 meV, RMSE_F=35.5 meV / A
2024-11-25 17:43:41.389 INFO: Epoch 496: loss=1.2585, RMSE_E=13.9 meV, RMSE_F=35.5 meV / A
2024-11-25 17:43:52.149 INFO: Epoch 498: loss=1.2581, RMSE_E=13.9 meV, RMSE_F=35.5 meV / A
2024-11-25 17:43:55.239 INFO: Training complete
2024-11-25 17:43:55.239 INFO: Computing metrics for training, validation, and test sets
2024-11-25 17:43:55.241 INFO: Loading checkpoint: checkpoints/aspirin_run-123_epoch-498.pt
2024-11-25 17:43:55.925 INFO: Loaded model from epoch 498
2024-11-25 17:43:55.926 INFO: Evaluating train ...
2024-11-25 17:43:56.256 INFO: Evaluating valid ...
2024-11-25 17:44:03.412 INFO: 
+-------------+--------------+------------------+-------------------+
| config_type | RMSE E / meV | RMSE F / meV / A | relative F RMSE % |
+-------------+--------------+------------------+-------------------+
|    train    |     6.8      |       3.1        |        0.25       |
|    valid    |     13.9     |       35.5       |        2.78       |
+-------------+--------------+------------------+-------------------+
2024-11-25 17:44:03.412 INFO: Saving model to checkpoints/aspirin_run-123.model
2024-11-25 17:44:04.186 INFO: Compiling model, saving metadata to aspirin_compiled.model
2024-11-25 17:44:05.478 INFO: Done
