2025-03-28 01:34:59.168 INFO: MACE version: 0.3.5
2025-03-28 01:34:59.168 INFO: Configuration: Namespace(config=None, name='AcAc', seed=42, log_dir='logs', model_dir='.', checkpoints_dir='checkpoints', results_dir='results', downloads_dir='downloads', device='cuda', default_dtype='float64', distributed=False, log_level='INFO', error_table='TotalRMSE', model='MACE', r_max=5.0, radial_type='bessel', num_radial_basis=8, num_cutoff_basis=5, pair_repulsion=False, distance_transform='None', interaction='RealAgnosticResidualInteractionBlock', interaction_first='RealAgnosticResidualInteractionBlock', max_ell=3, correlation=3, num_interactions=2, MLP_irreps='16x0e', radial_MLP='[64, 64, 64]', hidden_irreps='128x0e + 128x1o', num_channels=128, max_L=1, gate='silu', scaling='rms_forces_scaling', avg_num_neighbors=1, compute_avg_num_neighbors=True, compute_stress=False, compute_forces=True, train_file='./dataset/train_300K.xyz', valid_file=None, valid_fraction=0.1, test_file='./dataset/test_MD_300K.xyz', test_dir=None, multi_processed_test=False, num_workers=0, pin_memory=True, atomic_numbers=None, mean=None, std=None, statistics_file=None, E0s='average', keep_isolated_atoms=False, energy_key='energy', forces_key='forces', virials_key='virials', stress_key='stress', dipole_key='dipole', charges_key='charges', loss='ef', forces_weight=1000.0, swa_forces_weight=100.0, energy_weight=1.0, swa_energy_weight=1000.0, virials_weight=1.0, swa_virials_weight=10.0, stress_weight=1.0, swa_stress_weight=10.0, dipole_weight=1.0, swa_dipole_weight=1.0, config_type_weights='{"Default":1.0}', huber_delta=0.01, optimizer='adam', beta=0.9, batch_size=5, valid_batch_size=5, lr=0.005, swa_lr=0.001, weight_decay=1e-08, amsgrad=True, scheduler='ReduceLROnPlateau', lr_factor=0.8, scheduler_patience=5, lr_scheduler_gamma=0.9993, swa=False, start_swa=None, ema=True, ema_decay=0.995, max_num_epochs=500, patience=2048, foundation_model='/share/home/wangchen/work/mace/MPtrj/MACE-OFF23_medium.model', foundation_model_readout=True, eval_interval=2, keep_checkpoints=False, save_all_checkpoints=False, restart_latest=False, save_cpu=True, clip_grad=100.0, wandb=False, wandb_dir=None, wandb_project='', wandb_entity='', wandb_name='', wandb_log_hypers=['num_channels', 'max_L', 'correlation', 'lr', 'swa_lr', 'weight_decay', 'batch_size', 'max_num_epochs', 'start_swa', 'energy_weight', 'forces_weight'])
2025-03-28 01:34:59.261 INFO: CUDA version: 11.8, CUDA device: 0
2025-03-28 01:34:59.337 INFO: Error accessing Git repository: /share/home/wangchen/work/mace/organic/AcAc/finetune_42
2025-03-28 01:34:59.643 INFO: Using foundation model /share/home/wangchen/work/mace/MPtrj/MACE-OFF23_medium.model as initial checkpoint.
2025-03-28 01:34:59.810 INFO: Since ASE version 3.23.0b1, using energy_key 'energy' is no longer safe when communicating between MACE and ASE. We recommend using a different key, rewriting energies to 'REF_energy'. You need to use --energy_key='REF_energy', to tell the key name chosen.
2025-03-28 01:34:59.865 INFO: Since ASE version 3.23.0b1, using forces_key 'forces' is no longer safe when communicating between MACE and ASE. We recommend using a different key, rewriting energies to 'REF_forces'. You need to use --forces_key='REF_forces', to tell the key name chosen.
2025-03-28 01:34:59.920 INFO: Since ASE version 3.23.0b1, using stress_key 'stress' is no longer safe when communicating between MACE and ASE. We recommend using a different key, rewriting energies to 'REF_stress'. You need to use --stress_key='REF_stress', to tell the key name chosen.
2025-03-28 01:34:59.928 INFO: Loaded 500 training configurations from './dataset/train_300K.xyz'
2025-03-28 01:34:59.928 INFO: Using random 10.0% of training set for validation
2025-03-28 01:35:00.092 INFO: Since ASE version 3.23.0b1, using energy_key 'energy' is no longer safe when communicating between MACE and ASE. We recommend using a different key, rewriting energies to 'REF_energy'. You need to use --energy_key='REF_energy', to tell the key name chosen.
2025-03-28 01:35:00.164 INFO: Since ASE version 3.23.0b1, using forces_key 'forces' is no longer safe when communicating between MACE and ASE. We recommend using a different key, rewriting energies to 'REF_forces'. You need to use --forces_key='REF_forces', to tell the key name chosen.
2025-03-28 01:35:00.240 INFO: Since ASE version 3.23.0b1, using stress_key 'stress' is no longer safe when communicating between MACE and ASE. We recommend using a different key, rewriting energies to 'REF_stress'. You need to use --stress_key='REF_stress', to tell the key name chosen.
2025-03-28 01:35:00.252 INFO: Loaded 650 test configurations from './dataset/test_MD_300K.xyz'
2025-03-28 01:35:00.252 INFO: Total number of configurations: train=450, valid=50, tests=[300K_MD: 650]
2025-03-28 01:35:00.254 INFO: AtomicNumberTable: (1, 6, 8)
2025-03-28 01:35:00.254 INFO: Atomic Energies not in training file, using command line argument E0s
2025-03-28 01:35:00.254 INFO: Computing average Atomic Energies using least squares regression
2025-03-28 01:35:00.263 INFO: Atomic energies: [-807.8611237583636, -504.91320234897444, -201.96528093959105]
2025-03-28 01:35:00.456 INFO: EnergyForcesLoss(energy_weight=1.000, forces_weight=1000.000)
2025-03-28 01:35:00.561 INFO: Average number of neighbors: 12.133333333333333
2025-03-28 01:35:00.561 INFO: Selected the following outputs: {'energy': True, 'forces': True, 'virials': False, 'stress': False, 'dipoles': False}
2025-03-28 01:35:00.670 INFO: Building model
2025-03-28 01:35:02.040 INFO: ScaleShiftMACE(
  (node_embedding): LinearNodeEmbeddingBlock(
    (linear): Linear(3x0e -> 128x0e | 384 weights)
  )
  (radial_embedding): RadialEmbeddingBlock(
    (bessel_fn): BesselBasis(r_max=5.0, num_basis=8, trainable=True)
    (cutoff_fn): PolynomialCutoff(p=5.0, r_max=5.0)
  )
  (spherical_harmonics): SphericalHarmonics()
  (atomic_energies_fn): AtomicEnergiesBlock(energies=[-807.8611, -504.9132, -201.9653])
  (interactions): ModuleList(
    (0): RealAgnosticInteractionBlock(
      (linear_up): Linear(128x0e -> 128x0e | 16384 weights)
      (conv_tp): TensorProduct(128x0e x 1x0e+1x1o+1x2e+1x3o -> 128x0e+128x1o+128x2e+128x3o | 512 paths | 512 weights)
      (conv_tp_weights): FullyConnectedNet[8, 64, 64, 64, 512]
      (linear): Linear(128x0e+128x1o+128x2e+128x3o -> 128x0e+128x1o+128x2e+128x3o | 65536 weights)
      (skip_tp): FullyConnectedTensorProduct(128x0e+128x1o+128x2e+128x3o x 3x0e -> 128x0e+128x1o+128x2e+128x3o | 196608 paths | 196608 weights)
      (reshape): reshape_irreps()
    )
    (1): RealAgnosticResidualInteractionBlock(
      (linear_up): Linear(128x0e+128x1o -> 128x0e+128x1o | 32768 weights)
      (conv_tp): TensorProduct(128x0e+128x1o x 1x0e+1x1o+1x2e+1x3o -> 256x0e+384x1o+384x2e+256x3o | 1280 paths | 1280 weights)
      (conv_tp_weights): FullyConnectedNet[8, 64, 64, 64, 1280]
      (linear): Linear(256x0e+384x1o+384x2e+256x3o -> 128x0e+128x1o+128x2e+128x3o | 163840 weights)
      (skip_tp): FullyConnectedTensorProduct(128x0e+128x1o x 3x0e -> 128x0e | 49152 paths | 49152 weights)
      (reshape): reshape_irreps()
    )
  )
  (products): ModuleList(
    (0): EquivariantProductBasisBlock(
      (symmetric_contractions): SymmetricContraction(
        (contractions): ModuleList(
          (0): Contraction(
            (contractions_weighting): ModuleList(
              (0-1): 2 x GraphModule()
            )
            (contractions_features): ModuleList(
              (0-1): 2 x GraphModule()
            )
            (weights): ParameterList(
                (0): Parameter containing: [torch.float64 of size 3x4x128 (cuda:0)]
                (1): Parameter containing: [torch.float64 of size 3x1x128 (cuda:0)]
            )
            (graph_opt_main): GraphModule()
          )
          (1): Contraction(
            (contractions_weighting): ModuleList(
              (0-1): 2 x GraphModule()
            )
            (contractions_features): ModuleList(
              (0-1): 2 x GraphModule()
            )
            (weights): ParameterList(
                (0): Parameter containing: [torch.float64 of size 3x6x128 (cuda:0)]
                (1): Parameter containing: [torch.float64 of size 3x1x128 (cuda:0)]
            )
            (graph_opt_main): GraphModule()
          )
        )
      )
      (linear): Linear(128x0e+128x1o -> 128x0e+128x1o | 32768 weights)
    )
    (1): EquivariantProductBasisBlock(
      (symmetric_contractions): SymmetricContraction(
        (contractions): ModuleList(
          (0): Contraction(
            (contractions_weighting): ModuleList(
              (0-1): 2 x GraphModule()
            )
            (contractions_features): ModuleList(
              (0-1): 2 x GraphModule()
            )
            (weights): ParameterList(
                (0): Parameter containing: [torch.float64 of size 3x4x128 (cuda:0)]
                (1): Parameter containing: [torch.float64 of size 3x1x128 (cuda:0)]
            )
            (graph_opt_main): GraphModule()
          )
        )
      )
      (linear): Linear(128x0e -> 128x0e | 16384 weights)
    )
  )
  (readouts): ModuleList(
    (0): LinearReadoutBlock(
      (linear): Linear(128x0e+128x1o -> 1x0e | 128 weights)
    )
    (1): NonLinearReadoutBlock(
      (linear_1): Linear(128x0e -> 16x0e | 2048 weights)
      (non_linearity): Activation [x] (16x0e -> 16x0e)
      (linear_2): Linear(16x0e -> 1x0e | 16 weights)
    )
  )
  (scale_shift): ScaleShiftBlock(scale=1.088502, shift=0.000000)
)
2025-03-28 01:35:02.042 INFO: Number of parameters: 751896
2025-03-28 01:35:02.042 INFO: Optimizer: Adam (
Parameter Group 0
    amsgrad: True
    betas: (0.9, 0.999)
    capturable: False
    differentiable: False
    eps: 1e-08
    foreach: None
    fused: None
    lr: 0.005
    maximize: False
    name: embedding
    weight_decay: 0.0

Parameter Group 1
    amsgrad: True
    betas: (0.9, 0.999)
    capturable: False
    differentiable: False
    eps: 1e-08
    foreach: None
    fused: None
    lr: 0.005
    maximize: False
    name: interactions_decay
    weight_decay: 1e-08

Parameter Group 2
    amsgrad: True
    betas: (0.9, 0.999)
    capturable: False
    differentiable: False
    eps: 1e-08
    foreach: None
    fused: None
    lr: 0.005
    maximize: False
    name: interactions_no_decay
    weight_decay: 0.0

Parameter Group 3
    amsgrad: True
    betas: (0.9, 0.999)
    capturable: False
    differentiable: False
    eps: 1e-08
    foreach: None
    fused: None
    lr: 0.005
    maximize: False
    name: products
    weight_decay: 1e-08

Parameter Group 4
    amsgrad: True
    betas: (0.9, 0.999)
    capturable: False
    differentiable: False
    eps: 1e-08
    foreach: None
    fused: None
    lr: 0.005
    maximize: False
    name: readouts
    weight_decay: 0.0
)
2025-03-28 01:35:02.042 INFO: Using gradient clipping with tolerance=100.000
2025-03-28 01:35:02.042 INFO: Started training
2025-03-28 01:35:09.456 INFO: Epoch None: loss=4609.0024, RMSE_E=66303.8 meV, RMSE_F=461.3 meV / A
2025-03-28 01:35:27.958 INFO: Epoch 0: loss=5.4544, RMSE_E=209.3 meV, RMSE_F=73.6 meV / A
2025-03-28 01:35:45.981 INFO: Epoch 2: loss=0.9661, RMSE_E=85.0 meV, RMSE_F=31.0 meV / A
2025-03-28 01:36:04.052 INFO: Epoch 4: loss=0.4511, RMSE_E=26.5 meV, RMSE_F=21.2 meV / A
2025-03-28 01:36:22.121 INFO: Epoch 6: loss=0.2954, RMSE_E=17.4 meV, RMSE_F=17.2 meV / A
2025-03-28 01:36:40.280 INFO: Epoch 8: loss=0.2276, RMSE_E=15.5 meV, RMSE_F=15.1 meV / A
2025-03-28 01:36:58.357 INFO: Epoch 10: loss=0.1870, RMSE_E=11.1 meV, RMSE_F=13.7 meV / A
2025-03-28 01:37:16.405 INFO: Epoch 12: loss=0.1649, RMSE_E=9.3 meV, RMSE_F=12.8 meV / A
2025-03-28 01:37:34.486 INFO: Epoch 14: loss=0.1461, RMSE_E=10.2 meV, RMSE_F=12.1 meV / A
2025-03-28 01:37:52.587 INFO: Epoch 16: loss=0.1312, RMSE_E=10.4 meV, RMSE_F=11.4 meV / A
2025-03-28 01:38:10.683 INFO: Epoch 18: loss=0.1194, RMSE_E=8.2 meV, RMSE_F=10.9 meV / A
2025-03-28 01:38:28.814 INFO: Epoch 20: loss=0.1114, RMSE_E=6.9 meV, RMSE_F=10.5 meV / A
2025-03-28 01:38:46.997 INFO: Epoch 22: loss=0.1027, RMSE_E=6.5 meV, RMSE_F=10.1 meV / A
2025-03-28 01:39:05.104 INFO: Epoch 24: loss=0.0957, RMSE_E=5.3 meV, RMSE_F=9.8 meV / A
2025-03-28 01:39:23.181 INFO: Epoch 26: loss=0.0889, RMSE_E=4.9 meV, RMSE_F=9.4 meV / A
2025-03-28 01:39:41.295 INFO: Epoch 28: loss=0.0834, RMSE_E=4.1 meV, RMSE_F=9.1 meV / A
2025-03-28 01:39:59.376 INFO: Epoch 30: loss=0.0800, RMSE_E=4.2 meV, RMSE_F=8.9 meV / A
2025-03-28 01:40:17.533 INFO: Epoch 32: loss=0.0761, RMSE_E=3.3 meV, RMSE_F=8.7 meV / A
2025-03-28 01:40:35.671 INFO: Epoch 34: loss=0.0727, RMSE_E=3.1 meV, RMSE_F=8.5 meV / A
2025-03-28 01:40:53.832 INFO: Epoch 36: loss=0.0702, RMSE_E=3.5 meV, RMSE_F=8.4 meV / A
2025-03-28 01:41:11.928 INFO: Epoch 38: loss=0.0674, RMSE_E=2.9 meV, RMSE_F=8.2 meV / A
2025-03-28 01:41:30.013 INFO: Epoch 40: loss=0.0648, RMSE_E=2.9 meV, RMSE_F=8.0 meV / A
2025-03-28 01:41:48.132 INFO: Epoch 42: loss=0.0626, RMSE_E=2.3 meV, RMSE_F=7.9 meV / A
2025-03-28 01:42:06.251 INFO: Epoch 44: loss=0.0611, RMSE_E=2.3 meV, RMSE_F=7.8 meV / A
2025-03-28 01:42:24.337 INFO: Epoch 46: loss=0.0588, RMSE_E=2.2 meV, RMSE_F=7.7 meV / A
2025-03-28 01:42:42.435 INFO: Epoch 48: loss=0.0575, RMSE_E=2.3 meV, RMSE_F=7.6 meV / A
2025-03-28 01:43:00.530 INFO: Epoch 50: loss=0.0560, RMSE_E=1.8 meV, RMSE_F=7.5 meV / A
2025-03-28 01:43:18.613 INFO: Epoch 52: loss=0.0545, RMSE_E=2.0 meV, RMSE_F=7.4 meV / A
2025-03-28 01:43:36.669 INFO: Epoch 54: loss=0.0524, RMSE_E=2.1 meV, RMSE_F=7.2 meV / A
2025-03-28 01:43:54.748 INFO: Epoch 56: loss=0.0515, RMSE_E=2.2 meV, RMSE_F=7.2 meV / A
2025-03-28 01:44:12.812 INFO: Epoch 58: loss=0.0507, RMSE_E=1.9 meV, RMSE_F=7.1 meV / A
2025-03-28 01:44:30.886 INFO: Epoch 60: loss=0.0494, RMSE_E=1.7 meV, RMSE_F=7.0 meV / A
2025-03-28 01:44:48.948 INFO: Epoch 62: loss=0.0485, RMSE_E=1.8 meV, RMSE_F=7.0 meV / A
2025-03-28 01:45:07.022 INFO: Epoch 64: loss=0.0478, RMSE_E=1.6 meV, RMSE_F=6.9 meV / A
2025-03-28 01:45:25.095 INFO: Epoch 66: loss=0.0471, RMSE_E=1.6 meV, RMSE_F=6.9 meV / A
2025-03-28 01:45:43.236 INFO: Epoch 68: loss=0.0466, RMSE_E=1.6 meV, RMSE_F=6.8 meV / A
2025-03-28 01:46:01.333 INFO: Epoch 70: loss=0.0456, RMSE_E=1.6 meV, RMSE_F=6.8 meV / A
2025-03-28 01:46:19.390 INFO: Epoch 72: loss=0.0452, RMSE_E=1.6 meV, RMSE_F=6.7 meV / A
2025-03-28 01:46:37.441 INFO: Epoch 74: loss=0.0440, RMSE_E=1.4 meV, RMSE_F=6.6 meV / A
2025-03-28 01:46:55.532 INFO: Epoch 76: loss=0.0430, RMSE_E=1.4 meV, RMSE_F=6.6 meV / A
2025-03-28 01:47:13.598 INFO: Epoch 78: loss=0.0426, RMSE_E=1.3 meV, RMSE_F=6.5 meV / A
2025-03-28 01:47:31.695 INFO: Epoch 80: loss=0.0423, RMSE_E=1.3 meV, RMSE_F=6.5 meV / A
2025-03-28 01:47:49.772 INFO: Epoch 82: loss=0.0424, RMSE_E=1.4 meV, RMSE_F=6.5 meV / A
2025-03-28 01:48:07.734 INFO: Epoch 84: loss=0.0422, RMSE_E=1.4 meV, RMSE_F=6.5 meV / A
2025-03-28 01:48:25.810 INFO: Epoch 86: loss=0.0411, RMSE_E=1.3 meV, RMSE_F=6.4 meV / A
2025-03-28 01:48:43.903 INFO: Epoch 88: loss=0.0404, RMSE_E=1.3 meV, RMSE_F=6.4 meV / A
2025-03-28 01:49:01.939 INFO: Epoch 90: loss=0.0398, RMSE_E=1.1 meV, RMSE_F=6.3 meV / A
2025-03-28 01:49:20.064 INFO: Epoch 92: loss=0.0391, RMSE_E=1.2 meV, RMSE_F=6.3 meV / A
2025-03-28 01:49:38.199 INFO: Epoch 94: loss=0.0389, RMSE_E=1.3 meV, RMSE_F=6.2 meV / A
2025-03-28 01:49:56.346 INFO: Epoch 96: loss=0.0387, RMSE_E=1.3 meV, RMSE_F=6.2 meV / A
2025-03-28 01:50:14.500 INFO: Epoch 98: loss=0.0388, RMSE_E=1.3 meV, RMSE_F=6.2 meV / A
2025-03-28 01:50:32.555 INFO: Epoch 100: loss=0.0380, RMSE_E=1.2 meV, RMSE_F=6.2 meV / A
2025-03-28 01:50:50.717 INFO: Epoch 102: loss=0.0374, RMSE_E=1.3 meV, RMSE_F=6.1 meV / A
2025-03-28 01:51:08.898 INFO: Epoch 104: loss=0.0371, RMSE_E=1.3 meV, RMSE_F=6.1 meV / A
2025-03-28 01:51:27.041 INFO: Epoch 106: loss=0.0364, RMSE_E=1.2 meV, RMSE_F=6.0 meV / A
2025-03-28 01:51:45.260 INFO: Epoch 108: loss=0.0364, RMSE_E=1.2 meV, RMSE_F=6.0 meV / A
2025-03-28 01:52:03.387 INFO: Epoch 110: loss=0.0362, RMSE_E=1.2 meV, RMSE_F=6.0 meV / A
2025-03-28 01:52:21.520 INFO: Epoch 112: loss=0.0361, RMSE_E=1.1 meV, RMSE_F=6.0 meV / A
2025-03-28 01:52:39.645 INFO: Epoch 114: loss=0.0356, RMSE_E=1.2 meV, RMSE_F=6.0 meV / A
2025-03-28 01:52:56.996 INFO: Epoch 116: loss=0.0354, RMSE_E=1.1 meV, RMSE_F=6.0 meV / A
2025-03-28 01:53:14.217 INFO: Epoch 118: loss=0.0352, RMSE_E=1.1 meV, RMSE_F=5.9 meV / A
2025-03-28 01:53:31.463 INFO: Epoch 120: loss=0.0348, RMSE_E=1.2 meV, RMSE_F=5.9 meV / A
2025-03-28 01:53:48.681 INFO: Epoch 122: loss=0.0344, RMSE_E=1.0 meV, RMSE_F=5.9 meV / A
2025-03-28 01:54:05.910 INFO: Epoch 124: loss=0.0339, RMSE_E=1.2 meV, RMSE_F=5.8 meV / A
2025-03-28 01:54:23.142 INFO: Epoch 126: loss=0.0338, RMSE_E=1.0 meV, RMSE_F=5.8 meV / A
2025-03-28 01:54:40.311 INFO: Epoch 128: loss=0.0337, RMSE_E=1.1 meV, RMSE_F=5.8 meV / A
2025-03-28 01:54:57.510 INFO: Epoch 130: loss=0.0336, RMSE_E=1.1 meV, RMSE_F=5.8 meV / A
2025-03-28 01:55:14.721 INFO: Epoch 132: loss=0.0331, RMSE_E=1.0 meV, RMSE_F=5.8 meV / A
2025-03-28 01:55:32.003 INFO: Epoch 134: loss=0.0325, RMSE_E=1.1 meV, RMSE_F=5.7 meV / A
2025-03-28 01:55:50.031 INFO: Epoch 136: loss=0.0324, RMSE_E=1.0 meV, RMSE_F=5.7 meV / A
2025-03-28 01:56:08.013 INFO: Epoch 138: loss=0.0323, RMSE_E=1.0 meV, RMSE_F=5.7 meV / A
2025-03-28 01:56:25.906 INFO: Epoch 140: loss=0.0321, RMSE_E=1.1 meV, RMSE_F=5.7 meV / A
2025-03-28 01:56:43.829 INFO: Epoch 142: loss=0.0317, RMSE_E=1.0 meV, RMSE_F=5.6 meV / A
2025-03-28 01:57:01.817 INFO: Epoch 144: loss=0.0315, RMSE_E=1.0 meV, RMSE_F=5.6 meV / A
2025-03-28 01:57:19.727 INFO: Epoch 146: loss=0.0312, RMSE_E=1.0 meV, RMSE_F=5.6 meV / A
2025-03-28 01:57:37.614 INFO: Epoch 148: loss=0.0310, RMSE_E=1.1 meV, RMSE_F=5.6 meV / A
2025-03-28 01:57:55.390 INFO: Epoch 150: loss=0.0306, RMSE_E=1.0 meV, RMSE_F=5.5 meV / A
2025-03-28 01:58:13.153 INFO: Epoch 152: loss=0.0306, RMSE_E=1.0 meV, RMSE_F=5.5 meV / A
2025-03-28 01:58:30.946 INFO: Epoch 154: loss=0.0304, RMSE_E=0.9 meV, RMSE_F=5.5 meV / A
2025-03-28 01:58:48.699 INFO: Epoch 156: loss=0.0302, RMSE_E=0.9 meV, RMSE_F=5.5 meV / A
2025-03-28 01:59:06.448 INFO: Epoch 158: loss=0.0303, RMSE_E=0.9 meV, RMSE_F=5.5 meV / A
2025-03-28 01:59:24.066 INFO: Epoch 160: loss=0.0304, RMSE_E=1.0 meV, RMSE_F=5.5 meV / A
2025-03-28 01:59:41.700 INFO: Epoch 162: loss=0.0299, RMSE_E=0.9 meV, RMSE_F=5.5 meV / A
2025-03-28 01:59:59.456 INFO: Epoch 164: loss=0.0297, RMSE_E=0.9 meV, RMSE_F=5.5 meV / A
2025-03-28 02:00:17.211 INFO: Epoch 166: loss=0.0296, RMSE_E=0.9 meV, RMSE_F=5.4 meV / A
2025-03-28 02:00:34.963 INFO: Epoch 168: loss=0.0293, RMSE_E=1.0 meV, RMSE_F=5.4 meV / A
2025-03-28 02:00:52.704 INFO: Epoch 170: loss=0.0293, RMSE_E=0.9 meV, RMSE_F=5.4 meV / A
2025-03-28 02:01:10.434 INFO: Epoch 172: loss=0.0291, RMSE_E=1.0 meV, RMSE_F=5.4 meV / A
2025-03-28 02:01:28.140 INFO: Epoch 174: loss=0.0292, RMSE_E=1.0 meV, RMSE_F=5.4 meV / A
2025-03-28 02:01:45.767 INFO: Epoch 176: loss=0.0290, RMSE_E=0.9 meV, RMSE_F=5.4 meV / A
2025-03-28 02:02:03.500 INFO: Epoch 178: loss=0.0287, RMSE_E=0.9 meV, RMSE_F=5.4 meV / A
2025-03-28 02:02:21.232 INFO: Epoch 180: loss=0.0284, RMSE_E=0.9 meV, RMSE_F=5.3 meV / A
2025-03-28 02:02:39.006 INFO: Epoch 182: loss=0.0282, RMSE_E=0.9 meV, RMSE_F=5.3 meV / A
2025-03-28 02:02:56.740 INFO: Epoch 184: loss=0.0283, RMSE_E=0.9 meV, RMSE_F=5.3 meV / A
2025-03-28 02:03:14.411 INFO: Epoch 186: loss=0.0282, RMSE_E=0.9 meV, RMSE_F=5.3 meV / A
2025-03-28 02:03:32.079 INFO: Epoch 188: loss=0.0282, RMSE_E=1.0 meV, RMSE_F=5.3 meV / A
2025-03-28 02:03:49.715 INFO: Epoch 190: loss=0.0281, RMSE_E=0.9 meV, RMSE_F=5.3 meV / A
2025-03-28 02:04:07.482 INFO: Epoch 192: loss=0.0279, RMSE_E=1.0 meV, RMSE_F=5.3 meV / A
2025-03-28 02:04:25.263 INFO: Epoch 194: loss=0.0279, RMSE_E=0.9 meV, RMSE_F=5.3 meV / A
2025-03-28 02:04:42.898 INFO: Epoch 196: loss=0.0277, RMSE_E=0.9 meV, RMSE_F=5.3 meV / A
2025-03-28 02:05:00.613 INFO: Epoch 198: loss=0.0273, RMSE_E=0.8 meV, RMSE_F=5.2 meV / A
2025-03-28 02:05:18.364 INFO: Epoch 200: loss=0.0274, RMSE_E=0.9 meV, RMSE_F=5.2 meV / A
2025-03-28 02:05:35.997 INFO: Epoch 202: loss=0.0272, RMSE_E=0.9 meV, RMSE_F=5.2 meV / A
2025-03-28 02:05:53.738 INFO: Epoch 204: loss=0.0273, RMSE_E=0.8 meV, RMSE_F=5.2 meV / A
2025-03-28 02:06:11.336 INFO: Epoch 206: loss=0.0271, RMSE_E=0.8 meV, RMSE_F=5.2 meV / A
2025-03-28 02:06:29.026 INFO: Epoch 208: loss=0.0271, RMSE_E=0.9 meV, RMSE_F=5.2 meV / A
2025-03-28 02:06:46.730 INFO: Epoch 210: loss=0.0270, RMSE_E=0.9 meV, RMSE_F=5.2 meV / A
2025-03-28 02:07:04.450 INFO: Epoch 212: loss=0.0269, RMSE_E=0.9 meV, RMSE_F=5.2 meV / A
2025-03-28 02:07:22.163 INFO: Epoch 214: loss=0.0269, RMSE_E=0.8 meV, RMSE_F=5.2 meV / A
2025-03-28 02:07:39.876 INFO: Epoch 216: loss=0.0268, RMSE_E=0.8 meV, RMSE_F=5.2 meV / A
2025-03-28 02:07:57.610 INFO: Epoch 218: loss=0.0268, RMSE_E=0.8 meV, RMSE_F=5.2 meV / A
2025-03-28 02:08:15.359 INFO: Epoch 220: loss=0.0266, RMSE_E=0.9 meV, RMSE_F=5.2 meV / A
2025-03-28 02:08:33.115 INFO: Epoch 222: loss=0.0264, RMSE_E=0.9 meV, RMSE_F=5.1 meV / A
2025-03-28 02:08:50.890 INFO: Epoch 224: loss=0.0263, RMSE_E=0.8 meV, RMSE_F=5.1 meV / A
2025-03-28 02:09:08.644 INFO: Epoch 226: loss=0.0262, RMSE_E=0.9 meV, RMSE_F=5.1 meV / A
2025-03-28 02:09:26.408 INFO: Epoch 228: loss=0.0261, RMSE_E=0.9 meV, RMSE_F=5.1 meV / A
2025-03-28 02:09:44.204 INFO: Epoch 230: loss=0.0262, RMSE_E=0.8 meV, RMSE_F=5.1 meV / A
2025-03-28 02:10:01.834 INFO: Epoch 232: loss=0.0261, RMSE_E=0.8 meV, RMSE_F=5.1 meV / A
2025-03-28 02:10:19.608 INFO: Epoch 234: loss=0.0259, RMSE_E=0.9 meV, RMSE_F=5.1 meV / A
2025-03-28 02:10:37.361 INFO: Epoch 236: loss=0.0259, RMSE_E=0.8 meV, RMSE_F=5.1 meV / A
2025-03-28 02:10:54.976 INFO: Epoch 238: loss=0.0258, RMSE_E=0.9 meV, RMSE_F=5.1 meV / A
2025-03-28 02:11:12.758 INFO: Epoch 240: loss=0.0257, RMSE_E=0.8 meV, RMSE_F=5.1 meV / A
2025-03-28 02:11:30.532 INFO: Epoch 242: loss=0.0255, RMSE_E=0.9 meV, RMSE_F=5.1 meV / A
2025-03-28 02:11:48.287 INFO: Epoch 244: loss=0.0255, RMSE_E=0.8 meV, RMSE_F=5.1 meV / A
2025-03-28 02:12:06.054 INFO: Epoch 246: loss=0.0254, RMSE_E=0.8 meV, RMSE_F=5.0 meV / A
2025-03-28 02:12:23.803 INFO: Epoch 248: loss=0.0253, RMSE_E=0.8 meV, RMSE_F=5.0 meV / A
2025-03-28 02:12:41.570 INFO: Epoch 250: loss=0.0253, RMSE_E=0.8 meV, RMSE_F=5.0 meV / A
2025-03-28 02:12:59.380 INFO: Epoch 252: loss=0.0252, RMSE_E=0.8 meV, RMSE_F=5.0 meV / A
2025-03-28 02:13:17.156 INFO: Epoch 254: loss=0.0251, RMSE_E=0.8 meV, RMSE_F=5.0 meV / A
2025-03-28 02:13:34.914 INFO: Epoch 256: loss=0.0251, RMSE_E=0.9 meV, RMSE_F=5.0 meV / A
2025-03-28 02:13:52.524 INFO: Epoch 258: loss=0.0249, RMSE_E=0.8 meV, RMSE_F=5.0 meV / A
2025-03-28 02:14:10.311 INFO: Epoch 260: loss=0.0247, RMSE_E=0.8 meV, RMSE_F=5.0 meV / A
2025-03-28 02:14:27.584 INFO: Epoch 262: loss=0.0247, RMSE_E=0.8 meV, RMSE_F=5.0 meV / A
2025-03-28 02:14:44.477 INFO: Epoch 264: loss=0.0247, RMSE_E=0.8 meV, RMSE_F=5.0 meV / A
2025-03-28 02:15:01.652 INFO: Epoch 266: loss=0.0247, RMSE_E=0.8 meV, RMSE_F=5.0 meV / A
2025-03-28 02:15:19.401 INFO: Epoch 268: loss=0.0246, RMSE_E=0.8 meV, RMSE_F=5.0 meV / A
2025-03-28 02:15:37.177 INFO: Epoch 270: loss=0.0246, RMSE_E=0.8 meV, RMSE_F=5.0 meV / A
2025-03-28 02:15:54.961 INFO: Epoch 272: loss=0.0245, RMSE_E=0.8 meV, RMSE_F=5.0 meV / A
2025-03-28 02:16:12.727 INFO: Epoch 274: loss=0.0244, RMSE_E=0.8 meV, RMSE_F=4.9 meV / A
2025-03-28 02:16:30.480 INFO: Epoch 276: loss=0.0243, RMSE_E=0.8 meV, RMSE_F=4.9 meV / A
2025-03-28 02:16:48.264 INFO: Epoch 278: loss=0.0244, RMSE_E=0.8 meV, RMSE_F=4.9 meV / A
2025-03-28 02:17:05.879 INFO: Epoch 280: loss=0.0243, RMSE_E=0.8 meV, RMSE_F=4.9 meV / A
2025-03-28 02:17:23.659 INFO: Epoch 282: loss=0.0242, RMSE_E=0.8 meV, RMSE_F=4.9 meV / A
2025-03-28 02:17:41.440 INFO: Epoch 284: loss=0.0242, RMSE_E=0.9 meV, RMSE_F=4.9 meV / A
2025-03-28 02:17:59.222 INFO: Epoch 286: loss=0.0241, RMSE_E=0.8 meV, RMSE_F=4.9 meV / A
2025-03-28 02:18:16.997 INFO: Epoch 288: loss=0.0240, RMSE_E=0.8 meV, RMSE_F=4.9 meV / A
2025-03-28 02:18:34.755 INFO: Epoch 290: loss=0.0240, RMSE_E=0.8 meV, RMSE_F=4.9 meV / A
2025-03-28 02:18:52.418 INFO: Epoch 292: loss=0.0240, RMSE_E=0.8 meV, RMSE_F=4.9 meV / A
2025-03-28 02:19:10.154 INFO: Epoch 294: loss=0.0238, RMSE_E=0.8 meV, RMSE_F=4.9 meV / A
2025-03-28 02:19:27.942 INFO: Epoch 296: loss=0.0239, RMSE_E=0.8 meV, RMSE_F=4.9 meV / A
2025-03-28 02:19:45.639 INFO: Epoch 298: loss=0.0239, RMSE_E=0.8 meV, RMSE_F=4.9 meV / A
2025-03-28 02:20:03.300 INFO: Epoch 300: loss=0.0239, RMSE_E=0.8 meV, RMSE_F=4.9 meV / A
2025-03-28 02:20:20.951 INFO: Epoch 302: loss=0.0237, RMSE_E=0.8 meV, RMSE_F=4.9 meV / A
2025-03-28 02:20:38.703 INFO: Epoch 304: loss=0.0236, RMSE_E=0.7 meV, RMSE_F=4.9 meV / A
2025-03-28 02:20:56.459 INFO: Epoch 306: loss=0.0234, RMSE_E=0.8 meV, RMSE_F=4.8 meV / A
2025-03-28 02:21:14.238 INFO: Epoch 308: loss=0.0235, RMSE_E=0.8 meV, RMSE_F=4.8 meV / A
2025-03-28 02:21:31.879 INFO: Epoch 310: loss=0.0234, RMSE_E=0.7 meV, RMSE_F=4.8 meV / A
2025-03-28 02:21:49.645 INFO: Epoch 312: loss=0.0233, RMSE_E=0.8 meV, RMSE_F=4.8 meV / A
2025-03-28 02:22:07.426 INFO: Epoch 314: loss=0.0233, RMSE_E=0.8 meV, RMSE_F=4.8 meV / A
2025-03-28 02:22:25.198 INFO: Epoch 316: loss=0.0233, RMSE_E=0.8 meV, RMSE_F=4.8 meV / A
2025-03-28 02:22:42.996 INFO: Epoch 318: loss=0.0232, RMSE_E=0.8 meV, RMSE_F=4.8 meV / A
2025-03-28 02:23:00.783 INFO: Epoch 320: loss=0.0231, RMSE_E=0.8 meV, RMSE_F=4.8 meV / A
2025-03-28 02:23:18.560 INFO: Epoch 322: loss=0.0231, RMSE_E=0.8 meV, RMSE_F=4.8 meV / A
2025-03-28 02:23:36.334 INFO: Epoch 324: loss=0.0231, RMSE_E=0.8 meV, RMSE_F=4.8 meV / A
2025-03-28 02:23:54.067 INFO: Epoch 326: loss=0.0231, RMSE_E=0.8 meV, RMSE_F=4.8 meV / A
2025-03-28 02:24:11.683 INFO: Epoch 328: loss=0.0231, RMSE_E=0.8 meV, RMSE_F=4.8 meV / A
2025-03-28 02:24:29.312 INFO: Epoch 330: loss=0.0230, RMSE_E=0.8 meV, RMSE_F=4.8 meV / A
2025-03-28 02:24:47.094 INFO: Epoch 332: loss=0.0229, RMSE_E=0.8 meV, RMSE_F=4.8 meV / A
2025-03-28 02:25:04.835 INFO: Epoch 334: loss=0.0229, RMSE_E=0.8 meV, RMSE_F=4.8 meV / A
2025-03-28 02:25:22.590 INFO: Epoch 336: loss=0.0228, RMSE_E=0.8 meV, RMSE_F=4.8 meV / A
2025-03-28 02:25:40.350 INFO: Epoch 338: loss=0.0229, RMSE_E=0.8 meV, RMSE_F=4.8 meV / A
2025-03-28 02:25:58.004 INFO: Epoch 340: loss=0.0228, RMSE_E=0.7 meV, RMSE_F=4.8 meV / A
2025-03-28 02:26:15.769 INFO: Epoch 342: loss=0.0227, RMSE_E=0.8 meV, RMSE_F=4.8 meV / A
2025-03-28 02:26:33.519 INFO: Epoch 344: loss=0.0227, RMSE_E=0.8 meV, RMSE_F=4.8 meV / A
2025-03-28 02:26:51.165 INFO: Epoch 346: loss=0.0227, RMSE_E=0.7 meV, RMSE_F=4.8 meV / A
2025-03-28 02:27:08.921 INFO: Epoch 348: loss=0.0226, RMSE_E=0.8 meV, RMSE_F=4.8 meV / A
2025-03-28 02:27:26.717 INFO: Epoch 350: loss=0.0226, RMSE_E=0.8 meV, RMSE_F=4.8 meV / A
2025-03-28 02:27:44.323 INFO: Epoch 352: loss=0.0225, RMSE_E=0.8 meV, RMSE_F=4.7 meV / A
2025-03-28 02:28:02.081 INFO: Epoch 354: loss=0.0224, RMSE_E=0.7 meV, RMSE_F=4.7 meV / A
2025-03-28 02:28:19.846 INFO: Epoch 356: loss=0.0223, RMSE_E=0.8 meV, RMSE_F=4.7 meV / A
2025-03-28 02:28:37.630 INFO: Epoch 358: loss=0.0222, RMSE_E=0.8 meV, RMSE_F=4.7 meV / A
2025-03-28 02:28:55.390 INFO: Epoch 360: loss=0.0223, RMSE_E=0.8 meV, RMSE_F=4.7 meV / A
2025-03-28 02:29:13.030 INFO: Epoch 362: loss=0.0222, RMSE_E=0.8 meV, RMSE_F=4.7 meV / A
2025-03-28 02:29:30.849 INFO: Epoch 364: loss=0.0222, RMSE_E=0.8 meV, RMSE_F=4.7 meV / A
2025-03-28 02:29:48.469 INFO: Epoch 366: loss=0.0222, RMSE_E=0.7 meV, RMSE_F=4.7 meV / A
2025-03-28 02:30:06.111 INFO: Epoch 368: loss=0.0222, RMSE_E=0.8 meV, RMSE_F=4.7 meV / A
2025-03-28 02:30:23.728 INFO: Epoch 370: loss=0.0221, RMSE_E=0.8 meV, RMSE_F=4.7 meV / A
2025-03-28 02:30:41.514 INFO: Epoch 372: loss=0.0221, RMSE_E=0.7 meV, RMSE_F=4.7 meV / A
2025-03-28 02:30:59.285 INFO: Epoch 374: loss=0.0220, RMSE_E=0.8 meV, RMSE_F=4.7 meV / A
2025-03-28 02:31:17.024 INFO: Epoch 376: loss=0.0220, RMSE_E=0.7 meV, RMSE_F=4.7 meV / A
2025-03-28 02:31:34.764 INFO: Epoch 378: loss=0.0220, RMSE_E=0.7 meV, RMSE_F=4.7 meV / A
2025-03-28 02:31:52.518 INFO: Epoch 380: loss=0.0220, RMSE_E=0.7 meV, RMSE_F=4.7 meV / A
2025-03-28 02:32:10.156 INFO: Epoch 382: loss=0.0219, RMSE_E=0.8 meV, RMSE_F=4.7 meV / A
2025-03-28 02:32:27.942 INFO: Epoch 384: loss=0.0219, RMSE_E=0.8 meV, RMSE_F=4.7 meV / A
2025-03-28 02:32:45.727 INFO: Epoch 386: loss=0.0220, RMSE_E=0.8 meV, RMSE_F=4.7 meV / A
2025-03-28 02:33:03.328 INFO: Epoch 388: loss=0.0219, RMSE_E=0.8 meV, RMSE_F=4.7 meV / A
2025-03-28 02:33:21.071 INFO: Epoch 390: loss=0.0218, RMSE_E=0.8 meV, RMSE_F=4.7 meV / A
2025-03-28 02:33:38.810 INFO: Epoch 392: loss=0.0218, RMSE_E=0.8 meV, RMSE_F=4.7 meV / A
2025-03-28 02:33:56.444 INFO: Epoch 394: loss=0.0218, RMSE_E=0.7 meV, RMSE_F=4.7 meV / A
2025-03-28 02:34:14.201 INFO: Epoch 396: loss=0.0218, RMSE_E=0.7 meV, RMSE_F=4.7 meV / A
2025-03-28 02:34:31.848 INFO: Epoch 398: loss=0.0218, RMSE_E=0.7 meV, RMSE_F=4.7 meV / A
2025-03-28 02:34:49.600 INFO: Epoch 400: loss=0.0217, RMSE_E=0.8 meV, RMSE_F=4.7 meV / A
2025-03-28 02:35:07.345 INFO: Epoch 402: loss=0.0217, RMSE_E=0.8 meV, RMSE_F=4.7 meV / A
2025-03-28 02:35:25.102 INFO: Epoch 404: loss=0.0217, RMSE_E=0.7 meV, RMSE_F=4.7 meV / A
2025-03-28 02:35:42.879 INFO: Epoch 406: loss=0.0216, RMSE_E=0.7 meV, RMSE_F=4.7 meV / A
2025-03-28 02:36:00.658 INFO: Epoch 408: loss=0.0215, RMSE_E=0.8 meV, RMSE_F=4.6 meV / A
2025-03-28 02:36:18.415 INFO: Epoch 410: loss=0.0216, RMSE_E=0.7 meV, RMSE_F=4.6 meV / A
2025-03-28 02:36:36.066 INFO: Epoch 412: loss=0.0215, RMSE_E=0.8 meV, RMSE_F=4.6 meV / A
2025-03-28 02:36:53.288 INFO: Epoch 414: loss=0.0216, RMSE_E=0.7 meV, RMSE_F=4.6 meV / A
2025-03-28 02:37:10.826 INFO: Epoch 416: loss=0.0215, RMSE_E=0.8 meV, RMSE_F=4.6 meV / A
2025-03-28 02:37:28.483 INFO: Epoch 418: loss=0.0216, RMSE_E=0.7 meV, RMSE_F=4.6 meV / A
2025-03-28 02:37:46.122 INFO: Epoch 420: loss=0.0215, RMSE_E=0.7 meV, RMSE_F=4.6 meV / A
2025-03-28 02:38:03.929 INFO: Epoch 422: loss=0.0214, RMSE_E=0.8 meV, RMSE_F=4.6 meV / A
2025-03-28 02:38:21.651 INFO: Epoch 424: loss=0.0214, RMSE_E=0.7 meV, RMSE_F=4.6 meV / A
2025-03-28 02:38:39.394 INFO: Epoch 426: loss=0.0214, RMSE_E=0.7 meV, RMSE_F=4.6 meV / A
2025-03-28 02:38:57.049 INFO: Epoch 428: loss=0.0214, RMSE_E=0.7 meV, RMSE_F=4.6 meV / A
2025-03-28 02:39:14.685 INFO: Epoch 430: loss=0.0214, RMSE_E=0.7 meV, RMSE_F=4.6 meV / A
2025-03-28 02:39:32.324 INFO: Epoch 432: loss=0.0214, RMSE_E=0.7 meV, RMSE_F=4.6 meV / A
2025-03-28 02:39:50.109 INFO: Epoch 434: loss=0.0213, RMSE_E=0.7 meV, RMSE_F=4.6 meV / A
2025-03-28 02:40:07.879 INFO: Epoch 436: loss=0.0213, RMSE_E=0.7 meV, RMSE_F=4.6 meV / A
2025-03-28 02:40:25.638 INFO: Epoch 438: loss=0.0213, RMSE_E=0.7 meV, RMSE_F=4.6 meV / A
2025-03-28 02:40:43.393 INFO: Epoch 440: loss=0.0213, RMSE_E=0.8 meV, RMSE_F=4.6 meV / A
2025-03-28 02:41:01.150 INFO: Epoch 442: loss=0.0212, RMSE_E=0.7 meV, RMSE_F=4.6 meV / A
2025-03-28 02:41:18.910 INFO: Epoch 444: loss=0.0212, RMSE_E=0.8 meV, RMSE_F=4.6 meV / A
2025-03-28 02:41:36.563 INFO: Epoch 446: loss=0.0212, RMSE_E=0.7 meV, RMSE_F=4.6 meV / A
2025-03-28 02:41:54.199 INFO: Epoch 448: loss=0.0212, RMSE_E=0.7 meV, RMSE_F=4.6 meV / A
2025-03-28 02:42:11.835 INFO: Epoch 450: loss=0.0212, RMSE_E=0.7 meV, RMSE_F=4.6 meV / A
2025-03-28 02:42:29.476 INFO: Epoch 452: loss=0.0212, RMSE_E=0.7 meV, RMSE_F=4.6 meV / A
2025-03-28 02:42:47.105 INFO: Epoch 454: loss=0.0212, RMSE_E=0.7 meV, RMSE_F=4.6 meV / A
2025-03-28 02:43:04.859 INFO: Epoch 456: loss=0.0212, RMSE_E=0.7 meV, RMSE_F=4.6 meV / A
2025-03-28 02:43:22.598 INFO: Epoch 458: loss=0.0211, RMSE_E=0.7 meV, RMSE_F=4.6 meV / A
2025-03-28 02:43:40.347 INFO: Epoch 460: loss=0.0211, RMSE_E=0.7 meV, RMSE_F=4.6 meV / A
2025-03-28 02:43:58.099 INFO: Epoch 462: loss=0.0211, RMSE_E=0.7 meV, RMSE_F=4.6 meV / A
2025-03-28 02:44:15.881 INFO: Epoch 464: loss=0.0211, RMSE_E=0.7 meV, RMSE_F=4.6 meV / A
2025-03-28 02:44:33.535 INFO: Epoch 466: loss=0.0211, RMSE_E=0.7 meV, RMSE_F=4.6 meV / A
2025-03-28 02:44:51.309 INFO: Epoch 468: loss=0.0211, RMSE_E=0.7 meV, RMSE_F=4.6 meV / A
2025-03-28 02:45:09.111 INFO: Epoch 470: loss=0.0210, RMSE_E=0.7 meV, RMSE_F=4.6 meV / A
2025-03-28 02:45:26.894 INFO: Epoch 472: loss=0.0211, RMSE_E=0.7 meV, RMSE_F=4.6 meV / A
2025-03-28 02:45:44.552 INFO: Epoch 474: loss=0.0210, RMSE_E=0.7 meV, RMSE_F=4.6 meV / A
2025-03-28 02:46:02.366 INFO: Epoch 476: loss=0.0210, RMSE_E=0.7 meV, RMSE_F=4.6 meV / A
2025-03-28 02:46:20.180 INFO: Epoch 478: loss=0.0210, RMSE_E=0.7 meV, RMSE_F=4.6 meV / A
2025-03-28 02:46:37.870 INFO: Epoch 480: loss=0.0210, RMSE_E=0.7 meV, RMSE_F=4.6 meV / A
2025-03-28 02:46:55.690 INFO: Epoch 482: loss=0.0210, RMSE_E=0.7 meV, RMSE_F=4.6 meV / A
2025-03-28 02:47:13.377 INFO: Epoch 484: loss=0.0209, RMSE_E=0.7 meV, RMSE_F=4.6 meV / A
2025-03-28 02:47:31.161 INFO: Epoch 486: loss=0.0209, RMSE_E=0.7 meV, RMSE_F=4.6 meV / A
2025-03-28 02:47:48.847 INFO: Epoch 488: loss=0.0209, RMSE_E=0.7 meV, RMSE_F=4.6 meV / A
2025-03-28 02:48:06.503 INFO: Epoch 490: loss=0.0209, RMSE_E=0.7 meV, RMSE_F=4.6 meV / A
2025-03-28 02:48:24.320 INFO: Epoch 492: loss=0.0209, RMSE_E=0.7 meV, RMSE_F=4.6 meV / A
2025-03-28 02:48:42.014 INFO: Epoch 494: loss=0.0209, RMSE_E=0.7 meV, RMSE_F=4.6 meV / A
2025-03-28 02:48:59.834 INFO: Epoch 496: loss=0.0209, RMSE_E=0.7 meV, RMSE_F=4.6 meV / A
2025-03-28 02:49:17.616 INFO: Epoch 498: loss=0.0208, RMSE_E=0.7 meV, RMSE_F=4.6 meV / A
2025-03-28 02:49:26.370 INFO: Training complete
2025-03-28 02:49:26.371 INFO: Computing metrics for training, validation, and test sets
2025-03-28 02:49:26.629 INFO: Loading checkpoint: checkpoints/AcAc_run-42_epoch-498.pt
2025-03-28 02:49:26.685 INFO: Loaded model from epoch 498
2025-03-28 02:49:26.686 INFO: Evaluating train ...
2025-03-28 02:49:31.386 INFO: Evaluating valid ...
2025-03-28 02:49:31.895 INFO: Evaluating 300K_MD ...
2025-03-28 02:49:39.292 INFO: 
+-------------+--------------+------------------+-------------------+
| config_type | RMSE E / meV | RMSE F / meV / A | relative F RMSE % |
+-------------+--------------+------------------+-------------------+
|    train    |     0.6      |       3.1        |        0.29       |
|    valid    |     0.7      |       4.6        |        0.44       |
|   300K_MD   |     1.0      |       5.1        |        0.49       |
+-------------+--------------+------------------+-------------------+
2025-03-28 02:49:39.293 INFO: Saving model to checkpoints/AcAc_run-42.model
2025-03-28 02:49:39.466 INFO: Compiling model, saving metadata to AcAc_compiled.model
2025-03-28 02:49:40.222 INFO: Done
