2024-11-25 23:50:49.818 INFO: MACE version: 0.3.5
2024-11-25 23:50:49.819 INFO: Configuration: Namespace(config=None, name='benzene', seed=123, log_dir='logs', model_dir='.', checkpoints_dir='checkpoints', results_dir='results', downloads_dir='downloads', device='cuda', default_dtype='float64', distributed=False, log_level='INFO', error_table='TotalRMSE', model='MACE', r_max=5.0, radial_type='bessel', num_radial_basis=8, num_cutoff_basis=5, pair_repulsion=False, distance_transform='None', interaction='RealAgnosticResidualInteractionBlock', interaction_first='RealAgnosticResidualInteractionBlock', max_ell=3, correlation=3, num_interactions=2, MLP_irreps='16x0e', radial_MLP='[64, 64, 64]', hidden_irreps='128x0e + 128x1o', num_channels=128, max_L=1, gate='silu', scaling='rms_forces_scaling', avg_num_neighbors=1, compute_avg_num_neighbors=True, compute_stress=False, compute_forces=True, train_file='./dataset/train.xyz', valid_file='./dataset/valid.xyz', valid_fraction=0.1, test_file=None, test_dir=None, multi_processed_test=False, num_workers=0, pin_memory=True, atomic_numbers=None, mean=None, std=None, statistics_file=None, E0s='average', keep_isolated_atoms=False, energy_key='energy', forces_key='forces', virials_key='virials', stress_key='stress', dipole_key='dipole', charges_key='charges', loss='ef', forces_weight=1000.0, swa_forces_weight=100.0, energy_weight=1.0, swa_energy_weight=1000.0, virials_weight=1.0, swa_virials_weight=10.0, stress_weight=1.0, swa_stress_weight=10.0, dipole_weight=1.0, swa_dipole_weight=1.0, config_type_weights='{"Default":1.0}', huber_delta=0.01, optimizer='adam', beta=0.9, batch_size=5, valid_batch_size=5, lr=0.005, swa_lr=0.001, weight_decay=1e-08, amsgrad=True, scheduler='ReduceLROnPlateau', lr_factor=0.8, scheduler_patience=5, lr_scheduler_gamma=0.9993, swa=False, start_swa=None, ema=True, ema_decay=0.995, max_num_epochs=500, patience=2048, foundation_model='/home/l6eub2ic/whcs-share31/wangchen/mace/MPtrj/MACE-OFF23_medium.model', foundation_model_readout=True, eval_interval=2, keep_checkpoints=False, save_all_checkpoints=False, restart_latest=False, save_cpu=True, clip_grad=100.0, wandb=False, wandb_dir=None, wandb_project='', wandb_entity='', wandb_name='', wandb_log_hypers=['num_channels', 'max_L', 'correlation', 'lr', 'swa_lr', 'weight_decay', 'batch_size', 'max_num_epochs', 'start_swa', 'energy_weight', 'forces_weight'])
2024-11-25 23:50:49.962 INFO: CUDA version: 11.8, CUDA device: 0
2024-11-25 23:50:50.565 INFO: Error accessing Git repository: /home/l6eub2ic/whcs-share31/wangchen/mace/organic/rMD17/benzene/finetune
2024-11-25 23:50:52.853 INFO: Using foundation model /home/l6eub2ic/whcs-share31/wangchen/mace/MPtrj/MACE-OFF23_medium.model as initial checkpoint.
2024-11-25 23:50:52.911 INFO: Since ASE version 3.23.0b1, using energy_key 'energy' is no longer safe when communicating between MACE and ASE. We recommend using a different key, rewriting energies to 'REF_energy'. You need to use --energy_key='REF_energy', to tell the key name chosen.
2024-11-25 23:50:52.921 INFO: Since ASE version 3.23.0b1, using forces_key 'forces' is no longer safe when communicating between MACE and ASE. We recommend using a different key, rewriting energies to 'REF_forces'. You need to use --forces_key='REF_forces', to tell the key name chosen.
2024-11-25 23:50:52.931 INFO: Since ASE version 3.23.0b1, using stress_key 'stress' is no longer safe when communicating between MACE and ASE. We recommend using a different key, rewriting energies to 'REF_stress'. You need to use --stress_key='REF_stress', to tell the key name chosen.
2024-11-25 23:50:52.932 INFO: Loaded 50 training configurations from './dataset/train.xyz'
2024-11-25 23:50:54.292 INFO: Since ASE version 3.23.0b1, using energy_key 'energy' is no longer safe when communicating between MACE and ASE. We recommend using a different key, rewriting energies to 'REF_energy'. You need to use --energy_key='REF_energy', to tell the key name chosen.
2024-11-25 23:50:54.464 INFO: Since ASE version 3.23.0b1, using forces_key 'forces' is no longer safe when communicating between MACE and ASE. We recommend using a different key, rewriting energies to 'REF_forces'. You need to use --forces_key='REF_forces', to tell the key name chosen.
2024-11-25 23:50:54.635 INFO: Since ASE version 3.23.0b1, using stress_key 'stress' is no longer safe when communicating between MACE and ASE. We recommend using a different key, rewriting energies to 'REF_stress'. You need to use --stress_key='REF_stress', to tell the key name chosen.
2024-11-25 23:50:54.657 INFO: Loaded 950 validation configurations from './dataset/valid.xyz'
2024-11-25 23:50:54.658 INFO: Total number of configurations: train=50, valid=950, tests=[]
2024-11-25 23:50:54.661 INFO: AtomicNumberTable: (1, 6)
2024-11-25 23:50:54.661 INFO: Atomic Energies not in training file, using command line argument E0s
2024-11-25 23:50:54.661 INFO: Computing average Atomic Energies using least squares regression
2024-11-25 23:50:54.671 INFO: Atomic energies: [-525.5412755146006, -525.5412755146002]
2024-11-25 23:50:55.212 INFO: EnergyForcesLoss(energy_weight=1.000, forces_weight=1000.000)
2024-11-25 23:50:55.237 INFO: Average number of neighbors: 10.833333333333334
2024-11-25 23:50:55.237 INFO: Selected the following outputs: {'energy': True, 'forces': True, 'virials': False, 'stress': False, 'dipoles': False}
2024-11-25 23:50:55.259 INFO: Building model
2024-11-25 23:51:03.394 INFO: ScaleShiftMACE(
  (node_embedding): LinearNodeEmbeddingBlock(
    (linear): Linear(2x0e -> 128x0e | 256 weights)
  )
  (radial_embedding): RadialEmbeddingBlock(
    (bessel_fn): BesselBasis(r_max=5.0, num_basis=8, trainable=True)
    (cutoff_fn): PolynomialCutoff(p=5.0, r_max=5.0)
  )
  (spherical_harmonics): SphericalHarmonics()
  (atomic_energies_fn): AtomicEnergiesBlock(energies=[-525.5413, -525.5413])
  (interactions): ModuleList(
    (0): RealAgnosticInteractionBlock(
      (linear_up): Linear(128x0e -> 128x0e | 16384 weights)
      (conv_tp): TensorProduct(128x0e x 1x0e+1x1o+1x2e+1x3o -> 128x0e+128x1o+128x2e+128x3o | 512 paths | 512 weights)
      (conv_tp_weights): FullyConnectedNet[8, 64, 64, 64, 512]
      (linear): Linear(128x0e+128x1o+128x2e+128x3o -> 128x0e+128x1o+128x2e+128x3o | 65536 weights)
      (skip_tp): FullyConnectedTensorProduct(128x0e+128x1o+128x2e+128x3o x 2x0e -> 128x0e+128x1o+128x2e+128x3o | 131072 paths | 131072 weights)
      (reshape): reshape_irreps()
    )
    (1): RealAgnosticResidualInteractionBlock(
      (linear_up): Linear(128x0e+128x1o -> 128x0e+128x1o | 32768 weights)
      (conv_tp): TensorProduct(128x0e+128x1o x 1x0e+1x1o+1x2e+1x3o -> 256x0e+384x1o+384x2e+256x3o | 1280 paths | 1280 weights)
      (conv_tp_weights): FullyConnectedNet[8, 64, 64, 64, 1280]
      (linear): Linear(256x0e+384x1o+384x2e+256x3o -> 128x0e+128x1o+128x2e+128x3o | 163840 weights)
      (skip_tp): FullyConnectedTensorProduct(128x0e+128x1o x 2x0e -> 128x0e | 32768 paths | 32768 weights)
      (reshape): reshape_irreps()
    )
  )
  (products): ModuleList(
    (0): EquivariantProductBasisBlock(
      (symmetric_contractions): SymmetricContraction(
        (contractions): ModuleList(
          (0): Contraction(
            (contractions_weighting): ModuleList(
              (0-1): 2 x GraphModule()
            )
            (contractions_features): ModuleList(
              (0-1): 2 x GraphModule()
            )
            (weights): ParameterList(
                (0): Parameter containing: [torch.float64 of size 2x4x128 (GPU 0)]
                (1): Parameter containing: [torch.float64 of size 2x1x128 (GPU 0)]
            )
            (graph_opt_main): GraphModule()
          )
          (1): Contraction(
            (contractions_weighting): ModuleList(
              (0-1): 2 x GraphModule()
            )
            (contractions_features): ModuleList(
              (0-1): 2 x GraphModule()
            )
            (weights): ParameterList(
                (0): Parameter containing: [torch.float64 of size 2x6x128 (GPU 0)]
                (1): Parameter containing: [torch.float64 of size 2x1x128 (GPU 0)]
            )
            (graph_opt_main): GraphModule()
          )
        )
      )
      (linear): Linear(128x0e+128x1o -> 128x0e+128x1o | 32768 weights)
    )
    (1): EquivariantProductBasisBlock(
      (symmetric_contractions): SymmetricContraction(
        (contractions): ModuleList(
          (0): Contraction(
            (contractions_weighting): ModuleList(
              (0-1): 2 x GraphModule()
            )
            (contractions_features): ModuleList(
              (0-1): 2 x GraphModule()
            )
            (weights): ParameterList(
                (0): Parameter containing: [torch.float64 of size 2x4x128 (GPU 0)]
                (1): Parameter containing: [torch.float64 of size 2x1x128 (GPU 0)]
            )
            (graph_opt_main): GraphModule()
          )
        )
      )
      (linear): Linear(128x0e -> 128x0e | 16384 weights)
    )
  )
  (readouts): ModuleList(
    (0): LinearReadoutBlock(
      (linear): Linear(128x0e+128x1o -> 1x0e | 128 weights)
    )
    (1): NonLinearReadoutBlock(
      (linear_1): Linear(128x0e -> 16x0e | 2048 weights)
      (non_linearity): Activation [x] (16x0e -> 16x0e)
      (linear_2): Linear(16x0e -> 1x0e | 16 weights)
    )
  )
  (scale_shift): ScaleShiftBlock(scale=1.088502, shift=0.000000)
)
2024-11-25 23:51:03.396 INFO: Number of parameters: 655256
2024-11-25 23:51:03.397 INFO: Optimizer: Adam (
Parameter Group 0
    amsgrad: True
    betas: (0.9, 0.999)
    capturable: False
    differentiable: False
    eps: 1e-08
    foreach: None
    fused: None
    lr: 0.005
    maximize: False
    name: embedding
    weight_decay: 0.0

Parameter Group 1
    amsgrad: True
    betas: (0.9, 0.999)
    capturable: False
    differentiable: False
    eps: 1e-08
    foreach: None
    fused: None
    lr: 0.005
    maximize: False
    name: interactions_decay
    weight_decay: 1e-08

Parameter Group 2
    amsgrad: True
    betas: (0.9, 0.999)
    capturable: False
    differentiable: False
    eps: 1e-08
    foreach: None
    fused: None
    lr: 0.005
    maximize: False
    name: interactions_no_decay
    weight_decay: 0.0

Parameter Group 3
    amsgrad: True
    betas: (0.9, 0.999)
    capturable: False
    differentiable: False
    eps: 1e-08
    foreach: None
    fused: None
    lr: 0.005
    maximize: False
    name: products
    weight_decay: 1e-08

Parameter Group 4
    amsgrad: True
    betas: (0.9, 0.999)
    capturable: False
    differentiable: False
    eps: 1e-08
    foreach: None
    fused: None
    lr: 0.005
    maximize: False
    name: readouts
    weight_decay: 0.0
)
2024-11-25 23:51:03.397 INFO: Using gradient clipping with tolerance=100.000
2024-11-25 23:51:03.397 INFO: Started training
2024-11-25 23:51:20.940 INFO: Epoch None: loss=3558.5988, RMSE_E=58843.3 meV, RMSE_F=309.9 meV / A
2024-11-25 23:51:38.374 INFO: Epoch 0: loss=1834.1789, RMSE_E=42421.0 meV, RMSE_F=186.1 meV / A
2024-11-25 23:51:48.562 INFO: Epoch 2: loss=97.3118, RMSE_E=4378.2 meV, RMSE_F=279.5 meV / A
2024-11-25 23:51:58.999 INFO: Epoch 4: loss=18.7313, RMSE_E=949.0 meV, RMSE_F=133.5 meV / A
2024-11-25 23:52:08.922 INFO: Epoch 6: loss=7.2751, RMSE_E=669.8 meV, RMSE_F=82.6 meV / A
2024-11-25 23:52:18.854 INFO: Epoch 8: loss=9.5316, RMSE_E=2494.5 meV, RMSE_F=57.5 meV / A
2024-11-25 23:52:27.627 INFO: Epoch 10: loss=2.7531, RMSE_E=725.3 meV, RMSE_F=47.2 meV / A
2024-11-25 23:52:38.423 INFO: Epoch 12: loss=1.4743, RMSE_E=426.6 meV, RMSE_F=35.9 meV / A
2024-11-25 23:52:48.825 INFO: Epoch 14: loss=1.1566, RMSE_E=314.1 meV, RMSE_F=32.5 meV / A
2024-11-25 23:52:58.560 INFO: Epoch 16: loss=0.8392, RMSE_E=167.3 meV, RMSE_F=28.5 meV / A
2024-11-25 23:53:07.374 INFO: Epoch 18: loss=0.7456, RMSE_E=166.3 meV, RMSE_F=26.8 meV / A
2024-11-25 23:53:16.156 INFO: Epoch 20: loss=0.6561, RMSE_E=177.9 meV, RMSE_F=25.0 meV / A
2024-11-25 23:53:26.306 INFO: Epoch 22: loss=0.5339, RMSE_E=174.0 meV, RMSE_F=22.4 meV / A
2024-11-25 23:53:36.070 INFO: Epoch 24: loss=0.4618, RMSE_E=136.3 meV, RMSE_F=21.1 meV / A
2024-11-25 23:53:46.734 INFO: Epoch 26: loss=0.4535, RMSE_E=195.7 meV, RMSE_F=20.4 meV / A
2024-11-25 23:53:57.242 INFO: Epoch 28: loss=0.4231, RMSE_E=173.2 meV, RMSE_F=19.8 meV / A
2024-11-25 23:54:06.769 INFO: Epoch 30: loss=0.3922, RMSE_E=151.8 meV, RMSE_F=19.2 meV / A
2024-11-25 23:54:17.232 INFO: Epoch 32: loss=0.3602, RMSE_E=112.5 meV, RMSE_F=18.6 meV / A
2024-11-25 23:54:28.350 INFO: Epoch 34: loss=0.3469, RMSE_E=109.7 meV, RMSE_F=18.3 meV / A
2024-11-25 23:54:38.003 INFO: Epoch 36: loss=0.3145, RMSE_E=74.5 meV, RMSE_F=17.6 meV / A
2024-11-25 23:54:48.910 INFO: Epoch 38: loss=0.2869, RMSE_E=69.0 meV, RMSE_F=16.8 meV / A
2024-11-25 23:54:59.107 INFO: Epoch 40: loss=0.2523, RMSE_E=51.6 meV, RMSE_F=15.8 meV / A
2024-11-25 23:55:09.458 INFO: Epoch 42: loss=0.2308, RMSE_E=37.7 meV, RMSE_F=15.1 meV / A
2024-11-25 23:55:19.794 INFO: Epoch 44: loss=0.2123, RMSE_E=30.4 meV, RMSE_F=14.5 meV / A
2024-11-25 23:55:30.119 INFO: Epoch 46: loss=0.1967, RMSE_E=26.4 meV, RMSE_F=14.0 meV / A
2024-11-25 23:55:40.088 INFO: Epoch 48: loss=0.1811, RMSE_E=18.2 meV, RMSE_F=13.4 meV / A
2024-11-25 23:55:50.251 INFO: Epoch 50: loss=0.1711, RMSE_E=14.7 meV, RMSE_F=13.1 meV / A
2024-11-25 23:56:00.465 INFO: Epoch 52: loss=0.1634, RMSE_E=17.0 meV, RMSE_F=12.8 meV / A
2024-11-25 23:56:10.839 INFO: Epoch 54: loss=0.1557, RMSE_E=8.5 meV, RMSE_F=12.5 meV / A
2024-11-25 23:56:20.748 INFO: Epoch 56: loss=0.1479, RMSE_E=13.8 meV, RMSE_F=12.2 meV / A
2024-11-25 23:56:31.300 INFO: Epoch 58: loss=0.1404, RMSE_E=11.7 meV, RMSE_F=11.8 meV / A
2024-11-25 23:56:41.460 INFO: Epoch 60: loss=0.1335, RMSE_E=11.3 meV, RMSE_F=11.6 meV / A
2024-11-25 23:56:50.956 INFO: Epoch 62: loss=0.1279, RMSE_E=12.5 meV, RMSE_F=11.3 meV / A
2024-11-25 23:57:00.453 INFO: Epoch 64: loss=0.1224, RMSE_E=5.8 meV, RMSE_F=11.1 meV / A
2024-11-25 23:57:10.103 INFO: Epoch 66: loss=0.1168, RMSE_E=10.0 meV, RMSE_F=10.8 meV / A
2024-11-25 23:57:20.425 INFO: Epoch 68: loss=0.1126, RMSE_E=10.8 meV, RMSE_F=10.6 meV / A
2024-11-25 23:57:29.795 INFO: Epoch 70: loss=0.1090, RMSE_E=11.5 meV, RMSE_F=10.4 meV / A
2024-11-25 23:57:39.881 INFO: Epoch 72: loss=0.1046, RMSE_E=5.9 meV, RMSE_F=10.2 meV / A
2024-11-25 23:57:49.974 INFO: Epoch 74: loss=0.1018, RMSE_E=9.8 meV, RMSE_F=10.1 meV / A
2024-11-25 23:58:00.651 INFO: Epoch 76: loss=0.0984, RMSE_E=7.8 meV, RMSE_F=9.9 meV / A
2024-11-25 23:58:09.970 INFO: Epoch 78: loss=0.0952, RMSE_E=8.0 meV, RMSE_F=9.8 meV / A
2024-11-25 23:58:20.599 INFO: Epoch 80: loss=0.0920, RMSE_E=6.2 meV, RMSE_F=9.6 meV / A
2024-11-25 23:58:30.592 INFO: Epoch 82: loss=0.0896, RMSE_E=6.7 meV, RMSE_F=9.5 meV / A
2024-11-25 23:58:40.755 INFO: Epoch 84: loss=0.0869, RMSE_E=5.8 meV, RMSE_F=9.3 meV / A
2024-11-25 23:58:50.058 INFO: Epoch 86: loss=0.0845, RMSE_E=4.3 meV, RMSE_F=9.2 meV / A
2024-11-25 23:58:59.501 INFO: Epoch 88: loss=0.0821, RMSE_E=3.6 meV, RMSE_F=9.1 meV / A
2024-11-25 23:59:09.530 INFO: Epoch 90: loss=0.0798, RMSE_E=5.6 meV, RMSE_F=8.9 meV / A
2024-11-25 23:59:19.716 INFO: Epoch 92: loss=0.0777, RMSE_E=3.9 meV, RMSE_F=8.8 meV / A
2024-11-25 23:59:29.092 INFO: Epoch 94: loss=0.0756, RMSE_E=3.1 meV, RMSE_F=8.7 meV / A
2024-11-25 23:59:38.484 INFO: Epoch 96: loss=0.0740, RMSE_E=3.8 meV, RMSE_F=8.6 meV / A
2024-11-25 23:59:49.109 INFO: Epoch 98: loss=0.0723, RMSE_E=3.3 meV, RMSE_F=8.5 meV / A
2024-11-25 23:59:58.526 INFO: Epoch 100: loss=0.0710, RMSE_E=4.0 meV, RMSE_F=8.4 meV / A
2024-11-26 00:00:09.270 INFO: Epoch 102: loss=0.0692, RMSE_E=3.3 meV, RMSE_F=8.3 meV / A
2024-11-26 00:00:19.686 INFO: Epoch 104: loss=0.0680, RMSE_E=2.3 meV, RMSE_F=8.2 meV / A
2024-11-26 00:00:29.619 INFO: Epoch 106: loss=0.0667, RMSE_E=2.8 meV, RMSE_F=8.2 meV / A
2024-11-26 00:00:40.137 INFO: Epoch 108: loss=0.0653, RMSE_E=3.1 meV, RMSE_F=8.1 meV / A
2024-11-26 00:00:50.440 INFO: Epoch 110: loss=0.0635, RMSE_E=2.2 meV, RMSE_F=8.0 meV / A
2024-11-26 00:00:59.593 INFO: Epoch 112: loss=0.0621, RMSE_E=3.0 meV, RMSE_F=7.9 meV / A
2024-11-26 00:01:08.950 INFO: Epoch 114: loss=0.0608, RMSE_E=2.3 meV, RMSE_F=7.8 meV / A
2024-11-26 00:01:19.142 INFO: Epoch 116: loss=0.0593, RMSE_E=2.7 meV, RMSE_F=7.7 meV / A
2024-11-26 00:01:29.519 INFO: Epoch 118: loss=0.0582, RMSE_E=1.7 meV, RMSE_F=7.6 meV / A
2024-11-26 00:01:39.192 INFO: Epoch 120: loss=0.0569, RMSE_E=2.5 meV, RMSE_F=7.5 meV / A
2024-11-26 00:01:49.995 INFO: Epoch 122: loss=0.0556, RMSE_E=1.5 meV, RMSE_F=7.5 meV / A
2024-11-26 00:02:00.022 INFO: Epoch 124: loss=0.0546, RMSE_E=1.8 meV, RMSE_F=7.4 meV / A
2024-11-26 00:02:09.515 INFO: Epoch 126: loss=0.0534, RMSE_E=1.5 meV, RMSE_F=7.3 meV / A
2024-11-26 00:02:20.149 INFO: Epoch 128: loss=0.0524, RMSE_E=2.0 meV, RMSE_F=7.2 meV / A
2024-11-26 00:02:29.658 INFO: Epoch 130: loss=0.0514, RMSE_E=1.4 meV, RMSE_F=7.2 meV / A
2024-11-26 00:02:39.274 INFO: Epoch 132: loss=0.0507, RMSE_E=1.7 meV, RMSE_F=7.1 meV / A
2024-11-26 00:02:49.907 INFO: Epoch 134: loss=0.0504, RMSE_E=1.8 meV, RMSE_F=7.1 meV / A
2024-11-26 00:02:59.332 INFO: Epoch 136: loss=0.0498, RMSE_E=1.9 meV, RMSE_F=7.1 meV / A
2024-11-26 00:03:07.793 INFO: Epoch 138: loss=0.0492, RMSE_E=3.5 meV, RMSE_F=7.0 meV / A
2024-11-26 00:03:16.304 INFO: Epoch 140: loss=0.0486, RMSE_E=3.0 meV, RMSE_F=7.0 meV / A
2024-11-26 00:03:24.806 INFO: Epoch 142: loss=0.0478, RMSE_E=2.3 meV, RMSE_F=6.9 meV / A
2024-11-26 00:03:35.426 INFO: Epoch 144: loss=0.0472, RMSE_E=2.8 meV, RMSE_F=6.9 meV / A
2024-11-26 00:03:45.242 INFO: Epoch 146: loss=0.0465, RMSE_E=3.2 meV, RMSE_F=6.8 meV / A
2024-11-26 00:03:54.267 INFO: Epoch 148: loss=0.0457, RMSE_E=2.7 meV, RMSE_F=6.8 meV / A
2024-11-26 00:04:03.779 INFO: Epoch 150: loss=0.0450, RMSE_E=2.7 meV, RMSE_F=6.7 meV / A
2024-11-26 00:04:13.608 INFO: Epoch 152: loss=0.0442, RMSE_E=3.0 meV, RMSE_F=6.7 meV / A
2024-11-26 00:04:23.074 INFO: Epoch 154: loss=0.0436, RMSE_E=2.8 meV, RMSE_F=6.6 meV / A
2024-11-26 00:04:33.718 INFO: Epoch 156: loss=0.0428, RMSE_E=3.1 meV, RMSE_F=6.5 meV / A
2024-11-26 00:04:43.666 INFO: Epoch 158: loss=0.0421, RMSE_E=2.1 meV, RMSE_F=6.5 meV / A
2024-11-26 00:04:52.959 INFO: Epoch 160: loss=0.0414, RMSE_E=2.3 meV, RMSE_F=6.4 meV / A
2024-11-26 00:05:03.535 INFO: Epoch 162: loss=0.0406, RMSE_E=2.8 meV, RMSE_F=6.4 meV / A
2024-11-26 00:05:14.145 INFO: Epoch 164: loss=0.0398, RMSE_E=2.2 meV, RMSE_F=6.3 meV / A
2024-11-26 00:05:24.642 INFO: Epoch 166: loss=0.0392, RMSE_E=2.3 meV, RMSE_F=6.3 meV / A
2024-11-26 00:05:34.446 INFO: Epoch 168: loss=0.0386, RMSE_E=2.2 meV, RMSE_F=6.2 meV / A
2024-11-26 00:05:44.953 INFO: Epoch 170: loss=0.0380, RMSE_E=2.1 meV, RMSE_F=6.2 meV / A
2024-11-26 00:05:55.154 INFO: Epoch 172: loss=0.0375, RMSE_E=1.6 meV, RMSE_F=6.1 meV / A
2024-11-26 00:06:04.625 INFO: Epoch 174: loss=0.0369, RMSE_E=2.9 meV, RMSE_F=6.1 meV / A
2024-11-26 00:06:15.097 INFO: Epoch 176: loss=0.0364, RMSE_E=1.5 meV, RMSE_F=6.0 meV / A
2024-11-26 00:06:24.652 INFO: Epoch 178: loss=0.0360, RMSE_E=2.0 meV, RMSE_F=6.0 meV / A
2024-11-26 00:06:34.387 INFO: Epoch 180: loss=0.0358, RMSE_E=3.5 meV, RMSE_F=6.0 meV / A
2024-11-26 00:06:43.543 INFO: Epoch 182: loss=0.0355, RMSE_E=3.9 meV, RMSE_F=6.0 meV / A
2024-11-26 00:06:54.089 INFO: Epoch 184: loss=0.0354, RMSE_E=4.5 meV, RMSE_F=5.9 meV / A
2024-11-26 00:07:04.074 INFO: Epoch 186: loss=0.0351, RMSE_E=5.1 meV, RMSE_F=5.9 meV / A
2024-11-26 00:07:13.320 INFO: Epoch 188: loss=0.0349, RMSE_E=4.6 meV, RMSE_F=5.9 meV / A
2024-11-26 00:07:22.857 INFO: Epoch 190: loss=0.0348, RMSE_E=4.8 meV, RMSE_F=5.9 meV / A
2024-11-26 00:07:32.578 INFO: Epoch 192: loss=0.0346, RMSE_E=5.4 meV, RMSE_F=5.9 meV / A
2024-11-26 00:07:42.050 INFO: Epoch 194: loss=0.0342, RMSE_E=5.6 meV, RMSE_F=5.8 meV / A
2024-11-26 00:07:52.011 INFO: Epoch 196: loss=0.0338, RMSE_E=5.2 meV, RMSE_F=5.8 meV / A
2024-11-26 00:08:02.472 INFO: Epoch 198: loss=0.0334, RMSE_E=5.0 meV, RMSE_F=5.8 meV / A
2024-11-26 00:08:11.070 INFO: Epoch 200: loss=0.0330, RMSE_E=5.0 meV, RMSE_F=5.7 meV / A
2024-11-26 00:08:20.770 INFO: Epoch 202: loss=0.0325, RMSE_E=4.2 meV, RMSE_F=5.7 meV / A
2024-11-26 00:08:30.545 INFO: Epoch 204: loss=0.0321, RMSE_E=4.3 meV, RMSE_F=5.7 meV / A
2024-11-26 00:08:41.082 INFO: Epoch 206: loss=0.0317, RMSE_E=4.2 meV, RMSE_F=5.6 meV / A
2024-11-26 00:08:50.645 INFO: Epoch 208: loss=0.0313, RMSE_E=3.9 meV, RMSE_F=5.6 meV / A
2024-11-26 00:09:01.319 INFO: Epoch 210: loss=0.0309, RMSE_E=3.6 meV, RMSE_F=5.6 meV / A
2024-11-26 00:09:11.999 INFO: Epoch 212: loss=0.0306, RMSE_E=3.2 meV, RMSE_F=5.5 meV / A
2024-11-26 00:09:21.924 INFO: Epoch 214: loss=0.0302, RMSE_E=3.2 meV, RMSE_F=5.5 meV / A
2024-11-26 00:09:31.791 INFO: Epoch 216: loss=0.0298, RMSE_E=2.9 meV, RMSE_F=5.5 meV / A
2024-11-26 00:09:41.767 INFO: Epoch 218: loss=0.0294, RMSE_E=2.8 meV, RMSE_F=5.4 meV / A
2024-11-26 00:09:52.092 INFO: Epoch 220: loss=0.0291, RMSE_E=2.6 meV, RMSE_F=5.4 meV / A
2024-11-26 00:10:02.024 INFO: Epoch 222: loss=0.0288, RMSE_E=2.3 meV, RMSE_F=5.4 meV / A
2024-11-26 00:10:12.635 INFO: Epoch 224: loss=0.0285, RMSE_E=2.2 meV, RMSE_F=5.3 meV / A
2024-11-26 00:10:22.885 INFO: Epoch 226: loss=0.0282, RMSE_E=2.0 meV, RMSE_F=5.3 meV / A
2024-11-26 00:10:33.634 INFO: Epoch 228: loss=0.0278, RMSE_E=2.2 meV, RMSE_F=5.3 meV / A
2024-11-26 00:10:42.463 INFO: Epoch 230: loss=0.0275, RMSE_E=1.7 meV, RMSE_F=5.2 meV / A
2024-11-26 00:10:52.899 INFO: Epoch 232: loss=0.0272, RMSE_E=1.8 meV, RMSE_F=5.2 meV / A
2024-11-26 00:11:03.093 INFO: Epoch 234: loss=0.0269, RMSE_E=1.6 meV, RMSE_F=5.2 meV / A
2024-11-26 00:11:13.170 INFO: Epoch 236: loss=0.0267, RMSE_E=1.3 meV, RMSE_F=5.2 meV / A
2024-11-26 00:11:23.137 INFO: Epoch 238: loss=0.0264, RMSE_E=1.4 meV, RMSE_F=5.1 meV / A
2024-11-26 00:11:33.474 INFO: Epoch 240: loss=0.0262, RMSE_E=1.3 meV, RMSE_F=5.1 meV / A
2024-11-26 00:11:42.769 INFO: Epoch 242: loss=0.0259, RMSE_E=1.3 meV, RMSE_F=5.1 meV / A
2024-11-26 00:11:52.211 INFO: Epoch 244: loss=0.0257, RMSE_E=1.0 meV, RMSE_F=5.1 meV / A
2024-11-26 00:12:02.218 INFO: Epoch 246: loss=0.0254, RMSE_E=1.2 meV, RMSE_F=5.0 meV / A
2024-11-26 00:12:13.053 INFO: Epoch 248: loss=0.0252, RMSE_E=1.1 meV, RMSE_F=5.0 meV / A
2024-11-26 00:12:22.262 INFO: Epoch 250: loss=0.0250, RMSE_E=1.0 meV, RMSE_F=5.0 meV / A
2024-11-26 00:12:32.374 INFO: Epoch 252: loss=0.0248, RMSE_E=0.9 meV, RMSE_F=5.0 meV / A
2024-11-26 00:12:42.569 INFO: Epoch 254: loss=0.0246, RMSE_E=1.0 meV, RMSE_F=5.0 meV / A
2024-11-26 00:12:53.646 INFO: Epoch 256: loss=0.0243, RMSE_E=0.9 meV, RMSE_F=4.9 meV / A
2024-11-26 00:13:03.318 INFO: Epoch 258: loss=0.0241, RMSE_E=0.8 meV, RMSE_F=4.9 meV / A
2024-11-26 00:13:12.320 INFO: Epoch 260: loss=0.0239, RMSE_E=0.8 meV, RMSE_F=4.9 meV / A
2024-11-26 00:13:21.232 INFO: Epoch 262: loss=0.0238, RMSE_E=0.7 meV, RMSE_F=4.9 meV / A
2024-11-26 00:13:30.663 INFO: Epoch 264: loss=0.0236, RMSE_E=0.8 meV, RMSE_F=4.9 meV / A
2024-11-26 00:13:41.513 INFO: Epoch 266: loss=0.0234, RMSE_E=0.9 meV, RMSE_F=4.8 meV / A
2024-11-26 00:13:51.282 INFO: Epoch 268: loss=0.0233, RMSE_E=0.7 meV, RMSE_F=4.8 meV / A
2024-11-26 00:14:01.073 INFO: Epoch 270: loss=0.0231, RMSE_E=0.7 meV, RMSE_F=4.8 meV / A
2024-11-26 00:14:11.424 INFO: Epoch 272: loss=0.0229, RMSE_E=0.8 meV, RMSE_F=4.8 meV / A
2024-11-26 00:14:21.570 INFO: Epoch 274: loss=0.0227, RMSE_E=0.5 meV, RMSE_F=4.8 meV / A
2024-11-26 00:14:30.612 INFO: Epoch 276: loss=0.0226, RMSE_E=0.8 meV, RMSE_F=4.8 meV / A
2024-11-26 00:14:40.318 INFO: Epoch 278: loss=0.0225, RMSE_E=0.8 meV, RMSE_F=4.7 meV / A
2024-11-26 00:14:50.417 INFO: Epoch 280: loss=0.0222, RMSE_E=0.8 meV, RMSE_F=4.7 meV / A
2024-11-26 00:15:00.351 INFO: Epoch 282: loss=0.0221, RMSE_E=0.7 meV, RMSE_F=4.7 meV / A
2024-11-26 00:15:10.493 INFO: Epoch 284: loss=0.0220, RMSE_E=0.6 meV, RMSE_F=4.7 meV / A
2024-11-26 00:15:19.876 INFO: Epoch 286: loss=0.0219, RMSE_E=0.8 meV, RMSE_F=4.7 meV / A
2024-11-26 00:15:29.218 INFO: Epoch 288: loss=0.0217, RMSE_E=0.7 meV, RMSE_F=4.7 meV / A
2024-11-26 00:15:39.919 INFO: Epoch 290: loss=0.0215, RMSE_E=0.8 meV, RMSE_F=4.6 meV / A
2024-11-26 00:15:49.434 INFO: Epoch 292: loss=0.0214, RMSE_E=0.6 meV, RMSE_F=4.6 meV / A
2024-11-26 00:15:59.791 INFO: Epoch 294: loss=0.0212, RMSE_E=0.7 meV, RMSE_F=4.6 meV / A
2024-11-26 00:16:10.064 INFO: Epoch 296: loss=0.0211, RMSE_E=0.6 meV, RMSE_F=4.6 meV / A
2024-11-26 00:16:20.628 INFO: Epoch 298: loss=0.0210, RMSE_E=0.6 meV, RMSE_F=4.6 meV / A
2024-11-26 00:16:30.926 INFO: Epoch 300: loss=0.0208, RMSE_E=0.9 meV, RMSE_F=4.6 meV / A
2024-11-26 00:16:40.619 INFO: Epoch 302: loss=0.0207, RMSE_E=0.7 meV, RMSE_F=4.6 meV / A
2024-11-26 00:16:51.076 INFO: Epoch 304: loss=0.0207, RMSE_E=0.7 meV, RMSE_F=4.5 meV / A
2024-11-26 00:16:59.576 INFO: Epoch 306: loss=0.0206, RMSE_E=0.6 meV, RMSE_F=4.5 meV / A
2024-11-26 00:17:08.151 INFO: Epoch 308: loss=0.0205, RMSE_E=0.7 meV, RMSE_F=4.5 meV / A
2024-11-26 00:17:18.298 INFO: Epoch 310: loss=0.0203, RMSE_E=0.5 meV, RMSE_F=4.5 meV / A
2024-11-26 00:17:27.569 INFO: Epoch 312: loss=0.0202, RMSE_E=0.6 meV, RMSE_F=4.5 meV / A
2024-11-26 00:17:37.180 INFO: Epoch 314: loss=0.0201, RMSE_E=0.6 meV, RMSE_F=4.5 meV / A
2024-11-26 00:17:47.342 INFO: Epoch 316: loss=0.0199, RMSE_E=0.5 meV, RMSE_F=4.5 meV / A
2024-11-26 00:17:57.631 INFO: Epoch 318: loss=0.0198, RMSE_E=0.6 meV, RMSE_F=4.5 meV / A
2024-11-26 00:18:07.148 INFO: Epoch 320: loss=0.0197, RMSE_E=0.6 meV, RMSE_F=4.4 meV / A
2024-11-26 00:18:15.901 INFO: Epoch 322: loss=0.0196, RMSE_E=0.7 meV, RMSE_F=4.4 meV / A
2024-11-26 00:18:25.294 INFO: Epoch 324: loss=0.0195, RMSE_E=0.6 meV, RMSE_F=4.4 meV / A
2024-11-26 00:18:35.560 INFO: Epoch 326: loss=0.0194, RMSE_E=0.6 meV, RMSE_F=4.4 meV / A
2024-11-26 00:18:45.482 INFO: Epoch 328: loss=0.0193, RMSE_E=0.5 meV, RMSE_F=4.4 meV / A
2024-11-26 00:18:55.502 INFO: Epoch 330: loss=0.0192, RMSE_E=0.6 meV, RMSE_F=4.4 meV / A
2024-11-26 00:19:05.894 INFO: Epoch 332: loss=0.0191, RMSE_E=0.5 meV, RMSE_F=4.4 meV / A
2024-11-26 00:19:15.629 INFO: Epoch 334: loss=0.0190, RMSE_E=0.6 meV, RMSE_F=4.4 meV / A
2024-11-26 00:19:25.862 INFO: Epoch 336: loss=0.0189, RMSE_E=0.8 meV, RMSE_F=4.3 meV / A
2024-11-26 00:19:35.898 INFO: Epoch 338: loss=0.0188, RMSE_E=0.5 meV, RMSE_F=4.3 meV / A
2024-11-26 00:19:46.372 INFO: Epoch 340: loss=0.0187, RMSE_E=0.6 meV, RMSE_F=4.3 meV / A
2024-11-26 00:19:55.186 INFO: Epoch 342: loss=0.0186, RMSE_E=0.6 meV, RMSE_F=4.3 meV / A
2024-11-26 00:20:04.375 INFO: Epoch 344: loss=0.0186, RMSE_E=0.5 meV, RMSE_F=4.3 meV / A
2024-11-26 00:20:14.667 INFO: Epoch 346: loss=0.0185, RMSE_E=0.6 meV, RMSE_F=4.3 meV / A
2024-11-26 00:20:25.015 INFO: Epoch 348: loss=0.0184, RMSE_E=0.5 meV, RMSE_F=4.3 meV / A
2024-11-26 00:20:34.999 INFO: Epoch 350: loss=0.0184, RMSE_E=0.6 meV, RMSE_F=4.3 meV / A
2024-11-26 00:20:45.912 INFO: Epoch 352: loss=0.0183, RMSE_E=0.6 meV, RMSE_F=4.3 meV / A
2024-11-26 00:20:56.048 INFO: Epoch 354: loss=0.0182, RMSE_E=0.5 meV, RMSE_F=4.3 meV / A
2024-11-26 00:21:06.621 INFO: Epoch 356: loss=0.0181, RMSE_E=0.5 meV, RMSE_F=4.3 meV / A
2024-11-26 00:21:16.436 INFO: Epoch 358: loss=0.0180, RMSE_E=0.5 meV, RMSE_F=4.2 meV / A
2024-11-26 00:21:25.966 INFO: Epoch 360: loss=0.0179, RMSE_E=0.5 meV, RMSE_F=4.2 meV / A
2024-11-26 00:21:35.455 INFO: Epoch 362: loss=0.0178, RMSE_E=0.5 meV, RMSE_F=4.2 meV / A
2024-11-26 00:21:45.688 INFO: Epoch 364: loss=0.0178, RMSE_E=0.5 meV, RMSE_F=4.2 meV / A
2024-11-26 00:21:54.426 INFO: Epoch 366: loss=0.0177, RMSE_E=0.7 meV, RMSE_F=4.2 meV / A
2024-11-26 00:22:04.821 INFO: Epoch 368: loss=0.0177, RMSE_E=0.5 meV, RMSE_F=4.2 meV / A
2024-11-26 00:22:14.081 INFO: Epoch 370: loss=0.0176, RMSE_E=0.6 meV, RMSE_F=4.2 meV / A
2024-11-26 00:22:24.302 INFO: Epoch 372: loss=0.0175, RMSE_E=0.5 meV, RMSE_F=4.2 meV / A
2024-11-26 00:22:33.209 INFO: Epoch 374: loss=0.0175, RMSE_E=0.6 meV, RMSE_F=4.2 meV / A
2024-11-26 00:22:43.117 INFO: Epoch 376: loss=0.0174, RMSE_E=0.5 meV, RMSE_F=4.2 meV / A
2024-11-26 00:22:52.713 INFO: Epoch 378: loss=0.0173, RMSE_E=0.6 meV, RMSE_F=4.2 meV / A
2024-11-26 00:23:02.771 INFO: Epoch 380: loss=0.0172, RMSE_E=0.5 meV, RMSE_F=4.2 meV / A
2024-11-26 00:23:13.007 INFO: Epoch 382: loss=0.0172, RMSE_E=0.5 meV, RMSE_F=4.1 meV / A
2024-11-26 00:23:22.005 INFO: Epoch 384: loss=0.0171, RMSE_E=0.5 meV, RMSE_F=4.1 meV / A
2024-11-26 00:23:30.538 INFO: Epoch 386: loss=0.0171, RMSE_E=0.7 meV, RMSE_F=4.1 meV / A
2024-11-26 00:23:39.485 INFO: Epoch 388: loss=0.0170, RMSE_E=0.5 meV, RMSE_F=4.1 meV / A
2024-11-26 00:23:49.192 INFO: Epoch 390: loss=0.0169, RMSE_E=0.6 meV, RMSE_F=4.1 meV / A
2024-11-26 00:23:59.449 INFO: Epoch 392: loss=0.0168, RMSE_E=0.6 meV, RMSE_F=4.1 meV / A
2024-11-26 00:24:09.035 INFO: Epoch 394: loss=0.0167, RMSE_E=0.4 meV, RMSE_F=4.1 meV / A
2024-11-26 00:24:19.389 INFO: Epoch 396: loss=0.0167, RMSE_E=0.9 meV, RMSE_F=4.1 meV / A
2024-11-26 00:24:29.787 INFO: Epoch 398: loss=0.0166, RMSE_E=0.5 meV, RMSE_F=4.1 meV / A
2024-11-26 00:24:39.196 INFO: Epoch 400: loss=0.0165, RMSE_E=0.6 meV, RMSE_F=4.1 meV / A
2024-11-26 00:24:50.306 INFO: Epoch 402: loss=0.0164, RMSE_E=0.6 meV, RMSE_F=4.1 meV / A
2024-11-26 00:25:00.883 INFO: Epoch 404: loss=0.0164, RMSE_E=0.5 meV, RMSE_F=4.0 meV / A
2024-11-26 00:25:10.152 INFO: Epoch 406: loss=0.0163, RMSE_E=0.5 meV, RMSE_F=4.0 meV / A
2024-11-26 00:25:19.895 INFO: Epoch 408: loss=0.0162, RMSE_E=0.6 meV, RMSE_F=4.0 meV / A
2024-11-26 00:25:29.093 INFO: Epoch 410: loss=0.0161, RMSE_E=0.4 meV, RMSE_F=4.0 meV / A
2024-11-26 00:25:38.878 INFO: Epoch 412: loss=0.0161, RMSE_E=0.5 meV, RMSE_F=4.0 meV / A
2024-11-26 00:25:48.943 INFO: Epoch 414: loss=0.0160, RMSE_E=0.5 meV, RMSE_F=4.0 meV / A
2024-11-26 00:25:59.322 INFO: Epoch 416: loss=0.0160, RMSE_E=0.4 meV, RMSE_F=4.0 meV / A
2024-11-26 00:26:08.852 INFO: Epoch 418: loss=0.0159, RMSE_E=0.5 meV, RMSE_F=4.0 meV / A
2024-11-26 00:26:19.518 INFO: Epoch 420: loss=0.0159, RMSE_E=0.7 meV, RMSE_F=4.0 meV / A
2024-11-26 00:26:29.650 INFO: Epoch 422: loss=0.0158, RMSE_E=0.6 meV, RMSE_F=4.0 meV / A
2024-11-26 00:26:39.154 INFO: Epoch 424: loss=0.0157, RMSE_E=0.4 meV, RMSE_F=4.0 meV / A
2024-11-26 00:26:49.190 INFO: Epoch 426: loss=0.0157, RMSE_E=0.6 meV, RMSE_F=4.0 meV / A
2024-11-26 00:26:57.846 INFO: Epoch 428: loss=0.0156, RMSE_E=0.4 meV, RMSE_F=4.0 meV / A
2024-11-26 00:27:06.793 INFO: Epoch 430: loss=0.0156, RMSE_E=0.7 meV, RMSE_F=3.9 meV / A
2024-11-26 00:27:15.369 INFO: Epoch 432: loss=0.0155, RMSE_E=0.6 meV, RMSE_F=3.9 meV / A
2024-11-26 00:27:25.598 INFO: Epoch 434: loss=0.0155, RMSE_E=0.6 meV, RMSE_F=3.9 meV / A
2024-11-26 00:27:34.769 INFO: Epoch 436: loss=0.0154, RMSE_E=0.5 meV, RMSE_F=3.9 meV / A
2024-11-26 00:27:43.736 INFO: Epoch 438: loss=0.0154, RMSE_E=0.5 meV, RMSE_F=3.9 meV / A
2024-11-26 00:27:53.162 INFO: Epoch 440: loss=0.0153, RMSE_E=0.5 meV, RMSE_F=3.9 meV / A
2024-11-26 00:28:03.220 INFO: Epoch 442: loss=0.0153, RMSE_E=0.6 meV, RMSE_F=3.9 meV / A
2024-11-26 00:28:13.655 INFO: Epoch 444: loss=0.0152, RMSE_E=0.5 meV, RMSE_F=3.9 meV / A
2024-11-26 00:28:22.081 INFO: Epoch 446: loss=0.0152, RMSE_E=0.5 meV, RMSE_F=3.9 meV / A
2024-11-26 00:28:32.435 INFO: Epoch 448: loss=0.0151, RMSE_E=0.5 meV, RMSE_F=3.9 meV / A
2024-11-26 00:28:42.360 INFO: Epoch 450: loss=0.0151, RMSE_E=0.5 meV, RMSE_F=3.9 meV / A
2024-11-26 00:28:52.766 INFO: Epoch 452: loss=0.0151, RMSE_E=0.5 meV, RMSE_F=3.9 meV / A
2024-11-26 00:29:02.957 INFO: Epoch 454: loss=0.0150, RMSE_E=0.4 meV, RMSE_F=3.9 meV / A
2024-11-26 00:29:12.705 INFO: Epoch 456: loss=0.0150, RMSE_E=0.5 meV, RMSE_F=3.9 meV / A
2024-11-26 00:29:23.359 INFO: Epoch 458: loss=0.0150, RMSE_E=0.7 meV, RMSE_F=3.9 meV / A
2024-11-26 00:29:33.181 INFO: Epoch 460: loss=0.0149, RMSE_E=0.5 meV, RMSE_F=3.9 meV / A
2024-11-26 00:29:43.355 INFO: Epoch 462: loss=0.0149, RMSE_E=0.4 meV, RMSE_F=3.9 meV / A
2024-11-26 00:29:52.437 INFO: Epoch 464: loss=0.0149, RMSE_E=0.5 meV, RMSE_F=3.9 meV / A
2024-11-26 00:30:02.006 INFO: Epoch 466: loss=0.0148, RMSE_E=0.5 meV, RMSE_F=3.8 meV / A
2024-11-26 00:30:12.609 INFO: Epoch 468: loss=0.0148, RMSE_E=0.4 meV, RMSE_F=3.8 meV / A
2024-11-26 00:30:21.452 INFO: Epoch 470: loss=0.0147, RMSE_E=0.4 meV, RMSE_F=3.8 meV / A
2024-11-26 00:30:30.928 INFO: Epoch 472: loss=0.0147, RMSE_E=0.4 meV, RMSE_F=3.8 meV / A
2024-11-26 00:30:41.863 INFO: Epoch 474: loss=0.0146, RMSE_E=0.6 meV, RMSE_F=3.8 meV / A
2024-11-26 00:30:51.523 INFO: Epoch 476: loss=0.0146, RMSE_E=0.5 meV, RMSE_F=3.8 meV / A
2024-11-26 00:31:01.087 INFO: Epoch 478: loss=0.0146, RMSE_E=0.5 meV, RMSE_F=3.8 meV / A
2024-11-26 00:31:11.003 INFO: Epoch 480: loss=0.0145, RMSE_E=0.5 meV, RMSE_F=3.8 meV / A
2024-11-26 00:31:21.141 INFO: Epoch 482: loss=0.0145, RMSE_E=0.5 meV, RMSE_F=3.8 meV / A
2024-11-26 00:31:31.038 INFO: Epoch 484: loss=0.0145, RMSE_E=0.5 meV, RMSE_F=3.8 meV / A
2024-11-26 00:31:40.849 INFO: Epoch 486: loss=0.0145, RMSE_E=0.5 meV, RMSE_F=3.8 meV / A
2024-11-26 00:31:50.724 INFO: Epoch 488: loss=0.0144, RMSE_E=0.5 meV, RMSE_F=3.8 meV / A
2024-11-26 00:32:00.980 INFO: Epoch 490: loss=0.0144, RMSE_E=0.6 meV, RMSE_F=3.8 meV / A
2024-11-26 00:32:10.169 INFO: Epoch 492: loss=0.0143, RMSE_E=0.4 meV, RMSE_F=3.8 meV / A
2024-11-26 00:32:19.732 INFO: Epoch 494: loss=0.0143, RMSE_E=0.5 meV, RMSE_F=3.8 meV / A
2024-11-26 00:32:30.251 INFO: Epoch 496: loss=0.0142, RMSE_E=0.5 meV, RMSE_F=3.8 meV / A
2024-11-26 00:32:39.553 INFO: Epoch 498: loss=0.0142, RMSE_E=0.5 meV, RMSE_F=3.8 meV / A
2024-11-26 00:32:41.667 INFO: Training complete
2024-11-26 00:32:41.667 INFO: Computing metrics for training, validation, and test sets
2024-11-26 00:32:41.669 INFO: Loading checkpoint: checkpoints/benzene_run-123_epoch-498.pt
2024-11-26 00:32:42.262 INFO: Loaded model from epoch 498
2024-11-26 00:32:42.263 INFO: Evaluating train ...
2024-11-26 00:32:42.611 INFO: Evaluating valid ...
2024-11-26 00:32:49.591 INFO: 
+-------------+--------------+------------------+-------------------+
| config_type | RMSE E / meV | RMSE F / meV / A | relative F RMSE % |
+-------------+--------------+------------------+-------------------+
|    train    |     0.3      |       2.2        |        0.24       |
|    valid    |     0.5      |       3.8        |        0.41       |
+-------------+--------------+------------------+-------------------+
2024-11-26 00:32:49.592 INFO: Saving model to checkpoints/benzene_run-123.model
2024-11-26 00:32:50.286 INFO: Compiling model, saving metadata to benzene_compiled.model
2024-11-26 00:32:51.524 INFO: Done
