2024-06-29 23:17:25.539 INFO: MACE version: 0.3.5
2024-06-29 23:17:25.540 INFO: Configuration: Namespace(config=None, name='AcAc', seed=123, log_dir='logs', model_dir='.', checkpoints_dir='checkpoints', results_dir='results', downloads_dir='downloads', device='cuda', default_dtype='float64', distributed=False, log_level='INFO', error_table='TotalRMSE', model='ScaleShiftMACE', r_max=5.0, radial_type='bessel', num_radial_basis=8, num_cutoff_basis=5, pair_repulsion=False, distance_transform='None', interaction='RealAgnosticResidualInteractionBlock', interaction_first='RealAgnosticResidualInteractionBlock', max_ell=3, correlation=3, num_interactions=2, MLP_irreps='16x0e', radial_MLP='[64, 64, 64]', hidden_irreps='128x0e + 128x1o', num_channels=256, max_L=2, gate='silu', scaling='rms_forces_scaling', avg_num_neighbors=1, compute_avg_num_neighbors=True, compute_stress=False, compute_forces=True, train_file='./dataset/train_300K.xyz', valid_file=None, valid_fraction=0.1, test_file='./dataset/test_MD_300K.xyz', test_dir=None, multi_processed_test=False, num_workers=0, pin_memory=True, atomic_numbers=None, mean=None, std=None, statistics_file=None, E0s='{1:-13.568422178253735, 6:-1026.8538996116154, 8:-2037.796869412825}', keep_isolated_atoms=False, energy_key='energy', forces_key='forces', virials_key='virials', stress_key='stress', dipole_key='dipole', charges_key='charges', loss='ef', forces_weight=1000.0, swa_forces_weight=100.0, energy_weight=1.0, swa_energy_weight=1000.0, virials_weight=1.0, swa_virials_weight=10.0, stress_weight=1.0, swa_stress_weight=10.0, dipole_weight=1.0, swa_dipole_weight=1.0, config_type_weights='{"Default":1.0}', huber_delta=0.01, optimizer='adam', beta=0.9, batch_size=5, valid_batch_size=5, lr=0.01, swa_lr=0.001, weight_decay=5e-07, amsgrad=True, scheduler='ReduceLROnPlateau', lr_factor=0.8, scheduler_patience=50, lr_scheduler_gamma=0.9993, swa=False, start_swa=None, ema=True, ema_decay=0.99, max_num_epochs=1500, patience=2048, foundation_model=None, foundation_model_readout=True, eval_interval=2, keep_checkpoints=False, save_all_checkpoints=False, restart_latest=False, save_cpu=False, clip_grad=10.0, wandb=False, wandb_dir=None, wandb_project='', wandb_entity='', wandb_name='', wandb_log_hypers=['num_channels', 'max_L', 'correlation', 'lr', 'swa_lr', 'weight_decay', 'batch_size', 'max_num_epochs', 'start_swa', 'energy_weight', 'forces_weight'])
2024-06-29 23:17:25.762 INFO: CUDA version: 11.8, CUDA device: 0
2024-06-29 23:17:25.911 INFO: Error accessing Git repository: /gpfs/home/whuustcgroup/qxming/work/mace/model/AcAc
2024-06-29 23:17:26.053 INFO: Since ASE version 3.23.0b1, using energy_key 'energy' is no longer safe when communicating between MACE and ASE. We recommend using a different key, rewriting energies to 'REF_energy'. You need to use --energy_key='REF_energy', to tell the key name chosen.
2024-06-29 23:17:26.108 INFO: Since ASE version 3.23.0b1, using forces_key 'forces' is no longer safe when communicating between MACE and ASE. We recommend using a different key, rewriting energies to 'REF_forces'. You need to use --forces_key='REF_forces', to tell the key name chosen.
2024-06-29 23:17:26.164 INFO: Since ASE version 3.23.0b1, using stress_key 'stress' is no longer safe when communicating between MACE and ASE. We recommend using a different key, rewriting energies to 'REF_stress'. You need to use --stress_key='REF_stress', to tell the key name chosen.
2024-06-29 23:17:26.172 INFO: Loaded 500 training configurations from './dataset/train_300K.xyz'
2024-06-29 23:17:26.172 INFO: Using random 10.0% of training set for validation
2024-06-29 23:17:26.334 INFO: Since ASE version 3.23.0b1, using energy_key 'energy' is no longer safe when communicating between MACE and ASE. We recommend using a different key, rewriting energies to 'REF_energy'. You need to use --energy_key='REF_energy', to tell the key name chosen.
2024-06-29 23:17:26.404 INFO: Since ASE version 3.23.0b1, using forces_key 'forces' is no longer safe when communicating between MACE and ASE. We recommend using a different key, rewriting energies to 'REF_forces'. You need to use --forces_key='REF_forces', to tell the key name chosen.
2024-06-29 23:17:26.478 INFO: Since ASE version 3.23.0b1, using stress_key 'stress' is no longer safe when communicating between MACE and ASE. We recommend using a different key, rewriting energies to 'REF_stress'. You need to use --stress_key='REF_stress', to tell the key name chosen.
2024-06-29 23:17:26.489 INFO: Loaded 650 test configurations from './dataset/test_MD_300K.xyz'
2024-06-29 23:17:26.489 INFO: Total number of configurations: train=450, valid=50, tests=[300K_MD: 650]
2024-06-29 23:17:26.490 INFO: AtomicNumberTable: (1, 6, 8)
2024-06-29 23:17:26.490 INFO: Atomic Energies not in training file, using command line argument E0s
2024-06-29 23:17:26.490 INFO: Atomic energies: [-13.568422178253735, -1026.8538996116154, -2037.796869412825]
2024-06-29 23:17:26.771 INFO: EnergyForcesLoss(energy_weight=1.000, forces_weight=1000.000)
2024-06-29 23:17:28.240 INFO: Average number of neighbors: 12.133333333333333
2024-06-29 23:17:28.240 INFO: Selected the following outputs: {'energy': True, 'forces': True, 'virials': False, 'stress': False, 'dipoles': False}
2024-06-29 23:17:28.370 INFO: Building model
2024-06-29 23:17:28.374 INFO: Hidden irreps: 256x0e+256x1o+256x2e
2024-06-29 23:17:29.939 INFO: ScaleShiftMACE(
  (node_embedding): LinearNodeEmbeddingBlock(
    (linear): Linear(3x0e -> 256x0e | 768 weights)
  )
  (radial_embedding): RadialEmbeddingBlock(
    (bessel_fn): BesselBasis(r_max=5.0, num_basis=8, trainable=False)
    (cutoff_fn): PolynomialCutoff(p=5.0, r_max=5.0)
  )
  (spherical_harmonics): SphericalHarmonics()
  (atomic_energies_fn): AtomicEnergiesBlock(energies=[-13.5684, -1026.8539, -2037.7969])
  (interactions): ModuleList(
    (0): RealAgnosticResidualInteractionBlock(
      (linear_up): Linear(256x0e -> 256x0e | 65536 weights)
      (conv_tp): TensorProduct(256x0e x 1x0e+1x1o+1x2e+1x3o -> 256x0e+256x1o+256x2e+256x3o | 1024 paths | 1024 weights)
      (conv_tp_weights): FullyConnectedNet[8, 64, 64, 64, 1024]
      (linear): Linear(256x0e+256x1o+256x2e+256x3o -> 256x0e+256x1o+256x2e+256x3o | 262144 weights)
      (skip_tp): FullyConnectedTensorProduct(256x0e x 3x0e -> 256x0e+256x1o+256x2e | 196608 paths | 196608 weights)
      (reshape): reshape_irreps()
    )
    (1): RealAgnosticResidualInteractionBlock(
      (linear_up): Linear(256x0e+256x1o+256x2e -> 256x0e+256x1o+256x2e | 196608 weights)
      (conv_tp): TensorProduct(256x0e+256x1o+256x2e x 1x0e+1x1o+1x2e+1x3o -> 768x0e+1280x1o+1280x2e+1024x3o | 4352 paths | 4352 weights)
      (conv_tp_weights): FullyConnectedNet[8, 64, 64, 64, 4352]
      (linear): Linear(768x0e+1280x1o+1280x2e+1024x3o -> 256x0e+256x1o+256x2e+256x3o | 1114112 weights)
      (skip_tp): FullyConnectedTensorProduct(256x0e+256x1o+256x2e x 3x0e -> 256x0e | 196608 paths | 196608 weights)
      (reshape): reshape_irreps()
    )
  )
  (products): ModuleList(
    (0): EquivariantProductBasisBlock(
      (symmetric_contractions): SymmetricContraction(
        (contractions): ModuleList(
          (0): Contraction(
            (contractions_weighting): ModuleList(
              (0-1): 2 x GraphModule()
            )
            (contractions_features): ModuleList(
              (0-1): 2 x GraphModule()
            )
            (weights): ParameterList(
                (0): Parameter containing: [torch.float64 of size 3x4x256 (cuda:0)]
                (1): Parameter containing: [torch.float64 of size 3x1x256 (cuda:0)]
            )
            (graph_opt_main): GraphModule()
          )
          (1): Contraction(
            (contractions_weighting): ModuleList(
              (0-1): 2 x GraphModule()
            )
            (contractions_features): ModuleList(
              (0-1): 2 x GraphModule()
            )
            (weights): ParameterList(
                (0): Parameter containing: [torch.float64 of size 3x6x256 (cuda:0)]
                (1): Parameter containing: [torch.float64 of size 3x1x256 (cuda:0)]
            )
            (graph_opt_main): GraphModule()
          )
          (2): Contraction(
            (contractions_weighting): ModuleList(
              (0-1): 2 x GraphModule()
            )
            (contractions_features): ModuleList(
              (0-1): 2 x GraphModule()
            )
            (weights): ParameterList(
                (0): Parameter containing: [torch.float64 of size 3x7x256 (cuda:0)]
                (1): Parameter containing: [torch.float64 of size 3x1x256 (cuda:0)]
            )
            (graph_opt_main): GraphModule()
          )
        )
      )
      (linear): Linear(256x0e+256x1o+256x2e -> 256x0e+256x1o+256x2e | 196608 weights)
    )
    (1): EquivariantProductBasisBlock(
      (symmetric_contractions): SymmetricContraction(
        (contractions): ModuleList(
          (0): Contraction(
            (contractions_weighting): ModuleList(
              (0-1): 2 x GraphModule()
            )
            (contractions_features): ModuleList(
              (0-1): 2 x GraphModule()
            )
            (weights): ParameterList(
                (0): Parameter containing: [torch.float64 of size 3x4x256 (cuda:0)]
                (1): Parameter containing: [torch.float64 of size 3x1x256 (cuda:0)]
            )
            (graph_opt_main): GraphModule()
          )
        )
      )
      (linear): Linear(256x0e -> 256x0e | 65536 weights)
    )
  )
  (readouts): ModuleList(
    (0): LinearReadoutBlock(
      (linear): Linear(256x0e+256x1o+256x2e -> 1x0e | 256 weights)
    )
    (1): NonLinearReadoutBlock(
      (linear_1): Linear(256x0e -> 16x0e | 4096 weights)
      (non_linearity): Activation [x] (16x0e -> 16x0e)
      (linear_2): Linear(16x0e -> 1x0e | 16 weights)
    )
  )
  (scale_shift): ScaleShiftBlock(scale=1.053388, shift=-4.864996)
)
2024-06-29 23:17:29.941 INFO: Number of parameters: 2803984
2024-06-29 23:17:29.941 INFO: Optimizer: Adam (
Parameter Group 0
    amsgrad: True
    betas: (0.9, 0.999)
    capturable: False
    differentiable: False
    eps: 1e-08
    foreach: None
    fused: None
    lr: 0.01
    maximize: False
    name: embedding
    weight_decay: 0.0

Parameter Group 1
    amsgrad: True
    betas: (0.9, 0.999)
    capturable: False
    differentiable: False
    eps: 1e-08
    foreach: None
    fused: None
    lr: 0.01
    maximize: False
    name: interactions_decay
    weight_decay: 5e-07

Parameter Group 2
    amsgrad: True
    betas: (0.9, 0.999)
    capturable: False
    differentiable: False
    eps: 1e-08
    foreach: None
    fused: None
    lr: 0.01
    maximize: False
    name: interactions_no_decay
    weight_decay: 0.0

Parameter Group 3
    amsgrad: True
    betas: (0.9, 0.999)
    capturable: False
    differentiable: False
    eps: 1e-08
    foreach: None
    fused: None
    lr: 0.01
    maximize: False
    name: products
    weight_decay: 5e-07

Parameter Group 4
    amsgrad: True
    betas: (0.9, 0.999)
    capturable: False
    differentiable: False
    eps: 1e-08
    foreach: None
    fused: None
    lr: 0.01
    maximize: False
    name: readouts
    weight_decay: 0.0
)
2024-06-29 23:17:29.941 INFO: Using gradient clipping with tolerance=10.000
2024-06-29 23:17:29.941 INFO: Started training
2024-06-29 23:17:37.695 INFO: Epoch None: loss=1061.3917, RMSE_E=629.5 meV, RMSE_F=1030.0 meV / A
2024-06-29 23:17:56.366 INFO: Epoch 0: loss=55.9625, RMSE_E=171.0 meV, RMSE_F=236.5 meV / A
2024-06-29 23:18:12.693 INFO: Epoch 2: loss=7.8275, RMSE_E=57.8 meV, RMSE_F=88.5 meV / A
2024-06-29 23:18:28.947 INFO: Epoch 4: loss=4.7082, RMSE_E=32.4 meV, RMSE_F=68.6 meV / A
2024-06-29 23:18:45.281 INFO: Epoch 6: loss=3.0525, RMSE_E=14.3 meV, RMSE_F=55.2 meV / A
2024-06-29 23:19:01.660 INFO: Epoch 8: loss=2.3135, RMSE_E=14.7 meV, RMSE_F=48.1 meV / A
2024-06-29 23:19:17.949 INFO: Epoch 10: loss=1.7463, RMSE_E=20.6 meV, RMSE_F=41.8 meV / A
2024-06-29 23:19:34.180 INFO: Epoch 12: loss=1.3233, RMSE_E=33.0 meV, RMSE_F=36.4 meV / A
2024-06-29 23:19:50.368 INFO: Epoch 14: loss=1.2531, RMSE_E=10.8 meV, RMSE_F=35.4 meV / A
2024-06-29 23:20:06.660 INFO: Epoch 16: loss=0.9971, RMSE_E=13.9 meV, RMSE_F=31.6 meV / A
2024-06-29 23:20:22.912 INFO: Epoch 18: loss=0.8084, RMSE_E=27.3 meV, RMSE_F=28.4 meV / A
2024-06-29 23:20:39.210 INFO: Epoch 20: loss=0.7645, RMSE_E=17.6 meV, RMSE_F=27.6 meV / A
2024-06-29 23:20:55.500 INFO: Epoch 22: loss=0.6506, RMSE_E=18.7 meV, RMSE_F=25.5 meV / A
2024-06-29 23:21:11.712 INFO: Epoch 24: loss=0.5735, RMSE_E=31.7 meV, RMSE_F=23.9 meV / A
2024-06-29 23:21:28.054 INFO: Epoch 26: loss=0.5179, RMSE_E=6.3 meV, RMSE_F=22.8 meV / A
2024-06-29 23:21:44.142 INFO: Epoch 28: loss=0.4788, RMSE_E=5.8 meV, RMSE_F=21.9 meV / A
2024-06-29 23:22:00.363 INFO: Epoch 30: loss=0.4592, RMSE_E=29.7 meV, RMSE_F=21.4 meV / A
2024-06-29 23:22:16.617 INFO: Epoch 32: loss=0.4194, RMSE_E=9.3 meV, RMSE_F=20.5 meV / A
2024-06-29 23:22:32.919 INFO: Epoch 34: loss=0.4151, RMSE_E=6.1 meV, RMSE_F=20.4 meV / A
2024-06-29 23:22:49.217 INFO: Epoch 36: loss=0.3950, RMSE_E=5.8 meV, RMSE_F=19.9 meV / A
2024-06-29 23:23:05.486 INFO: Epoch 38: loss=0.3710, RMSE_E=9.4 meV, RMSE_F=19.3 meV / A
2024-06-29 23:23:21.845 INFO: Epoch 40: loss=0.3719, RMSE_E=6.2 meV, RMSE_F=19.3 meV / A
2024-06-29 23:23:38.064 INFO: Epoch 42: loss=0.3434, RMSE_E=6.1 meV, RMSE_F=18.5 meV / A
2024-06-29 23:23:54.228 INFO: Epoch 44: loss=0.3181, RMSE_E=9.8 meV, RMSE_F=17.8 meV / A
2024-06-29 23:24:10.436 INFO: Epoch 46: loss=0.3178, RMSE_E=3.7 meV, RMSE_F=17.8 meV / A
2024-06-29 23:24:26.681 INFO: Epoch 48: loss=0.3043, RMSE_E=4.0 meV, RMSE_F=17.4 meV / A
2024-06-29 23:24:42.955 INFO: Epoch 50: loss=0.3058, RMSE_E=3.9 meV, RMSE_F=17.5 meV / A
2024-06-29 23:24:59.221 INFO: Epoch 52: loss=0.2852, RMSE_E=3.7 meV, RMSE_F=16.9 meV / A
2024-06-29 23:25:15.512 INFO: Epoch 54: loss=0.3064, RMSE_E=4.0 meV, RMSE_F=17.5 meV / A
2024-06-29 23:25:31.770 INFO: Epoch 56: loss=0.3036, RMSE_E=4.2 meV, RMSE_F=17.4 meV / A
2024-06-29 23:25:47.900 INFO: Epoch 58: loss=0.2725, RMSE_E=4.1 meV, RMSE_F=16.5 meV / A
2024-06-29 23:26:04.153 INFO: Epoch 60: loss=0.2801, RMSE_E=3.7 meV, RMSE_F=16.7 meV / A
2024-06-29 23:26:20.353 INFO: Epoch 62: loss=0.2696, RMSE_E=4.3 meV, RMSE_F=16.4 meV / A
2024-06-29 23:26:36.680 INFO: Epoch 64: loss=0.2662, RMSE_E=3.4 meV, RMSE_F=16.3 meV / A
2024-06-29 23:26:52.968 INFO: Epoch 66: loss=0.2605, RMSE_E=3.0 meV, RMSE_F=16.1 meV / A
2024-06-29 23:27:09.303 INFO: Epoch 68: loss=0.2525, RMSE_E=5.9 meV, RMSE_F=15.9 meV / A
2024-06-29 23:27:25.731 INFO: Epoch 70: loss=0.2584, RMSE_E=5.2 meV, RMSE_F=16.1 meV / A
2024-06-29 23:27:41.889 INFO: Epoch 72: loss=0.2243, RMSE_E=6.6 meV, RMSE_F=15.0 meV / A
2024-06-29 23:27:58.136 INFO: Epoch 74: loss=0.2039, RMSE_E=2.9 meV, RMSE_F=14.3 meV / A
2024-06-29 23:28:14.452 INFO: Epoch 76: loss=0.2188, RMSE_E=6.0 meV, RMSE_F=14.8 meV / A
2024-06-29 23:28:30.672 INFO: Epoch 78: loss=0.2040, RMSE_E=5.3 meV, RMSE_F=14.3 meV / A
2024-06-29 23:28:46.778 INFO: Epoch 80: loss=0.2045, RMSE_E=2.7 meV, RMSE_F=14.3 meV / A
2024-06-29 23:29:03.024 INFO: Epoch 82: loss=0.1970, RMSE_E=4.0 meV, RMSE_F=14.0 meV / A
2024-06-29 23:29:19.464 INFO: Epoch 84: loss=0.2127, RMSE_E=8.1 meV, RMSE_F=14.6 meV / A
2024-06-29 23:29:35.628 INFO: Epoch 86: loss=0.2004, RMSE_E=2.5 meV, RMSE_F=14.2 meV / A
2024-06-29 23:29:51.924 INFO: Epoch 88: loss=0.2010, RMSE_E=12.4 meV, RMSE_F=14.2 meV / A
2024-06-29 23:30:08.229 INFO: Epoch 90: loss=0.2047, RMSE_E=3.1 meV, RMSE_F=14.3 meV / A
2024-06-29 23:30:24.402 INFO: Epoch 92: loss=0.1937, RMSE_E=2.4 meV, RMSE_F=13.9 meV / A
2024-06-29 23:30:40.680 INFO: Epoch 94: loss=0.1726, RMSE_E=2.5 meV, RMSE_F=13.1 meV / A
2024-06-29 23:30:56.956 INFO: Epoch 96: loss=0.1865, RMSE_E=2.4 meV, RMSE_F=13.7 meV / A
2024-06-29 23:31:13.226 INFO: Epoch 98: loss=0.1838, RMSE_E=2.4 meV, RMSE_F=13.6 meV / A
2024-06-29 23:31:29.488 INFO: Epoch 100: loss=0.1773, RMSE_E=3.3 meV, RMSE_F=13.3 meV / A
2024-06-29 23:31:45.773 INFO: Epoch 102: loss=0.1735, RMSE_E=2.4 meV, RMSE_F=13.2 meV / A
2024-06-29 23:32:02.063 INFO: Epoch 104: loss=0.1701, RMSE_E=3.6 meV, RMSE_F=13.0 meV / A
2024-06-29 23:32:18.434 INFO: Epoch 106: loss=0.1733, RMSE_E=6.7 meV, RMSE_F=13.2 meV / A
2024-06-29 23:32:34.740 INFO: Epoch 108: loss=0.1738, RMSE_E=3.9 meV, RMSE_F=13.2 meV / A
2024-06-29 23:32:50.956 INFO: Epoch 110: loss=0.1636, RMSE_E=2.1 meV, RMSE_F=12.8 meV / A
2024-06-29 23:33:07.216 INFO: Epoch 112: loss=0.1544, RMSE_E=3.0 meV, RMSE_F=12.4 meV / A
2024-06-29 23:33:23.450 INFO: Epoch 114: loss=0.1546, RMSE_E=2.0 meV, RMSE_F=12.4 meV / A
2024-06-29 23:33:39.672 INFO: Epoch 116: loss=0.1469, RMSE_E=3.4 meV, RMSE_F=12.1 meV / A
2024-06-29 23:33:55.887 INFO: Epoch 118: loss=0.1577, RMSE_E=2.5 meV, RMSE_F=12.6 meV / A
2024-06-29 23:34:12.076 INFO: Epoch 120: loss=0.1544, RMSE_E=2.6 meV, RMSE_F=12.4 meV / A
2024-06-29 23:34:28.281 INFO: Epoch 122: loss=0.1538, RMSE_E=6.9 meV, RMSE_F=12.4 meV / A
2024-06-29 23:34:44.554 INFO: Epoch 124: loss=0.1478, RMSE_E=2.7 meV, RMSE_F=12.2 meV / A
2024-06-29 23:35:00.809 INFO: Epoch 126: loss=0.1434, RMSE_E=2.5 meV, RMSE_F=12.0 meV / A
2024-06-29 23:35:17.082 INFO: Epoch 128: loss=0.1451, RMSE_E=2.0 meV, RMSE_F=12.0 meV / A
2024-06-29 23:35:33.138 INFO: Epoch 130: loss=0.1345, RMSE_E=4.7 meV, RMSE_F=11.6 meV / A
2024-06-29 23:35:49.368 INFO: Epoch 132: loss=0.1494, RMSE_E=1.8 meV, RMSE_F=12.2 meV / A
2024-06-29 23:36:05.552 INFO: Epoch 134: loss=0.1373, RMSE_E=5.2 meV, RMSE_F=11.7 meV / A
2024-06-29 23:36:21.789 INFO: Epoch 136: loss=0.1526, RMSE_E=2.0 meV, RMSE_F=12.4 meV / A
2024-06-29 23:36:37.952 INFO: Epoch 138: loss=0.1495, RMSE_E=2.7 meV, RMSE_F=12.2 meV / A
2024-06-29 23:36:54.204 INFO: Epoch 140: loss=0.1324, RMSE_E=3.4 meV, RMSE_F=11.5 meV / A
2024-06-29 23:37:10.536 INFO: Epoch 142: loss=0.1281, RMSE_E=2.4 meV, RMSE_F=11.3 meV / A
2024-06-29 23:37:26.810 INFO: Epoch 144: loss=0.1306, RMSE_E=3.3 meV, RMSE_F=11.4 meV / A
2024-06-29 23:37:43.029 INFO: Epoch 146: loss=0.1300, RMSE_E=5.0 meV, RMSE_F=11.4 meV / A
2024-06-29 23:37:59.267 INFO: Epoch 148: loss=0.1373, RMSE_E=2.2 meV, RMSE_F=11.7 meV / A
2024-06-29 23:38:15.429 INFO: Epoch 150: loss=0.1256, RMSE_E=1.9 meV, RMSE_F=11.2 meV / A
2024-06-29 23:38:31.663 INFO: Epoch 152: loss=0.1290, RMSE_E=2.8 meV, RMSE_F=11.4 meV / A
2024-06-29 23:38:47.874 INFO: Epoch 154: loss=0.1177, RMSE_E=2.5 meV, RMSE_F=10.8 meV / A
2024-06-29 23:39:04.037 INFO: Epoch 156: loss=0.1232, RMSE_E=2.0 meV, RMSE_F=11.1 meV / A
2024-06-29 23:39:20.218 INFO: Epoch 158: loss=0.1209, RMSE_E=10.0 meV, RMSE_F=11.0 meV / A
2024-06-29 23:39:36.377 INFO: Epoch 160: loss=0.1218, RMSE_E=2.2 meV, RMSE_F=11.0 meV / A
2024-06-29 23:39:52.580 INFO: Epoch 162: loss=0.1193, RMSE_E=3.6 meV, RMSE_F=10.9 meV / A
2024-06-29 23:40:08.837 INFO: Epoch 164: loss=0.1262, RMSE_E=2.2 meV, RMSE_F=11.2 meV / A
2024-06-29 23:40:25.076 INFO: Epoch 166: loss=0.1269, RMSE_E=4.7 meV, RMSE_F=11.3 meV / A
2024-06-29 23:40:41.261 INFO: Epoch 168: loss=0.1262, RMSE_E=1.7 meV, RMSE_F=11.2 meV / A
2024-06-29 23:40:57.518 INFO: Epoch 170: loss=0.1220, RMSE_E=5.1 meV, RMSE_F=11.0 meV / A
2024-06-29 23:41:13.738 INFO: Epoch 172: loss=0.1122, RMSE_E=2.6 meV, RMSE_F=10.6 meV / A
2024-06-29 23:41:30.059 INFO: Epoch 174: loss=0.1239, RMSE_E=2.1 meV, RMSE_F=11.1 meV / A
2024-06-29 23:41:46.268 INFO: Epoch 176: loss=0.1181, RMSE_E=2.1 meV, RMSE_F=10.9 meV / A
2024-06-29 23:42:02.505 INFO: Epoch 178: loss=0.1180, RMSE_E=1.8 meV, RMSE_F=10.9 meV / A
2024-06-29 23:42:18.760 INFO: Epoch 180: loss=0.1150, RMSE_E=1.6 meV, RMSE_F=10.7 meV / A
2024-06-29 23:42:34.985 INFO: Epoch 182: loss=0.1089, RMSE_E=4.0 meV, RMSE_F=10.4 meV / A
2024-06-29 23:42:51.420 INFO: Epoch 184: loss=0.1028, RMSE_E=2.2 meV, RMSE_F=10.1 meV / A
2024-06-29 23:43:07.615 INFO: Epoch 186: loss=0.0999, RMSE_E=6.3 meV, RMSE_F=10.0 meV / A
2024-06-29 23:43:23.934 INFO: Epoch 188: loss=0.1007, RMSE_E=2.1 meV, RMSE_F=10.0 meV / A
2024-06-29 23:43:40.192 INFO: Epoch 190: loss=0.1074, RMSE_E=2.1 meV, RMSE_F=10.4 meV / A
2024-06-29 23:43:56.387 INFO: Epoch 192: loss=0.0977, RMSE_E=1.6 meV, RMSE_F=9.9 meV / A
2024-06-29 23:44:12.691 INFO: Epoch 194: loss=0.1046, RMSE_E=1.5 meV, RMSE_F=10.2 meV / A
2024-06-29 23:44:28.978 INFO: Epoch 196: loss=0.1101, RMSE_E=2.0 meV, RMSE_F=10.5 meV / A
2024-06-29 23:44:45.256 INFO: Epoch 198: loss=0.1044, RMSE_E=2.9 meV, RMSE_F=10.2 meV / A
2024-06-29 23:45:01.540 INFO: Epoch 200: loss=0.0928, RMSE_E=2.2 meV, RMSE_F=9.6 meV / A
2024-06-29 23:45:17.872 INFO: Epoch 202: loss=0.1040, RMSE_E=1.3 meV, RMSE_F=10.2 meV / A
2024-06-29 23:45:34.228 INFO: Epoch 204: loss=0.0986, RMSE_E=1.5 meV, RMSE_F=9.9 meV / A
2024-06-29 23:45:50.422 INFO: Epoch 206: loss=0.1006, RMSE_E=1.9 meV, RMSE_F=10.0 meV / A
2024-06-29 23:46:06.545 INFO: Epoch 208: loss=0.0990, RMSE_E=4.5 meV, RMSE_F=9.9 meV / A
2024-06-29 23:46:22.767 INFO: Epoch 210: loss=0.0911, RMSE_E=2.1 meV, RMSE_F=9.5 meV / A
2024-06-29 23:46:39.096 INFO: Epoch 212: loss=0.0890, RMSE_E=1.4 meV, RMSE_F=9.4 meV / A
2024-06-29 23:46:55.401 INFO: Epoch 214: loss=0.0915, RMSE_E=1.7 meV, RMSE_F=9.6 meV / A
2024-06-29 23:47:11.670 INFO: Epoch 216: loss=0.0905, RMSE_E=2.8 meV, RMSE_F=9.5 meV / A
2024-06-29 23:47:27.964 INFO: Epoch 218: loss=0.1009, RMSE_E=2.2 meV, RMSE_F=10.0 meV / A
2024-06-29 23:47:44.311 INFO: Epoch 220: loss=0.1032, RMSE_E=3.2 meV, RMSE_F=10.2 meV / A
2024-06-29 23:48:00.645 INFO: Epoch 222: loss=0.0897, RMSE_E=3.0 meV, RMSE_F=9.5 meV / A
2024-06-29 23:48:16.936 INFO: Epoch 224: loss=0.0884, RMSE_E=1.7 meV, RMSE_F=9.4 meV / A
2024-06-29 23:48:33.282 INFO: Epoch 226: loss=0.0943, RMSE_E=2.7 meV, RMSE_F=9.7 meV / A
2024-06-29 23:48:49.447 INFO: Epoch 228: loss=0.0871, RMSE_E=1.7 meV, RMSE_F=9.3 meV / A
2024-06-29 23:49:05.744 INFO: Epoch 230: loss=0.0917, RMSE_E=1.3 meV, RMSE_F=9.6 meV / A
2024-06-29 23:49:22.006 INFO: Epoch 232: loss=0.0908, RMSE_E=2.2 meV, RMSE_F=9.5 meV / A
2024-06-29 23:49:38.203 INFO: Epoch 234: loss=0.0881, RMSE_E=1.3 meV, RMSE_F=9.4 meV / A
2024-06-29 23:49:54.480 INFO: Epoch 236: loss=0.0917, RMSE_E=1.7 meV, RMSE_F=9.6 meV / A
2024-06-29 23:50:10.794 INFO: Epoch 238: loss=0.0837, RMSE_E=2.7 meV, RMSE_F=9.1 meV / A
2024-06-29 23:50:27.064 INFO: Epoch 240: loss=0.0847, RMSE_E=1.3 meV, RMSE_F=9.2 meV / A
2024-06-29 23:50:43.272 INFO: Epoch 242: loss=0.0847, RMSE_E=3.0 meV, RMSE_F=9.2 meV / A
2024-06-29 23:50:59.491 INFO: Epoch 244: loss=0.0788, RMSE_E=2.1 meV, RMSE_F=8.9 meV / A
2024-06-29 23:51:15.773 INFO: Epoch 246: loss=0.0853, RMSE_E=1.6 meV, RMSE_F=9.2 meV / A
2024-06-29 23:51:31.965 INFO: Epoch 248: loss=0.0789, RMSE_E=3.0 meV, RMSE_F=8.9 meV / A
2024-06-29 23:51:48.249 INFO: Epoch 250: loss=0.0794, RMSE_E=2.8 meV, RMSE_F=8.9 meV / A
2024-06-29 23:52:04.534 INFO: Epoch 252: loss=0.0857, RMSE_E=1.6 meV, RMSE_F=9.3 meV / A
2024-06-29 23:52:20.680 INFO: Epoch 254: loss=0.0873, RMSE_E=4.0 meV, RMSE_F=9.3 meV / A
2024-06-29 23:52:36.834 INFO: Epoch 256: loss=0.0754, RMSE_E=1.4 meV, RMSE_F=8.7 meV / A
2024-06-29 23:52:53.158 INFO: Epoch 258: loss=0.0870, RMSE_E=3.4 meV, RMSE_F=9.3 meV / A
2024-06-29 23:53:09.339 INFO: Epoch 260: loss=0.0844, RMSE_E=2.5 meV, RMSE_F=9.2 meV / A
2024-06-29 23:53:25.656 INFO: Epoch 262: loss=0.0789, RMSE_E=1.4 meV, RMSE_F=8.9 meV / A
2024-06-29 23:53:41.799 INFO: Epoch 264: loss=0.0791, RMSE_E=2.0 meV, RMSE_F=8.9 meV / A
2024-06-29 23:53:57.948 INFO: Epoch 266: loss=0.0787, RMSE_E=3.6 meV, RMSE_F=8.9 meV / A
2024-06-29 23:54:14.131 INFO: Epoch 268: loss=0.0834, RMSE_E=1.7 meV, RMSE_F=9.1 meV / A
2024-06-29 23:54:30.467 INFO: Epoch 270: loss=0.0807, RMSE_E=1.3 meV, RMSE_F=9.0 meV / A
2024-06-29 23:54:46.744 INFO: Epoch 272: loss=0.0809, RMSE_E=3.6 meV, RMSE_F=9.0 meV / A
2024-06-29 23:55:02.927 INFO: Epoch 274: loss=0.0823, RMSE_E=6.6 meV, RMSE_F=9.1 meV / A
2024-06-29 23:55:19.138 INFO: Epoch 276: loss=0.0756, RMSE_E=2.7 meV, RMSE_F=8.7 meV / A
2024-06-29 23:55:35.382 INFO: Epoch 278: loss=0.0790, RMSE_E=1.9 meV, RMSE_F=8.9 meV / A
2024-06-29 23:55:51.626 INFO: Epoch 280: loss=0.0762, RMSE_E=2.6 meV, RMSE_F=8.7 meV / A
2024-06-29 23:56:07.784 INFO: Epoch 282: loss=0.0741, RMSE_E=2.9 meV, RMSE_F=8.6 meV / A
2024-06-29 23:56:24.011 INFO: Epoch 284: loss=0.0753, RMSE_E=1.6 meV, RMSE_F=8.7 meV / A
2024-06-29 23:56:40.048 INFO: Epoch 286: loss=0.0887, RMSE_E=5.9 meV, RMSE_F=9.4 meV / A
2024-06-29 23:56:56.332 INFO: Epoch 288: loss=0.0791, RMSE_E=4.1 meV, RMSE_F=8.9 meV / A
2024-06-29 23:57:12.423 INFO: Epoch 290: loss=0.0790, RMSE_E=1.9 meV, RMSE_F=8.9 meV / A
2024-06-29 23:57:28.678 INFO: Epoch 292: loss=0.0738, RMSE_E=2.5 meV, RMSE_F=8.6 meV / A
2024-06-29 23:57:44.736 INFO: Epoch 294: loss=0.0724, RMSE_E=2.1 meV, RMSE_F=8.5 meV / A
2024-06-29 23:58:00.879 INFO: Epoch 296: loss=0.0748, RMSE_E=2.4 meV, RMSE_F=8.6 meV / A
2024-06-29 23:58:17.132 INFO: Epoch 298: loss=0.0791, RMSE_E=1.4 meV, RMSE_F=8.9 meV / A
2024-06-29 23:58:33.380 INFO: Epoch 300: loss=0.0792, RMSE_E=1.5 meV, RMSE_F=8.9 meV / A
2024-06-29 23:58:49.661 INFO: Epoch 302: loss=0.0735, RMSE_E=3.9 meV, RMSE_F=8.6 meV / A
2024-06-29 23:59:05.953 INFO: Epoch 304: loss=0.0679, RMSE_E=1.8 meV, RMSE_F=8.2 meV / A
2024-06-29 23:59:22.379 INFO: Epoch 306: loss=0.0797, RMSE_E=2.1 meV, RMSE_F=8.9 meV / A
2024-06-29 23:59:38.583 INFO: Epoch 308: loss=0.0770, RMSE_E=2.0 meV, RMSE_F=8.8 meV / A
2024-06-29 23:59:54.818 INFO: Epoch 310: loss=0.0789, RMSE_E=1.7 meV, RMSE_F=8.9 meV / A
2024-06-30 00:00:11.062 INFO: Epoch 312: loss=0.0817, RMSE_E=1.6 meV, RMSE_F=9.0 meV / A
2024-06-30 00:00:27.204 INFO: Epoch 314: loss=0.0763, RMSE_E=2.7 meV, RMSE_F=8.7 meV / A
2024-06-30 00:00:43.462 INFO: Epoch 316: loss=0.0778, RMSE_E=2.0 meV, RMSE_F=8.8 meV / A
2024-06-30 00:00:59.653 INFO: Epoch 318: loss=0.0738, RMSE_E=1.3 meV, RMSE_F=8.6 meV / A
2024-06-30 00:01:15.848 INFO: Epoch 320: loss=0.0750, RMSE_E=2.0 meV, RMSE_F=8.7 meV / A
2024-06-30 00:01:32.009 INFO: Epoch 322: loss=0.0763, RMSE_E=1.3 meV, RMSE_F=8.7 meV / A
2024-06-30 00:01:48.280 INFO: Epoch 324: loss=0.0756, RMSE_E=1.9 meV, RMSE_F=8.7 meV / A
2024-06-30 00:02:04.515 INFO: Epoch 326: loss=0.0694, RMSE_E=1.3 meV, RMSE_F=8.3 meV / A
2024-06-30 00:02:20.782 INFO: Epoch 328: loss=0.0695, RMSE_E=2.1 meV, RMSE_F=8.3 meV / A
2024-06-30 00:02:36.951 INFO: Epoch 330: loss=0.0725, RMSE_E=1.6 meV, RMSE_F=8.5 meV / A
2024-06-30 00:02:53.185 INFO: Epoch 332: loss=0.0676, RMSE_E=1.3 meV, RMSE_F=8.2 meV / A
2024-06-30 00:03:09.307 INFO: Epoch 334: loss=0.0678, RMSE_E=1.2 meV, RMSE_F=8.2 meV / A
2024-06-30 00:03:25.501 INFO: Epoch 336: loss=0.0662, RMSE_E=1.5 meV, RMSE_F=8.1 meV / A
2024-06-30 00:03:41.874 INFO: Epoch 338: loss=0.0683, RMSE_E=1.5 meV, RMSE_F=8.3 meV / A
2024-06-30 00:03:57.897 INFO: Epoch 340: loss=0.0693, RMSE_E=2.2 meV, RMSE_F=8.3 meV / A
2024-06-30 00:04:13.969 INFO: Epoch 342: loss=0.0650, RMSE_E=1.3 meV, RMSE_F=8.1 meV / A
2024-06-30 00:04:30.411 INFO: Epoch 344: loss=0.0651, RMSE_E=2.6 meV, RMSE_F=8.1 meV / A
2024-06-30 00:04:46.443 INFO: Epoch 346: loss=0.0648, RMSE_E=1.6 meV, RMSE_F=8.1 meV / A
2024-06-30 00:05:02.664 INFO: Epoch 348: loss=0.0717, RMSE_E=1.6 meV, RMSE_F=8.5 meV / A
2024-06-30 00:05:18.928 INFO: Epoch 350: loss=0.0666, RMSE_E=1.1 meV, RMSE_F=8.2 meV / A
2024-06-30 00:05:35.185 INFO: Epoch 352: loss=0.0623, RMSE_E=1.6 meV, RMSE_F=7.9 meV / A
2024-06-30 00:05:51.509 INFO: Epoch 354: loss=0.0611, RMSE_E=1.1 meV, RMSE_F=7.8 meV / A
2024-06-30 00:06:07.673 INFO: Epoch 356: loss=0.0642, RMSE_E=1.2 meV, RMSE_F=8.0 meV / A
2024-06-30 00:06:23.793 INFO: Epoch 358: loss=0.0635, RMSE_E=3.9 meV, RMSE_F=8.0 meV / A
2024-06-30 00:06:40.099 INFO: Epoch 360: loss=0.0647, RMSE_E=2.1 meV, RMSE_F=8.0 meV / A
2024-06-30 00:06:56.388 INFO: Epoch 362: loss=0.0616, RMSE_E=1.4 meV, RMSE_F=7.9 meV / A
2024-06-30 00:07:12.608 INFO: Epoch 364: loss=0.0678, RMSE_E=1.7 meV, RMSE_F=8.2 meV / A
2024-06-30 00:07:28.922 INFO: Epoch 366: loss=0.0695, RMSE_E=1.9 meV, RMSE_F=8.3 meV / A
2024-06-30 00:07:45.255 INFO: Epoch 368: loss=0.0642, RMSE_E=1.6 meV, RMSE_F=8.0 meV / A
2024-06-30 00:08:01.368 INFO: Epoch 370: loss=0.0617, RMSE_E=1.4 meV, RMSE_F=7.9 meV / A
2024-06-30 00:08:17.620 INFO: Epoch 372: loss=0.0588, RMSE_E=2.3 meV, RMSE_F=7.7 meV / A
2024-06-30 00:08:34.080 INFO: Epoch 374: loss=0.0670, RMSE_E=1.4 meV, RMSE_F=8.2 meV / A
2024-06-30 00:08:50.088 INFO: Epoch 376: loss=0.0621, RMSE_E=1.4 meV, RMSE_F=7.9 meV / A
2024-06-30 00:09:06.419 INFO: Epoch 378: loss=0.0613, RMSE_E=1.1 meV, RMSE_F=7.8 meV / A
2024-06-30 00:09:22.689 INFO: Epoch 380: loss=0.0630, RMSE_E=2.5 meV, RMSE_F=7.9 meV / A
2024-06-30 00:09:38.764 INFO: Epoch 382: loss=0.0639, RMSE_E=1.5 meV, RMSE_F=8.0 meV / A
2024-06-30 00:09:54.992 INFO: Epoch 384: loss=0.0612, RMSE_E=5.5 meV, RMSE_F=7.8 meV / A
2024-06-30 00:10:11.190 INFO: Epoch 386: loss=0.0606, RMSE_E=1.5 meV, RMSE_F=7.8 meV / A
2024-06-30 00:10:27.307 INFO: Epoch 388: loss=0.0623, RMSE_E=1.3 meV, RMSE_F=7.9 meV / A
2024-06-30 00:10:43.472 INFO: Epoch 390: loss=0.0659, RMSE_E=3.5 meV, RMSE_F=8.1 meV / A
2024-06-30 00:10:59.738 INFO: Epoch 392: loss=0.0579, RMSE_E=1.7 meV, RMSE_F=7.6 meV / A
2024-06-30 00:11:16.110 INFO: Epoch 394: loss=0.0576, RMSE_E=2.8 meV, RMSE_F=7.6 meV / A
2024-06-30 00:11:32.524 INFO: Epoch 396: loss=0.0594, RMSE_E=1.6 meV, RMSE_F=7.7 meV / A
2024-06-30 00:11:48.538 INFO: Epoch 398: loss=0.0599, RMSE_E=1.3 meV, RMSE_F=7.7 meV / A
2024-06-30 00:12:04.660 INFO: Epoch 400: loss=0.0650, RMSE_E=1.4 meV, RMSE_F=8.1 meV / A
2024-06-30 00:12:20.997 INFO: Epoch 402: loss=0.0624, RMSE_E=1.5 meV, RMSE_F=7.9 meV / A
2024-06-30 00:12:37.333 INFO: Epoch 404: loss=0.0617, RMSE_E=1.1 meV, RMSE_F=7.9 meV / A
2024-06-30 00:12:53.499 INFO: Epoch 406: loss=0.0584, RMSE_E=1.2 meV, RMSE_F=7.6 meV / A
2024-06-30 00:13:09.738 INFO: Epoch 408: loss=0.0562, RMSE_E=1.5 meV, RMSE_F=7.5 meV / A
2024-06-30 00:13:25.836 INFO: Epoch 410: loss=0.0575, RMSE_E=1.1 meV, RMSE_F=7.6 meV / A
2024-06-30 00:13:42.191 INFO: Epoch 412: loss=0.0576, RMSE_E=1.3 meV, RMSE_F=7.6 meV / A
2024-06-30 00:13:58.304 INFO: Epoch 414: loss=0.0585, RMSE_E=1.6 meV, RMSE_F=7.7 meV / A
2024-06-30 00:14:14.373 INFO: Epoch 416: loss=0.0623, RMSE_E=1.2 meV, RMSE_F=7.9 meV / A
2024-06-30 00:14:30.535 INFO: Epoch 418: loss=0.0588, RMSE_E=1.3 meV, RMSE_F=7.7 meV / A
2024-06-30 00:14:46.711 INFO: Epoch 420: loss=0.0576, RMSE_E=1.4 meV, RMSE_F=7.6 meV / A
2024-06-30 00:15:02.916 INFO: Epoch 422: loss=0.0543, RMSE_E=1.3 meV, RMSE_F=7.4 meV / A
2024-06-30 00:15:19.103 INFO: Epoch 424: loss=0.0553, RMSE_E=2.2 meV, RMSE_F=7.4 meV / A
2024-06-30 00:15:35.222 INFO: Epoch 426: loss=0.0568, RMSE_E=1.4 meV, RMSE_F=7.5 meV / A
2024-06-30 00:15:51.386 INFO: Epoch 428: loss=0.0554, RMSE_E=1.3 meV, RMSE_F=7.4 meV / A
2024-06-30 00:16:07.634 INFO: Epoch 430: loss=0.0564, RMSE_E=1.3 meV, RMSE_F=7.5 meV / A
2024-06-30 00:16:23.912 INFO: Epoch 432: loss=0.0552, RMSE_E=1.3 meV, RMSE_F=7.4 meV / A
2024-06-30 00:16:40.125 INFO: Epoch 434: loss=0.0536, RMSE_E=1.2 meV, RMSE_F=7.3 meV / A
2024-06-30 00:16:56.276 INFO: Epoch 436: loss=0.0542, RMSE_E=1.9 meV, RMSE_F=7.4 meV / A
2024-06-30 00:17:12.524 INFO: Epoch 438: loss=0.0555, RMSE_E=1.1 meV, RMSE_F=7.4 meV / A
2024-06-30 00:17:28.806 INFO: Epoch 440: loss=0.0535, RMSE_E=1.3 meV, RMSE_F=7.3 meV / A
2024-06-30 00:17:45.127 INFO: Epoch 442: loss=0.0544, RMSE_E=1.1 meV, RMSE_F=7.4 meV / A
2024-06-30 00:18:01.303 INFO: Epoch 444: loss=0.0568, RMSE_E=1.2 meV, RMSE_F=7.5 meV / A
2024-06-30 00:18:17.545 INFO: Epoch 446: loss=0.0576, RMSE_E=2.1 meV, RMSE_F=7.6 meV / A
2024-06-30 00:18:33.772 INFO: Epoch 448: loss=0.0569, RMSE_E=2.2 meV, RMSE_F=7.5 meV / A
2024-06-30 00:18:50.008 INFO: Epoch 450: loss=0.0567, RMSE_E=1.2 meV, RMSE_F=7.5 meV / A
2024-06-30 00:19:06.183 INFO: Epoch 452: loss=0.0546, RMSE_E=2.3 meV, RMSE_F=7.4 meV / A
2024-06-30 00:19:22.303 INFO: Epoch 454: loss=0.0545, RMSE_E=1.4 meV, RMSE_F=7.4 meV / A
2024-06-30 00:19:38.529 INFO: Epoch 456: loss=0.0545, RMSE_E=4.2 meV, RMSE_F=7.4 meV / A
2024-06-30 00:19:54.756 INFO: Epoch 458: loss=0.0589, RMSE_E=1.5 meV, RMSE_F=7.7 meV / A
2024-06-30 00:20:10.976 INFO: Epoch 460: loss=0.0557, RMSE_E=1.4 meV, RMSE_F=7.5 meV / A
2024-06-30 00:20:27.207 INFO: Epoch 462: loss=0.0556, RMSE_E=1.2 meV, RMSE_F=7.5 meV / A
2024-06-30 00:20:43.461 INFO: Epoch 464: loss=0.0549, RMSE_E=1.4 meV, RMSE_F=7.4 meV / A
2024-06-30 00:20:59.631 INFO: Epoch 466: loss=0.0548, RMSE_E=1.5 meV, RMSE_F=7.4 meV / A
2024-06-30 00:21:15.908 INFO: Epoch 468: loss=0.0537, RMSE_E=1.2 meV, RMSE_F=7.3 meV / A
2024-06-30 00:21:32.166 INFO: Epoch 470: loss=0.0555, RMSE_E=1.4 meV, RMSE_F=7.5 meV / A
2024-06-30 00:21:48.416 INFO: Epoch 472: loss=0.0550, RMSE_E=1.2 meV, RMSE_F=7.4 meV / A
2024-06-30 00:22:04.599 INFO: Epoch 474: loss=0.0553, RMSE_E=1.5 meV, RMSE_F=7.4 meV / A
2024-06-30 00:22:20.828 INFO: Epoch 476: loss=0.0539, RMSE_E=1.1 meV, RMSE_F=7.3 meV / A
2024-06-30 00:22:37.099 INFO: Epoch 478: loss=0.0537, RMSE_E=1.5 meV, RMSE_F=7.3 meV / A
2024-06-30 00:22:53.231 INFO: Epoch 480: loss=0.0533, RMSE_E=1.1 meV, RMSE_F=7.3 meV / A
2024-06-30 00:23:09.534 INFO: Epoch 482: loss=0.0550, RMSE_E=1.5 meV, RMSE_F=7.4 meV / A
2024-06-30 00:23:25.736 INFO: Epoch 484: loss=0.0505, RMSE_E=1.1 meV, RMSE_F=7.1 meV / A
2024-06-30 00:23:42.055 INFO: Epoch 486: loss=0.0484, RMSE_E=1.1 meV, RMSE_F=7.0 meV / A
2024-06-30 00:23:58.326 INFO: Epoch 488: loss=0.0490, RMSE_E=1.0 meV, RMSE_F=7.0 meV / A
2024-06-30 00:24:14.523 INFO: Epoch 490: loss=0.0506, RMSE_E=1.2 meV, RMSE_F=7.1 meV / A
2024-06-30 00:24:30.699 INFO: Epoch 492: loss=0.0522, RMSE_E=1.3 meV, RMSE_F=7.2 meV / A
2024-06-30 00:24:46.848 INFO: Epoch 494: loss=0.0536, RMSE_E=1.5 meV, RMSE_F=7.3 meV / A
2024-06-30 00:25:02.927 INFO: Epoch 496: loss=0.0524, RMSE_E=1.2 meV, RMSE_F=7.2 meV / A
2024-06-30 00:25:19.183 INFO: Epoch 498: loss=0.0516, RMSE_E=1.5 meV, RMSE_F=7.2 meV / A
2024-06-30 00:25:35.416 INFO: Epoch 500: loss=0.0529, RMSE_E=1.4 meV, RMSE_F=7.3 meV / A
2024-06-30 00:25:51.631 INFO: Epoch 502: loss=0.0518, RMSE_E=1.2 meV, RMSE_F=7.2 meV / A
2024-06-30 00:26:07.801 INFO: Epoch 504: loss=0.0518, RMSE_E=1.1 meV, RMSE_F=7.2 meV / A
2024-06-30 00:26:24.035 INFO: Epoch 506: loss=0.0495, RMSE_E=1.0 meV, RMSE_F=7.0 meV / A
2024-06-30 00:26:40.220 INFO: Epoch 508: loss=0.0494, RMSE_E=1.4 meV, RMSE_F=7.0 meV / A
2024-06-30 00:26:56.468 INFO: Epoch 510: loss=0.0511, RMSE_E=1.1 meV, RMSE_F=7.1 meV / A
2024-06-30 00:27:12.587 INFO: Epoch 512: loss=0.0505, RMSE_E=1.1 meV, RMSE_F=7.1 meV / A
2024-06-30 00:27:28.851 INFO: Epoch 514: loss=0.0491, RMSE_E=1.2 meV, RMSE_F=7.0 meV / A
2024-06-30 00:27:45.059 INFO: Epoch 516: loss=0.0480, RMSE_E=1.5 meV, RMSE_F=6.9 meV / A
2024-06-30 00:28:01.401 INFO: Epoch 518: loss=0.0503, RMSE_E=1.3 meV, RMSE_F=7.1 meV / A
2024-06-30 00:28:17.637 INFO: Epoch 520: loss=0.0483, RMSE_E=1.5 meV, RMSE_F=7.0 meV / A
2024-06-30 00:28:33.785 INFO: Epoch 522: loss=0.0479, RMSE_E=1.1 meV, RMSE_F=6.9 meV / A
2024-06-30 00:28:50.140 INFO: Epoch 524: loss=0.0484, RMSE_E=1.4 meV, RMSE_F=7.0 meV / A
2024-06-30 00:29:06.464 INFO: Epoch 526: loss=0.0481, RMSE_E=1.7 meV, RMSE_F=6.9 meV / A
2024-06-30 00:29:22.715 INFO: Epoch 528: loss=0.0505, RMSE_E=1.3 meV, RMSE_F=7.1 meV / A
2024-06-30 00:29:38.819 INFO: Epoch 530: loss=0.0489, RMSE_E=1.1 meV, RMSE_F=7.0 meV / A
2024-06-30 00:29:55.144 INFO: Epoch 532: loss=0.0496, RMSE_E=1.0 meV, RMSE_F=7.0 meV / A
2024-06-30 00:30:11.392 INFO: Epoch 534: loss=0.0497, RMSE_E=1.2 meV, RMSE_F=7.1 meV / A
2024-06-30 00:30:27.636 INFO: Epoch 536: loss=0.0492, RMSE_E=1.1 meV, RMSE_F=7.0 meV / A
2024-06-30 00:30:43.883 INFO: Epoch 538: loss=0.0500, RMSE_E=1.6 meV, RMSE_F=7.1 meV / A
2024-06-30 00:31:00.169 INFO: Epoch 540: loss=0.0492, RMSE_E=1.2 meV, RMSE_F=7.0 meV / A
2024-06-30 00:31:16.418 INFO: Epoch 542: loss=0.0585, RMSE_E=1.5 meV, RMSE_F=7.6 meV / A
2024-06-30 00:31:32.725 INFO: Epoch 544: loss=0.0545, RMSE_E=1.1 meV, RMSE_F=7.4 meV / A
2024-06-30 00:31:48.949 INFO: Epoch 546: loss=0.0520, RMSE_E=1.3 meV, RMSE_F=7.2 meV / A
2024-06-30 00:32:05.152 INFO: Epoch 548: loss=0.0519, RMSE_E=1.4 meV, RMSE_F=7.2 meV / A
2024-06-30 00:32:21.481 INFO: Epoch 550: loss=0.0513, RMSE_E=1.2 meV, RMSE_F=7.2 meV / A
2024-06-30 00:32:37.685 INFO: Epoch 552: loss=0.0494, RMSE_E=1.4 meV, RMSE_F=7.0 meV / A
2024-06-30 00:32:53.727 INFO: Epoch 554: loss=0.0518, RMSE_E=2.1 meV, RMSE_F=7.2 meV / A
2024-06-30 00:33:09.885 INFO: Epoch 556: loss=0.0516, RMSE_E=1.3 meV, RMSE_F=7.2 meV / A
2024-06-30 00:33:26.072 INFO: Epoch 558: loss=0.0519, RMSE_E=1.2 meV, RMSE_F=7.2 meV / A
2024-06-30 00:33:42.364 INFO: Epoch 560: loss=0.0570, RMSE_E=1.3 meV, RMSE_F=7.5 meV / A
2024-06-30 00:33:58.591 INFO: Epoch 562: loss=0.0520, RMSE_E=1.5 meV, RMSE_F=7.2 meV / A
2024-06-30 00:34:14.824 INFO: Epoch 564: loss=0.0505, RMSE_E=1.2 meV, RMSE_F=7.1 meV / A
2024-06-30 00:34:31.037 INFO: Epoch 566: loss=0.0493, RMSE_E=1.8 meV, RMSE_F=7.0 meV / A
2024-06-30 00:34:47.296 INFO: Epoch 568: loss=0.0503, RMSE_E=1.1 meV, RMSE_F=7.1 meV / A
2024-06-30 00:35:03.616 INFO: Epoch 570: loss=0.0506, RMSE_E=1.4 meV, RMSE_F=7.1 meV / A
2024-06-30 00:35:19.843 INFO: Epoch 572: loss=0.0483, RMSE_E=1.2 meV, RMSE_F=6.9 meV / A
2024-06-30 00:35:35.847 INFO: Epoch 574: loss=0.0496, RMSE_E=1.5 meV, RMSE_F=7.0 meV / A
2024-06-30 00:35:52.084 INFO: Epoch 576: loss=0.0480, RMSE_E=1.1 meV, RMSE_F=6.9 meV / A
2024-06-30 00:36:08.283 INFO: Epoch 578: loss=0.0476, RMSE_E=1.0 meV, RMSE_F=6.9 meV / A
2024-06-30 00:36:24.517 INFO: Epoch 580: loss=0.0465, RMSE_E=1.1 meV, RMSE_F=6.8 meV / A
2024-06-30 00:36:40.816 INFO: Epoch 582: loss=0.0470, RMSE_E=1.0 meV, RMSE_F=6.9 meV / A
2024-06-30 00:36:57.154 INFO: Epoch 584: loss=0.0458, RMSE_E=1.1 meV, RMSE_F=6.8 meV / A
2024-06-30 00:37:13.430 INFO: Epoch 586: loss=0.0458, RMSE_E=1.0 meV, RMSE_F=6.8 meV / A
2024-06-30 00:37:29.726 INFO: Epoch 588: loss=0.0453, RMSE_E=1.1 meV, RMSE_F=6.7 meV / A
2024-06-30 00:37:46.005 INFO: Epoch 590: loss=0.0452, RMSE_E=1.1 meV, RMSE_F=6.7 meV / A
2024-06-30 00:38:02.269 INFO: Epoch 592: loss=0.0447, RMSE_E=1.1 meV, RMSE_F=6.7 meV / A
2024-06-30 00:38:18.497 INFO: Epoch 594: loss=0.0452, RMSE_E=1.0 meV, RMSE_F=6.7 meV / A
2024-06-30 00:38:34.759 INFO: Epoch 596: loss=0.0445, RMSE_E=1.0 meV, RMSE_F=6.7 meV / A
2024-06-30 00:38:51.064 INFO: Epoch 598: loss=0.0445, RMSE_E=1.1 meV, RMSE_F=6.7 meV / A
2024-06-30 00:39:07.218 INFO: Epoch 600: loss=0.0447, RMSE_E=1.0 meV, RMSE_F=6.7 meV / A
2024-06-30 00:39:23.390 INFO: Epoch 602: loss=0.0446, RMSE_E=1.0 meV, RMSE_F=6.7 meV / A
2024-06-30 00:39:39.659 INFO: Epoch 604: loss=0.0442, RMSE_E=1.1 meV, RMSE_F=6.6 meV / A
2024-06-30 00:39:55.784 INFO: Epoch 606: loss=0.0437, RMSE_E=1.0 meV, RMSE_F=6.6 meV / A
2024-06-30 00:40:11.988 INFO: Epoch 608: loss=0.0434, RMSE_E=1.1 meV, RMSE_F=6.6 meV / A
2024-06-30 00:40:28.206 INFO: Epoch 610: loss=0.0428, RMSE_E=1.1 meV, RMSE_F=6.5 meV / A
2024-06-30 00:40:44.449 INFO: Epoch 612: loss=0.0433, RMSE_E=1.0 meV, RMSE_F=6.6 meV / A
2024-06-30 00:41:00.588 INFO: Epoch 614: loss=0.0434, RMSE_E=1.0 meV, RMSE_F=6.6 meV / A
2024-06-30 00:41:16.775 INFO: Epoch 616: loss=0.0442, RMSE_E=1.1 meV, RMSE_F=6.7 meV / A
2024-06-30 00:41:32.911 INFO: Epoch 618: loss=0.0435, RMSE_E=1.0 meV, RMSE_F=6.6 meV / A
2024-06-30 00:41:49.153 INFO: Epoch 620: loss=0.0428, RMSE_E=1.1 meV, RMSE_F=6.5 meV / A
2024-06-30 00:42:05.452 INFO: Epoch 622: loss=0.0425, RMSE_E=1.1 meV, RMSE_F=6.5 meV / A
2024-06-30 00:42:21.735 INFO: Epoch 624: loss=0.0428, RMSE_E=1.0 meV, RMSE_F=6.5 meV / A
2024-06-30 00:42:37.939 INFO: Epoch 626: loss=0.0423, RMSE_E=1.1 meV, RMSE_F=6.5 meV / A
2024-06-30 00:42:54.252 INFO: Epoch 628: loss=0.0422, RMSE_E=1.0 meV, RMSE_F=6.5 meV / A
2024-06-30 00:43:10.484 INFO: Epoch 630: loss=0.0422, RMSE_E=1.0 meV, RMSE_F=6.5 meV / A
2024-06-30 00:43:26.775 INFO: Epoch 632: loss=0.0422, RMSE_E=1.0 meV, RMSE_F=6.5 meV / A
2024-06-30 00:43:43.079 INFO: Epoch 634: loss=0.0420, RMSE_E=1.0 meV, RMSE_F=6.5 meV / A
2024-06-30 00:43:59.310 INFO: Epoch 636: loss=0.0412, RMSE_E=1.0 meV, RMSE_F=6.4 meV / A
2024-06-30 00:44:15.540 INFO: Epoch 638: loss=0.0416, RMSE_E=1.0 meV, RMSE_F=6.5 meV / A
2024-06-30 00:44:31.684 INFO: Epoch 640: loss=0.0419, RMSE_E=1.1 meV, RMSE_F=6.5 meV / A
2024-06-30 00:44:47.962 INFO: Epoch 642: loss=0.0414, RMSE_E=1.0 meV, RMSE_F=6.4 meV / A
2024-06-30 00:45:04.267 INFO: Epoch 644: loss=0.0409, RMSE_E=1.0 meV, RMSE_F=6.4 meV / A
2024-06-30 00:45:20.541 INFO: Epoch 646: loss=0.0418, RMSE_E=1.0 meV, RMSE_F=6.5 meV / A
2024-06-30 00:45:36.645 INFO: Epoch 648: loss=0.0417, RMSE_E=1.0 meV, RMSE_F=6.5 meV / A
2024-06-30 00:45:52.749 INFO: Epoch 650: loss=0.0414, RMSE_E=1.0 meV, RMSE_F=6.4 meV / A
2024-06-30 00:46:08.984 INFO: Epoch 652: loss=0.0418, RMSE_E=1.0 meV, RMSE_F=6.5 meV / A
2024-06-30 00:46:25.173 INFO: Epoch 654: loss=0.0411, RMSE_E=1.1 meV, RMSE_F=6.4 meV / A
2024-06-30 00:46:41.467 INFO: Epoch 656: loss=0.0410, RMSE_E=1.0 meV, RMSE_F=6.4 meV / A
2024-06-30 00:46:57.800 INFO: Epoch 658: loss=0.0408, RMSE_E=1.1 meV, RMSE_F=6.4 meV / A
2024-06-30 00:47:14.025 INFO: Epoch 660: loss=0.0407, RMSE_E=1.0 meV, RMSE_F=6.4 meV / A
2024-06-30 00:47:30.433 INFO: Epoch 662: loss=0.0408, RMSE_E=1.0 meV, RMSE_F=6.4 meV / A
2024-06-30 00:47:46.512 INFO: Epoch 664: loss=0.0407, RMSE_E=1.0 meV, RMSE_F=6.4 meV / A
2024-06-30 00:48:02.817 INFO: Epoch 666: loss=0.0403, RMSE_E=1.0 meV, RMSE_F=6.3 meV / A
2024-06-30 00:48:19.193 INFO: Epoch 668: loss=0.0402, RMSE_E=1.2 meV, RMSE_F=6.3 meV / A
2024-06-30 00:48:35.465 INFO: Epoch 670: loss=0.0403, RMSE_E=1.0 meV, RMSE_F=6.3 meV / A
2024-06-30 00:48:51.761 INFO: Epoch 672: loss=0.0398, RMSE_E=1.0 meV, RMSE_F=6.3 meV / A
2024-06-30 00:49:08.079 INFO: Epoch 674: loss=0.0405, RMSE_E=1.0 meV, RMSE_F=6.4 meV / A
2024-06-30 00:49:24.391 INFO: Epoch 676: loss=0.0396, RMSE_E=1.0 meV, RMSE_F=6.3 meV / A
2024-06-30 00:49:40.578 INFO: Epoch 678: loss=0.0398, RMSE_E=1.0 meV, RMSE_F=6.3 meV / A
2024-06-30 00:49:56.762 INFO: Epoch 680: loss=0.0403, RMSE_E=1.0 meV, RMSE_F=6.3 meV / A
2024-06-30 00:50:12.960 INFO: Epoch 682: loss=0.0399, RMSE_E=1.0 meV, RMSE_F=6.3 meV / A
2024-06-30 00:50:29.206 INFO: Epoch 684: loss=0.0399, RMSE_E=1.1 meV, RMSE_F=6.3 meV / A
2024-06-30 00:50:45.424 INFO: Epoch 686: loss=0.0403, RMSE_E=1.0 meV, RMSE_F=6.4 meV / A
2024-06-30 00:51:01.720 INFO: Epoch 688: loss=0.0398, RMSE_E=1.0 meV, RMSE_F=6.3 meV / A
2024-06-30 00:51:18.005 INFO: Epoch 690: loss=0.0390, RMSE_E=1.0 meV, RMSE_F=6.2 meV / A
2024-06-30 00:51:34.349 INFO: Epoch 692: loss=0.0391, RMSE_E=1.1 meV, RMSE_F=6.2 meV / A
2024-06-30 00:51:50.520 INFO: Epoch 694: loss=0.0399, RMSE_E=1.1 meV, RMSE_F=6.3 meV / A
2024-06-30 00:52:06.838 INFO: Epoch 696: loss=0.0396, RMSE_E=1.0 meV, RMSE_F=6.3 meV / A
2024-06-30 00:52:22.926 INFO: Epoch 698: loss=0.0392, RMSE_E=1.0 meV, RMSE_F=6.3 meV / A
2024-06-30 00:52:39.180 INFO: Epoch 700: loss=0.0387, RMSE_E=1.1 meV, RMSE_F=6.2 meV / A
2024-06-30 00:52:55.360 INFO: Epoch 702: loss=0.0396, RMSE_E=1.0 meV, RMSE_F=6.3 meV / A
2024-06-30 00:53:11.595 INFO: Epoch 704: loss=0.0382, RMSE_E=1.1 meV, RMSE_F=6.2 meV / A
2024-06-30 00:53:28.130 INFO: Epoch 706: loss=0.0377, RMSE_E=1.1 meV, RMSE_F=6.1 meV / A
2024-06-30 00:53:44.406 INFO: Epoch 708: loss=0.0383, RMSE_E=1.0 meV, RMSE_F=6.2 meV / A
2024-06-30 00:54:00.539 INFO: Epoch 710: loss=0.0382, RMSE_E=1.0 meV, RMSE_F=6.2 meV / A
2024-06-30 00:54:16.653 INFO: Epoch 712: loss=0.0389, RMSE_E=1.1 meV, RMSE_F=6.2 meV / A
2024-06-30 00:54:32.885 INFO: Epoch 714: loss=0.0391, RMSE_E=1.1 meV, RMSE_F=6.3 meV / A
2024-06-30 00:54:49.184 INFO: Epoch 716: loss=0.0388, RMSE_E=1.0 meV, RMSE_F=6.2 meV / A
2024-06-30 00:55:05.397 INFO: Epoch 718: loss=0.0380, RMSE_E=1.0 meV, RMSE_F=6.2 meV / A
2024-06-30 00:55:21.624 INFO: Epoch 720: loss=0.0390, RMSE_E=1.1 meV, RMSE_F=6.2 meV / A
2024-06-30 00:55:37.817 INFO: Epoch 722: loss=0.0383, RMSE_E=1.0 meV, RMSE_F=6.2 meV / A
2024-06-30 00:55:53.841 INFO: Epoch 724: loss=0.0377, RMSE_E=1.0 meV, RMSE_F=6.1 meV / A
2024-06-30 00:56:09.908 INFO: Epoch 726: loss=0.0378, RMSE_E=1.0 meV, RMSE_F=6.1 meV / A
2024-06-30 00:56:26.152 INFO: Epoch 728: loss=0.0386, RMSE_E=1.0 meV, RMSE_F=6.2 meV / A
2024-06-30 00:56:42.348 INFO: Epoch 730: loss=0.0381, RMSE_E=1.1 meV, RMSE_F=6.2 meV / A
2024-06-30 00:56:58.608 INFO: Epoch 732: loss=0.0379, RMSE_E=1.0 meV, RMSE_F=6.2 meV / A
2024-06-30 00:57:14.890 INFO: Epoch 734: loss=0.0378, RMSE_E=1.0 meV, RMSE_F=6.1 meV / A
2024-06-30 00:57:31.188 INFO: Epoch 736: loss=0.0384, RMSE_E=1.0 meV, RMSE_F=6.2 meV / A
2024-06-30 00:57:47.285 INFO: Epoch 738: loss=0.0376, RMSE_E=1.0 meV, RMSE_F=6.1 meV / A
2024-06-30 00:58:03.651 INFO: Epoch 740: loss=0.0390, RMSE_E=1.0 meV, RMSE_F=6.2 meV / A
2024-06-30 00:58:19.851 INFO: Epoch 742: loss=0.0380, RMSE_E=1.0 meV, RMSE_F=6.2 meV / A
2024-06-30 00:58:35.983 INFO: Epoch 744: loss=0.0387, RMSE_E=1.0 meV, RMSE_F=6.2 meV / A
2024-06-30 00:58:52.209 INFO: Epoch 746: loss=0.0371, RMSE_E=1.0 meV, RMSE_F=6.1 meV / A
2024-06-30 00:59:08.415 INFO: Epoch 748: loss=0.0375, RMSE_E=1.0 meV, RMSE_F=6.1 meV / A
2024-06-30 00:59:24.480 INFO: Epoch 750: loss=0.0380, RMSE_E=1.0 meV, RMSE_F=6.2 meV / A
2024-06-30 00:59:40.674 INFO: Epoch 752: loss=0.0379, RMSE_E=0.9 meV, RMSE_F=6.2 meV / A
2024-06-30 00:59:56.835 INFO: Epoch 754: loss=0.0371, RMSE_E=1.0 meV, RMSE_F=6.1 meV / A
2024-06-30 01:00:13.154 INFO: Epoch 756: loss=0.0373, RMSE_E=1.0 meV, RMSE_F=6.1 meV / A
2024-06-30 01:00:29.339 INFO: Epoch 758: loss=0.0372, RMSE_E=1.1 meV, RMSE_F=6.1 meV / A
2024-06-30 01:00:45.530 INFO: Epoch 760: loss=0.0370, RMSE_E=1.1 meV, RMSE_F=6.1 meV / A
2024-06-30 01:01:01.725 INFO: Epoch 762: loss=0.0378, RMSE_E=1.0 meV, RMSE_F=6.1 meV / A
2024-06-30 01:01:17.925 INFO: Epoch 764: loss=0.0389, RMSE_E=1.1 meV, RMSE_F=6.2 meV / A
2024-06-30 01:01:34.216 INFO: Epoch 766: loss=0.0393, RMSE_E=1.2 meV, RMSE_F=6.3 meV / A
2024-06-30 01:01:50.443 INFO: Epoch 768: loss=0.0382, RMSE_E=1.0 meV, RMSE_F=6.2 meV / A
2024-06-30 01:02:06.713 INFO: Epoch 770: loss=0.0376, RMSE_E=1.0 meV, RMSE_F=6.1 meV / A
2024-06-30 01:02:22.926 INFO: Epoch 772: loss=0.0389, RMSE_E=1.2 meV, RMSE_F=6.2 meV / A
2024-06-30 01:02:39.136 INFO: Epoch 774: loss=0.0401, RMSE_E=1.5 meV, RMSE_F=6.3 meV / A
2024-06-30 01:02:55.371 INFO: Epoch 776: loss=0.0395, RMSE_E=1.0 meV, RMSE_F=6.3 meV / A
2024-06-30 01:03:11.459 INFO: Epoch 778: loss=0.0387, RMSE_E=1.0 meV, RMSE_F=6.2 meV / A
2024-06-30 01:03:27.720 INFO: Epoch 780: loss=0.0384, RMSE_E=1.1 meV, RMSE_F=6.2 meV / A
2024-06-30 01:03:43.988 INFO: Epoch 782: loss=0.0379, RMSE_E=1.0 meV, RMSE_F=6.2 meV / A
2024-06-30 01:04:00.282 INFO: Epoch 784: loss=0.0369, RMSE_E=1.0 meV, RMSE_F=6.1 meV / A
2024-06-30 01:04:16.616 INFO: Epoch 786: loss=0.0379, RMSE_E=1.0 meV, RMSE_F=6.2 meV / A
2024-06-30 01:04:32.882 INFO: Epoch 788: loss=0.0377, RMSE_E=1.0 meV, RMSE_F=6.1 meV / A
2024-06-30 01:04:49.112 INFO: Epoch 790: loss=0.0379, RMSE_E=1.0 meV, RMSE_F=6.2 meV / A
2024-06-30 01:05:05.365 INFO: Epoch 792: loss=0.0370, RMSE_E=1.0 meV, RMSE_F=6.1 meV / A
2024-06-30 01:05:21.482 INFO: Epoch 794: loss=0.0372, RMSE_E=1.0 meV, RMSE_F=6.1 meV / A
2024-06-30 01:05:37.650 INFO: Epoch 796: loss=0.0379, RMSE_E=1.0 meV, RMSE_F=6.2 meV / A
2024-06-30 01:05:53.839 INFO: Epoch 798: loss=0.0369, RMSE_E=1.0 meV, RMSE_F=6.1 meV / A
2024-06-30 01:06:10.109 INFO: Epoch 800: loss=0.0365, RMSE_E=1.0 meV, RMSE_F=6.0 meV / A
2024-06-30 01:06:26.407 INFO: Epoch 802: loss=0.0362, RMSE_E=1.1 meV, RMSE_F=6.0 meV / A
2024-06-30 01:06:42.626 INFO: Epoch 804: loss=0.0366, RMSE_E=1.0 meV, RMSE_F=6.0 meV / A
2024-06-30 01:06:58.764 INFO: Epoch 806: loss=0.0380, RMSE_E=1.1 meV, RMSE_F=6.2 meV / A
2024-06-30 01:07:14.771 INFO: Epoch 808: loss=0.0375, RMSE_E=1.0 meV, RMSE_F=6.1 meV / A
2024-06-30 01:07:31.014 INFO: Epoch 810: loss=0.0381, RMSE_E=1.0 meV, RMSE_F=6.2 meV / A
2024-06-30 01:07:47.167 INFO: Epoch 812: loss=0.0372, RMSE_E=1.0 meV, RMSE_F=6.1 meV / A
2024-06-30 01:08:03.308 INFO: Epoch 814: loss=0.0363, RMSE_E=1.2 meV, RMSE_F=6.0 meV / A
2024-06-30 01:08:19.577 INFO: Epoch 816: loss=0.0365, RMSE_E=1.0 meV, RMSE_F=6.0 meV / A
2024-06-30 01:08:35.732 INFO: Epoch 818: loss=0.0362, RMSE_E=1.0 meV, RMSE_F=6.0 meV / A
2024-06-30 01:08:51.868 INFO: Epoch 820: loss=0.0370, RMSE_E=1.0 meV, RMSE_F=6.1 meV / A
2024-06-30 01:09:08.164 INFO: Epoch 822: loss=0.0367, RMSE_E=1.1 meV, RMSE_F=6.1 meV / A
2024-06-30 01:09:24.454 INFO: Epoch 824: loss=0.0367, RMSE_E=1.0 meV, RMSE_F=6.1 meV / A
2024-06-30 01:09:40.680 INFO: Epoch 826: loss=0.0365, RMSE_E=1.0 meV, RMSE_F=6.0 meV / A
2024-06-30 01:09:56.816 INFO: Epoch 828: loss=0.0361, RMSE_E=1.0 meV, RMSE_F=6.0 meV / A
2024-06-30 01:10:13.112 INFO: Epoch 830: loss=0.0365, RMSE_E=1.2 meV, RMSE_F=6.0 meV / A
2024-06-30 01:10:29.285 INFO: Epoch 832: loss=0.0374, RMSE_E=1.0 meV, RMSE_F=6.1 meV / A
2024-06-30 01:10:45.487 INFO: Epoch 834: loss=0.0373, RMSE_E=1.1 meV, RMSE_F=6.1 meV / A
2024-06-30 01:11:01.781 INFO: Epoch 836: loss=0.0374, RMSE_E=1.0 meV, RMSE_F=6.1 meV / A
2024-06-30 01:11:18.008 INFO: Epoch 838: loss=0.0372, RMSE_E=1.1 meV, RMSE_F=6.1 meV / A
2024-06-30 01:11:34.211 INFO: Epoch 840: loss=0.0365, RMSE_E=0.9 meV, RMSE_F=6.0 meV / A
2024-06-30 01:11:50.359 INFO: Epoch 842: loss=0.0364, RMSE_E=1.0 meV, RMSE_F=6.0 meV / A
2024-06-30 01:12:06.575 INFO: Epoch 844: loss=0.0365, RMSE_E=0.9 meV, RMSE_F=6.0 meV / A
2024-06-30 01:12:22.818 INFO: Epoch 846: loss=0.0356, RMSE_E=1.2 meV, RMSE_F=6.0 meV / A
2024-06-30 01:12:38.998 INFO: Epoch 848: loss=0.0356, RMSE_E=1.1 meV, RMSE_F=6.0 meV / A
2024-06-30 01:12:55.300 INFO: Epoch 850: loss=0.0361, RMSE_E=0.9 meV, RMSE_F=6.0 meV / A
2024-06-30 01:13:11.539 INFO: Epoch 852: loss=0.0355, RMSE_E=1.0 meV, RMSE_F=6.0 meV / A
2024-06-30 01:13:27.747 INFO: Epoch 854: loss=0.0358, RMSE_E=1.0 meV, RMSE_F=6.0 meV / A
2024-06-30 01:13:43.939 INFO: Epoch 856: loss=0.0361, RMSE_E=0.9 meV, RMSE_F=6.0 meV / A
2024-06-30 01:14:00.057 INFO: Epoch 858: loss=0.0357, RMSE_E=0.9 meV, RMSE_F=6.0 meV / A
2024-06-30 01:14:16.142 INFO: Epoch 860: loss=0.0370, RMSE_E=1.2 meV, RMSE_F=6.1 meV / A
2024-06-30 01:14:32.443 INFO: Epoch 862: loss=0.0364, RMSE_E=1.0 meV, RMSE_F=6.0 meV / A
2024-06-30 01:14:48.765 INFO: Epoch 864: loss=0.0356, RMSE_E=1.0 meV, RMSE_F=6.0 meV / A
2024-06-30 01:15:05.080 INFO: Epoch 866: loss=0.0367, RMSE_E=1.2 meV, RMSE_F=6.1 meV / A
2024-06-30 01:15:21.256 INFO: Epoch 868: loss=0.0377, RMSE_E=1.0 meV, RMSE_F=6.1 meV / A
2024-06-30 01:15:37.398 INFO: Epoch 870: loss=0.0376, RMSE_E=1.1 meV, RMSE_F=6.1 meV / A
2024-06-30 01:15:53.630 INFO: Epoch 872: loss=0.0384, RMSE_E=1.0 meV, RMSE_F=6.2 meV / A
2024-06-30 01:16:09.733 INFO: Epoch 874: loss=0.0364, RMSE_E=1.2 meV, RMSE_F=6.0 meV / A
2024-06-30 01:16:25.894 INFO: Epoch 876: loss=0.0361, RMSE_E=0.9 meV, RMSE_F=6.0 meV / A
2024-06-30 01:16:42.086 INFO: Epoch 878: loss=0.0354, RMSE_E=0.9 meV, RMSE_F=6.0 meV / A
2024-06-30 01:16:58.300 INFO: Epoch 880: loss=0.0360, RMSE_E=1.0 meV, RMSE_F=6.0 meV / A
2024-06-30 01:17:14.576 INFO: Epoch 882: loss=0.0362, RMSE_E=1.0 meV, RMSE_F=6.0 meV / A
2024-06-30 01:17:30.922 INFO: Epoch 884: loss=0.0369, RMSE_E=1.0 meV, RMSE_F=6.1 meV / A
2024-06-30 01:17:47.215 INFO: Epoch 886: loss=0.0350, RMSE_E=1.0 meV, RMSE_F=5.9 meV / A
2024-06-30 01:18:03.548 INFO: Epoch 888: loss=0.0363, RMSE_E=1.0 meV, RMSE_F=6.0 meV / A
2024-06-30 01:18:19.856 INFO: Epoch 890: loss=0.0356, RMSE_E=1.0 meV, RMSE_F=6.0 meV / A
2024-06-30 01:18:36.085 INFO: Epoch 892: loss=0.0359, RMSE_E=1.0 meV, RMSE_F=6.0 meV / A
2024-06-30 01:18:52.272 INFO: Epoch 894: loss=0.0365, RMSE_E=1.0 meV, RMSE_F=6.0 meV / A
2024-06-30 01:19:08.543 INFO: Epoch 896: loss=0.0358, RMSE_E=1.1 meV, RMSE_F=6.0 meV / A
2024-06-30 01:19:24.859 INFO: Epoch 898: loss=0.0366, RMSE_E=0.9 meV, RMSE_F=6.1 meV / A
2024-06-30 01:19:41.141 INFO: Epoch 900: loss=0.0372, RMSE_E=1.0 meV, RMSE_F=6.1 meV / A
2024-06-30 01:19:57.503 INFO: Epoch 902: loss=0.0374, RMSE_E=1.1 meV, RMSE_F=6.1 meV / A
2024-06-30 01:20:13.683 INFO: Epoch 904: loss=0.0366, RMSE_E=0.9 meV, RMSE_F=6.1 meV / A
2024-06-30 01:20:29.884 INFO: Epoch 906: loss=0.0355, RMSE_E=0.9 meV, RMSE_F=6.0 meV / A
2024-06-30 01:20:46.176 INFO: Epoch 908: loss=0.0375, RMSE_E=1.0 meV, RMSE_F=6.1 meV / A
2024-06-30 01:21:02.363 INFO: Epoch 910: loss=0.0409, RMSE_E=1.0 meV, RMSE_F=6.4 meV / A
2024-06-30 01:21:18.734 INFO: Epoch 912: loss=0.0390, RMSE_E=1.0 meV, RMSE_F=6.2 meV / A
2024-06-30 01:21:35.036 INFO: Epoch 914: loss=0.0364, RMSE_E=1.0 meV, RMSE_F=6.0 meV / A
2024-06-30 01:21:51.239 INFO: Epoch 916: loss=0.0363, RMSE_E=0.9 meV, RMSE_F=6.0 meV / A
2024-06-30 01:22:07.499 INFO: Epoch 918: loss=0.0354, RMSE_E=1.0 meV, RMSE_F=6.0 meV / A
2024-06-30 01:22:23.557 INFO: Epoch 920: loss=0.0356, RMSE_E=0.9 meV, RMSE_F=6.0 meV / A
2024-06-30 01:22:39.869 INFO: Epoch 922: loss=0.0363, RMSE_E=1.2 meV, RMSE_F=6.0 meV / A
2024-06-30 01:22:56.148 INFO: Epoch 924: loss=0.0368, RMSE_E=1.0 meV, RMSE_F=6.1 meV / A
2024-06-30 01:23:12.400 INFO: Epoch 926: loss=0.0363, RMSE_E=1.0 meV, RMSE_F=6.0 meV / A
2024-06-30 01:23:28.739 INFO: Epoch 928: loss=0.0345, RMSE_E=1.1 meV, RMSE_F=5.9 meV / A
2024-06-30 01:23:45.045 INFO: Epoch 930: loss=0.0354, RMSE_E=0.9 meV, RMSE_F=5.9 meV / A
2024-06-30 01:24:01.264 INFO: Epoch 932: loss=0.0357, RMSE_E=1.1 meV, RMSE_F=6.0 meV / A
2024-06-30 01:24:17.517 INFO: Epoch 934: loss=0.0370, RMSE_E=1.0 meV, RMSE_F=6.1 meV / A
2024-06-30 01:24:33.749 INFO: Epoch 936: loss=0.0375, RMSE_E=1.0 meV, RMSE_F=6.1 meV / A
2024-06-30 01:24:50.024 INFO: Epoch 938: loss=0.0368, RMSE_E=0.9 meV, RMSE_F=6.1 meV / A
2024-06-30 01:25:06.233 INFO: Epoch 940: loss=0.0364, RMSE_E=0.9 meV, RMSE_F=6.0 meV / A
2024-06-30 01:25:22.351 INFO: Epoch 942: loss=0.0356, RMSE_E=0.9 meV, RMSE_F=6.0 meV / A
2024-06-30 01:25:38.576 INFO: Epoch 944: loss=0.0353, RMSE_E=0.9 meV, RMSE_F=5.9 meV / A
2024-06-30 01:25:54.839 INFO: Epoch 946: loss=0.0348, RMSE_E=0.9 meV, RMSE_F=5.9 meV / A
2024-06-30 01:26:11.076 INFO: Epoch 948: loss=0.0356, RMSE_E=0.9 meV, RMSE_F=6.0 meV / A
2024-06-30 01:26:27.265 INFO: Epoch 950: loss=0.0356, RMSE_E=1.0 meV, RMSE_F=6.0 meV / A
2024-06-30 01:26:43.420 INFO: Epoch 952: loss=0.0358, RMSE_E=0.9 meV, RMSE_F=6.0 meV / A
2024-06-30 01:26:59.701 INFO: Epoch 954: loss=0.0362, RMSE_E=1.2 meV, RMSE_F=6.0 meV / A
2024-06-30 01:27:15.955 INFO: Epoch 956: loss=0.0349, RMSE_E=0.9 meV, RMSE_F=5.9 meV / A
2024-06-30 01:27:32.192 INFO: Epoch 958: loss=0.0350, RMSE_E=1.0 meV, RMSE_F=5.9 meV / A
2024-06-30 01:27:48.372 INFO: Epoch 960: loss=0.0352, RMSE_E=0.9 meV, RMSE_F=5.9 meV / A
2024-06-30 01:28:04.619 INFO: Epoch 962: loss=0.0348, RMSE_E=0.9 meV, RMSE_F=5.9 meV / A
2024-06-30 01:28:20.633 INFO: Epoch 964: loss=0.0344, RMSE_E=0.9 meV, RMSE_F=5.9 meV / A
2024-06-30 01:28:36.868 INFO: Epoch 966: loss=0.0344, RMSE_E=1.1 meV, RMSE_F=5.9 meV / A
2024-06-30 01:28:53.137 INFO: Epoch 968: loss=0.0345, RMSE_E=1.0 meV, RMSE_F=5.9 meV / A
2024-06-30 01:29:09.412 INFO: Epoch 970: loss=0.0353, RMSE_E=0.9 meV, RMSE_F=5.9 meV / A
2024-06-30 01:29:25.730 INFO: Epoch 972: loss=0.0348, RMSE_E=0.9 meV, RMSE_F=5.9 meV / A
2024-06-30 01:29:41.772 INFO: Epoch 974: loss=0.0346, RMSE_E=0.9 meV, RMSE_F=5.9 meV / A
2024-06-30 01:29:58.117 INFO: Epoch 976: loss=0.0351, RMSE_E=0.9 meV, RMSE_F=5.9 meV / A
2024-06-30 01:30:14.474 INFO: Epoch 978: loss=0.0352, RMSE_E=0.9 meV, RMSE_F=5.9 meV / A
2024-06-30 01:30:30.694 INFO: Epoch 980: loss=0.0358, RMSE_E=0.9 meV, RMSE_F=6.0 meV / A
2024-06-30 01:30:46.969 INFO: Epoch 982: loss=0.0356, RMSE_E=1.0 meV, RMSE_F=6.0 meV / A
2024-06-30 01:31:02.972 INFO: Epoch 984: loss=0.0354, RMSE_E=1.0 meV, RMSE_F=5.9 meV / A
2024-06-30 01:31:19.361 INFO: Epoch 986: loss=0.0358, RMSE_E=0.9 meV, RMSE_F=6.0 meV / A
2024-06-30 01:31:35.330 INFO: Epoch 988: loss=0.0352, RMSE_E=1.0 meV, RMSE_F=5.9 meV / A
2024-06-30 01:31:51.277 INFO: Epoch 990: loss=0.0346, RMSE_E=0.9 meV, RMSE_F=5.9 meV / A
2024-06-30 01:32:07.552 INFO: Epoch 992: loss=0.0348, RMSE_E=0.9 meV, RMSE_F=5.9 meV / A
2024-06-30 01:32:23.930 INFO: Epoch 994: loss=0.0344, RMSE_E=0.9 meV, RMSE_F=5.9 meV / A
2024-06-30 01:32:40.206 INFO: Epoch 996: loss=0.0345, RMSE_E=0.9 meV, RMSE_F=5.9 meV / A
2024-06-30 01:32:56.427 INFO: Epoch 998: loss=0.0352, RMSE_E=1.1 meV, RMSE_F=5.9 meV / A
2024-06-30 01:33:12.691 INFO: Epoch 1000: loss=0.0343, RMSE_E=1.0 meV, RMSE_F=5.9 meV / A
2024-06-30 01:33:28.936 INFO: Epoch 1002: loss=0.0348, RMSE_E=1.0 meV, RMSE_F=5.9 meV / A
2024-06-30 01:33:45.221 INFO: Epoch 1004: loss=0.0364, RMSE_E=1.0 meV, RMSE_F=6.0 meV / A
2024-06-30 01:34:01.418 INFO: Epoch 1006: loss=0.0377, RMSE_E=0.9 meV, RMSE_F=6.1 meV / A
2024-06-30 01:34:17.762 INFO: Epoch 1008: loss=0.0372, RMSE_E=1.1 meV, RMSE_F=6.1 meV / A
2024-06-30 01:34:33.954 INFO: Epoch 1010: loss=0.0381, RMSE_E=1.0 meV, RMSE_F=6.2 meV / A
2024-06-30 01:34:50.181 INFO: Epoch 1012: loss=0.0371, RMSE_E=0.9 meV, RMSE_F=6.1 meV / A
2024-06-30 01:35:06.325 INFO: Epoch 1014: loss=0.0362, RMSE_E=0.9 meV, RMSE_F=6.0 meV / A
2024-06-30 01:35:22.555 INFO: Epoch 1016: loss=0.0347, RMSE_E=1.0 meV, RMSE_F=5.9 meV / A
2024-06-30 01:35:38.846 INFO: Epoch 1018: loss=0.0346, RMSE_E=0.9 meV, RMSE_F=5.9 meV / A
2024-06-30 01:35:55.035 INFO: Epoch 1020: loss=0.0348, RMSE_E=0.9 meV, RMSE_F=5.9 meV / A
2024-06-30 01:36:11.305 INFO: Epoch 1022: loss=0.0345, RMSE_E=0.9 meV, RMSE_F=5.9 meV / A
2024-06-30 01:36:27.405 INFO: Epoch 1024: loss=0.0351, RMSE_E=0.9 meV, RMSE_F=5.9 meV / A
2024-06-30 01:36:43.608 INFO: Epoch 1026: loss=0.0349, RMSE_E=0.9 meV, RMSE_F=5.9 meV / A
2024-06-30 01:36:59.862 INFO: Epoch 1028: loss=0.0348, RMSE_E=1.0 meV, RMSE_F=5.9 meV / A
2024-06-30 01:37:16.022 INFO: Epoch 1030: loss=0.0339, RMSE_E=0.9 meV, RMSE_F=5.8 meV / A
2024-06-30 01:37:32.279 INFO: Epoch 1032: loss=0.0345, RMSE_E=1.1 meV, RMSE_F=5.9 meV / A
2024-06-30 01:37:48.561 INFO: Epoch 1034: loss=0.0340, RMSE_E=0.9 meV, RMSE_F=5.8 meV / A
2024-06-30 01:38:04.770 INFO: Epoch 1036: loss=0.0345, RMSE_E=0.9 meV, RMSE_F=5.9 meV / A
2024-06-30 01:38:21.015 INFO: Epoch 1038: loss=0.0345, RMSE_E=0.9 meV, RMSE_F=5.9 meV / A
2024-06-30 01:38:37.084 INFO: Epoch 1040: loss=0.0353, RMSE_E=1.0 meV, RMSE_F=5.9 meV / A
2024-06-30 01:38:53.386 INFO: Epoch 1042: loss=0.0342, RMSE_E=1.2 meV, RMSE_F=5.8 meV / A
2024-06-30 01:39:09.639 INFO: Epoch 1044: loss=0.0366, RMSE_E=1.1 meV, RMSE_F=6.0 meV / A
2024-06-30 01:39:25.805 INFO: Epoch 1046: loss=0.0364, RMSE_E=1.1 meV, RMSE_F=6.0 meV / A
2024-06-30 01:39:41.950 INFO: Epoch 1048: loss=0.0358, RMSE_E=1.0 meV, RMSE_F=6.0 meV / A
2024-06-30 01:39:58.280 INFO: Epoch 1050: loss=0.0351, RMSE_E=0.9 meV, RMSE_F=5.9 meV / A
2024-06-30 01:40:14.445 INFO: Epoch 1052: loss=0.0351, RMSE_E=1.1 meV, RMSE_F=5.9 meV / A
2024-06-30 01:40:30.661 INFO: Epoch 1054: loss=0.0346, RMSE_E=1.1 meV, RMSE_F=5.9 meV / A
2024-06-30 01:40:46.885 INFO: Epoch 1056: loss=0.0343, RMSE_E=0.9 meV, RMSE_F=5.9 meV / A
2024-06-30 01:41:03.035 INFO: Epoch 1058: loss=0.0358, RMSE_E=0.9 meV, RMSE_F=6.0 meV / A
2024-06-30 01:41:19.270 INFO: Epoch 1060: loss=0.0348, RMSE_E=1.2 meV, RMSE_F=5.9 meV / A
2024-06-30 01:41:35.402 INFO: Epoch 1062: loss=0.0353, RMSE_E=0.9 meV, RMSE_F=5.9 meV / A
2024-06-30 01:41:51.698 INFO: Epoch 1064: loss=0.0346, RMSE_E=0.9 meV, RMSE_F=5.9 meV / A
2024-06-30 01:42:07.952 INFO: Epoch 1066: loss=0.0352, RMSE_E=0.9 meV, RMSE_F=5.9 meV / A
2024-06-30 01:42:24.145 INFO: Epoch 1068: loss=0.0350, RMSE_E=1.1 meV, RMSE_F=5.9 meV / A
2024-06-30 01:42:40.349 INFO: Epoch 1070: loss=0.0349, RMSE_E=0.9 meV, RMSE_F=5.9 meV / A
2024-06-30 01:42:56.513 INFO: Epoch 1072: loss=0.0349, RMSE_E=0.9 meV, RMSE_F=5.9 meV / A
2024-06-30 01:43:12.784 INFO: Epoch 1074: loss=0.0345, RMSE_E=0.9 meV, RMSE_F=5.9 meV / A
2024-06-30 01:43:29.025 INFO: Epoch 1076: loss=0.0341, RMSE_E=1.0 meV, RMSE_F=5.8 meV / A
2024-06-30 01:43:45.156 INFO: Epoch 1078: loss=0.0343, RMSE_E=0.9 meV, RMSE_F=5.9 meV / A
2024-06-30 01:44:01.381 INFO: Epoch 1080: loss=0.0348, RMSE_E=0.9 meV, RMSE_F=5.9 meV / A
2024-06-30 01:44:17.617 INFO: Epoch 1082: loss=0.0346, RMSE_E=1.0 meV, RMSE_F=5.9 meV / A
2024-06-30 01:44:33.845 INFO: Epoch 1084: loss=0.0341, RMSE_E=0.9 meV, RMSE_F=5.8 meV / A
2024-06-30 01:44:50.105 INFO: Epoch 1086: loss=0.0340, RMSE_E=0.9 meV, RMSE_F=5.8 meV / A
2024-06-30 01:45:06.234 INFO: Epoch 1088: loss=0.0340, RMSE_E=0.9 meV, RMSE_F=5.8 meV / A
2024-06-30 01:45:22.782 INFO: Epoch 1090: loss=0.0337, RMSE_E=1.0 meV, RMSE_F=5.8 meV / A
2024-06-30 01:45:38.967 INFO: Epoch 1092: loss=0.0333, RMSE_E=0.9 meV, RMSE_F=5.8 meV / A
2024-06-30 01:45:55.282 INFO: Epoch 1094: loss=0.0330, RMSE_E=0.9 meV, RMSE_F=5.7 meV / A
2024-06-30 01:46:11.620 INFO: Epoch 1096: loss=0.0331, RMSE_E=0.9 meV, RMSE_F=5.8 meV / A
2024-06-30 01:46:27.895 INFO: Epoch 1098: loss=0.0330, RMSE_E=0.9 meV, RMSE_F=5.7 meV / A
2024-06-30 01:46:44.039 INFO: Epoch 1100: loss=0.0329, RMSE_E=0.9 meV, RMSE_F=5.7 meV / A
2024-06-30 01:47:00.321 INFO: Epoch 1102: loss=0.0331, RMSE_E=0.9 meV, RMSE_F=5.7 meV / A
2024-06-30 01:47:16.422 INFO: Epoch 1104: loss=0.0328, RMSE_E=0.9 meV, RMSE_F=5.7 meV / A
2024-06-30 01:47:32.739 INFO: Epoch 1106: loss=0.0331, RMSE_E=0.9 meV, RMSE_F=5.8 meV / A
2024-06-30 01:47:48.969 INFO: Epoch 1108: loss=0.0331, RMSE_E=1.0 meV, RMSE_F=5.7 meV / A
2024-06-30 01:48:05.075 INFO: Epoch 1110: loss=0.0329, RMSE_E=0.9 meV, RMSE_F=5.7 meV / A
2024-06-30 01:48:21.224 INFO: Epoch 1112: loss=0.0331, RMSE_E=0.9 meV, RMSE_F=5.8 meV / A
2024-06-30 01:48:37.472 INFO: Epoch 1114: loss=0.0327, RMSE_E=0.9 meV, RMSE_F=5.7 meV / A
2024-06-30 01:48:53.777 INFO: Epoch 1116: loss=0.0326, RMSE_E=0.9 meV, RMSE_F=5.7 meV / A
2024-06-30 01:49:09.987 INFO: Epoch 1118: loss=0.0328, RMSE_E=0.9 meV, RMSE_F=5.7 meV / A
2024-06-30 01:49:26.216 INFO: Epoch 1120: loss=0.0326, RMSE_E=0.9 meV, RMSE_F=5.7 meV / A
2024-06-30 01:49:42.481 INFO: Epoch 1122: loss=0.0330, RMSE_E=0.9 meV, RMSE_F=5.7 meV / A
2024-06-30 01:49:58.651 INFO: Epoch 1124: loss=0.0332, RMSE_E=0.9 meV, RMSE_F=5.8 meV / A
2024-06-30 01:50:14.953 INFO: Epoch 1126: loss=0.0330, RMSE_E=0.9 meV, RMSE_F=5.7 meV / A
2024-06-30 01:50:31.004 INFO: Epoch 1128: loss=0.0325, RMSE_E=1.0 meV, RMSE_F=5.7 meV / A
2024-06-30 01:50:47.186 INFO: Epoch 1130: loss=0.0328, RMSE_E=0.9 meV, RMSE_F=5.7 meV / A
2024-06-30 01:51:03.498 INFO: Epoch 1132: loss=0.0325, RMSE_E=0.9 meV, RMSE_F=5.7 meV / A
2024-06-30 01:51:19.649 INFO: Epoch 1134: loss=0.0324, RMSE_E=0.9 meV, RMSE_F=5.7 meV / A
2024-06-30 01:51:35.998 INFO: Epoch 1136: loss=0.0328, RMSE_E=0.9 meV, RMSE_F=5.7 meV / A
2024-06-30 01:51:52.318 INFO: Epoch 1138: loss=0.0324, RMSE_E=0.9 meV, RMSE_F=5.7 meV / A
2024-06-30 01:52:08.616 INFO: Epoch 1140: loss=0.0324, RMSE_E=0.9 meV, RMSE_F=5.7 meV / A
2024-06-30 01:52:24.942 INFO: Epoch 1142: loss=0.0323, RMSE_E=0.9 meV, RMSE_F=5.7 meV / A
2024-06-30 01:52:40.961 INFO: Epoch 1144: loss=0.0326, RMSE_E=0.9 meV, RMSE_F=5.7 meV / A
2024-06-30 01:52:57.306 INFO: Epoch 1146: loss=0.0328, RMSE_E=1.0 meV, RMSE_F=5.7 meV / A
2024-06-30 01:53:13.478 INFO: Epoch 1148: loss=0.0329, RMSE_E=1.0 meV, RMSE_F=5.7 meV / A
2024-06-30 01:53:29.878 INFO: Epoch 1150: loss=0.0322, RMSE_E=0.9 meV, RMSE_F=5.7 meV / A
2024-06-30 01:53:46.332 INFO: Epoch 1152: loss=0.0323, RMSE_E=0.9 meV, RMSE_F=5.7 meV / A
2024-06-30 01:54:02.627 INFO: Epoch 1154: loss=0.0323, RMSE_E=0.9 meV, RMSE_F=5.7 meV / A
2024-06-30 01:54:18.844 INFO: Epoch 1156: loss=0.0323, RMSE_E=0.9 meV, RMSE_F=5.7 meV / A
2024-06-30 01:54:35.196 INFO: Epoch 1158: loss=0.0322, RMSE_E=0.9 meV, RMSE_F=5.7 meV / A
2024-06-30 01:54:51.526 INFO: Epoch 1160: loss=0.0326, RMSE_E=1.0 meV, RMSE_F=5.7 meV / A
2024-06-30 01:55:07.847 INFO: Epoch 1162: loss=0.0323, RMSE_E=0.9 meV, RMSE_F=5.7 meV / A
2024-06-30 01:55:24.180 INFO: Epoch 1164: loss=0.0324, RMSE_E=0.9 meV, RMSE_F=5.7 meV / A
2024-06-30 01:55:40.378 INFO: Epoch 1166: loss=0.0322, RMSE_E=1.0 meV, RMSE_F=5.7 meV / A
2024-06-30 01:55:56.730 INFO: Epoch 1168: loss=0.0321, RMSE_E=0.9 meV, RMSE_F=5.7 meV / A
2024-06-30 01:56:13.059 INFO: Epoch 1170: loss=0.0322, RMSE_E=0.9 meV, RMSE_F=5.7 meV / A
2024-06-30 01:56:29.269 INFO: Epoch 1172: loss=0.0324, RMSE_E=0.9 meV, RMSE_F=5.7 meV / A
2024-06-30 01:56:45.565 INFO: Epoch 1174: loss=0.0323, RMSE_E=0.9 meV, RMSE_F=5.7 meV / A
2024-06-30 01:57:01.864 INFO: Epoch 1176: loss=0.0322, RMSE_E=1.0 meV, RMSE_F=5.7 meV / A
2024-06-30 01:57:18.249 INFO: Epoch 1178: loss=0.0320, RMSE_E=0.9 meV, RMSE_F=5.7 meV / A
2024-06-30 01:57:34.640 INFO: Epoch 1180: loss=0.0322, RMSE_E=0.9 meV, RMSE_F=5.7 meV / A
2024-06-30 01:57:50.794 INFO: Epoch 1182: loss=0.0321, RMSE_E=0.9 meV, RMSE_F=5.7 meV / A
2024-06-30 01:58:07.169 INFO: Epoch 1184: loss=0.0316, RMSE_E=1.1 meV, RMSE_F=5.6 meV / A
2024-06-30 01:58:23.581 INFO: Epoch 1186: loss=0.0316, RMSE_E=0.9 meV, RMSE_F=5.6 meV / A
2024-06-30 01:58:39.788 INFO: Epoch 1188: loss=0.0317, RMSE_E=0.9 meV, RMSE_F=5.6 meV / A
2024-06-30 01:58:56.086 INFO: Epoch 1190: loss=0.0318, RMSE_E=0.9 meV, RMSE_F=5.6 meV / A
2024-06-30 01:59:12.450 INFO: Epoch 1192: loss=0.0321, RMSE_E=0.9 meV, RMSE_F=5.7 meV / A
2024-06-30 01:59:28.858 INFO: Epoch 1194: loss=0.0318, RMSE_E=0.9 meV, RMSE_F=5.6 meV / A
2024-06-30 01:59:45.132 INFO: Epoch 1196: loss=0.0317, RMSE_E=0.9 meV, RMSE_F=5.6 meV / A
2024-06-30 02:00:01.432 INFO: Epoch 1198: loss=0.0318, RMSE_E=0.9 meV, RMSE_F=5.6 meV / A
2024-06-30 02:00:17.472 INFO: Epoch 1200: loss=0.0313, RMSE_E=0.9 meV, RMSE_F=5.6 meV / A
2024-06-30 02:00:33.894 INFO: Epoch 1202: loss=0.0311, RMSE_E=0.9 meV, RMSE_F=5.6 meV / A
2024-06-30 02:00:50.118 INFO: Epoch 1204: loss=0.0314, RMSE_E=0.9 meV, RMSE_F=5.6 meV / A
2024-06-30 02:01:06.399 INFO: Epoch 1206: loss=0.0314, RMSE_E=0.9 meV, RMSE_F=5.6 meV / A
2024-06-30 02:01:22.649 INFO: Epoch 1208: loss=0.0315, RMSE_E=0.9 meV, RMSE_F=5.6 meV / A
2024-06-30 02:01:38.864 INFO: Epoch 1210: loss=0.0310, RMSE_E=0.9 meV, RMSE_F=5.6 meV / A
2024-06-30 02:01:55.209 INFO: Epoch 1212: loss=0.0312, RMSE_E=0.9 meV, RMSE_F=5.6 meV / A
2024-06-30 02:02:11.359 INFO: Epoch 1214: loss=0.0312, RMSE_E=0.9 meV, RMSE_F=5.6 meV / A
2024-06-30 02:02:27.601 INFO: Epoch 1216: loss=0.0314, RMSE_E=0.9 meV, RMSE_F=5.6 meV / A
2024-06-30 02:02:43.832 INFO: Epoch 1218: loss=0.0314, RMSE_E=0.9 meV, RMSE_F=5.6 meV / A
2024-06-30 02:03:00.123 INFO: Epoch 1220: loss=0.0315, RMSE_E=0.9 meV, RMSE_F=5.6 meV / A
2024-06-30 02:03:16.413 INFO: Epoch 1222: loss=0.0312, RMSE_E=0.9 meV, RMSE_F=5.6 meV / A
2024-06-30 02:03:32.714 INFO: Epoch 1224: loss=0.0310, RMSE_E=0.9 meV, RMSE_F=5.6 meV / A
2024-06-30 02:03:49.065 INFO: Epoch 1226: loss=0.0311, RMSE_E=0.9 meV, RMSE_F=5.6 meV / A
2024-06-30 02:04:05.364 INFO: Epoch 1228: loss=0.0311, RMSE_E=0.9 meV, RMSE_F=5.6 meV / A
2024-06-30 02:04:21.638 INFO: Epoch 1230: loss=0.0310, RMSE_E=0.9 meV, RMSE_F=5.6 meV / A
2024-06-30 02:04:37.977 INFO: Epoch 1232: loss=0.0309, RMSE_E=0.9 meV, RMSE_F=5.6 meV / A
2024-06-30 02:04:54.333 INFO: Epoch 1234: loss=0.0310, RMSE_E=0.9 meV, RMSE_F=5.6 meV / A
2024-06-30 02:05:10.518 INFO: Epoch 1236: loss=0.0315, RMSE_E=0.9 meV, RMSE_F=5.6 meV / A
2024-06-30 02:05:26.808 INFO: Epoch 1238: loss=0.0319, RMSE_E=0.9 meV, RMSE_F=5.6 meV / A
2024-06-30 02:05:43.063 INFO: Epoch 1240: loss=0.0314, RMSE_E=1.0 meV, RMSE_F=5.6 meV / A
2024-06-30 02:05:59.406 INFO: Epoch 1242: loss=0.0309, RMSE_E=0.9 meV, RMSE_F=5.6 meV / A
2024-06-30 02:06:15.758 INFO: Epoch 1244: loss=0.0310, RMSE_E=1.0 meV, RMSE_F=5.6 meV / A
2024-06-30 02:06:32.128 INFO: Epoch 1246: loss=0.0311, RMSE_E=0.9 meV, RMSE_F=5.6 meV / A
2024-06-30 02:06:48.345 INFO: Epoch 1248: loss=0.0310, RMSE_E=0.9 meV, RMSE_F=5.6 meV / A
2024-06-30 02:07:04.601 INFO: Epoch 1250: loss=0.0311, RMSE_E=0.8 meV, RMSE_F=5.6 meV / A
2024-06-30 02:07:20.974 INFO: Epoch 1252: loss=0.0313, RMSE_E=0.9 meV, RMSE_F=5.6 meV / A
2024-06-30 02:07:37.317 INFO: Epoch 1254: loss=0.0309, RMSE_E=0.9 meV, RMSE_F=5.6 meV / A
2024-06-30 02:07:53.540 INFO: Epoch 1256: loss=0.0309, RMSE_E=0.9 meV, RMSE_F=5.6 meV / A
2024-06-30 02:08:09.804 INFO: Epoch 1258: loss=0.0309, RMSE_E=0.9 meV, RMSE_F=5.6 meV / A
2024-06-30 02:08:26.000 INFO: Epoch 1260: loss=0.0308, RMSE_E=0.9 meV, RMSE_F=5.5 meV / A
2024-06-30 02:08:42.371 INFO: Epoch 1262: loss=0.0307, RMSE_E=0.9 meV, RMSE_F=5.5 meV / A
2024-06-30 02:08:58.788 INFO: Epoch 1264: loss=0.0308, RMSE_E=0.9 meV, RMSE_F=5.6 meV / A
2024-06-30 02:09:14.980 INFO: Epoch 1266: loss=0.0312, RMSE_E=0.9 meV, RMSE_F=5.6 meV / A
2024-06-30 02:09:31.289 INFO: Epoch 1268: loss=0.0310, RMSE_E=0.9 meV, RMSE_F=5.6 meV / A
2024-06-30 02:09:47.572 INFO: Epoch 1270: loss=0.0309, RMSE_E=0.9 meV, RMSE_F=5.6 meV / A
2024-06-30 02:10:03.914 INFO: Epoch 1272: loss=0.0309, RMSE_E=0.9 meV, RMSE_F=5.6 meV / A
2024-06-30 02:10:20.164 INFO: Epoch 1274: loss=0.0309, RMSE_E=0.9 meV, RMSE_F=5.6 meV / A
2024-06-30 02:10:36.449 INFO: Epoch 1276: loss=0.0307, RMSE_E=0.9 meV, RMSE_F=5.5 meV / A
2024-06-30 02:10:52.744 INFO: Epoch 1278: loss=0.0302, RMSE_E=1.0 meV, RMSE_F=5.5 meV / A
2024-06-30 02:11:08.881 INFO: Epoch 1280: loss=0.0302, RMSE_E=1.0 meV, RMSE_F=5.5 meV / A
2024-06-30 02:11:25.016 INFO: Epoch 1282: loss=0.0310, RMSE_E=0.9 meV, RMSE_F=5.6 meV / A
2024-06-30 02:11:41.358 INFO: Epoch 1284: loss=0.0309, RMSE_E=0.9 meV, RMSE_F=5.6 meV / A
2024-06-30 02:11:57.607 INFO: Epoch 1286: loss=0.0305, RMSE_E=0.9 meV, RMSE_F=5.5 meV / A
2024-06-30 02:12:13.740 INFO: Epoch 1288: loss=0.0304, RMSE_E=0.9 meV, RMSE_F=5.5 meV / A
2024-06-30 02:12:30.029 INFO: Epoch 1290: loss=0.0302, RMSE_E=0.9 meV, RMSE_F=5.5 meV / A
2024-06-30 02:12:46.333 INFO: Epoch 1292: loss=0.0305, RMSE_E=0.9 meV, RMSE_F=5.5 meV / A
2024-06-30 02:13:02.657 INFO: Epoch 1294: loss=0.0303, RMSE_E=0.9 meV, RMSE_F=5.5 meV / A
2024-06-30 02:13:18.899 INFO: Epoch 1296: loss=0.0301, RMSE_E=0.9 meV, RMSE_F=5.5 meV / A
2024-06-30 02:13:35.245 INFO: Epoch 1298: loss=0.0302, RMSE_E=0.9 meV, RMSE_F=5.5 meV / A
2024-06-30 02:13:51.593 INFO: Epoch 1300: loss=0.0302, RMSE_E=0.9 meV, RMSE_F=5.5 meV / A
2024-06-30 02:14:07.930 INFO: Epoch 1302: loss=0.0302, RMSE_E=0.9 meV, RMSE_F=5.5 meV / A
2024-06-30 02:14:24.209 INFO: Epoch 1304: loss=0.0301, RMSE_E=0.9 meV, RMSE_F=5.5 meV / A
2024-06-30 02:14:40.549 INFO: Epoch 1306: loss=0.0297, RMSE_E=0.9 meV, RMSE_F=5.4 meV / A
2024-06-30 02:14:56.834 INFO: Epoch 1308: loss=0.0298, RMSE_E=0.9 meV, RMSE_F=5.5 meV / A
2024-06-30 02:15:13.209 INFO: Epoch 1310: loss=0.0302, RMSE_E=0.9 meV, RMSE_F=5.5 meV / A
2024-06-30 02:15:29.475 INFO: Epoch 1312: loss=0.0301, RMSE_E=0.9 meV, RMSE_F=5.5 meV / A
2024-06-30 02:15:45.664 INFO: Epoch 1314: loss=0.0303, RMSE_E=0.9 meV, RMSE_F=5.5 meV / A
2024-06-30 02:16:01.940 INFO: Epoch 1316: loss=0.0298, RMSE_E=0.9 meV, RMSE_F=5.5 meV / A
2024-06-30 02:16:18.109 INFO: Epoch 1318: loss=0.0299, RMSE_E=0.9 meV, RMSE_F=5.5 meV / A
2024-06-30 02:16:34.309 INFO: Epoch 1320: loss=0.0300, RMSE_E=0.9 meV, RMSE_F=5.5 meV / A
2024-06-30 02:16:50.616 INFO: Epoch 1322: loss=0.0303, RMSE_E=0.9 meV, RMSE_F=5.5 meV / A
2024-06-30 02:17:06.856 INFO: Epoch 1324: loss=0.0299, RMSE_E=1.0 meV, RMSE_F=5.5 meV / A
2024-06-30 02:17:23.167 INFO: Epoch 1326: loss=0.0298, RMSE_E=0.9 meV, RMSE_F=5.5 meV / A
2024-06-30 02:17:39.426 INFO: Epoch 1328: loss=0.0300, RMSE_E=0.9 meV, RMSE_F=5.5 meV / A
2024-06-30 02:17:55.796 INFO: Epoch 1330: loss=0.0303, RMSE_E=0.9 meV, RMSE_F=5.5 meV / A
2024-06-30 02:18:12.134 INFO: Epoch 1332: loss=0.0301, RMSE_E=0.9 meV, RMSE_F=5.5 meV / A
2024-06-30 02:18:28.423 INFO: Epoch 1334: loss=0.0301, RMSE_E=0.9 meV, RMSE_F=5.5 meV / A
2024-06-30 02:18:44.711 INFO: Epoch 1336: loss=0.0300, RMSE_E=0.9 meV, RMSE_F=5.5 meV / A
2024-06-30 02:19:01.077 INFO: Epoch 1338: loss=0.0302, RMSE_E=0.9 meV, RMSE_F=5.5 meV / A
2024-06-30 02:19:17.400 INFO: Epoch 1340: loss=0.0302, RMSE_E=0.9 meV, RMSE_F=5.5 meV / A
2024-06-30 02:19:33.764 INFO: Epoch 1342: loss=0.0299, RMSE_E=1.0 meV, RMSE_F=5.5 meV / A
2024-06-30 02:19:50.092 INFO: Epoch 1344: loss=0.0303, RMSE_E=0.9 meV, RMSE_F=5.5 meV / A
2024-06-30 02:20:06.385 INFO: Epoch 1346: loss=0.0300, RMSE_E=0.9 meV, RMSE_F=5.5 meV / A
2024-06-30 02:20:22.563 INFO: Epoch 1348: loss=0.0303, RMSE_E=0.9 meV, RMSE_F=5.5 meV / A
2024-06-30 02:20:38.640 INFO: Epoch 1350: loss=0.0300, RMSE_E=0.9 meV, RMSE_F=5.5 meV / A
2024-06-30 02:20:54.954 INFO: Epoch 1352: loss=0.0296, RMSE_E=0.9 meV, RMSE_F=5.4 meV / A
2024-06-30 02:21:11.415 INFO: Epoch 1354: loss=0.0297, RMSE_E=0.9 meV, RMSE_F=5.4 meV / A
2024-06-30 02:21:27.624 INFO: Epoch 1356: loss=0.0298, RMSE_E=0.9 meV, RMSE_F=5.5 meV / A
2024-06-30 02:21:43.965 INFO: Epoch 1358: loss=0.0300, RMSE_E=0.9 meV, RMSE_F=5.5 meV / A
2024-06-30 02:22:00.233 INFO: Epoch 1360: loss=0.0300, RMSE_E=0.9 meV, RMSE_F=5.5 meV / A
2024-06-30 02:22:16.556 INFO: Epoch 1362: loss=0.0300, RMSE_E=0.9 meV, RMSE_F=5.5 meV / A
2024-06-30 02:22:32.800 INFO: Epoch 1364: loss=0.0300, RMSE_E=0.9 meV, RMSE_F=5.5 meV / A
2024-06-30 02:22:48.981 INFO: Epoch 1366: loss=0.0298, RMSE_E=0.9 meV, RMSE_F=5.5 meV / A
2024-06-30 02:23:05.352 INFO: Epoch 1368: loss=0.0297, RMSE_E=0.9 meV, RMSE_F=5.4 meV / A
2024-06-30 02:23:21.704 INFO: Epoch 1370: loss=0.0298, RMSE_E=0.9 meV, RMSE_F=5.5 meV / A
2024-06-30 02:23:38.084 INFO: Epoch 1372: loss=0.0301, RMSE_E=0.9 meV, RMSE_F=5.5 meV / A
2024-06-30 02:23:54.453 INFO: Epoch 1374: loss=0.0298, RMSE_E=0.9 meV, RMSE_F=5.5 meV / A
2024-06-30 02:24:10.731 INFO: Epoch 1376: loss=0.0296, RMSE_E=0.9 meV, RMSE_F=5.4 meV / A
2024-06-30 02:24:27.113 INFO: Epoch 1378: loss=0.0293, RMSE_E=0.9 meV, RMSE_F=5.4 meV / A
2024-06-30 02:24:43.396 INFO: Epoch 1380: loss=0.0295, RMSE_E=0.8 meV, RMSE_F=5.4 meV / A
2024-06-30 02:24:59.761 INFO: Epoch 1382: loss=0.0296, RMSE_E=0.9 meV, RMSE_F=5.4 meV / A
2024-06-30 02:25:16.062 INFO: Epoch 1384: loss=0.0295, RMSE_E=0.9 meV, RMSE_F=5.4 meV / A
2024-06-30 02:25:32.250 INFO: Epoch 1386: loss=0.0295, RMSE_E=0.9 meV, RMSE_F=5.4 meV / A
2024-06-30 02:25:48.511 INFO: Epoch 1388: loss=0.0296, RMSE_E=0.9 meV, RMSE_F=5.4 meV / A
2024-06-30 02:26:04.703 INFO: Epoch 1390: loss=0.0297, RMSE_E=0.9 meV, RMSE_F=5.4 meV / A
2024-06-30 02:26:21.046 INFO: Epoch 1392: loss=0.0296, RMSE_E=0.9 meV, RMSE_F=5.4 meV / A
2024-06-30 02:26:37.390 INFO: Epoch 1394: loss=0.0297, RMSE_E=0.9 meV, RMSE_F=5.4 meV / A
2024-06-30 02:26:53.660 INFO: Epoch 1396: loss=0.0296, RMSE_E=0.9 meV, RMSE_F=5.4 meV / A
2024-06-30 02:27:10.019 INFO: Epoch 1398: loss=0.0299, RMSE_E=0.9 meV, RMSE_F=5.5 meV / A
2024-06-30 02:27:26.337 INFO: Epoch 1400: loss=0.0294, RMSE_E=0.9 meV, RMSE_F=5.4 meV / A
2024-06-30 02:27:42.600 INFO: Epoch 1402: loss=0.0300, RMSE_E=0.9 meV, RMSE_F=5.5 meV / A
2024-06-30 02:27:58.973 INFO: Epoch 1404: loss=0.0301, RMSE_E=0.9 meV, RMSE_F=5.5 meV / A
2024-06-30 02:28:15.334 INFO: Epoch 1406: loss=0.0298, RMSE_E=0.9 meV, RMSE_F=5.5 meV / A
2024-06-30 02:28:31.645 INFO: Epoch 1408: loss=0.0296, RMSE_E=0.9 meV, RMSE_F=5.4 meV / A
2024-06-30 02:28:47.913 INFO: Epoch 1410: loss=0.0297, RMSE_E=1.0 meV, RMSE_F=5.4 meV / A
2024-06-30 02:29:04.245 INFO: Epoch 1412: loss=0.0291, RMSE_E=0.9 meV, RMSE_F=5.4 meV / A
2024-06-30 02:29:20.672 INFO: Epoch 1414: loss=0.0296, RMSE_E=0.9 meV, RMSE_F=5.4 meV / A
2024-06-30 02:29:37.001 INFO: Epoch 1416: loss=0.0297, RMSE_E=0.9 meV, RMSE_F=5.4 meV / A
2024-06-30 02:29:53.333 INFO: Epoch 1418: loss=0.0297, RMSE_E=0.9 meV, RMSE_F=5.4 meV / A
2024-06-30 02:30:09.633 INFO: Epoch 1420: loss=0.0295, RMSE_E=0.9 meV, RMSE_F=5.4 meV / A
2024-06-30 02:30:25.978 INFO: Epoch 1422: loss=0.0295, RMSE_E=0.9 meV, RMSE_F=5.4 meV / A
2024-06-30 02:30:42.278 INFO: Epoch 1424: loss=0.0294, RMSE_E=0.9 meV, RMSE_F=5.4 meV / A
2024-06-30 02:30:58.599 INFO: Epoch 1426: loss=0.0293, RMSE_E=0.9 meV, RMSE_F=5.4 meV / A
2024-06-30 02:31:14.886 INFO: Epoch 1428: loss=0.0293, RMSE_E=0.9 meV, RMSE_F=5.4 meV / A
2024-06-30 02:31:31.169 INFO: Epoch 1430: loss=0.0294, RMSE_E=0.9 meV, RMSE_F=5.4 meV / A
2024-06-30 02:31:47.528 INFO: Epoch 1432: loss=0.0296, RMSE_E=0.9 meV, RMSE_F=5.4 meV / A
2024-06-30 02:32:03.860 INFO: Epoch 1434: loss=0.0296, RMSE_E=0.9 meV, RMSE_F=5.4 meV / A
2024-06-30 02:32:20.154 INFO: Epoch 1436: loss=0.0290, RMSE_E=0.8 meV, RMSE_F=5.4 meV / A
2024-06-30 02:32:36.556 INFO: Epoch 1438: loss=0.0293, RMSE_E=0.9 meV, RMSE_F=5.4 meV / A
2024-06-30 02:32:52.844 INFO: Epoch 1440: loss=0.0296, RMSE_E=0.9 meV, RMSE_F=5.4 meV / A
2024-06-30 02:33:09.066 INFO: Epoch 1442: loss=0.0292, RMSE_E=0.9 meV, RMSE_F=5.4 meV / A
2024-06-30 02:33:25.517 INFO: Epoch 1444: loss=0.0299, RMSE_E=0.9 meV, RMSE_F=5.5 meV / A
2024-06-30 02:33:41.794 INFO: Epoch 1446: loss=0.0296, RMSE_E=0.9 meV, RMSE_F=5.4 meV / A
2024-06-30 02:33:58.095 INFO: Epoch 1448: loss=0.0290, RMSE_E=0.9 meV, RMSE_F=5.4 meV / A
2024-06-30 02:34:14.454 INFO: Epoch 1450: loss=0.0297, RMSE_E=0.8 meV, RMSE_F=5.4 meV / A
2024-06-30 02:34:30.760 INFO: Epoch 1452: loss=0.0297, RMSE_E=0.9 meV, RMSE_F=5.5 meV / A
2024-06-30 02:34:46.999 INFO: Epoch 1454: loss=0.0294, RMSE_E=0.9 meV, RMSE_F=5.4 meV / A
2024-06-30 02:35:03.226 INFO: Epoch 1456: loss=0.0296, RMSE_E=0.9 meV, RMSE_F=5.4 meV / A
2024-06-30 02:35:19.478 INFO: Epoch 1458: loss=0.0295, RMSE_E=1.0 meV, RMSE_F=5.4 meV / A
2024-06-30 02:35:35.698 INFO: Epoch 1460: loss=0.0297, RMSE_E=0.9 meV, RMSE_F=5.4 meV / A
2024-06-30 02:35:51.988 INFO: Epoch 1462: loss=0.0295, RMSE_E=0.9 meV, RMSE_F=5.4 meV / A
2024-06-30 02:36:08.214 INFO: Epoch 1464: loss=0.0289, RMSE_E=0.9 meV, RMSE_F=5.4 meV / A
2024-06-30 02:36:24.518 INFO: Epoch 1466: loss=0.0292, RMSE_E=0.9 meV, RMSE_F=5.4 meV / A
2024-06-30 02:36:40.835 INFO: Epoch 1468: loss=0.0291, RMSE_E=0.9 meV, RMSE_F=5.4 meV / A
2024-06-30 02:36:57.173 INFO: Epoch 1470: loss=0.0295, RMSE_E=0.9 meV, RMSE_F=5.4 meV / A
2024-06-30 02:37:13.459 INFO: Epoch 1472: loss=0.0292, RMSE_E=0.9 meV, RMSE_F=5.4 meV / A
2024-06-30 02:37:29.788 INFO: Epoch 1474: loss=0.0291, RMSE_E=0.9 meV, RMSE_F=5.4 meV / A
2024-06-30 02:37:46.152 INFO: Epoch 1476: loss=0.0291, RMSE_E=0.9 meV, RMSE_F=5.4 meV / A
2024-06-30 02:38:02.535 INFO: Epoch 1478: loss=0.0290, RMSE_E=0.9 meV, RMSE_F=5.4 meV / A
2024-06-30 02:38:18.911 INFO: Epoch 1480: loss=0.0293, RMSE_E=0.9 meV, RMSE_F=5.4 meV / A
2024-06-30 02:38:35.288 INFO: Epoch 1482: loss=0.0292, RMSE_E=0.9 meV, RMSE_F=5.4 meV / A
2024-06-30 02:38:51.618 INFO: Epoch 1484: loss=0.0291, RMSE_E=0.9 meV, RMSE_F=5.4 meV / A
2024-06-30 02:39:07.946 INFO: Epoch 1486: loss=0.0289, RMSE_E=0.9 meV, RMSE_F=5.4 meV / A
2024-06-30 02:39:24.198 INFO: Epoch 1488: loss=0.0295, RMSE_E=0.9 meV, RMSE_F=5.4 meV / A
2024-06-30 02:39:40.427 INFO: Epoch 1490: loss=0.0293, RMSE_E=1.0 meV, RMSE_F=5.4 meV / A
2024-06-30 02:39:56.801 INFO: Epoch 1492: loss=0.0289, RMSE_E=0.8 meV, RMSE_F=5.4 meV / A
2024-06-30 02:40:13.181 INFO: Epoch 1494: loss=0.0286, RMSE_E=0.9 meV, RMSE_F=5.3 meV / A
2024-06-30 02:40:29.358 INFO: Epoch 1496: loss=0.0289, RMSE_E=0.9 meV, RMSE_F=5.4 meV / A
2024-06-30 02:40:45.520 INFO: Epoch 1498: loss=0.0300, RMSE_E=0.9 meV, RMSE_F=5.5 meV / A
2024-06-30 02:40:53.415 INFO: Training complete
2024-06-30 02:40:53.415 INFO: Computing metrics for training, validation, and test sets
2024-06-30 02:40:53.669 INFO: Loading checkpoint: checkpoints/AcAc_run-123_epoch-1494.pt
2024-06-30 02:40:53.862 INFO: Loaded model from epoch 1494
2024-06-30 02:40:53.863 INFO: Evaluating train ...
2024-06-30 02:40:58.463 INFO: Evaluating valid ...
2024-06-30 02:40:58.973 INFO: Evaluating 300K_MD ...
2024-06-30 02:41:06.200 INFO: 
+-------------+--------------+------------------+-------------------+
| config_type | RMSE E / meV | RMSE F / meV / A | relative F RMSE % |
+-------------+--------------+------------------+-------------------+
|    train    |     0.4      |       1.5        |        0.14       |
|    valid    |     0.9      |       5.3        |        0.52       |
|   300K_MD   |     0.8      |       5.9        |        0.57       |
+-------------+--------------+------------------+-------------------+
2024-06-30 02:41:06.200 INFO: Saving model to checkpoints/AcAc_run-123.model
2024-06-30 02:41:06.569 INFO: Compiling model, saving metadata to AcAc_compiled.model
2024-06-30 02:41:07.831 INFO: Done
