2024-11-26 17:31:05.205 INFO: MACE version: 0.3.5
2024-11-26 17:31:05.206 INFO: Configuration: Namespace(config=None, name='H2O', seed=123, log_dir='logs', model_dir='.', checkpoints_dir='checkpoints', results_dir='results', downloads_dir='downloads', device='cuda', default_dtype='float64', distributed=False, log_level='INFO', error_table='TotalRMSE', model='ScaleShiftMACE', r_max=6.0, radial_type='bessel', num_radial_basis=10, num_cutoff_basis=5, pair_repulsion=False, distance_transform='None', interaction='RealAgnosticResidualInteractionBlock', interaction_first='RealAgnosticResidualInteractionBlock', max_ell=3, correlation=3, num_interactions=2, MLP_irreps='16x0e', radial_MLP='[64, 64, 64]', hidden_irreps='128x0e + 128x1o', num_channels=128, max_L=2, gate='silu', scaling='rms_forces_scaling', avg_num_neighbors=1, compute_avg_num_neighbors=True, compute_stress=False, compute_forces=True, train_file='./dataset/train.xyz', valid_file='./dataset/valid.xyz', valid_fraction=0.1, test_file=None, test_dir=None, multi_processed_test=False, num_workers=0, pin_memory=True, atomic_numbers=None, mean=None, std=None, statistics_file=None, E0s='average', keep_isolated_atoms=False, energy_key='energy', forces_key='forces', virials_key='virials', stress_key='stress', dipole_key='dipole', charges_key='charges', loss='ef', forces_weight=1000.0, swa_forces_weight=100.0, energy_weight=1.0, swa_energy_weight=1000.0, virials_weight=1.0, swa_virials_weight=10.0, stress_weight=1.0, swa_stress_weight=10.0, dipole_weight=1.0, swa_dipole_weight=1.0, config_type_weights='{"Default":1.0}', huber_delta=0.01, optimizer='adam', beta=0.9, batch_size=1, valid_batch_size=1, lr=0.005, swa_lr=0.001, weight_decay=1e-08, amsgrad=True, scheduler='ReduceLROnPlateau', lr_factor=0.8, scheduler_patience=5, lr_scheduler_gamma=0.9993, swa=False, start_swa=None, ema=True, ema_decay=0.995, max_num_epochs=20, patience=2048, foundation_model='/share/home/wangchen/work/mace/MPtrj/2024-01-07-mace-128-L2_epoch-199.model', foundation_model_readout=True, eval_interval=1, keep_checkpoints=False, save_all_checkpoints=False, restart_latest=False, save_cpu=True, clip_grad=100.0, wandb=False, wandb_dir=None, wandb_project='', wandb_entity='', wandb_name='', wandb_log_hypers=['num_channels', 'max_L', 'correlation', 'lr', 'swa_lr', 'weight_decay', 'batch_size', 'max_num_epochs', 'start_swa', 'energy_weight', 'forces_weight'])
2024-11-26 17:31:05.386 INFO: CUDA version: 11.8, CUDA device: 0
2024-11-26 17:31:05.471 INFO: Error accessing Git repository: /share/home/wangchen/work/mace/inorganic/H2O/LoRA
2024-11-26 17:31:06.072 INFO: Using foundation model /share/home/wangchen/work/mace/MPtrj/2024-01-07-mace-128-L2_epoch-199.model as initial checkpoint.
2024-11-26 17:31:30.566 INFO: Since ASE version 3.23.0b1, using energy_key 'energy' is no longer safe when communicating between MACE and ASE. We recommend using a different key, rewriting energies to 'REF_energy'. You need to use --energy_key='REF_energy', to tell the key name chosen.
2024-11-26 17:31:35.187 INFO: Since ASE version 3.23.0b1, using forces_key 'forces' is no longer safe when communicating between MACE and ASE. We recommend using a different key, rewriting energies to 'REF_forces'. You need to use --forces_key='REF_forces', to tell the key name chosen.
2024-11-26 17:31:39.947 INFO: Since ASE version 3.23.0b1, using stress_key 'stress' is no longer safe when communicating between MACE and ASE. We recommend using a different key, rewriting energies to 'REF_stress'. You need to use --stress_key='REF_stress', to tell the key name chosen.
2024-11-26 17:31:41.674 INFO: Loaded 46077 training configurations from './dataset/train.xyz'
2024-11-26 17:31:43.161 INFO: Since ASE version 3.23.0b1, using energy_key 'energy' is no longer safe when communicating between MACE and ASE. We recommend using a different key, rewriting energies to 'REF_energy'. You need to use --energy_key='REF_energy', to tell the key name chosen.
2024-11-26 17:31:43.395 INFO: Since ASE version 3.23.0b1, using forces_key 'forces' is no longer safe when communicating between MACE and ASE. We recommend using a different key, rewriting energies to 'REF_forces'. You need to use --forces_key='REF_forces', to tell the key name chosen.
2024-11-26 17:31:43.636 INFO: Since ASE version 3.23.0b1, using stress_key 'stress' is no longer safe when communicating between MACE and ASE. We recommend using a different key, rewriting energies to 'REF_stress'. You need to use --stress_key='REF_stress', to tell the key name chosen.
2024-11-26 17:31:43.725 INFO: Loaded 2342 validation configurations from './dataset/valid.xyz'
2024-11-26 17:31:43.730 INFO: Total number of configurations: train=46077, valid=2342, tests=[]
2024-11-26 17:31:44.388 INFO: AtomicNumberTable: (1, 8)
2024-11-26 17:31:44.388 INFO: Atomic Energies not in training file, using command line argument E0s
2024-11-26 17:31:44.388 INFO: Computing average Atomic Energies using least squares regression
2024-11-26 17:31:44.520 INFO: Atomic energies: [-6.355977380289888, -3.1779886901449492]
2024-11-26 17:55:10.412 INFO: EnergyForcesLoss(energy_weight=1.000, forces_weight=1000.000)
2024-11-26 17:56:29.150 INFO: Average number of neighbors: 142.63454407126375
2024-11-26 17:56:29.298 INFO: Selected the following outputs: {'energy': True, 'forces': True, 'virials': False, 'stress': False, 'dipoles': False}
2024-11-26 17:57:41.460 INFO: Building model
2024-11-26 17:57:43.264 INFO: Number of trainable parameters: 186570
2024-11-26 17:57:43.266 INFO: ScaleShiftMACE(
  (node_embedding): LinearNodeEmbeddingBlock(
    (linear): Linear(2x0e -> 128x0e | 256 weights) | 2080 LoRA_weights)
  )
  (radial_embedding): RadialEmbeddingBlock(
    (bessel_fn): BesselBasis(r_max=6.0, num_basis=10, trainable=True)
    (cutoff_fn): PolynomialCutoff(p=5.0, r_max=6.0)
  )
  (spherical_harmonics): SphericalHarmonics()
  (atomic_energies_fn): AtomicEnergiesBlock(energies=[-6.3560, -3.1780])
  (interactions): ModuleList(
    (0): RealAgnosticResidualInteractionBlock(
      (linear_up): Linear(128x0e -> 128x0e | 16384 weights) | 4096 LoRA_weights)
      (conv_tp): TensorProduct(128x0e x 1x0e+1x1o+1x2e+1x3o -> 128x0e+128x1o+128x2e+128x3o | 512 paths | 512 weights | 0 LoRA_weights)
      (conv_tp_weights): FullyConnectedNet[10, 64, 64, 64, 512]
      (linear): Linear(128x0e+128x1o+128x2e+128x3o -> 128x0e+128x1o+128x2e+128x3o | 65536 weights) | 16384 LoRA_weights)
      (skip_tp): FullyConnectedTensorProduct(128x0e x 2x0e -> 128x0e+128x1o+128x2e | 32768 paths | 32768 weights | 6144 LoRA_weights)
      (reshape): reshape_irreps()
    )
    (1): RealAgnosticResidualInteractionBlock(
      (linear_up): Linear(128x0e+128x1o+128x2e -> 128x0e+128x1o+128x2e | 49152 weights) | 12288 LoRA_weights)
      (conv_tp): TensorProduct(128x0e+128x1o+128x2e x 1x0e+1x1o+1x2e+1x3o -> 384x0e+640x1o+640x2e+512x3o | 2176 paths | 2176 weights | 0 LoRA_weights)
      (conv_tp_weights): FullyConnectedNet[10, 64, 64, 64, 2176]
      (linear): Linear(384x0e+640x1o+640x2e+512x3o -> 128x0e+128x1o+128x2e+128x3o | 278528 weights) | 43008 LoRA_weights)
      (skip_tp): FullyConnectedTensorProduct(128x0e+128x1o+128x2e x 2x0e -> 128x0e | 32768 paths | 32768 weights | 6144 LoRA_weights)
      (reshape): reshape_irreps()
    )
  )
  (products): ModuleList(
    (0): EquivariantProductBasisBlock(
      (symmetric_contractions): SymmetricContraction(
        (contractions): ModuleList(
          (0): Contraction(
            (contractions_weighting): ModuleList(
              (0-1): 2 x GraphModule()
            )
            (contractions_features): ModuleList(
              (0-1): 2 x GraphModule()
            )
            (weights): ParameterList(
                (0): Parameter containing: [torch.float64 of size 2x4x128 (cuda:0)]
                (1): Parameter containing: [torch.float64 of size 2x1x128 (cuda:0)]
            )
            (graph_opt_main): GraphModule()
            (LoRA_weight): ParameterList(
                (0): Parameter containing: [torch.float64 of size 2x23x16 (cuda:0)]
                (1): Parameter containing: [torch.float64 of size 16x128 (cuda:0)]
            )
          )
          (1): Contraction(
            (contractions_weighting): ModuleList(
              (0-1): 2 x GraphModule()
            )
            (contractions_features): ModuleList(
              (0-1): 2 x GraphModule()
            )
            (weights): ParameterList(
                (0): Parameter containing: [torch.float64 of size 2x6x128 (cuda:0)]
                (1): Parameter containing: [torch.float64 of size 2x1x128 (cuda:0)]
            )
            (graph_opt_main): GraphModule()
            (LoRA_weight): ParameterList(
                (0): Parameter containing: [torch.float64 of size 2x51x16 (cuda:0)]
                (1): Parameter containing: [torch.float64 of size 16x128 (cuda:0)]
            )
          )
          (2): Contraction(
            (contractions_weighting): ModuleList(
              (0-1): 2 x GraphModule()
            )
            (contractions_features): ModuleList(
              (0-1): 2 x GraphModule()
            )
            (weights): ParameterList(
                (0): Parameter containing: [torch.float64 of size 2x7x128 (cuda:0)]
                (1): Parameter containing: [torch.float64 of size 2x1x128 (cuda:0)]
            )
            (graph_opt_main): GraphModule()
            (LoRA_weight): ParameterList(
                (0): Parameter containing: [torch.float64 of size 2x65x16 (cuda:0)]
                (1): Parameter containing: [torch.float64 of size 16x128 (cuda:0)]
            )
          )
        )
      )
      (linear): Linear(128x0e+128x1o+128x2e -> 128x0e+128x1o+128x2e | 49152 weights) | 12288 LoRA_weights)
    )
    (1): EquivariantProductBasisBlock(
      (symmetric_contractions): SymmetricContraction(
        (contractions): ModuleList(
          (0): Contraction(
            (contractions_weighting): ModuleList(
              (0-1): 2 x GraphModule()
            )
            (contractions_features): ModuleList(
              (0-1): 2 x GraphModule()
            )
            (weights): ParameterList(
                (0): Parameter containing: [torch.float64 of size 2x4x128 (cuda:0)]
                (1): Parameter containing: [torch.float64 of size 2x1x128 (cuda:0)]
            )
            (graph_opt_main): GraphModule()
            (LoRA_weight): ParameterList(
                (0): Parameter containing: [torch.float64 of size 2x23x16 (cuda:0)]
                (1): Parameter containing: [torch.float64 of size 16x128 (cuda:0)]
            )
          )
        )
      )
      (linear): Linear(128x0e -> 128x0e | 16384 weights) | 4096 LoRA_weights)
    )
  )
  (readouts): ModuleList(
    (0): LinearReadoutBlock(
      (linear): Linear(128x0e+128x1o+128x2e -> 1x0e | 128 weights) | 2064 LoRA_weights)
    )
    (1): NonLinearReadoutBlock(
      (linear_1): Linear(128x0e -> 16x0e | 2048 weights) | 2304 LoRA_weights)
      (non_linearity): Activation [x] (16x0e -> 16x0e)
      (linear_2): Linear(16x0e -> 1x0e | 16 weights) | 272 LoRA_weights)
    )
  )
  (scale_shift): ScaleShiftBlock(scale=0.804154, shift=0.164097)
)
2024-11-26 17:57:43.269 INFO: Number of parameters: 960858
2024-11-26 17:57:43.269 INFO: Optimizer: Adam (
Parameter Group 0
    amsgrad: True
    betas: (0.9, 0.999)
    capturable: False
    differentiable: False
    eps: 1e-08
    foreach: None
    fused: None
    lr: 0.005
    maximize: False
    name: embedding
    weight_decay: 0.0

Parameter Group 1
    amsgrad: True
    betas: (0.9, 0.999)
    capturable: False
    differentiable: False
    eps: 1e-08
    foreach: None
    fused: None
    lr: 0.005
    maximize: False
    name: interactions_decay
    weight_decay: 1e-08

Parameter Group 2
    amsgrad: True
    betas: (0.9, 0.999)
    capturable: False
    differentiable: False
    eps: 1e-08
    foreach: None
    fused: None
    lr: 0.005
    maximize: False
    name: interactions_no_decay
    weight_decay: 0.0

Parameter Group 3
    amsgrad: True
    betas: (0.9, 0.999)
    capturable: False
    differentiable: False
    eps: 1e-08
    foreach: None
    fused: None
    lr: 0.005
    maximize: False
    name: products
    weight_decay: 1e-08

Parameter Group 4
    amsgrad: True
    betas: (0.9, 0.999)
    capturable: False
    differentiable: False
    eps: 1e-08
    foreach: None
    fused: None
    lr: 0.005
    maximize: False
    name: readouts
    weight_decay: 0.0
)
2024-11-26 17:57:43.269 INFO: Using gradient clipping with tolerance=100.000
2024-11-26 17:57:43.269 INFO: Started training
2024-11-26 18:04:43.768 INFO: Epoch None: loss=8513.2657, RMSE_E=23789.9 meV, RMSE_F=1924.9 meV / A
2024-11-26 23:04:31.599 INFO: Epoch 0: loss=1.0226, RMSE_E=463.9 meV, RMSE_F=30.7 meV / A
2024-11-27 03:52:30.682 INFO: Epoch 1: loss=0.9595, RMSE_E=618.3 meV, RMSE_F=25.7 meV / A
2024-11-27 08:16:47.913 INFO: Epoch 2: loss=0.6132, RMSE_E=411.4 meV, RMSE_F=22.6 meV / A
2024-11-27 12:49:45.255 INFO: Epoch 3: loss=0.7667, RMSE_E=543.0 meV, RMSE_F=23.0 meV / A
2024-11-27 17:24:28.157 INFO: Epoch 4: loss=0.4948, RMSE_E=346.2 meV, RMSE_F=20.7 meV / A
2024-11-27 22:02:29.251 INFO: Epoch 5: loss=0.3589, RMSE_E=168.8 meV, RMSE_F=19.3 meV / A
2024-11-28 03:15:40.390 INFO: Epoch 6: loss=0.3880, RMSE_E=231.3 meV, RMSE_F=19.5 meV / A
2024-11-28 08:19:41.925 INFO: Epoch 7: loss=0.3435, RMSE_E=170.7 meV, RMSE_F=18.9 meV / A
2024-11-28 12:55:52.520 INFO: Epoch 8: loss=0.3374, RMSE_E=222.8 meV, RMSE_F=18.1 meV / A
2024-11-28 17:40:10.557 INFO: Epoch 9: loss=0.3204, RMSE_E=156.0 meV, RMSE_F=18.4 meV / A
2024-11-28 22:45:33.480 INFO: Epoch 10: loss=0.3576, RMSE_E=288.4 meV, RMSE_F=17.7 meV / A
2024-11-29 03:32:22.284 INFO: Epoch 11: loss=0.3114, RMSE_E=195.0 meV, RMSE_F=17.6 meV / A
2024-11-29 08:02:00.265 INFO: Epoch 12: loss=0.2787, RMSE_E=137.1 meV, RMSE_F=17.2 meV / A
2024-11-29 12:30:27.392 INFO: Epoch 13: loss=0.3064, RMSE_E=245.0 meV, RMSE_F=16.7 meV / A
2024-11-29 16:59:57.057 INFO: Epoch 14: loss=0.2645, RMSE_E=156.7 meV, RMSE_F=16.5 meV / A
2024-11-29 21:43:33.074 INFO: Epoch 15: loss=0.3087, RMSE_E=195.9 meV, RMSE_F=17.5 meV / A
2024-11-30 02:34:11.769 INFO: Epoch 16: loss=0.2561, RMSE_E=173.3 meV, RMSE_F=16.1 meV / A
2024-11-30 07:20:41.590 INFO: Epoch 17: loss=0.2838, RMSE_E=219.5 meV, RMSE_F=16.3 meV / A
2024-11-30 11:51:35.539 INFO: Epoch 18: loss=0.3061, RMSE_E=247.8 meV, RMSE_F=16.7 meV / A
2024-11-30 16:16:19.938 INFO: Epoch 19: loss=0.2655, RMSE_E=196.8 meV, RMSE_F=16.1 meV / A
2024-11-30 16:16:19.939 INFO: Training complete
2024-11-30 16:16:19.939 INFO: Computing metrics for training, validation, and test sets
2024-11-30 16:16:19.954 INFO: Loading checkpoint: checkpoints/H2O_run-123_epoch-16.pt
2024-11-30 16:16:20.223 INFO: Loaded model from epoch 16
2024-11-30 16:16:20.224 INFO: Evaluating train ...
2024-12-01 06:11:21.020 INFO: Evaluating valid ...
2024-12-01 06:18:09.024 INFO: 
+-------------+--------------+------------------+-------------------+
| config_type | RMSE E / meV | RMSE F / meV / A | relative F RMSE % |
+-------------+--------------+------------------+-------------------+
|    train    |    175.8     |       16.4       |        1.42       |
|    valid    |    173.3     |       16.1       |        1.39       |
+-------------+--------------+------------------+-------------------+
2024-12-01 06:18:09.025 INFO: Saving model to checkpoints/H2O_run-123.model
2024-12-01 06:18:09.616 INFO: Compiling model, saving metadata to H2O_compiled.model
2024-12-01 06:18:11.248 INFO: Done
