2024-11-25 15:06:09.625 INFO: MACE version: 0.3.5
2024-11-25 15:06:09.626 INFO: Configuration: Namespace(config=None, name='ethanol', seed=123, log_dir='logs', model_dir='.', checkpoints_dir='checkpoints', results_dir='results', downloads_dir='downloads', device='cuda', default_dtype='float64', distributed=False, log_level='INFO', error_table='TotalRMSE', model='MACE', r_max=5.0, radial_type='bessel', num_radial_basis=8, num_cutoff_basis=5, pair_repulsion=False, distance_transform='None', interaction='RealAgnosticResidualInteractionBlock', interaction_first='RealAgnosticResidualInteractionBlock', max_ell=3, correlation=3, num_interactions=2, MLP_irreps='16x0e', radial_MLP='[64, 64, 64]', hidden_irreps='128x0e + 128x1o', num_channels=128, max_L=1, gate='silu', scaling='rms_forces_scaling', avg_num_neighbors=1, compute_avg_num_neighbors=True, compute_stress=False, compute_forces=True, train_file='./dataset/train.xyz', valid_file='./dataset/valid.xyz', valid_fraction=0.1, test_file=None, test_dir=None, multi_processed_test=False, num_workers=0, pin_memory=True, atomic_numbers=None, mean=None, std=None, statistics_file=None, E0s='average', keep_isolated_atoms=False, energy_key='energy', forces_key='forces', virials_key='virials', stress_key='stress', dipole_key='dipole', charges_key='charges', loss='ef', forces_weight=1000.0, swa_forces_weight=100.0, energy_weight=1.0, swa_energy_weight=1000.0, virials_weight=1.0, swa_virials_weight=10.0, stress_weight=1.0, swa_stress_weight=10.0, dipole_weight=1.0, swa_dipole_weight=1.0, config_type_weights='{"Default":1.0}', huber_delta=0.01, optimizer='adam', beta=0.9, batch_size=5, valid_batch_size=5, lr=0.005, swa_lr=0.001, weight_decay=1e-08, amsgrad=True, scheduler='ReduceLROnPlateau', lr_factor=0.8, scheduler_patience=5, lr_scheduler_gamma=0.9993, swa=False, start_swa=None, ema=True, ema_decay=0.995, max_num_epochs=500, patience=2048, foundation_model='/home/l6eub2ic/whcs-share31/wangchen/mace/MPtrj/MACE-OFF23_medium.model', foundation_model_readout=True, eval_interval=2, keep_checkpoints=False, save_all_checkpoints=False, restart_latest=False, save_cpu=True, clip_grad=100.0, wandb=False, wandb_dir=None, wandb_project='', wandb_entity='', wandb_name='', wandb_log_hypers=['num_channels', 'max_L', 'correlation', 'lr', 'swa_lr', 'weight_decay', 'batch_size', 'max_num_epochs', 'start_swa', 'energy_weight', 'forces_weight'])
2024-11-25 15:06:09.775 INFO: CUDA version: 11.8, CUDA device: 0
2024-11-25 15:06:10.466 INFO: Error accessing Git repository: /home/l6eub2ic/whcs-share31/wangchen/mace/organic/ethanol/LoRA
2024-11-25 15:06:15.053 INFO: Using foundation model /home/l6eub2ic/whcs-share31/wangchen/mace/MPtrj/MACE-OFF23_medium.model as initial checkpoint.
2024-11-25 15:06:15.115 INFO: Since ASE version 3.23.0b1, using energy_key 'energy' is no longer safe when communicating between MACE and ASE. We recommend using a different key, rewriting energies to 'REF_energy'. You need to use --energy_key='REF_energy', to tell the key name chosen.
2024-11-25 15:06:15.125 INFO: Since ASE version 3.23.0b1, using forces_key 'forces' is no longer safe when communicating between MACE and ASE. We recommend using a different key, rewriting energies to 'REF_forces'. You need to use --forces_key='REF_forces', to tell the key name chosen.
2024-11-25 15:06:15.138 INFO: Since ASE version 3.23.0b1, using stress_key 'stress' is no longer safe when communicating between MACE and ASE. We recommend using a different key, rewriting energies to 'REF_stress'. You need to use --stress_key='REF_stress', to tell the key name chosen.
2024-11-25 15:06:15.140 INFO: Loaded 50 training configurations from './dataset/train.xyz'
2024-11-25 15:06:16.458 INFO: Since ASE version 3.23.0b1, using energy_key 'energy' is no longer safe when communicating between MACE and ASE. We recommend using a different key, rewriting energies to 'REF_energy'. You need to use --energy_key='REF_energy', to tell the key name chosen.
2024-11-25 15:06:16.636 INFO: Since ASE version 3.23.0b1, using forces_key 'forces' is no longer safe when communicating between MACE and ASE. We recommend using a different key, rewriting energies to 'REF_forces'. You need to use --forces_key='REF_forces', to tell the key name chosen.
2024-11-25 15:06:16.813 INFO: Since ASE version 3.23.0b1, using stress_key 'stress' is no longer safe when communicating between MACE and ASE. We recommend using a different key, rewriting energies to 'REF_stress'. You need to use --stress_key='REF_stress', to tell the key name chosen.
2024-11-25 15:06:16.837 INFO: Loaded 950 validation configurations from './dataset/valid.xyz'
2024-11-25 15:06:16.837 INFO: Total number of configurations: train=50, valid=950, tests=[]
2024-11-25 15:06:16.840 INFO: AtomicNumberTable: (1, 6, 8)
2024-11-25 15:06:16.841 INFO: Atomic Energies not in training file, using command line argument E0s
2024-11-25 15:06:16.841 INFO: Computing average Atomic Energies using least squares regression
2024-11-25 15:06:16.849 INFO: Atomic energies: [-616.0352247151025, -205.3450749050341, -102.67253745251703]
2024-11-25 15:06:17.391 INFO: EnergyForcesLoss(energy_weight=1.000, forces_weight=1000.000)
2024-11-25 15:06:17.424 INFO: Average number of neighbors: 8.0
2024-11-25 15:06:17.424 INFO: Selected the following outputs: {'energy': True, 'forces': True, 'virials': False, 'stress': False, 'dipoles': False}
2024-11-25 15:06:17.448 INFO: Building model
2024-11-25 15:06:30.314 INFO: Number of trainable parameters: 175880
2024-11-25 15:06:30.320 INFO: ScaleShiftMACE(
  (node_embedding): LinearNodeEmbeddingBlock(
    (linear): Linear(3x0e -> 128x0e | 384 weights) | 2096 LoRA_weights)
  )
  (radial_embedding): RadialEmbeddingBlock(
    (bessel_fn): BesselBasis(r_max=5.0, num_basis=8, trainable=True)
    (cutoff_fn): PolynomialCutoff(p=5.0, r_max=5.0)
  )
  (spherical_harmonics): SphericalHarmonics()
  (atomic_energies_fn): AtomicEnergiesBlock(energies=[-616.0352, -205.3451, -102.6725])
  (interactions): ModuleList(
    (0): RealAgnosticInteractionBlock(
      (linear_up): Linear(128x0e -> 128x0e | 16384 weights) | 4096 LoRA_weights)
      (conv_tp): TensorProduct(128x0e x 1x0e+1x1o+1x2e+1x3o -> 128x0e+128x1o+128x2e+128x3o | 512 paths | 512 weights | 0 LoRA_weights)
      (conv_tp_weights): FullyConnectedNet[8, 64, 64, 64, 512]
      (linear): Linear(128x0e+128x1o+128x2e+128x3o -> 128x0e+128x1o+128x2e+128x3o | 65536 weights) | 16384 LoRA_weights)
      (skip_tp): FullyConnectedTensorProduct(128x0e+128x1o+128x2e+128x3o x 3x0e -> 128x0e+128x1o+128x2e+128x3o | 196608 paths | 196608 weights | 32768 LoRA_weights)
      (reshape): reshape_irreps()
    )
    (1): RealAgnosticResidualInteractionBlock(
      (linear_up): Linear(128x0e+128x1o -> 128x0e+128x1o | 32768 weights) | 8192 LoRA_weights)
      (conv_tp): TensorProduct(128x0e+128x1o x 1x0e+1x1o+1x2e+1x3o -> 256x0e+384x1o+384x2e+256x3o | 1280 paths | 1280 weights | 0 LoRA_weights)
      (conv_tp_weights): FullyConnectedNet[8, 64, 64, 64, 1280]
      (linear): Linear(256x0e+384x1o+384x2e+256x3o -> 128x0e+128x1o+128x2e+128x3o | 163840 weights) | 28672 LoRA_weights)
      (skip_tp): FullyConnectedTensorProduct(128x0e+128x1o x 3x0e -> 128x0e | 49152 paths | 49152 weights | 8192 LoRA_weights)
      (reshape): reshape_irreps()
    )
  )
  (products): ModuleList(
    (0): EquivariantProductBasisBlock(
      (symmetric_contractions): SymmetricContraction(
        (contractions): ModuleList(
          (0): Contraction(
            (contractions_weighting): ModuleList(
              (0-1): 2 x GraphModule()
            )
            (contractions_features): ModuleList(
              (0-1): 2 x GraphModule()
            )
            (weights): ParameterList(
                (0): Parameter containing: [torch.float64 of size 3x4x128 (GPU 0)]
                (1): Parameter containing: [torch.float64 of size 3x1x128 (GPU 0)]
            )
            (graph_opt_main): GraphModule()
            (LoRA_weight): ParameterList(
                (0): Parameter containing: [torch.float64 of size 3x23x16 (GPU 0)]
                (1): Parameter containing: [torch.float64 of size 16x128 (GPU 0)]
            )
          )
          (1): Contraction(
            (contractions_weighting): ModuleList(
              (0-1): 2 x GraphModule()
            )
            (contractions_features): ModuleList(
              (0-1): 2 x GraphModule()
            )
            (weights): ParameterList(
                (0): Parameter containing: [torch.float64 of size 3x6x128 (GPU 0)]
                (1): Parameter containing: [torch.float64 of size 3x1x128 (GPU 0)]
            )
            (graph_opt_main): GraphModule()
            (LoRA_weight): ParameterList(
                (0): Parameter containing: [torch.float64 of size 3x51x16 (GPU 0)]
                (1): Parameter containing: [torch.float64 of size 16x128 (GPU 0)]
            )
          )
        )
      )
      (linear): Linear(128x0e+128x1o -> 128x0e+128x1o | 32768 weights) | 8192 LoRA_weights)
    )
    (1): EquivariantProductBasisBlock(
      (symmetric_contractions): SymmetricContraction(
        (contractions): ModuleList(
          (0): Contraction(
            (contractions_weighting): ModuleList(
              (0-1): 2 x GraphModule()
            )
            (contractions_features): ModuleList(
              (0-1): 2 x GraphModule()
            )
            (weights): ParameterList(
                (0): Parameter containing: [torch.float64 of size 3x4x128 (GPU 0)]
                (1): Parameter containing: [torch.float64 of size 3x1x128 (GPU 0)]
            )
            (graph_opt_main): GraphModule()
            (LoRA_weight): ParameterList(
                (0): Parameter containing: [torch.float64 of size 3x23x16 (GPU 0)]
                (1): Parameter containing: [torch.float64 of size 16x128 (GPU 0)]
            )
          )
        )
      )
      (linear): Linear(128x0e -> 128x0e | 16384 weights) | 4096 LoRA_weights)
    )
  )
  (readouts): ModuleList(
    (0): LinearReadoutBlock(
      (linear): Linear(128x0e+128x1o -> 1x0e | 128 weights) | 2064 LoRA_weights)
    )
    (1): NonLinearReadoutBlock(
      (linear_1): Linear(128x0e -> 16x0e | 2048 weights) | 2304 LoRA_weights)
      (non_linearity): Activation [x] (16x0e -> 16x0e)
      (linear_2): Linear(16x0e -> 1x0e | 16 weights) | 272 LoRA_weights)
    )
  )
  (scale_shift): ScaleShiftBlock(scale=1.088502, shift=0.000000)
)
2024-11-25 15:06:30.324 INFO: Number of parameters: 921240
2024-11-25 15:06:30.325 INFO: Optimizer: Adam (
Parameter Group 0
    amsgrad: True
    betas: (0.9, 0.999)
    capturable: False
    differentiable: False
    eps: 1e-08
    foreach: None
    fused: None
    lr: 0.005
    maximize: False
    name: embedding
    weight_decay: 0.0

Parameter Group 1
    amsgrad: True
    betas: (0.9, 0.999)
    capturable: False
    differentiable: False
    eps: 1e-08
    foreach: None
    fused: None
    lr: 0.005
    maximize: False
    name: interactions_decay
    weight_decay: 1e-08

Parameter Group 2
    amsgrad: True
    betas: (0.9, 0.999)
    capturable: False
    differentiable: False
    eps: 1e-08
    foreach: None
    fused: None
    lr: 0.005
    maximize: False
    name: interactions_no_decay
    weight_decay: 0.0

Parameter Group 3
    amsgrad: True
    betas: (0.9, 0.999)
    capturable: False
    differentiable: False
    eps: 1e-08
    foreach: None
    fused: None
    lr: 0.005
    maximize: False
    name: products
    weight_decay: 1e-08

Parameter Group 4
    amsgrad: True
    betas: (0.9, 0.999)
    capturable: False
    differentiable: False
    eps: 1e-08
    foreach: None
    fused: None
    lr: 0.005
    maximize: False
    name: readouts
    weight_decay: 0.0
)
2024-11-25 15:06:30.325 INFO: Using gradient clipping with tolerance=100.000
2024-11-25 15:06:30.325 INFO: Started training
2024-11-25 15:06:49.171 INFO: Epoch None: loss=1377.2961, RMSE_E=34406.9 meV, RMSE_F=439.8 meV / A
2024-11-25 15:07:07.051 INFO: Epoch 0: loss=227.4741, RMSE_E=12103.8 meV, RMSE_F=284.6 meV / A
2024-11-25 15:07:18.875 INFO: Epoch 2: loss=13.2107, RMSE_E=1170.7 meV, RMSE_F=108.8 meV / A
2024-11-25 15:07:31.287 INFO: Epoch 4: loss=8.6507, RMSE_E=548.3 meV, RMSE_F=91.4 meV / A
2024-11-25 15:07:42.813 INFO: Epoch 6: loss=3.9455, RMSE_E=265.6 meV, RMSE_F=62.2 meV / A
2024-11-25 15:07:54.832 INFO: Epoch 8: loss=2.4547, RMSE_E=259.0 meV, RMSE_F=48.9 meV / A
2024-11-25 15:08:06.972 INFO: Epoch 10: loss=1.9458, RMSE_E=171.9 meV, RMSE_F=43.8 meV / A
2024-11-25 15:08:19.393 INFO: Epoch 12: loss=1.5608, RMSE_E=46.1 meV, RMSE_F=39.5 meV / A
2024-11-25 15:08:31.072 INFO: Epoch 14: loss=1.2876, RMSE_E=54.5 meV, RMSE_F=35.8 meV / A
2024-11-25 15:08:42.931 INFO: Epoch 16: loss=1.4115, RMSE_E=89.6 meV, RMSE_F=37.5 meV / A
2024-11-25 15:08:52.378 INFO: Epoch 18: loss=0.9664, RMSE_E=75.4 meV, RMSE_F=31.0 meV / A
2024-11-25 15:09:04.847 INFO: Epoch 20: loss=0.8938, RMSE_E=55.5 meV, RMSE_F=29.8 meV / A
2024-11-25 15:09:16.200 INFO: Epoch 22: loss=0.7559, RMSE_E=44.1 meV, RMSE_F=27.5 meV / A
2024-11-25 15:09:28.939 INFO: Epoch 24: loss=0.6889, RMSE_E=61.6 meV, RMSE_F=26.2 meV / A
2024-11-25 15:09:40.619 INFO: Epoch 26: loss=0.6545, RMSE_E=26.4 meV, RMSE_F=25.6 meV / A
2024-11-25 15:09:52.123 INFO: Epoch 28: loss=0.5993, RMSE_E=14.6 meV, RMSE_F=24.5 meV / A
2024-11-25 15:10:03.676 INFO: Epoch 30: loss=0.5986, RMSE_E=15.5 meV, RMSE_F=24.5 meV / A
2024-11-25 15:10:14.973 INFO: Epoch 32: loss=0.6008, RMSE_E=28.1 meV, RMSE_F=24.5 meV / A
2024-11-25 15:10:24.081 INFO: Epoch 34: loss=0.5797, RMSE_E=36.5 meV, RMSE_F=24.0 meV / A
2024-11-25 15:10:35.447 INFO: Epoch 36: loss=0.4986, RMSE_E=35.8 meV, RMSE_F=22.3 meV / A
2024-11-25 15:10:46.094 INFO: Epoch 38: loss=0.4771, RMSE_E=16.6 meV, RMSE_F=21.8 meV / A
2024-11-25 15:10:57.681 INFO: Epoch 40: loss=0.4548, RMSE_E=44.0 meV, RMSE_F=21.3 meV / A
2024-11-25 15:11:10.031 INFO: Epoch 42: loss=0.4474, RMSE_E=57.9 meV, RMSE_F=21.1 meV / A
2024-11-25 15:11:21.962 INFO: Epoch 44: loss=0.4451, RMSE_E=55.0 meV, RMSE_F=21.0 meV / A
2024-11-25 15:11:33.281 INFO: Epoch 46: loss=0.4387, RMSE_E=30.8 meV, RMSE_F=20.9 meV / A
2024-11-25 15:11:45.367 INFO: Epoch 48: loss=0.4353, RMSE_E=39.2 meV, RMSE_F=20.8 meV / A
2024-11-25 15:11:56.765 INFO: Epoch 50: loss=0.4225, RMSE_E=46.7 meV, RMSE_F=20.5 meV / A
2024-11-25 15:12:08.195 INFO: Epoch 52: loss=0.4227, RMSE_E=39.6 meV, RMSE_F=20.5 meV / A
2024-11-25 15:12:17.633 INFO: Epoch 54: loss=0.4159, RMSE_E=35.7 meV, RMSE_F=20.4 meV / A
2024-11-25 15:12:29.200 INFO: Epoch 56: loss=0.4157, RMSE_E=40.1 meV, RMSE_F=20.4 meV / A
2024-11-25 15:12:41.244 INFO: Epoch 58: loss=0.4083, RMSE_E=27.6 meV, RMSE_F=20.2 meV / A
2024-11-25 15:12:53.167 INFO: Epoch 60: loss=0.4023, RMSE_E=26.7 meV, RMSE_F=20.0 meV / A
2024-11-25 15:13:04.361 INFO: Epoch 62: loss=0.3893, RMSE_E=21.4 meV, RMSE_F=19.7 meV / A
2024-11-25 15:13:16.287 INFO: Epoch 64: loss=0.3817, RMSE_E=16.9 meV, RMSE_F=19.5 meV / A
2024-11-25 15:13:27.562 INFO: Epoch 66: loss=0.3830, RMSE_E=21.9 meV, RMSE_F=19.6 meV / A
2024-11-25 15:13:37.058 INFO: Epoch 68: loss=0.3858, RMSE_E=14.6 meV, RMSE_F=19.6 meV / A
2024-11-25 15:13:46.423 INFO: Epoch 70: loss=0.3733, RMSE_E=17.4 meV, RMSE_F=19.3 meV / A
2024-11-25 15:13:57.413 INFO: Epoch 72: loss=0.3697, RMSE_E=15.1 meV, RMSE_F=19.2 meV / A
2024-11-25 15:14:08.577 INFO: Epoch 74: loss=0.3682, RMSE_E=17.9 meV, RMSE_F=19.2 meV / A
2024-11-25 15:14:19.824 INFO: Epoch 76: loss=0.3693, RMSE_E=24.6 meV, RMSE_F=19.2 meV / A
2024-11-25 15:14:29.646 INFO: Epoch 78: loss=0.3634, RMSE_E=21.2 meV, RMSE_F=19.1 meV / A
2024-11-25 15:14:40.959 INFO: Epoch 80: loss=0.3656, RMSE_E=23.7 meV, RMSE_F=19.1 meV / A
2024-11-25 15:14:50.205 INFO: Epoch 82: loss=0.3616, RMSE_E=15.1 meV, RMSE_F=19.0 meV / A
2024-11-25 15:15:02.010 INFO: Epoch 84: loss=0.3567, RMSE_E=14.4 meV, RMSE_F=18.9 meV / A
2024-11-25 15:15:13.695 INFO: Epoch 86: loss=0.3577, RMSE_E=14.0 meV, RMSE_F=18.9 meV / A
2024-11-25 15:15:23.099 INFO: Epoch 88: loss=0.3478, RMSE_E=18.0 meV, RMSE_F=18.6 meV / A
2024-11-25 15:15:35.306 INFO: Epoch 90: loss=0.3420, RMSE_E=15.7 meV, RMSE_F=18.5 meV / A
2024-11-25 15:15:47.538 INFO: Epoch 92: loss=0.3401, RMSE_E=15.3 meV, RMSE_F=18.4 meV / A
2024-11-25 15:16:00.479 INFO: Epoch 94: loss=0.3369, RMSE_E=15.9 meV, RMSE_F=18.3 meV / A
2024-11-25 15:16:13.218 INFO: Epoch 96: loss=0.3364, RMSE_E=15.1 meV, RMSE_F=18.3 meV / A
2024-11-25 15:16:24.944 INFO: Epoch 98: loss=0.3304, RMSE_E=12.4 meV, RMSE_F=18.2 meV / A
2024-11-25 15:16:37.502 INFO: Epoch 100: loss=0.3274, RMSE_E=9.8 meV, RMSE_F=18.1 meV / A
2024-11-25 15:16:50.573 INFO: Epoch 102: loss=0.3246, RMSE_E=10.5 meV, RMSE_F=18.0 meV / A
2024-11-25 15:17:03.731 INFO: Epoch 104: loss=0.3229, RMSE_E=9.5 meV, RMSE_F=18.0 meV / A
2024-11-25 15:17:16.618 INFO: Epoch 106: loss=0.3197, RMSE_E=9.0 meV, RMSE_F=17.9 meV / A
2024-11-25 15:17:29.271 INFO: Epoch 108: loss=0.3161, RMSE_E=7.9 meV, RMSE_F=17.8 meV / A
2024-11-25 15:17:40.763 INFO: Epoch 110: loss=0.3134, RMSE_E=7.5 meV, RMSE_F=17.7 meV / A
2024-11-25 15:17:53.173 INFO: Epoch 112: loss=0.3111, RMSE_E=6.0 meV, RMSE_F=17.6 meV / A
2024-11-25 15:18:05.010 INFO: Epoch 114: loss=0.3088, RMSE_E=5.6 meV, RMSE_F=17.6 meV / A
2024-11-25 15:18:17.058 INFO: Epoch 116: loss=0.3066, RMSE_E=5.6 meV, RMSE_F=17.5 meV / A
2024-11-25 15:18:29.234 INFO: Epoch 118: loss=0.3043, RMSE_E=5.7 meV, RMSE_F=17.4 meV / A
2024-11-25 15:18:41.207 INFO: Epoch 120: loss=0.3021, RMSE_E=4.7 meV, RMSE_F=17.4 meV / A
2024-11-25 15:18:53.239 INFO: Epoch 122: loss=0.3002, RMSE_E=4.6 meV, RMSE_F=17.3 meV / A
2024-11-25 15:19:05.461 INFO: Epoch 124: loss=0.2981, RMSE_E=4.2 meV, RMSE_F=17.3 meV / A
2024-11-25 15:19:17.646 INFO: Epoch 126: loss=0.2970, RMSE_E=4.3 meV, RMSE_F=17.2 meV / A
2024-11-25 15:19:29.792 INFO: Epoch 128: loss=0.2959, RMSE_E=4.4 meV, RMSE_F=17.2 meV / A
2024-11-25 15:19:41.492 INFO: Epoch 130: loss=0.2945, RMSE_E=4.1 meV, RMSE_F=17.2 meV / A
2024-11-25 15:19:54.683 INFO: Epoch 132: loss=0.2939, RMSE_E=3.7 meV, RMSE_F=17.1 meV / A
2024-11-25 15:20:07.381 INFO: Epoch 134: loss=0.2934, RMSE_E=3.9 meV, RMSE_F=17.1 meV / A
2024-11-25 15:20:19.080 INFO: Epoch 136: loss=0.2925, RMSE_E=3.5 meV, RMSE_F=17.1 meV / A
2024-11-25 15:20:30.784 INFO: Epoch 138: loss=0.2918, RMSE_E=4.1 meV, RMSE_F=17.1 meV / A
2024-11-25 15:20:43.728 INFO: Epoch 140: loss=0.2908, RMSE_E=4.1 meV, RMSE_F=17.1 meV / A
2024-11-25 15:20:56.528 INFO: Epoch 142: loss=0.2921, RMSE_E=3.5 meV, RMSE_F=17.1 meV / A
2024-11-25 15:21:06.279 INFO: Epoch 144: loss=0.2929, RMSE_E=3.8 meV, RMSE_F=17.1 meV / A
2024-11-25 15:21:15.908 INFO: Epoch 146: loss=0.2938, RMSE_E=3.7 meV, RMSE_F=17.1 meV / A
2024-11-25 15:21:25.551 INFO: Epoch 148: loss=0.2924, RMSE_E=4.1 meV, RMSE_F=17.1 meV / A
2024-11-25 15:21:35.211 INFO: Epoch 150: loss=0.2911, RMSE_E=3.9 meV, RMSE_F=17.1 meV / A
2024-11-25 15:21:44.876 INFO: Epoch 152: loss=0.2899, RMSE_E=4.2 meV, RMSE_F=17.0 meV / A
2024-11-25 15:21:56.272 INFO: Epoch 154: loss=0.2888, RMSE_E=3.7 meV, RMSE_F=17.0 meV / A
2024-11-25 15:22:08.702 INFO: Epoch 156: loss=0.2878, RMSE_E=3.9 meV, RMSE_F=17.0 meV / A
2024-11-25 15:22:21.366 INFO: Epoch 158: loss=0.2866, RMSE_E=3.5 meV, RMSE_F=16.9 meV / A
2024-11-25 15:22:34.183 INFO: Epoch 160: loss=0.2858, RMSE_E=3.5 meV, RMSE_F=16.9 meV / A
2024-11-25 15:22:45.756 INFO: Epoch 162: loss=0.2849, RMSE_E=3.5 meV, RMSE_F=16.9 meV / A
2024-11-25 15:22:57.474 INFO: Epoch 164: loss=0.2840, RMSE_E=3.5 meV, RMSE_F=16.9 meV / A
2024-11-25 15:23:09.423 INFO: Epoch 166: loss=0.2831, RMSE_E=3.4 meV, RMSE_F=16.8 meV / A
2024-11-25 15:23:20.345 INFO: Epoch 168: loss=0.2821, RMSE_E=3.4 meV, RMSE_F=16.8 meV / A
2024-11-25 15:23:31.949 INFO: Epoch 170: loss=0.2812, RMSE_E=3.3 meV, RMSE_F=16.8 meV / A
2024-11-25 15:23:41.420 INFO: Epoch 172: loss=0.2807, RMSE_E=3.4 meV, RMSE_F=16.8 meV / A
2024-11-25 15:23:52.589 INFO: Epoch 174: loss=0.2800, RMSE_E=3.3 meV, RMSE_F=16.7 meV / A
2024-11-25 15:24:03.837 INFO: Epoch 176: loss=0.2791, RMSE_E=3.3 meV, RMSE_F=16.7 meV / A
2024-11-25 15:24:15.752 INFO: Epoch 178: loss=0.2782, RMSE_E=3.2 meV, RMSE_F=16.7 meV / A
2024-11-25 15:24:27.221 INFO: Epoch 180: loss=0.2775, RMSE_E=3.2 meV, RMSE_F=16.7 meV / A
2024-11-25 15:24:39.421 INFO: Epoch 182: loss=0.2767, RMSE_E=3.2 meV, RMSE_F=16.6 meV / A
2024-11-25 15:24:50.962 INFO: Epoch 184: loss=0.2764, RMSE_E=3.2 meV, RMSE_F=16.6 meV / A
2024-11-25 15:25:03.320 INFO: Epoch 186: loss=0.2760, RMSE_E=3.2 meV, RMSE_F=16.6 meV / A
2024-11-25 15:25:15.443 INFO: Epoch 188: loss=0.2757, RMSE_E=3.2 meV, RMSE_F=16.6 meV / A
2024-11-25 15:25:27.408 INFO: Epoch 190: loss=0.2752, RMSE_E=3.1 meV, RMSE_F=16.6 meV / A
2024-11-25 15:25:39.239 INFO: Epoch 192: loss=0.2747, RMSE_E=3.1 meV, RMSE_F=16.6 meV / A
2024-11-25 15:25:51.306 INFO: Epoch 194: loss=0.2744, RMSE_E=3.1 meV, RMSE_F=16.6 meV / A
2024-11-25 15:26:03.477 INFO: Epoch 196: loss=0.2740, RMSE_E=3.1 meV, RMSE_F=16.6 meV / A
2024-11-25 15:26:15.430 INFO: Epoch 198: loss=0.2736, RMSE_E=3.1 meV, RMSE_F=16.5 meV / A
2024-11-25 15:26:27.677 INFO: Epoch 200: loss=0.2732, RMSE_E=3.1 meV, RMSE_F=16.5 meV / A
2024-11-25 15:26:39.480 INFO: Epoch 202: loss=0.2732, RMSE_E=3.1 meV, RMSE_F=16.5 meV / A
2024-11-25 15:26:51.171 INFO: Epoch 204: loss=0.2731, RMSE_E=3.1 meV, RMSE_F=16.5 meV / A
2024-11-25 15:27:03.422 INFO: Epoch 206: loss=0.2729, RMSE_E=3.1 meV, RMSE_F=16.5 meV / A
2024-11-25 15:27:15.011 INFO: Epoch 208: loss=0.2726, RMSE_E=3.1 meV, RMSE_F=16.5 meV / A
2024-11-25 15:27:27.281 INFO: Epoch 210: loss=0.2721, RMSE_E=3.1 meV, RMSE_F=16.5 meV / A
2024-11-25 15:27:39.075 INFO: Epoch 212: loss=0.2718, RMSE_E=3.1 meV, RMSE_F=16.5 meV / A
2024-11-25 15:27:51.279 INFO: Epoch 214: loss=0.2715, RMSE_E=3.1 meV, RMSE_F=16.5 meV / A
2024-11-25 15:28:03.758 INFO: Epoch 216: loss=0.2712, RMSE_E=3.0 meV, RMSE_F=16.5 meV / A
2024-11-25 15:28:15.009 INFO: Epoch 218: loss=0.2710, RMSE_E=3.0 meV, RMSE_F=16.5 meV / A
2024-11-25 15:28:27.495 INFO: Epoch 220: loss=0.2707, RMSE_E=3.0 meV, RMSE_F=16.5 meV / A
2024-11-25 15:28:39.268 INFO: Epoch 222: loss=0.2705, RMSE_E=3.0 meV, RMSE_F=16.4 meV / A
2024-11-25 15:28:49.139 INFO: Epoch 224: loss=0.2704, RMSE_E=3.0 meV, RMSE_F=16.4 meV / A
2024-11-25 15:29:00.671 INFO: Epoch 226: loss=0.2702, RMSE_E=3.0 meV, RMSE_F=16.4 meV / A
2024-11-25 15:29:12.583 INFO: Epoch 228: loss=0.2697, RMSE_E=3.0 meV, RMSE_F=16.4 meV / A
2024-11-25 15:29:24.241 INFO: Epoch 230: loss=0.2692, RMSE_E=3.0 meV, RMSE_F=16.4 meV / A
2024-11-25 15:29:35.156 INFO: Epoch 232: loss=0.2691, RMSE_E=3.1 meV, RMSE_F=16.4 meV / A
2024-11-25 15:29:46.836 INFO: Epoch 234: loss=0.2689, RMSE_E=3.0 meV, RMSE_F=16.4 meV / A
2024-11-25 15:29:58.700 INFO: Epoch 236: loss=0.2689, RMSE_E=3.0 meV, RMSE_F=16.4 meV / A
2024-11-25 15:30:10.601 INFO: Epoch 238: loss=0.2689, RMSE_E=3.0 meV, RMSE_F=16.4 meV / A
2024-11-25 15:30:22.741 INFO: Epoch 240: loss=0.2686, RMSE_E=3.0 meV, RMSE_F=16.4 meV / A
2024-11-25 15:30:34.821 INFO: Epoch 242: loss=0.2684, RMSE_E=3.0 meV, RMSE_F=16.4 meV / A
2024-11-25 15:30:46.881 INFO: Epoch 244: loss=0.2684, RMSE_E=3.0 meV, RMSE_F=16.4 meV / A
2024-11-25 15:30:56.079 INFO: Epoch 246: loss=0.2683, RMSE_E=3.0 meV, RMSE_F=16.4 meV / A
2024-11-25 15:31:08.459 INFO: Epoch 248: loss=0.2681, RMSE_E=3.0 meV, RMSE_F=16.4 meV / A
2024-11-25 15:31:20.410 INFO: Epoch 250: loss=0.2680, RMSE_E=3.0 meV, RMSE_F=16.4 meV / A
2024-11-25 15:31:32.240 INFO: Epoch 252: loss=0.2680, RMSE_E=3.0 meV, RMSE_F=16.4 meV / A
2024-11-25 15:31:42.108 INFO: Epoch 254: loss=0.2680, RMSE_E=3.0 meV, RMSE_F=16.4 meV / A
2024-11-25 15:31:51.518 INFO: Epoch 256: loss=0.2678, RMSE_E=3.0 meV, RMSE_F=16.4 meV / A
2024-11-25 15:32:03.771 INFO: Epoch 258: loss=0.2678, RMSE_E=3.0 meV, RMSE_F=16.4 meV / A
2024-11-25 15:32:13.588 INFO: Epoch 260: loss=0.2676, RMSE_E=3.0 meV, RMSE_F=16.4 meV / A
2024-11-25 15:32:25.292 INFO: Epoch 262: loss=0.2678, RMSE_E=3.0 meV, RMSE_F=16.4 meV / A
2024-11-25 15:32:34.499 INFO: Epoch 264: loss=0.2678, RMSE_E=3.0 meV, RMSE_F=16.4 meV / A
2024-11-25 15:32:43.857 INFO: Epoch 266: loss=0.2678, RMSE_E=3.0 meV, RMSE_F=16.4 meV / A
2024-11-25 15:32:53.337 INFO: Epoch 268: loss=0.2676, RMSE_E=3.0 meV, RMSE_F=16.4 meV / A
2024-11-25 15:33:02.753 INFO: Epoch 270: loss=0.2675, RMSE_E=3.0 meV, RMSE_F=16.4 meV / A
2024-11-25 15:33:14.670 INFO: Epoch 272: loss=0.2674, RMSE_E=3.0 meV, RMSE_F=16.4 meV / A
2024-11-25 15:33:26.832 INFO: Epoch 274: loss=0.2673, RMSE_E=3.0 meV, RMSE_F=16.3 meV / A
2024-11-25 15:33:39.319 INFO: Epoch 276: loss=0.2672, RMSE_E=3.0 meV, RMSE_F=16.3 meV / A
2024-11-25 15:33:50.885 INFO: Epoch 278: loss=0.2671, RMSE_E=3.0 meV, RMSE_F=16.3 meV / A
2024-11-25 15:34:02.537 INFO: Epoch 280: loss=0.2670, RMSE_E=3.0 meV, RMSE_F=16.3 meV / A
2024-11-25 15:34:14.163 INFO: Epoch 282: loss=0.2669, RMSE_E=3.0 meV, RMSE_F=16.3 meV / A
2024-11-25 15:34:26.270 INFO: Epoch 284: loss=0.2668, RMSE_E=3.0 meV, RMSE_F=16.3 meV / A
2024-11-25 15:34:38.355 INFO: Epoch 286: loss=0.2666, RMSE_E=3.0 meV, RMSE_F=16.3 meV / A
2024-11-25 15:34:50.298 INFO: Epoch 288: loss=0.2666, RMSE_E=2.9 meV, RMSE_F=16.3 meV / A
2024-11-25 15:35:02.076 INFO: Epoch 290: loss=0.2666, RMSE_E=3.0 meV, RMSE_F=16.3 meV / A
2024-11-25 15:35:14.482 INFO: Epoch 292: loss=0.2665, RMSE_E=2.9 meV, RMSE_F=16.3 meV / A
2024-11-25 15:35:26.586 INFO: Epoch 294: loss=0.2664, RMSE_E=2.9 meV, RMSE_F=16.3 meV / A
2024-11-25 15:35:38.449 INFO: Epoch 296: loss=0.2664, RMSE_E=2.9 meV, RMSE_F=16.3 meV / A
2024-11-25 15:35:50.711 INFO: Epoch 298: loss=0.2663, RMSE_E=2.9 meV, RMSE_F=16.3 meV / A
2024-11-25 15:36:02.608 INFO: Epoch 300: loss=0.2663, RMSE_E=3.0 meV, RMSE_F=16.3 meV / A
2024-11-25 15:36:15.470 INFO: Epoch 302: loss=0.2661, RMSE_E=2.9 meV, RMSE_F=16.3 meV / A
2024-11-25 15:36:27.904 INFO: Epoch 304: loss=0.2661, RMSE_E=2.9 meV, RMSE_F=16.3 meV / A
2024-11-25 15:36:39.906 INFO: Epoch 306: loss=0.2661, RMSE_E=2.9 meV, RMSE_F=16.3 meV / A
2024-11-25 15:36:51.992 INFO: Epoch 308: loss=0.2660, RMSE_E=2.9 meV, RMSE_F=16.3 meV / A
2024-11-25 15:37:04.122 INFO: Epoch 310: loss=0.2659, RMSE_E=2.9 meV, RMSE_F=16.3 meV / A
2024-11-25 15:37:16.244 INFO: Epoch 312: loss=0.2659, RMSE_E=2.9 meV, RMSE_F=16.3 meV / A
2024-11-25 15:37:28.567 INFO: Epoch 314: loss=0.2659, RMSE_E=2.9 meV, RMSE_F=16.3 meV / A
2024-11-25 15:37:40.664 INFO: Epoch 316: loss=0.2658, RMSE_E=2.9 meV, RMSE_F=16.3 meV / A
2024-11-25 15:37:52.248 INFO: Epoch 318: loss=0.2658, RMSE_E=2.9 meV, RMSE_F=16.3 meV / A
2024-11-25 15:38:04.496 INFO: Epoch 320: loss=0.2658, RMSE_E=2.9 meV, RMSE_F=16.3 meV / A
2024-11-25 15:38:16.391 INFO: Epoch 322: loss=0.2656, RMSE_E=2.9 meV, RMSE_F=16.3 meV / A
2024-11-25 15:38:28.716 INFO: Epoch 324: loss=0.2656, RMSE_E=2.9 meV, RMSE_F=16.3 meV / A
2024-11-25 15:38:40.679 INFO: Epoch 326: loss=0.2656, RMSE_E=2.9 meV, RMSE_F=16.3 meV / A
2024-11-25 15:38:50.509 INFO: Epoch 328: loss=0.2656, RMSE_E=2.9 meV, RMSE_F=16.3 meV / A
2024-11-25 15:38:59.980 INFO: Epoch 330: loss=0.2655, RMSE_E=2.9 meV, RMSE_F=16.3 meV / A
2024-11-25 15:39:11.702 INFO: Epoch 332: loss=0.2655, RMSE_E=2.9 meV, RMSE_F=16.3 meV / A
2024-11-25 15:39:21.371 INFO: Epoch 334: loss=0.2655, RMSE_E=2.9 meV, RMSE_F=16.3 meV / A
2024-11-25 15:39:32.465 INFO: Epoch 336: loss=0.2654, RMSE_E=2.9 meV, RMSE_F=16.3 meV / A
2024-11-25 15:39:43.824 INFO: Epoch 338: loss=0.2653, RMSE_E=2.9 meV, RMSE_F=16.3 meV / A
2024-11-25 15:39:56.164 INFO: Epoch 340: loss=0.2653, RMSE_E=2.9 meV, RMSE_F=16.3 meV / A
2024-11-25 15:40:07.850 INFO: Epoch 342: loss=0.2653, RMSE_E=2.9 meV, RMSE_F=16.3 meV / A
2024-11-25 15:40:20.153 INFO: Epoch 344: loss=0.2652, RMSE_E=2.9 meV, RMSE_F=16.3 meV / A
2024-11-25 15:40:32.097 INFO: Epoch 346: loss=0.2650, RMSE_E=2.9 meV, RMSE_F=16.3 meV / A
2024-11-25 15:40:43.841 INFO: Epoch 348: loss=0.2649, RMSE_E=2.9 meV, RMSE_F=16.3 meV / A
2024-11-25 15:40:55.404 INFO: Epoch 350: loss=0.2648, RMSE_E=2.9 meV, RMSE_F=16.3 meV / A
2024-11-25 15:41:07.728 INFO: Epoch 352: loss=0.2647, RMSE_E=2.9 meV, RMSE_F=16.3 meV / A
2024-11-25 15:41:19.611 INFO: Epoch 354: loss=0.2647, RMSE_E=2.9 meV, RMSE_F=16.3 meV / A
2024-11-25 15:41:31.132 INFO: Epoch 356: loss=0.2647, RMSE_E=2.9 meV, RMSE_F=16.3 meV / A
2024-11-25 15:41:44.116 INFO: Epoch 358: loss=0.2647, RMSE_E=2.9 meV, RMSE_F=16.3 meV / A
2024-11-25 15:41:54.124 INFO: Epoch 360: loss=0.2647, RMSE_E=2.9 meV, RMSE_F=16.3 meV / A
2024-11-25 15:42:03.958 INFO: Epoch 362: loss=0.2647, RMSE_E=2.9 meV, RMSE_F=16.3 meV / A
2024-11-25 15:42:15.786 INFO: Epoch 364: loss=0.2646, RMSE_E=2.9 meV, RMSE_F=16.3 meV / A
2024-11-25 15:42:27.681 INFO: Epoch 366: loss=0.2645, RMSE_E=2.9 meV, RMSE_F=16.3 meV / A
2024-11-25 15:42:40.245 INFO: Epoch 368: loss=0.2645, RMSE_E=2.9 meV, RMSE_F=16.3 meV / A
2024-11-25 15:42:50.015 INFO: Epoch 370: loss=0.2644, RMSE_E=2.9 meV, RMSE_F=16.3 meV / A
2024-11-25 15:43:02.020 INFO: Epoch 372: loss=0.2644, RMSE_E=2.9 meV, RMSE_F=16.3 meV / A
2024-11-25 15:43:13.985 INFO: Epoch 374: loss=0.2643, RMSE_E=2.9 meV, RMSE_F=16.3 meV / A
2024-11-25 15:43:25.976 INFO: Epoch 376: loss=0.2643, RMSE_E=2.9 meV, RMSE_F=16.3 meV / A
2024-11-25 15:43:37.927 INFO: Epoch 378: loss=0.2643, RMSE_E=2.9 meV, RMSE_F=16.3 meV / A
2024-11-25 15:43:50.437 INFO: Epoch 380: loss=0.2643, RMSE_E=2.9 meV, RMSE_F=16.3 meV / A
2024-11-25 15:44:02.465 INFO: Epoch 382: loss=0.2643, RMSE_E=2.9 meV, RMSE_F=16.3 meV / A
2024-11-25 15:44:12.144 INFO: Epoch 384: loss=0.2643, RMSE_E=2.9 meV, RMSE_F=16.3 meV / A
2024-11-25 15:44:21.797 INFO: Epoch 386: loss=0.2643, RMSE_E=2.9 meV, RMSE_F=16.3 meV / A
2024-11-25 15:44:33.033 INFO: Epoch 388: loss=0.2643, RMSE_E=2.9 meV, RMSE_F=16.3 meV / A
2024-11-25 15:44:44.334 INFO: Epoch 390: loss=0.2642, RMSE_E=2.9 meV, RMSE_F=16.3 meV / A
2024-11-25 15:44:56.993 INFO: Epoch 392: loss=0.2642, RMSE_E=2.9 meV, RMSE_F=16.3 meV / A
2024-11-25 15:45:08.827 INFO: Epoch 394: loss=0.2642, RMSE_E=2.9 meV, RMSE_F=16.3 meV / A
2024-11-25 15:45:20.554 INFO: Epoch 396: loss=0.2642, RMSE_E=2.9 meV, RMSE_F=16.3 meV / A
2024-11-25 15:45:32.854 INFO: Epoch 398: loss=0.2642, RMSE_E=2.9 meV, RMSE_F=16.3 meV / A
2024-11-25 15:45:45.160 INFO: Epoch 400: loss=0.2642, RMSE_E=2.9 meV, RMSE_F=16.3 meV / A
2024-11-25 15:45:54.965 INFO: Epoch 402: loss=0.2641, RMSE_E=2.9 meV, RMSE_F=16.3 meV / A
2024-11-25 15:46:06.880 INFO: Epoch 404: loss=0.2641, RMSE_E=2.9 meV, RMSE_F=16.3 meV / A
2024-11-25 15:46:19.236 INFO: Epoch 406: loss=0.2641, RMSE_E=2.9 meV, RMSE_F=16.3 meV / A
2024-11-25 15:46:31.609 INFO: Epoch 408: loss=0.2641, RMSE_E=2.9 meV, RMSE_F=16.3 meV / A
2024-11-25 15:46:45.240 INFO: Epoch 410: loss=0.2641, RMSE_E=2.9 meV, RMSE_F=16.2 meV / A
2024-11-25 15:46:58.066 INFO: Epoch 412: loss=0.2641, RMSE_E=2.9 meV, RMSE_F=16.2 meV / A
2024-11-25 15:47:10.485 INFO: Epoch 414: loss=0.2640, RMSE_E=2.9 meV, RMSE_F=16.2 meV / A
2024-11-25 15:47:22.654 INFO: Epoch 416: loss=0.2640, RMSE_E=2.9 meV, RMSE_F=16.2 meV / A
2024-11-25 15:47:34.711 INFO: Epoch 418: loss=0.2640, RMSE_E=2.9 meV, RMSE_F=16.2 meV / A
2024-11-25 15:47:46.481 INFO: Epoch 420: loss=0.2640, RMSE_E=2.9 meV, RMSE_F=16.2 meV / A
2024-11-25 15:47:55.740 INFO: Epoch 422: loss=0.2640, RMSE_E=2.9 meV, RMSE_F=16.2 meV / A
2024-11-25 15:48:07.618 INFO: Epoch 424: loss=0.2640, RMSE_E=2.9 meV, RMSE_F=16.2 meV / A
2024-11-25 15:48:17.245 INFO: Epoch 426: loss=0.2640, RMSE_E=2.9 meV, RMSE_F=16.2 meV / A
2024-11-25 15:48:29.949 INFO: Epoch 428: loss=0.2640, RMSE_E=2.9 meV, RMSE_F=16.2 meV / A
2024-11-25 15:48:41.608 INFO: Epoch 430: loss=0.2640, RMSE_E=2.9 meV, RMSE_F=16.2 meV / A
2024-11-25 15:48:53.287 INFO: Epoch 432: loss=0.2640, RMSE_E=2.9 meV, RMSE_F=16.2 meV / A
2024-11-25 15:49:04.823 INFO: Epoch 434: loss=0.2639, RMSE_E=2.9 meV, RMSE_F=16.2 meV / A
2024-11-25 15:49:16.719 INFO: Epoch 436: loss=0.2639, RMSE_E=2.9 meV, RMSE_F=16.2 meV / A
2024-11-25 15:49:29.073 INFO: Epoch 438: loss=0.2639, RMSE_E=2.9 meV, RMSE_F=16.2 meV / A
2024-11-25 15:49:40.714 INFO: Epoch 440: loss=0.2639, RMSE_E=2.9 meV, RMSE_F=16.2 meV / A
2024-11-25 15:49:53.398 INFO: Epoch 442: loss=0.2639, RMSE_E=2.9 meV, RMSE_F=16.2 meV / A
2024-11-25 15:50:05.316 INFO: Epoch 444: loss=0.2639, RMSE_E=2.9 meV, RMSE_F=16.2 meV / A
2024-11-25 15:50:17.438 INFO: Epoch 446: loss=0.2639, RMSE_E=2.9 meV, RMSE_F=16.2 meV / A
2024-11-25 15:50:29.436 INFO: Epoch 448: loss=0.2639, RMSE_E=2.9 meV, RMSE_F=16.2 meV / A
2024-11-25 15:50:39.106 INFO: Epoch 450: loss=0.2639, RMSE_E=2.9 meV, RMSE_F=16.2 meV / A
2024-11-25 15:50:51.785 INFO: Epoch 452: loss=0.2638, RMSE_E=2.9 meV, RMSE_F=16.2 meV / A
2024-11-25 15:51:03.557 INFO: Epoch 454: loss=0.2638, RMSE_E=2.9 meV, RMSE_F=16.2 meV / A
2024-11-25 15:51:15.409 INFO: Epoch 456: loss=0.2638, RMSE_E=2.9 meV, RMSE_F=16.2 meV / A
2024-11-25 15:51:25.157 INFO: Epoch 458: loss=0.2638, RMSE_E=2.9 meV, RMSE_F=16.2 meV / A
2024-11-25 15:51:36.753 INFO: Epoch 460: loss=0.2638, RMSE_E=2.9 meV, RMSE_F=16.2 meV / A
2024-11-25 15:51:46.587 INFO: Epoch 462: loss=0.2638, RMSE_E=2.9 meV, RMSE_F=16.2 meV / A
2024-11-25 15:51:58.974 INFO: Epoch 464: loss=0.2638, RMSE_E=2.9 meV, RMSE_F=16.2 meV / A
2024-11-25 15:52:11.290 INFO: Epoch 466: loss=0.2638, RMSE_E=2.9 meV, RMSE_F=16.2 meV / A
2024-11-25 15:52:21.369 INFO: Epoch 468: loss=0.2638, RMSE_E=2.9 meV, RMSE_F=16.2 meV / A
2024-11-25 15:52:33.614 INFO: Epoch 470: loss=0.2638, RMSE_E=2.9 meV, RMSE_F=16.2 meV / A
2024-11-25 15:52:46.154 INFO: Epoch 472: loss=0.2638, RMSE_E=2.9 meV, RMSE_F=16.2 meV / A
2024-11-25 15:52:58.627 INFO: Epoch 474: loss=0.2638, RMSE_E=2.9 meV, RMSE_F=16.2 meV / A
2024-11-25 15:53:10.774 INFO: Epoch 476: loss=0.2638, RMSE_E=2.9 meV, RMSE_F=16.2 meV / A
2024-11-25 15:53:21.029 INFO: Epoch 478: loss=0.2638, RMSE_E=2.9 meV, RMSE_F=16.2 meV / A
2024-11-25 15:53:31.088 INFO: Epoch 480: loss=0.2638, RMSE_E=2.9 meV, RMSE_F=16.2 meV / A
2024-11-25 15:53:44.706 INFO: Epoch 482: loss=0.2637, RMSE_E=2.9 meV, RMSE_F=16.2 meV / A
2024-11-25 15:53:56.904 INFO: Epoch 484: loss=0.2637, RMSE_E=2.9 meV, RMSE_F=16.2 meV / A
2024-11-25 15:54:09.583 INFO: Epoch 486: loss=0.2637, RMSE_E=2.9 meV, RMSE_F=16.2 meV / A
2024-11-25 15:54:18.896 INFO: Epoch 488: loss=0.2637, RMSE_E=2.9 meV, RMSE_F=16.2 meV / A
2024-11-25 15:54:30.462 INFO: Epoch 490: loss=0.2637, RMSE_E=2.9 meV, RMSE_F=16.2 meV / A
2024-11-25 15:54:42.244 INFO: Epoch 492: loss=0.2637, RMSE_E=2.9 meV, RMSE_F=16.2 meV / A
2024-11-25 15:54:54.601 INFO: Epoch 494: loss=0.2637, RMSE_E=2.9 meV, RMSE_F=16.2 meV / A
2024-11-25 15:55:04.468 INFO: Epoch 496: loss=0.2637, RMSE_E=2.9 meV, RMSE_F=16.2 meV / A
2024-11-25 15:55:14.257 INFO: Epoch 498: loss=0.2637, RMSE_E=2.9 meV, RMSE_F=16.2 meV / A
2024-11-25 15:55:16.954 INFO: Training complete
2024-11-25 15:55:16.955 INFO: Computing metrics for training, validation, and test sets
2024-11-25 15:55:16.957 INFO: Loading checkpoint: checkpoints/ethanol_run-123_epoch-498.pt
2024-11-25 15:55:17.252 INFO: Loaded model from epoch 498
2024-11-25 15:55:17.253 INFO: Evaluating train ...
2024-11-25 15:55:17.616 INFO: Evaluating valid ...
2024-11-25 15:55:25.379 INFO: 
+-------------+--------------+------------------+-------------------+
| config_type | RMSE E / meV | RMSE F / meV / A | relative F RMSE % |
+-------------+--------------+------------------+-------------------+
|    train    |     1.6      |       2.0        |        0.16       |
|    valid    |     2.9      |       16.2       |        1.38       |
+-------------+--------------+------------------+-------------------+
2024-11-25 15:55:25.379 INFO: Saving model to checkpoints/ethanol_run-123.model
2024-11-25 15:55:31.649 INFO: Compiling model, saving metadata to ethanol_compiled.model
2024-11-25 15:55:33.272 INFO: Done
