srun: ROUTE: split_hostlist: hl=g02r4n[14-15] tree_width 0
<mace.tools.slurm_distributed.DistributedEnvironment object at 0x2aec1f268e80>
WARNING: Logging before InitGoogleLogging() is written to STDERR
I0810 17:07:33.918223 31913 ProcessGroupNCCL.cpp:686] [Rank 2] ProcessGroupNCCL initialization options:NCCL_ASYNC_ERROR_HANDLING: 1, NCCL_DESYNC_DEBUG: 0, NCCL_ENABLE_TIMING: 0, NCCL_BLOCKING_WAIT: 0, TIMEOUT(ms): 1800000, USE_HIGH_PRIORITY_STREAM: 0, TORCH_DISTRIBUTED_DEBUG: OFF, NCCL_DEBUG: OFF, ID=94612421653776
WARNING: Logging before InitGoogleLogging() is written to STDERR
I0810 17:07:34.000000 31914 ProcessGroupNCCL.cpp:686] [Rank 3] ProcessGroupNCCL initialization options:NCCL_ASYNC_ERROR_HANDLING: 1, NCCL_DESYNC_DEBUG: 0, NCCL_ENABLE_TIMING: 0, NCCL_BLOCKING_WAIT: 0, TIMEOUT(ms): 1800000, USE_HIGH_PRIORITY_STREAM: 0, TORCH_DISTRIBUTED_DEBUG: OFF, NCCL_DEBUG: OFF, ID=94116195322544
WARNING: Logging before InitGoogleLogging() is written to STDERR
I0810 17:07:34.027624 31911 ProcessGroupNCCL.cpp:686] [Rank 0] ProcessGroupNCCL initialization options:NCCL_ASYNC_ERROR_HANDLING: 1, NCCL_DESYNC_DEBUG: 0, NCCL_ENABLE_TIMING: 0, NCCL_BLOCKING_WAIT: 0, TIMEOUT(ms): 1800000, USE_HIGH_PRIORITY_STREAM: 0, TORCH_DISTRIBUTED_DEBUG: OFF, NCCL_DEBUG: OFF, ID=94725886887728
2024-08-10 17:07:34.031 INFO: Process group initialized: True
2024-08-10 17:07:34.031 INFO: Processes: 8
2024-08-10 17:07:34.031 INFO: MACE version: 0.3.5
2024-08-10 17:07:34.032 INFO: Configuration: Namespace(E0s=None, MLP_irreps='16x0e', amsgrad=True, atomic_numbers=None, avg_num_neighbors=1, batch_size=16, charges_key='charges', checkpoints_dir='checkpoints', clip_grad=100.0, compute_avg_num_neighbors=True, compute_forces=True, compute_stress=True, config=None, config_type_weights='{"Default":1.0}', correlation=3, default_dtype='float64', device='cuda', dipole_key='dipole', dipole_weight=1.0, distance_transform='None', distributed=True, downloads_dir='downloads', ema=True, ema_decay=0.995, energy_key='energy', energy_weight=1.0, error_table='PerAtomMAEstress', eval_interval=1, forces_key='forces', forces_weight=10.0, foundation_model=None, foundation_model_readout=True, gate='silu', hidden_irreps='128x0e + 128x1o', huber_delta=0.01, interaction='RealAgnosticResidualInteractionBlock', interaction_first='RealAgnosticResidualInteractionBlock', keep_checkpoints=True, keep_isolated_atoms=False, log_dir='logs', log_level='INFO', loss='universal', lr=0.005, lr_factor=0.8, lr_scheduler_gamma=0.9993, max_L=0, max_ell=3, max_num_epochs=200, mean=None, model='ScaleShiftMACE', model_dir='.', multi_processed_test=False, name='L0', num_channels=128, num_cutoff_basis=5, num_interactions=2, num_radial_basis=10, num_workers=6, optimizer='adam', pair_repulsion=False, patience=50, pin_memory=True, r_max=6.0, radial_MLP='[64, 64, 64]', radial_type='bessel', restart_latest=False, results_dir='results', save_all_checkpoints=False, save_cpu=True, scaling='rms_forces_scaling', scheduler='ReduceLROnPlateau', scheduler_patience=5, seed=1, start_swa=None, statistics_file='./dataset/processed_data/statistics.json', std=None, stress_key='stress', stress_weight=100.0, swa=False, swa_dipole_weight=1.0, swa_energy_weight=1000.0, swa_forces_weight=100.0, swa_lr=0.001, swa_stress_weight=10.0, swa_virials_weight=10.0, test_dir=None, test_file=None, train_file='./dataset/processed_data/train', valid_batch_size=32, valid_file='./dataset/processed_data/val', valid_fraction=0.1, virials_key='virials', virials_weight=1.0, wandb=False, wandb_entity='', wandb_log_hypers=['num_channels', 'max_L', 'correlation', 'lr', 'swa_lr', 'weight_decay', 'batch_size', 'max_num_epochs', 'start_swa', 'energy_weight', 'forces_weight'], wandb_name='', wandb_project='', weight_decay=1e-08)
2024-08-10 17:07:34.032 INFO: CUDA version: None, CUDA device: 0
WARNING: Logging before InitGoogleLogging() is written to STDERR
I0810 17:07:34.045785 31912 ProcessGroupNCCL.cpp:686] [Rank 1] ProcessGroupNCCL initialization options:NCCL_ASYNC_ERROR_HANDLING: 1, NCCL_DESYNC_DEBUG: 0, NCCL_ENABLE_TIMING: 0, NCCL_BLOCKING_WAIT: 0, TIMEOUT(ms): 1800000, USE_HIGH_PRIORITY_STREAM: 0, TORCH_DISTRIBUTED_DEBUG: OFF, NCCL_DEBUG: OFF, ID=94550329690720
2024-08-10 17:07:34.148 INFO: Error accessing Git repository: /public/home/jiawl/work/mace/model/MPtrj
2024-08-10 17:07:34.148 INFO: Using statistics json file
2024-08-10 17:07:34.148 INFO: Using atomic numbers from statistics file
2024-08-10 17:07:34.149 INFO: AtomicNumberTable: (1, 2, 3, 4, 5, 6, 7, 8, 9, 10, 11, 12, 13, 14, 15, 16, 17, 18, 19, 20, 21, 22, 23, 24, 25, 26, 27, 28, 29, 30, 31, 32, 33, 34, 35, 36, 37, 38, 39, 40, 41, 42, 43, 44, 45, 46, 47, 48, 49, 50, 51, 52, 53, 54, 55, 56, 57, 58, 59, 60, 61, 62, 63, 64, 65, 66, 67, 68, 69, 70, 71, 72, 73, 74, 75, 76, 77, 78, 79, 80, 81, 82, 83, 89, 90, 91, 92, 93, 94)
2024-08-10 17:07:34.149 INFO: Atomic Energies not in training file, using command line argument E0s
2024-08-10 17:07:34.150 INFO: Atomic energies: [-3.665129082168616, -1.3268448297775848, -3.48036530425996, -4.736632923589864, -7.729660082370106, -8.404140811390597, -7.363275886107861, -7.285915087084559, -4.896973856388181, 3.3573144264664734e-13, -2.7485133126922747, -2.8078864428851533, -4.847550279201389, -7.694101802698512, -6.966884592848928, -4.671062806815684, -2.815259036301751, -0.06259504416957595, -2.6140928003676236, -5.395991549910634, -7.892112974595401, -10.271708390306257, -8.666763369187791, -9.227707302571677, -8.298434830348908, -7.045362904862065, -5.578272670361611, -5.172104532490062, -3.245671691735544, -1.2879582491366122, -3.5247725223302946, -4.710128324801775, -3.984733259197608, -3.8878490129733434, -2.5176082230706758, 6.752637064319446, -2.559951935298585, -4.929903788642756, -10.135487338582982, -11.8484668950788, -12.141615972583805, -8.781008149481213, -8.778273277772014, -7.768859836187836, -6.854827708420025, -4.886353126562549, -2.067182401053442, -0.6397715304402876, -2.795087114841533, -3.8206345157186874, -3.5838818172098135, -2.876932399467874, -1.637372766508895, 9.843944321272652, -2.7617413437851117, -4.992849305043196, -8.920407237080406, -8.72456978420765, -8.012791410733074, -8.239742347478327, -7.587716852198664, -8.163243078701797, -13.60669720477925, -18.515910426213367, -7.640342297950453, -8.129805082776073, -7.603339893806108, -6.845735727122822, -7.822743295236865, -3.5862570500167896, -7.502853568067199, -12.773909608936664, -14.114959593472367, -9.354953714261438, -11.392562991483612, -9.634648187386471, -7.318246034696319, -5.311838396041664, -2.3794033718025087, 0.24861148988965276, -2.330418275859375, -3.7169110723488314, -3.4379485414832542, -5.025178245518374, -11.044920943700697, -12.290757239479424, -13.857593212471318, -14.925418025239578, -15.28603599019333]
WARNING: Logging before InitGoogleLogging() is written to STDERR
I0810 17:07:34.450397 15671 ProcessGroupNCCL.cpp:686] [Rank 4] ProcessGroupNCCL initialization options:NCCL_ASYNC_ERROR_HANDLING: 1, NCCL_DESYNC_DEBUG: 0, NCCL_ENABLE_TIMING: 0, NCCL_BLOCKING_WAIT: 0, TIMEOUT(ms): 1800000, USE_HIGH_PRIORITY_STREAM: 0, TORCH_DISTRIBUTED_DEBUG: OFF, NCCL_DEBUG: OFF, ID=93945885540288
WARNING: Logging before InitGoogleLogging() is written to STDERR
I0810 17:07:34.550832 15674 ProcessGroupNCCL.cpp:686] [Rank 7] ProcessGroupNCCL initialization options:NCCL_ASYNC_ERROR_HANDLING: 1, NCCL_DESYNC_DEBUG: 0, NCCL_ENABLE_TIMING: 0, NCCL_BLOCKING_WAIT: 0, TIMEOUT(ms): 1800000, USE_HIGH_PRIORITY_STREAM: 0, TORCH_DISTRIBUTED_DEBUG: OFF, NCCL_DEBUG: OFF, ID=94398193006880
WARNING: Logging before InitGoogleLogging() is written to STDERR
I0810 17:07:34.600775 15673 ProcessGroupNCCL.cpp:686] [Rank 6] ProcessGroupNCCL initialization options:NCCL_ASYNC_ERROR_HANDLING: 1, NCCL_DESYNC_DEBUG: 0, NCCL_ENABLE_TIMING: 0, NCCL_BLOCKING_WAIT: 0, TIMEOUT(ms): 1800000, USE_HIGH_PRIORITY_STREAM: 0, TORCH_DISTRIBUTED_DEBUG: OFF, NCCL_DEBUG: OFF, ID=94219960171408
WARNING: Logging before InitGoogleLogging() is written to STDERR
I0810 17:07:34.669234 15672 ProcessGroupNCCL.cpp:686] [Rank 5] ProcessGroupNCCL initialization options:NCCL_ASYNC_ERROR_HANDLING: 1, NCCL_DESYNC_DEBUG: 0, NCCL_ENABLE_TIMING: 0, NCCL_BLOCKING_WAIT: 0, TIMEOUT(ms): 1800000, USE_HIGH_PRIORITY_STREAM: 0, TORCH_DISTRIBUTED_DEBUG: OFF, NCCL_DEBUG: OFF, ID=94100972699936
2024-08-10 17:09:01.164 INFO: UniversalLoss(energy_weight=1.000, forces_weight=10.000, stress_weight=100.000)
2024-08-10 17:09:01.165 INFO: Average number of neighbors: 61.96945810317993
/public/software/apps/DeepLearning/PyTorch/pytorch-2.1.0-dtk2310/lib/python3.8/site-packages/torch/overrides.py:110: UserWarning: 'has_cuda' is deprecated, please use 'torch.backends.cuda.is_built()'
  torch.has_cuda,
2024-08-10 17:09:01.165 INFO: Selected the following outputs: {'energy': True, 'forces': True, 'virials': False, 'stress': True, 'dipoles': False}
/public/software/apps/DeepLearning/PyTorch/pytorch-2.1.0-dtk2310/lib/python3.8/site-packages/torch/overrides.py:111: UserWarning: 'has_cudnn' is deprecated, please use 'torch.backends.cudnn.is_available()'
  torch.has_cudnn,
2024-08-10 17:09:01.165 INFO: Building model
/public/software/apps/DeepLearning/PyTorch/pytorch-2.1.0-dtk2310/lib/python3.8/site-packages/torch/overrides.py:117: UserWarning: 'has_mps' is deprecated, please use 'torch.backends.mps.is_built()'
  torch.has_mps,
2024-08-10 17:09:01.166 INFO: Hidden irreps: 128x0e
/public/software/apps/DeepLearning/PyTorch/pytorch-2.1.0-dtk2310/lib/python3.8/site-packages/torch/overrides.py:118: UserWarning: 'has_mkldnn' is deprecated, please use 'torch.backends.mkldnn.is_available()'
  torch.has_mkldnn,
/public/software/apps/DeepLearning/PyTorch/pytorch-2.1.0-dtk2310/lib/python3.8/site-packages/torch/overrides.py:110: UserWarning: 'has_cuda' is deprecated, please use 'torch.backends.cuda.is_built()'
  torch.has_cuda,
/public/software/apps/DeepLearning/PyTorch/pytorch-2.1.0-dtk2310/lib/python3.8/site-packages/torch/overrides.py:110: UserWarning: 'has_cuda' is deprecated, please use 'torch.backends.cuda.is_built()'
  torch.has_cuda,
/public/software/apps/DeepLearning/PyTorch/pytorch-2.1.0-dtk2310/lib/python3.8/site-packages/torch/overrides.py:111: UserWarning: 'has_cudnn' is deprecated, please use 'torch.backends.cudnn.is_available()'
  torch.has_cudnn,
/public/software/apps/DeepLearning/PyTorch/pytorch-2.1.0-dtk2310/lib/python3.8/site-packages/torch/overrides.py:111: UserWarning: 'has_cudnn' is deprecated, please use 'torch.backends.cudnn.is_available()'
  torch.has_cudnn,
/public/software/apps/DeepLearning/PyTorch/pytorch-2.1.0-dtk2310/lib/python3.8/site-packages/torch/overrides.py:117: UserWarning: 'has_mps' is deprecated, please use 'torch.backends.mps.is_built()'
  torch.has_mps,
/public/software/apps/DeepLearning/PyTorch/pytorch-2.1.0-dtk2310/lib/python3.8/site-packages/torch/overrides.py:117: UserWarning: 'has_mps' is deprecated, please use 'torch.backends.mps.is_built()'
  torch.has_mps,
/public/software/apps/DeepLearning/PyTorch/pytorch-2.1.0-dtk2310/lib/python3.8/site-packages/torch/overrides.py:118: UserWarning: 'has_mkldnn' is deprecated, please use 'torch.backends.mkldnn.is_available()'
  torch.has_mkldnn,
/public/software/apps/DeepLearning/PyTorch/pytorch-2.1.0-dtk2310/lib/python3.8/site-packages/torch/overrides.py:118: UserWarning: 'has_mkldnn' is deprecated, please use 'torch.backends.mkldnn.is_available()'
  torch.has_mkldnn,
/public/software/apps/DeepLearning/PyTorch/pytorch-2.1.0-dtk2310/lib/python3.8/site-packages/torch/overrides.py:110: UserWarning: 'has_cuda' is deprecated, please use 'torch.backends.cuda.is_built()'
  torch.has_cuda,
/public/software/apps/DeepLearning/PyTorch/pytorch-2.1.0-dtk2310/lib/python3.8/site-packages/torch/overrides.py:110: UserWarning: 'has_cuda' is deprecated, please use 'torch.backends.cuda.is_built()'
  torch.has_cuda,
/public/software/apps/DeepLearning/PyTorch/pytorch-2.1.0-dtk2310/lib/python3.8/site-packages/torch/overrides.py:111: UserWarning: 'has_cudnn' is deprecated, please use 'torch.backends.cudnn.is_available()'
  torch.has_cudnn,
/public/software/apps/DeepLearning/PyTorch/pytorch-2.1.0-dtk2310/lib/python3.8/site-packages/torch/overrides.py:111: UserWarning: 'has_cudnn' is deprecated, please use 'torch.backends.cudnn.is_available()'
  torch.has_cudnn,
/public/software/apps/DeepLearning/PyTorch/pytorch-2.1.0-dtk2310/lib/python3.8/site-packages/torch/overrides.py:117: UserWarning: 'has_mps' is deprecated, please use 'torch.backends.mps.is_built()'
  torch.has_mps,
/public/software/apps/DeepLearning/PyTorch/pytorch-2.1.0-dtk2310/lib/python3.8/site-packages/torch/overrides.py:117: UserWarning: 'has_mps' is deprecated, please use 'torch.backends.mps.is_built()'
  torch.has_mps,
/public/software/apps/DeepLearning/PyTorch/pytorch-2.1.0-dtk2310/lib/python3.8/site-packages/torch/overrides.py:118: UserWarning: 'has_mkldnn' is deprecated, please use 'torch.backends.mkldnn.is_available()'
  torch.has_mkldnn,
/public/software/apps/DeepLearning/PyTorch/pytorch-2.1.0-dtk2310/lib/python3.8/site-packages/torch/overrides.py:118: UserWarning: 'has_mkldnn' is deprecated, please use 'torch.backends.mkldnn.is_available()'
  torch.has_mkldnn,
/public/software/apps/DeepLearning/PyTorch/pytorch-2.1.0-dtk2310/lib/python3.8/site-packages/torch/overrides.py:110: UserWarning: 'has_cuda' is deprecated, please use 'torch.backends.cuda.is_built()'
  torch.has_cuda,
/public/software/apps/DeepLearning/PyTorch/pytorch-2.1.0-dtk2310/lib/python3.8/site-packages/torch/overrides.py:111: UserWarning: 'has_cudnn' is deprecated, please use 'torch.backends.cudnn.is_available()'
  torch.has_cudnn,
/public/software/apps/DeepLearning/PyTorch/pytorch-2.1.0-dtk2310/lib/python3.8/site-packages/torch/overrides.py:117: UserWarning: 'has_mps' is deprecated, please use 'torch.backends.mps.is_built()'
  torch.has_mps,
/public/software/apps/DeepLearning/PyTorch/pytorch-2.1.0-dtk2310/lib/python3.8/site-packages/torch/overrides.py:118: UserWarning: 'has_mkldnn' is deprecated, please use 'torch.backends.mkldnn.is_available()'
  torch.has_mkldnn,
/public/software/apps/DeepLearning/PyTorch/pytorch-2.1.0-dtk2310/lib/python3.8/site-packages/torch/overrides.py:110: UserWarning: 'has_cuda' is deprecated, please use 'torch.backends.cuda.is_built()'
  torch.has_cuda,
/public/software/apps/DeepLearning/PyTorch/pytorch-2.1.0-dtk2310/lib/python3.8/site-packages/torch/overrides.py:111: UserWarning: 'has_cudnn' is deprecated, please use 'torch.backends.cudnn.is_available()'
  torch.has_cudnn,
/public/software/apps/DeepLearning/PyTorch/pytorch-2.1.0-dtk2310/lib/python3.8/site-packages/torch/overrides.py:117: UserWarning: 'has_mps' is deprecated, please use 'torch.backends.mps.is_built()'
  torch.has_mps,
/public/software/apps/DeepLearning/PyTorch/pytorch-2.1.0-dtk2310/lib/python3.8/site-packages/torch/overrides.py:118: UserWarning: 'has_mkldnn' is deprecated, please use 'torch.backends.mkldnn.is_available()'
  torch.has_mkldnn,
/public/software/apps/DeepLearning/PyTorch/pytorch-2.1.0-dtk2310/lib/python3.8/site-packages/torch/overrides.py:110: UserWarning: 'has_cuda' is deprecated, please use 'torch.backends.cuda.is_built()'
  torch.has_cuda,
/public/software/apps/DeepLearning/PyTorch/pytorch-2.1.0-dtk2310/lib/python3.8/site-packages/torch/overrides.py:111: UserWarning: 'has_cudnn' is deprecated, please use 'torch.backends.cudnn.is_available()'
  torch.has_cudnn,
/public/software/apps/DeepLearning/PyTorch/pytorch-2.1.0-dtk2310/lib/python3.8/site-packages/torch/overrides.py:117: UserWarning: 'has_mps' is deprecated, please use 'torch.backends.mps.is_built()'
  torch.has_mps,
/public/software/apps/DeepLearning/PyTorch/pytorch-2.1.0-dtk2310/lib/python3.8/site-packages/torch/overrides.py:118: UserWarning: 'has_mkldnn' is deprecated, please use 'torch.backends.mkldnn.is_available()'
  torch.has_mkldnn,
/public/software/apps/DeepLearning/PyTorch/pytorch-2.1.0-dtk2310/lib/python3.8/site-packages/torch/jit/_check.py:178: UserWarning: The TorchScript type system doesn't support instance-level annotations on empty non-base types in `__init__`. Instead, either 1) use a type annotation in the class body, or 2) wrap the type in `torch.jit.Attribute`.
  warnings.warn(
/public/software/apps/DeepLearning/PyTorch/pytorch-2.1.0-dtk2310/lib/python3.8/site-packages/torch/jit/_check.py:178: UserWarning: The TorchScript type system doesn't support instance-level annotations on empty non-base types in `__init__`. Instead, either 1) use a type annotation in the class body, or 2) wrap the type in `torch.jit.Attribute`.
  warnings.warn(
/public/software/apps/DeepLearning/PyTorch/pytorch-2.1.0-dtk2310/lib/python3.8/site-packages/torch/jit/_check.py:178: UserWarning: The TorchScript type system doesn't support instance-level annotations on empty non-base types in `__init__`. Instead, either 1) use a type annotation in the class body, or 2) wrap the type in `torch.jit.Attribute`.
  warnings.warn(
/public/software/apps/DeepLearning/PyTorch/pytorch-2.1.0-dtk2310/lib/python3.8/site-packages/torch/jit/_check.py:178: UserWarning: The TorchScript type system doesn't support instance-level annotations on empty non-base types in `__init__`. Instead, either 1) use a type annotation in the class body, or 2) wrap the type in `torch.jit.Attribute`.
  warnings.warn(
/public/software/apps/DeepLearning/PyTorch/pytorch-2.1.0-dtk2310/lib/python3.8/site-packages/torch/jit/_check.py:178: UserWarning: The TorchScript type system doesn't support instance-level annotations on empty non-base types in `__init__`. Instead, either 1) use a type annotation in the class body, or 2) wrap the type in `torch.jit.Attribute`.
  warnings.warn(
/public/software/apps/DeepLearning/PyTorch/pytorch-2.1.0-dtk2310/lib/python3.8/site-packages/torch/jit/_check.py:178: UserWarning: The TorchScript type system doesn't support instance-level annotations on empty non-base types in `__init__`. Instead, either 1) use a type annotation in the class body, or 2) wrap the type in `torch.jit.Attribute`.
  warnings.warn(
/public/software/apps/DeepLearning/PyTorch/pytorch-2.1.0-dtk2310/lib/python3.8/site-packages/torch/jit/_check.py:178: UserWarning: The TorchScript type system doesn't support instance-level annotations on empty non-base types in `__init__`. Instead, either 1) use a type annotation in the class body, or 2) wrap the type in `torch.jit.Attribute`.
  warnings.warn(
/public/software/apps/DeepLearning/PyTorch/pytorch-2.1.0-dtk2310/lib/python3.8/site-packages/torch/jit/_check.py:178: UserWarning: The TorchScript type system doesn't support instance-level annotations on empty non-base types in `__init__`. Instead, either 1) use a type annotation in the class body, or 2) wrap the type in `torch.jit.Attribute`.
  warnings.warn(
2024-08-10 17:09:03.920 INFO: ScaleShiftMACE(
  (node_embedding): LinearNodeEmbeddingBlock(
    (linear): Linear(89x0e -> 128x0e | 11392 weights)
  )
  (radial_embedding): RadialEmbeddingBlock(
    (bessel_fn): BesselBasis(r_max=6.0, num_basis=10, trainable=False)
    (cutoff_fn): PolynomialCutoff(p=5.0, r_max=6.0)
  )
  (spherical_harmonics): SphericalHarmonics()
  (atomic_energies_fn): AtomicEnergiesBlock(energies=[-3.6651, -1.3268, -3.4804, -4.7366, -7.7297, -8.4041, -7.3633, -7.2859, -4.8970, 0.0000, -2.7485, -2.8079, -4.8476, -7.6941, -6.9669, -4.6711, -2.8153, -0.0626, -2.6141, -5.3960, -7.8921, -10.2717, -8.6668, -9.2277, -8.2984, -7.0454, -5.5783, -5.1721, -3.2457, -1.2880, -3.5248, -4.7101, -3.9847, -3.8878, -2.5176, 6.7526, -2.5600, -4.9299, -10.1355, -11.8485, -12.1416, -8.7810, -8.7783, -7.7689, -6.8548, -4.8864, -2.0672, -0.6398, -2.7951, -3.8206, -3.5839, -2.8769, -1.6374, 9.8439, -2.7617, -4.9928, -8.9204, -8.7246, -8.0128, -8.2397, -7.5877, -8.1632, -13.6067, -18.5159, -7.6403, -8.1298, -7.6033, -6.8457, -7.8227, -3.5863, -7.5029, -12.7739, -14.1150, -9.3550, -11.3926, -9.6346, -7.3182, -5.3118, -2.3794, 0.2486, -2.3304, -3.7169, -3.4379, -5.0252, -11.0449, -12.2908, -13.8576, -14.9254, -15.2860])
  (interactions): ModuleList(
    (0-1): 2 x RealAgnosticResidualInteractionBlock(
      (linear_up): Linear(128x0e -> 128x0e | 16384 weights)
      (conv_tp): TensorProduct(128x0e x 1x0e+1x1o+1x2e+1x3o -> 128x0e+128x1o+128x2e+128x3o | 512 paths | 512 weights)
      (conv_tp_weights): FullyConnectedNet[10, 64, 64, 64, 512]
      (linear): Linear(128x0e+128x1o+128x2e+128x3o -> 128x0e+128x1o+128x2e+128x3o | 65536 weights)
      (skip_tp): FullyConnectedTensorProduct(128x0e x 89x0e -> 128x0e | 1458176 paths | 1458176 weights)
      (reshape): reshape_irreps()
    )
  )
  (products): ModuleList(
    (0-1): 2 x EquivariantProductBasisBlock(
      (symmetric_contractions): SymmetricContraction(
        (contractions): ModuleList(
          (0): Contraction(
            (contractions_weighting): ModuleList(
              (0-1): 2 x GraphModule()
            )
            (contractions_features): ModuleList(
              (0-1): 2 x GraphModule()
            )
            (weights): ParameterList(
                (0): Parameter containing: [torch.float64 of size 89x4x128 (cuda:0)]
                (1): Parameter containing: [torch.float64 of size 89x1x128 (cuda:0)]
            )
            (graph_opt_main): GraphModule()
          )
        )
      )
      (linear): Linear(128x0e -> 128x0e | 16384 weights)
    )
  )
  (readouts): ModuleList(
    (0): LinearReadoutBlock(
      (linear): Linear(128x0e -> 1x0e | 128 weights)
    )
    (1): NonLinearReadoutBlock(
      (linear_1): Linear(128x0e -> 16x0e | 2048 weights)
      (non_linearity): Activation [x] (16x0e -> 16x0e)
      (linear_2): Linear(16x0e -> 1x0e | 16 weights)
    )
  )
  (scale_shift): ScaleShiftBlock(scale=0.805234, shift=0.163867)
)
2024-08-10 17:09:03.927 INFO: Number of parameters: 3847696
2024-08-10 17:09:03.927 INFO: Optimizer: Adam (
Parameter Group 0
    amsgrad: True
    betas: (0.9, 0.999)
    capturable: False
    differentiable: False
    eps: 1e-08
    foreach: None
    fused: None
    lr: 0.005
    maximize: False
    name: embedding
    weight_decay: 0.0

Parameter Group 1
    amsgrad: True
    betas: (0.9, 0.999)
    capturable: False
    differentiable: False
    eps: 1e-08
    foreach: None
    fused: None
    lr: 0.005
    maximize: False
    name: interactions_decay
    weight_decay: 1e-08

Parameter Group 2
    amsgrad: True
    betas: (0.9, 0.999)
    capturable: False
    differentiable: False
    eps: 1e-08
    foreach: None
    fused: None
    lr: 0.005
    maximize: False
    name: interactions_no_decay
    weight_decay: 0.0

Parameter Group 3
    amsgrad: True
    betas: (0.9, 0.999)
    capturable: False
    differentiable: False
    eps: 1e-08
    foreach: None
    fused: None
    lr: 0.005
    maximize: False
    name: products
    weight_decay: 1e-08

Parameter Group 4
    amsgrad: True
    betas: (0.9, 0.999)
    capturable: False
    differentiable: False
    eps: 1e-08
    foreach: None
    fused: None
    lr: 0.005
    maximize: False
    name: readouts
    weight_decay: 0.0
)
I0810 17:09:04.901618 31911 ProcessGroupNCCL.cpp:1340] NCCL_DEBUG: N/A
2024-08-10 17:09:04.929 INFO: Using gradient clipping with tolerance=100.000
2024-08-10 17:09:04.929 INFO: Started training
2024-08-10 17:11:25.725 INFO: Epoch None: loss=0.0007575, MAE_E_per_atom=551.7 meV, MAE_F=160.5 meV / A, MAE_stress_per_atom=0.385 meV / A^3
2024-08-10 20:04:22.147 INFO: Epoch 0: loss=0.0004066, MAE_E_per_atom=109.0 meV, MAE_F=106.6 meV / A, MAE_stress_per_atom=0.266 meV / A^3
2024-08-10 22:56:23.269 INFO: Epoch 1: loss=0.0003518, MAE_E_per_atom=81.6 meV, MAE_F=94.7 meV / A, MAE_stress_per_atom=0.238 meV / A^3
2024-08-11 01:48:26.788 INFO: Epoch 2: loss=0.0003384, MAE_E_per_atom=71.8 meV, MAE_F=89.0 meV / A, MAE_stress_per_atom=0.240 meV / A^3
2024-08-11 04:40:27.885 INFO: Epoch 3: loss=0.0003078, MAE_E_per_atom=66.2 meV, MAE_F=84.3 meV / A, MAE_stress_per_atom=0.215 meV / A^3
2024-08-11 07:32:30.876 INFO: Epoch 4: loss=0.0002952, MAE_E_per_atom=62.0 meV, MAE_F=81.1 meV / A, MAE_stress_per_atom=0.209 meV / A^3
2024-08-11 10:24:33.534 INFO: Epoch 5: loss=0.0002855, MAE_E_per_atom=58.8 meV, MAE_F=78.6 meV / A, MAE_stress_per_atom=0.207 meV / A^3
2024-08-11 13:16:41.150 INFO: Epoch 6: loss=0.0002786, MAE_E_per_atom=56.5 meV, MAE_F=77.0 meV / A, MAE_stress_per_atom=0.200 meV / A^3
2024-08-11 16:08:42.886 INFO: Epoch 7: loss=0.0002900, MAE_E_per_atom=59.6 meV, MAE_F=79.5 meV / A, MAE_stress_per_atom=0.211 meV / A^3
2024-08-11 19:00:43.112 INFO: Epoch 8: loss=0.0002695, MAE_E_per_atom=53.4 meV, MAE_F=74.7 meV / A, MAE_stress_per_atom=0.195 meV / A^3
2024-08-11 21:52:29.740 INFO: Epoch 9: loss=0.0002667, MAE_E_per_atom=52.8 meV, MAE_F=73.9 meV / A, MAE_stress_per_atom=0.194 meV / A^3
2024-08-12 00:44:42.407 INFO: Epoch 10: loss=0.0002623, MAE_E_per_atom=50.6 meV, MAE_F=72.9 meV / A, MAE_stress_per_atom=0.193 meV / A^3
2024-08-12 03:36:42.249 INFO: Epoch 11: loss=0.0002597, MAE_E_per_atom=49.8 meV, MAE_F=71.9 meV / A, MAE_stress_per_atom=0.191 meV / A^3
2024-08-12 06:28:36.723 INFO: Epoch 12: loss=0.0002567, MAE_E_per_atom=49.0 meV, MAE_F=71.3 meV / A, MAE_stress_per_atom=0.189 meV / A^3
2024-08-12 09:20:40.435 INFO: Epoch 13: loss=0.0002529, MAE_E_per_atom=48.2 meV, MAE_F=70.2 meV / A, MAE_stress_per_atom=0.188 meV / A^3
2024-08-12 12:12:53.701 INFO: Epoch 14: loss=0.0002541, MAE_E_per_atom=47.9 meV, MAE_F=69.9 meV / A, MAE_stress_per_atom=0.191 meV / A^3
2024-08-12 15:04:58.835 INFO: Epoch 15: loss=0.0002521, MAE_E_per_atom=47.8 meV, MAE_F=70.0 meV / A, MAE_stress_per_atom=0.189 meV / A^3
2024-08-12 17:57:02.102 INFO: Epoch 16: loss=0.0002482, MAE_E_per_atom=47.0 meV, MAE_F=69.2 meV / A, MAE_stress_per_atom=0.185 meV / A^3
2024-08-12 20:49:14.661 INFO: Epoch 17: loss=0.0002455, MAE_E_per_atom=45.9 meV, MAE_F=68.4 meV / A, MAE_stress_per_atom=0.185 meV / A^3
2024-08-12 23:41:23.041 INFO: Epoch 18: loss=0.0002442, MAE_E_per_atom=45.2 meV, MAE_F=67.8 meV / A, MAE_stress_per_atom=0.185 meV / A^3
2024-08-13 02:33:41.460 INFO: Epoch 19: loss=0.0002425, MAE_E_per_atom=45.2 meV, MAE_F=67.7 meV / A, MAE_stress_per_atom=0.183 meV / A^3
2024-08-13 05:26:00.253 INFO: Epoch 20: loss=0.0002395, MAE_E_per_atom=44.4 meV, MAE_F=66.9 meV / A, MAE_stress_per_atom=0.181 meV / A^3
2024-08-13 08:18:08.161 INFO: Epoch 21: loss=0.0002390, MAE_E_per_atom=44.2 meV, MAE_F=66.7 meV / A, MAE_stress_per_atom=0.182 meV / A^3
2024-08-13 11:10:19.572 INFO: Epoch 22: loss=0.0002381, MAE_E_per_atom=43.9 meV, MAE_F=66.5 meV / A, MAE_stress_per_atom=0.181 meV / A^3
2024-08-13 14:02:20.346 INFO: Epoch 23: loss=0.0002403, MAE_E_per_atom=43.6 meV, MAE_F=66.4 meV / A, MAE_stress_per_atom=0.184 meV / A^3
2024-08-13 16:54:29.002 INFO: Epoch 24: loss=0.0002381, MAE_E_per_atom=44.3 meV, MAE_F=66.4 meV / A, MAE_stress_per_atom=0.182 meV / A^3
2024-08-13 19:46:19.963 INFO: Epoch 25: loss=0.0002334, MAE_E_per_atom=42.5 meV, MAE_F=65.3 meV / A, MAE_stress_per_atom=0.179 meV / A^3
2024-08-13 22:38:26.264 INFO: Epoch 26: loss=0.0002326, MAE_E_per_atom=42.3 meV, MAE_F=64.9 meV / A, MAE_stress_per_atom=0.180 meV / A^3
2024-08-14 01:30:23.932 INFO: Epoch 27: loss=0.0002354, MAE_E_per_atom=42.2 meV, MAE_F=65.0 meV / A, MAE_stress_per_atom=0.184 meV / A^3
2024-08-14 04:22:37.390 INFO: Epoch 28: loss=0.0002359, MAE_E_per_atom=42.9 meV, MAE_F=65.4 meV / A, MAE_stress_per_atom=0.182 meV / A^3
2024-08-14 07:14:40.853 INFO: Epoch 29: loss=0.0002450, MAE_E_per_atom=44.8 meV, MAE_F=67.9 meV / A, MAE_stress_per_atom=0.188 meV / A^3
2024-08-14 10:06:37.425 INFO: Epoch 30: loss=0.0002317, MAE_E_per_atom=42.1 meV, MAE_F=64.8 meV / A, MAE_stress_per_atom=0.178 meV / A^3
2024-08-14 12:58:29.904 INFO: Epoch 31: loss=0.0002293, MAE_E_per_atom=41.7 meV, MAE_F=64.2 meV / A, MAE_stress_per_atom=0.177 meV / A^3
2024-08-14 15:50:34.977 INFO: Epoch 32: loss=0.0002286, MAE_E_per_atom=41.2 meV, MAE_F=64.0 meV / A, MAE_stress_per_atom=0.177 meV / A^3
2024-08-14 18:42:18.846 INFO: Epoch 33: loss=0.0002272, MAE_E_per_atom=41.1 meV, MAE_F=63.6 meV / A, MAE_stress_per_atom=0.176 meV / A^3
2024-08-14 21:34:18.941 INFO: Epoch 34: loss=0.0002264, MAE_E_per_atom=41.0 meV, MAE_F=63.5 meV / A, MAE_stress_per_atom=0.175 meV / A^3
2024-08-15 00:26:26.994 INFO: Epoch 35: loss=0.0002255, MAE_E_per_atom=40.5 meV, MAE_F=63.2 meV / A, MAE_stress_per_atom=0.175 meV / A^3
2024-08-15 03:18:27.555 INFO: Epoch 36: loss=0.0002245, MAE_E_per_atom=40.3 meV, MAE_F=62.9 meV / A, MAE_stress_per_atom=0.175 meV / A^3
2024-08-15 06:10:26.016 INFO: Epoch 37: loss=0.0002237, MAE_E_per_atom=40.0 meV, MAE_F=62.8 meV / A, MAE_stress_per_atom=0.174 meV / A^3
2024-08-15 09:02:20.448 INFO: Epoch 38: loss=0.0002240, MAE_E_per_atom=39.8 meV, MAE_F=62.7 meV / A, MAE_stress_per_atom=0.175 meV / A^3
2024-08-15 11:54:22.550 INFO: Epoch 39: loss=0.0002222, MAE_E_per_atom=39.5 meV, MAE_F=62.4 meV / A, MAE_stress_per_atom=0.175 meV / A^3
2024-08-15 14:46:13.791 INFO: Epoch 40: loss=0.0002218, MAE_E_per_atom=39.8 meV, MAE_F=62.3 meV / A, MAE_stress_per_atom=0.174 meV / A^3
2024-08-15 17:38:08.283 INFO: Epoch 41: loss=0.0002232, MAE_E_per_atom=39.8 meV, MAE_F=62.3 meV / A, MAE_stress_per_atom=0.175 meV / A^3
2024-08-15 20:30:01.742 INFO: Epoch 42: loss=0.0002205, MAE_E_per_atom=39.5 meV, MAE_F=62.0 meV / A, MAE_stress_per_atom=0.173 meV / A^3
