2024-05-30 19:34:27.431 INFO: Process group initialized: True
2024-05-30 19:34:27.432 INFO: Processes: 4
2024-05-30 19:34:27.432 INFO: MACE version: 0.3.5
2024-05-30 19:34:27.432 INFO: Configuration: Namespace(config=None, name='L0', seed=1, log_dir='logs', model_dir='.', checkpoints_dir='checkpoints', results_dir='results', downloads_dir='downloads', device='cuda', default_dtype='float64', distributed=True, log_level='INFO', error_table='PerAtomMAEstress', model='ScaleShiftMACE', r_max=6.0, radial_type='bessel', num_radial_basis=10, num_cutoff_basis=5, pair_repulsion=False, distance_transform='None', interaction='RealAgnosticResidualInteractionBlock', interaction_first='RealAgnosticResidualInteractionBlock', max_ell=3, correlation=3, num_interactions=2, MLP_irreps='16x0e', radial_MLP='[64, 64, 64]', hidden_irreps='128x0e + 128x1o', num_channels=128, max_L=0, gate='silu', scaling='rms_forces_scaling', avg_num_neighbors=1, compute_avg_num_neighbors=True, compute_stress=True, compute_forces=True, train_file='./dataset/processed_data/train', valid_file='./dataset/processed_data/val', valid_fraction=0.1, test_file=None, test_dir=None, multi_processed_test=False, num_workers=16, pin_memory=True, atomic_numbers=None, mean=None, std=None, statistics_file='./dataset/processed_data/statistics.json', E0s=None, keep_isolated_atoms=False, energy_key='energy', forces_key='forces', virials_key='virials', stress_key='stress', dipole_key='dipole', charges_key='charges', loss='universal', forces_weight=10.0, swa_forces_weight=100.0, energy_weight=1.0, swa_energy_weight=1000.0, virials_weight=1.0, swa_virials_weight=10.0, stress_weight=100.0, swa_stress_weight=10.0, dipole_weight=1.0, swa_dipole_weight=1.0, config_type_weights='{"Default":1.0}', huber_delta=0.01, optimizer='adam', batch_size=16, valid_batch_size=32, lr=0.005, swa_lr=0.001, weight_decay=1e-08, amsgrad=True, scheduler='ReduceLROnPlateau', lr_factor=0.8, scheduler_patience=5, lr_scheduler_gamma=0.9993, swa=False, start_swa=None, ema=True, ema_decay=0.995, max_num_epochs=200, patience=50, foundation_model=None, foundation_model_readout=True, eval_interval=1, keep_checkpoints=True, save_all_checkpoints=False, restart_latest=False, save_cpu=True, clip_grad=100.0, wandb=True, wandb_project='mace', wandb_entity='ChenWang123', wandb_name='L0', wandb_log_hypers=['num_channels', 'max_L', 'correlation', 'lr', 'swa_lr', 'weight_decay', 'batch_size', 'max_num_epochs', 'start_swa', 'energy_weight', 'forces_weight'])
2024-05-30 19:34:27.433 INFO: CUDA version: 11.8, CUDA device: 0
2024-05-30 19:34:27.619 INFO: Error accessing Git repository: /share/home/wangchen/work/mace/model-MPtrj
2024-05-30 19:34:27.622 INFO: Using statistics json file
2024-05-30 19:34:27.623 INFO: Using atomic numbers from statistics file
2024-05-30 19:34:27.623 INFO: AtomicNumberTable: (1, 2, 3, 4, 5, 6, 7, 8, 9, 10, 11, 12, 13, 14, 15, 16, 17, 18, 19, 20, 21, 22, 23, 24, 25, 26, 27, 28, 29, 30, 31, 32, 33, 34, 35, 36, 37, 38, 39, 40, 41, 42, 43, 44, 45, 46, 47, 48, 49, 50, 51, 52, 53, 54, 55, 56, 57, 58, 59, 60, 61, 62, 63, 64, 65, 66, 67, 68, 69, 70, 71, 72, 73, 74, 75, 76, 77, 78, 79, 80, 81, 82, 83, 89, 90, 91, 92, 93, 94)
2024-05-30 19:34:27.624 INFO: Atomic Energies not in training file, using command line argument E0s
2024-05-30 19:34:27.626 INFO: Atomic energies: [-3.667168021358939, -1.3320953124042916, -3.482100566595956, -4.736697230897597, -7.724935420523256, -8.405573550273285, -7.360100452662763, -7.28459863421322, -4.896490881731322, 1.3917755836700962e-12, -2.7593613569762425, -2.814047612069227, -4.846881245288104, -7.694793133351899, -6.9632957911820235, -4.672630400190884, -2.8116892814008096, -0.06259504416367478, -2.6176454856894793, -5.390461060484104, -7.8857952163517675, -10.268392986214433, -8.665147785496703, -9.233050763772013, -8.304951520770791, -7.0489865771593765, -5.577439766222147, -5.172747618813715, -3.2520726958619472, -1.2901611618726314, -3.527082192997912, -4.70845955030298, -3.9765109025623238, -3.886231055836541, -2.5184940099633986, 6.766947645687137, -2.5634958965928316, -4.938005211501922, -10.149818838085771, -11.846857579882572, -12.138896361658485, -8.791678800595722, -8.78694939675911, -7.78093221529871, -6.850021409115055, -4.891019073240479, -2.0634296773864045, -0.6395695518943755, -2.7887442084286693, -3.818604275441892, -3.587068329278862, -2.8804045971118897, -1.6355986842433357, 9.846723842807721, -2.765284507132287, -4.990956432167774, -8.933684809576345, -8.735591176647514, -8.018966025544966, -8.251491970213372, -7.591719594359237, -8.169659881166858, -13.592664636171698, -18.517523458456985, -7.647396572993602, -8.122981037851925, -7.607787319678067, -6.85029094445494, -7.8268821327130365, -3.584786591677161, -7.455406192077973, -12.796283502572146, -14.108127281277586, -9.354916969477486, -11.387537567890853, -9.621909492152557, -7.324393429417677, -5.3046964808341945, -2.380092582080244, 0.24948924158195362, -2.3239789120665026, -3.730042357127322, -3.438792347649683, -5.062878214511315, -11.02462566385297, -12.265613551943261, -13.855648206100362, -14.933092020258243, -15.282826131998245]
2024-05-30 19:34:29.171 INFO: UniversalLoss(energy_weight=1.000, forces_weight=10.000, stress_weight=100.000)
2024-05-30 19:34:29.172 INFO: Average number of neighbors: 61.969407081604004
2024-05-30 19:34:29.172 INFO: Selected the following outputs: {'energy': True, 'forces': True, 'virials': False, 'stress': True, 'dipoles': False}
2024-05-30 19:34:29.172 INFO: Building model
2024-05-30 19:34:29.172 INFO: Hidden irreps: 128x0e
2024-05-30 19:34:31.191 INFO: ScaleShiftMACE(
  (node_embedding): LinearNodeEmbeddingBlock(
    (linear): Linear(89x0e -> 128x0e | 11392 weights)
  )
  (radial_embedding): RadialEmbeddingBlock(
    (bessel_fn): BesselBasis(r_max=6.0, num_basis=10, trainable=False)
    (cutoff_fn): PolynomialCutoff(p=5.0, r_max=6.0)
  )
  (spherical_harmonics): SphericalHarmonics()
  (atomic_energies_fn): AtomicEnergiesBlock(energies=[-3.6672, -1.3321, -3.4821, -4.7367, -7.7249, -8.4056, -7.3601, -7.2846, -4.8965, 0.0000, -2.7594, -2.8140, -4.8469, -7.6948, -6.9633, -4.6726, -2.8117, -0.0626, -2.6176, -5.3905, -7.8858, -10.2684, -8.6651, -9.2331, -8.3050, -7.0490, -5.5774, -5.1727, -3.2521, -1.2902, -3.5271, -4.7085, -3.9765, -3.8862, -2.5185, 6.7669, -2.5635, -4.9380, -10.1498, -11.8469, -12.1389, -8.7917, -8.7869, -7.7809, -6.8500, -4.8910, -2.0634, -0.6396, -2.7887, -3.8186, -3.5871, -2.8804, -1.6356, 9.8467, -2.7653, -4.9910, -8.9337, -8.7356, -8.0190, -8.2515, -7.5917, -8.1697, -13.5927, -18.5175, -7.6474, -8.1230, -7.6078, -6.8503, -7.8269, -3.5848, -7.4554, -12.7963, -14.1081, -9.3549, -11.3875, -9.6219, -7.3244, -5.3047, -2.3801, 0.2495, -2.3240, -3.7300, -3.4388, -5.0629, -11.0246, -12.2656, -13.8556, -14.9331, -15.2828])
  (interactions): ModuleList(
    (0-1): 2 x RealAgnosticResidualInteractionBlock(
      (linear_up): Linear(128x0e -> 128x0e | 16384 weights)
      (conv_tp): TensorProduct(128x0e x 1x0e+1x1o+1x2e+1x3o -> 128x0e+128x1o+128x2e+128x3o | 512 paths | 512 weights)
      (conv_tp_weights): FullyConnectedNet[10, 64, 64, 64, 512]
      (linear): Linear(128x0e+128x1o+128x2e+128x3o -> 128x0e+128x1o+128x2e+128x3o | 65536 weights)
      (skip_tp): FullyConnectedTensorProduct(128x0e x 89x0e -> 128x0e | 1458176 paths | 1458176 weights)
      (reshape): reshape_irreps()
    )
  )
  (products): ModuleList(
    (0-1): 2 x EquivariantProductBasisBlock(
      (symmetric_contractions): SymmetricContraction(
        (contractions): ModuleList(
          (0): Contraction(
            (contractions_weighting): ModuleList(
              (0-1): 2 x GraphModule()
            )
            (contractions_features): ModuleList(
              (0-1): 2 x GraphModule()
            )
            (weights): ParameterList(
                (0): Parameter containing: [torch.float64 of size 89x4x128 (cuda:0)]
                (1): Parameter containing: [torch.float64 of size 89x1x128 (cuda:0)]
            )
            (graph_opt_main): GraphModule()
          )
        )
      )
      (linear): Linear(128x0e -> 128x0e | 16384 weights)
    )
  )
  (readouts): ModuleList(
    (0): LinearReadoutBlock(
      (linear): Linear(128x0e -> 1x0e | 128 weights)
    )
    (1): NonLinearReadoutBlock(
      (linear_1): Linear(128x0e -> 16x0e | 2048 weights)
      (non_linearity): Activation [x] (16x0e -> 16x0e)
      (linear_2): Linear(16x0e -> 1x0e | 16 weights)
    )
  )
  (scale_shift): ScaleShiftBlock(scale=0.805348, shift=0.164269)
)
2024-05-30 19:34:31.198 INFO: Number of parameters: 3847696
2024-05-30 19:34:31.198 INFO: Optimizer: Adam (
Parameter Group 0
    amsgrad: True
    betas: (0.9, 0.999)
    capturable: False
    differentiable: False
    eps: 1e-08
    foreach: None
    fused: None
    lr: 0.005
    maximize: False
    name: embedding
    weight_decay: 0.0

Parameter Group 1
    amsgrad: True
    betas: (0.9, 0.999)
    capturable: False
    differentiable: False
    eps: 1e-08
    foreach: None
    fused: None
    lr: 0.005
    maximize: False
    name: interactions_decay
    weight_decay: 1e-08

Parameter Group 2
    amsgrad: True
    betas: (0.9, 0.999)
    capturable: False
    differentiable: False
    eps: 1e-08
    foreach: None
    fused: None
    lr: 0.005
    maximize: False
    name: interactions_no_decay
    weight_decay: 0.0

Parameter Group 3
    amsgrad: True
    betas: (0.9, 0.999)
    capturable: False
    differentiable: False
    eps: 1e-08
    foreach: None
    fused: None
    lr: 0.005
    maximize: False
    name: products
    weight_decay: 1e-08

Parameter Group 4
    amsgrad: True
    betas: (0.9, 0.999)
    capturable: False
    differentiable: False
    eps: 1e-08
    foreach: None
    fused: None
    lr: 0.005
    maximize: False
    name: readouts
    weight_decay: 0.0
)
2024-05-30 19:34:31.198 INFO: Using Weights and Biases for logging
2024-05-30 19:34:51.922 INFO: Using gradient clipping with tolerance=100.000
2024-05-30 19:34:51.968 INFO: Started training
2024-05-30 19:36:05.899 INFO: Epoch None: loss=0.0008, MAE_E_per_atom=552.0 meV, MAE_F=160.5 meV / A, MAE_stress_per_atom=0.385 meV / A^3
2024-05-30 20:27:30.211 INFO: Epoch 0: loss=0.0004, MAE_E_per_atom=111.1 meV, MAE_F=111.0 meV / A, MAE_stress_per_atom=0.275 meV / A^3
2024-05-30 21:16:27.585 INFO: Epoch 1: loss=0.0004, MAE_E_per_atom=88.4 meV, MAE_F=100.3 meV / A, MAE_stress_per_atom=0.246 meV / A^3
2024-05-30 22:05:19.287 INFO: Epoch 2: loss=0.0004, MAE_E_per_atom=80.0 meV, MAE_F=94.9 meV / A, MAE_stress_per_atom=0.234 meV / A^3
2024-05-30 22:54:12.869 INFO: Epoch 3: loss=0.0003, MAE_E_per_atom=74.5 meV, MAE_F=91.0 meV / A, MAE_stress_per_atom=0.225 meV / A^3
2024-05-30 23:43:02.177 INFO: Epoch 4: loss=0.0003, MAE_E_per_atom=70.0 meV, MAE_F=88.6 meV / A, MAE_stress_per_atom=0.220 meV / A^3
2024-05-31 00:31:53.390 INFO: Epoch 5: loss=0.0003, MAE_E_per_atom=67.2 meV, MAE_F=86.2 meV / A, MAE_stress_per_atom=0.215 meV / A^3
2024-05-31 01:20:53.538 INFO: Epoch 6: loss=0.0003, MAE_E_per_atom=65.7 meV, MAE_F=85.7 meV / A, MAE_stress_per_atom=0.257 meV / A^3
2024-05-31 02:09:56.662 INFO: Epoch 7: loss=0.0003, MAE_E_per_atom=63.1 meV, MAE_F=83.6 meV / A, MAE_stress_per_atom=0.208 meV / A^3
2024-05-31 02:58:57.870 INFO: Epoch 8: loss=0.0003, MAE_E_per_atom=61.4 meV, MAE_F=82.3 meV / A, MAE_stress_per_atom=0.206 meV / A^3
2024-05-31 03:47:56.503 INFO: Epoch 9: loss=0.0003, MAE_E_per_atom=60.7 meV, MAE_F=81.7 meV / A, MAE_stress_per_atom=0.206 meV / A^3
2024-05-31 04:36:55.134 INFO: Epoch 10: loss=0.0003, MAE_E_per_atom=59.7 meV, MAE_F=81.0 meV / A, MAE_stress_per_atom=0.206 meV / A^3
2024-05-31 05:25:54.218 INFO: Epoch 11: loss=0.0003, MAE_E_per_atom=58.5 meV, MAE_F=80.3 meV / A, MAE_stress_per_atom=0.205 meV / A^3
2024-05-31 06:14:46.152 INFO: Epoch 12: loss=0.0003, MAE_E_per_atom=57.1 meV, MAE_F=79.5 meV / A, MAE_stress_per_atom=0.201 meV / A^3
2024-05-31 07:03:54.092 INFO: Epoch 13: loss=0.0003, MAE_E_per_atom=57.8 meV, MAE_F=80.1 meV / A, MAE_stress_per_atom=0.204 meV / A^3
2024-05-31 07:53:00.059 INFO: Epoch 14: loss=0.0003, MAE_E_per_atom=55.8 meV, MAE_F=78.2 meV / A, MAE_stress_per_atom=0.199 meV / A^3
2024-05-31 08:42:03.557 INFO: Epoch 15: loss=0.0003, MAE_E_per_atom=55.2 meV, MAE_F=77.4 meV / A, MAE_stress_per_atom=0.197 meV / A^3
2024-05-31 09:30:57.017 INFO: Epoch 16: loss=0.0003, MAE_E_per_atom=56.7 meV, MAE_F=78.8 meV / A, MAE_stress_per_atom=0.202 meV / A^3
2024-05-31 10:20:09.768 INFO: Epoch 17: loss=0.0003, MAE_E_per_atom=54.0 meV, MAE_F=76.8 meV / A, MAE_stress_per_atom=0.198 meV / A^3
2024-05-31 11:09:27.761 INFO: Epoch 18: loss=0.0003, MAE_E_per_atom=53.8 meV, MAE_F=76.5 meV / A, MAE_stress_per_atom=0.200 meV / A^3
2024-05-31 11:58:19.221 INFO: Epoch 19: loss=0.0003, MAE_E_per_atom=52.9 meV, MAE_F=76.0 meV / A, MAE_stress_per_atom=0.195 meV / A^3
2024-05-31 12:47:21.728 INFO: Epoch 20: loss=0.0003, MAE_E_per_atom=52.3 meV, MAE_F=75.5 meV / A, MAE_stress_per_atom=0.194 meV / A^3
2024-05-31 13:36:26.147 INFO: Epoch 21: loss=0.0003, MAE_E_per_atom=52.1 meV, MAE_F=74.9 meV / A, MAE_stress_per_atom=0.193 meV / A^3
2024-05-31 14:25:53.200 INFO: Epoch 22: loss=0.0003, MAE_E_per_atom=51.6 meV, MAE_F=74.6 meV / A, MAE_stress_per_atom=0.192 meV / A^3
2024-05-31 15:15:12.311 INFO: Epoch 23: loss=0.0003, MAE_E_per_atom=51.1 meV, MAE_F=74.4 meV / A, MAE_stress_per_atom=0.192 meV / A^3
2024-05-31 16:04:26.993 INFO: Epoch 24: loss=0.0003, MAE_E_per_atom=51.2 meV, MAE_F=74.2 meV / A, MAE_stress_per_atom=0.191 meV / A^3
2024-05-31 16:53:29.797 INFO: Epoch 25: loss=0.0003, MAE_E_per_atom=50.3 meV, MAE_F=74.0 meV / A, MAE_stress_per_atom=0.191 meV / A^3
2024-05-31 17:42:43.936 INFO: Epoch 26: loss=0.0003, MAE_E_per_atom=50.4 meV, MAE_F=73.7 meV / A, MAE_stress_per_atom=0.191 meV / A^3
2024-05-31 18:32:16.744 INFO: Epoch 27: loss=0.0003, MAE_E_per_atom=49.8 meV, MAE_F=73.7 meV / A, MAE_stress_per_atom=0.190 meV / A^3
2024-05-31 19:21:46.587 INFO: Epoch 28: loss=0.0003, MAE_E_per_atom=49.9 meV, MAE_F=73.6 meV / A, MAE_stress_per_atom=0.190 meV / A^3
2024-05-31 20:10:44.506 INFO: Epoch 29: loss=0.0003, MAE_E_per_atom=49.6 meV, MAE_F=73.0 meV / A, MAE_stress_per_atom=0.190 meV / A^3
2024-05-31 20:59:43.424 INFO: Epoch 30: loss=0.0003, MAE_E_per_atom=49.3 meV, MAE_F=73.0 meV / A, MAE_stress_per_atom=0.191 meV / A^3
2024-05-31 21:48:38.726 INFO: Epoch 31: loss=0.0003, MAE_E_per_atom=49.4 meV, MAE_F=72.7 meV / A, MAE_stress_per_atom=0.188 meV / A^3
2024-05-31 22:37:36.430 INFO: Epoch 32: loss=0.0003, MAE_E_per_atom=48.3 meV, MAE_F=72.5 meV / A, MAE_stress_per_atom=0.189 meV / A^3
2024-05-31 23:26:43.497 INFO: Epoch 33: loss=0.0003, MAE_E_per_atom=48.8 meV, MAE_F=72.2 meV / A, MAE_stress_per_atom=0.187 meV / A^3
2024-06-01 00:15:47.165 INFO: Epoch 34: loss=0.0003, MAE_E_per_atom=48.2 meV, MAE_F=72.1 meV / A, MAE_stress_per_atom=0.188 meV / A^3
2024-06-01 01:04:42.656 INFO: Epoch 35: loss=0.0003, MAE_E_per_atom=48.3 meV, MAE_F=71.9 meV / A, MAE_stress_per_atom=0.188 meV / A^3
2024-06-01 01:53:38.829 INFO: Epoch 36: loss=0.0003, MAE_E_per_atom=47.9 meV, MAE_F=71.7 meV / A, MAE_stress_per_atom=0.186 meV / A^3
2024-06-01 02:42:38.787 INFO: Epoch 37: loss=0.0003, MAE_E_per_atom=47.6 meV, MAE_F=71.5 meV / A, MAE_stress_per_atom=0.187 meV / A^3
2024-06-01 03:31:35.185 INFO: Epoch 38: loss=0.0003, MAE_E_per_atom=48.0 meV, MAE_F=71.5 meV / A, MAE_stress_per_atom=0.187 meV / A^3
2024-06-01 04:20:28.354 INFO: Epoch 39: loss=0.0003, MAE_E_per_atom=47.6 meV, MAE_F=71.4 meV / A, MAE_stress_per_atom=0.185 meV / A^3
2024-06-01 05:09:24.196 INFO: Epoch 40: loss=0.0003, MAE_E_per_atom=47.6 meV, MAE_F=71.3 meV / A, MAE_stress_per_atom=0.186 meV / A^3
2024-06-01 05:58:17.342 INFO: Epoch 41: loss=0.0003, MAE_E_per_atom=51.4 meV, MAE_F=75.8 meV / A, MAE_stress_per_atom=0.205 meV / A^3
2024-06-01 06:47:04.916 INFO: Epoch 42: loss=0.0003, MAE_E_per_atom=50.0 meV, MAE_F=74.0 meV / A, MAE_stress_per_atom=0.199 meV / A^3
2024-06-01 07:36:04.828 INFO: Epoch 43: loss=0.0003, MAE_E_per_atom=48.2 meV, MAE_F=72.4 meV / A, MAE_stress_per_atom=0.189 meV / A^3
2024-06-01 08:25:03.645 INFO: Epoch 44: loss=0.0003, MAE_E_per_atom=47.9 meV, MAE_F=71.6 meV / A, MAE_stress_per_atom=0.187 meV / A^3
2024-06-01 09:13:57.661 INFO: Epoch 45: loss=0.0003, MAE_E_per_atom=47.1 meV, MAE_F=71.2 meV / A, MAE_stress_per_atom=0.186 meV / A^3
2024-06-01 10:02:51.820 INFO: Epoch 46: loss=0.0003, MAE_E_per_atom=47.0 meV, MAE_F=71.0 meV / A, MAE_stress_per_atom=0.185 meV / A^3
2024-06-01 10:51:48.264 INFO: Epoch 47: loss=0.0003, MAE_E_per_atom=46.9 meV, MAE_F=70.8 meV / A, MAE_stress_per_atom=0.185 meV / A^3
2024-06-01 11:41:44.851 INFO: Epoch 48: loss=0.0003, MAE_E_per_atom=46.8 meV, MAE_F=70.5 meV / A, MAE_stress_per_atom=0.184 meV / A^3
2024-06-01 12:31:49.457 INFO: Epoch 49: loss=0.0003, MAE_E_per_atom=46.5 meV, MAE_F=70.5 meV / A, MAE_stress_per_atom=0.184 meV / A^3
2024-06-01 13:21:58.689 INFO: Epoch 50: loss=0.0003, MAE_E_per_atom=46.2 meV, MAE_F=70.3 meV / A, MAE_stress_per_atom=0.183 meV / A^3
2024-06-01 14:12:10.056 INFO: Epoch 51: loss=0.0003, MAE_E_per_atom=45.9 meV, MAE_F=70.3 meV / A, MAE_stress_per_atom=0.186 meV / A^3
2024-06-01 15:02:13.489 INFO: Epoch 52: loss=0.0002, MAE_E_per_atom=46.0 meV, MAE_F=70.0 meV / A, MAE_stress_per_atom=0.184 meV / A^3
2024-06-01 15:52:23.074 INFO: Epoch 53: loss=0.0002, MAE_E_per_atom=45.6 meV, MAE_F=70.0 meV / A, MAE_stress_per_atom=0.183 meV / A^3
2024-06-01 16:42:22.758 INFO: Epoch 54: loss=0.0002, MAE_E_per_atom=45.7 meV, MAE_F=69.9 meV / A, MAE_stress_per_atom=0.183 meV / A^3
2024-06-01 17:32:26.504 INFO: Epoch 55: loss=0.0002, MAE_E_per_atom=45.7 meV, MAE_F=69.8 meV / A, MAE_stress_per_atom=0.183 meV / A^3
2024-06-01 18:22:28.189 INFO: Epoch 56: loss=0.0002, MAE_E_per_atom=45.3 meV, MAE_F=69.7 meV / A, MAE_stress_per_atom=0.182 meV / A^3
2024-06-01 19:12:25.918 INFO: Epoch 57: loss=0.0002, MAE_E_per_atom=45.5 meV, MAE_F=69.6 meV / A, MAE_stress_per_atom=0.184 meV / A^3
2024-06-01 20:02:17.348 INFO: Epoch 58: loss=0.0002, MAE_E_per_atom=45.1 meV, MAE_F=69.7 meV / A, MAE_stress_per_atom=0.182 meV / A^3
2024-06-01 20:52:08.773 INFO: Epoch 59: loss=0.0002, MAE_E_per_atom=45.1 meV, MAE_F=69.5 meV / A, MAE_stress_per_atom=0.183 meV / A^3
2024-06-01 21:41:54.340 INFO: Epoch 60: loss=0.0002, MAE_E_per_atom=45.1 meV, MAE_F=69.5 meV / A, MAE_stress_per_atom=0.182 meV / A^3
2024-06-01 22:31:35.513 INFO: Epoch 61: loss=0.0002, MAE_E_per_atom=44.8 meV, MAE_F=69.5 meV / A, MAE_stress_per_atom=0.182 meV / A^3
2024-06-01 23:21:24.515 INFO: Epoch 62: loss=0.0002, MAE_E_per_atom=44.7 meV, MAE_F=69.3 meV / A, MAE_stress_per_atom=0.182 meV / A^3
2024-06-02 00:11:20.096 INFO: Epoch 63: loss=0.0002, MAE_E_per_atom=45.0 meV, MAE_F=69.3 meV / A, MAE_stress_per_atom=0.183 meV / A^3
2024-06-02 01:01:19.977 INFO: Epoch 64: loss=0.0002, MAE_E_per_atom=44.6 meV, MAE_F=69.2 meV / A, MAE_stress_per_atom=0.182 meV / A^3
2024-06-02 01:51:22.379 INFO: Epoch 65: loss=0.0002, MAE_E_per_atom=44.6 meV, MAE_F=69.2 meV / A, MAE_stress_per_atom=0.182 meV / A^3
2024-06-02 02:41:28.402 INFO: Epoch 66: loss=0.0002, MAE_E_per_atom=44.5 meV, MAE_F=69.1 meV / A, MAE_stress_per_atom=0.182 meV / A^3
2024-06-02 03:30:42.041 INFO: Epoch 67: loss=0.0002, MAE_E_per_atom=44.5 meV, MAE_F=69.0 meV / A, MAE_stress_per_atom=0.182 meV / A^3
2024-06-02 04:19:44.878 INFO: Epoch 68: loss=0.0002, MAE_E_per_atom=44.5 meV, MAE_F=68.8 meV / A, MAE_stress_per_atom=0.180 meV / A^3
2024-06-02 05:08:44.292 INFO: Epoch 69: loss=0.0002, MAE_E_per_atom=44.5 meV, MAE_F=68.9 meV / A, MAE_stress_per_atom=0.181 meV / A^3
2024-06-02 05:57:41.355 INFO: Epoch 70: loss=0.0002, MAE_E_per_atom=44.3 meV, MAE_F=68.8 meV / A, MAE_stress_per_atom=0.180 meV / A^3
2024-06-02 06:46:43.562 INFO: Epoch 71: loss=0.0002, MAE_E_per_atom=44.2 meV, MAE_F=68.7 meV / A, MAE_stress_per_atom=0.181 meV / A^3
2024-06-02 07:35:44.737 INFO: Epoch 72: loss=0.0002, MAE_E_per_atom=44.1 meV, MAE_F=68.8 meV / A, MAE_stress_per_atom=0.181 meV / A^3
2024-06-02 08:24:45.316 INFO: Epoch 73: loss=0.0002, MAE_E_per_atom=44.0 meV, MAE_F=68.7 meV / A, MAE_stress_per_atom=0.182 meV / A^3
2024-06-02 09:13:49.382 INFO: Epoch 74: loss=0.0002, MAE_E_per_atom=44.0 meV, MAE_F=68.7 meV / A, MAE_stress_per_atom=0.181 meV / A^3
2024-06-02 10:02:56.293 INFO: Epoch 75: loss=0.0002, MAE_E_per_atom=44.1 meV, MAE_F=68.6 meV / A, MAE_stress_per_atom=0.181 meV / A^3
2024-06-02 10:52:01.327 INFO: Epoch 76: loss=0.0002, MAE_E_per_atom=44.2 meV, MAE_F=68.6 meV / A, MAE_stress_per_atom=0.181 meV / A^3
2024-06-02 11:41:05.134 INFO: Epoch 77: loss=0.0002, MAE_E_per_atom=43.7 meV, MAE_F=68.5 meV / A, MAE_stress_per_atom=0.181 meV / A^3
2024-06-02 12:30:04.310 INFO: Epoch 78: loss=0.0002, MAE_E_per_atom=43.6 meV, MAE_F=68.5 meV / A, MAE_stress_per_atom=0.181 meV / A^3
2024-06-02 13:19:09.197 INFO: Epoch 79: loss=0.0002, MAE_E_per_atom=44.0 meV, MAE_F=68.4 meV / A, MAE_stress_per_atom=0.180 meV / A^3
2024-06-02 14:08:12.171 INFO: Epoch 80: loss=0.0002, MAE_E_per_atom=43.6 meV, MAE_F=68.3 meV / A, MAE_stress_per_atom=0.181 meV / A^3
2024-06-02 14:57:13.313 INFO: Epoch 81: loss=0.0002, MAE_E_per_atom=43.6 meV, MAE_F=68.3 meV / A, MAE_stress_per_atom=0.181 meV / A^3
2024-06-02 15:46:12.401 INFO: Epoch 82: loss=0.0002, MAE_E_per_atom=43.4 meV, MAE_F=68.3 meV / A, MAE_stress_per_atom=0.181 meV / A^3
2024-06-02 16:35:11.708 INFO: Epoch 83: loss=0.0002, MAE_E_per_atom=43.5 meV, MAE_F=68.2 meV / A, MAE_stress_per_atom=0.179 meV / A^3
2024-06-02 17:24:11.534 INFO: Epoch 84: loss=0.0002, MAE_E_per_atom=43.5 meV, MAE_F=68.1 meV / A, MAE_stress_per_atom=0.179 meV / A^3
2024-06-02 18:13:16.730 INFO: Epoch 85: loss=0.0002, MAE_E_per_atom=43.3 meV, MAE_F=68.1 meV / A, MAE_stress_per_atom=0.179 meV / A^3
2024-06-02 19:02:19.442 INFO: Epoch 86: loss=0.0002, MAE_E_per_atom=43.3 meV, MAE_F=68.0 meV / A, MAE_stress_per_atom=0.181 meV / A^3
2024-06-02 19:51:22.745 INFO: Epoch 87: loss=0.0002, MAE_E_per_atom=43.2 meV, MAE_F=68.2 meV / A, MAE_stress_per_atom=0.180 meV / A^3
2024-06-02 20:40:27.597 INFO: Epoch 88: loss=0.0002, MAE_E_per_atom=43.3 meV, MAE_F=68.1 meV / A, MAE_stress_per_atom=0.179 meV / A^3
2024-06-02 21:30:14.264 INFO: Epoch 89: loss=0.0002, MAE_E_per_atom=43.2 meV, MAE_F=68.1 meV / A, MAE_stress_per_atom=0.181 meV / A^3
2024-06-02 22:19:41.070 INFO: Epoch 90: loss=0.0002, MAE_E_per_atom=43.5 meV, MAE_F=68.2 meV / A, MAE_stress_per_atom=0.187 meV / A^3
2024-06-02 23:09:20.582 INFO: Epoch 91: loss=0.0003, MAE_E_per_atom=45.2 meV, MAE_F=70.0 meV / A, MAE_stress_per_atom=0.187 meV / A^3
2024-06-02 23:59:16.866 INFO: Epoch 92: loss=0.0002, MAE_E_per_atom=43.6 meV, MAE_F=68.4 meV / A, MAE_stress_per_atom=0.182 meV / A^3
2024-06-03 00:49:08.776 INFO: Epoch 93: loss=0.0002, MAE_E_per_atom=43.3 meV, MAE_F=68.1 meV / A, MAE_stress_per_atom=0.180 meV / A^3
2024-06-03 01:38:23.098 INFO: Epoch 94: loss=0.0002, MAE_E_per_atom=43.0 meV, MAE_F=68.0 meV / A, MAE_stress_per_atom=0.180 meV / A^3
2024-06-03 02:27:28.671 INFO: Epoch 95: loss=0.0002, MAE_E_per_atom=42.7 meV, MAE_F=67.6 meV / A, MAE_stress_per_atom=0.179 meV / A^3
2024-06-03 03:16:45.642 INFO: Epoch 96: loss=0.0002, MAE_E_per_atom=42.5 meV, MAE_F=67.5 meV / A, MAE_stress_per_atom=0.179 meV / A^3
2024-06-03 04:05:56.426 INFO: Epoch 97: loss=0.0002, MAE_E_per_atom=42.1 meV, MAE_F=67.5 meV / A, MAE_stress_per_atom=0.178 meV / A^3
2024-06-03 04:55:13.433 INFO: Epoch 98: loss=0.0002, MAE_E_per_atom=42.2 meV, MAE_F=67.4 meV / A, MAE_stress_per_atom=0.178 meV / A^3
2024-06-03 05:44:27.227 INFO: Epoch 99: loss=0.0002, MAE_E_per_atom=42.4 meV, MAE_F=67.3 meV / A, MAE_stress_per_atom=0.179 meV / A^3
2024-06-03 06:33:44.828 INFO: Epoch 100: loss=0.0002, MAE_E_per_atom=42.2 meV, MAE_F=67.4 meV / A, MAE_stress_per_atom=0.179 meV / A^3
2024-06-03 07:22:56.801 INFO: Epoch 101: loss=0.0002, MAE_E_per_atom=42.1 meV, MAE_F=67.3 meV / A, MAE_stress_per_atom=0.179 meV / A^3
2024-06-03 08:12:13.845 INFO: Epoch 102: loss=0.0002, MAE_E_per_atom=42.2 meV, MAE_F=67.2 meV / A, MAE_stress_per_atom=0.178 meV / A^3
2024-06-03 09:01:29.530 INFO: Epoch 103: loss=0.0002, MAE_E_per_atom=41.9 meV, MAE_F=67.2 meV / A, MAE_stress_per_atom=0.178 meV / A^3
2024-06-03 09:50:42.936 INFO: Epoch 104: loss=0.0002, MAE_E_per_atom=41.8 meV, MAE_F=67.2 meV / A, MAE_stress_per_atom=0.179 meV / A^3
2024-06-03 10:39:53.959 INFO: Epoch 105: loss=0.0002, MAE_E_per_atom=42.0 meV, MAE_F=67.0 meV / A, MAE_stress_per_atom=0.177 meV / A^3
2024-06-03 11:29:07.826 INFO: Epoch 106: loss=0.0002, MAE_E_per_atom=41.9 meV, MAE_F=67.0 meV / A, MAE_stress_per_atom=0.179 meV / A^3
2024-06-03 12:18:22.620 INFO: Epoch 107: loss=0.0002, MAE_E_per_atom=41.7 meV, MAE_F=67.1 meV / A, MAE_stress_per_atom=0.179 meV / A^3
2024-06-03 13:07:24.402 INFO: Epoch 108: loss=0.0002, MAE_E_per_atom=41.7 meV, MAE_F=67.1 meV / A, MAE_stress_per_atom=0.178 meV / A^3
2024-06-03 13:56:39.714 INFO: Epoch 109: loss=0.0002, MAE_E_per_atom=41.8 meV, MAE_F=67.0 meV / A, MAE_stress_per_atom=0.179 meV / A^3
2024-06-03 14:45:48.796 INFO: Epoch 110: loss=0.0002, MAE_E_per_atom=41.7 meV, MAE_F=66.9 meV / A, MAE_stress_per_atom=0.179 meV / A^3
2024-06-03 15:34:51.494 INFO: Epoch 111: loss=0.0002, MAE_E_per_atom=41.9 meV, MAE_F=67.0 meV / A, MAE_stress_per_atom=0.179 meV / A^3
2024-06-03 16:23:58.225 INFO: Epoch 112: loss=0.0002, MAE_E_per_atom=41.3 meV, MAE_F=66.6 meV / A, MAE_stress_per_atom=0.178 meV / A^3
2024-06-03 17:13:00.140 INFO: Epoch 113: loss=0.0002, MAE_E_per_atom=41.4 meV, MAE_F=66.6 meV / A, MAE_stress_per_atom=0.177 meV / A^3
2024-06-03 18:01:59.508 INFO: Epoch 114: loss=0.0002, MAE_E_per_atom=41.3 meV, MAE_F=66.6 meV / A, MAE_stress_per_atom=0.178 meV / A^3
2024-06-03 18:50:56.582 INFO: Epoch 115: loss=0.0002, MAE_E_per_atom=41.2 meV, MAE_F=66.6 meV / A, MAE_stress_per_atom=0.177 meV / A^3
2024-06-03 19:39:50.992 INFO: Epoch 116: loss=0.0002, MAE_E_per_atom=41.1 meV, MAE_F=66.5 meV / A, MAE_stress_per_atom=0.178 meV / A^3
2024-06-03 20:28:44.000 INFO: Epoch 117: loss=0.0002, MAE_E_per_atom=41.1 meV, MAE_F=66.6 meV / A, MAE_stress_per_atom=0.177 meV / A^3
2024-06-03 21:17:37.830 INFO: Epoch 118: loss=0.0002, MAE_E_per_atom=41.1 meV, MAE_F=66.4 meV / A, MAE_stress_per_atom=0.177 meV / A^3
2024-06-03 22:07:08.427 INFO: Epoch 119: loss=0.0002, MAE_E_per_atom=41.0 meV, MAE_F=66.4 meV / A, MAE_stress_per_atom=0.177 meV / A^3
2024-06-03 22:55:59.133 INFO: Epoch 120: loss=0.0002, MAE_E_per_atom=41.0 meV, MAE_F=66.5 meV / A, MAE_stress_per_atom=0.178 meV / A^3
2024-06-03 23:45:01.353 INFO: Epoch 121: loss=0.0002, MAE_E_per_atom=40.9 meV, MAE_F=66.3 meV / A, MAE_stress_per_atom=0.177 meV / A^3
2024-06-04 00:33:52.217 INFO: Epoch 122: loss=0.0002, MAE_E_per_atom=41.0 meV, MAE_F=66.2 meV / A, MAE_stress_per_atom=0.177 meV / A^3
2024-06-04 01:22:43.178 INFO: Epoch 123: loss=0.0002, MAE_E_per_atom=40.9 meV, MAE_F=66.3 meV / A, MAE_stress_per_atom=0.178 meV / A^3
2024-06-04 02:11:31.596 INFO: Epoch 124: loss=0.0002, MAE_E_per_atom=40.9 meV, MAE_F=66.4 meV / A, MAE_stress_per_atom=0.177 meV / A^3
2024-06-04 03:00:20.668 INFO: Epoch 125: loss=0.0002, MAE_E_per_atom=40.7 meV, MAE_F=66.2 meV / A, MAE_stress_per_atom=0.177 meV / A^3
2024-06-04 03:49:15.839 INFO: Epoch 126: loss=0.0002, MAE_E_per_atom=40.8 meV, MAE_F=66.2 meV / A, MAE_stress_per_atom=0.177 meV / A^3
2024-06-04 04:38:10.707 INFO: Epoch 127: loss=0.0002, MAE_E_per_atom=40.9 meV, MAE_F=66.2 meV / A, MAE_stress_per_atom=0.178 meV / A^3
2024-06-04 05:27:04.262 INFO: Epoch 128: loss=0.0002, MAE_E_per_atom=40.7 meV, MAE_F=66.2 meV / A, MAE_stress_per_atom=0.177 meV / A^3
2024-06-04 06:15:56.763 INFO: Epoch 129: loss=0.0002, MAE_E_per_atom=40.8 meV, MAE_F=66.1 meV / A, MAE_stress_per_atom=0.178 meV / A^3
2024-06-04 07:04:52.214 INFO: Epoch 130: loss=0.0002, MAE_E_per_atom=40.7 meV, MAE_F=66.0 meV / A, MAE_stress_per_atom=0.177 meV / A^3
2024-06-04 07:53:51.996 INFO: Epoch 131: loss=0.0002, MAE_E_per_atom=40.7 meV, MAE_F=66.1 meV / A, MAE_stress_per_atom=0.178 meV / A^3
2024-06-04 08:42:55.533 INFO: Epoch 132: loss=0.0002, MAE_E_per_atom=40.6 meV, MAE_F=66.0 meV / A, MAE_stress_per_atom=0.177 meV / A^3
2024-06-04 09:31:59.447 INFO: Epoch 133: loss=0.0002, MAE_E_per_atom=40.4 meV, MAE_F=66.0 meV / A, MAE_stress_per_atom=0.177 meV / A^3
2024-06-04 10:20:51.934 INFO: Epoch 134: loss=0.0002, MAE_E_per_atom=40.5 meV, MAE_F=66.0 meV / A, MAE_stress_per_atom=0.177 meV / A^3
2024-06-04 11:09:47.537 INFO: Epoch 135: loss=0.0002, MAE_E_per_atom=40.6 meV, MAE_F=66.0 meV / A, MAE_stress_per_atom=0.177 meV / A^3
2024-06-04 11:58:35.970 INFO: Epoch 136: loss=0.0002, MAE_E_per_atom=40.4 meV, MAE_F=66.0 meV / A, MAE_stress_per_atom=0.177 meV / A^3
2024-06-04 12:47:29.903 INFO: Epoch 137: loss=0.0002, MAE_E_per_atom=40.3 meV, MAE_F=66.0 meV / A, MAE_stress_per_atom=0.178 meV / A^3
2024-06-04 13:36:22.886 INFO: Epoch 138: loss=0.0002, MAE_E_per_atom=40.4 meV, MAE_F=65.9 meV / A, MAE_stress_per_atom=0.178 meV / A^3
2024-06-04 14:25:24.393 INFO: Epoch 139: loss=0.0002, MAE_E_per_atom=40.4 meV, MAE_F=65.9 meV / A, MAE_stress_per_atom=0.177 meV / A^3
2024-06-04 15:14:50.602 INFO: Epoch 140: loss=0.0002, MAE_E_per_atom=40.3 meV, MAE_F=65.7 meV / A, MAE_stress_per_atom=0.177 meV / A^3
2024-06-04 16:03:48.193 INFO: Epoch 141: loss=0.0002, MAE_E_per_atom=40.4 meV, MAE_F=65.6 meV / A, MAE_stress_per_atom=0.176 meV / A^3
2024-06-04 16:52:37.803 INFO: Epoch 142: loss=0.0002, MAE_E_per_atom=40.3 meV, MAE_F=65.6 meV / A, MAE_stress_per_atom=0.176 meV / A^3
2024-06-04 17:41:26.095 INFO: Epoch 143: loss=0.0002, MAE_E_per_atom=40.2 meV, MAE_F=65.6 meV / A, MAE_stress_per_atom=0.176 meV / A^3
2024-06-04 18:30:14.030 INFO: Epoch 144: loss=0.0002, MAE_E_per_atom=40.0 meV, MAE_F=65.6 meV / A, MAE_stress_per_atom=0.178 meV / A^3
2024-06-04 19:19:04.197 INFO: Epoch 145: loss=0.0002, MAE_E_per_atom=40.1 meV, MAE_F=65.6 meV / A, MAE_stress_per_atom=0.176 meV / A^3
2024-06-04 20:08:01.991 INFO: Epoch 146: loss=0.0002, MAE_E_per_atom=39.8 meV, MAE_F=65.5 meV / A, MAE_stress_per_atom=0.175 meV / A^3
2024-06-04 20:56:55.911 INFO: Epoch 147: loss=0.0002, MAE_E_per_atom=40.0 meV, MAE_F=65.4 meV / A, MAE_stress_per_atom=0.176 meV / A^3
2024-06-04 21:45:52.540 INFO: Epoch 148: loss=0.0002, MAE_E_per_atom=39.8 meV, MAE_F=65.6 meV / A, MAE_stress_per_atom=0.176 meV / A^3
2024-06-04 22:34:50.017 INFO: Epoch 149: loss=0.0002, MAE_E_per_atom=39.8 meV, MAE_F=65.4 meV / A, MAE_stress_per_atom=0.177 meV / A^3
2024-06-04 23:23:39.681 INFO: Epoch 150: loss=0.0002, MAE_E_per_atom=39.8 meV, MAE_F=65.5 meV / A, MAE_stress_per_atom=0.177 meV / A^3
2024-06-05 00:12:27.974 INFO: Epoch 151: loss=0.0002, MAE_E_per_atom=39.8 meV, MAE_F=65.3 meV / A, MAE_stress_per_atom=0.177 meV / A^3
2024-06-05 01:01:20.003 INFO: Epoch 152: loss=0.0002, MAE_E_per_atom=39.8 meV, MAE_F=65.4 meV / A, MAE_stress_per_atom=0.177 meV / A^3
2024-06-05 01:50:11.625 INFO: Epoch 153: loss=0.0002, MAE_E_per_atom=39.5 meV, MAE_F=65.2 meV / A, MAE_stress_per_atom=0.176 meV / A^3
2024-06-05 02:39:02.821 INFO: Epoch 154: loss=0.0002, MAE_E_per_atom=39.5 meV, MAE_F=65.2 meV / A, MAE_stress_per_atom=0.176 meV / A^3
2024-06-05 03:27:52.798 INFO: Epoch 155: loss=0.0002, MAE_E_per_atom=39.4 meV, MAE_F=65.1 meV / A, MAE_stress_per_atom=0.176 meV / A^3
2024-06-05 04:16:47.626 INFO: Epoch 156: loss=0.0002, MAE_E_per_atom=39.4 meV, MAE_F=65.1 meV / A, MAE_stress_per_atom=0.175 meV / A^3
2024-06-05 05:05:44.025 INFO: Epoch 157: loss=0.0002, MAE_E_per_atom=39.4 meV, MAE_F=65.1 meV / A, MAE_stress_per_atom=0.176 meV / A^3
2024-06-05 05:54:41.802 INFO: Epoch 158: loss=0.0002, MAE_E_per_atom=39.3 meV, MAE_F=65.1 meV / A, MAE_stress_per_atom=0.175 meV / A^3
2024-06-05 06:43:34.715 INFO: Epoch 159: loss=0.0002, MAE_E_per_atom=39.4 meV, MAE_F=65.1 meV / A, MAE_stress_per_atom=0.176 meV / A^3
2024-06-05 07:32:30.238 INFO: Epoch 160: loss=0.0002, MAE_E_per_atom=39.5 meV, MAE_F=65.0 meV / A, MAE_stress_per_atom=0.176 meV / A^3
2024-06-05 08:21:24.765 INFO: Epoch 161: loss=0.0002, MAE_E_per_atom=39.6 meV, MAE_F=65.0 meV / A, MAE_stress_per_atom=0.175 meV / A^3
2024-06-05 09:10:20.345 INFO: Epoch 162: loss=0.0002, MAE_E_per_atom=39.4 meV, MAE_F=65.1 meV / A, MAE_stress_per_atom=0.176 meV / A^3
2024-06-05 09:59:18.268 INFO: Epoch 163: loss=0.0002, MAE_E_per_atom=39.2 meV, MAE_F=65.1 meV / A, MAE_stress_per_atom=0.175 meV / A^3
2024-06-05 10:48:07.557 INFO: Epoch 164: loss=0.0002, MAE_E_per_atom=39.3 meV, MAE_F=65.0 meV / A, MAE_stress_per_atom=0.175 meV / A^3
2024-06-05 11:37:05.879 INFO: Epoch 165: loss=0.0002, MAE_E_per_atom=39.3 meV, MAE_F=65.0 meV / A, MAE_stress_per_atom=0.176 meV / A^3
2024-06-05 12:26:07.015 INFO: Epoch 166: loss=0.0002, MAE_E_per_atom=39.4 meV, MAE_F=65.0 meV / A, MAE_stress_per_atom=0.176 meV / A^3
2024-06-05 13:15:07.257 INFO: Epoch 167: loss=0.0002, MAE_E_per_atom=39.4 meV, MAE_F=64.9 meV / A, MAE_stress_per_atom=0.176 meV / A^3
2024-06-05 14:04:00.727 INFO: Epoch 168: loss=0.0002, MAE_E_per_atom=39.2 meV, MAE_F=64.8 meV / A, MAE_stress_per_atom=0.175 meV / A^3
2024-06-05 14:53:10.565 INFO: Epoch 169: loss=0.0002, MAE_E_per_atom=39.2 meV, MAE_F=64.9 meV / A, MAE_stress_per_atom=0.175 meV / A^3
2024-06-05 15:42:00.873 INFO: Epoch 170: loss=0.0002, MAE_E_per_atom=39.2 meV, MAE_F=64.9 meV / A, MAE_stress_per_atom=0.176 meV / A^3
2024-06-05 16:30:55.999 INFO: Epoch 171: loss=0.0002, MAE_E_per_atom=39.2 meV, MAE_F=64.8 meV / A, MAE_stress_per_atom=0.176 meV / A^3
2024-06-05 17:19:58.410 INFO: Epoch 172: loss=0.0002, MAE_E_per_atom=39.2 meV, MAE_F=64.9 meV / A, MAE_stress_per_atom=0.176 meV / A^3
2024-06-05 18:09:17.268 INFO: Epoch 173: loss=0.0002, MAE_E_per_atom=39.1 meV, MAE_F=64.9 meV / A, MAE_stress_per_atom=0.175 meV / A^3
2024-06-05 18:58:05.866 INFO: Epoch 174: loss=0.0002, MAE_E_per_atom=39.3 meV, MAE_F=64.9 meV / A, MAE_stress_per_atom=0.176 meV / A^3
2024-06-05 19:47:07.073 INFO: Epoch 175: loss=0.0002, MAE_E_per_atom=39.2 meV, MAE_F=64.8 meV / A, MAE_stress_per_atom=0.176 meV / A^3
2024-06-05 20:36:17.963 INFO: Epoch 176: loss=0.0002, MAE_E_per_atom=39.2 meV, MAE_F=64.8 meV / A, MAE_stress_per_atom=0.176 meV / A^3
2024-06-05 21:25:11.218 INFO: Epoch 177: loss=0.0002, MAE_E_per_atom=39.0 meV, MAE_F=64.7 meV / A, MAE_stress_per_atom=0.176 meV / A^3
2024-06-05 22:14:07.096 INFO: Epoch 178: loss=0.0002, MAE_E_per_atom=39.0 meV, MAE_F=64.7 meV / A, MAE_stress_per_atom=0.176 meV / A^3
2024-06-05 23:03:03.044 INFO: Epoch 179: loss=0.0002, MAE_E_per_atom=39.2 meV, MAE_F=64.7 meV / A, MAE_stress_per_atom=0.175 meV / A^3
2024-06-05 23:51:55.362 INFO: Epoch 180: loss=0.0002, MAE_E_per_atom=39.0 meV, MAE_F=64.8 meV / A, MAE_stress_per_atom=0.176 meV / A^3
2024-06-06 00:40:49.315 INFO: Epoch 181: loss=0.0002, MAE_E_per_atom=39.0 meV, MAE_F=64.8 meV / A, MAE_stress_per_atom=0.175 meV / A^3
2024-06-06 01:29:42.579 INFO: Epoch 182: loss=0.0002, MAE_E_per_atom=38.9 meV, MAE_F=64.7 meV / A, MAE_stress_per_atom=0.176 meV / A^3
2024-06-06 02:18:34.335 INFO: Epoch 183: loss=0.0002, MAE_E_per_atom=38.9 meV, MAE_F=64.6 meV / A, MAE_stress_per_atom=0.176 meV / A^3
2024-06-06 03:07:28.578 INFO: Epoch 184: loss=0.0002, MAE_E_per_atom=39.0 meV, MAE_F=64.7 meV / A, MAE_stress_per_atom=0.175 meV / A^3
2024-06-06 03:56:22.424 INFO: Epoch 185: loss=0.0002, MAE_E_per_atom=39.0 meV, MAE_F=64.7 meV / A, MAE_stress_per_atom=0.175 meV / A^3
2024-06-06 04:45:18.289 INFO: Epoch 186: loss=0.0002, MAE_E_per_atom=38.9 meV, MAE_F=64.7 meV / A, MAE_stress_per_atom=0.176 meV / A^3
2024-06-06 05:34:12.741 INFO: Epoch 187: loss=0.0002, MAE_E_per_atom=38.9 meV, MAE_F=64.6 meV / A, MAE_stress_per_atom=0.176 meV / A^3
2024-06-06 06:23:12.383 INFO: Epoch 188: loss=0.0002, MAE_E_per_atom=38.8 meV, MAE_F=64.8 meV / A, MAE_stress_per_atom=0.176 meV / A^3
2024-06-06 07:12:13.939 INFO: Epoch 189: loss=0.0002, MAE_E_per_atom=39.0 meV, MAE_F=64.7 meV / A, MAE_stress_per_atom=0.176 meV / A^3
2024-06-06 08:01:07.261 INFO: Epoch 190: loss=0.0002, MAE_E_per_atom=38.6 meV, MAE_F=64.7 meV / A, MAE_stress_per_atom=0.176 meV / A^3
2024-06-06 08:50:07.118 INFO: Epoch 191: loss=0.0002, MAE_E_per_atom=38.7 meV, MAE_F=64.5 meV / A, MAE_stress_per_atom=0.175 meV / A^3
2024-06-06 09:39:07.221 INFO: Epoch 192: loss=0.0002, MAE_E_per_atom=38.7 meV, MAE_F=64.5 meV / A, MAE_stress_per_atom=0.175 meV / A^3
2024-06-06 10:28:00.457 INFO: Epoch 193: loss=0.0002, MAE_E_per_atom=38.7 meV, MAE_F=64.4 meV / A, MAE_stress_per_atom=0.175 meV / A^3
2024-06-06 11:16:58.411 INFO: Epoch 194: loss=0.0002, MAE_E_per_atom=38.7 meV, MAE_F=64.6 meV / A, MAE_stress_per_atom=0.175 meV / A^3
2024-06-06 12:05:51.733 INFO: Epoch 195: loss=0.0002, MAE_E_per_atom=38.7 meV, MAE_F=64.4 meV / A, MAE_stress_per_atom=0.175 meV / A^3
2024-06-06 12:54:45.915 INFO: Epoch 196: loss=0.0002, MAE_E_per_atom=38.7 meV, MAE_F=64.4 meV / A, MAE_stress_per_atom=0.175 meV / A^3
2024-06-06 13:43:33.833 INFO: Epoch 197: loss=0.0002, MAE_E_per_atom=38.6 meV, MAE_F=64.4 meV / A, MAE_stress_per_atom=0.174 meV / A^3
2024-06-06 14:32:33.348 INFO: Epoch 198: loss=0.0002, MAE_E_per_atom=38.3 meV, MAE_F=64.4 meV / A, MAE_stress_per_atom=0.175 meV / A^3
2024-06-06 15:21:34.384 INFO: Epoch 199: loss=0.0002, MAE_E_per_atom=38.6 meV, MAE_F=64.3 meV / A, MAE_stress_per_atom=0.175 meV / A^3
2024-06-06 15:21:35.692 INFO: Training complete
2024-06-06 15:21:35.693 INFO: Computing metrics for training, validation, and test sets
2024-06-06 15:21:35.699 INFO: Loading checkpoint: checkpoints/L0_run-1_epoch-199.pt
2024-06-06 15:21:36.829 INFO: Loaded model from epoch 199
2024-06-06 15:21:36.830 INFO: Evaluating train ...
