2024-06-08 09:59:24.696 INFO: Process group initialized: True
2024-06-08 09:59:24.701 INFO: Processes: 16
2024-06-08 09:59:24.701 INFO: MACE version: 0.3.5
2024-06-08 09:59:24.701 INFO: Configuration: Namespace(config=None, name='L0', seed=1, log_dir='logs', model_dir='.', checkpoints_dir='checkpoints', results_dir='results', downloads_dir='downloads', device='cuda', default_dtype='float64', distributed=True, log_level='INFO', error_table='PerAtomMAEstress', model='ScaleShiftMACE', r_max=6.0, radial_type='bessel', num_radial_basis=10, num_cutoff_basis=5, pair_repulsion=False, distance_transform='None', interaction='RealAgnosticResidualInteractionBlock', interaction_first='RealAgnosticResidualInteractionBlock', max_ell=3, correlation=3, num_interactions=2, MLP_irreps='16x0e', radial_MLP='[64, 64, 64]', hidden_irreps='128x0e + 128x1o', num_channels=128, max_L=0, gate='silu', scaling='rms_forces_scaling', avg_num_neighbors=1, compute_avg_num_neighbors=True, compute_stress=True, compute_forces=True, train_file='./dataset/processed_data/train', valid_file='./dataset/processed_data/val', valid_fraction=0.1, test_file=None, test_dir=None, multi_processed_test=False, num_workers=8, pin_memory=True, atomic_numbers=None, mean=None, std=None, statistics_file='./dataset/processed_data/statistics.json', E0s=None, keep_isolated_atoms=False, energy_key='energy', forces_key='forces', virials_key='virials', stress_key='stress', dipole_key='dipole', charges_key='charges', loss='universal', forces_weight=10.0, swa_forces_weight=100.0, energy_weight=1.0, swa_energy_weight=1000.0, virials_weight=1.0, swa_virials_weight=10.0, stress_weight=100.0, swa_stress_weight=10.0, dipole_weight=1.0, swa_dipole_weight=1.0, config_type_weights='{"Default":1.0}', huber_delta=0.01, optimizer='adam', batch_size=16, valid_batch_size=32, lr=0.005, swa_lr=0.001, weight_decay=1e-08, amsgrad=True, scheduler='ReduceLROnPlateau', lr_factor=0.8, scheduler_patience=5, lr_scheduler_gamma=0.9993, swa=False, start_swa=None, ema=True, ema_decay=0.995, max_num_epochs=200, patience=50, foundation_model=None, foundation_model_readout=True, eval_interval=1, keep_checkpoints=True, save_all_checkpoints=False, restart_latest=False, save_cpu=True, clip_grad=100.0, wandb=True, wandb_project='mace', wandb_entity='ChenWang123', wandb_name='L0', wandb_log_hypers=['num_channels', 'max_L', 'correlation', 'lr', 'swa_lr', 'weight_decay', 'batch_size', 'max_num_epochs', 'start_swa', 'energy_weight', 'forces_weight'])
2024-06-08 09:59:24.701 INFO: CUDA version: 11.8, CUDA device: 0
2024-06-08 09:59:25.045 INFO: Error accessing Git repository: /gpfs/home/whuustcgroup/qxming/work/mace/model-MPtrj
2024-06-08 09:59:25.046 INFO: Using statistics json file
2024-06-08 09:59:25.046 INFO: Using atomic numbers from statistics file
2024-06-08 09:59:25.047 INFO: AtomicNumberTable: (1, 2, 3, 4, 5, 6, 7, 8, 9, 10, 11, 12, 13, 14, 15, 16, 17, 18, 19, 20, 21, 22, 23, 24, 25, 26, 27, 28, 29, 30, 31, 32, 33, 34, 35, 36, 37, 38, 39, 40, 41, 42, 43, 44, 45, 46, 47, 48, 49, 50, 51, 52, 53, 54, 55, 56, 57, 58, 59, 60, 61, 62, 63, 64, 65, 66, 67, 68, 69, 70, 71, 72, 73, 74, 75, 76, 77, 78, 79, 80, 81, 82, 83, 89, 90, 91, 92, 93, 94)
2024-06-08 09:59:25.047 INFO: Atomic Energies not in training file, using command line argument E0s
2024-06-08 09:59:25.049 INFO: Atomic energies: [-3.665129082168616, -1.3268448297775848, -3.48036530425996, -4.736632923589864, -7.729660082370106, -8.404140811390597, -7.363275886107861, -7.285915087084559, -4.896973856388181, 3.3573144264664734e-13, -2.7485133126922747, -2.8078864428851533, -4.847550279201389, -7.694101802698512, -6.966884592848928, -4.671062806815684, -2.815259036301751, -0.06259504416957595, -2.6140928003676236, -5.395991549910634, -7.892112974595401, -10.271708390306257, -8.666763369187791, -9.227707302571677, -8.298434830348908, -7.045362904862065, -5.578272670361611, -5.172104532490062, -3.245671691735544, -1.2879582491366122, -3.5247725223302946, -4.710128324801775, -3.984733259197608, -3.8878490129733434, -2.5176082230706758, 6.752637064319446, -2.559951935298585, -4.929903788642756, -10.135487338582982, -11.8484668950788, -12.141615972583805, -8.781008149481213, -8.778273277772014, -7.768859836187836, -6.854827708420025, -4.886353126562549, -2.067182401053442, -0.6397715304402876, -2.795087114841533, -3.8206345157186874, -3.5838818172098135, -2.876932399467874, -1.637372766508895, 9.843944321272652, -2.7617413437851117, -4.992849305043196, -8.920407237080406, -8.72456978420765, -8.012791410733074, -8.239742347478327, -7.587716852198664, -8.163243078701797, -13.60669720477925, -18.515910426213367, -7.640342297950453, -8.129805082776073, -7.603339893806108, -6.845735727122822, -7.822743295236865, -3.5862570500167896, -7.502853568067199, -12.773909608936664, -14.114959593472367, -9.354953714261438, -11.392562991483612, -9.634648187386471, -7.318246034696319, -5.311838396041664, -2.3794033718025087, 0.24861148988965276, -2.330418275859375, -3.7169110723488314, -3.4379485414832542, -5.025178245518374, -11.044920943700697, -12.290757239479424, -13.857593212471318, -14.925418025239578, -15.28603599019333]
2024-06-08 09:59:53.261 INFO: UniversalLoss(energy_weight=1.000, forces_weight=10.000, stress_weight=100.000)
2024-06-08 09:59:53.290 INFO: Average number of neighbors: 61.96945810317993
2024-06-08 09:59:53.291 INFO: Selected the following outputs: {'energy': True, 'forces': True, 'virials': False, 'stress': True, 'dipoles': False}
2024-06-08 09:59:53.291 INFO: Building model
2024-06-08 09:59:53.297 INFO: Hidden irreps: 128x0e
2024-06-08 09:59:57.571 INFO: ScaleShiftMACE(
  (node_embedding): LinearNodeEmbeddingBlock(
    (linear): Linear(89x0e -> 128x0e | 11392 weights)
  )
  (radial_embedding): RadialEmbeddingBlock(
    (bessel_fn): BesselBasis(r_max=6.0, num_basis=10, trainable=False)
    (cutoff_fn): PolynomialCutoff(p=5.0, r_max=6.0)
  )
  (spherical_harmonics): SphericalHarmonics()
  (atomic_energies_fn): AtomicEnergiesBlock(energies=[-3.6651, -1.3268, -3.4804, -4.7366, -7.7297, -8.4041, -7.3633, -7.2859, -4.8970, 0.0000, -2.7485, -2.8079, -4.8476, -7.6941, -6.9669, -4.6711, -2.8153, -0.0626, -2.6141, -5.3960, -7.8921, -10.2717, -8.6668, -9.2277, -8.2984, -7.0454, -5.5783, -5.1721, -3.2457, -1.2880, -3.5248, -4.7101, -3.9847, -3.8878, -2.5176, 6.7526, -2.5600, -4.9299, -10.1355, -11.8485, -12.1416, -8.7810, -8.7783, -7.7689, -6.8548, -4.8864, -2.0672, -0.6398, -2.7951, -3.8206, -3.5839, -2.8769, -1.6374, 9.8439, -2.7617, -4.9928, -8.9204, -8.7246, -8.0128, -8.2397, -7.5877, -8.1632, -13.6067, -18.5159, -7.6403, -8.1298, -7.6033, -6.8457, -7.8227, -3.5863, -7.5029, -12.7739, -14.1150, -9.3550, -11.3926, -9.6346, -7.3182, -5.3118, -2.3794, 0.2486, -2.3304, -3.7169, -3.4379, -5.0252, -11.0449, -12.2908, -13.8576, -14.9254, -15.2860])
  (interactions): ModuleList(
    (0-1): 2 x RealAgnosticResidualInteractionBlock(
      (linear_up): Linear(128x0e -> 128x0e | 16384 weights)
      (conv_tp): TensorProduct(128x0e x 1x0e+1x1o+1x2e+1x3o -> 128x0e+128x1o+128x2e+128x3o | 512 paths | 512 weights)
      (conv_tp_weights): FullyConnectedNet[10, 64, 64, 64, 512]
      (linear): Linear(128x0e+128x1o+128x2e+128x3o -> 128x0e+128x1o+128x2e+128x3o | 65536 weights)
      (skip_tp): FullyConnectedTensorProduct(128x0e x 89x0e -> 128x0e | 1458176 paths | 1458176 weights)
      (reshape): reshape_irreps()
    )
  )
  (products): ModuleList(
    (0-1): 2 x EquivariantProductBasisBlock(
      (symmetric_contractions): SymmetricContraction(
        (contractions): ModuleList(
          (0): Contraction(
            (contractions_weighting): ModuleList(
              (0-1): 2 x GraphModule()
            )
            (contractions_features): ModuleList(
              (0-1): 2 x GraphModule()
            )
            (weights): ParameterList(
                (0): Parameter containing: [torch.float64 of size 89x4x128 (cuda:0)]
                (1): Parameter containing: [torch.float64 of size 89x1x128 (cuda:0)]
            )
            (graph_opt_main): GraphModule()
          )
        )
      )
      (linear): Linear(128x0e -> 128x0e | 16384 weights)
    )
  )
  (readouts): ModuleList(
    (0): LinearReadoutBlock(
      (linear): Linear(128x0e -> 1x0e | 128 weights)
    )
    (1): NonLinearReadoutBlock(
      (linear_1): Linear(128x0e -> 16x0e | 2048 weights)
      (non_linearity): Activation [x] (16x0e -> 16x0e)
      (linear_2): Linear(16x0e -> 1x0e | 16 weights)
    )
  )
  (scale_shift): ScaleShiftBlock(scale=0.805234, shift=0.163867)
)
2024-06-08 09:59:57.580 INFO: Number of parameters: 3847696
2024-06-08 09:59:57.581 INFO: Optimizer: Adam (
Parameter Group 0
    amsgrad: True
    betas: (0.9, 0.999)
    capturable: False
    differentiable: False
    eps: 1e-08
    foreach: None
    fused: None
    lr: 0.005
    maximize: False
    name: embedding
    weight_decay: 0.0

Parameter Group 1
    amsgrad: True
    betas: (0.9, 0.999)
    capturable: False
    differentiable: False
    eps: 1e-08
    foreach: None
    fused: None
    lr: 0.005
    maximize: False
    name: interactions_decay
    weight_decay: 1e-08

Parameter Group 2
    amsgrad: True
    betas: (0.9, 0.999)
    capturable: False
    differentiable: False
    eps: 1e-08
    foreach: None
    fused: None
    lr: 0.005
    maximize: False
    name: interactions_no_decay
    weight_decay: 0.0

Parameter Group 3
    amsgrad: True
    betas: (0.9, 0.999)
    capturable: False
    differentiable: False
    eps: 1e-08
    foreach: None
    fused: None
    lr: 0.005
    maximize: False
    name: products
    weight_decay: 1e-08

Parameter Group 4
    amsgrad: True
    betas: (0.9, 0.999)
    capturable: False
    differentiable: False
    eps: 1e-08
    foreach: None
    fused: None
    lr: 0.005
    maximize: False
    name: readouts
    weight_decay: 0.0
)
2024-06-08 09:59:57.581 INFO: Using Weights and Biases for logging
2024-06-08 10:00:22.877 INFO: Using gradient clipping with tolerance=100.000
2024-06-08 10:00:22.878 INFO: Started training
2024-06-08 10:00:47.137 INFO: Epoch None: loss=0.0007596, MAE_E_per_atom=551.8 meV, MAE_F=160.4 meV / A, MAE_stress_per_atom=0.385 meV / A^3
2024-06-08 10:14:58.037 INFO: Epoch 0: loss=0.0004134, MAE_E_per_atom=118.1 meV, MAE_F=107.1 meV / A, MAE_stress_per_atom=0.271 meV / A^3
2024-06-08 10:28:58.938 INFO: Epoch 1: loss=0.0003567, MAE_E_per_atom=85.4 meV, MAE_F=95.3 meV / A, MAE_stress_per_atom=0.241 meV / A^3
2024-06-08 10:42:59.804 INFO: Epoch 2: loss=0.0003288, MAE_E_per_atom=73.3 meV, MAE_F=88.9 meV / A, MAE_stress_per_atom=0.224 meV / A^3
2024-06-08 10:57:01.643 INFO: Epoch 3: loss=0.0003134, MAE_E_per_atom=67.1 meV, MAE_F=85.0 meV / A, MAE_stress_per_atom=0.218 meV / A^3
2024-06-08 11:11:03.160 INFO: Epoch 4: loss=0.0002993, MAE_E_per_atom=61.9 meV, MAE_F=81.8 meV / A, MAE_stress_per_atom=0.210 meV / A^3
2024-06-08 11:25:05.199 INFO: Epoch 5: loss=0.0002937, MAE_E_per_atom=60.4 meV, MAE_F=80.4 meV / A, MAE_stress_per_atom=0.206 meV / A^3
2024-06-08 11:39:06.422 INFO: Epoch 6: loss=0.0002824, MAE_E_per_atom=56.8 meV, MAE_F=77.7 meV / A, MAE_stress_per_atom=0.201 meV / A^3
2024-06-08 11:53:08.067 INFO: Epoch 7: loss=0.0002761, MAE_E_per_atom=54.6 meV, MAE_F=76.1 meV / A, MAE_stress_per_atom=0.197 meV / A^3
2024-06-08 12:07:09.448 INFO: Epoch 8: loss=0.0002707, MAE_E_per_atom=53.0 meV, MAE_F=74.6 meV / A, MAE_stress_per_atom=0.196 meV / A^3
2024-06-08 12:21:10.838 INFO: Epoch 9: loss=0.0002743, MAE_E_per_atom=53.5 meV, MAE_F=75.1 meV / A, MAE_stress_per_atom=0.203 meV / A^3
2024-06-08 12:35:12.875 INFO: Epoch 10: loss=0.0002667, MAE_E_per_atom=51.5 meV, MAE_F=73.6 meV / A, MAE_stress_per_atom=0.195 meV / A^3
2024-06-08 12:49:16.180 INFO: Epoch 11: loss=0.0002583, MAE_E_per_atom=48.9 meV, MAE_F=71.6 meV / A, MAE_stress_per_atom=0.190 meV / A^3
2024-06-08 13:03:18.466 INFO: Epoch 12: loss=0.0002557, MAE_E_per_atom=48.2 meV, MAE_F=70.9 meV / A, MAE_stress_per_atom=0.188 meV / A^3
2024-06-08 13:17:21.686 INFO: Epoch 13: loss=0.0002526, MAE_E_per_atom=47.4 meV, MAE_F=70.2 meV / A, MAE_stress_per_atom=0.187 meV / A^3
2024-06-08 13:31:23.782 INFO: Epoch 14: loss=0.0002494, MAE_E_per_atom=46.5 meV, MAE_F=69.3 meV / A, MAE_stress_per_atom=0.186 meV / A^3
2024-06-08 13:45:25.759 INFO: Epoch 15: loss=0.0002469, MAE_E_per_atom=45.7 meV, MAE_F=68.7 meV / A, MAE_stress_per_atom=0.185 meV / A^3
2024-06-08 13:59:27.468 INFO: Epoch 16: loss=0.0002452, MAE_E_per_atom=45.2 meV, MAE_F=68.3 meV / A, MAE_stress_per_atom=0.183 meV / A^3
2024-06-08 14:13:30.277 INFO: Epoch 17: loss=0.0002433, MAE_E_per_atom=44.6 meV, MAE_F=67.7 meV / A, MAE_stress_per_atom=0.183 meV / A^3
2024-06-08 14:27:32.550 INFO: Epoch 18: loss=0.0002414, MAE_E_per_atom=44.2 meV, MAE_F=67.2 meV / A, MAE_stress_per_atom=0.183 meV / A^3
2024-06-08 14:41:34.911 INFO: Epoch 19: loss=0.0002399, MAE_E_per_atom=43.8 meV, MAE_F=66.9 meV / A, MAE_stress_per_atom=0.182 meV / A^3
2024-06-08 14:55:37.487 INFO: Epoch 20: loss=0.0002379, MAE_E_per_atom=43.3 meV, MAE_F=66.4 meV / A, MAE_stress_per_atom=0.180 meV / A^3
2024-06-08 15:09:41.291 INFO: Epoch 21: loss=0.0002364, MAE_E_per_atom=42.8 meV, MAE_F=65.9 meV / A, MAE_stress_per_atom=0.180 meV / A^3
2024-06-08 15:23:45.103 INFO: Epoch 22: loss=0.0002352, MAE_E_per_atom=42.4 meV, MAE_F=65.6 meV / A, MAE_stress_per_atom=0.179 meV / A^3
2024-06-08 15:37:50.425 INFO: Epoch 23: loss=0.0002333, MAE_E_per_atom=42.0 meV, MAE_F=65.1 meV / A, MAE_stress_per_atom=0.178 meV / A^3
2024-06-08 15:51:54.317 INFO: Epoch 24: loss=0.0002327, MAE_E_per_atom=42.0 meV, MAE_F=64.9 meV / A, MAE_stress_per_atom=0.178 meV / A^3
2024-06-08 16:05:56.495 INFO: Epoch 25: loss=0.0002334, MAE_E_per_atom=41.8 meV, MAE_F=65.1 meV / A, MAE_stress_per_atom=0.181 meV / A^3
2024-06-08 16:20:02.673 INFO: Epoch 26: loss=0.0002323, MAE_E_per_atom=41.7 meV, MAE_F=64.7 meV / A, MAE_stress_per_atom=0.182 meV / A^3
2024-06-08 16:34:06.682 INFO: Epoch 27: loss=0.0002340, MAE_E_per_atom=42.1 meV, MAE_F=65.1 meV / A, MAE_stress_per_atom=0.181 meV / A^3
2024-06-08 16:48:08.240 INFO: Epoch 28: loss=0.0002388, MAE_E_per_atom=42.7 meV, MAE_F=66.2 meV / A, MAE_stress_per_atom=0.182 meV / A^3
2024-06-08 17:02:12.616 INFO: Epoch 29: loss=0.0002323, MAE_E_per_atom=41.4 meV, MAE_F=64.6 meV / A, MAE_stress_per_atom=0.178 meV / A^3
2024-06-08 17:16:16.511 INFO: Epoch 30: loss=0.0002299, MAE_E_per_atom=40.7 meV, MAE_F=63.9 meV / A, MAE_stress_per_atom=0.177 meV / A^3
2024-06-08 17:30:19.343 INFO: Epoch 31: loss=0.0002272, MAE_E_per_atom=40.2 meV, MAE_F=63.5 meV / A, MAE_stress_per_atom=0.174 meV / A^3
2024-06-08 17:44:21.603 INFO: Epoch 32: loss=0.0002272, MAE_E_per_atom=39.9 meV, MAE_F=63.2 meV / A, MAE_stress_per_atom=0.175 meV / A^3
2024-06-08 17:58:24.438 INFO: Epoch 33: loss=0.0002263, MAE_E_per_atom=39.8 meV, MAE_F=62.9 meV / A, MAE_stress_per_atom=0.174 meV / A^3
2024-06-08 18:12:28.492 INFO: Epoch 34: loss=0.0002237, MAE_E_per_atom=39.8 meV, MAE_F=62.5 meV / A, MAE_stress_per_atom=0.173 meV / A^3
2024-06-08 18:26:31.242 INFO: Epoch 35: loss=0.0002219, MAE_E_per_atom=39.1 meV, MAE_F=62.2 meV / A, MAE_stress_per_atom=0.171 meV / A^3
2024-06-08 18:40:34.048 INFO: Epoch 36: loss=0.0002224, MAE_E_per_atom=39.1 meV, MAE_F=62.1 meV / A, MAE_stress_per_atom=0.171 meV / A^3
2024-06-08 18:54:36.844 INFO: Epoch 37: loss=0.0002211, MAE_E_per_atom=38.9 meV, MAE_F=61.8 meV / A, MAE_stress_per_atom=0.172 meV / A^3
2024-06-08 19:08:40.763 INFO: Epoch 38: loss=0.0002205, MAE_E_per_atom=38.6 meV, MAE_F=61.7 meV / A, MAE_stress_per_atom=0.171 meV / A^3
2024-06-08 19:22:44.371 INFO: Epoch 39: loss=0.0002189, MAE_E_per_atom=38.3 meV, MAE_F=61.4 meV / A, MAE_stress_per_atom=0.171 meV / A^3
2024-06-08 19:36:48.969 INFO: Epoch 40: loss=0.0002195, MAE_E_per_atom=38.3 meV, MAE_F=61.3 meV / A, MAE_stress_per_atom=0.172 meV / A^3
2024-06-08 19:50:51.830 INFO: Epoch 41: loss=0.0002194, MAE_E_per_atom=38.2 meV, MAE_F=61.2 meV / A, MAE_stress_per_atom=0.172 meV / A^3
2024-06-08 20:04:54.869 INFO: Epoch 42: loss=0.0002182, MAE_E_per_atom=38.3 meV, MAE_F=61.1 meV / A, MAE_stress_per_atom=0.171 meV / A^3
2024-06-08 20:18:59.202 INFO: Epoch 43: loss=0.0002169, MAE_E_per_atom=37.9 meV, MAE_F=60.8 meV / A, MAE_stress_per_atom=0.170 meV / A^3
2024-06-08 20:33:03.125 INFO: Epoch 44: loss=0.0002167, MAE_E_per_atom=37.6 meV, MAE_F=60.6 meV / A, MAE_stress_per_atom=0.170 meV / A^3
2024-06-08 20:47:07.134 INFO: Epoch 45: loss=0.0002160, MAE_E_per_atom=37.4 meV, MAE_F=60.5 meV / A, MAE_stress_per_atom=0.169 meV / A^3
2024-06-08 21:01:09.319 INFO: Epoch 46: loss=0.0002158, MAE_E_per_atom=37.5 meV, MAE_F=60.4 meV / A, MAE_stress_per_atom=0.170 meV / A^3
2024-06-08 21:15:11.531 INFO: Epoch 47: loss=0.0002150, MAE_E_per_atom=37.3 meV, MAE_F=60.2 meV / A, MAE_stress_per_atom=0.169 meV / A^3
2024-06-08 21:29:14.927 INFO: Epoch 48: loss=0.0002206, MAE_E_per_atom=38.0 meV, MAE_F=61.1 meV / A, MAE_stress_per_atom=0.175 meV / A^3
2024-06-08 21:43:16.016 INFO: Epoch 49: loss=0.0002150, MAE_E_per_atom=37.3 meV, MAE_F=60.2 meV / A, MAE_stress_per_atom=0.170 meV / A^3
2024-06-08 21:57:18.561 INFO: Epoch 50: loss=0.0002133, MAE_E_per_atom=36.9 meV, MAE_F=59.9 meV / A, MAE_stress_per_atom=0.168 meV / A^3
2024-06-08 22:11:22.580 INFO: Epoch 51: loss=0.0002129, MAE_E_per_atom=36.7 meV, MAE_F=59.7 meV / A, MAE_stress_per_atom=0.168 meV / A^3
2024-06-08 22:25:26.249 INFO: Epoch 52: loss=0.0002125, MAE_E_per_atom=36.6 meV, MAE_F=59.5 meV / A, MAE_stress_per_atom=0.168 meV / A^3
2024-06-08 22:39:28.506 INFO: Epoch 53: loss=0.0002136, MAE_E_per_atom=36.7 meV, MAE_F=59.8 meV / A, MAE_stress_per_atom=0.169 meV / A^3
2024-06-08 22:53:31.416 INFO: Epoch 54: loss=0.0002149, MAE_E_per_atom=37.1 meV, MAE_F=60.1 meV / A, MAE_stress_per_atom=0.170 meV / A^3
2024-06-08 23:07:36.703 INFO: Epoch 55: loss=0.0002126, MAE_E_per_atom=36.6 meV, MAE_F=59.7 meV / A, MAE_stress_per_atom=0.169 meV / A^3
2024-06-08 23:21:40.234 INFO: Epoch 56: loss=0.0002149, MAE_E_per_atom=36.8 meV, MAE_F=60.0 meV / A, MAE_stress_per_atom=0.170 meV / A^3
2024-06-08 23:35:42.855 INFO: Epoch 57: loss=0.0002119, MAE_E_per_atom=36.4 meV, MAE_F=59.4 meV / A, MAE_stress_per_atom=0.168 meV / A^3
2024-06-08 23:49:45.876 INFO: Epoch 58: loss=0.0002123, MAE_E_per_atom=36.4 meV, MAE_F=59.5 meV / A, MAE_stress_per_atom=0.168 meV / A^3
2024-06-09 00:03:48.018 INFO: Epoch 59: loss=0.0002099, MAE_E_per_atom=36.0 meV, MAE_F=58.9 meV / A, MAE_stress_per_atom=0.167 meV / A^3
2024-06-09 00:17:52.234 INFO: Epoch 60: loss=0.0002110, MAE_E_per_atom=35.8 meV, MAE_F=59.0 meV / A, MAE_stress_per_atom=0.171 meV / A^3
2024-06-09 00:31:54.933 INFO: Epoch 61: loss=0.0002093, MAE_E_per_atom=35.7 meV, MAE_F=58.9 meV / A, MAE_stress_per_atom=0.166 meV / A^3
2024-06-09 00:45:57.648 INFO: Epoch 62: loss=0.0002088, MAE_E_per_atom=35.5 meV, MAE_F=58.6 meV / A, MAE_stress_per_atom=0.166 meV / A^3
2024-06-09 01:00:01.040 INFO: Epoch 63: loss=0.0002081, MAE_E_per_atom=35.5 meV, MAE_F=58.4 meV / A, MAE_stress_per_atom=0.166 meV / A^3
2024-06-09 01:14:04.851 INFO: Epoch 64: loss=0.0002071, MAE_E_per_atom=35.4 meV, MAE_F=58.2 meV / A, MAE_stress_per_atom=0.166 meV / A^3
2024-06-09 01:28:07.946 INFO: Epoch 65: loss=0.0002068, MAE_E_per_atom=35.3 meV, MAE_F=58.2 meV / A, MAE_stress_per_atom=0.165 meV / A^3
2024-06-09 01:42:11.343 INFO: Epoch 66: loss=0.0002070, MAE_E_per_atom=35.1 meV, MAE_F=58.1 meV / A, MAE_stress_per_atom=0.166 meV / A^3
2024-06-09 01:56:12.637 INFO: Epoch 67: loss=0.0002065, MAE_E_per_atom=35.1 meV, MAE_F=58.0 meV / A, MAE_stress_per_atom=0.166 meV / A^3
2024-06-09 02:10:15.431 INFO: Epoch 68: loss=0.0002060, MAE_E_per_atom=35.2 meV, MAE_F=57.9 meV / A, MAE_stress_per_atom=0.166 meV / A^3
2024-06-09 02:24:17.547 INFO: Epoch 69: loss=0.0002056, MAE_E_per_atom=34.9 meV, MAE_F=57.8 meV / A, MAE_stress_per_atom=0.164 meV / A^3
2024-06-09 02:38:20.119 INFO: Epoch 70: loss=0.0002057, MAE_E_per_atom=34.9 meV, MAE_F=57.7 meV / A, MAE_stress_per_atom=0.165 meV / A^3
2024-06-09 02:52:22.329 INFO: Epoch 71: loss=0.0002051, MAE_E_per_atom=34.7 meV, MAE_F=57.7 meV / A, MAE_stress_per_atom=0.165 meV / A^3
2024-06-09 03:06:25.072 INFO: Epoch 72: loss=0.0002055, MAE_E_per_atom=34.8 meV, MAE_F=57.7 meV / A, MAE_stress_per_atom=0.166 meV / A^3
2024-06-09 03:20:26.395 INFO: Epoch 73: loss=0.0002050, MAE_E_per_atom=34.6 meV, MAE_F=57.7 meV / A, MAE_stress_per_atom=0.164 meV / A^3
2024-06-09 03:34:28.980 INFO: Epoch 74: loss=0.0002049, MAE_E_per_atom=34.7 meV, MAE_F=57.5 meV / A, MAE_stress_per_atom=0.165 meV / A^3
2024-06-09 03:48:30.276 INFO: Epoch 75: loss=0.0002067, MAE_E_per_atom=35.0 meV, MAE_F=57.8 meV / A, MAE_stress_per_atom=0.173 meV / A^3
2024-06-09 04:02:33.582 INFO: Epoch 76: loss=0.0002060, MAE_E_per_atom=35.0 meV, MAE_F=57.9 meV / A, MAE_stress_per_atom=0.165 meV / A^3
2024-06-09 04:16:36.912 INFO: Epoch 77: loss=0.0002138, MAE_E_per_atom=35.0 meV, MAE_F=59.0 meV / A, MAE_stress_per_atom=0.171 meV / A^3
2024-06-09 04:30:38.040 INFO: Epoch 78: loss=0.0002066, MAE_E_per_atom=35.2 meV, MAE_F=58.0 meV / A, MAE_stress_per_atom=0.167 meV / A^3
2024-06-09 04:44:40.773 INFO: Epoch 79: loss=0.0002040, MAE_E_per_atom=34.5 meV, MAE_F=57.4 meV / A, MAE_stress_per_atom=0.164 meV / A^3
2024-06-09 04:58:42.481 INFO: Epoch 80: loss=0.0002034, MAE_E_per_atom=34.2 meV, MAE_F=57.2 meV / A, MAE_stress_per_atom=0.164 meV / A^3
2024-06-09 05:12:44.779 INFO: Epoch 81: loss=0.0002029, MAE_E_per_atom=34.2 meV, MAE_F=57.0 meV / A, MAE_stress_per_atom=0.163 meV / A^3
2024-06-09 05:26:47.393 INFO: Epoch 82: loss=0.0002029, MAE_E_per_atom=34.1 meV, MAE_F=57.0 meV / A, MAE_stress_per_atom=0.164 meV / A^3
2024-06-09 05:40:49.499 INFO: Epoch 83: loss=0.0002023, MAE_E_per_atom=34.0 meV, MAE_F=56.9 meV / A, MAE_stress_per_atom=0.164 meV / A^3
2024-06-09 05:54:52.387 INFO: Epoch 84: loss=0.0002020, MAE_E_per_atom=34.0 meV, MAE_F=56.9 meV / A, MAE_stress_per_atom=0.162 meV / A^3
2024-06-09 06:08:54.103 INFO: Epoch 85: loss=0.0002028, MAE_E_per_atom=34.0 meV, MAE_F=57.0 meV / A, MAE_stress_per_atom=0.163 meV / A^3
2024-06-09 06:22:55.267 INFO: Epoch 86: loss=0.0002015, MAE_E_per_atom=33.8 meV, MAE_F=56.6 meV / A, MAE_stress_per_atom=0.163 meV / A^3
2024-06-09 06:36:58.580 INFO: Epoch 87: loss=0.0002011, MAE_E_per_atom=33.7 meV, MAE_F=56.6 meV / A, MAE_stress_per_atom=0.163 meV / A^3
2024-06-09 06:51:01.603 INFO: Epoch 88: loss=0.0002008, MAE_E_per_atom=33.9 meV, MAE_F=56.5 meV / A, MAE_stress_per_atom=0.162 meV / A^3
2024-06-09 07:05:04.858 INFO: Epoch 89: loss=0.0002005, MAE_E_per_atom=33.6 meV, MAE_F=56.5 meV / A, MAE_stress_per_atom=0.163 meV / A^3
2024-06-09 07:19:06.334 INFO: Epoch 90: loss=0.0002003, MAE_E_per_atom=33.6 meV, MAE_F=56.3 meV / A, MAE_stress_per_atom=0.162 meV / A^3
2024-06-09 07:33:08.810 INFO: Epoch 91: loss=0.0002003, MAE_E_per_atom=33.6 meV, MAE_F=56.3 meV / A, MAE_stress_per_atom=0.164 meV / A^3
2024-06-09 07:47:11.517 INFO: Epoch 92: loss=0.0002015, MAE_E_per_atom=33.7 meV, MAE_F=56.6 meV / A, MAE_stress_per_atom=0.164 meV / A^3
2024-06-09 08:01:14.685 INFO: Epoch 93: loss=0.0002006, MAE_E_per_atom=33.6 meV, MAE_F=56.4 meV / A, MAE_stress_per_atom=0.163 meV / A^3
2024-06-09 08:15:17.264 INFO: Epoch 94: loss=0.0001995, MAE_E_per_atom=33.4 meV, MAE_F=56.2 meV / A, MAE_stress_per_atom=0.162 meV / A^3
2024-06-09 08:29:19.226 INFO: Epoch 95: loss=0.0001998, MAE_E_per_atom=33.3 meV, MAE_F=56.1 meV / A, MAE_stress_per_atom=0.164 meV / A^3
2024-06-09 08:43:22.349 INFO: Epoch 96: loss=0.0001994, MAE_E_per_atom=33.2 meV, MAE_F=56.1 meV / A, MAE_stress_per_atom=0.162 meV / A^3
2024-06-09 08:57:25.290 INFO: Epoch 97: loss=0.0001994, MAE_E_per_atom=33.2 meV, MAE_F=56.1 meV / A, MAE_stress_per_atom=0.162 meV / A^3
2024-06-09 09:11:33.365 INFO: Epoch 98: loss=0.0001987, MAE_E_per_atom=33.2 meV, MAE_F=56.0 meV / A, MAE_stress_per_atom=0.162 meV / A^3
2024-06-09 09:25:34.468 INFO: Epoch 99: loss=0.0001984, MAE_E_per_atom=33.1 meV, MAE_F=55.9 meV / A, MAE_stress_per_atom=0.161 meV / A^3
2024-06-09 09:39:38.294 INFO: Epoch 100: loss=0.0001983, MAE_E_per_atom=33.0 meV, MAE_F=55.9 meV / A, MAE_stress_per_atom=0.162 meV / A^3
2024-06-09 09:53:41.920 INFO: Epoch 101: loss=0.0001980, MAE_E_per_atom=32.9 meV, MAE_F=55.8 meV / A, MAE_stress_per_atom=0.162 meV / A^3
2024-06-09 10:07:46.481 INFO: Epoch 102: loss=0.0001978, MAE_E_per_atom=32.9 meV, MAE_F=55.7 meV / A, MAE_stress_per_atom=0.161 meV / A^3
2024-06-09 10:21:48.876 INFO: Epoch 103: loss=0.0001988, MAE_E_per_atom=33.1 meV, MAE_F=56.0 meV / A, MAE_stress_per_atom=0.162 meV / A^3
2024-06-09 10:35:50.790 INFO: Epoch 104: loss=0.0001978, MAE_E_per_atom=33.0 meV, MAE_F=55.7 meV / A, MAE_stress_per_atom=0.161 meV / A^3
2024-06-09 10:49:55.303 INFO: Epoch 105: loss=0.0001971, MAE_E_per_atom=32.8 meV, MAE_F=55.6 meV / A, MAE_stress_per_atom=0.161 meV / A^3
2024-06-09 11:03:59.252 INFO: Epoch 106: loss=0.0001972, MAE_E_per_atom=32.8 meV, MAE_F=55.5 meV / A, MAE_stress_per_atom=0.161 meV / A^3
2024-06-09 11:18:02.567 INFO: Epoch 107: loss=0.0001969, MAE_E_per_atom=32.7 meV, MAE_F=55.5 meV / A, MAE_stress_per_atom=0.161 meV / A^3
2024-06-09 11:32:05.613 INFO: Epoch 108: loss=0.0002004, MAE_E_per_atom=33.5 meV, MAE_F=56.2 meV / A, MAE_stress_per_atom=0.165 meV / A^3
2024-06-09 11:46:08.102 INFO: Epoch 109: loss=0.0001981, MAE_E_per_atom=33.2 meV, MAE_F=55.7 meV / A, MAE_stress_per_atom=0.163 meV / A^3
2024-06-09 12:00:12.271 INFO: Epoch 110: loss=0.0001968, MAE_E_per_atom=32.7 meV, MAE_F=55.4 meV / A, MAE_stress_per_atom=0.161 meV / A^3
2024-06-09 12:14:15.414 INFO: Epoch 111: loss=0.0001962, MAE_E_per_atom=32.6 meV, MAE_F=55.3 meV / A, MAE_stress_per_atom=0.161 meV / A^3
2024-06-09 12:28:19.051 INFO: Epoch 112: loss=0.0001961, MAE_E_per_atom=32.6 meV, MAE_F=55.2 meV / A, MAE_stress_per_atom=0.161 meV / A^3
2024-06-09 12:42:22.355 INFO: Epoch 113: loss=0.0001962, MAE_E_per_atom=32.5 meV, MAE_F=55.2 meV / A, MAE_stress_per_atom=0.161 meV / A^3
2024-06-09 12:56:25.349 INFO: Epoch 114: loss=0.0001955, MAE_E_per_atom=32.4 meV, MAE_F=55.1 meV / A, MAE_stress_per_atom=0.161 meV / A^3
2024-06-09 13:10:28.673 INFO: Epoch 115: loss=0.0001962, MAE_E_per_atom=32.6 meV, MAE_F=55.2 meV / A, MAE_stress_per_atom=0.161 meV / A^3
2024-06-09 13:24:31.847 INFO: Epoch 116: loss=0.0001953, MAE_E_per_atom=32.4 meV, MAE_F=55.0 meV / A, MAE_stress_per_atom=0.160 meV / A^3
2024-06-09 13:38:34.561 INFO: Epoch 117: loss=0.0001950, MAE_E_per_atom=32.3 meV, MAE_F=55.0 meV / A, MAE_stress_per_atom=0.160 meV / A^3
2024-06-09 13:52:36.530 INFO: Epoch 118: loss=0.0001949, MAE_E_per_atom=32.2 meV, MAE_F=54.9 meV / A, MAE_stress_per_atom=0.160 meV / A^3
2024-06-09 14:06:38.385 INFO: Epoch 119: loss=0.0001947, MAE_E_per_atom=32.1 meV, MAE_F=54.9 meV / A, MAE_stress_per_atom=0.161 meV / A^3
2024-06-09 14:20:41.955 INFO: Epoch 120: loss=0.0001949, MAE_E_per_atom=32.2 meV, MAE_F=54.9 meV / A, MAE_stress_per_atom=0.161 meV / A^3
2024-06-09 14:34:43.923 INFO: Epoch 121: loss=0.0001943, MAE_E_per_atom=32.1 meV, MAE_F=54.8 meV / A, MAE_stress_per_atom=0.160 meV / A^3
2024-06-09 14:48:47.890 INFO: Epoch 122: loss=0.0001942, MAE_E_per_atom=32.1 meV, MAE_F=54.8 meV / A, MAE_stress_per_atom=0.159 meV / A^3
2024-06-09 15:02:50.510 INFO: Epoch 123: loss=0.0001942, MAE_E_per_atom=32.0 meV, MAE_F=54.7 meV / A, MAE_stress_per_atom=0.160 meV / A^3
2024-06-09 15:16:53.023 INFO: Epoch 124: loss=0.0001939, MAE_E_per_atom=32.0 meV, MAE_F=54.7 meV / A, MAE_stress_per_atom=0.160 meV / A^3
2024-06-09 15:30:55.289 INFO: Epoch 125: loss=0.0001939, MAE_E_per_atom=31.9 meV, MAE_F=54.7 meV / A, MAE_stress_per_atom=0.159 meV / A^3
2024-06-09 15:44:58.178 INFO: Epoch 126: loss=0.0001936, MAE_E_per_atom=31.9 meV, MAE_F=54.6 meV / A, MAE_stress_per_atom=0.160 meV / A^3
2024-06-09 15:59:01.494 INFO: Epoch 127: loss=0.0001934, MAE_E_per_atom=31.8 meV, MAE_F=54.6 meV / A, MAE_stress_per_atom=0.160 meV / A^3
2024-06-09 16:13:02.398 INFO: Epoch 128: loss=0.0001932, MAE_E_per_atom=32.0 meV, MAE_F=54.5 meV / A, MAE_stress_per_atom=0.160 meV / A^3
2024-06-09 16:27:03.636 INFO: Epoch 129: loss=0.0001932, MAE_E_per_atom=31.9 meV, MAE_F=54.5 meV / A, MAE_stress_per_atom=0.160 meV / A^3
2024-06-09 16:41:05.365 INFO: Epoch 130: loss=0.0001931, MAE_E_per_atom=31.8 meV, MAE_F=54.5 meV / A, MAE_stress_per_atom=0.159 meV / A^3
2024-06-09 16:55:08.582 INFO: Epoch 131: loss=0.0001931, MAE_E_per_atom=31.8 meV, MAE_F=54.5 meV / A, MAE_stress_per_atom=0.160 meV / A^3
2024-06-09 17:09:11.581 INFO: Epoch 132: loss=0.0001953, MAE_E_per_atom=32.1 meV, MAE_F=55.0 meV / A, MAE_stress_per_atom=0.162 meV / A^3
2024-06-09 17:23:15.005 INFO: Epoch 133: loss=0.0001934, MAE_E_per_atom=31.7 meV, MAE_F=54.5 meV / A, MAE_stress_per_atom=0.161 meV / A^3
2024-06-09 17:37:17.575 INFO: Epoch 134: loss=0.0001926, MAE_E_per_atom=31.7 meV, MAE_F=54.3 meV / A, MAE_stress_per_atom=0.160 meV / A^3
2024-06-09 17:51:20.174 INFO: Epoch 135: loss=0.0001930, MAE_E_per_atom=31.8 meV, MAE_F=54.4 meV / A, MAE_stress_per_atom=0.160 meV / A^3
2024-06-09 18:05:23.563 INFO: Epoch 136: loss=0.0001926, MAE_E_per_atom=31.6 meV, MAE_F=54.3 meV / A, MAE_stress_per_atom=0.159 meV / A^3
2024-06-09 18:19:27.200 INFO: Epoch 137: loss=0.0001929, MAE_E_per_atom=31.5 meV, MAE_F=54.4 meV / A, MAE_stress_per_atom=0.160 meV / A^3
2024-06-09 18:33:27.835 INFO: Epoch 138: loss=0.0001922, MAE_E_per_atom=31.6 meV, MAE_F=54.2 meV / A, MAE_stress_per_atom=0.159 meV / A^3
2024-06-09 18:47:32.242 INFO: Epoch 139: loss=0.0001996, MAE_E_per_atom=33.0 meV, MAE_F=55.8 meV / A, MAE_stress_per_atom=0.167 meV / A^3
2024-06-09 19:01:34.539 INFO: Epoch 140: loss=0.0001924, MAE_E_per_atom=31.7 meV, MAE_F=54.3 meV / A, MAE_stress_per_atom=0.158 meV / A^3
2024-06-09 19:15:36.938 INFO: Epoch 141: loss=0.0001924, MAE_E_per_atom=31.5 meV, MAE_F=54.3 meV / A, MAE_stress_per_atom=0.159 meV / A^3
2024-06-09 19:29:38.800 INFO: Epoch 142: loss=0.0001924, MAE_E_per_atom=31.5 meV, MAE_F=54.3 meV / A, MAE_stress_per_atom=0.160 meV / A^3
2024-06-09 19:43:43.048 INFO: Epoch 143: loss=0.0001920, MAE_E_per_atom=31.4 meV, MAE_F=54.2 meV / A, MAE_stress_per_atom=0.160 meV / A^3
2024-06-09 19:57:45.132 INFO: Epoch 144: loss=0.0001916, MAE_E_per_atom=31.3 meV, MAE_F=54.0 meV / A, MAE_stress_per_atom=0.159 meV / A^3
2024-06-09 20:11:47.050 INFO: Epoch 145: loss=0.0001919, MAE_E_per_atom=31.4 meV, MAE_F=54.1 meV / A, MAE_stress_per_atom=0.159 meV / A^3
2024-06-09 20:25:50.199 INFO: Epoch 146: loss=0.0001915, MAE_E_per_atom=31.3 meV, MAE_F=54.1 meV / A, MAE_stress_per_atom=0.158 meV / A^3
2024-06-09 20:39:51.699 INFO: Epoch 147: loss=0.0001914, MAE_E_per_atom=31.2 meV, MAE_F=54.0 meV / A, MAE_stress_per_atom=0.159 meV / A^3
2024-06-09 20:53:53.853 INFO: Epoch 148: loss=0.0001911, MAE_E_per_atom=31.2 meV, MAE_F=53.9 meV / A, MAE_stress_per_atom=0.159 meV / A^3
2024-06-09 21:07:56.466 INFO: Epoch 149: loss=0.0001911, MAE_E_per_atom=31.2 meV, MAE_F=53.9 meV / A, MAE_stress_per_atom=0.158 meV / A^3
2024-06-09 21:21:57.435 INFO: Epoch 150: loss=0.0001910, MAE_E_per_atom=31.2 meV, MAE_F=53.9 meV / A, MAE_stress_per_atom=0.158 meV / A^3
2024-06-09 21:35:58.527 INFO: Epoch 151: loss=0.0001912, MAE_E_per_atom=31.2 meV, MAE_F=54.0 meV / A, MAE_stress_per_atom=0.158 meV / A^3
2024-06-09 21:50:00.360 INFO: Epoch 152: loss=0.0001911, MAE_E_per_atom=31.2 meV, MAE_F=53.9 meV / A, MAE_stress_per_atom=0.159 meV / A^3
2024-06-09 22:04:03.417 INFO: Epoch 153: loss=0.0001906, MAE_E_per_atom=31.0 meV, MAE_F=53.8 meV / A, MAE_stress_per_atom=0.159 meV / A^3
2024-06-09 22:18:04.349 INFO: Epoch 154: loss=0.0001906, MAE_E_per_atom=31.0 meV, MAE_F=53.8 meV / A, MAE_stress_per_atom=0.158 meV / A^3
2024-06-09 22:32:05.598 INFO: Epoch 155: loss=0.0002310, MAE_E_per_atom=34.1 meV, MAE_F=58.4 meV / A, MAE_stress_per_atom=0.198 meV / A^3
2024-06-09 22:46:06.407 INFO: Epoch 156: loss=0.0001968, MAE_E_per_atom=32.5 meV, MAE_F=55.3 meV / A, MAE_stress_per_atom=0.163 meV / A^3
2024-06-09 23:00:08.340 INFO: Epoch 157: loss=0.0001933, MAE_E_per_atom=31.7 meV, MAE_F=54.5 meV / A, MAE_stress_per_atom=0.160 meV / A^3
2024-06-09 23:14:12.084 INFO: Epoch 158: loss=0.0001920, MAE_E_per_atom=31.4 meV, MAE_F=54.1 meV / A, MAE_stress_per_atom=0.159 meV / A^3
2024-06-09 23:28:14.639 INFO: Epoch 159: loss=0.0001915, MAE_E_per_atom=31.3 meV, MAE_F=54.0 meV / A, MAE_stress_per_atom=0.158 meV / A^3
2024-06-09 23:42:19.325 INFO: Epoch 160: loss=0.0001901, MAE_E_per_atom=31.0 meV, MAE_F=53.7 meV / A, MAE_stress_per_atom=0.158 meV / A^3
2024-06-09 23:56:22.750 INFO: Epoch 161: loss=0.0001899, MAE_E_per_atom=30.9 meV, MAE_F=53.6 meV / A, MAE_stress_per_atom=0.158 meV / A^3
2024-06-10 00:10:26.920 INFO: Epoch 162: loss=0.0001895, MAE_E_per_atom=30.8 meV, MAE_F=53.5 meV / A, MAE_stress_per_atom=0.158 meV / A^3
2024-06-10 00:24:29.044 INFO: Epoch 163: loss=0.0001893, MAE_E_per_atom=30.7 meV, MAE_F=53.4 meV / A, MAE_stress_per_atom=0.157 meV / A^3
2024-06-10 00:38:29.884 INFO: Epoch 164: loss=0.0001893, MAE_E_per_atom=30.7 meV, MAE_F=53.4 meV / A, MAE_stress_per_atom=0.158 meV / A^3
2024-06-10 00:52:32.596 INFO: Epoch 165: loss=0.0001890, MAE_E_per_atom=30.6 meV, MAE_F=53.4 meV / A, MAE_stress_per_atom=0.157 meV / A^3
2024-06-10 01:06:34.006 INFO: Epoch 166: loss=0.0001892, MAE_E_per_atom=30.6 meV, MAE_F=53.4 meV / A, MAE_stress_per_atom=0.158 meV / A^3
2024-06-10 01:20:39.616 INFO: Epoch 167: loss=0.0001886, MAE_E_per_atom=30.5 meV, MAE_F=53.2 meV / A, MAE_stress_per_atom=0.158 meV / A^3
2024-06-10 01:34:43.421 INFO: Epoch 168: loss=0.0001886, MAE_E_per_atom=30.5 meV, MAE_F=53.2 meV / A, MAE_stress_per_atom=0.157 meV / A^3
2024-06-10 01:48:47.528 INFO: Epoch 169: loss=0.0001884, MAE_E_per_atom=30.5 meV, MAE_F=53.2 meV / A, MAE_stress_per_atom=0.157 meV / A^3
2024-06-10 02:02:51.286 INFO: Epoch 170: loss=0.0001882, MAE_E_per_atom=30.4 meV, MAE_F=53.1 meV / A, MAE_stress_per_atom=0.157 meV / A^3
2024-06-10 02:16:54.062 INFO: Epoch 171: loss=0.0001883, MAE_E_per_atom=30.5 meV, MAE_F=53.2 meV / A, MAE_stress_per_atom=0.157 meV / A^3
2024-06-10 02:30:57.279 INFO: Epoch 172: loss=0.0001882, MAE_E_per_atom=30.3 meV, MAE_F=53.1 meV / A, MAE_stress_per_atom=0.158 meV / A^3
2024-06-10 02:44:59.816 INFO: Epoch 173: loss=0.0001883, MAE_E_per_atom=30.4 meV, MAE_F=53.1 meV / A, MAE_stress_per_atom=0.158 meV / A^3
2024-06-10 02:59:02.921 INFO: Epoch 174: loss=0.0001878, MAE_E_per_atom=30.3 meV, MAE_F=53.0 meV / A, MAE_stress_per_atom=0.157 meV / A^3
2024-06-10 03:13:05.348 INFO: Epoch 175: loss=0.0001880, MAE_E_per_atom=30.2 meV, MAE_F=53.0 meV / A, MAE_stress_per_atom=0.157 meV / A^3
2024-06-10 03:27:07.772 INFO: Epoch 176: loss=0.0001879, MAE_E_per_atom=30.3 meV, MAE_F=53.0 meV / A, MAE_stress_per_atom=0.157 meV / A^3
2024-06-10 03:41:09.341 INFO: Epoch 177: loss=0.0001878, MAE_E_per_atom=30.3 meV, MAE_F=53.0 meV / A, MAE_stress_per_atom=0.158 meV / A^3
2024-06-10 03:55:12.380 INFO: Epoch 178: loss=0.0001876, MAE_E_per_atom=30.1 meV, MAE_F=53.0 meV / A, MAE_stress_per_atom=0.157 meV / A^3
2024-06-10 04:09:16.395 INFO: Epoch 179: loss=0.0001879, MAE_E_per_atom=30.2 meV, MAE_F=53.0 meV / A, MAE_stress_per_atom=0.158 meV / A^3
2024-06-10 04:23:18.789 INFO: Epoch 180: loss=0.0001876, MAE_E_per_atom=30.2 meV, MAE_F=52.9 meV / A, MAE_stress_per_atom=0.158 meV / A^3
2024-06-10 04:37:22.659 INFO: Epoch 181: loss=0.0001874, MAE_E_per_atom=30.1 meV, MAE_F=52.9 meV / A, MAE_stress_per_atom=0.157 meV / A^3
2024-06-10 04:51:25.177 INFO: Epoch 182: loss=0.0001903, MAE_E_per_atom=30.7 meV, MAE_F=53.4 meV / A, MAE_stress_per_atom=0.160 meV / A^3
2024-06-10 05:05:27.375 INFO: Epoch 183: loss=0.0001900, MAE_E_per_atom=30.6 meV, MAE_F=53.3 meV / A, MAE_stress_per_atom=0.161 meV / A^3
2024-06-10 05:19:30.788 INFO: Epoch 184: loss=0.0001883, MAE_E_per_atom=30.3 meV, MAE_F=53.1 meV / A, MAE_stress_per_atom=0.158 meV / A^3
2024-06-10 05:33:30.975 INFO: Epoch 185: loss=0.0001875, MAE_E_per_atom=30.1 meV, MAE_F=52.9 meV / A, MAE_stress_per_atom=0.157 meV / A^3
2024-06-10 05:47:33.735 INFO: Epoch 186: loss=0.0001876, MAE_E_per_atom=30.1 meV, MAE_F=52.9 meV / A, MAE_stress_per_atom=0.158 meV / A^3
2024-06-10 06:01:38.044 INFO: Epoch 187: loss=0.0001875, MAE_E_per_atom=30.1 meV, MAE_F=52.8 meV / A, MAE_stress_per_atom=0.158 meV / A^3
2024-06-10 06:15:40.961 INFO: Epoch 188: loss=0.0001867, MAE_E_per_atom=29.9 meV, MAE_F=52.6 meV / A, MAE_stress_per_atom=0.158 meV / A^3
2024-06-10 06:29:43.847 INFO: Epoch 189: loss=0.0001866, MAE_E_per_atom=29.8 meV, MAE_F=52.6 meV / A, MAE_stress_per_atom=0.157 meV / A^3
2024-06-10 06:43:48.455 INFO: Epoch 190: loss=0.0001867, MAE_E_per_atom=29.8 meV, MAE_F=52.6 meV / A, MAE_stress_per_atom=0.158 meV / A^3
2024-06-10 06:57:50.176 INFO: Epoch 191: loss=0.0001865, MAE_E_per_atom=29.7 meV, MAE_F=52.5 meV / A, MAE_stress_per_atom=0.157 meV / A^3
2024-06-10 07:11:52.643 INFO: Epoch 192: loss=0.0001868, MAE_E_per_atom=29.8 meV, MAE_F=52.5 meV / A, MAE_stress_per_atom=0.158 meV / A^3
2024-06-10 07:25:53.555 INFO: Epoch 193: loss=0.0001865, MAE_E_per_atom=29.7 meV, MAE_F=52.5 meV / A, MAE_stress_per_atom=0.158 meV / A^3
2024-06-10 07:39:56.314 INFO: Epoch 194: loss=0.0001861, MAE_E_per_atom=29.6 meV, MAE_F=52.4 meV / A, MAE_stress_per_atom=0.157 meV / A^3
2024-06-10 07:53:56.715 INFO: Epoch 195: loss=0.0001862, MAE_E_per_atom=29.6 meV, MAE_F=52.5 meV / A, MAE_stress_per_atom=0.157 meV / A^3
2024-06-10 08:07:59.683 INFO: Epoch 196: loss=0.0001861, MAE_E_per_atom=29.6 meV, MAE_F=52.4 meV / A, MAE_stress_per_atom=0.158 meV / A^3
2024-06-10 08:22:02.234 INFO: Epoch 197: loss=0.0001859, MAE_E_per_atom=29.6 meV, MAE_F=52.4 meV / A, MAE_stress_per_atom=0.157 meV / A^3
2024-06-10 08:36:04.061 INFO: Epoch 198: loss=0.0001858, MAE_E_per_atom=29.6 meV, MAE_F=52.3 meV / A, MAE_stress_per_atom=0.158 meV / A^3
2024-06-10 08:50:05.616 INFO: Epoch 199: loss=0.0001857, MAE_E_per_atom=29.6 meV, MAE_F=52.3 meV / A, MAE_stress_per_atom=0.158 meV / A^3
2024-06-10 08:50:05.713 INFO: Training complete
2024-06-29 12:06:27.056 INFO: Computing metrics for training, validation, and test sets
2024-06-29 12:06:27.057 INFO: Loading checkpoint: checkpoints/L0_run-1_epoch-199.pt
2024-06-29 12:06:27.189 INFO: Loaded model from epoch 199
2024-06-29 12:06:27.189 INFO: Saving model to checkpoints/L0_run-1.model
2024-06-29 12:06:27.300 INFO: Compiling model, saving metadata to L0_compiled.model
2024-06-29 12:06:27.865 INFO: Done
