<mace.tools.slurm_distributed.DistributedEnvironment object at 0x14eea911bfd0>
2024-06-06 21:53:05.271 INFO: Process group initialized: True
2024-06-06 21:53:05.271 INFO: Processes: 4
2024-06-06 21:53:05.271 INFO: MACE version: 0.3.5
2024-06-06 21:53:05.271 INFO: Configuration: Namespace(config=None, name='L0', seed=1, log_dir='logs', model_dir='.', checkpoints_dir='checkpoints', results_dir='results', downloads_dir='downloads', device='cuda', default_dtype='float64', distributed=True, log_level='INFO', error_table='PerAtomMAEstress', model='ScaleShiftMACE', r_max=6.0, radial_type='bessel', num_radial_basis=10, num_cutoff_basis=5, pair_repulsion=False, distance_transform='None', interaction='RealAgnosticResidualInteractionBlock', interaction_first='RealAgnosticResidualInteractionBlock', max_ell=3, correlation=3, num_interactions=2, MLP_irreps='16x0e', radial_MLP='[64, 64, 64]', hidden_irreps='128x0e + 128x1o', num_channels=128, max_L=0, gate='silu', scaling='rms_forces_scaling', avg_num_neighbors=1, compute_avg_num_neighbors=True, compute_stress=True, compute_forces=True, train_file='./dataset/processed_data/train', valid_file='./dataset/processed_data/val', valid_fraction=0.1, test_file=None, test_dir=None, multi_processed_test=False, num_workers=16, pin_memory=True, atomic_numbers=None, mean=None, std=None, statistics_file='./dataset/processed_data/statistics.json', E0s=None, keep_isolated_atoms=False, energy_key='energy', forces_key='forces', virials_key='virials', stress_key='stress', dipole_key='dipole', charges_key='charges', loss='universal', forces_weight=10.0, swa_forces_weight=100.0, energy_weight=1.0, swa_energy_weight=1000.0, virials_weight=1.0, swa_virials_weight=10.0, stress_weight=100.0, swa_stress_weight=10.0, dipole_weight=1.0, swa_dipole_weight=1.0, config_type_weights='{"Default":1.0}', huber_delta=0.01, optimizer='adam', batch_size=16, valid_batch_size=32, lr=0.005, swa_lr=0.001, weight_decay=1e-08, amsgrad=True, scheduler='ReduceLROnPlateau', lr_factor=0.8, scheduler_patience=5, lr_scheduler_gamma=0.9993, swa=False, start_swa=None, ema=True, ema_decay=0.995, max_num_epochs=200, patience=50, foundation_model=None, foundation_model_readout=True, eval_interval=1, keep_checkpoints=True, save_all_checkpoints=False, restart_latest=False, save_cpu=True, clip_grad=100.0, wandb=True, wandb_project='mace', wandb_entity='ChenWang123', wandb_name='L0', wandb_log_hypers=['num_channels', 'max_L', 'correlation', 'lr', 'swa_lr', 'weight_decay', 'batch_size', 'max_num_epochs', 'start_swa', 'energy_weight', 'forces_weight'])
2024-06-06 21:53:05.271 INFO: CUDA version: 11.8, CUDA device: 0
2024-06-06 21:53:05.750 INFO: Error accessing Git repository: /gpfs/home/whuustcgroup/qxming/work/mace/model-MPtrj
2024-06-06 21:53:05.755 INFO: Using statistics json file
2024-06-06 21:53:05.756 INFO: Using atomic numbers from statistics file
2024-06-06 21:53:05.757 INFO: AtomicNumberTable: (1, 2, 3, 4, 5, 6, 7, 8, 9, 10, 11, 12, 13, 14, 15, 16, 17, 18, 19, 20, 21, 22, 23, 24, 25, 26, 27, 28, 29, 30, 31, 32, 33, 34, 35, 36, 37, 38, 39, 40, 41, 42, 43, 44, 45, 46, 47, 48, 49, 50, 51, 52, 53, 54, 55, 56, 57, 58, 59, 60, 61, 62, 63, 64, 65, 66, 67, 68, 69, 70, 71, 72, 73, 74, 75, 76, 77, 78, 79, 80, 81, 82, 83, 89, 90, 91, 92, 93, 94)
2024-06-06 21:53:05.757 INFO: Atomic Energies not in training file, using command line argument E0s
2024-06-06 21:53:05.759 INFO: Atomic energies: [-3.667168021358939, -1.3320953124042916, -3.482100566595956, -4.736697230897597, -7.724935420523256, -8.405573550273285, -7.360100452662763, -7.28459863421322, -4.896490881731322, 1.3917755836700962e-12, -2.7593613569762425, -2.814047612069227, -4.846881245288104, -7.694793133351899, -6.9632957911820235, -4.672630400190884, -2.8116892814008096, -0.06259504416367478, -2.6176454856894793, -5.390461060484104, -7.8857952163517675, -10.268392986214433, -8.665147785496703, -9.233050763772013, -8.304951520770791, -7.0489865771593765, -5.577439766222147, -5.172747618813715, -3.2520726958619472, -1.2901611618726314, -3.527082192997912, -4.70845955030298, -3.9765109025623238, -3.886231055836541, -2.5184940099633986, 6.766947645687137, -2.5634958965928316, -4.938005211501922, -10.149818838085771, -11.846857579882572, -12.138896361658485, -8.791678800595722, -8.78694939675911, -7.78093221529871, -6.850021409115055, -4.891019073240479, -2.0634296773864045, -0.6395695518943755, -2.7887442084286693, -3.818604275441892, -3.587068329278862, -2.8804045971118897, -1.6355986842433357, 9.846723842807721, -2.765284507132287, -4.990956432167774, -8.933684809576345, -8.735591176647514, -8.018966025544966, -8.251491970213372, -7.591719594359237, -8.169659881166858, -13.592664636171698, -18.517523458456985, -7.647396572993602, -8.122981037851925, -7.607787319678067, -6.85029094445494, -7.8268821327130365, -3.584786591677161, -7.455406192077973, -12.796283502572146, -14.108127281277586, -9.354916969477486, -11.387537567890853, -9.621909492152557, -7.324393429417677, -5.3046964808341945, -2.380092582080244, 0.24948924158195362, -2.3239789120665026, -3.730042357127322, -3.438792347649683, -5.062878214511315, -11.02462566385297, -12.265613551943261, -13.855648206100362, -14.933092020258243, -15.282826131998245]
2024-06-06 21:53:24.978 INFO: UniversalLoss(energy_weight=1.000, forces_weight=10.000, stress_weight=100.000)
2024-06-06 21:53:25.010 INFO: Average number of neighbors: 61.969407081604004
2024-06-06 21:53:25.010 INFO: Selected the following outputs: {'energy': True, 'forces': True, 'virials': False, 'stress': True, 'dipoles': False}
2024-06-06 21:53:25.010 INFO: Building model
2024-06-06 21:53:25.018 INFO: Hidden irreps: 128x0e
2024-06-06 21:53:31.437 INFO: ScaleShiftMACE(
  (node_embedding): LinearNodeEmbeddingBlock(
    (linear): Linear(89x0e -> 128x0e | 11392 weights)
  )
  (radial_embedding): RadialEmbeddingBlock(
    (bessel_fn): BesselBasis(r_max=6.0, num_basis=10, trainable=False)
    (cutoff_fn): PolynomialCutoff(p=5.0, r_max=6.0)
  )
  (spherical_harmonics): SphericalHarmonics()
  (atomic_energies_fn): AtomicEnergiesBlock(energies=[-3.6672, -1.3321, -3.4821, -4.7367, -7.7249, -8.4056, -7.3601, -7.2846, -4.8965, 0.0000, -2.7594, -2.8140, -4.8469, -7.6948, -6.9633, -4.6726, -2.8117, -0.0626, -2.6176, -5.3905, -7.8858, -10.2684, -8.6651, -9.2331, -8.3050, -7.0490, -5.5774, -5.1727, -3.2521, -1.2902, -3.5271, -4.7085, -3.9765, -3.8862, -2.5185, 6.7669, -2.5635, -4.9380, -10.1498, -11.8469, -12.1389, -8.7917, -8.7869, -7.7809, -6.8500, -4.8910, -2.0634, -0.6396, -2.7887, -3.8186, -3.5871, -2.8804, -1.6356, 9.8467, -2.7653, -4.9910, -8.9337, -8.7356, -8.0190, -8.2515, -7.5917, -8.1697, -13.5927, -18.5175, -7.6474, -8.1230, -7.6078, -6.8503, -7.8269, -3.5848, -7.4554, -12.7963, -14.1081, -9.3549, -11.3875, -9.6219, -7.3244, -5.3047, -2.3801, 0.2495, -2.3240, -3.7300, -3.4388, -5.0629, -11.0246, -12.2656, -13.8556, -14.9331, -15.2828])
  (interactions): ModuleList(
    (0-1): 2 x RealAgnosticResidualInteractionBlock(
      (linear_up): Linear(128x0e -> 128x0e | 16384 weights)
      (conv_tp): TensorProduct(128x0e x 1x0e+1x1o+1x2e+1x3o -> 128x0e+128x1o+128x2e+128x3o | 512 paths | 512 weights)
      (conv_tp_weights): FullyConnectedNet[10, 64, 64, 64, 512]
      (linear): Linear(128x0e+128x1o+128x2e+128x3o -> 128x0e+128x1o+128x2e+128x3o | 65536 weights)
      (skip_tp): FullyConnectedTensorProduct(128x0e x 89x0e -> 128x0e | 1458176 paths | 1458176 weights)
      (reshape): reshape_irreps()
    )
  )
  (products): ModuleList(
    (0-1): 2 x EquivariantProductBasisBlock(
      (symmetric_contractions): SymmetricContraction(
        (contractions): ModuleList(
          (0): Contraction(
            (contractions_weighting): ModuleList(
              (0-1): 2 x GraphModule()
            )
            (contractions_features): ModuleList(
              (0-1): 2 x GraphModule()
            )
            (weights): ParameterList(
                (0): Parameter containing: [torch.float64 of size 89x4x128 (cuda:0)]
                (1): Parameter containing: [torch.float64 of size 89x1x128 (cuda:0)]
            )
            (graph_opt_main): GraphModule()
          )
        )
      )
      (linear): Linear(128x0e -> 128x0e | 16384 weights)
    )
  )
  (readouts): ModuleList(
    (0): LinearReadoutBlock(
      (linear): Linear(128x0e -> 1x0e | 128 weights)
    )
    (1): NonLinearReadoutBlock(
      (linear_1): Linear(128x0e -> 16x0e | 2048 weights)
      (non_linearity): Activation [x] (16x0e -> 16x0e)
      (linear_2): Linear(16x0e -> 1x0e | 16 weights)
    )
  )
  (scale_shift): ScaleShiftBlock(scale=0.805348, shift=0.164269)
)
2024-06-06 21:53:31.451 INFO: Number of parameters: 3847696
2024-06-06 21:53:31.451 INFO: Optimizer: Adam (
Parameter Group 0
    amsgrad: True
    betas: (0.9, 0.999)
    capturable: False
    differentiable: False
    eps: 1e-08
    foreach: None
    fused: None
    lr: 0.005
    maximize: False
    name: embedding
    weight_decay: 0.0

Parameter Group 1
    amsgrad: True
    betas: (0.9, 0.999)
    capturable: False
    differentiable: False
    eps: 1e-08
    foreach: None
    fused: None
    lr: 0.005
    maximize: False
    name: interactions_decay
    weight_decay: 1e-08

Parameter Group 2
    amsgrad: True
    betas: (0.9, 0.999)
    capturable: False
    differentiable: False
    eps: 1e-08
    foreach: None
    fused: None
    lr: 0.005
    maximize: False
    name: interactions_no_decay
    weight_decay: 0.0

Parameter Group 3
    amsgrad: True
    betas: (0.9, 0.999)
    capturable: False
    differentiable: False
    eps: 1e-08
    foreach: None
    fused: None
    lr: 0.005
    maximize: False
    name: products
    weight_decay: 1e-08

Parameter Group 4
    amsgrad: True
    betas: (0.9, 0.999)
    capturable: False
    differentiable: False
    eps: 1e-08
    foreach: None
    fused: None
    lr: 0.005
    maximize: False
    name: readouts
    weight_decay: 0.0
)
2024-06-06 21:53:31.451 INFO: Using Weights and Biases for logging
2024-06-06 21:53:56.703 INFO: Using gradient clipping with tolerance=100.000
2024-06-06 21:53:56.705 INFO: Started training
2024-06-06 21:55:06.357 INFO: Epoch None: loss=0.0007588, MAE_E_per_atom=552.0 meV, MAE_F=160.5 meV / A, MAE_stress_per_atom=0.385 meV / A^3
2024-06-06 22:44:20.324 INFO: Epoch 0: loss=0.0004117, MAE_E_per_atom=109.8 meV, MAE_F=108.1 meV / A, MAE_stress_per_atom=0.267 meV / A^3
2024-06-06 23:33:32.667 INFO: Epoch 1: loss=0.0003656, MAE_E_per_atom=86.1 meV, MAE_F=98.2 meV / A, MAE_stress_per_atom=0.245 meV / A^3
2024-06-07 00:22:46.367 INFO: Epoch 2: loss=0.0003397, MAE_E_per_atom=76.1 meV, MAE_F=92.1 meV / A, MAE_stress_per_atom=0.231 meV / A^3
2024-06-07 01:11:55.264 INFO: Epoch 3: loss=0.0003245, MAE_E_per_atom=71.2 meV, MAE_F=88.5 meV / A, MAE_stress_per_atom=0.222 meV / A^3
2024-06-07 02:01:03.504 INFO: Epoch 4: loss=0.0003157, MAE_E_per_atom=66.7 meV, MAE_F=86.1 meV / A, MAE_stress_per_atom=0.220 meV / A^3
2024-06-07 02:50:16.618 INFO: Epoch 5: loss=0.0003075, MAE_E_per_atom=65.0 meV, MAE_F=84.2 meV / A, MAE_stress_per_atom=0.213 meV / A^3
2024-06-07 03:39:28.690 INFO: Epoch 6: loss=0.0003012, MAE_E_per_atom=62.6 meV, MAE_F=82.5 meV / A, MAE_stress_per_atom=0.215 meV / A^3
2024-06-07 04:28:36.581 INFO: Epoch 7: loss=0.0002950, MAE_E_per_atom=60.5 meV, MAE_F=81.3 meV / A, MAE_stress_per_atom=0.207 meV / A^3
2024-06-07 05:17:46.052 INFO: Epoch 8: loss=0.0002903, MAE_E_per_atom=58.6 meV, MAE_F=80.2 meV / A, MAE_stress_per_atom=0.204 meV / A^3
2024-06-07 06:06:57.629 INFO: Epoch 9: loss=0.0002875, MAE_E_per_atom=57.8 meV, MAE_F=79.5 meV / A, MAE_stress_per_atom=0.203 meV / A^3
2024-06-07 06:56:10.417 INFO: Epoch 10: loss=0.0002842, MAE_E_per_atom=56.6 meV, MAE_F=78.6 meV / A, MAE_stress_per_atom=0.203 meV / A^3
2024-06-07 07:45:22.086 INFO: Epoch 11: loss=0.0002818, MAE_E_per_atom=55.8 meV, MAE_F=77.9 meV / A, MAE_stress_per_atom=0.200 meV / A^3
2024-06-07 08:34:31.898 INFO: Epoch 12: loss=0.0002805, MAE_E_per_atom=54.8 meV, MAE_F=77.4 meV / A, MAE_stress_per_atom=0.201 meV / A^3
2024-06-07 09:23:40.624 INFO: Epoch 13: loss=0.0002758, MAE_E_per_atom=53.9 meV, MAE_F=76.4 meV / A, MAE_stress_per_atom=0.198 meV / A^3
2024-06-07 10:12:53.050 INFO: Epoch 14: loss=0.0002742, MAE_E_per_atom=53.4 meV, MAE_F=75.9 meV / A, MAE_stress_per_atom=0.198 meV / A^3
2024-06-07 11:02:00.985 INFO: Epoch 15: loss=0.0002753, MAE_E_per_atom=53.0 meV, MAE_F=75.7 meV / A, MAE_stress_per_atom=0.201 meV / A^3
2024-06-07 11:51:12.067 INFO: Epoch 16: loss=0.0002694, MAE_E_per_atom=52.4 meV, MAE_F=74.8 meV / A, MAE_stress_per_atom=0.196 meV / A^3
2024-06-07 12:40:22.243 INFO: Epoch 17: loss=0.0002696, MAE_E_per_atom=51.3 meV, MAE_F=74.6 meV / A, MAE_stress_per_atom=0.196 meV / A^3
2024-06-07 13:29:33.549 INFO: Epoch 18: loss=0.0002677, MAE_E_per_atom=50.6 meV, MAE_F=74.0 meV / A, MAE_stress_per_atom=0.195 meV / A^3