2024-05-27 17:25:03.951 INFO: Reducer buckets have been rebuilt in this iteration.
2024-05-27 17:25:03.951 INFO: Reducer buckets have been rebuilt in this iteration.
2024-05-27 17:25:03.951 INFO: Reducer buckets have been rebuilt in this iteration.
2024-05-27 17:25:03.951 INFO: Reducer buckets have been rebuilt in this iteration.
ogs', model_dir='.', checkpoints_dir='checkpoints', results_dir='results', downloads_dir='downloads', device='cuda', default_dtype='float64', distributed=True, log_level='INFO', error_table='PerAtomMAEstress', model='ScaleShiftMACE', r_max=6.0, radial_type='bessel', num_radial_basis=10, num_cutoff_basis=5, pair_repulsion=False, distance_transform='None', interaction='RealAgnosticResidualInteractionBlock', interaction_first='RealAgnosticResidualInteractionBlock', max_ell=3, correlation=3, num_interactions=2, MLP_irreps='16x0e', radial_MLP='[64, 64, 64]', hidden_irreps='128x0e + 128x1o', num_channels=128, max_L=0, gate='silu', scaling='rms_forces_scaling', avg_num_neighbors=1, compute_avg_num_neighbors=True, compute_stress=True, compute_forces=True, train_file='./dataset/processed_data/train', valid_file='./dataset/processed_data/val', valid_fraction=0.1, test_file=None, test_dir=None, multi_processed_test=False, num_workers=32, pin_memory=True, atomic_numbers=None, mean=None, std=None, statistics_file='./dataset/processed_data/statistics.json', E0s=None, keep_isolated_atoms=False, energy_key='energy', forces_key='forces', virials_key='virials', stress_key='stress', dipole_key='dipole', charges_key='charges', loss='universal', forces_weight=10.0, swa_forces_weight=100.0, energy_weight=1.0, swa_energy_weight=1000.0, virials_weight=1.0, swa_virials_weight=10.0, stress_weight=100.0, swa_stress_weight=10.0, dipole_weight=1.0, swa_dipole_weight=1.0, config_type_weights='{"Default":1.0}', huber_delta=0.01, optimizer='adam', batch_size=16, valid_batch_size=32, lr=0.005, swa_lr=0.001, weight_decay=1e-08, amsgrad=True, scheduler='ReduceLROnPlateau', lr_factor=0.8, scheduler_patience=5, lr_scheduler_gamma=0.9993, swa=False, start_swa=None, ema=True, ema_decay=0.995, max_num_epochs=200, patience=50, foundation_model=None, foundation_model_readout=True, eval_interval=1, keep_checkpoints=True, save_all_checkpoints=False, restart_latest=False, save_cpu=True, clip_grad=100.0, wandb=True, wandb_project='mace', wandb_entity='ChenWang123', wandb_name='L0', wandb_log_hypers=['num_channels', 'max_L', 'correlation', 'lr', 'swa_lr', 'weight_decay', 'batch_size', 'max_num_epochs', 'start_swa', 'energy_weight', 'forces_weight'])
2024-05-27 17:18:24.446 INFO: CUDA version: 11.8, CUDA device: 0
2024-05-27 17:18:24.863 INFO: Error accessing Git repository: /home/l6eub2ic/whcs-share31/wangchen/model-MPtrj
2024-05-27 17:18:24.868 INFO: Using statistics json file
2024-05-27 17:18:24.868 INFO: Using atomic numbers from statistics file
2024-05-27 17:18:24.869 INFO: AtomicNumberTable: (1, 2, 3, 4, 5, 6, 7, 8, 9, 10, 11, 12, 13, 14, 15, 16, 17, 18, 19, 20, 21, 22, 23, 24, 25, 26, 27, 28, 29, 30, 31, 32, 33, 34, 35, 36, 37, 38, 39, 40, 41, 42, 43, 44, 45, 46, 47, 48, 49, 50, 51, 52, 53, 54, 55, 56, 57, 58, 59, 60, 61, 62, 63, 64, 65, 66, 67, 68, 69, 70, 71, 72, 73, 74, 75, 76, 77, 78, 79, 80, 81, 82, 83, 89, 90, 91, 92, 93, 94)
2024-05-27 17:18:24.869 INFO: Atomic Energies not in training file, using command line argument E0s
2024-05-27 17:18:24.870 INFO: Atomic energies: [-3.667433470096826, -1.3513308011879825, -3.4912889389592396, -4.724656556085552, -7.717085051122112, -8.405908324637586, -7.354449995140737, -7.291131339106677, -4.895643966081584, 2.682298827494378e-13, -2.7525096548546895, -2.8098462795594976, -4.833136628258307, -7.662254759612809, -6.949385020559756, -4.669910772330917, -2.812014798023367, -0.06259504416542017, -2.6107795370568896, -5.402357698590457, -7.881834150335022, -10.238232900693609, -8.638527894301697, -9.248359934168711, -8.311432016768475, -7.071524189857642, -5.655439014357374, -5.222138973925827, -3.2709711657847858, -1.3008329286924933, -3.525964344875761, -4.7068842420600525, -3.9754774759427702, -3.8880377122015597, -2.517440904848314, 6.763717713209296, -2.5610866515936683, -4.919871363834604, -10.146289586257407, -11.840293832899636, -12.128174138298903, -8.806511185634262, -8.78642939221776, -7.788521398221025, -6.860239608096613, -4.897009652759463, -2.0946798849106933, -0.6407303211832598, -2.787590162309823, -3.809580233047173, -3.5878515823609525, -2.8811452122323136, -1.6353729923936693, 9.843564066601466, -2.764175020488228, -4.977458240598811, -8.916407444364708, -8.718719692833652, -8.006565075607865, -8.227261939769395, -7.592226867506221, -8.149367207362117, -13.59137091176392, -18.5042840347856, -7.633562930542324, -8.111157495581146, -7.597367849762354, -6.847325136858682, -7.818055926979983, -3.5689535166937, -7.443323183271928, -12.807592273520752, -14.098283270236822, -9.41682184485909, -11.39450049920091, -9.620024635333023, -7.343936161926891, -5.316299308852068, -2.3850625288598137, 0.24750248770802363, -2.3270219404011545, -3.722705860647084, -3.4463184423724886, -5.065143279875324, -11.011746159752112, -12.264151618129674, -13.842658162992779, -14.909395701888739, -15.273806694942811]
2024-05-27 17:23:26.735 INFO: UniversalLoss(energy_weight=1.000, forces_weight=10.000, stress_weight=100.000)
2024-05-27 17:23:26.738 INFO: Average number of neighbors: 61.66595792770386
2024-05-27 17:23:26.738 INFO: Selected the following outputs: {'energy': True, 'forces': True, 'virials': False, 'stress': True, 'dipoles': False}
2024-05-27 17:23:26.738 INFO: Building model
2024-05-27 17:23:26.739 INFO: Hidden irreps: 128x0e
2024-05-27 17:23:30.090 INFO: ScaleShiftMACE(
  (node_embedding): LinearNodeEmbeddingBlock(
    (linear): Linear(89x0e -> 128x0e | 11392 weights)
  )
  (radial_embedding): RadialEmbeddingBlock(
    (bessel_fn): BesselBasis(r_max=6.0, num_basis=10, trainable=False)
    (cutoff_fn): PolynomialCutoff(p=5.0, r_max=6.0)
  )
  (spherical_harmonics): SphericalHarmonics()
  (atomic_energies_fn): AtomicEnergiesBlock(energies=[-3.6674, -1.3513, -3.4913, -4.7247, -7.7171, -8.4059, -7.3544, -7.2911, -4.8956, 0.0000, -2.7525, -2.8098, -4.8331, -7.6623, -6.9494, -4.6699, -2.8120, -0.0626, -2.6108, -5.4024, -7.8818, -10.2382, -8.6385, -9.2484, -8.3114, -7.0715, -5.6554, -5.2221, -3.2710, -1.3008, -3.5260, -4.7069, -3.9755, -3.8880, -2.5174, 6.7637, -2.5611, -4.9199, -10.1463, -11.8403, -12.1282, -8.8065, -8.7864, -7.7885, -6.8602, -4.8970, -2.0947, -0.6407, -2.7876, -3.8096, -3.5879, -2.8811, -1.6354, 9.8436, -2.7642, -4.9775, -8.9164, -8.7187, -8.0066, -8.2273, -7.5922, -8.1494, -13.5914, -18.5043, -7.6336, -8.1112, -7.5974, -6.8473, -7.8181, -3.5690, -7.4433, -12.8076, -14.0983, -9.4168, -11.3945, -9.6200, -7.3439, -5.3163, -2.3851, 0.2475, -2.3270, -3.7227, -3.4463, -5.0651, -11.0117, -12.2642, -13.8427, -14.9094, -15.2738])
  (interactions): ModuleList(
    (0-1): 2 x RealAgnosticResidualInteractionBlock(
      (linear_up): Linear(128x0e -> 128x0e | 16384 weights)
      (conv_tp): TensorProduct(128x0e x 1x0e+1x1o+1x2e+1x3o -> 128x0e+128x1o+128x2e+128x3o | 512 paths | 512 weights)
      (conv_tp_weights): FullyConnectedNet[10, 64, 64, 64, 512]
      (linear): Linear(128x0e+128x1o+128x2e+128x3o -> 128x0e+128x1o+128x2e+128x3o | 65536 weights)
      (skip_tp): FullyConnectedTensorProduct(128x0e x 89x0e -> 128x0e | 1458176 paths | 1458176 weights)
      (reshape): reshape_irreps()
    )
  )
  (products): ModuleList(
    (0-1): 2 x EquivariantProductBasisBlock(
      (symmetric_contractions): SymmetricContraction(
        (contractions): ModuleList(
          (0): Contraction(
            (contractions_weighting): ModuleList(
              (0-1): 2 x GraphModule()
            )
            (contractions_features): ModuleList(
              (0-1): 2 x GraphModule()
            )
            (weights): ParameterList(
                (0): Parameter containing: [torch.float64 of size 89x4x128 (GPU 0)]
                (1): Parameter containing: [torch.float64 of size 89x1x128 (GPU 0)]
            )
            (graph_opt_main): GraphModule()
          )
        )
      )
      (linear): Linear(128x0e -> 128x0e | 16384 weights)
    )
  )
  (readouts): ModuleList(
    (0): LinearReadoutBlock(
      (linear): Linear(128x0e -> 1x0e | 128 weights)
    )
    (1): NonLinearReadoutBlock(
      (linear_1): Linear(128x0e -> 16x0e | 2048 weights)
      (non_linearity): Activation [x] (16x0e -> 16x0e)
      (linear_2): Linear(16x0e -> 1x0e | 16 weights)
    )
  )
  (scale_shift): ScaleShiftBlock(scale=0.748600, shift=0.168375)
)
2024-05-27 17:23:30.097 INFO: Number of parameters: 3847696
2024-05-27 17:23:30.097 INFO: Optimizer: Adam (
Parameter Group 0
    amsgrad: True
    betas: (0.9, 0.999)
    capturable: False
    differentiable: False
    eps: 1e-08
    foreach: None
    fused: None
    lr: 0.005
    maximize: False
    name: embedding
    weight_decay: 0.0

Parameter Group 1
    amsgrad: True
    betas: (0.9, 0.999)
    capturable: False
    differentiable: False
    eps: 1e-08
    foreach: None
    fused: None
    lr: 0.005
    maximize: False
    name: interactions_decay
    weight_decay: 1e-08

Parameter Group 2
    amsgrad: True
    betas: (0.9, 0.999)
    capturable: False
    differentiable: False
    eps: 1e-08
    foreach: None
    fused: None
    lr: 0.005
    maximize: False
    name: interactions_no_decay
    weight_decay: 0.0

Parameter Group 3
    amsgrad: True
    betas: (0.9, 0.999)
    capturable: False
    differentiable: False
    eps: 1e-08
    foreach: None
    fused: None
    lr: 0.005
    maximize: False
    name: products
    weight_decay: 1e-08

Parameter Group 4
    amsgrad: True
    betas: (0.9, 0.999)
    capturable: False
    differentiable: False
    eps: 1e-08
    foreach: None
    fused: None
    lr: 0.005
    maximize: False
    name: readouts
    weight_decay: 0.0
)
2024-05-27 17:23:30.097 INFO: Using Weights and Biases for logging
2024-05-27 17:23:47.596 INFO: Using gradient clipping with tolerance=100.000
2024-05-27 17:23:47.597 INFO: Started training
2024-05-27 17:24:43.368 INFO: Epoch None: loss=0.0008, MAE_E_per_atom=353.0 meV, MAE_F=185.2 meV / A, MAE_stress_per_atom=0.4 meV / A^3
2024-05-27 17:25:03.933 INFO: Reducer buckets have been rebuilt in this iteration.
2024-05-27 17:25:03.933 INFO: Reducer buckets have been rebuilt in this iteration.
2024-05-27 17:25:03.933 INFO: Reducer buckets have been rebuilt in this iteration.
2024-05-27 17:25:03.933 INFO: Reducer buckets have been rebuilt in this iteration.
2024-05-27 17:53:53.347 INFO: Epoch 0: loss=0.0006, MAE_E_per_atom=127.4 meV, MAE_F=138.6 meV / A, MAE_stress_per_atom=0.3 meV / A^3
2024-05-27 18:20:03.078 INFO: Epoch 1: loss=0.0005, MAE_E_per_atom=99.6 meV, MAE_F=122.6 meV / A, MAE_stress_per_atom=0.3 meV / A^3
2024-05-27 18:48:22.503 INFO: Epoch 2: loss=0.0004, MAE_E_per_atom=86.5 meV, MAE_F=113.5 meV / A, MAE_stress_per_atom=0.3 meV / A^3
2024-05-27 19:14:44.353 INFO: Epoch 3: loss=0.0004, MAE_E_per_atom=79.0 meV, MAE_F=108.9 meV / A, MAE_stress_per_atom=0.3 meV / A^3
2024-05-27 19:42:11.383 INFO: Epoch 4: loss=0.0004, MAE_E_per_atom=75.7 meV, MAE_F=106.2 meV / A, MAE_stress_per_atom=0.3 meV / A^3
2024-05-27 20:08:30.021 INFO: Epoch 5: loss=0.0004, MAE_E_per_atom=73.6 meV, MAE_F=104.1 meV / A, MAE_stress_per_atom=0.3 meV / A^3
2024-05-27 20:35:14.443 INFO: Epoch 6: loss=0.0004, MAE_E_per_atom=70.7 meV, MAE_F=102.8 meV / A, MAE_stress_per_atom=0.2 meV / A^3
2024-05-27 21:04:00.662 INFO: Epoch 7: loss=0.0004, MAE_E_per_atom=68.5 meV, MAE_F=100.9 meV / A, MAE_stress_per_atom=0.2 meV / A^3
2024-05-27 21:31:53.861 INFO: Epoch 8: loss=0.0004, MAE_E_per_atom=67.6 meV, MAE_F=99.7 meV / A, MAE_stress_per_atom=0.2 meV / A^3
2024-05-27 21:59:40.794 INFO: Epoch 9: loss=0.0004, MAE_E_per_atom=65.4 meV, MAE_F=98.5 meV / A, MAE_stress_per_atom=0.2 meV / A^3
2024-05-27 22:29:17.828 INFO: Epoch 10: loss=0.0004, MAE_E_per_atom=64.2 meV, MAE_F=98.0 meV / A, MAE_stress_per_atom=0.2 meV / A^3
2024-05-27 23:00:11.496 INFO: Epoch 11: loss=0.0004, MAE_E_per_atom=65.5 meV, MAE_F=98.8 meV / A, MAE_stress_per_atom=0.2 meV / A^3
2024-05-27 23:31:09.448 INFO: Epoch 12: loss=0.0004, MAE_E_per_atom=62.4 meV, MAE_F=96.2 meV / A, MAE_stress_per_atom=0.2 meV / A^3
2024-05-28 00:02:09.969 INFO: Epoch 13: loss=0.0004, MAE_E_per_atom=61.4 meV, MAE_F=95.0 meV / A, MAE_stress_per_atom=0.2 meV / A^3
2024-05-28 00:34:30.395 INFO: Epoch 14: loss=0.0004, MAE_E_per_atom=61.0 meV, MAE_F=95.2 meV / A, MAE_stress_per_atom=0.2 meV / A^3
2024-05-28 01:06:32.596 INFO: Epoch 15: loss=0.0004, MAE_E_per_atom=59.5 meV, MAE_F=94.7 meV / A, MAE_stress_per_atom=0.2 meV / A^3
2024-05-28 01:41:15.895 INFO: Epoch 16: loss=0.0004, MAE_E_per_atom=58.5 meV, MAE_F=96.3 meV / A, MAE_stress_per_atom=0.2 meV / A^3
2024-05-28 02:16:12.827 INFO: Epoch 17: loss=0.0004, MAE_E_per_atom=58.0 meV, MAE_F=94.1 meV / A, MAE_stress_per_atom=0.2 meV / A^3
2024-05-28 02:53:57.081 INFO: Epoch 18: loss=0.0004, MAE_E_per_atom=57.0 meV, MAE_F=94.8 meV / A, MAE_stress_per_atom=0.2 meV / A^3
2024-05-28 03:31:16.329 INFO: Epoch 19: loss=0.0004, MAE_E_per_atom=56.7 meV, MAE_F=93.3 meV / A, MAE_stress_per_atom=0.2 meV / A^3
2024-05-28 04:08:51.494 INFO: Epoch 20: loss=0.0004, MAE_E_per_atom=55.7 meV, MAE_F=94.6 meV / A, MAE_stress_per_atom=0.2 meV / A^3
2024-05-28 04:48:59.879 INFO: Epoch 21: loss=0.0004, MAE_E_per_atom=56.6 meV, MAE_F=92.2 meV / A, MAE_stress_per_atom=0.2 meV / A^3
2024-05-28 05:28:39.641 INFO: Epoch 22: loss=0.0004, MAE_E_per_atom=55.7 meV, MAE_F=92.7 meV / A, MAE_stress_per_atom=0.2 meV / A^3
2024-05-28 06:09:25.801 INFO: Epoch 23: loss=0.0004, MAE_E_per_atom=55.0 meV, MAE_F=92.5 meV / A, MAE_stress_per_atom=0.2 meV / A^3
2024-05-28 06:51:24.873 INFO: Epoch 24: loss=0.0004, MAE_E_per_atom=54.5 meV, MAE_F=92.9 meV / A, MAE_stress_per_atom=0.2 meV / A^3
2024-05-28 07:33:46.728 INFO: Epoch 25: loss=0.0003, MAE_E_per_atom=54.1 meV, MAE_F=91.7 meV / A, MAE_stress_per_atom=0.2 meV / A^3
2024-05-28 08:16:30.375 INFO: Epoch 26: loss=0.0003, MAE_E_per_atom=53.6 meV, MAE_F=92.7 meV / A, MAE_stress_per_atom=0.2 meV / A^3
2024-05-28 09:02:35.466 INFO: Epoch 27: loss=0.0004, MAE_E_per_atom=64.7 meV, MAE_F=96.5 meV / A, MAE_stress_per_atom=0.2 meV / A^3
2024-05-28 09:47:48.649 INFO: Epoch 28: loss=0.0003, MAE_E_per_atom=55.7 meV, MAE_F=91.5 meV / A, MAE_stress_per_atom=0.2 meV / A^3
2024-05-28 10:33:41.480 INFO: Epoch 29: loss=0.0003, MAE_E_per_atom=53.6 meV, MAE_F=90.8 meV / A, MAE_stress_per_atom=0.2 meV / A^3
2024-05-28 11:19:23.107 INFO: Epoch 30: loss=0.0003, MAE_E_per_atom=53.0 meV, MAE_F=90.9 meV / A, MAE_stress_per_atom=0.2 meV / A^3
2024-05-28 12:06:03.756 INFO: Epoch 31: loss=0.0003, MAE_E_per_atom=52.1 meV, MAE_F=91.5 meV / A, MAE_stress_per_atom=0.2 meV / A^3
2024-05-28 12:55:59.402 INFO: Epoch 32: loss=0.0003, MAE_E_per_atom=52.6 meV, MAE_F=90.7 meV / A, MAE_stress_per_atom=0.2 meV / A^3
2024-05-28 13:46:28.570 INFO: Epoch 33: loss=0.0003, MAE_E_per_atom=51.8 meV, MAE_F=90.6 meV / A, MAE_stress_per_atom=0.2 meV / A^3
2024-05-28 14:36:31.167 INFO: Epoch 34: loss=0.0003, MAE_E_per_atom=51.2 meV, MAE_F=90.6 meV / A, MAE_stress_per_atom=0.2 meV / A^3
2024-05-28 15:27:02.374 INFO: Epoch 35: loss=0.0003, MAE_E_per_atom=51.0 meV, MAE_F=90.3 meV / A, MAE_stress_per_atom=0.2 meV / A^3
2024-05-28 16:19:26.612 INFO: Epoch 36: loss=0.0003, MAE_E_per_atom=51.2 meV, MAE_F=90.2 meV / A, MAE_stress_per_atom=0.2 meV / A^3
2024-05-28 17:12:21.333 INFO: Epoch 37: loss=0.0003, MAE_E_per_atom=51.0 meV, MAE_F=90.2 meV / A, MAE_stress_per_atom=0.2 meV / A^3
2024-05-28 18:06:26.475 INFO: Epoch 38: loss=0.0003, MAE_E_per_atom=50.8 meV, MAE_F=89.4 meV / A, MAE_stress_per_atom=0.2 meV / A^3
2024-05-28 19:01:24.466 INFO: Epoch 39: loss=0.0003, MAE_E_per_atom=50.2 meV, MAE_F=90.3 meV / A, MAE_stress_per_atom=0.2 meV / A^3
2024-05-28 19:58:12.958 INFO: Epoch 40: loss=0.0003, MAE_E_per_atom=50.8 meV, MAE_F=89.3 meV / A, MAE_stress_per_atom=0.2 meV / A^3
2024-05-28 20:55:21.985 INFO: Epoch 41: loss=0.0003, MAE_E_per_atom=49.5 meV, MAE_F=90.4 meV / A, MAE_stress_per_atom=0.2 meV / A^3
2024-05-28 21:54:51.054 INFO: Epoch 42: loss=0.0004, MAE_E_per_atom=67.9 meV, MAE_F=95.3 meV / A, MAE_stress_per_atom=0.3 meV / A^3
2024-05-28 22:56:33.990 INFO: Epoch 43: loss=0.0003, MAE_E_per_atom=56.8 meV, MAE_F=90.9 meV / A, MAE_stress_per_atom=0.2 meV / A^3
2024-05-28 23:57:17.268 INFO: Epoch 44: loss=0.0003, MAE_E_per_atom=53.7 meV, MAE_F=89.9 meV / A, MAE_stress_per_atom=0.2 meV / A^3
2024-05-29 01:01:14.644 INFO: Epoch 45: loss=0.0003, MAE_E_per_atom=51.8 meV, MAE_F=89.4 meV / A, MAE_stress_per_atom=0.2 meV / A^3
2024-05-29 02:05:18.170 INFO: Epoch 46: loss=0.0003, MAE_E_per_atom=51.3 meV, MAE_F=89.7 meV / A, MAE_stress_per_atom=0.2 meV / A^3
2024-05-29 03:10:28.259 INFO: Epoch 47: loss=0.0003, MAE_E_per_atom=50.4 meV, MAE_F=89.3 meV / A, MAE_stress_per_atom=0.2 meV / A^3
2024-05-29 04:15:41.712 INFO: Epoch 48: loss=0.0003, MAE_E_per_atom=51.0 meV, MAE_F=90.0 meV / A, MAE_stress_per_atom=0.2 meV / A^3
2024-05-29 05:22:03.453 INFO: Epoch 49: loss=0.0003, MAE_E_per_atom=50.2 meV, MAE_F=89.4 meV / A, MAE_stress_per_atom=0.2 meV / A^3
2024-05-29 06:30:13.244 INFO: Epoch 50: loss=0.0003, MAE_E_per_atom=49.7 meV, MAE_F=88.8 meV / A, MAE_stress_per_atom=0.2 meV / A^3
2024-05-29 07:39:46.583 INFO: Epoch 51: loss=0.0003, MAE_E_per_atom=49.4 meV, MAE_F=88.2 meV / A, MAE_stress_per_atom=0.2 meV / A^3
2024-05-29 08:51:34.211 INFO: Epoch 52: loss=0.0003, MAE_E_per_atom=49.0 meV, MAE_F=88.7 meV / A, MAE_stress_per_atom=0.2 meV / A^3
2024-05-29 10:05:26.481 INFO: Epoch 53: loss=0.0003, MAE_E_per_atom=48.9 meV, MAE_F=88.2 meV / A, MAE_stress_per_atom=0.2 meV / A^3
2024-05-29 11:19:42.627 INFO: Epoch 54: loss=0.0003, MAE_E_per_atom=48.5 meV, MAE_F=88.2 meV / A, MAE_stress_per_atom=0.2 meV / A^3
2024-05-29 12:32:07.397 INFO: Epoch 55: loss=0.0003, MAE_E_per_atom=48.4 meV, MAE_F=88.4 meV / A, MAE_stress_per_atom=0.2 meV / A^3
2024-05-29 13:48:18.075 INFO: Epoch 56: loss=0.0003, MAE_E_per_atom=48.5 meV, MAE_F=87.8 meV / A, MAE_stress_per_atom=0.2 meV / A^3
2024-05-29 15:01:42.900 INFO: Epoch 57: loss=0.0003, MAE_E_per_atom=48.0 meV, MAE_F=87.8 meV / A, MAE_stress_per_atom=0.2 meV / A^3
2024-05-29 16:15:13.796 INFO: Epoch 58: loss=0.0003, MAE_E_per_atom=47.9 meV, MAE_F=88.7 meV / A, MAE_stress_per_atom=0.2 meV / A^3
2024-05-29 17:31:41.020 INFO: Epoch 59: loss=0.0003, MAE_E_per_atom=47.9 meV, MAE_F=88.0 meV / A, MAE_stress_per_atom=0.2 meV / A^3
2024-05-29 18:48:44.277 INFO: Epoch 60: loss=0.0003, MAE_E_per_atom=47.9 meV, MAE_F=88.1 meV / A, MAE_stress_per_atom=0.2 meV / A^3
2024-05-29 20:08:21.232 INFO: Epoch 61: loss=0.0003, MAE_E_per_atom=47.7 meV, MAE_F=88.2 meV / A, MAE_stress_per_atom=0.2 meV / A^3
2024-05-29 21:30:45.983 INFO: Epoch 62: loss=0.0003, MAE_E_per_atom=47.8 meV, MAE_F=87.8 meV / A, MAE_stress_per_atom=0.2 meV / A^3
2024-05-29 22:52:14.132 INFO: Epoch 63: loss=0.0003, MAE_E_per_atom=47.4 meV, MAE_F=88.3 meV / A, MAE_stress_per_atom=0.2 meV / A^3
2024-05-30 00:13:04.046 INFO: Epoch 64: loss=0.0003, MAE_E_per_atom=47.5 meV, MAE_F=87.2 meV / A, MAE_stress_per_atom=0.2 meV / A^3
2024-05-30 01:35:13.873 INFO: Epoch 65: loss=0.0003, MAE_E_per_atom=47.1 meV, MAE_F=88.3 meV / A, MAE_stress_per_atom=0.2 meV / A^3
2024-05-30 03:00:54.225 INFO: Epoch 66: loss=0.0003, MAE_E_per_atom=47.2 meV, MAE_F=87.3 meV / A, MAE_stress_per_atom=0.2 meV / A^3
2024-05-30 04:28:11.534 INFO: Epoch 67: loss=0.0003, MAE_E_per_atom=47.1 meV, MAE_F=87.1 meV / A, MAE_stress_per_atom=0.2 meV / A^3
2024-05-30 05:53:13.778 INFO: Epoch 68: loss=0.0003, MAE_E_per_atom=47.2 meV, MAE_F=87.1 meV / A, MAE_stress_per_atom=0.2 meV / A^3
2024-05-30 07:19:24.394 INFO: Epoch 69: loss=0.0003, MAE_E_per_atom=47.2 meV, MAE_F=87.4 meV / A, MAE_stress_per_atom=0.2 meV / A^3
2024-05-30 08:46:24.805 INFO: Epoch 70: loss=0.0003, MAE_E_per_atom=47.0 meV, MAE_F=87.2 meV / A, MAE_stress_per_atom=0.2 meV / A^3
2024-05-30 10:14:31.590 INFO: Epoch 71: loss=0.0003, MAE_E_per_atom=46.9 meV, MAE_F=86.8 meV / A, MAE_stress_per_atom=0.2 meV / A^3
2024-05-30 11:42:29.577 INFO: Epoch 72: loss=0.0003, MAE_E_per_atom=47.0 meV, MAE_F=87.6 meV / A, MAE_stress_per_atom=0.2 meV / A^3
2024-05-30 13:13:38.669 INFO: Epoch 73: loss=0.0003, MAE_E_per_atom=46.7 meV, MAE_F=87.5 meV / A, MAE_stress_per_atom=0.2 meV / A^3
2024-05-30 14:41:40.584 INFO: Epoch 74: loss=0.0003, MAE_E_per_atom=46.5 meV, MAE_F=87.0 meV / A, MAE_stress_per_atom=0.2 meV / A^3
2024-05-30 16:10:42.626 INFO: Epoch 75: loss=0.0003, MAE_E_per_atom=46.5 meV, MAE_F=87.4 meV / A, MAE_stress_per_atom=0.2 meV / A^3
2024-05-30 17:41:08.020 INFO: Epoch 76: loss=0.0003, MAE_E_per_atom=46.0 meV, MAE_F=87.2 meV / A, MAE_stress_per_atom=0.2 meV / A^3
2024-05-30 19:13:23.738 INFO: Epoch 77: loss=0.0003, MAE_E_per_atom=46.3 meV, MAE_F=87.2 meV / A, MAE_stress_per_atom=0.2 meV / A^3
2024-05-30 20:46:39.841 INFO: Epoch 78: loss=0.0003, MAE_E_per_atom=46.1 meV, MAE_F=87.2 meV / A, MAE_stress_per_atom=0.2 meV / A^3
2024-05-30 22:20:14.575 INFO: Epoch 79: loss=0.0003, MAE_E_per_atom=45.9 meV, MAE_F=87.3 meV / A, MAE_stress_per_atom=0.2 meV / A^3
2024-05-30 23:59:04.794 INFO: Epoch 80: loss=0.0003, MAE_E_per_atom=46.3 meV, MAE_F=86.9 meV / A, MAE_stress_per_atom=0.2 meV / A^3
2024-05-31 01:39:08.330 INFO: Epoch 81: loss=0.0003, MAE_E_per_atom=46.1 meV, MAE_F=86.7 meV / A, MAE_stress_per_atom=0.2 meV / A^3
2024-05-31 03:20:21.277 INFO: Epoch 82: loss=0.0003, MAE_E_per_atom=46.3 meV, MAE_F=86.7 meV / A, MAE_stress_per_atom=0.2 meV / A^3
2024-05-31 04:58:07.273 INFO: Epoch 83: loss=0.0003, MAE_E_per_atom=46.0 meV, MAE_F=86.7 meV / A, MAE_stress_per_atom=0.2 meV / A^3
2024-05-31 06:37:41.694 INFO: Epoch 84: loss=0.0003, MAE_E_per_atom=46.3 meV, MAE_F=86.9 meV / A, MAE_stress_per_atom=0.2 meV / A^3
2024-05-31 08:20:35.371 INFO: Epoch 85: loss=0.0003, MAE_E_per_atom=46.1 meV, MAE_F=86.6 meV / A, MAE_stress_per_atom=0.2 meV / A^3
2024-05-31 10:03:25.861 INFO: Epoch 86: loss=0.0003, MAE_E_per_atom=45.9 meV, MAE_F=87.1 meV / A, MAE_stress_per_atom=0.2 meV / A^3
