<mace.tools.slurm_distributed.DistributedEnvironment object at 0x400338d04d90>
2024-06-01 09:29:18.422 INFO: Process group initialized: True
2024-06-01 09:29:18.423 INFO: Processes: 4
2024-06-01 09:29:18.423 INFO: MACE version: 0.3.5
2024-06-01 09:29:18.423 INFO: Configuration: Namespace(config=None, name='L0', seed=1, log_dir='logs', model_dir='.', checkpoints_dir='checkpoints', results_dir='results', downloads_dir='downloads', device='cuda', default_dtype='float64', distributed=True, log_level='INFO', error_table='PerAtomMAEstress', model='ScaleShiftMACE', r_max=6.0, radial_type='bessel', num_radial_basis=10, num_cutoff_basis=5, pair_repulsion=False, distance_transform='None', interaction='RealAgnosticResidualInteractionBlock', interaction_first='RealAgnosticResidualInteractionBlock', max_ell=3, correlation=3, num_interactions=2, MLP_irreps='16x0e', radial_MLP='[64, 64, 64]', hidden_irreps='128x0e + 128x1o', num_channels=128, max_L=0, gate='silu', scaling='rms_forces_scaling', avg_num_neighbors=1, compute_avg_num_neighbors=True, compute_stress=True, compute_forces=True, train_file='./dataset/processed_data/train', valid_file='./dataset/processed_data/val', valid_fraction=0.1, test_file=None, test_dir=None, multi_processed_test=False, num_workers=16, pin_memory=True, atomic_numbers=None, mean=None, std=None, statistics_file='./dataset/processed_data/statistics.json', E0s=None, keep_isolated_atoms=False, energy_key='energy', forces_key='forces', virials_key='virials', stress_key='stress', dipole_key='dipole', charges_key='charges', loss='universal', forces_weight=10.0, swa_forces_weight=100.0, energy_weight=1.0, swa_energy_weight=1000.0, virials_weight=1.0, swa_virials_weight=10.0, stress_weight=100.0, swa_stress_weight=10.0, dipole_weight=1.0, swa_dipole_weight=1.0, config_type_weights='{"Default":1.0}', huber_delta=0.01, optimizer='adam', batch_size=16, valid_batch_size=32, lr=0.005, swa_lr=0.001, weight_decay=1e-08, amsgrad=True, scheduler='ReduceLROnPlateau', lr_factor=0.8, scheduler_patience=5, lr_scheduler_gamma=0.9993, swa=False, start_swa=None, ema=True, ema_decay=0.995, max_num_epochs=200, patience=50, foundation_model=None, foundation_model_readout=True, eval_interval=1, keep_checkpoints=True, save_all_checkpoints=False, restart_latest=False, save_cpu=True, clip_grad=100.0, wandb=True, wandb_project='mace', wandb_entity='ChenWang123', wandb_name='L0', wandb_log_hypers=['num_channels', 'max_L', 'correlation', 'lr', 'swa_lr', 'weight_decay', 'batch_size', 'max_num_epochs', 'start_swa', 'energy_weight', 'forces_weight'])
2024-06-01 09:29:18.423 INFO: CUDA version: 11.8, CUDA device: 0
2024-06-01 09:29:18.921 INFO: Error accessing Git repository: /home/l6eub2ic/whcs-share31/wangchen/model-MPtrj
2024-06-01 09:29:18.928 INFO: Using statistics json file
2024-06-01 09:29:18.929 INFO: Using atomic numbers from statistics file
2024-06-01 09:29:18.929 INFO: AtomicNumberTable: (1, 2, 3, 4, 5, 6, 7, 8, 9, 10, 11, 12, 13, 14, 15, 16, 17, 18, 19, 20, 21, 22, 23, 24, 25, 26, 27, 28, 29, 30, 31, 32, 33, 34, 35, 36, 37, 38, 39, 40, 41, 42, 43, 44, 45, 46, 47, 48, 49, 50, 51, 52, 53, 54, 55, 56, 57, 58, 59, 60, 61, 62, 63, 64, 65, 66, 67, 68, 69, 70, 71, 72, 73, 74, 75, 76, 77, 78, 79, 80, 81, 82, 83, 89, 90, 91, 92, 93, 94)
2024-06-01 09:29:18.929 INFO: Atomic Energies not in training file, using command line argument E0s
2024-06-01 09:29:18.930 INFO: Atomic energies: [-3.667433470096826, -1.3513308011879825, -3.4912889389592396, -4.724656556085552, -7.717085051122112, -8.405908324637586, -7.354449995140737, -7.291131339106677, -4.895643966081584, 2.682298827494378e-13, -2.7525096548546895, -2.8098462795594976, -4.833136628258307, -7.662254759612809, -6.949385020559756, -4.669910772330917, -2.812014798023367, -0.06259504416542017, -2.6107795370568896, -5.402357698590457, -7.881834150335022, -10.238232900693609, -8.638527894301697, -9.248359934168711, -8.311432016768475, -7.071524189857642, -5.655439014357374, -5.222138973925827, -3.2709711657847858, -1.3008329286924933, -3.525964344875761, -4.7068842420600525, -3.9754774759427702, -3.8880377122015597, -2.517440904848314, 6.763717713209296, -2.5610866515936683, -4.919871363834604, -10.146289586257407, -11.840293832899636, -12.128174138298903, -8.806511185634262, -8.78642939221776, -7.788521398221025, -6.860239608096613, -4.897009652759463, -2.0946798849106933, -0.6407303211832598, -2.787590162309823, -3.809580233047173, -3.5878515823609525, -2.8811452122323136, -1.6353729923936693, 9.843564066601466, -2.764175020488228, -4.977458240598811, -8.916407444364708, -8.718719692833652, -8.006565075607865, -8.227261939769395, -7.592226867506221, -8.149367207362117, -13.59137091176392, -18.5042840347856, -7.633562930542324, -8.111157495581146, -7.597367849762354, -6.847325136858682, -7.818055926979983, -3.5689535166937, -7.443323183271928, -12.807592273520752, -14.098283270236822, -9.41682184485909, -11.39450049920091, -9.620024635333023, -7.343936161926891, -5.316299308852068, -2.3850625288598137, 0.24750248770802363, -2.3270219404011545, -3.722705860647084, -3.4463184423724886, -5.065143279875324, -11.011746159752112, -12.264151618129674, -13.842658162992779, -14.909395701888739, -15.273806694942811]
2024-06-01 09:34:20.579 INFO: UniversalLoss(energy_weight=1.000, forces_weight=10.000, stress_weight=100.000)
2024-06-01 09:34:20.582 INFO: Average number of neighbors: 61.66595792770386
2024-06-01 09:34:20.582 INFO: Selected the following outputs: {'energy': True, 'forces': True, 'virials': False, 'stress': True, 'dipoles': False}
2024-06-01 09:34:20.582 INFO: Building model
2024-06-01 09:34:20.583 INFO: Hidden irreps: 128x0e
2024-06-01 09:34:23.645 INFO: ScaleShiftMACE(
  (node_embedding): LinearNodeEmbeddingBlock(
    (linear): Linear(89x0e -> 128x0e | 11392 weights)
  )
  (radial_embedding): RadialEmbeddingBlock(
    (bessel_fn): BesselBasis(r_max=6.0, num_basis=10, trainable=False)
    (cutoff_fn): PolynomialCutoff(p=5.0, r_max=6.0)
  )
  (spherical_harmonics): SphericalHarmonics()
  (atomic_energies_fn): AtomicEnergiesBlock(energies=[-3.6674, -1.3513, -3.4913, -4.7247, -7.7171, -8.4059, -7.3544, -7.2911, -4.8956, 0.0000, -2.7525, -2.8098, -4.8331, -7.6623, -6.9494, -4.6699, -2.8120, -0.0626, -2.6108, -5.4024, -7.8818, -10.2382, -8.6385, -9.2484, -8.3114, -7.0715, -5.6554, -5.2221, -3.2710, -1.3008, -3.5260, -4.7069, -3.9755, -3.8880, -2.5174, 6.7637, -2.5611, -4.9199, -10.1463, -11.8403, -12.1282, -8.8065, -8.7864, -7.7885, -6.8602, -4.8970, -2.0947, -0.6407, -2.7876, -3.8096, -3.5879, -2.8811, -1.6354, 9.8436, -2.7642, -4.9775, -8.9164, -8.7187, -8.0066, -8.2273, -7.5922, -8.1494, -13.5914, -18.5043, -7.6336, -8.1112, -7.5974, -6.8473, -7.8181, -3.5690, -7.4433, -12.8076, -14.0983, -9.4168, -11.3945, -9.6200, -7.3439, -5.3163, -2.3851, 0.2475, -2.3270, -3.7227, -3.4463, -5.0651, -11.0117, -12.2642, -13.8427, -14.9094, -15.2738])
  (interactions): ModuleList(
    (0-1): 2 x RealAgnosticResidualInteractionBlock(
      (linear_up): Linear(128x0e -> 128x0e | 16384 weights)
      (conv_tp): TensorProduct(128x0e x 1x0e+1x1o+1x2e+1x3o -> 128x0e+128x1o+128x2e+128x3o | 512 paths | 512 weights)
      (conv_tp_weights): FullyConnectedNet[10, 64, 64, 64, 512]
      (linear): Linear(128x0e+128x1o+128x2e+128x3o -> 128x0e+128x1o+128x2e+128x3o | 65536 weights)
      (skip_tp): FullyConnectedTensorProduct(128x0e x 89x0e -> 128x0e | 1458176 paths | 1458176 weights)
      (reshape): reshape_irreps()
    )
  )
  (products): ModuleList(
    (0-1): 2 x EquivariantProductBasisBlock(
      (symmetric_contractions): SymmetricContraction(
        (contractions): ModuleList(
          (0): Contraction(
            (contractions_weighting): ModuleList(
              (0-1): 2 x GraphModule()
            )
            (contractions_features): ModuleList(
              (0-1): 2 x GraphModule()
            )
            (weights): ParameterList(
                (0): Parameter containing: [torch.float64 of size 89x4x128 (GPU 0)]
                (1): Parameter containing: [torch.float64 of size 89x1x128 (GPU 0)]
            )
            (graph_opt_main): GraphModule()
          )
        )
      )
      (linear): Linear(128x0e -> 128x0e | 16384 weights)
    )
  )
  (readouts): ModuleList(
    (0): LinearReadoutBlock(
      (linear): Linear(128x0e -> 1x0e | 128 weights)
    )
    (1): NonLinearReadoutBlock(
      (linear_1): Linear(128x0e -> 16x0e | 2048 weights)
      (non_linearity): Activation [x] (16x0e -> 16x0e)
      (linear_2): Linear(16x0e -> 1x0e | 16 weights)
    )
  )
  (scale_shift): ScaleShiftBlock(scale=0.748600, shift=0.168375)
)
2024-06-01 09:34:23.652 INFO: Number of parameters: 3847696
2024-06-01 09:34:23.652 INFO: Optimizer: Adam (
Parameter Group 0
    amsgrad: True
    betas: (0.9, 0.999)
    capturable: False
    differentiable: False
    eps: 1e-08
    foreach: None
    fused: None
    lr: 0.005
    maximize: False
    name: embedding
    weight_decay: 0.0

Parameter Group 1
    amsgrad: True
    betas: (0.9, 0.999)
    capturable: False
    differentiable: False
    eps: 1e-08
    foreach: None
    fused: None
    lr: 0.005
    maximize: False
    name: interactions_decay
    weight_decay: 1e-08

Parameter Group 2
    amsgrad: True
    betas: (0.9, 0.999)
    capturable: False
    differentiable: False
    eps: 1e-08
    foreach: None
    fused: None
    lr: 0.005
    maximize: False
    name: interactions_no_decay
    weight_decay: 0.0

Parameter Group 3
    amsgrad: True
    betas: (0.9, 0.999)
    capturable: False
    differentiable: False
    eps: 1e-08
    foreach: None
    fused: None
    lr: 0.005
    maximize: False
    name: products
    weight_decay: 1e-08

Parameter Group 4
    amsgrad: True
    betas: (0.9, 0.999)
    capturable: False
    differentiable: False
    eps: 1e-08
    foreach: None
    fused: None
    lr: 0.005
    maximize: False
    name: readouts
    weight_decay: 0.0
)
2024-06-01 09:34:23.652 INFO: Using Weights and Biases for logging
2024-06-01 09:34:45.341 INFO: Using gradient clipping with tolerance=100.000
2024-06-01 09:34:45.342 INFO: Started training
2024-06-01 09:36:43.772 INFO: Epoch None: loss=0.0008, MAE_E_per_atom=352.9 meV, MAE_F=185.2 meV / A, MAE_stress_per_atom=0.401 meV / A^3
2024-06-01 09:37:21.537 INFO: Reducer buckets have been rebuilt in this iteration.
2024-06-01 09:37:21.537 INFO: Reducer buckets have been rebuilt in this iteration.
2024-06-01 09:37:21.537 INFO: Reducer buckets have been rebuilt in this iteration.
2024-06-01 09:37:21.540 INFO: Reducer buckets have been rebuilt in this iteration.
2024-06-01 11:11:47.159 INFO: Epoch 0: loss=0.0005, MAE_E_per_atom=120.5 meV, MAE_F=133.8 meV / A, MAE_stress_per_atom=0.314 meV / A^3
2024-06-01 12:49:14.410 INFO: Epoch 1: loss=0.0005, MAE_E_per_atom=96.2 meV, MAE_F=120.4 meV / A, MAE_stress_per_atom=0.283 meV / A^3
2024-06-01 14:36:40.173 INFO: Epoch 2: loss=0.0004, MAE_E_per_atom=90.0 meV, MAE_F=114.1 meV / A, MAE_stress_per_atom=0.263 meV / A^3
2024-06-01 16:28:07.834 INFO: Epoch 3: loss=0.0004, MAE_E_per_atom=81.8 meV, MAE_F=109.9 meV / A, MAE_stress_per_atom=0.255 meV / A^3
2024-06-01 18:36:45.194 INFO: Epoch 4: loss=0.0004, MAE_E_per_atom=78.8 meV, MAE_F=105.6 meV / A, MAE_stress_per_atom=0.248 meV / A^3
