2024-07-17 10:59:13.980 INFO: Process group initialized: True
2024-07-17 10:59:13.983 INFO: Processes: 16
2024-07-17 10:59:13.983 INFO: MACE version: 0.3.5
2024-07-17 10:59:13.983 INFO: Configuration: Namespace(config=None, name='L1', seed=1, log_dir='logs', model_dir='.', checkpoints_dir='checkpoints', results_dir='results', downloads_dir='downloads', device='cuda', default_dtype='float64', distributed=True, log_level='INFO', error_table='PerAtomMAEstress', model='ScaleShiftMACE', r_max=6.0, radial_type='bessel', num_radial_basis=10, num_cutoff_basis=5, pair_repulsion=False, distance_transform='None', interaction='RealAgnosticResidualInteractionBlock', interaction_first='RealAgnosticResidualInteractionBlock', max_ell=3, correlation=3, num_interactions=2, MLP_irreps='16x0e', radial_MLP='[64, 64, 64]', hidden_irreps='128x0e + 128x1o', num_channels=128, max_L=1, gate='silu', scaling='rms_forces_scaling', avg_num_neighbors=1, compute_avg_num_neighbors=True, compute_stress=True, compute_forces=True, train_file='./dataset/processed_data/train', valid_file='./dataset/processed_data/val', valid_fraction=0.1, test_file=None, test_dir=None, multi_processed_test=False, num_workers=8, pin_memory=True, atomic_numbers=None, mean=None, std=None, statistics_file='./dataset/processed_data/statistics.json', E0s=None, keep_isolated_atoms=False, energy_key='energy', forces_key='forces', virials_key='virials', stress_key='stress', dipole_key='dipole', charges_key='charges', loss='universal', forces_weight=10.0, swa_forces_weight=100.0, energy_weight=1.0, swa_energy_weight=1000.0, virials_weight=1.0, swa_virials_weight=10.0, stress_weight=100.0, swa_stress_weight=10.0, dipole_weight=1.0, swa_dipole_weight=1.0, config_type_weights='{"Default":1.0}', huber_delta=0.01, optimizer='adam', batch_size=16, valid_batch_size=32, lr=0.005, swa_lr=0.001, weight_decay=1e-08, amsgrad=True, scheduler='ReduceLROnPlateau', lr_factor=0.8, scheduler_patience=5, lr_scheduler_gamma=0.9993, swa=False, start_swa=None, ema=True, ema_decay=0.995, max_num_epochs=200, patience=50, foundation_model=None, foundation_model_readout=True, eval_interval=1, keep_checkpoints=True, save_all_checkpoints=False, restart_latest=False, save_cpu=True, clip_grad=100.0, wandb=False, wandb_project='', wandb_entity='', wandb_name='', wandb_log_hypers=['num_channels', 'max_L', 'correlation', 'lr', 'swa_lr', 'weight_decay', 'batch_size', 'max_num_epochs', 'start_swa', 'energy_weight', 'forces_weight'])
2024-07-17 10:59:13.983 INFO: CUDA version: 11.8, CUDA device: 0
2024-07-17 10:59:14.593 INFO: Error accessing Git repository: /gpfs/home/whuustcgroup/qxming/work/mace/model/MPtrj
2024-07-17 10:59:14.593 INFO: Using statistics json file
2024-07-17 10:59:14.594 INFO: Using atomic numbers from statistics file
2024-07-17 10:59:14.594 INFO: AtomicNumberTable: (1, 2, 3, 4, 5, 6, 7, 8, 9, 10, 11, 12, 13, 14, 15, 16, 17, 18, 19, 20, 21, 22, 23, 24, 25, 26, 27, 28, 29, 30, 31, 32, 33, 34, 35, 36, 37, 38, 39, 40, 41, 42, 43, 44, 45, 46, 47, 48, 49, 50, 51, 52, 53, 54, 55, 56, 57, 58, 59, 60, 61, 62, 63, 64, 65, 66, 67, 68, 69, 70, 71, 72, 73, 74, 75, 76, 77, 78, 79, 80, 81, 82, 83, 89, 90, 91, 92, 93, 94)
2024-07-17 10:59:14.595 INFO: Atomic Energies not in training file, using command line argument E0s
2024-07-17 10:59:14.596 INFO: Atomic energies: [-3.665129082168616, -1.3268448297775848, -3.48036530425996, -4.736632923589864, -7.729660082370106, -8.404140811390597, -7.363275886107861, -7.285915087084559, -4.896973856388181, 3.3573144264664734e-13, -2.7485133126922747, -2.8078864428851533, -4.847550279201389, -7.694101802698512, -6.966884592848928, -4.671062806815684, -2.815259036301751, -0.06259504416957595, -2.6140928003676236, -5.395991549910634, -7.892112974595401, -10.271708390306257, -8.666763369187791, -9.227707302571677, -8.298434830348908, -7.045362904862065, -5.578272670361611, -5.172104532490062, -3.245671691735544, -1.2879582491366122, -3.5247725223302946, -4.710128324801775, -3.984733259197608, -3.8878490129733434, -2.5176082230706758, 6.752637064319446, -2.559951935298585, -4.929903788642756, -10.135487338582982, -11.8484668950788, -12.141615972583805, -8.781008149481213, -8.778273277772014, -7.768859836187836, -6.854827708420025, -4.886353126562549, -2.067182401053442, -0.6397715304402876, -2.795087114841533, -3.8206345157186874, -3.5838818172098135, -2.876932399467874, -1.637372766508895, 9.843944321272652, -2.7617413437851117, -4.992849305043196, -8.920407237080406, -8.72456978420765, -8.012791410733074, -8.239742347478327, -7.587716852198664, -8.163243078701797, -13.60669720477925, -18.515910426213367, -7.640342297950453, -8.129805082776073, -7.603339893806108, -6.845735727122822, -7.822743295236865, -3.5862570500167896, -7.502853568067199, -12.773909608936664, -14.114959593472367, -9.354953714261438, -11.392562991483612, -9.634648187386471, -7.318246034696319, -5.311838396041664, -2.3794033718025087, 0.24861148988965276, -2.330418275859375, -3.7169110723488314, -3.4379485414832542, -5.025178245518374, -11.044920943700697, -12.290757239479424, -13.857593212471318, -14.925418025239578, -15.28603599019333]
2024-07-17 10:59:32.210 INFO: UniversalLoss(energy_weight=1.000, forces_weight=10.000, stress_weight=100.000)
2024-07-17 10:59:32.216 INFO: Average number of neighbors: 61.96945810317993
2024-07-17 10:59:32.216 INFO: Selected the following outputs: {'energy': True, 'forces': True, 'virials': False, 'stress': True, 'dipoles': False}
2024-07-17 10:59:32.216 INFO: Building model
2024-07-17 10:59:32.220 INFO: Hidden irreps: 128x0e+128x1o
2024-07-17 10:59:35.584 INFO: ScaleShiftMACE(
  (node_embedding): LinearNodeEmbeddingBlock(
    (linear): Linear(89x0e -> 128x0e | 11392 weights)
  )
  (radial_embedding): RadialEmbeddingBlock(
    (bessel_fn): BesselBasis(r_max=6.0, num_basis=10, trainable=False)
    (cutoff_fn): PolynomialCutoff(p=5.0, r_max=6.0)
  )
  (spherical_harmonics): SphericalHarmonics()
  (atomic_energies_fn): AtomicEnergiesBlock(energies=[-3.6651, -1.3268, -3.4804, -4.7366, -7.7297, -8.4041, -7.3633, -7.2859, -4.8970, 0.0000, -2.7485, -2.8079, -4.8476, -7.6941, -6.9669, -4.6711, -2.8153, -0.0626, -2.6141, -5.3960, -7.8921, -10.2717, -8.6668, -9.2277, -8.2984, -7.0454, -5.5783, -5.1721, -3.2457, -1.2880, -3.5248, -4.7101, -3.9847, -3.8878, -2.5176, 6.7526, -2.5600, -4.9299, -10.1355, -11.8485, -12.1416, -8.7810, -8.7783, -7.7689, -6.8548, -4.8864, -2.0672, -0.6398, -2.7951, -3.8206, -3.5839, -2.8769, -1.6374, 9.8439, -2.7617, -4.9928, -8.9204, -8.7246, -8.0128, -8.2397, -7.5877, -8.1632, -13.6067, -18.5159, -7.6403, -8.1298, -7.6033, -6.8457, -7.8227, -3.5863, -7.5029, -12.7739, -14.1150, -9.3550, -11.3926, -9.6346, -7.3182, -5.3118, -2.3794, 0.2486, -2.3304, -3.7169, -3.4379, -5.0252, -11.0449, -12.2908, -13.8576, -14.9254, -15.2860])
  (interactions): ModuleList(
    (0): RealAgnosticResidualInteractionBlock(
      (linear_up): Linear(128x0e -> 128x0e | 16384 weights)
      (conv_tp): TensorProduct(128x0e x 1x0e+1x1o+1x2e+1x3o -> 128x0e+128x1o+128x2e+128x3o | 512 paths | 512 weights)
      (conv_tp_weights): FullyConnectedNet[10, 64, 64, 64, 512]
      (linear): Linear(128x0e+128x1o+128x2e+128x3o -> 128x0e+128x1o+128x2e+128x3o | 65536 weights)
      (skip_tp): FullyConnectedTensorProduct(128x0e x 89x0e -> 128x0e+128x1o | 1458176 paths | 1458176 weights)
      (reshape): reshape_irreps()
    )
    (1): RealAgnosticResidualInteractionBlock(
      (linear_up): Linear(128x0e+128x1o -> 128x0e+128x1o | 32768 weights)
      (conv_tp): TensorProduct(128x0e+128x1o x 1x0e+1x1o+1x2e+1x3o -> 256x0e+384x1o+384x2e+256x3o | 1280 paths | 1280 weights)
      (conv_tp_weights): FullyConnectedNet[10, 64, 64, 64, 1280]
      (linear): Linear(256x0e+384x1o+384x2e+256x3o -> 128x0e+128x1o+128x2e+128x3o | 163840 weights)
      (skip_tp): FullyConnectedTensorProduct(128x0e+128x1o x 89x0e -> 128x0e | 1458176 paths | 1458176 weights)
      (reshape): reshape_irreps()
    )
  )
  (products): ModuleList(
    (0): EquivariantProductBasisBlock(
      (symmetric_contractions): SymmetricContraction(
        (contractions): ModuleList(
          (0): Contraction(
            (contractions_weighting): ModuleList(
              (0-1): 2 x GraphModule()
            )
            (contractions_features): ModuleList(
              (0-1): 2 x GraphModule()
            )
            (weights): ParameterList(
                (0): Parameter containing: [torch.float64 of size 89x4x128 (cuda:0)]
                (1): Parameter containing: [torch.float64 of size 89x1x128 (cuda:0)]
            )
            (graph_opt_main): GraphModule()
          )
          (1): Contraction(
            (contractions_weighting): ModuleList(
              (0-1): 2 x GraphModule()
            )
            (contractions_features): ModuleList(
              (0-1): 2 x GraphModule()
            )
            (weights): ParameterList(
                (0): Parameter containing: [torch.float64 of size 89x6x128 (cuda:0)]
                (1): Parameter containing: [torch.float64 of size 89x1x128 (cuda:0)]
            )
            (graph_opt_main): GraphModule()
          )
        )
      )
      (linear): Linear(128x0e+128x1o -> 128x0e+128x1o | 32768 weights)
    )
    (1): EquivariantProductBasisBlock(
      (symmetric_contractions): SymmetricContraction(
        (contractions): ModuleList(
          (0): Contraction(
            (contractions_weighting): ModuleList(
              (0-1): 2 x GraphModule()
            )
            (contractions_features): ModuleList(
              (0-1): 2 x GraphModule()
            )
            (weights): ParameterList(
                (0): Parameter containing: [torch.float64 of size 89x4x128 (cuda:0)]
                (1): Parameter containing: [torch.float64 of size 89x1x128 (cuda:0)]
            )
            (graph_opt_main): GraphModule()
          )
        )
      )
      (linear): Linear(128x0e -> 128x0e | 16384 weights)
    )
  )
  (readouts): ModuleList(
    (0): LinearReadoutBlock(
      (linear): Linear(128x0e+128x1o -> 1x0e | 128 weights)
    )
    (1): NonLinearReadoutBlock(
      (linear_1): Linear(128x0e -> 16x0e | 2048 weights)
      (non_linearity): Activation [x] (16x0e -> 16x0e)
      (linear_2): Linear(16x0e -> 1x0e | 16 weights)
    )
  )
  (scale_shift): ScaleShiftBlock(scale=0.805234, shift=0.163867)
)
2024-07-17 10:59:35.589 INFO: Number of parameters: 4688656
2024-07-17 10:59:35.589 INFO: Optimizer: Adam (
Parameter Group 0
    amsgrad: True
    betas: (0.9, 0.999)
    capturable: False
    differentiable: False
    eps: 1e-08
    foreach: None
    fused: None
    lr: 0.005
    maximize: False
    name: embedding
    weight_decay: 0.0

Parameter Group 1
    amsgrad: True
    betas: (0.9, 0.999)
    capturable: False
    differentiable: False
    eps: 1e-08
    foreach: None
    fused: None
    lr: 0.005
    maximize: False
    name: interactions_decay
    weight_decay: 1e-08

Parameter Group 2
    amsgrad: True
    betas: (0.9, 0.999)
    capturable: False
    differentiable: False
    eps: 1e-08
    foreach: None
    fused: None
    lr: 0.005
    maximize: False
    name: interactions_no_decay
    weight_decay: 0.0

Parameter Group 3
    amsgrad: True
    betas: (0.9, 0.999)
    capturable: False
    differentiable: False
    eps: 1e-08
    foreach: None
    fused: None
    lr: 0.005
    maximize: False
    name: products
    weight_decay: 1e-08

Parameter Group 4
    amsgrad: True
    betas: (0.9, 0.999)
    capturable: False
    differentiable: False
    eps: 1e-08
    foreach: None
    fused: None
    lr: 0.005
    maximize: False
    name: readouts
    weight_decay: 0.0
)
2024-07-17 10:59:37.977 INFO: Using gradient clipping with tolerance=100.000
2024-07-17 10:59:37.977 INFO: Started training
2024-07-17 11:00:12.541 INFO: Epoch None: loss=0.0007606, MAE_E_per_atom=555.1 meV, MAE_F=160.4 meV / A, MAE_stress_per_atom=0.385 meV / A^3
2024-07-17 11:35:00.955 INFO: Epoch 0: loss=0.0004020, MAE_E_per_atom=116.5 meV, MAE_F=104.2 meV / A, MAE_stress_per_atom=0.268 meV / A^3
2024-07-17 12:09:40.813 INFO: Epoch 1: loss=0.0003360, MAE_E_per_atom=79.7 meV, MAE_F=90.0 meV / A, MAE_stress_per_atom=0.234 meV / A^3
2024-07-17 12:44:22.172 INFO: Epoch 2: loss=0.0003030, MAE_E_per_atom=66.6 meV, MAE_F=82.1 meV / A, MAE_stress_per_atom=0.217 meV / A^3
2024-07-17 13:19:03.867 INFO: Epoch 3: loss=0.0003031, MAE_E_per_atom=67.7 meV, MAE_F=82.0 meV / A, MAE_stress_per_atom=0.219 meV / A^3
2024-07-17 13:53:43.308 INFO: Epoch 4: loss=0.0002728, MAE_E_per_atom=56.6 meV, MAE_F=74.7 meV / A, MAE_stress_per_atom=0.202 meV / A^3
2024-07-17 14:28:24.322 INFO: Epoch 5: loss=0.0002626, MAE_E_per_atom=52.9 meV, MAE_F=72.1 meV / A, MAE_stress_per_atom=0.197 meV / A^3
2024-07-17 15:03:07.120 INFO: Epoch 6: loss=0.0002533, MAE_E_per_atom=49.9 meV, MAE_F=69.8 meV / A, MAE_stress_per_atom=0.192 meV / A^3
2024-07-17 15:37:50.554 INFO: Epoch 7: loss=0.0002467, MAE_E_per_atom=47.8 meV, MAE_F=68.1 meV / A, MAE_stress_per_atom=0.188 meV / A^3
2024-07-17 16:12:32.821 INFO: Epoch 8: loss=0.0002404, MAE_E_per_atom=46.0 meV, MAE_F=66.6 meV / A, MAE_stress_per_atom=0.186 meV / A^3
2024-07-17 16:47:11.671 INFO: Epoch 9: loss=0.0002367, MAE_E_per_atom=44.7 meV, MAE_F=65.5 meV / A, MAE_stress_per_atom=0.184 meV / A^3
2024-07-17 17:21:54.387 INFO: Epoch 10: loss=0.0002329, MAE_E_per_atom=43.5 meV, MAE_F=64.6 meV / A, MAE_stress_per_atom=0.182 meV / A^3
2024-07-17 17:56:37.553 INFO: Epoch 11: loss=0.0002589, MAE_E_per_atom=44.3 meV, MAE_F=65.1 meV / A, MAE_stress_per_atom=0.214 meV / A^3
2024-07-17 18:31:17.911 INFO: Epoch 12: loss=0.0002276, MAE_E_per_atom=41.8 meV, MAE_F=63.3 meV / A, MAE_stress_per_atom=0.179 meV / A^3
2024-07-17 19:06:01.663 INFO: Epoch 13: loss=0.0002245, MAE_E_per_atom=40.9 meV, MAE_F=62.4 meV / A, MAE_stress_per_atom=0.178 meV / A^3
2024-07-17 19:40:43.057 INFO: Epoch 14: loss=0.0002220, MAE_E_per_atom=40.2 meV, MAE_F=61.7 meV / A, MAE_stress_per_atom=0.177 meV / A^3
2024-07-17 20:15:24.946 INFO: Epoch 15: loss=0.0002198, MAE_E_per_atom=39.5 meV, MAE_F=61.1 meV / A, MAE_stress_per_atom=0.176 meV / A^3
2024-07-17 20:50:04.618 INFO: Epoch 16: loss=0.0002185, MAE_E_per_atom=38.9 meV, MAE_F=60.7 meV / A, MAE_stress_per_atom=0.176 meV / A^3
2024-07-17 21:24:44.514 INFO: Epoch 17: loss=0.0002168, MAE_E_per_atom=38.6 meV, MAE_F=60.3 meV / A, MAE_stress_per_atom=0.173 meV / A^3
2024-07-17 21:59:25.612 INFO: Epoch 18: loss=0.0002143, MAE_E_per_atom=38.0 meV, MAE_F=59.7 meV / A, MAE_stress_per_atom=0.172 meV / A^3
2024-07-17 22:34:07.487 INFO: Epoch 19: loss=0.0002223, MAE_E_per_atom=38.9 meV, MAE_F=61.8 meV / A, MAE_stress_per_atom=0.176 meV / A^3
2024-07-17 23:08:49.937 INFO: Epoch 20: loss=0.0002129, MAE_E_per_atom=37.4 meV, MAE_F=59.2 meV / A, MAE_stress_per_atom=0.173 meV / A^3
2024-07-17 23:43:31.950 INFO: Epoch 21: loss=0.0002109, MAE_E_per_atom=36.8 meV, MAE_F=58.6 meV / A, MAE_stress_per_atom=0.172 meV / A^3
2024-07-18 00:18:16.718 INFO: Epoch 22: loss=0.0002099, MAE_E_per_atom=36.6 meV, MAE_F=58.3 meV / A, MAE_stress_per_atom=0.170 meV / A^3
2024-07-18 00:53:06.583 INFO: Epoch 23: loss=0.0002089, MAE_E_per_atom=36.2 meV, MAE_F=58.1 meV / A, MAE_stress_per_atom=0.171 meV / A^3
2024-07-18 01:27:51.234 INFO: Epoch 24: loss=0.0002072, MAE_E_per_atom=35.9 meV, MAE_F=57.6 meV / A, MAE_stress_per_atom=0.169 meV / A^3
2024-07-18 02:02:30.688 INFO: Epoch 25: loss=0.0002070, MAE_E_per_atom=35.4 meV, MAE_F=57.5 meV / A, MAE_stress_per_atom=0.170 meV / A^3
2024-07-18 02:37:20.061 INFO: Epoch 26: loss=0.0002052, MAE_E_per_atom=35.1 meV, MAE_F=57.1 meV / A, MAE_stress_per_atom=0.168 meV / A^3
2024-07-18 03:12:04.642 INFO: Epoch 27: loss=0.0002044, MAE_E_per_atom=35.0 meV, MAE_F=56.8 meV / A, MAE_stress_per_atom=0.168 meV / A^3
2024-07-18 03:46:42.871 INFO: Epoch 28: loss=0.0002042, MAE_E_per_atom=34.8 meV, MAE_F=56.8 meV / A, MAE_stress_per_atom=0.168 meV / A^3
2024-07-18 04:21:27.358 INFO: Epoch 29: loss=0.0002029, MAE_E_per_atom=34.7 meV, MAE_F=56.5 meV / A, MAE_stress_per_atom=0.167 meV / A^3
2024-07-18 04:56:11.303 INFO: Epoch 30: loss=0.0002056, MAE_E_per_atom=35.8 meV, MAE_F=57.3 meV / A, MAE_stress_per_atom=0.169 meV / A^3
2024-07-18 05:30:56.145 INFO: Epoch 31: loss=0.0002008, MAE_E_per_atom=34.5 meV, MAE_F=56.2 meV / A, MAE_stress_per_atom=0.165 meV / A^3
2024-07-18 06:05:36.570 INFO: Epoch 32: loss=0.0001998, MAE_E_per_atom=34.3 meV, MAE_F=55.9 meV / A, MAE_stress_per_atom=0.166 meV / A^3
2024-07-18 06:40:16.903 INFO: Epoch 33: loss=0.0001982, MAE_E_per_atom=33.8 meV, MAE_F=55.5 meV / A, MAE_stress_per_atom=0.164 meV / A^3
2024-07-18 07:15:04.418 INFO: Epoch 34: loss=0.0001976, MAE_E_per_atom=33.6 meV, MAE_F=55.3 meV / A, MAE_stress_per_atom=0.164 meV / A^3
2024-07-18 07:49:45.889 INFO: Epoch 35: loss=0.0001968, MAE_E_per_atom=33.3 meV, MAE_F=55.1 meV / A, MAE_stress_per_atom=0.163 meV / A^3
2024-07-18 08:24:27.111 INFO: Epoch 36: loss=0.0001965, MAE_E_per_atom=33.2 meV, MAE_F=55.0 meV / A, MAE_stress_per_atom=0.163 meV / A^3
2024-07-18 08:59:09.178 INFO: Epoch 37: loss=0.0001956, MAE_E_per_atom=32.9 meV, MAE_F=54.7 meV / A, MAE_stress_per_atom=0.164 meV / A^3
2024-07-18 09:33:53.873 INFO: Epoch 38: loss=0.0001953, MAE_E_per_atom=32.7 meV, MAE_F=54.7 meV / A, MAE_stress_per_atom=0.162 meV / A^3
2024-07-18 10:08:36.087 INFO: Epoch 39: loss=0.0001950, MAE_E_per_atom=32.6 meV, MAE_F=54.6 meV / A, MAE_stress_per_atom=0.163 meV / A^3
2024-07-18 10:43:20.453 INFO: Epoch 40: loss=0.0001944, MAE_E_per_atom=32.6 meV, MAE_F=54.4 meV / A, MAE_stress_per_atom=0.163 meV / A^3
2024-07-18 11:18:03.106 INFO: Epoch 41: loss=0.0001938, MAE_E_per_atom=32.4 meV, MAE_F=54.2 meV / A, MAE_stress_per_atom=0.162 meV / A^3
2024-07-18 11:52:45.373 INFO: Epoch 42: loss=0.0001927, MAE_E_per_atom=32.3 meV, MAE_F=54.0 meV / A, MAE_stress_per_atom=0.163 meV / A^3
2024-07-18 12:27:30.559 INFO: Epoch 43: loss=0.0001931, MAE_E_per_atom=32.2 meV, MAE_F=54.1 meV / A, MAE_stress_per_atom=0.162 meV / A^3
2024-07-18 13:02:16.540 INFO: Epoch 44: loss=0.0001924, MAE_E_per_atom=31.9 meV, MAE_F=53.9 meV / A, MAE_stress_per_atom=0.162 meV / A^3
2024-07-18 13:36:59.882 INFO: Epoch 45: loss=0.0001904, MAE_E_per_atom=31.8 meV, MAE_F=53.4 meV / A, MAE_stress_per_atom=0.161 meV / A^3
2024-07-18 14:11:40.675 INFO: Epoch 46: loss=0.0001909, MAE_E_per_atom=31.8 meV, MAE_F=53.5 meV / A, MAE_stress_per_atom=0.160 meV / A^3
2024-07-18 14:46:20.022 INFO: Epoch 47: loss=0.0001902, MAE_E_per_atom=31.6 meV, MAE_F=53.3 meV / A, MAE_stress_per_atom=0.161 meV / A^3
2024-07-18 15:21:04.438 INFO: Epoch 48: loss=0.0001949, MAE_E_per_atom=33.0 meV, MAE_F=54.6 meV / A, MAE_stress_per_atom=0.166 meV / A^3
2024-07-18 15:55:43.300 INFO: Epoch 49: loss=0.0002017, MAE_E_per_atom=33.7 meV, MAE_F=56.0 meV / A, MAE_stress_per_atom=0.169 meV / A^3
2024-07-18 16:30:26.456 INFO: Epoch 50: loss=0.0004017, MAE_E_per_atom=92.3 meV, MAE_F=105.4 meV / A, MAE_stress_per_atom=0.269 meV / A^3
2024-07-18 17:05:10.409 INFO: Epoch 51: loss=0.0002916, MAE_E_per_atom=54.0 meV, MAE_F=80.1 meV / A, MAE_stress_per_atom=0.206 meV / A^3
2024-07-18 17:39:52.535 INFO: Epoch 52: loss=0.0002619, MAE_E_per_atom=46.9 meV, MAE_F=72.5 meV / A, MAE_stress_per_atom=0.192 meV / A^3
2024-07-18 18:14:31.950 INFO: Epoch 53: loss=0.0002465, MAE_E_per_atom=43.3 meV, MAE_F=68.4 meV / A, MAE_stress_per_atom=0.186 meV / A^3
2024-07-18 18:49:14.138 INFO: Epoch 54: loss=0.0002373, MAE_E_per_atom=41.1 meV, MAE_F=66.0 meV / A, MAE_stress_per_atom=0.182 meV / A^3
2024-07-18 19:24:02.419 INFO: Epoch 55: loss=0.0002310, MAE_E_per_atom=39.6 meV, MAE_F=64.3 meV / A, MAE_stress_per_atom=0.180 meV / A^3
2024-07-18 19:58:45.677 INFO: Epoch 56: loss=0.0002257, MAE_E_per_atom=38.5 meV, MAE_F=63.0 meV / A, MAE_stress_per_atom=0.177 meV / A^3
2024-07-18 20:33:27.709 INFO: Epoch 57: loss=0.0002214, MAE_E_per_atom=37.6 meV, MAE_F=61.8 meV / A, MAE_stress_per_atom=0.175 meV / A^3
2024-07-18 21:08:10.101 INFO: Epoch 58: loss=0.0002180, MAE_E_per_atom=37.0 meV, MAE_F=60.9 meV / A, MAE_stress_per_atom=0.173 meV / A^3
2024-07-18 21:42:50.778 INFO: Epoch 59: loss=0.0002148, MAE_E_per_atom=36.4 meV, MAE_F=60.0 meV / A, MAE_stress_per_atom=0.172 meV / A^3
2024-07-18 22:17:36.626 INFO: Epoch 60: loss=0.0002122, MAE_E_per_atom=35.6 meV, MAE_F=59.3 meV / A, MAE_stress_per_atom=0.172 meV / A^3
2024-07-18 22:52:19.070 INFO: Epoch 61: loss=0.0002101, MAE_E_per_atom=35.2 meV, MAE_F=58.8 meV / A, MAE_stress_per_atom=0.170 meV / A^3
2024-07-18 23:27:02.685 INFO: Epoch 62: loss=0.0002082, MAE_E_per_atom=34.8 meV, MAE_F=58.3 meV / A, MAE_stress_per_atom=0.170 meV / A^3
2024-07-19 00:01:46.850 INFO: Epoch 63: loss=0.0002069, MAE_E_per_atom=34.5 meV, MAE_F=57.9 meV / A, MAE_stress_per_atom=0.169 meV / A^3
2024-07-19 00:36:32.503 INFO: Epoch 64: loss=0.0002053, MAE_E_per_atom=34.2 meV, MAE_F=57.5 meV / A, MAE_stress_per_atom=0.169 meV / A^3
2024-07-19 01:11:17.225 INFO: Epoch 65: loss=0.0002041, MAE_E_per_atom=34.0 meV, MAE_F=57.1 meV / A, MAE_stress_per_atom=0.168 meV / A^3
2024-07-19 01:46:02.068 INFO: Epoch 66: loss=0.0002024, MAE_E_per_atom=33.6 meV, MAE_F=56.7 meV / A, MAE_stress_per_atom=0.167 meV / A^3
2024-07-19 02:20:43.031 INFO: Epoch 67: loss=0.0002015, MAE_E_per_atom=33.3 meV, MAE_F=56.4 meV / A, MAE_stress_per_atom=0.167 meV / A^3
2024-07-19 02:55:25.752 INFO: Epoch 68: loss=0.0002005, MAE_E_per_atom=33.1 meV, MAE_F=56.2 meV / A, MAE_stress_per_atom=0.166 meV / A^3
2024-07-19 03:30:06.947 INFO: Epoch 69: loss=0.0001999, MAE_E_per_atom=33.0 meV, MAE_F=56.0 meV / A, MAE_stress_per_atom=0.166 meV / A^3
2024-07-19 04:04:52.004 INFO: Epoch 70: loss=0.0001992, MAE_E_per_atom=32.7 meV, MAE_F=55.8 meV / A, MAE_stress_per_atom=0.166 meV / A^3
2024-07-19 04:39:35.175 INFO: Epoch 71: loss=0.0001986, MAE_E_per_atom=32.6 meV, MAE_F=55.6 meV / A, MAE_stress_per_atom=0.165 meV / A^3
2024-07-19 05:14:19.306 INFO: Epoch 72: loss=0.0001976, MAE_E_per_atom=32.3 meV, MAE_F=55.4 meV / A, MAE_stress_per_atom=0.165 meV / A^3
2024-07-19 05:49:01.371 INFO: Epoch 73: loss=0.0001968, MAE_E_per_atom=32.2 meV, MAE_F=55.2 meV / A, MAE_stress_per_atom=0.164 meV / A^3
2024-07-19 06:23:42.119 INFO: Epoch 74: loss=0.0001963, MAE_E_per_atom=32.1 meV, MAE_F=55.0 meV / A, MAE_stress_per_atom=0.164 meV / A^3
2024-07-19 06:58:20.616 INFO: Epoch 75: loss=0.0001956, MAE_E_per_atom=31.9 meV, MAE_F=54.9 meV / A, MAE_stress_per_atom=0.164 meV / A^3
2024-07-19 07:33:05.687 INFO: Epoch 76: loss=0.0001950, MAE_E_per_atom=31.9 meV, MAE_F=54.7 meV / A, MAE_stress_per_atom=0.164 meV / A^3
2024-07-19 08:07:49.560 INFO: Epoch 77: loss=0.0001945, MAE_E_per_atom=31.8 meV, MAE_F=54.5 meV / A, MAE_stress_per_atom=0.164 meV / A^3
2024-07-19 08:42:28.898 INFO: Epoch 78: loss=0.0001938, MAE_E_per_atom=31.5 meV, MAE_F=54.4 meV / A, MAE_stress_per_atom=0.163 meV / A^3
2024-07-19 09:17:12.324 INFO: Epoch 79: loss=0.0001933, MAE_E_per_atom=31.4 meV, MAE_F=54.2 meV / A, MAE_stress_per_atom=0.163 meV / A^3
2024-07-19 09:51:51.318 INFO: Epoch 80: loss=0.0001931, MAE_E_per_atom=31.4 meV, MAE_F=54.2 meV / A, MAE_stress_per_atom=0.163 meV / A^3
2024-07-19 10:26:31.915 INFO: Epoch 81: loss=0.0001927, MAE_E_per_atom=31.3 meV, MAE_F=54.1 meV / A, MAE_stress_per_atom=0.163 meV / A^3
2024-07-19 11:01:14.228 INFO: Epoch 82: loss=0.0001925, MAE_E_per_atom=31.3 meV, MAE_F=54.0 meV / A, MAE_stress_per_atom=0.163 meV / A^3
2024-07-19 11:35:54.961 INFO: Epoch 83: loss=0.0001919, MAE_E_per_atom=31.1 meV, MAE_F=53.9 meV / A, MAE_stress_per_atom=0.162 meV / A^3
2024-07-19 12:10:38.788 INFO: Epoch 84: loss=0.0001914, MAE_E_per_atom=31.0 meV, MAE_F=53.7 meV / A, MAE_stress_per_atom=0.162 meV / A^3
2024-07-19 12:45:14.944 INFO: Epoch 85: loss=0.0001911, MAE_E_per_atom=30.9 meV, MAE_F=53.7 meV / A, MAE_stress_per_atom=0.162 meV / A^3
2024-07-19 13:19:54.489 INFO: Epoch 86: loss=0.0001909, MAE_E_per_atom=30.8 meV, MAE_F=53.6 meV / A, MAE_stress_per_atom=0.162 meV / A^3
2024-07-19 13:54:40.542 INFO: Epoch 87: loss=0.0001906, MAE_E_per_atom=30.9 meV, MAE_F=53.5 meV / A, MAE_stress_per_atom=0.161 meV / A^3
2024-07-19 14:29:24.675 INFO: Epoch 88: loss=0.0001905, MAE_E_per_atom=30.8 meV, MAE_F=53.5 meV / A, MAE_stress_per_atom=0.161 meV / A^3
2024-07-19 15:04:07.122 INFO: Epoch 89: loss=0.0001901, MAE_E_per_atom=30.7 meV, MAE_F=53.4 meV / A, MAE_stress_per_atom=0.162 meV / A^3
2024-07-19 15:38:44.827 INFO: Epoch 90: loss=0.0001898, MAE_E_per_atom=30.7 meV, MAE_F=53.3 meV / A, MAE_stress_per_atom=0.161 meV / A^3
2024-07-19 16:13:26.712 INFO: Epoch 91: loss=0.0001896, MAE_E_per_atom=30.6 meV, MAE_F=53.2 meV / A, MAE_stress_per_atom=0.161 meV / A^3
2024-07-19 16:48:08.178 INFO: Epoch 92: loss=0.0001893, MAE_E_per_atom=30.5 meV, MAE_F=53.2 meV / A, MAE_stress_per_atom=0.161 meV / A^3
2024-07-19 17:22:51.723 INFO: Epoch 93: loss=0.0001891, MAE_E_per_atom=30.5 meV, MAE_F=53.1 meV / A, MAE_stress_per_atom=0.161 meV / A^3
2024-07-19 17:57:34.305 INFO: Epoch 94: loss=0.0001890, MAE_E_per_atom=30.4 meV, MAE_F=53.1 meV / A, MAE_stress_per_atom=0.161 meV / A^3
2024-07-19 18:32:14.452 INFO: Epoch 95: loss=0.0001887, MAE_E_per_atom=30.4 meV, MAE_F=53.0 meV / A, MAE_stress_per_atom=0.161 meV / A^3
2024-07-19 19:06:58.588 INFO: Epoch 96: loss=0.0001884, MAE_E_per_atom=30.4 meV, MAE_F=52.9 meV / A, MAE_stress_per_atom=0.161 meV / A^3
2024-07-19 19:41:37.712 INFO: Epoch 97: loss=0.0001881, MAE_E_per_atom=30.3 meV, MAE_F=52.9 meV / A, MAE_stress_per_atom=0.161 meV / A^3
2024-07-19 20:16:21.916 INFO: Epoch 98: loss=0.0001880, MAE_E_per_atom=30.3 meV, MAE_F=52.8 meV / A, MAE_stress_per_atom=0.161 meV / A^3
2024-07-19 20:51:01.053 INFO: Epoch 99: loss=0.0001878, MAE_E_per_atom=30.2 meV, MAE_F=52.8 meV / A, MAE_stress_per_atom=0.160 meV / A^3
2024-07-19 21:25:46.380 INFO: Epoch 100: loss=0.0001876, MAE_E_per_atom=30.2 meV, MAE_F=52.7 meV / A, MAE_stress_per_atom=0.160 meV / A^3
2024-07-19 22:00:29.294 INFO: Epoch 101: loss=0.0001875, MAE_E_per_atom=30.2 meV, MAE_F=52.7 meV / A, MAE_stress_per_atom=0.160 meV / A^3
2024-07-19 22:35:14.898 INFO: Epoch 102: loss=0.0001871, MAE_E_per_atom=30.1 meV, MAE_F=52.6 meV / A, MAE_stress_per_atom=0.160 meV / A^3
2024-07-19 23:09:56.428 INFO: Epoch 103: loss=0.0001870, MAE_E_per_atom=30.0 meV, MAE_F=52.6 meV / A, MAE_stress_per_atom=0.160 meV / A^3
2024-07-19 23:44:37.104 INFO: Epoch 104: loss=0.0001867, MAE_E_per_atom=30.0 meV, MAE_F=52.5 meV / A, MAE_stress_per_atom=0.160 meV / A^3
2024-07-20 00:19:24.429 INFO: Epoch 105: loss=0.0001866, MAE_E_per_atom=30.0 meV, MAE_F=52.4 meV / A, MAE_stress_per_atom=0.160 meV / A^3
2024-07-20 00:54:10.512 INFO: Epoch 106: loss=0.0001865, MAE_E_per_atom=29.9 meV, MAE_F=52.4 meV / A, MAE_stress_per_atom=0.160 meV / A^3
2024-07-20 01:28:53.431 INFO: Epoch 107: loss=0.0001862, MAE_E_per_atom=29.9 meV, MAE_F=52.4 meV / A, MAE_stress_per_atom=0.159 meV / A^3
2024-07-20 02:03:35.670 INFO: Epoch 108: loss=0.0001861, MAE_E_per_atom=29.9 meV, MAE_F=52.3 meV / A, MAE_stress_per_atom=0.159 meV / A^3
2024-07-20 02:38:17.047 INFO: Epoch 109: loss=0.0001860, MAE_E_per_atom=29.9 meV, MAE_F=52.3 meV / A, MAE_stress_per_atom=0.159 meV / A^3
2024-07-20 03:13:02.167 INFO: Epoch 110: loss=0.0001857, MAE_E_per_atom=29.8 meV, MAE_F=52.2 meV / A, MAE_stress_per_atom=0.159 meV / A^3
2024-07-20 03:47:46.018 INFO: Epoch 111: loss=0.0001855, MAE_E_per_atom=29.8 meV, MAE_F=52.2 meV / A, MAE_stress_per_atom=0.159 meV / A^3
2024-07-20 04:22:29.709 INFO: Epoch 112: loss=0.0001854, MAE_E_per_atom=29.7 meV, MAE_F=52.2 meV / A, MAE_stress_per_atom=0.159 meV / A^3
2024-07-20 04:57:14.317 INFO: Epoch 113: loss=0.0001853, MAE_E_per_atom=29.7 meV, MAE_F=52.1 meV / A, MAE_stress_per_atom=0.159 meV / A^3
2024-07-20 05:31:56.678 INFO: Epoch 114: loss=0.0001853, MAE_E_per_atom=29.7 meV, MAE_F=52.1 meV / A, MAE_stress_per_atom=0.159 meV / A^3
2024-07-20 06:06:41.055 INFO: Epoch 115: loss=0.0001851, MAE_E_per_atom=29.6 meV, MAE_F=52.1 meV / A, MAE_stress_per_atom=0.159 meV / A^3
2024-07-20 06:41:24.008 INFO: Epoch 116: loss=0.0001850, MAE_E_per_atom=29.6 meV, MAE_F=52.0 meV / A, MAE_stress_per_atom=0.159 meV / A^3
2024-07-20 07:16:08.872 INFO: Epoch 117: loss=0.0001846, MAE_E_per_atom=29.6 meV, MAE_F=51.9 meV / A, MAE_stress_per_atom=0.158 meV / A^3
2024-07-20 07:50:51.348 INFO: Epoch 118: loss=0.0001847, MAE_E_per_atom=29.6 meV, MAE_F=51.9 meV / A, MAE_stress_per_atom=0.159 meV / A^3
2024-07-20 08:25:33.769 INFO: Epoch 119: loss=0.0001844, MAE_E_per_atom=29.5 meV, MAE_F=51.8 meV / A, MAE_stress_per_atom=0.159 meV / A^3
2024-07-20 09:00:17.603 INFO: Epoch 120: loss=0.0001844, MAE_E_per_atom=29.5 meV, MAE_F=51.8 meV / A, MAE_stress_per_atom=0.158 meV / A^3
2024-07-20 09:34:59.932 INFO: Epoch 121: loss=0.0001840, MAE_E_per_atom=29.5 meV, MAE_F=51.8 meV / A, MAE_stress_per_atom=0.159 meV / A^3
2024-07-20 10:09:44.487 INFO: Epoch 122: loss=0.0001841, MAE_E_per_atom=29.4 meV, MAE_F=51.8 meV / A, MAE_stress_per_atom=0.159 meV / A^3
2024-07-20 10:44:26.159 INFO: Epoch 123: loss=0.0001841, MAE_E_per_atom=29.4 meV, MAE_F=51.7 meV / A, MAE_stress_per_atom=0.159 meV / A^3
2024-07-20 11:19:07.054 INFO: Epoch 124: loss=0.0001837, MAE_E_per_atom=29.3 meV, MAE_F=51.7 meV / A, MAE_stress_per_atom=0.158 meV / A^3
2024-07-20 11:53:47.580 INFO: Epoch 125: loss=0.0001836, MAE_E_per_atom=29.3 meV, MAE_F=51.6 meV / A, MAE_stress_per_atom=0.158 meV / A^3
2024-07-20 12:28:31.596 INFO: Epoch 126: loss=0.0001835, MAE_E_per_atom=29.3 meV, MAE_F=51.6 meV / A, MAE_stress_per_atom=0.159 meV / A^3
2024-07-20 13:03:16.233 INFO: Epoch 127: loss=0.0001835, MAE_E_per_atom=29.3 meV, MAE_F=51.6 meV / A, MAE_stress_per_atom=0.159 meV / A^3
2024-07-20 13:37:51.648 INFO: Epoch 128: loss=0.0001833, MAE_E_per_atom=29.3 meV, MAE_F=51.6 meV / A, MAE_stress_per_atom=0.158 meV / A^3
2024-07-20 14:12:30.504 INFO: Epoch 129: loss=0.0001833, MAE_E_per_atom=29.2 meV, MAE_F=51.5 meV / A, MAE_stress_per_atom=0.158 meV / A^3
2024-07-20 14:47:11.686 INFO: Epoch 130: loss=0.0001830, MAE_E_per_atom=29.2 meV, MAE_F=51.5 meV / A, MAE_stress_per_atom=0.158 meV / A^3
2024-07-20 15:21:56.186 INFO: Epoch 131: loss=0.0001829, MAE_E_per_atom=29.2 meV, MAE_F=51.4 meV / A, MAE_stress_per_atom=0.158 meV / A^3
2024-07-20 15:56:38.028 INFO: Epoch 132: loss=0.0001827, MAE_E_per_atom=29.1 meV, MAE_F=51.4 meV / A, MAE_stress_per_atom=0.158 meV / A^3
2024-07-20 16:31:23.398 INFO: Epoch 133: loss=0.0001827, MAE_E_per_atom=29.1 meV, MAE_F=51.4 meV / A, MAE_stress_per_atom=0.158 meV / A^3
2024-07-20 17:06:07.380 INFO: Epoch 134: loss=0.0001826, MAE_E_per_atom=29.1 meV, MAE_F=51.4 meV / A, MAE_stress_per_atom=0.158 meV / A^3
2024-07-20 17:40:47.243 INFO: Epoch 135: loss=0.0001825, MAE_E_per_atom=29.1 meV, MAE_F=51.3 meV / A, MAE_stress_per_atom=0.158 meV / A^3
2024-07-20 18:15:30.624 INFO: Epoch 136: loss=0.0001826, MAE_E_per_atom=29.1 meV, MAE_F=51.3 meV / A, MAE_stress_per_atom=0.158 meV / A^3
2024-07-20 18:50:15.396 INFO: Epoch 137: loss=0.0001825, MAE_E_per_atom=29.0 meV, MAE_F=51.3 meV / A, MAE_stress_per_atom=0.158 meV / A^3
2024-07-20 19:24:54.046 INFO: Epoch 138: loss=0.0001821, MAE_E_per_atom=29.0 meV, MAE_F=51.2 meV / A, MAE_stress_per_atom=0.158 meV / A^3
2024-07-20 19:59:40.242 INFO: Epoch 139: loss=0.0001821, MAE_E_per_atom=29.0 meV, MAE_F=51.2 meV / A, MAE_stress_per_atom=0.158 meV / A^3
2024-07-20 20:34:22.444 INFO: Epoch 140: loss=0.0001824, MAE_E_per_atom=29.0 meV, MAE_F=51.2 meV / A, MAE_stress_per_atom=0.158 meV / A^3
2024-07-20 21:09:05.185 INFO: Epoch 141: loss=0.0001818, MAE_E_per_atom=28.9 meV, MAE_F=51.2 meV / A, MAE_stress_per_atom=0.157 meV / A^3
2024-07-20 21:43:46.869 INFO: Epoch 142: loss=0.0001821, MAE_E_per_atom=28.9 meV, MAE_F=51.2 meV / A, MAE_stress_per_atom=0.158 meV / A^3
2024-07-20 22:18:34.737 INFO: Epoch 143: loss=0.0001817, MAE_E_per_atom=28.9 meV, MAE_F=51.1 meV / A, MAE_stress_per_atom=0.157 meV / A^3
2024-07-20 22:53:15.207 INFO: Epoch 144: loss=0.0001823, MAE_E_per_atom=28.8 meV, MAE_F=51.2 meV / A, MAE_stress_per_atom=0.158 meV / A^3
2024-07-20 23:27:55.770 INFO: Epoch 145: loss=0.0001820, MAE_E_per_atom=28.9 meV, MAE_F=51.1 meV / A, MAE_stress_per_atom=0.158 meV / A^3
2024-07-21 00:02:38.235 INFO: Epoch 146: loss=0.0001816, MAE_E_per_atom=28.8 meV, MAE_F=51.0 meV / A, MAE_stress_per_atom=0.158 meV / A^3
2024-07-21 00:37:16.565 INFO: Epoch 147: loss=0.0001818, MAE_E_per_atom=28.8 meV, MAE_F=51.1 meV / A, MAE_stress_per_atom=0.158 meV / A^3
2024-07-21 01:11:57.879 INFO: Epoch 148: loss=0.0001816, MAE_E_per_atom=28.7 meV, MAE_F=51.1 meV / A, MAE_stress_per_atom=0.157 meV / A^3
2024-07-21 01:46:38.672 INFO: Epoch 149: loss=0.0001813, MAE_E_per_atom=28.8 meV, MAE_F=51.0 meV / A, MAE_stress_per_atom=0.157 meV / A^3
2024-07-21 02:21:16.016 INFO: Epoch 150: loss=0.0001816, MAE_E_per_atom=28.7 meV, MAE_F=51.0 meV / A, MAE_stress_per_atom=0.157 meV / A^3
2024-07-21 02:55:54.719 INFO: Epoch 151: loss=0.0001813, MAE_E_per_atom=28.7 meV, MAE_F=51.0 meV / A, MAE_stress_per_atom=0.157 meV / A^3
2024-07-21 03:30:36.059 INFO: Epoch 152: loss=0.0001810, MAE_E_per_atom=28.6 meV, MAE_F=50.9 meV / A, MAE_stress_per_atom=0.157 meV / A^3
2024-07-21 04:05:18.538 INFO: Epoch 153: loss=0.0001813, MAE_E_per_atom=28.6 meV, MAE_F=51.0 meV / A, MAE_stress_per_atom=0.157 meV / A^3
2024-07-21 04:39:56.207 INFO: Epoch 154: loss=0.0001812, MAE_E_per_atom=28.5 meV, MAE_F=50.9 meV / A, MAE_stress_per_atom=0.157 meV / A^3
2024-07-21 05:14:37.719 INFO: Epoch 155: loss=0.0001810, MAE_E_per_atom=28.6 meV, MAE_F=50.9 meV / A, MAE_stress_per_atom=0.157 meV / A^3
2024-07-21 05:49:14.036 INFO: Epoch 156: loss=0.0001814, MAE_E_per_atom=28.6 meV, MAE_F=50.9 meV / A, MAE_stress_per_atom=0.158 meV / A^3
2024-07-21 06:23:54.886 INFO: Epoch 157: loss=0.0001809, MAE_E_per_atom=28.6 meV, MAE_F=50.8 meV / A, MAE_stress_per_atom=0.157 meV / A^3
2024-07-21 06:58:39.321 INFO: Epoch 158: loss=0.0001811, MAE_E_per_atom=28.5 meV, MAE_F=50.9 meV / A, MAE_stress_per_atom=0.157 meV / A^3
2024-07-21 07:33:23.173 INFO: Epoch 159: loss=0.0001805, MAE_E_per_atom=28.5 meV, MAE_F=50.7 meV / A, MAE_stress_per_atom=0.157 meV / A^3
2024-07-21 08:08:12.887 INFO: Epoch 160: loss=0.0001803, MAE_E_per_atom=28.5 meV, MAE_F=50.7 meV / A, MAE_stress_per_atom=0.157 meV / A^3
2024-07-21 08:42:59.465 INFO: Epoch 161: loss=0.0001804, MAE_E_per_atom=28.5 meV, MAE_F=50.7 meV / A, MAE_stress_per_atom=0.157 meV / A^3
2024-07-21 09:17:49.521 INFO: Epoch 162: loss=0.0001807, MAE_E_per_atom=28.5 meV, MAE_F=50.7 meV / A, MAE_stress_per_atom=0.157 meV / A^3
2024-07-21 09:52:32.261 INFO: Epoch 163: loss=0.0001806, MAE_E_per_atom=28.4 meV, MAE_F=50.7 meV / A, MAE_stress_per_atom=0.157 meV / A^3
2024-07-21 10:27:10.675 INFO: Epoch 164: loss=0.0001807, MAE_E_per_atom=28.4 meV, MAE_F=50.7 meV / A, MAE_stress_per_atom=0.157 meV / A^3
2024-07-21 11:01:56.634 INFO: Epoch 165: loss=0.0001809, MAE_E_per_atom=28.4 meV, MAE_F=50.8 meV / A, MAE_stress_per_atom=0.157 meV / A^3
2024-07-21 11:36:35.483 INFO: Epoch 166: loss=0.0001803, MAE_E_per_atom=28.4 meV, MAE_F=50.6 meV / A, MAE_stress_per_atom=0.157 meV / A^3
2024-07-21 12:11:13.439 INFO: Epoch 167: loss=0.0001800, MAE_E_per_atom=28.3 meV, MAE_F=50.6 meV / A, MAE_stress_per_atom=0.157 meV / A^3
2024-07-21 12:45:58.388 INFO: Epoch 168: loss=0.0001802, MAE_E_per_atom=28.4 meV, MAE_F=50.6 meV / A, MAE_stress_per_atom=0.157 meV / A^3
2024-07-21 13:20:41.716 INFO: Epoch 169: loss=0.0001803, MAE_E_per_atom=28.3 meV, MAE_F=50.6 meV / A, MAE_stress_per_atom=0.157 meV / A^3
2024-07-21 13:55:22.958 INFO: Epoch 170: loss=0.0001805, MAE_E_per_atom=28.3 meV, MAE_F=50.6 meV / A, MAE_stress_per_atom=0.157 meV / A^3
2024-07-21 14:30:04.070 INFO: Epoch 171: loss=0.0001803, MAE_E_per_atom=28.3 meV, MAE_F=50.6 meV / A, MAE_stress_per_atom=0.157 meV / A^3
2024-07-21 15:04:45.939 INFO: Epoch 172: loss=0.0001803, MAE_E_per_atom=28.3 meV, MAE_F=50.6 meV / A, MAE_stress_per_atom=0.157 meV / A^3
2024-07-21 15:39:26.624 INFO: Epoch 173: loss=0.0001803, MAE_E_per_atom=28.3 meV, MAE_F=50.6 meV / A, MAE_stress_per_atom=0.157 meV / A^3
2024-07-21 16:14:08.307 INFO: Epoch 174: loss=0.0001800, MAE_E_per_atom=28.1 meV, MAE_F=50.5 meV / A, MAE_stress_per_atom=0.157 meV / A^3
2024-07-21 16:48:49.569 INFO: Epoch 175: loss=0.0001800, MAE_E_per_atom=28.1 meV, MAE_F=50.5 meV / A, MAE_stress_per_atom=0.156 meV / A^3
2024-07-21 17:23:32.746 INFO: Epoch 176: loss=0.0001805, MAE_E_per_atom=28.1 meV, MAE_F=50.6 meV / A, MAE_stress_per_atom=0.157 meV / A^3
2024-07-21 17:58:12.996 INFO: Epoch 177: loss=0.0001798, MAE_E_per_atom=28.1 meV, MAE_F=50.4 meV / A, MAE_stress_per_atom=0.157 meV / A^3
2024-07-21 18:32:55.576 INFO: Epoch 178: loss=0.0001799, MAE_E_per_atom=28.0 meV, MAE_F=50.4 meV / A, MAE_stress_per_atom=0.156 meV / A^3
2024-07-21 19:07:41.715 INFO: Epoch 179: loss=0.0001799, MAE_E_per_atom=28.1 meV, MAE_F=50.4 meV / A, MAE_stress_per_atom=0.157 meV / A^3
2024-07-21 19:42:23.531 INFO: Epoch 180: loss=0.0001799, MAE_E_per_atom=28.0 meV, MAE_F=50.4 meV / A, MAE_stress_per_atom=0.156 meV / A^3
2024-07-21 20:17:11.755 INFO: Epoch 181: loss=0.0001799, MAE_E_per_atom=28.0 meV, MAE_F=50.5 meV / A, MAE_stress_per_atom=0.157 meV / A^3
2024-07-21 20:51:54.020 INFO: Epoch 182: loss=0.0001797, MAE_E_per_atom=28.0 meV, MAE_F=50.4 meV / A, MAE_stress_per_atom=0.157 meV / A^3
2024-07-21 21:26:36.319 INFO: Epoch 183: loss=0.0001798, MAE_E_per_atom=28.0 meV, MAE_F=50.4 meV / A, MAE_stress_per_atom=0.157 meV / A^3
2024-07-21 22:01:19.615 INFO: Epoch 184: loss=0.0001802, MAE_E_per_atom=28.0 meV, MAE_F=50.4 meV / A, MAE_stress_per_atom=0.157 meV / A^3
2024-07-21 22:35:55.910 INFO: Epoch 185: loss=0.0001793, MAE_E_per_atom=27.9 meV, MAE_F=50.3 meV / A, MAE_stress_per_atom=0.157 meV / A^3
2024-07-21 23:10:38.841 INFO: Epoch 186: loss=0.0001798, MAE_E_per_atom=27.9 meV, MAE_F=50.4 meV / A, MAE_stress_per_atom=0.157 meV / A^3
2024-07-21 23:45:25.713 INFO: Epoch 187: loss=0.0001794, MAE_E_per_atom=27.9 meV, MAE_F=50.3 meV / A, MAE_stress_per_atom=0.157 meV / A^3
2024-07-22 00:20:09.080 INFO: Epoch 188: loss=0.0001799, MAE_E_per_atom=27.9 meV, MAE_F=50.3 meV / A, MAE_stress_per_atom=0.157 meV / A^3
2024-07-22 00:54:50.642 INFO: Epoch 189: loss=0.0001793, MAE_E_per_atom=27.9 meV, MAE_F=50.3 meV / A, MAE_stress_per_atom=0.156 meV / A^3
2024-07-22 01:29:37.324 INFO: Epoch 190: loss=0.0001799, MAE_E_per_atom=27.8 meV, MAE_F=50.4 meV / A, MAE_stress_per_atom=0.157 meV / A^3
2024-07-22 02:04:16.930 INFO: Epoch 191: loss=0.0001794, MAE_E_per_atom=27.8 meV, MAE_F=50.3 meV / A, MAE_stress_per_atom=0.157 meV / A^3
2024-07-22 02:38:59.626 INFO: Epoch 192: loss=0.0001791, MAE_E_per_atom=27.8 meV, MAE_F=50.2 meV / A, MAE_stress_per_atom=0.156 meV / A^3
2024-07-22 03:13:38.256 INFO: Epoch 193: loss=0.0001792, MAE_E_per_atom=27.8 meV, MAE_F=50.2 meV / A, MAE_stress_per_atom=0.156 meV / A^3
2024-07-22 03:48:20.156 INFO: Epoch 194: loss=0.0001791, MAE_E_per_atom=27.7 meV, MAE_F=50.2 meV / A, MAE_stress_per_atom=0.156 meV / A^3
2024-07-22 04:22:53.103 INFO: Epoch 195: loss=0.0001793, MAE_E_per_atom=27.7 meV, MAE_F=50.2 meV / A, MAE_stress_per_atom=0.157 meV / A^3
2024-07-22 04:57:36.278 INFO: Epoch 196: loss=0.0001791, MAE_E_per_atom=27.7 meV, MAE_F=50.2 meV / A, MAE_stress_per_atom=0.156 meV / A^3
2024-07-22 05:32:18.150 INFO: Epoch 197: loss=0.0001792, MAE_E_per_atom=27.7 meV, MAE_F=50.2 meV / A, MAE_stress_per_atom=0.156 meV / A^3
2024-07-22 06:06:58.714 INFO: Epoch 198: loss=0.0001790, MAE_E_per_atom=27.7 meV, MAE_F=50.2 meV / A, MAE_stress_per_atom=0.156 meV / A^3
2024-07-22 06:41:37.771 INFO: Epoch 199: loss=0.0001792, MAE_E_per_atom=27.7 meV, MAE_F=50.1 meV / A, MAE_stress_per_atom=0.157 meV / A^3
2024-07-22 06:41:37.801 INFO: Training complete
2024-07-22 06:41:37.801 INFO: Computing metrics for training, validation, and test sets
2024-07-22 06:41:37.844 INFO: Loading checkpoint: checkpoints/L1_run-1_epoch-198.pt
2024-07-22 06:41:38.121 INFO: Loaded model from epoch 198
2024-07-22 06:41:38.121 INFO: Saving model to checkpoints/L1_run-1.model
2024-07-22 06:41:38.555 INFO: Compiling model, saving metadata to L1_compiled.model
2024-07-22 06:42:08.146 INFO: Done
