2024-06-15 02:21:42.504 INFO: Process group initialized: True
2024-06-15 02:21:42.506 INFO: Processes: 16
2024-06-15 02:21:42.506 INFO: MACE version: 0.3.5
2024-06-15 02:21:42.506 INFO: Configuration: Namespace(config=None, name='L2', seed=1, log_dir='logs', model_dir='.', checkpoints_dir='checkpoints', results_dir='results', downloads_dir='downloads', device='cuda', default_dtype='float64', distributed=True, log_level='INFO', error_table='PerAtomMAEstress', model='ScaleShiftMACE', r_max=6.0, radial_type='bessel', num_radial_basis=10, num_cutoff_basis=5, pair_repulsion=False, distance_transform='None', interaction='RealAgnosticResidualInteractionBlock', interaction_first='RealAgnosticResidualInteractionBlock', max_ell=3, correlation=3, num_interactions=2, MLP_irreps='16x0e', radial_MLP='[64, 64, 64]', hidden_irreps='128x0e + 128x1o', num_channels=128, max_L=2, gate='silu', scaling='rms_forces_scaling', avg_num_neighbors=1, compute_avg_num_neighbors=True, compute_stress=True, compute_forces=True, train_file='./dataset/processed_data/train', valid_file='./dataset/processed_data/val', valid_fraction=0.1, test_file=None, test_dir=None, multi_processed_test=False, num_workers=8, pin_memory=True, atomic_numbers=None, mean=None, std=None, statistics_file='./dataset/processed_data/statistics.json', E0s=None, keep_isolated_atoms=False, energy_key='energy', forces_key='forces', virials_key='virials', stress_key='stress', dipole_key='dipole', charges_key='charges', loss='universal', forces_weight=10.0, swa_forces_weight=100.0, energy_weight=1.0, swa_energy_weight=1000.0, virials_weight=1.0, swa_virials_weight=10.0, stress_weight=100.0, swa_stress_weight=10.0, dipole_weight=1.0, swa_dipole_weight=1.0, config_type_weights='{"Default":1.0}', huber_delta=0.01, optimizer='adam', batch_size=16, valid_batch_size=32, lr=0.005, swa_lr=0.001, weight_decay=1e-08, amsgrad=True, scheduler='ReduceLROnPlateau', lr_factor=0.8, scheduler_patience=5, lr_scheduler_gamma=0.9993, swa=False, start_swa=None, ema=True, ema_decay=0.995, max_num_epochs=200, patience=50, foundation_model=None, foundation_model_readout=True, eval_interval=1, keep_checkpoints=True, save_all_checkpoints=False, restart_latest=False, save_cpu=True, clip_grad=100.0, wandb=True, wandb_project='mace', wandb_entity='ChenWang123', wandb_name='L2', wandb_log_hypers=['num_channels', 'max_L', 'correlation', 'lr', 'swa_lr', 'weight_decay', 'batch_size', 'max_num_epochs', 'start_swa', 'energy_weight', 'forces_weight'])
2024-06-15 02:21:42.506 INFO: CUDA version: 11.8, CUDA device: 0
2024-06-15 02:21:42.627 INFO: Error accessing Git repository: /gpfs/home/whuustcgroup/qxming/work/mace/model-MPtrj-L2
2024-06-15 02:21:42.629 INFO: Using statistics json file
2024-06-15 02:21:42.629 INFO: Using atomic numbers from statistics file
2024-06-15 02:21:42.629 INFO: AtomicNumberTable: (1, 2, 3, 4, 5, 6, 7, 8, 9, 10, 11, 12, 13, 14, 15, 16, 17, 18, 19, 20, 21, 22, 23, 24, 25, 26, 27, 28, 29, 30, 31, 32, 33, 34, 35, 36, 37, 38, 39, 40, 41, 42, 43, 44, 45, 46, 47, 48, 49, 50, 51, 52, 53, 54, 55, 56, 57, 58, 59, 60, 61, 62, 63, 64, 65, 66, 67, 68, 69, 70, 71, 72, 73, 74, 75, 76, 77, 78, 79, 80, 81, 82, 83, 89, 90, 91, 92, 93, 94)
2024-06-15 02:21:42.629 INFO: Atomic Energies not in training file, using command line argument E0s
2024-06-15 02:21:42.630 INFO: Atomic energies: [-3.665129082168616, -1.3268448297775848, -3.48036530425996, -4.736632923589864, -7.729660082370106, -8.404140811390597, -7.363275886107861, -7.285915087084559, -4.896973856388181, 3.3573144264664734e-13, -2.7485133126922747, -2.8078864428851533, -4.847550279201389, -7.694101802698512, -6.966884592848928, -4.671062806815684, -2.815259036301751, -0.06259504416957595, -2.6140928003676236, -5.395991549910634, -7.892112974595401, -10.271708390306257, -8.666763369187791, -9.227707302571677, -8.298434830348908, -7.045362904862065, -5.578272670361611, -5.172104532490062, -3.245671691735544, -1.2879582491366122, -3.5247725223302946, -4.710128324801775, -3.984733259197608, -3.8878490129733434, -2.5176082230706758, 6.752637064319446, -2.559951935298585, -4.929903788642756, -10.135487338582982, -11.8484668950788, -12.141615972583805, -8.781008149481213, -8.778273277772014, -7.768859836187836, -6.854827708420025, -4.886353126562549, -2.067182401053442, -0.6397715304402876, -2.795087114841533, -3.8206345157186874, -3.5838818172098135, -2.876932399467874, -1.637372766508895, 9.843944321272652, -2.7617413437851117, -4.992849305043196, -8.920407237080406, -8.72456978420765, -8.012791410733074, -8.239742347478327, -7.587716852198664, -8.163243078701797, -13.60669720477925, -18.515910426213367, -7.640342297950453, -8.129805082776073, -7.603339893806108, -6.845735727122822, -7.822743295236865, -3.5862570500167896, -7.502853568067199, -12.773909608936664, -14.114959593472367, -9.354953714261438, -11.392562991483612, -9.634648187386471, -7.318246034696319, -5.311838396041664, -2.3794033718025087, 0.24861148988965276, -2.330418275859375, -3.7169110723488314, -3.4379485414832542, -5.025178245518374, -11.044920943700697, -12.290757239479424, -13.857593212471318, -14.925418025239578, -15.28603599019333]
2024-06-15 02:21:55.555 INFO: UniversalLoss(energy_weight=1.000, forces_weight=10.000, stress_weight=100.000)
2024-06-15 02:21:55.558 INFO: Average number of neighbors: 61.96945810317993
2024-06-15 02:21:55.558 INFO: Selected the following outputs: {'energy': True, 'forces': True, 'virials': False, 'stress': True, 'dipoles': False}
2024-06-15 02:21:55.558 INFO: Building model
2024-06-15 02:21:55.570 INFO: Hidden irreps: 128x0e+128x1o+128x2e
2024-06-15 02:22:00.249 INFO: ScaleShiftMACE(
  (node_embedding): LinearNodeEmbeddingBlock(
    (linear): Linear(89x0e -> 128x0e | 11392 weights)
  )
  (radial_embedding): RadialEmbeddingBlock(
    (bessel_fn): BesselBasis(r_max=6.0, num_basis=10, trainable=False)
    (cutoff_fn): PolynomialCutoff(p=5.0, r_max=6.0)
  )
  (spherical_harmonics): SphericalHarmonics()
  (atomic_energies_fn): AtomicEnergiesBlock(energies=[-3.6651, -1.3268, -3.4804, -4.7366, -7.7297, -8.4041, -7.3633, -7.2859, -4.8970, 0.0000, -2.7485, -2.8079, -4.8476, -7.6941, -6.9669, -4.6711, -2.8153, -0.0626, -2.6141, -5.3960, -7.8921, -10.2717, -8.6668, -9.2277, -8.2984, -7.0454, -5.5783, -5.1721, -3.2457, -1.2880, -3.5248, -4.7101, -3.9847, -3.8878, -2.5176, 6.7526, -2.5600, -4.9299, -10.1355, -11.8485, -12.1416, -8.7810, -8.7783, -7.7689, -6.8548, -4.8864, -2.0672, -0.6398, -2.7951, -3.8206, -3.5839, -2.8769, -1.6374, 9.8439, -2.7617, -4.9928, -8.9204, -8.7246, -8.0128, -8.2397, -7.5877, -8.1632, -13.6067, -18.5159, -7.6403, -8.1298, -7.6033, -6.8457, -7.8227, -3.5863, -7.5029, -12.7739, -14.1150, -9.3550, -11.3926, -9.6346, -7.3182, -5.3118, -2.3794, 0.2486, -2.3304, -3.7169, -3.4379, -5.0252, -11.0449, -12.2908, -13.8576, -14.9254, -15.2860])
  (interactions): ModuleList(
    (0): RealAgnosticResidualInteractionBlock(
      (linear_up): Linear(128x0e -> 128x0e | 16384 weights)
      (conv_tp): TensorProduct(128x0e x 1x0e+1x1o+1x2e+1x3o -> 128x0e+128x1o+128x2e+128x3o | 512 paths | 512 weights)
      (conv_tp_weights): FullyConnectedNet[10, 64, 64, 64, 512]
      (linear): Linear(128x0e+128x1o+128x2e+128x3o -> 128x0e+128x1o+128x2e+128x3o | 65536 weights)
      (skip_tp): FullyConnectedTensorProduct(128x0e x 89x0e -> 128x0e+128x1o+128x2e | 1458176 paths | 1458176 weights)
      (reshape): reshape_irreps()
    )
    (1): RealAgnosticResidualInteractionBlock(
      (linear_up): Linear(128x0e+128x1o+128x2e -> 128x0e+128x1o+128x2e | 49152 weights)
      (conv_tp): TensorProduct(128x0e+128x1o+128x2e x 1x0e+1x1o+1x2e+1x3o -> 384x0e+640x1o+640x2e+512x3o | 2176 paths | 2176 weights)
      (conv_tp_weights): FullyConnectedNet[10, 64, 64, 64, 2176]
      (linear): Linear(384x0e+640x1o+640x2e+512x3o -> 128x0e+128x1o+128x2e+128x3o | 278528 weights)
      (skip_tp): FullyConnectedTensorProduct(128x0e+128x1o+128x2e x 89x0e -> 128x0e | 1458176 paths | 1458176 weights)
      (reshape): reshape_irreps()
    )
  )
  (products): ModuleList(
    (0): EquivariantProductBasisBlock(
      (symmetric_contractions): SymmetricContraction(
        (contractions): ModuleList(
          (0): Contraction(
            (contractions_weighting): ModuleList(
              (0-1): 2 x GraphModule()
            )
            (contractions_features): ModuleList(
              (0-1): 2 x GraphModule()
            )
            (weights): ParameterList(
                (0): Parameter containing: [torch.float64 of size 89x4x128 (cuda:0)]
                (1): Parameter containing: [torch.float64 of size 89x1x128 (cuda:0)]
            )
            (graph_opt_main): GraphModule()
          )
          (1): Contraction(
            (contractions_weighting): ModuleList(
              (0-1): 2 x GraphModule()
            )
            (contractions_features): ModuleList(
              (0-1): 2 x GraphModule()
            )
            (weights): ParameterList(
                (0): Parameter containing: [torch.float64 of size 89x6x128 (cuda:0)]
                (1): Parameter containing: [torch.float64 of size 89x1x128 (cuda:0)]
            )
            (graph_opt_main): GraphModule()
          )
          (2): Contraction(
            (contractions_weighting): ModuleList(
              (0-1): 2 x GraphModule()
            )
            (contractions_features): ModuleList(
              (0-1): 2 x GraphModule()
            )
            (weights): ParameterList(
                (0): Parameter containing: [torch.float64 of size 89x7x128 (cuda:0)]
                (1): Parameter containing: [torch.float64 of size 89x1x128 (cuda:0)]
            )
            (graph_opt_main): GraphModule()
          )
        )
      )
      (linear): Linear(128x0e+128x1o+128x2e -> 128x0e+128x1o+128x2e | 49152 weights)
    )
    (1): EquivariantProductBasisBlock(
      (symmetric_contractions): SymmetricContraction(
        (contractions): ModuleList(
          (0): Contraction(
            (contractions_weighting): ModuleList(
              (0-1): 2 x GraphModule()
            )
            (contractions_features): ModuleList(
              (0-1): 2 x GraphModule()
            )
            (weights): ParameterList(
                (0): Parameter containing: [torch.float64 of size 89x4x128 (cuda:0)]
                (1): Parameter containing: [torch.float64 of size 89x1x128 (cuda:0)]
            )
            (graph_opt_main): GraphModule()
          )
        )
      )
      (linear): Linear(128x0e -> 128x0e | 16384 weights)
    )
  )
  (readouts): ModuleList(
    (0): LinearReadoutBlock(
      (linear): Linear(128x0e+128x1o+128x2e -> 1x0e | 128 weights)
    )
    (1): NonLinearReadoutBlock(
      (linear_1): Linear(128x0e -> 16x0e | 2048 weights)
      (non_linearity): Activation [x] (16x0e -> 16x0e)
      (linear_2): Linear(16x0e -> 1x0e | 16 weights)
    )
  )
  (scale_shift): ScaleShiftBlock(scale=0.805234, shift=0.163867)
)
2024-06-15 02:22:00.260 INFO: Number of parameters: 5725072
2024-06-15 02:22:00.260 INFO: Optimizer: Adam (
Parameter Group 0
    amsgrad: True
    betas: (0.9, 0.999)
    capturable: False
    differentiable: False
    eps: 1e-08
    foreach: None
    fused: None
    lr: 0.005
    maximize: False
    name: embedding
    weight_decay: 0.0

Parameter Group 1
    amsgrad: True
    betas: (0.9, 0.999)
    capturable: False
    differentiable: False
    eps: 1e-08
    foreach: None
    fused: None
    lr: 0.005
    maximize: False
    name: interactions_decay
    weight_decay: 1e-08

Parameter Group 2
    amsgrad: True
    betas: (0.9, 0.999)
    capturable: False
    differentiable: False
    eps: 1e-08
    foreach: None
    fused: None
    lr: 0.005
    maximize: False
    name: interactions_no_decay
    weight_decay: 0.0

Parameter Group 3
    amsgrad: True
    betas: (0.9, 0.999)
    capturable: False
    differentiable: False
    eps: 1e-08
    foreach: None
    fused: None
    lr: 0.005
    maximize: False
    name: products
    weight_decay: 1e-08

Parameter Group 4
    amsgrad: True
    betas: (0.9, 0.999)
    capturable: False
    differentiable: False
    eps: 1e-08
    foreach: None
    fused: None
    lr: 0.005
    maximize: False
    name: readouts
    weight_decay: 0.0
)
2024-06-15 02:22:00.260 INFO: Using Weights and Biases for logging
2024-06-15 02:22:33.315 INFO: Using gradient clipping with tolerance=100.000
2024-06-15 02:22:33.316 INFO: Started training
2024-06-15 02:23:33.947 INFO: Epoch None: loss=0.0007600, MAE_E_per_atom=553.1 meV, MAE_F=160.4 meV / A, MAE_stress_per_atom=0.385 meV / A^3
2024-06-15 03:36:47.923 INFO: Epoch 0: loss=0.0004068, MAE_E_per_atom=117.0 meV, MAE_F=105.7 meV / A, MAE_stress_per_atom=0.268 meV / A^3
2024-06-15 04:49:56.836 INFO: Epoch 1: loss=0.0003373, MAE_E_per_atom=79.3 meV, MAE_F=90.5 meV / A, MAE_stress_per_atom=0.232 meV / A^3
2024-06-15 06:03:05.675 INFO: Epoch 2: loss=0.0003034, MAE_E_per_atom=65.6 meV, MAE_F=82.3 meV / A, MAE_stress_per_atom=0.217 meV / A^3
2024-06-15 07:16:14.891 INFO: Epoch 3: loss=0.0002795, MAE_E_per_atom=58.1 meV, MAE_F=76.4 meV / A, MAE_stress_per_atom=0.204 meV / A^3
2024-06-15 08:29:18.230 INFO: Epoch 4: loss=0.0002670, MAE_E_per_atom=54.4 meV, MAE_F=72.5 meV / A, MAE_stress_per_atom=0.203 meV / A^3
2024-06-15 09:42:28.324 INFO: Epoch 5: loss=0.0002507, MAE_E_per_atom=49.3 meV, MAE_F=69.1 meV / A, MAE_stress_per_atom=0.191 meV / A^3
2024-06-15 10:55:37.440 INFO: Epoch 6: loss=0.0002437, MAE_E_per_atom=46.7 meV, MAE_F=66.9 meV / A, MAE_stress_per_atom=0.189 meV / A^3
2024-06-15 12:08:44.344 INFO: Epoch 7: loss=0.0002350, MAE_E_per_atom=44.5 meV, MAE_F=64.9 meV / A, MAE_stress_per_atom=0.183 meV / A^3
2024-06-15 13:22:15.842 INFO: Epoch 8: loss=0.0002282, MAE_E_per_atom=42.8 meV, MAE_F=63.3 meV / A, MAE_stress_per_atom=0.180 meV / A^3
2024-06-15 14:35:13.855 INFO: Epoch 9: loss=0.0002236, MAE_E_per_atom=41.9 meV, MAE_F=62.0 meV / A, MAE_stress_per_atom=0.179 meV / A^3
2024-06-15 15:48:19.926 INFO: Epoch 10: loss=0.0002245, MAE_E_per_atom=41.0 meV, MAE_F=61.5 meV / A, MAE_stress_per_atom=0.182 meV / A^3
2024-06-15 17:01:28.412 INFO: Epoch 11: loss=0.0002211, MAE_E_per_atom=40.3 meV, MAE_F=61.4 meV / A, MAE_stress_per_atom=0.178 meV / A^3
2024-06-15 18:14:31.713 INFO: Epoch 12: loss=0.0002146, MAE_E_per_atom=38.8 meV, MAE_F=59.6 meV / A, MAE_stress_per_atom=0.174 meV / A^3
2024-06-15 19:27:40.118 INFO: Epoch 13: loss=0.0002189, MAE_E_per_atom=39.4 meV, MAE_F=60.4 meV / A, MAE_stress_per_atom=0.178 meV / A^3
2024-06-15 20:40:42.505 INFO: Epoch 14: loss=0.0002094, MAE_E_per_atom=37.6 meV, MAE_F=58.2 meV / A, MAE_stress_per_atom=0.173 meV / A^3
2024-06-15 21:53:44.796 INFO: Epoch 15: loss=0.0002054, MAE_E_per_atom=36.7 meV, MAE_F=57.2 meV / A, MAE_stress_per_atom=0.170 meV / A^3
2024-06-15 23:06:44.640 INFO: Epoch 16: loss=0.0002044, MAE_E_per_atom=36.3 meV, MAE_F=56.9 meV / A, MAE_stress_per_atom=0.170 meV / A^3
2024-06-16 00:19:39.876 INFO: Epoch 17: loss=0.0002027, MAE_E_per_atom=35.8 meV, MAE_F=56.5 meV / A, MAE_stress_per_atom=0.169 meV / A^3
2024-06-16 01:32:38.977 INFO: Epoch 18: loss=0.0002002, MAE_E_per_atom=35.0 meV, MAE_F=55.9 meV / A, MAE_stress_per_atom=0.167 meV / A^3
2024-06-16 02:45:44.195 INFO: Epoch 19: loss=0.0001988, MAE_E_per_atom=34.9 meV, MAE_F=55.5 meV / A, MAE_stress_per_atom=0.166 meV / A^3
2024-06-16 03:58:45.538 INFO: Epoch 20: loss=0.0001972, MAE_E_per_atom=34.6 meV, MAE_F=55.1 meV / A, MAE_stress_per_atom=0.165 meV / A^3
2024-06-16 05:11:44.710 INFO: Epoch 21: loss=0.0001966, MAE_E_per_atom=34.3 meV, MAE_F=55.0 meV / A, MAE_stress_per_atom=0.165 meV / A^3
2024-06-16 06:24:51.929 INFO: Epoch 22: loss=0.0001947, MAE_E_per_atom=33.8 meV, MAE_F=54.4 meV / A, MAE_stress_per_atom=0.164 meV / A^3
2024-06-16 07:38:07.728 INFO: Epoch 23: loss=0.0001941, MAE_E_per_atom=33.4 meV, MAE_F=54.1 meV / A, MAE_stress_per_atom=0.164 meV / A^3
2024-06-16 08:51:16.264 INFO: Epoch 24: loss=0.0001930, MAE_E_per_atom=33.2 meV, MAE_F=53.8 meV / A, MAE_stress_per_atom=0.164 meV / A^3
2024-06-16 10:04:09.189 INFO: Epoch 25: loss=0.0001926, MAE_E_per_atom=32.9 meV, MAE_F=53.7 meV / A, MAE_stress_per_atom=0.163 meV / A^3
2024-06-16 11:17:23.968 INFO: Epoch 26: loss=0.0002104, MAE_E_per_atom=37.4 meV, MAE_F=58.2 meV / A, MAE_stress_per_atom=0.177 meV / A^3
2024-06-16 12:30:32.383 INFO: Epoch 27: loss=0.0001918, MAE_E_per_atom=32.9 meV, MAE_F=53.6 meV / A, MAE_stress_per_atom=0.163 meV / A^3
2024-06-16 13:43:21.016 INFO: Epoch 28: loss=0.0001900, MAE_E_per_atom=32.4 meV, MAE_F=53.1 meV / A, MAE_stress_per_atom=0.162 meV / A^3
2024-06-16 14:56:23.645 INFO: Epoch 29: loss=0.0001884, MAE_E_per_atom=32.0 meV, MAE_F=52.7 meV / A, MAE_stress_per_atom=0.161 meV / A^3
2024-06-16 16:09:24.398 INFO: Epoch 30: loss=0.0001876, MAE_E_per_atom=31.7 meV, MAE_F=52.4 meV / A, MAE_stress_per_atom=0.161 meV / A^3
2024-06-16 17:22:23.310 INFO: Epoch 31: loss=0.0001869, MAE_E_per_atom=31.7 meV, MAE_F=52.3 meV / A, MAE_stress_per_atom=0.160 meV / A^3
2024-06-16 18:35:16.233 INFO: Epoch 32: loss=0.0001862, MAE_E_per_atom=31.4 meV, MAE_F=52.1 meV / A, MAE_stress_per_atom=0.160 meV / A^3
2024-06-16 19:48:11.677 INFO: Epoch 33: loss=0.0001853, MAE_E_per_atom=31.2 meV, MAE_F=51.7 meV / A, MAE_stress_per_atom=0.160 meV / A^3
2024-06-16 21:01:12.524 INFO: Epoch 34: loss=0.0001857, MAE_E_per_atom=31.3 meV, MAE_F=51.7 meV / A, MAE_stress_per_atom=0.160 meV / A^3
2024-06-16 22:14:08.227 INFO: Epoch 35: loss=0.0001858, MAE_E_per_atom=31.6 meV, MAE_F=51.9 meV / A, MAE_stress_per_atom=0.161 meV / A^3
2024-06-16 23:27:03.406 INFO: Epoch 36: loss=0.0001828, MAE_E_per_atom=30.8 meV, MAE_F=51.4 meV / A, MAE_stress_per_atom=0.158 meV / A^3
2024-06-17 00:40:11.304 INFO: Epoch 37: loss=0.0001821, MAE_E_per_atom=30.4 meV, MAE_F=51.0 meV / A, MAE_stress_per_atom=0.158 meV / A^3
2024-06-17 01:53:20.132 INFO: Epoch 38: loss=0.0001820, MAE_E_per_atom=30.2 meV, MAE_F=51.0 meV / A, MAE_stress_per_atom=0.157 meV / A^3
2024-06-17 03:06:21.693 INFO: Epoch 39: loss=0.0001811, MAE_E_per_atom=30.2 meV, MAE_F=50.8 meV / A, MAE_stress_per_atom=0.157 meV / A^3
2024-06-17 04:19:27.268 INFO: Epoch 40: loss=0.0001808, MAE_E_per_atom=30.2 meV, MAE_F=50.7 meV / A, MAE_stress_per_atom=0.158 meV / A^3
2024-06-17 05:36:03.121 INFO: Epoch 41: loss=0.0001814, MAE_E_per_atom=30.2 meV, MAE_F=50.8 meV / A, MAE_stress_per_atom=0.160 meV / A^3
2024-06-17 06:49:00.893 INFO: Epoch 42: loss=0.0001804, MAE_E_per_atom=30.1 meV, MAE_F=50.5 meV / A, MAE_stress_per_atom=0.157 meV / A^3
2024-06-17 08:02:04.278 INFO: Epoch 43: loss=0.0001795, MAE_E_per_atom=29.7 meV, MAE_F=50.4 meV / A, MAE_stress_per_atom=0.156 meV / A^3
2024-06-17 09:15:13.003 INFO: Epoch 44: loss=0.0001793, MAE_E_per_atom=29.7 meV, MAE_F=50.3 meV / A, MAE_stress_per_atom=0.156 meV / A^3
2024-06-17 10:28:14.668 INFO: Epoch 45: loss=0.0001788, MAE_E_per_atom=29.8 meV, MAE_F=50.3 meV / A, MAE_stress_per_atom=0.156 meV / A^3
2024-06-17 11:41:05.627 INFO: Epoch 46: loss=0.0001780, MAE_E_per_atom=29.6 meV, MAE_F=50.0 meV / A, MAE_stress_per_atom=0.156 meV / A^3
2024-06-17 12:53:56.921 INFO: Epoch 47: loss=0.0001771, MAE_E_per_atom=29.5 meV, MAE_F=49.8 meV / A, MAE_stress_per_atom=0.156 meV / A^3
2024-06-17 14:06:55.575 INFO: Epoch 48: loss=0.0001860, MAE_E_per_atom=31.2 meV, MAE_F=51.9 meV / A, MAE_stress_per_atom=0.162 meV / A^3
2024-06-17 15:19:43.218 INFO: Epoch 49: loss=0.0001954, MAE_E_per_atom=31.4 meV, MAE_F=52.8 meV / A, MAE_stress_per_atom=0.178 meV / A^3
2024-06-17 16:32:39.703 INFO: Epoch 50: loss=0.0001836, MAE_E_per_atom=30.6 meV, MAE_F=51.4 meV / A, MAE_stress_per_atom=0.160 meV / A^3
2024-06-17 17:46:08.511 INFO: Epoch 51: loss=0.0001791, MAE_E_per_atom=29.7 meV, MAE_F=50.2 meV / A, MAE_stress_per_atom=0.157 meV / A^3
2024-06-17 18:59:04.975 INFO: Epoch 52: loss=0.0001790, MAE_E_per_atom=29.7 meV, MAE_F=50.2 meV / A, MAE_stress_per_atom=0.157 meV / A^3
2024-06-17 20:11:52.387 INFO: Epoch 53: loss=0.0001782, MAE_E_per_atom=29.2 meV, MAE_F=49.9 meV / A, MAE_stress_per_atom=0.156 meV / A^3
2024-06-17 21:24:55.131 INFO: Epoch 54: loss=0.0001740, MAE_E_per_atom=28.6 meV, MAE_F=48.9 meV / A, MAE_stress_per_atom=0.154 meV / A^3
2024-06-17 22:38:02.602 INFO: Epoch 55: loss=0.0001735, MAE_E_per_atom=28.3 meV, MAE_F=48.8 meV / A, MAE_stress_per_atom=0.153 meV / A^3
2024-06-17 23:50:59.743 INFO: Epoch 56: loss=0.0001727, MAE_E_per_atom=28.2 meV, MAE_F=48.6 meV / A, MAE_stress_per_atom=0.153 meV / A^3
2024-06-18 01:03:53.379 INFO: Epoch 57: loss=0.0001744, MAE_E_per_atom=28.1 meV, MAE_F=48.9 meV / A, MAE_stress_per_atom=0.153 meV / A^3
2024-06-18 02:16:47.387 INFO: Epoch 58: loss=0.0001737, MAE_E_per_atom=28.0 meV, MAE_F=48.7 meV / A, MAE_stress_per_atom=0.153 meV / A^3
2024-06-18 03:29:37.200 INFO: Epoch 59: loss=0.0001725, MAE_E_per_atom=27.9 meV, MAE_F=48.5 meV / A, MAE_stress_per_atom=0.152 meV / A^3
2024-06-18 04:42:37.201 INFO: Epoch 60: loss=0.0001728, MAE_E_per_atom=27.9 meV, MAE_F=48.5 meV / A, MAE_stress_per_atom=0.153 meV / A^3
2024-06-18 05:55:31.027 INFO: Epoch 61: loss=0.0001734, MAE_E_per_atom=27.8 meV, MAE_F=48.6 meV / A, MAE_stress_per_atom=0.152 meV / A^3
2024-06-18 07:08:26.931 INFO: Epoch 62: loss=0.0001737, MAE_E_per_atom=27.6 meV, MAE_F=48.6 meV / A, MAE_stress_per_atom=0.152 meV / A^3
2024-06-18 08:21:26.232 INFO: Epoch 63: loss=0.0001716, MAE_E_per_atom=27.7 meV, MAE_F=48.2 meV / A, MAE_stress_per_atom=0.151 meV / A^3
2024-06-18 09:34:37.255 INFO: Epoch 64: loss=0.0001717, MAE_E_per_atom=27.6 meV, MAE_F=48.2 meV / A, MAE_stress_per_atom=0.152 meV / A^3
2024-06-18 10:47:37.030 INFO: Epoch 65: loss=0.0001715, MAE_E_per_atom=27.6 meV, MAE_F=48.2 meV / A, MAE_stress_per_atom=0.151 meV / A^3
2024-06-18 12:00:34.683 INFO: Epoch 66: loss=0.0001707, MAE_E_per_atom=27.4 meV, MAE_F=48.0 meV / A, MAE_stress_per_atom=0.151 meV / A^3
2024-06-18 13:13:25.717 INFO: Epoch 67: loss=0.0001704, MAE_E_per_atom=27.3 meV, MAE_F=47.9 meV / A, MAE_stress_per_atom=0.151 meV / A^3
2024-06-18 14:26:19.801 INFO: Epoch 68: loss=0.0001707, MAE_E_per_atom=27.4 meV, MAE_F=48.0 meV / A, MAE_stress_per_atom=0.151 meV / A^3
2024-06-18 15:39:09.426 INFO: Epoch 69: loss=0.0001685, MAE_E_per_atom=27.4 meV, MAE_F=47.5 meV / A, MAE_stress_per_atom=0.151 meV / A^3
2024-06-18 16:52:02.641 INFO: Epoch 70: loss=0.0001697, MAE_E_per_atom=27.2 meV, MAE_F=47.7 meV / A, MAE_stress_per_atom=0.151 meV / A^3
2024-06-18 18:05:02.009 INFO: Epoch 71: loss=0.0001706, MAE_E_per_atom=27.2 meV, MAE_F=47.9 meV / A, MAE_stress_per_atom=0.151 meV / A^3
2024-06-18 19:17:56.902 INFO: Epoch 72: loss=0.0001696, MAE_E_per_atom=27.2 meV, MAE_F=47.6 meV / A, MAE_stress_per_atom=0.151 meV / A^3
2024-06-18 20:30:46.867 INFO: Epoch 73: loss=0.0001714, MAE_E_per_atom=27.1 meV, MAE_F=48.0 meV / A, MAE_stress_per_atom=0.151 meV / A^3
2024-06-18 21:43:41.238 INFO: Epoch 74: loss=0.0001701, MAE_E_per_atom=27.1 meV, MAE_F=47.7 meV / A, MAE_stress_per_atom=0.150 meV / A^3
2024-06-18 22:56:32.899 INFO: Epoch 75: loss=0.0001700, MAE_E_per_atom=27.0 meV, MAE_F=47.6 meV / A, MAE_stress_per_atom=0.151 meV / A^3
2024-06-19 00:09:38.801 INFO: Epoch 76: loss=0.0001675, MAE_E_per_atom=26.6 meV, MAE_F=47.0 meV / A, MAE_stress_per_atom=0.150 meV / A^3
2024-06-19 01:22:39.640 INFO: Epoch 77: loss=0.0001674, MAE_E_per_atom=26.5 meV, MAE_F=47.0 meV / A, MAE_stress_per_atom=0.150 meV / A^3
2024-06-19 02:35:33.974 INFO: Epoch 78: loss=0.0001685, MAE_E_per_atom=26.6 meV, MAE_F=47.2 meV / A, MAE_stress_per_atom=0.150 meV / A^3
2024-06-19 03:48:36.448 INFO: Epoch 79: loss=0.0001669, MAE_E_per_atom=26.4 meV, MAE_F=46.9 meV / A, MAE_stress_per_atom=0.149 meV / A^3
2024-06-19 05:01:25.863 INFO: Epoch 80: loss=0.0001652, MAE_E_per_atom=26.4 meV, MAE_F=46.5 meV / A, MAE_stress_per_atom=0.149 meV / A^3
2024-06-19 06:14:19.126 INFO: Epoch 81: loss=0.0001668, MAE_E_per_atom=26.2 meV, MAE_F=46.8 meV / A, MAE_stress_per_atom=0.149 meV / A^3
2024-06-19 07:27:18.221 INFO: Epoch 82: loss=0.0001668, MAE_E_per_atom=26.3 meV, MAE_F=46.8 meV / A, MAE_stress_per_atom=0.149 meV / A^3
2024-06-19 08:40:10.740 INFO: Epoch 83: loss=0.0001666, MAE_E_per_atom=26.2 meV, MAE_F=46.7 meV / A, MAE_stress_per_atom=0.149 meV / A^3
2024-06-19 09:53:13.202 INFO: Epoch 84: loss=0.0001673, MAE_E_per_atom=26.3 meV, MAE_F=46.8 meV / A, MAE_stress_per_atom=0.150 meV / A^3
2024-06-19 11:06:02.283 INFO: Epoch 85: loss=0.0001649, MAE_E_per_atom=26.1 meV, MAE_F=46.3 meV / A, MAE_stress_per_atom=0.149 meV / A^3
2024-06-19 12:18:52.183 INFO: Epoch 86: loss=0.0001662, MAE_E_per_atom=26.1 meV, MAE_F=46.6 meV / A, MAE_stress_per_atom=0.149 meV / A^3
2024-06-19 13:31:55.819 INFO: Epoch 87: loss=0.0001656, MAE_E_per_atom=26.1 meV, MAE_F=46.5 meV / A, MAE_stress_per_atom=0.149 meV / A^3
2024-06-19 14:44:55.457 INFO: Epoch 88: loss=0.0001678, MAE_E_per_atom=26.1 meV, MAE_F=46.8 meV / A, MAE_stress_per_atom=0.149 meV / A^3
2024-06-19 15:58:01.800 INFO: Epoch 89: loss=0.0001653, MAE_E_per_atom=26.0 meV, MAE_F=46.4 meV / A, MAE_stress_per_atom=0.149 meV / A^3
2024-06-23 14:48:49.250 INFO: Epoch 90: loss=0.0001633, MAE_E_per_atom=25.9 meV, MAE_F=45.9 meV / A, MAE_stress_per_atom=0.148 meV / A^3
2024-06-23 16:06:36.786 INFO: Epoch 91: loss=0.0001637, MAE_E_per_atom=25.9 meV, MAE_F=46.0 meV / A, MAE_stress_per_atom=0.149 meV / A^3
2024-06-23 17:20:55.602 INFO: Epoch 92: loss=0.0001650, MAE_E_per_atom=25.9 meV, MAE_F=46.3 meV / A, MAE_stress_per_atom=0.148 meV / A^3
2024-06-23 18:34:19.092 INFO: Epoch 93: loss=0.0001656, MAE_E_per_atom=25.9 meV, MAE_F=46.4 meV / A, MAE_stress_per_atom=0.149 meV / A^3
2024-06-23 19:47:38.110 INFO: Epoch 94: loss=0.0001664, MAE_E_per_atom=25.8 meV, MAE_F=46.5 meV / A, MAE_stress_per_atom=0.149 meV / A^3
2024-06-23 21:00:51.717 INFO: Epoch 95: loss=0.0001652, MAE_E_per_atom=25.7 meV, MAE_F=46.3 meV / A, MAE_stress_per_atom=0.149 meV / A^3
2024-06-23 22:14:17.766 INFO: Epoch 96: loss=0.0001659, MAE_E_per_atom=25.8 meV, MAE_F=46.4 meV / A, MAE_stress_per_atom=0.149 meV / A^3
2024-06-23 23:27:29.949 INFO: Epoch 97: loss=0.0001649, MAE_E_per_atom=25.5 meV, MAE_F=46.0 meV / A, MAE_stress_per_atom=0.148 meV / A^3
2024-06-24 00:40:55.023 INFO: Epoch 98: loss=0.0001617, MAE_E_per_atom=25.3 meV, MAE_F=45.4 meV / A, MAE_stress_per_atom=0.147 meV / A^3
2024-06-24 01:54:06.180 INFO: Epoch 99: loss=0.0001639, MAE_E_per_atom=25.4 meV, MAE_F=45.8 meV / A, MAE_stress_per_atom=0.148 meV / A^3
2024-06-24 03:07:29.514 INFO: Epoch 100: loss=0.0001648, MAE_E_per_atom=25.3 meV, MAE_F=46.0 meV / A, MAE_stress_per_atom=0.148 meV / A^3
2024-06-24 04:20:48.841 INFO: Epoch 101: loss=0.0001628, MAE_E_per_atom=25.3 meV, MAE_F=45.7 meV / A, MAE_stress_per_atom=0.148 meV / A^3
2024-06-24 05:34:13.700 INFO: Epoch 102: loss=0.0001623, MAE_E_per_atom=25.2 meV, MAE_F=45.5 meV / A, MAE_stress_per_atom=0.147 meV / A^3
2024-06-24 06:47:27.611 INFO: Epoch 103: loss=0.0001634, MAE_E_per_atom=25.2 meV, MAE_F=45.7 meV / A, MAE_stress_per_atom=0.148 meV / A^3
2024-06-24 08:00:39.961 INFO: Epoch 104: loss=0.0001613, MAE_E_per_atom=25.2 meV, MAE_F=45.3 meV / A, MAE_stress_per_atom=0.147 meV / A^3
2024-06-24 09:14:07.042 INFO: Epoch 105: loss=0.0001624, MAE_E_per_atom=25.1 meV, MAE_F=45.5 meV / A, MAE_stress_per_atom=0.147 meV / A^3
2024-06-24 10:27:31.009 INFO: Epoch 106: loss=0.0001618, MAE_E_per_atom=25.4 meV, MAE_F=45.5 meV / A, MAE_stress_per_atom=0.147 meV / A^3
2024-06-24 11:40:47.792 INFO: Epoch 107: loss=0.0001600, MAE_E_per_atom=25.1 meV, MAE_F=45.1 meV / A, MAE_stress_per_atom=0.146 meV / A^3
2024-06-24 12:54:02.900 INFO: Epoch 108: loss=0.0001595, MAE_E_per_atom=25.0 meV, MAE_F=44.9 meV / A, MAE_stress_per_atom=0.146 meV / A^3
2024-06-24 14:07:15.861 INFO: Epoch 109: loss=0.0001597, MAE_E_per_atom=25.0 meV, MAE_F=44.9 meV / A, MAE_stress_per_atom=0.146 meV / A^3
2024-06-24 15:20:36.354 INFO: Epoch 110: loss=0.0001596, MAE_E_per_atom=24.9 meV, MAE_F=45.0 meV / A, MAE_stress_per_atom=0.146 meV / A^3
2024-06-24 16:33:54.003 INFO: Epoch 111: loss=0.0001591, MAE_E_per_atom=24.9 meV, MAE_F=44.8 meV / A, MAE_stress_per_atom=0.146 meV / A^3
2024-06-24 17:47:11.789 INFO: Epoch 112: loss=0.0001590, MAE_E_per_atom=24.8 meV, MAE_F=44.8 meV / A, MAE_stress_per_atom=0.146 meV / A^3
2024-06-24 19:00:32.881 INFO: Epoch 113: loss=0.0001585, MAE_E_per_atom=24.8 meV, MAE_F=44.7 meV / A, MAE_stress_per_atom=0.146 meV / A^3
2024-06-24 20:13:47.101 INFO: Epoch 114: loss=0.0001587, MAE_E_per_atom=24.8 meV, MAE_F=44.7 meV / A, MAE_stress_per_atom=0.146 meV / A^3
2024-06-24 21:27:03.514 INFO: Epoch 115: loss=0.0001586, MAE_E_per_atom=24.8 meV, MAE_F=44.7 meV / A, MAE_stress_per_atom=0.145 meV / A^3
2024-06-24 22:40:16.581 INFO: Epoch 116: loss=0.0001583, MAE_E_per_atom=24.7 meV, MAE_F=44.6 meV / A, MAE_stress_per_atom=0.146 meV / A^3
2024-06-24 23:53:29.671 INFO: Epoch 117: loss=0.0001585, MAE_E_per_atom=24.7 meV, MAE_F=44.6 meV / A, MAE_stress_per_atom=0.146 meV / A^3
2024-06-25 01:06:38.563 INFO: Epoch 118: loss=0.0001587, MAE_E_per_atom=24.7 meV, MAE_F=44.7 meV / A, MAE_stress_per_atom=0.145 meV / A^3
2024-06-25 02:19:43.644 INFO: Epoch 119: loss=0.0001578, MAE_E_per_atom=24.7 meV, MAE_F=44.5 meV / A, MAE_stress_per_atom=0.146 meV / A^3
2024-06-25 03:32:59.422 INFO: Epoch 120: loss=0.0001579, MAE_E_per_atom=24.6 meV, MAE_F=44.5 meV / A, MAE_stress_per_atom=0.146 meV / A^3
2024-06-25 04:46:09.492 INFO: Epoch 121: loss=0.0001580, MAE_E_per_atom=24.7 meV, MAE_F=44.5 meV / A, MAE_stress_per_atom=0.146 meV / A^3
2024-06-25 05:59:24.663 INFO: Epoch 122: loss=0.0001585, MAE_E_per_atom=24.6 meV, MAE_F=44.6 meV / A, MAE_stress_per_atom=0.146 meV / A^3
2024-06-25 07:12:34.689 INFO: Epoch 123: loss=0.0001576, MAE_E_per_atom=24.6 meV, MAE_F=44.4 meV / A, MAE_stress_per_atom=0.146 meV / A^3
2024-06-25 08:25:40.805 INFO: Epoch 124: loss=0.0001581, MAE_E_per_atom=24.5 meV, MAE_F=44.5 meV / A, MAE_stress_per_atom=0.145 meV / A^3
2024-06-25 09:38:46.124 INFO: Epoch 125: loss=0.0001573, MAE_E_per_atom=24.5 meV, MAE_F=44.3 meV / A, MAE_stress_per_atom=0.146 meV / A^3
2024-06-25 10:51:58.676 INFO: Epoch 126: loss=0.0001583, MAE_E_per_atom=24.5 meV, MAE_F=44.5 meV / A, MAE_stress_per_atom=0.146 meV / A^3
2024-06-25 12:05:12.440 INFO: Epoch 127: loss=0.0001581, MAE_E_per_atom=24.6 meV, MAE_F=44.4 meV / A, MAE_stress_per_atom=0.146 meV / A^3
2024-06-25 13:18:05.405 INFO: Epoch 128: loss=0.0001572, MAE_E_per_atom=24.5 meV, MAE_F=44.3 meV / A, MAE_stress_per_atom=0.145 meV / A^3
2024-06-25 14:31:05.854 INFO: Epoch 129: loss=0.0001573, MAE_E_per_atom=24.4 meV, MAE_F=44.3 meV / A, MAE_stress_per_atom=0.145 meV / A^3
2024-06-25 15:44:12.248 INFO: Epoch 130: loss=0.0001574, MAE_E_per_atom=24.5 meV, MAE_F=44.3 meV / A, MAE_stress_per_atom=0.145 meV / A^3
2024-06-25 16:57:25.323 INFO: Epoch 131: loss=0.0001569, MAE_E_per_atom=24.5 meV, MAE_F=44.2 meV / A, MAE_stress_per_atom=0.145 meV / A^3
2024-06-25 18:10:33.032 INFO: Epoch 132: loss=0.0001569, MAE_E_per_atom=24.3 meV, MAE_F=44.2 meV / A, MAE_stress_per_atom=0.146 meV / A^3
2024-06-25 19:23:48.563 INFO: Epoch 133: loss=0.0001578, MAE_E_per_atom=24.4 meV, MAE_F=44.4 meV / A, MAE_stress_per_atom=0.146 meV / A^3
2024-06-25 20:37:00.358 INFO: Epoch 134: loss=0.0001564, MAE_E_per_atom=24.4 meV, MAE_F=44.1 meV / A, MAE_stress_per_atom=0.145 meV / A^3
2024-06-25 21:50:32.100 INFO: Epoch 135: loss=0.0001567, MAE_E_per_atom=24.4 meV, MAE_F=44.2 meV / A, MAE_stress_per_atom=0.145 meV / A^3
2024-06-25 23:03:43.523 INFO: Epoch 136: loss=0.0001570, MAE_E_per_atom=24.4 meV, MAE_F=44.2 meV / A, MAE_stress_per_atom=0.145 meV / A^3
2024-06-26 00:16:57.557 INFO: Epoch 137: loss=0.0001569, MAE_E_per_atom=24.3 meV, MAE_F=44.2 meV / A, MAE_stress_per_atom=0.145 meV / A^3
2024-06-26 01:29:56.169 INFO: Epoch 138: loss=0.0001577, MAE_E_per_atom=24.3 meV, MAE_F=44.3 meV / A, MAE_stress_per_atom=0.145 meV / A^3
2024-06-26 02:43:12.260 INFO: Epoch 139: loss=0.0001575, MAE_E_per_atom=24.3 meV, MAE_F=44.3 meV / A, MAE_stress_per_atom=0.146 meV / A^3
2024-06-26 03:56:18.342 INFO: Epoch 140: loss=0.0001562, MAE_E_per_atom=24.3 meV, MAE_F=44.0 meV / A, MAE_stress_per_atom=0.145 meV / A^3
2024-06-26 05:09:26.116 INFO: Epoch 141: loss=0.0001574, MAE_E_per_atom=24.3 meV, MAE_F=44.3 meV / A, MAE_stress_per_atom=0.145 meV / A^3
2024-06-26 06:22:30.559 INFO: Epoch 142: loss=0.0001561, MAE_E_per_atom=24.2 meV, MAE_F=44.0 meV / A, MAE_stress_per_atom=0.145 meV / A^3
2024-06-26 07:35:50.946 INFO: Epoch 143: loss=0.0001572, MAE_E_per_atom=24.3 meV, MAE_F=44.3 meV / A, MAE_stress_per_atom=0.145 meV / A^3
2024-06-26 08:48:55.365 INFO: Epoch 144: loss=0.0001562, MAE_E_per_atom=24.2 meV, MAE_F=44.0 meV / A, MAE_stress_per_atom=0.145 meV / A^3
2024-06-26 10:02:29.264 INFO: Epoch 145: loss=0.0001562, MAE_E_per_atom=24.2 meV, MAE_F=44.0 meV / A, MAE_stress_per_atom=0.145 meV / A^3
2024-06-26 11:15:40.515 INFO: Epoch 146: loss=0.0001564, MAE_E_per_atom=24.2 meV, MAE_F=44.0 meV / A, MAE_stress_per_atom=0.145 meV / A^3
2024-06-26 12:28:39.930 INFO: Epoch 147: loss=0.0001558, MAE_E_per_atom=24.2 meV, MAE_F=43.9 meV / A, MAE_stress_per_atom=0.145 meV / A^3
2024-06-26 13:41:45.431 INFO: Epoch 148: loss=0.0001559, MAE_E_per_atom=24.1 meV, MAE_F=44.0 meV / A, MAE_stress_per_atom=0.144 meV / A^3
2024-06-26 14:54:51.004 INFO: Epoch 149: loss=0.0001562, MAE_E_per_atom=24.1 meV, MAE_F=44.0 meV / A, MAE_stress_per_atom=0.145 meV / A^3
2024-06-26 16:07:47.823 INFO: Epoch 150: loss=0.0001559, MAE_E_per_atom=24.1 meV, MAE_F=43.9 meV / A, MAE_stress_per_atom=0.145 meV / A^3
2024-06-26 17:20:48.983 INFO: Epoch 151: loss=0.0001562, MAE_E_per_atom=24.0 meV, MAE_F=44.0 meV / A, MAE_stress_per_atom=0.145 meV / A^3
2024-06-26 18:33:56.321 INFO: Epoch 152: loss=0.0001564, MAE_E_per_atom=24.1 meV, MAE_F=44.0 meV / A, MAE_stress_per_atom=0.145 meV / A^3
2024-06-26 19:47:05.182 INFO: Epoch 153: loss=0.0001553, MAE_E_per_atom=24.0 meV, MAE_F=43.8 meV / A, MAE_stress_per_atom=0.145 meV / A^3
2024-06-26 21:00:05.637 INFO: Epoch 154: loss=0.0001578, MAE_E_per_atom=24.0 meV, MAE_F=44.2 meV / A, MAE_stress_per_atom=0.146 meV / A^3
2024-06-26 22:13:11.741 INFO: Epoch 155: loss=0.0001562, MAE_E_per_atom=24.1 meV, MAE_F=44.0 meV / A, MAE_stress_per_atom=0.145 meV / A^3
2024-06-26 23:26:04.324 INFO: Epoch 156: loss=0.0001593, MAE_E_per_atom=24.0 meV, MAE_F=44.3 meV / A, MAE_stress_per_atom=0.149 meV / A^3
2024-06-27 00:39:07.281 INFO: Epoch 157: loss=0.0001601, MAE_E_per_atom=24.3 meV, MAE_F=44.7 meV / A, MAE_stress_per_atom=0.148 meV / A^3
2024-06-27 01:52:19.531 INFO: Epoch 158: loss=0.0001580, MAE_E_per_atom=24.0 meV, MAE_F=44.4 meV / A, MAE_stress_per_atom=0.145 meV / A^3
2024-06-27 03:05:29.202 INFO: Epoch 159: loss=0.0001555, MAE_E_per_atom=24.0 meV, MAE_F=43.9 meV / A, MAE_stress_per_atom=0.144 meV / A^3
2024-06-27 04:18:52.802 INFO: Epoch 160: loss=0.0001536, MAE_E_per_atom=23.7 meV, MAE_F=43.4 meV / A, MAE_stress_per_atom=0.143 meV / A^3
2024-06-27 05:32:10.535 INFO: Epoch 161: loss=0.0001547, MAE_E_per_atom=23.7 meV, MAE_F=43.5 meV / A, MAE_stress_per_atom=0.143 meV / A^3
2024-06-27 06:45:27.685 INFO: Epoch 162: loss=0.0001534, MAE_E_per_atom=23.7 meV, MAE_F=43.3 meV / A, MAE_stress_per_atom=0.143 meV / A^3
2024-06-27 07:58:37.071 INFO: Epoch 163: loss=0.0001539, MAE_E_per_atom=23.6 meV, MAE_F=43.4 meV / A, MAE_stress_per_atom=0.143 meV / A^3
2024-06-27 09:11:34.927 INFO: Epoch 164: loss=0.0001547, MAE_E_per_atom=23.6 meV, MAE_F=43.6 meV / A, MAE_stress_per_atom=0.143 meV / A^3
2024-06-27 10:24:43.567 INFO: Epoch 165: loss=0.0001544, MAE_E_per_atom=23.5 meV, MAE_F=43.5 meV / A, MAE_stress_per_atom=0.143 meV / A^3
2024-06-27 11:37:43.380 INFO: Epoch 166: loss=0.0001540, MAE_E_per_atom=23.5 meV, MAE_F=43.4 meV / A, MAE_stress_per_atom=0.143 meV / A^3
2024-06-27 12:50:40.776 INFO: Epoch 167: loss=0.0001548, MAE_E_per_atom=23.5 meV, MAE_F=43.5 meV / A, MAE_stress_per_atom=0.144 meV / A^3
2024-06-27 14:03:54.278 INFO: Epoch 168: loss=0.0001540, MAE_E_per_atom=23.5 meV, MAE_F=43.4 meV / A, MAE_stress_per_atom=0.144 meV / A^3
2024-06-27 15:17:05.685 INFO: Epoch 169: loss=0.0001519, MAE_E_per_atom=23.2 meV, MAE_F=42.9 meV / A, MAE_stress_per_atom=0.142 meV / A^3
2024-06-27 16:30:42.416 INFO: Epoch 170: loss=0.0001521, MAE_E_per_atom=23.2 meV, MAE_F=42.9 meV / A, MAE_stress_per_atom=0.143 meV / A^3
2024-06-27 17:43:48.429 INFO: Epoch 171: loss=0.0001523, MAE_E_per_atom=23.2 meV, MAE_F=42.9 meV / A, MAE_stress_per_atom=0.143 meV / A^3
2024-06-27 18:56:56.455 INFO: Epoch 172: loss=0.0001518, MAE_E_per_atom=23.2 meV, MAE_F=42.8 meV / A, MAE_stress_per_atom=0.143 meV / A^3
2024-06-27 20:10:00.443 INFO: Epoch 173: loss=0.0001524, MAE_E_per_atom=23.2 meV, MAE_F=42.9 meV / A, MAE_stress_per_atom=0.143 meV / A^3
2024-06-27 21:23:08.401 INFO: Epoch 174: loss=0.0001517, MAE_E_per_atom=23.2 meV, MAE_F=42.9 meV / A, MAE_stress_per_atom=0.143 meV / A^3
2024-06-27 22:36:13.404 INFO: Epoch 175: loss=0.0001515, MAE_E_per_atom=23.1 meV, MAE_F=42.7 meV / A, MAE_stress_per_atom=0.142 meV / A^3
2024-06-27 23:49:24.393 INFO: Epoch 176: loss=0.0001519, MAE_E_per_atom=23.1 meV, MAE_F=42.8 meV / A, MAE_stress_per_atom=0.143 meV / A^3
2024-06-28 01:02:27.663 INFO: Epoch 177: loss=0.0001514, MAE_E_per_atom=23.1 meV, MAE_F=42.8 meV / A, MAE_stress_per_atom=0.142 meV / A^3
2024-06-28 02:15:35.946 INFO: Epoch 178: loss=0.0001519, MAE_E_per_atom=23.1 meV, MAE_F=42.9 meV / A, MAE_stress_per_atom=0.143 meV / A^3
2024-06-28 03:28:53.235 INFO: Epoch 179: loss=0.0001517, MAE_E_per_atom=23.1 meV, MAE_F=42.7 meV / A, MAE_stress_per_atom=0.143 meV / A^3
2024-06-28 04:42:01.105 INFO: Epoch 180: loss=0.0001523, MAE_E_per_atom=23.0 meV, MAE_F=42.9 meV / A, MAE_stress_per_atom=0.143 meV / A^3
2024-06-28 05:55:22.587 INFO: Epoch 181: loss=0.0001514, MAE_E_per_atom=23.0 meV, MAE_F=42.7 meV / A, MAE_stress_per_atom=0.143 meV / A^3
2024-06-28 07:08:29.576 INFO: Epoch 182: loss=0.0001516, MAE_E_per_atom=23.0 meV, MAE_F=42.8 meV / A, MAE_stress_per_atom=0.143 meV / A^3
2024-06-28 08:21:36.444 INFO: Epoch 183: loss=0.0001519, MAE_E_per_atom=23.0 meV, MAE_F=42.7 meV / A, MAE_stress_per_atom=0.144 meV / A^3
2024-06-28 09:34:45.194 INFO: Epoch 184: loss=0.0001512, MAE_E_per_atom=23.0 meV, MAE_F=42.7 meV / A, MAE_stress_per_atom=0.143 meV / A^3
2024-06-28 10:47:39.296 INFO: Epoch 185: loss=0.0001520, MAE_E_per_atom=23.0 meV, MAE_F=42.8 meV / A, MAE_stress_per_atom=0.143 meV / A^3
2024-06-28 12:00:46.811 INFO: Epoch 186: loss=0.0001514, MAE_E_per_atom=23.0 meV, MAE_F=42.6 meV / A, MAE_stress_per_atom=0.143 meV / A^3
2024-06-28 13:14:04.282 INFO: Epoch 187: loss=0.0001511, MAE_E_per_atom=22.9 meV, MAE_F=42.6 meV / A, MAE_stress_per_atom=0.142 meV / A^3
2024-06-28 15:57:50.016 INFO: Epoch 188: loss=0.0001513, MAE_E_per_atom=23.0 meV, MAE_F=42.6 meV / A, MAE_stress_per_atom=0.142 meV / A^3
2024-06-28 17:10:58.682 INFO: Epoch 189: loss=0.0001507, MAE_E_per_atom=22.9 meV, MAE_F=42.5 meV / A, MAE_stress_per_atom=0.142 meV / A^3
2024-06-28 18:24:18.615 INFO: Epoch 190: loss=0.0001516, MAE_E_per_atom=22.9 meV, MAE_F=42.7 meV / A, MAE_stress_per_atom=0.143 meV / A^3
2024-06-28 19:37:19.492 INFO: Epoch 191: loss=0.0001515, MAE_E_per_atom=22.9 meV, MAE_F=42.6 meV / A, MAE_stress_per_atom=0.143 meV / A^3
2024-06-28 20:50:27.806 INFO: Epoch 192: loss=0.0001513, MAE_E_per_atom=22.9 meV, MAE_F=42.7 meV / A, MAE_stress_per_atom=0.143 meV / A^3
2024-06-28 22:03:27.513 INFO: Epoch 193: loss=0.0001513, MAE_E_per_atom=22.9 meV, MAE_F=42.6 meV / A, MAE_stress_per_atom=0.143 meV / A^3
2024-06-28 23:16:32.507 INFO: Epoch 194: loss=0.0001511, MAE_E_per_atom=22.9 meV, MAE_F=42.6 meV / A, MAE_stress_per_atom=0.142 meV / A^3
2024-06-29 00:29:16.967 INFO: Epoch 195: loss=0.0001510, MAE_E_per_atom=22.9 meV, MAE_F=42.6 meV / A, MAE_stress_per_atom=0.143 meV / A^3
2024-06-29 01:42:25.939 INFO: Epoch 196: loss=0.0001502, MAE_E_per_atom=22.7 meV, MAE_F=42.3 meV / A, MAE_stress_per_atom=0.142 meV / A^3
2024-06-29 02:55:31.144 INFO: Epoch 197: loss=0.0001498, MAE_E_per_atom=22.6 meV, MAE_F=42.2 meV / A, MAE_stress_per_atom=0.142 meV / A^3
2024-06-29 04:08:33.354 INFO: Epoch 198: loss=0.0001501, MAE_E_per_atom=22.6 meV, MAE_F=42.3 meV / A, MAE_stress_per_atom=0.142 meV / A^3
2024-06-29 05:21:31.143 INFO: Epoch 199: loss=0.0001500, MAE_E_per_atom=22.7 meV, MAE_F=42.3 meV / A, MAE_stress_per_atom=0.142 meV / A^3
2024-06-29 05:21:31.155 INFO: Training complete
2024-06-29 11:49:19.478 INFO: Computing metrics for training, validation, and test sets
2024-06-29 11:49:19.479 INFO: Loading checkpoint: checkpoints/L2_run-1_epoch-197.pt
2024-06-29 11:49:19.690 INFO: Loaded model from epoch 197
2024-06-29 11:49:19.691 INFO: Saving model to checkpoints/L2_run-1.model
2024-06-29 11:49:19.862 INFO: Compiling model, saving metadata to L2_compiled.model
2024-06-29 11:49:20.720 INFO: Done
