AtomGraphSequential(
  (edge_embedding): EdgeEmbedding(
    (basis_function): BesselBasis()
    (cutoff_function): XPLORCutoff()
    (spherical): SphericalEncoding(
      (sph): SphericalHarmonics()
    )
  )
  (onehot_idx_to_onehot): OnehotEmbedding()
  (onehot_to_feature_x): IrrepsLinear(
    (linear): Linear(89x0e -> 128x0e | 11392 weights | 3472 LoRA_weights)
  )
  (0_self_connection_intro): SelfConnectionLinearIntro(
    (linear): Linear(128x0e -> 224x0e+64x1e+32x2e | 28672 weights | 5632 LoRA_weights)
  )
  (0_self_interaction_1): IrrepsLinear(
    (linear): Linear(128x0e -> 128x0e | 16384 weights | 4096 LoRA_weights)
  )
  (0_convolution): IrrepsConvolution(
    (convolution): TensorProduct(128x0e x 1x0e+1x1e+1x2e -> 128x0e+128x1e+128x2e | 384 paths | 384 weights | 0 LoRA_weights)
    (weight_nn): FullyConnectedNet[8, 64, 64, 384]
  )
  (0_self_interaction_2): IrrepsLinear(
    (linear): Linear(128x0e+128x1e+128x2e -> 224x0e+64x1e+32x2e | 40960 weights | 11264 LoRA_weights)
  )
  (0_self_connection_outro): SelfConnectionOutro()
  (0_equivariant_gate): EquivariantGate(
    (gate): Gate (224x0e+64x1e+32x2e -> 128x0e+64x1e+32x2e)
  )
  (1_self_connection_intro): SelfConnectionLinearIntro(
    (linear): Linear(128x0e+64x1e+32x2e -> 224x0e+64x1e+32x2e | 33792 weights | 8704 LoRA_weights)
  )
  (1_self_interaction_1): IrrepsLinear(
    (linear): Linear(128x0e+64x1e+32x2e -> 128x0e+64x1e+32x2e | 21504 weights | 7168 LoRA_weights)
  )
  (1_convolution): IrrepsConvolution(
    (convolution): TensorProduct(128x0e+64x1e+32x2e x 1x0e+1x1e+1x2e -> 224x0e+384x1e+352x2e | 960 paths | 960 weights | 0 LoRA_weights)
    (weight_nn): FullyConnectedNet[8, 64, 64, 960]
  )
  (1_self_interaction_2): IrrepsLinear(
    (linear): Linear(224x0e+384x1e+352x2e -> 224x0e+64x1e+32x2e | 86016 weights | 20480 LoRA_weights)
  )
  (1_self_connection_outro): SelfConnectionOutro()
  (1_equivariant_gate): EquivariantGate(
    (gate): Gate (224x0e+64x1e+32x2e -> 128x0e+64x1e+32x2e)
  )
  (2_self_connection_intro): SelfConnectionLinearIntro(
    (linear): Linear(128x0e+64x1e+32x2e -> 224x0e+64x1e+32x2e | 33792 weights | 8704 LoRA_weights)
  )
  (2_self_interaction_1): IrrepsLinear(
    (linear): Linear(128x0e+64x1e+32x2e -> 128x0e+64x1e+32x2e | 21504 weights | 7168 LoRA_weights)
  )
  (2_convolution): IrrepsConvolution(
    (convolution): TensorProduct(128x0e+64x1e+32x2e x 1x0e+1x1e+1x2e -> 224x0e+384x1e+352x2e | 960 paths | 960 weights | 0 LoRA_weights)
    (weight_nn): FullyConnectedNet[8, 64, 64, 960]
  )
  (2_self_interaction_2): IrrepsLinear(
    (linear): Linear(224x0e+384x1e+352x2e -> 224x0e+64x1e+32x2e | 86016 weights | 20480 LoRA_weights)
  )
  (2_self_connection_outro): SelfConnectionOutro()
  (2_equivariant_gate): EquivariantGate(
    (gate): Gate (224x0e+64x1e+32x2e -> 128x0e+64x1e+32x2e)
  )
  (3_self_connection_intro): SelfConnectionLinearIntro(
    (linear): Linear(128x0e+64x1e+32x2e -> 224x0e+64x1e+32x2e | 33792 weights | 8704 LoRA_weights)
  )
  (3_self_interaction_1): IrrepsLinear(
    (linear): Linear(128x0e+64x1e+32x2e -> 128x0e+64x1e+32x2e | 21504 weights | 7168 LoRA_weights)
  )
  (3_convolution): IrrepsConvolution(
    (convolution): TensorProduct(128x0e+64x1e+32x2e x 1x0e+1x1e+1x2e -> 224x0e+384x1e+352x2e | 960 paths | 960 weights | 0 LoRA_weights)
    (weight_nn): FullyConnectedNet[8, 64, 64, 960]
  )
  (3_self_interaction_2): IrrepsLinear(
    (linear): Linear(224x0e+384x1e+352x2e -> 224x0e+64x1e+32x2e | 86016 weights | 20480 LoRA_weights)
  )
  (3_self_connection_outro): SelfConnectionOutro()
  (3_equivariant_gate): EquivariantGate(
    (gate): Gate (224x0e+64x1e+32x2e -> 128x0e+64x1e+32x2e)
  )
  (4_self_connection_intro): SelfConnectionLinearIntro(
    (linear): Linear(128x0e+64x1e+32x2e -> 128x0e | 16384 weights | 4096 LoRA_weights)
  )
  (4_self_interaction_1): IrrepsLinear(
    (linear): Linear(128x0e+64x1e+32x2e -> 128x0e+64x1e+32x2e | 21504 weights | 7168 LoRA_weights)
  )
  (4_convolution): IrrepsConvolution(
    (convolution): TensorProduct(128x0e+64x1e+32x2e x 1x0e+1x1e+1x2e -> 224x0e | 224 paths | 224 weights | 0 LoRA_weights)
    (weight_nn): FullyConnectedNet[8, 64, 64, 224]
  )
  (4_self_interaction_2): IrrepsLinear(
    (linear): Linear(224x0e -> 128x0e | 28672 weights | 5632 LoRA_weights)
  )
  (4_self_connection_outro): SelfConnectionOutro()
  (4_equivariant_gate): EquivariantGate(
    (gate): Gate (128x0e -> 128x0e)
  )
  (reduce_input_to_hidden): IrrepsLinear(
    (linear): Linear(128x0e -> 64x0e | 8192 weights | 3072 LoRA_weights)
  )
  (reduce_hidden_to_energy): IrrepsLinear(
    (linear): Linear(64x0e -> 1x0e | 64 weights | 1040 LoRA_weights)
  )
  (rescale_atomic_energy): SpeciesWiseRescale()
  (reduce_total_enegy): AtomReduce()
  (force_output): ForceStressOutputFromEdge()
)
# graphs for training: 6449
# graphs for validation: 276
[(Energy, 1.0), (Force, 1.0)]
Adam (
Parameter Group 0
    amsgrad: False
    betas: (0.9, 0.999)
    capturable: False
    differentiable: False
    eps: 1e-08
    foreach: None
    fused: None
    initial_lr: 0.004
    lr: 0.004
    maximize: False
    weight_decay: 0
)
<torch.optim.lr_scheduler.LinearLR object at 0x7fdbe5cd4490>
Energy_RMSE (eV/atom): nan
Force_RMSE (eV/Å): nan
Energy_MAE (eV/atom): nan
Force_MAE (eV/Å): nan
Energy_Loss: nan
Force_Loss: nan
TotalLoss: nan
SevenNet: Scalable EquVariance-Enabled Neural Network
version 0.10.2, Tue Mar 25 00:44:37 2025
this file: None
reading yaml config...
                ****
              ********                                   .
              *//////,  ..                               .            ,*.
               ,,***.         ..                        ,          ********.                                  ./,
             .      .                ..   /////.       .,       . */////////                               /////////.
        .&@&/        .                  .(((((((..     /           *//////*.  ...                         *((((((((((.
     @@@@@@@@@@*    @@@@@@@@@@  @@@@@    *((@@@@@     (     %@@@@@@@@@@  .@@@@@@     ..@@@@.   @@@@@@*    .(@@@@@(((*
    @@@@@.          @@@@         @@@@@ .   @@@@@      #     %@@@@         @@@@@@@@     @@@@(,  @@@@@@@@.    @@@@@(*.
    %@@@@@@@&       @@@@@@@@@@    @@@@@   @@@@@      #  ., .%@@@@@@@@@    @@@@@@@@@@   @@@@,   @@@@@@@@@@   @@@@@
    ,(%@@@@@@@@@    @@@@@@@@@@     @@@@@ @@@@&       (//////%@@@@@@@@@    @@@@  @@@@@@ @@@@  . @@@@@  @@@@@.@@@@@
        .   @@@@@   @@@@ .       .  @@@@@@@@%   . . ( .////,%@@@@         @@@@    @@@@@@@@@    @@@@@    @@@@@@@@@
    (@@@@@@@@@@@    @@@@@@@@@@**.    @@@@@@*       *.      .%@@@@@@@@@@   @@@@    . @@@@@@@    @@@@@     .@@@@@@@
     @@@@@@@@@.     @@@@@@@@@@///,    @@@@.      . /        %@@@@@@@@@@   @@@@***,    @@@@@    @@@@@        @@@@@
           .           //////////*.               /           .            .*******...             . ,.
          .&&&&&...     ,//////*.       ...////.  /            ,*/.     .   ,////,               .,/////
          &@@@@@@                         ,(/((, *           ,((((((.                              .***.
           ,/@(,                            ..   *            ,((((*
                                                ,
                                               .
Epoch 1/50  Learning rate: 0.004000
------------------------------------------------------------------------------------------------------------------------
       Energy_RMSE (eV/atom)   Force_RMSE (eV/Å)   Energy_MAE (eV/atom)   Force_MAE (eV/Å)   Energy_Loss   Force_Loss   TotalLoss  
-----------------------------------------------------------------------------------------------------------------------------------
Train               0.073188            0.175499               0.039050           0.064037      0.000344     0.000592    0.000937
Valid               0.051557            0.125154               0.032871           0.049687      0.000278     0.000452    0.000730
Epoch 1 elapsed: 0:03:33.09
Epoch 2/50  Learning rate: 0.003920
------------------------------------------------------------------------------------------------------------------------
       Energy_RMSE (eV/atom)   Force_RMSE (eV/Å)   Energy_MAE (eV/atom)   Force_MAE (eV/Å)   Energy_Loss   Force_Loss   TotalLoss  
-----------------------------------------------------------------------------------------------------------------------------------
Train               0.031006            0.118553               0.020392           0.047236      0.000160     0.000425    0.000585
Valid               0.021172            0.117496               0.013029           0.045618      0.000091     0.000410    0.000501
Epoch 2 elapsed: 0:03:29.22
Epoch 3/50  Learning rate: 0.003840
------------------------------------------------------------------------------------------------------------------------
       Energy_RMSE (eV/atom)   Force_RMSE (eV/Å)   Energy_MAE (eV/atom)   Force_MAE (eV/Å)   Energy_Loss   Force_Loss   TotalLoss  
-----------------------------------------------------------------------------------------------------------------------------------
Train               0.024349            0.109112               0.015930           0.043448      0.000118     0.000387    0.000505
Valid               0.029928            0.100559               0.023035           0.040293      0.000188     0.000344    0.000532
Epoch 3 elapsed: 0:03:28.80
Epoch 4/50  Learning rate: 0.003760
------------------------------------------------------------------------------------------------------------------------
       Energy_RMSE (eV/atom)   Force_RMSE (eV/Å)   Energy_MAE (eV/atom)   Force_MAE (eV/Å)   Energy_Loss   Force_Loss   TotalLoss  
-----------------------------------------------------------------------------------------------------------------------------------
Train               0.022157            0.102879               0.015080           0.041040      0.000109     0.000363    0.000472
Valid               0.015443            0.091978               0.012833           0.036782      0.000086     0.000317    0.000403
Epoch 4 elapsed: 0:03:27.34
Epoch 5/50  Learning rate: 0.003680
------------------------------------------------------------------------------------------------------------------------
       Energy_RMSE (eV/atom)   Force_RMSE (eV/Å)   Energy_MAE (eV/atom)   Force_MAE (eV/Å)   Energy_Loss   Force_Loss   TotalLoss  
-----------------------------------------------------------------------------------------------------------------------------------
Train               0.020684            0.100536               0.013792           0.040003      0.000097     0.000353    0.000450
Valid               0.018456            0.094049               0.013898           0.036851      0.000101     0.000322    0.000423
Epoch 5 elapsed: 0:03:29.53
Epoch 6/50  Learning rate: 0.003600
------------------------------------------------------------------------------------------------------------------------
       Energy_RMSE (eV/atom)   Force_RMSE (eV/Å)   Energy_MAE (eV/atom)   Force_MAE (eV/Å)   Energy_Loss   Force_Loss   TotalLoss  
-----------------------------------------------------------------------------------------------------------------------------------
Train               0.018335            0.097188               0.012381           0.038730      0.000084     0.000340    0.000424
Valid               0.014359            0.092738               0.010148           0.036729      0.000060     0.000313    0.000373
Epoch 6 elapsed: 0:03:27.92
Epoch 7/50  Learning rate: 0.003520
------------------------------------------------------------------------------------------------------------------------
       Energy_RMSE (eV/atom)   Force_RMSE (eV/Å)   Energy_MAE (eV/atom)   Force_MAE (eV/Å)   Energy_Loss   Force_Loss   TotalLoss  
-----------------------------------------------------------------------------------------------------------------------------------
Train               0.018090            0.095726               0.012456           0.037957      0.000084     0.000332    0.000416
Valid               0.016854            0.091357               0.010148           0.035879      0.000063     0.000304    0.000367
Epoch 7 elapsed: 0:03:28.24
Epoch 8/50  Learning rate: 0.003440
------------------------------------------------------------------------------------------------------------------------
       Energy_RMSE (eV/atom)   Force_RMSE (eV/Å)   Energy_MAE (eV/atom)   Force_MAE (eV/Å)   Energy_Loss   Force_Loss   TotalLoss  
-----------------------------------------------------------------------------------------------------------------------------------
Train               0.017013            0.092599               0.011585           0.036783      0.000076     0.000320    0.000396
Valid               0.016946            0.086703               0.013593           0.034168      0.000092     0.000285    0.000376
Epoch 8 elapsed: 0:03:27.77
Epoch 9/50  Learning rate: 0.003360
------------------------------------------------------------------------------------------------------------------------
       Energy_RMSE (eV/atom)   Force_RMSE (eV/Å)   Energy_MAE (eV/atom)   Force_MAE (eV/Å)   Energy_Loss   Force_Loss   TotalLoss  
-----------------------------------------------------------------------------------------------------------------------------------
Train               0.016729            0.091599               0.011205           0.036355      0.000073     0.000315    0.000388
Valid               0.010088            0.091746               0.007559           0.036284      0.000039     0.000300    0.000339
Epoch 9 elapsed: 0:03:29.39
Epoch 10/50  Learning rate: 0.003280
------------------------------------------------------------------------------------------------------------------------
       Energy_RMSE (eV/atom)   Force_RMSE (eV/Å)   Energy_MAE (eV/atom)   Force_MAE (eV/Å)   Energy_Loss   Force_Loss   TotalLoss  
-----------------------------------------------------------------------------------------------------------------------------------
Train               0.015090            0.089305               0.010074           0.035278      0.000063     0.000306    0.000369
Valid               0.017549            0.087271               0.012168           0.034124      0.000082     0.000289    0.000371
Epoch 10 elapsed: 0:03:27.18
Epoch 11/50  Learning rate: 0.003200
------------------------------------------------------------------------------------------------------------------------
       Energy_RMSE (eV/atom)   Force_RMSE (eV/Å)   Energy_MAE (eV/atom)   Force_MAE (eV/Å)   Energy_Loss   Force_Loss   TotalLoss  
-----------------------------------------------------------------------------------------------------------------------------------
Train               0.014933            0.088396               0.010087           0.034943      0.000063     0.000302    0.000365
Valid               0.013315            0.088407               0.010582           0.034483      0.000065     0.000301    0.000366
Epoch 11 elapsed: 0:03:28.90
Epoch 12/50  Learning rate: 0.003120
------------------------------------------------------------------------------------------------------------------------
       Energy_RMSE (eV/atom)   Force_RMSE (eV/Å)   Energy_MAE (eV/atom)   Force_MAE (eV/Å)   Energy_Loss   Force_Loss   TotalLoss  
-----------------------------------------------------------------------------------------------------------------------------------
Train               0.013291            0.086690               0.009079           0.034191      0.000054     0.000295    0.000349
Valid               0.012392            0.087359               0.009291           0.034314      0.000055     0.000276    0.000331
Epoch 12 elapsed: 0:03:27.20
Epoch 13/50  Learning rate: 0.003040
------------------------------------------------------------------------------------------------------------------------
       Energy_RMSE (eV/atom)   Force_RMSE (eV/Å)   Energy_MAE (eV/atom)   Force_MAE (eV/Å)   Energy_Loss   Force_Loss   TotalLoss  
-----------------------------------------------------------------------------------------------------------------------------------
Train               0.014200            0.086250               0.009372           0.033974      0.000057     0.000293    0.000350
Valid               0.008760            0.083149               0.005742           0.032175      0.000026     0.000264    0.000289
Epoch 13 elapsed: 0:03:28.34
Epoch 14/50  Learning rate: 0.002960
------------------------------------------------------------------------------------------------------------------------
       Energy_RMSE (eV/atom)   Force_RMSE (eV/Å)   Energy_MAE (eV/atom)   Force_MAE (eV/Å)   Energy_Loss   Force_Loss   TotalLoss  
-----------------------------------------------------------------------------------------------------------------------------------
Train               0.013037            0.084955               0.008834           0.033459      0.000052     0.000287    0.000339
Valid               0.019833            0.081227               0.017750           0.031550      0.000129     0.000258    0.000387
Epoch 14 elapsed: 0:03:28.39
Epoch 15/50  Learning rate: 0.002880
------------------------------------------------------------------------------------------------------------------------
       Energy_RMSE (eV/atom)   Force_RMSE (eV/Å)   Energy_MAE (eV/atom)   Force_MAE (eV/Å)   Energy_Loss   Force_Loss   TotalLoss  
-----------------------------------------------------------------------------------------------------------------------------------
Train               0.012784            0.083842               0.008615           0.032978      0.000050     0.000282    0.000332
Valid               0.007688            0.081457               0.005272           0.031926      0.000022     0.000263    0.000285
Epoch 15 elapsed: 0:03:27.74
Epoch 16/50  Learning rate: 0.002800
------------------------------------------------------------------------------------------------------------------------
       Energy_RMSE (eV/atom)   Force_RMSE (eV/Å)   Energy_MAE (eV/atom)   Force_MAE (eV/Å)   Energy_Loss   Force_Loss   TotalLoss  
-----------------------------------------------------------------------------------------------------------------------------------
Train               0.011392            0.083038               0.008020           0.032541      0.000045     0.000278    0.000323
Valid               0.010633            0.084156               0.008607           0.033169      0.000047     0.000275    0.000322
Epoch 16 elapsed: 0:03:25.48
Epoch 17/50  Learning rate: 0.002720
------------------------------------------------------------------------------------------------------------------------
       Energy_RMSE (eV/atom)   Force_RMSE (eV/Å)   Energy_MAE (eV/atom)   Force_MAE (eV/Å)   Energy_Loss   Force_Loss   TotalLoss  
-----------------------------------------------------------------------------------------------------------------------------------
Train               0.011813            0.081911               0.008253           0.032098      0.000047     0.000274    0.000321
Valid               0.018608            0.079969               0.015611           0.031192      0.000115     0.000254    0.000368
Epoch 17 elapsed: 0:03:28.62
Epoch 18/50  Learning rate: 0.002640
------------------------------------------------------------------------------------------------------------------------
       Energy_RMSE (eV/atom)   Force_RMSE (eV/Å)   Energy_MAE (eV/atom)   Force_MAE (eV/Å)   Energy_Loss   Force_Loss   TotalLoss  
-----------------------------------------------------------------------------------------------------------------------------------
Train               0.012264            0.081206               0.008395           0.031796      0.000048     0.000272    0.000320
Valid               0.012857            0.079684               0.007087           0.030921      0.000037     0.000248    0.000285
Epoch 18 elapsed: 0:03:27.63
Epoch 19/50  Learning rate: 0.002560
------------------------------------------------------------------------------------------------------------------------
       Energy_RMSE (eV/atom)   Force_RMSE (eV/Å)   Energy_MAE (eV/atom)   Force_MAE (eV/Å)   Energy_Loss   Force_Loss   TotalLoss  
-----------------------------------------------------------------------------------------------------------------------------------
Train               0.011378            0.080398               0.007752           0.031460      0.000043     0.000268    0.000311
Valid               0.011769            0.080255               0.007169           0.031075      0.000039     0.000253    0.000292
Epoch 19 elapsed: 0:03:29.71
Epoch 20/50  Learning rate: 0.002480
------------------------------------------------------------------------------------------------------------------------
       Energy_RMSE (eV/atom)   Force_RMSE (eV/Å)   Energy_MAE (eV/atom)   Force_MAE (eV/Å)   Energy_Loss   Force_Loss   TotalLoss  
-----------------------------------------------------------------------------------------------------------------------------------
Train               0.010831            0.079681               0.007340           0.031153      0.000039     0.000265    0.000304
Valid               0.006870            0.080759               0.005387           0.031204      0.000023     0.000253    0.000276
Epoch 20 elapsed: 0:03:28.34
Epoch 21/50  Learning rate: 0.002400
------------------------------------------------------------------------------------------------------------------------
       Energy_RMSE (eV/atom)   Force_RMSE (eV/Å)   Energy_MAE (eV/atom)   Force_MAE (eV/Å)   Energy_Loss   Force_Loss   TotalLoss  
-----------------------------------------------------------------------------------------------------------------------------------
Train               0.010444            0.078913               0.007185           0.030815      0.000038     0.000261    0.000299
Valid               0.007515            0.078846               0.005304           0.030583      0.000023     0.000250    0.000273
Epoch 21 elapsed: 0:03:28.48
Epoch 22/50  Learning rate: 0.002320
------------------------------------------------------------------------------------------------------------------------
       Energy_RMSE (eV/atom)   Force_RMSE (eV/Å)   Energy_MAE (eV/atom)   Force_MAE (eV/Å)   Energy_Loss   Force_Loss   TotalLoss  
-----------------------------------------------------------------------------------------------------------------------------------
Train               0.010018            0.078312               0.006889           0.030561      0.000035     0.000259    0.000295
Valid               0.007503            0.077876               0.005149           0.029904      0.000022     0.000241    0.000263
Epoch 22 elapsed: 0:03:27.74
Epoch 23/50  Learning rate: 0.002240
------------------------------------------------------------------------------------------------------------------------
       Energy_RMSE (eV/atom)   Force_RMSE (eV/Å)   Energy_MAE (eV/atom)   Force_MAE (eV/Å)   Energy_Loss   Force_Loss   TotalLoss  
-----------------------------------------------------------------------------------------------------------------------------------
Train               0.009575            0.077488               0.006521           0.030136      0.000033     0.000255    0.000288
Valid               0.013409            0.079017               0.011031           0.030434      0.000070     0.000244    0.000314
Epoch 23 elapsed: 0:03:29.75
Epoch 24/50  Learning rate: 0.002160
------------------------------------------------------------------------------------------------------------------------
       Energy_RMSE (eV/atom)   Force_RMSE (eV/Å)   Energy_MAE (eV/atom)   Force_MAE (eV/Å)   Energy_Loss   Force_Loss   TotalLoss  
-----------------------------------------------------------------------------------------------------------------------------------
Train               0.009966            0.077346               0.006789           0.030056      0.000035     0.000254    0.000289
Valid               0.024442            0.080826               0.020892           0.031259      0.000166     0.000261    0.000427
Epoch 24 elapsed: 0:03:29.17
Epoch 25/50  Learning rate: 0.002080
------------------------------------------------------------------------------------------------------------------------
       Energy_RMSE (eV/atom)   Force_RMSE (eV/Å)   Energy_MAE (eV/atom)   Force_MAE (eV/Å)   Energy_Loss   Force_Loss   TotalLoss  
-----------------------------------------------------------------------------------------------------------------------------------
Train               0.008954            0.076182               0.006270           0.029538      0.000030     0.000249    0.000279
Valid               0.007483            0.079011               0.005316           0.030483      0.000024     0.000250    0.000274
Epoch 25 elapsed: 0:03:29.92
Epoch 26/50  Learning rate: 0.002000
------------------------------------------------------------------------------------------------------------------------
       Energy_RMSE (eV/atom)   Force_RMSE (eV/Å)   Energy_MAE (eV/atom)   Force_MAE (eV/Å)   Energy_Loss   Force_Loss   TotalLoss  
-----------------------------------------------------------------------------------------------------------------------------------
Train               0.008734            0.075786               0.006107           0.029395      0.000029     0.000248    0.000277
Valid               0.006807            0.081752               0.004615           0.031773      0.000019     0.000265    0.000284
Epoch 26 elapsed: 0:03:27.63
Epoch 27/50  Learning rate: 0.001920
------------------------------------------------------------------------------------------------------------------------
       Energy_RMSE (eV/atom)   Force_RMSE (eV/Å)   Energy_MAE (eV/atom)   Force_MAE (eV/Å)   Energy_Loss   Force_Loss   TotalLoss  
-----------------------------------------------------------------------------------------------------------------------------------
Train               0.008181            0.075238               0.005777           0.029139      0.000026     0.000244    0.000271
Valid               0.006103            0.077646               0.004603           0.030016      0.000017     0.000242    0.000259
Epoch 27 elapsed: 0:03:28.70
Epoch 28/50  Learning rate: 0.001840
------------------------------------------------------------------------------------------------------------------------
       Energy_RMSE (eV/atom)   Force_RMSE (eV/Å)   Energy_MAE (eV/atom)   Force_MAE (eV/Å)   Energy_Loss   Force_Loss   TotalLoss  
-----------------------------------------------------------------------------------------------------------------------------------
Train               0.008439            0.074634               0.005869           0.028872      0.000027     0.000241    0.000268
Valid               0.007573            0.077380               0.005575           0.029757      0.000024     0.000236    0.000260
Epoch 28 elapsed: 0:03:27.19
Epoch 29/50  Learning rate: 0.001760
------------------------------------------------------------------------------------------------------------------------
       Energy_RMSE (eV/atom)   Force_RMSE (eV/Å)   Energy_MAE (eV/atom)   Force_MAE (eV/Å)   Energy_Loss   Force_Loss   TotalLoss  
-----------------------------------------------------------------------------------------------------------------------------------
Train               0.007889            0.073985               0.005473           0.028536      0.000024     0.000239    0.000263
Valid               0.006338            0.076624               0.004682           0.029396      0.000016     0.000231    0.000247
Epoch 29 elapsed: 0:03:29.84
Epoch 30/50  Learning rate: 0.001680
------------------------------------------------------------------------------------------------------------------------
       Energy_RMSE (eV/atom)   Force_RMSE (eV/Å)   Energy_MAE (eV/atom)   Force_MAE (eV/Å)   Energy_Loss   Force_Loss   TotalLoss  
-----------------------------------------------------------------------------------------------------------------------------------
Train               0.008249            0.073717               0.005723           0.028462      0.000026     0.000239    0.000265
Valid               0.006938            0.076474               0.005467           0.029443      0.000022     0.000232    0.000254
Epoch 30 elapsed: 0:03:27.69
Epoch 31/50  Learning rate: 0.001600
------------------------------------------------------------------------------------------------------------------------
       Energy_RMSE (eV/atom)   Force_RMSE (eV/Å)   Energy_MAE (eV/atom)   Force_MAE (eV/Å)   Energy_Loss   Force_Loss   TotalLoss  
-----------------------------------------------------------------------------------------------------------------------------------
Train               0.007233            0.073006               0.005111           0.028124      0.000022     0.000235    0.000256
Valid               0.004409            0.075722               0.003297           0.028977      0.000009     0.000231    0.000240
Epoch 31 elapsed: 0:03:29.19
Epoch 32/50  Learning rate: 0.001520
------------------------------------------------------------------------------------------------------------------------
       Energy_RMSE (eV/atom)   Force_RMSE (eV/Å)   Energy_MAE (eV/atom)   Force_MAE (eV/Å)   Energy_Loss   Force_Loss   TotalLoss  
-----------------------------------------------------------------------------------------------------------------------------------
Train               0.007301            0.072475               0.005045           0.027809      0.000021     0.000233    0.000254
Valid               0.006050            0.074901               0.004600           0.028499      0.000017     0.000225    0.000242
Epoch 32 elapsed: 0:03:24.82
Epoch 33/50  Learning rate: 0.001440
------------------------------------------------------------------------------------------------------------------------
       Energy_RMSE (eV/atom)   Force_RMSE (eV/Å)   Energy_MAE (eV/atom)   Force_MAE (eV/Å)   Energy_Loss   Force_Loss   TotalLoss  
-----------------------------------------------------------------------------------------------------------------------------------
Train               0.006613            0.072065               0.004675           0.027658      0.000018     0.000230    0.000248
Valid               0.004960            0.075681               0.003665           0.028915      0.000011     0.000230    0.000242
Epoch 33 elapsed: 0:03:24.12
Epoch 34/50  Learning rate: 0.001360
------------------------------------------------------------------------------------------------------------------------
       Energy_RMSE (eV/atom)   Force_RMSE (eV/Å)   Energy_MAE (eV/atom)   Force_MAE (eV/Å)   Energy_Loss   Force_Loss   TotalLoss  
-----------------------------------------------------------------------------------------------------------------------------------
Train               0.006084            0.071637               0.004351           0.027432      0.000016     0.000228    0.000244
Valid               0.005355            0.075268               0.004011           0.028686      0.000014     0.000225    0.000238
Epoch 34 elapsed: 0:03:29.29
Epoch 35/50  Learning rate: 0.001280
------------------------------------------------------------------------------------------------------------------------
       Energy_RMSE (eV/atom)   Force_RMSE (eV/Å)   Energy_MAE (eV/atom)   Force_MAE (eV/Å)   Energy_Loss   Force_Loss   TotalLoss  
-----------------------------------------------------------------------------------------------------------------------------------
Train               0.006403            0.071014               0.004622           0.027148      0.000018     0.000226    0.000243
Valid               0.005216            0.075539               0.003707           0.028749      0.000012     0.000227    0.000239
Epoch 35 elapsed: 0:03:27.52
Epoch 36/50  Learning rate: 0.001200
------------------------------------------------------------------------------------------------------------------------
       Energy_RMSE (eV/atom)   Force_RMSE (eV/Å)   Energy_MAE (eV/atom)   Force_MAE (eV/Å)   Energy_Loss   Force_Loss   TotalLoss  
-----------------------------------------------------------------------------------------------------------------------------------
Train               0.006379            0.070698               0.004496           0.026995      0.000017     0.000224    0.000241
Valid               0.004665            0.075764               0.003479           0.028833      0.000010     0.000227    0.000237
Epoch 36 elapsed: 0:03:29.04
Epoch 37/50  Learning rate: 0.001120
------------------------------------------------------------------------------------------------------------------------
       Energy_RMSE (eV/atom)   Force_RMSE (eV/Å)   Energy_MAE (eV/atom)   Force_MAE (eV/Å)   Energy_Loss   Force_Loss   TotalLoss  
-----------------------------------------------------------------------------------------------------------------------------------
Train               0.005819            0.070207               0.004187           0.026736      0.000015     0.000222    0.000237
Valid               0.004716            0.074549               0.003840           0.028368      0.000011     0.000223    0.000234
Epoch 37 elapsed: 0:03:28.25
Epoch 38/50  Learning rate: 0.001040
------------------------------------------------------------------------------------------------------------------------
       Energy_RMSE (eV/atom)   Force_RMSE (eV/Å)   Energy_MAE (eV/atom)   Force_MAE (eV/Å)   Energy_Loss   Force_Loss   TotalLoss  
-----------------------------------------------------------------------------------------------------------------------------------
Train               0.005378            0.069778               0.003845           0.026527      0.000013     0.000220    0.000233
Valid               0.005427            0.074542               0.003314           0.028268      0.000011     0.000222    0.000233
Epoch 38 elapsed: 0:03:27.77
Epoch 39/50  Learning rate: 0.000960
------------------------------------------------------------------------------------------------------------------------
       Energy_RMSE (eV/atom)   Force_RMSE (eV/Å)   Energy_MAE (eV/atom)   Force_MAE (eV/Å)   Energy_Loss   Force_Loss   TotalLoss  
-----------------------------------------------------------------------------------------------------------------------------------
Train               0.005139            0.069391               0.003698           0.026321      0.000012     0.000217    0.000229
Valid               0.004428            0.074713               0.003508           0.028194      0.000010     0.000220    0.000230
Epoch 39 elapsed: 0:03:27.59
Epoch 40/50  Learning rate: 0.000880
------------------------------------------------------------------------------------------------------------------------
       Energy_RMSE (eV/atom)   Force_RMSE (eV/Å)   Energy_MAE (eV/atom)   Force_MAE (eV/Å)   Energy_Loss   Force_Loss   TotalLoss  
-----------------------------------------------------------------------------------------------------------------------------------
Train               0.005267            0.069037               0.003739           0.026140      0.000012     0.000215    0.000227
Valid               0.003532            0.074680               0.002537           0.028225      0.000006     0.000221    0.000227
Epoch 40 elapsed: 0:03:28.56
Epoch 41/50  Learning rate: 0.000800
------------------------------------------------------------------------------------------------------------------------
       Energy_RMSE (eV/atom)   Force_RMSE (eV/Å)   Energy_MAE (eV/atom)   Force_MAE (eV/Å)   Energy_Loss   Force_Loss   TotalLoss  
-----------------------------------------------------------------------------------------------------------------------------------
Train               0.004990            0.068486               0.003601           0.025871      0.000012     0.000213    0.000225
Valid               0.004802            0.074193               0.003538           0.028074      0.000011     0.000220    0.000231
Epoch 41 elapsed: 0:03:25.68
Epoch 42/50  Learning rate: 0.000720
------------------------------------------------------------------------------------------------------------------------
       Energy_RMSE (eV/atom)   Force_RMSE (eV/Å)   Energy_MAE (eV/atom)   Force_MAE (eV/Å)   Energy_Loss   Force_Loss   TotalLoss  
-----------------------------------------------------------------------------------------------------------------------------------
Train               0.004326            0.068123               0.003137           0.025691      0.000009     0.000211    0.000220
Valid               0.004740            0.074043               0.003421           0.027934      0.000011     0.000218    0.000228
Epoch 42 elapsed: 0:03:27.12
Epoch 43/50  Learning rate: 0.000640
------------------------------------------------------------------------------------------------------------------------
       Energy_RMSE (eV/atom)   Force_RMSE (eV/Å)   Energy_MAE (eV/atom)   Force_MAE (eV/Å)   Energy_Loss   Force_Loss   TotalLoss  
-----------------------------------------------------------------------------------------------------------------------------------
Train               0.004192            0.067816               0.003068           0.025533      0.000008     0.000210    0.000219
Valid               0.004935            0.074078               0.003868           0.027941      0.000012     0.000218    0.000230
Epoch 43 elapsed: 0:03:27.57
Epoch 44/50  Learning rate: 0.000560
------------------------------------------------------------------------------------------------------------------------
       Energy_RMSE (eV/atom)   Force_RMSE (eV/Å)   Energy_MAE (eV/atom)   Force_MAE (eV/Å)   Energy_Loss   Force_Loss   TotalLoss  
-----------------------------------------------------------------------------------------------------------------------------------
Train               0.004015            0.067389               0.002967           0.025301      0.000008     0.000208    0.000215
Valid               0.003669            0.073997               0.002810           0.027755      0.000007     0.000215    0.000222
Epoch 44 elapsed: 0:03:28.05
Epoch 45/50  Learning rate: 0.000480
------------------------------------------------------------------------------------------------------------------------
       Energy_RMSE (eV/atom)   Force_RMSE (eV/Å)   Energy_MAE (eV/atom)   Force_MAE (eV/Å)   Energy_Loss   Force_Loss   TotalLoss  
-----------------------------------------------------------------------------------------------------------------------------------
Train               0.003780            0.067025               0.002772           0.025111      0.000007     0.000205    0.000212
Valid               0.003696            0.073703               0.002707           0.027691      0.000007     0.000215    0.000222
Epoch 45 elapsed: 0:03:27.12
Epoch 46/50  Learning rate: 0.000400
------------------------------------------------------------------------------------------------------------------------
       Energy_RMSE (eV/atom)   Force_RMSE (eV/Å)   Energy_MAE (eV/atom)   Force_MAE (eV/Å)   Energy_Loss   Force_Loss   TotalLoss  
-----------------------------------------------------------------------------------------------------------------------------------
Train               0.003595            0.066713               0.002633           0.024940      0.000006     0.000203    0.000210
Valid               0.003515            0.073617               0.002574           0.027596      0.000006     0.000214    0.000220
Epoch 46 elapsed: 0:03:28.74
Epoch 47/50  Learning rate: 0.000320
------------------------------------------------------------------------------------------------------------------------
       Energy_RMSE (eV/atom)   Force_RMSE (eV/Å)   Energy_MAE (eV/atom)   Force_MAE (eV/Å)   Energy_Loss   Force_Loss   TotalLoss  
-----------------------------------------------------------------------------------------------------------------------------------
Train               0.003269            0.066463               0.002387           0.024782      0.000005     0.000202    0.000208
Valid               0.003058            0.073600               0.002223           0.027544      0.000005     0.000213    0.000218
Epoch 47 elapsed: 0:03:29.39
Epoch 48/50  Learning rate: 0.000240
------------------------------------------------------------------------------------------------------------------------
       Energy_RMSE (eV/atom)   Force_RMSE (eV/Å)   Energy_MAE (eV/atom)   Force_MAE (eV/Å)   Energy_Loss   Force_Loss   TotalLoss  
-----------------------------------------------------------------------------------------------------------------------------------
Train               0.003199            0.066162               0.002325           0.024610      0.000005     0.000201    0.000206
Valid               0.002958            0.073791               0.002084           0.027630      0.000004     0.000214    0.000219
Epoch 48 elapsed: 0:03:28.74
Epoch 49/50  Learning rate: 0.000160
------------------------------------------------------------------------------------------------------------------------
       Energy_RMSE (eV/atom)   Force_RMSE (eV/Å)   Energy_MAE (eV/atom)   Force_MAE (eV/Å)   Energy_Loss   Force_Loss   TotalLoss  
-----------------------------------------------------------------------------------------------------------------------------------
Train               0.003007            0.065913               0.002151           0.024458      0.000004     0.000199    0.000203
Valid               0.003168            0.073307               0.002232           0.027415      0.000005     0.000212    0.000217
Epoch 49 elapsed: 0:03:26.90
Epoch 50/50  Learning rate: 0.000080
------------------------------------------------------------------------------------------------------------------------
       Energy_RMSE (eV/atom)   Force_RMSE (eV/Å)   Energy_MAE (eV/atom)   Force_MAE (eV/Å)   Energy_Loss   Force_Loss   TotalLoss  
-----------------------------------------------------------------------------------------------------------------------------------
Train               0.002902            0.065675               0.002054           0.024320      0.000004     0.000198    0.000202
Valid               0.002950            0.073379               0.001982           0.027422      0.000004     0.000213    0.000217
Epoch 50 elapsed: 0:03:27.18
