2024-11-25 13:58:18.838 INFO: MACE version: 0.3.5
2024-11-25 13:58:18.838 INFO: Configuration: Namespace(config=None, name='azobenzene', seed=123, log_dir='logs', model_dir='.', checkpoints_dir='checkpoints', results_dir='results', downloads_dir='downloads', device='cuda', default_dtype='float64', distributed=False, log_level='INFO', error_table='TotalRMSE', model='MACE', r_max=5.0, radial_type='bessel', num_radial_basis=8, num_cutoff_basis=5, pair_repulsion=False, distance_transform='None', interaction='RealAgnosticResidualInteractionBlock', interaction_first='RealAgnosticResidualInteractionBlock', max_ell=3, correlation=3, num_interactions=2, MLP_irreps='16x0e', radial_MLP='[64, 64, 64]', hidden_irreps='128x0e + 128x1o', num_channels=128, max_L=1, gate='silu', scaling='rms_forces_scaling', avg_num_neighbors=1, compute_avg_num_neighbors=True, compute_stress=False, compute_forces=True, train_file='./dataset/train.xyz', valid_file='./dataset/valid.xyz', valid_fraction=0.1, test_file=None, test_dir=None, multi_processed_test=False, num_workers=0, pin_memory=True, atomic_numbers=None, mean=None, std=None, statistics_file=None, E0s='average', keep_isolated_atoms=False, energy_key='energy', forces_key='forces', virials_key='virials', stress_key='stress', dipole_key='dipole', charges_key='charges', loss='ef', forces_weight=1000.0, swa_forces_weight=100.0, energy_weight=1.0, swa_energy_weight=1000.0, virials_weight=1.0, swa_virials_weight=10.0, stress_weight=1.0, swa_stress_weight=10.0, dipole_weight=1.0, swa_dipole_weight=1.0, config_type_weights='{"Default":1.0}', huber_delta=0.01, optimizer='adam', beta=0.9, batch_size=5, valid_batch_size=5, lr=0.005, swa_lr=0.001, weight_decay=1e-08, amsgrad=True, scheduler='ReduceLROnPlateau', lr_factor=0.8, scheduler_patience=5, lr_scheduler_gamma=0.9993, swa=False, start_swa=None, ema=True, ema_decay=0.995, max_num_epochs=500, patience=2048, foundation_model='/home/l6eub2ic/whcs-share31/wangchen/mace/MPtrj/MACE-OFF23_medium.model', foundation_model_readout=True, eval_interval=2, keep_checkpoints=False, save_all_checkpoints=False, restart_latest=False, save_cpu=True, clip_grad=100.0, wandb=False, wandb_dir=None, wandb_project='', wandb_entity='', wandb_name='', wandb_log_hypers=['num_channels', 'max_L', 'correlation', 'lr', 'swa_lr', 'weight_decay', 'batch_size', 'max_num_epochs', 'start_swa', 'energy_weight', 'forces_weight'])
2024-11-25 13:58:18.979 INFO: CUDA version: 11.8, CUDA device: 0
2024-11-25 13:58:19.559 INFO: Error accessing Git repository: /home/l6eub2ic/whcs-share31/wangchen/mace/organic/azobenzene/LoRA
2024-11-25 13:58:22.936 INFO: Using foundation model /home/l6eub2ic/whcs-share31/wangchen/mace/MPtrj/MACE-OFF23_medium.model as initial checkpoint.
2024-11-25 13:58:22.996 INFO: Since ASE version 3.23.0b1, using energy_key 'energy' is no longer safe when communicating between MACE and ASE. We recommend using a different key, rewriting energies to 'REF_energy'. You need to use --energy_key='REF_energy', to tell the key name chosen.
2024-11-25 13:58:23.007 INFO: Since ASE version 3.23.0b1, using forces_key 'forces' is no longer safe when communicating between MACE and ASE. We recommend using a different key, rewriting energies to 'REF_forces'. You need to use --forces_key='REF_forces', to tell the key name chosen.
2024-11-25 13:58:23.017 INFO: Since ASE version 3.23.0b1, using stress_key 'stress' is no longer safe when communicating between MACE and ASE. We recommend using a different key, rewriting energies to 'REF_stress'. You need to use --stress_key='REF_stress', to tell the key name chosen.
2024-11-25 13:58:23.018 INFO: Loaded 50 training configurations from './dataset/train.xyz'
2024-11-25 13:58:24.671 INFO: Since ASE version 3.23.0b1, using energy_key 'energy' is no longer safe when communicating between MACE and ASE. We recommend using a different key, rewriting energies to 'REF_energy'. You need to use --energy_key='REF_energy', to tell the key name chosen.
2024-11-25 13:58:24.844 INFO: Since ASE version 3.23.0b1, using forces_key 'forces' is no longer safe when communicating between MACE and ASE. We recommend using a different key, rewriting energies to 'REF_forces'. You need to use --forces_key='REF_forces', to tell the key name chosen.
2024-11-25 13:58:25.017 INFO: Since ASE version 3.23.0b1, using stress_key 'stress' is no longer safe when communicating between MACE and ASE. We recommend using a different key, rewriting energies to 'REF_stress'. You need to use --stress_key='REF_stress', to tell the key name chosen.
2024-11-25 13:58:25.043 INFO: Loaded 950 validation configurations from './dataset/valid.xyz'
2024-11-25 13:58:25.043 INFO: Total number of configurations: train=50, valid=950, tests=[]
2024-11-25 13:58:25.048 INFO: AtomicNumberTable: (1, 6, 7)
2024-11-25 13:58:25.048 INFO: Atomic Energies not in training file, using command line argument E0s
2024-11-25 13:58:25.048 INFO: Computing average Atomic Energies using least squares regression
2024-11-25 13:58:25.058 INFO: Atomic energies: [-627.1544648093148, -752.5853577711774, -125.43089296186294]
2024-11-25 13:58:25.610 INFO: EnergyForcesLoss(energy_weight=1.000, forces_weight=1000.000)
2024-11-25 13:58:25.635 INFO: Average number of neighbors: 13.736666666666666
2024-11-25 13:58:25.635 INFO: Selected the following outputs: {'energy': True, 'forces': True, 'virials': False, 'stress': False, 'dipoles': False}
2024-11-25 13:58:25.658 INFO: Building model
2024-11-25 13:58:31.167 INFO: Number of trainable parameters: 175880
2024-11-25 13:58:31.170 INFO: ScaleShiftMACE(
  (node_embedding): LinearNodeEmbeddingBlock(
    (linear): Linear(3x0e -> 128x0e | 384 weights) | 2096 LoRA_weights)
  )
  (radial_embedding): RadialEmbeddingBlock(
    (bessel_fn): BesselBasis(r_max=5.0, num_basis=8, trainable=True)
    (cutoff_fn): PolynomialCutoff(p=5.0, r_max=5.0)
  )
  (spherical_harmonics): SphericalHarmonics()
  (atomic_energies_fn): AtomicEnergiesBlock(energies=[-627.1545, -752.5854, -125.4309])
  (interactions): ModuleList(
    (0): RealAgnosticInteractionBlock(
      (linear_up): Linear(128x0e -> 128x0e | 16384 weights) | 4096 LoRA_weights)
      (conv_tp): TensorProduct(128x0e x 1x0e+1x1o+1x2e+1x3o -> 128x0e+128x1o+128x2e+128x3o | 512 paths | 512 weights | 0 LoRA_weights)
      (conv_tp_weights): FullyConnectedNet[8, 64, 64, 64, 512]
      (linear): Linear(128x0e+128x1o+128x2e+128x3o -> 128x0e+128x1o+128x2e+128x3o | 65536 weights) | 16384 LoRA_weights)
      (skip_tp): FullyConnectedTensorProduct(128x0e+128x1o+128x2e+128x3o x 3x0e -> 128x0e+128x1o+128x2e+128x3o | 196608 paths | 196608 weights | 32768 LoRA_weights)
      (reshape): reshape_irreps()
    )
    (1): RealAgnosticResidualInteractionBlock(
      (linear_up): Linear(128x0e+128x1o -> 128x0e+128x1o | 32768 weights) | 8192 LoRA_weights)
      (conv_tp): TensorProduct(128x0e+128x1o x 1x0e+1x1o+1x2e+1x3o -> 256x0e+384x1o+384x2e+256x3o | 1280 paths | 1280 weights | 0 LoRA_weights)
      (conv_tp_weights): FullyConnectedNet[8, 64, 64, 64, 1280]
      (linear): Linear(256x0e+384x1o+384x2e+256x3o -> 128x0e+128x1o+128x2e+128x3o | 163840 weights) | 28672 LoRA_weights)
      (skip_tp): FullyConnectedTensorProduct(128x0e+128x1o x 3x0e -> 128x0e | 49152 paths | 49152 weights | 8192 LoRA_weights)
      (reshape): reshape_irreps()
    )
  )
  (products): ModuleList(
    (0): EquivariantProductBasisBlock(
      (symmetric_contractions): SymmetricContraction(
        (contractions): ModuleList(
          (0): Contraction(
            (contractions_weighting): ModuleList(
              (0-1): 2 x GraphModule()
            )
            (contractions_features): ModuleList(
              (0-1): 2 x GraphModule()
            )
            (weights): ParameterList(
                (0): Parameter containing: [torch.float64 of size 3x4x128 (GPU 0)]
                (1): Parameter containing: [torch.float64 of size 3x1x128 (GPU 0)]
            )
            (graph_opt_main): GraphModule()
            (LoRA_weight): ParameterList(
                (0): Parameter containing: [torch.float64 of size 3x23x16 (GPU 0)]
                (1): Parameter containing: [torch.float64 of size 16x128 (GPU 0)]
            )
          )
          (1): Contraction(
            (contractions_weighting): ModuleList(
              (0-1): 2 x GraphModule()
            )
            (contractions_features): ModuleList(
              (0-1): 2 x GraphModule()
            )
            (weights): ParameterList(
                (0): Parameter containing: [torch.float64 of size 3x6x128 (GPU 0)]
                (1): Parameter containing: [torch.float64 of size 3x1x128 (GPU 0)]
            )
            (graph_opt_main): GraphModule()
            (LoRA_weight): ParameterList(
                (0): Parameter containing: [torch.float64 of size 3x51x16 (GPU 0)]
                (1): Parameter containing: [torch.float64 of size 16x128 (GPU 0)]
            )
          )
        )
      )
      (linear): Linear(128x0e+128x1o -> 128x0e+128x1o | 32768 weights) | 8192 LoRA_weights)
    )
    (1): EquivariantProductBasisBlock(
      (symmetric_contractions): SymmetricContraction(
        (contractions): ModuleList(
          (0): Contraction(
            (contractions_weighting): ModuleList(
              (0-1): 2 x GraphModule()
            )
            (contractions_features): ModuleList(
              (0-1): 2 x GraphModule()
            )
            (weights): ParameterList(
                (0): Parameter containing: [torch.float64 of size 3x4x128 (GPU 0)]
                (1): Parameter containing: [torch.float64 of size 3x1x128 (GPU 0)]
            )
            (graph_opt_main): GraphModule()
            (LoRA_weight): ParameterList(
                (0): Parameter containing: [torch.float64 of size 3x23x16 (GPU 0)]
                (1): Parameter containing: [torch.float64 of size 16x128 (GPU 0)]
            )
          )
        )
      )
      (linear): Linear(128x0e -> 128x0e | 16384 weights) | 4096 LoRA_weights)
    )
  )
  (readouts): ModuleList(
    (0): LinearReadoutBlock(
      (linear): Linear(128x0e+128x1o -> 1x0e | 128 weights) | 2064 LoRA_weights)
    )
    (1): NonLinearReadoutBlock(
      (linear_1): Linear(128x0e -> 16x0e | 2048 weights) | 2304 LoRA_weights)
      (non_linearity): Activation [x] (16x0e -> 16x0e)
      (linear_2): Linear(16x0e -> 1x0e | 16 weights) | 272 LoRA_weights)
    )
  )
  (scale_shift): ScaleShiftBlock(scale=1.088502, shift=0.000000)
)
2024-11-25 13:58:31.174 INFO: Number of parameters: 921240
2024-11-25 13:58:31.174 INFO: Optimizer: Adam (
Parameter Group 0
    amsgrad: True
    betas: (0.9, 0.999)
    capturable: False
    differentiable: False
    eps: 1e-08
    foreach: None
    fused: None
    lr: 0.005
    maximize: False
    name: embedding
    weight_decay: 0.0

Parameter Group 1
    amsgrad: True
    betas: (0.9, 0.999)
    capturable: False
    differentiable: False
    eps: 1e-08
    foreach: None
    fused: None
    lr: 0.005
    maximize: False
    name: interactions_decay
    weight_decay: 1e-08

Parameter Group 2
    amsgrad: True
    betas: (0.9, 0.999)
    capturable: False
    differentiable: False
    eps: 1e-08
    foreach: None
    fused: None
    lr: 0.005
    maximize: False
    name: interactions_no_decay
    weight_decay: 0.0

Parameter Group 3
    amsgrad: True
    betas: (0.9, 0.999)
    capturable: False
    differentiable: False
    eps: 1e-08
    foreach: None
    fused: None
    lr: 0.005
    maximize: False
    name: products
    weight_decay: 1e-08

Parameter Group 4
    amsgrad: True
    betas: (0.9, 0.999)
    capturable: False
    differentiable: False
    eps: 1e-08
    foreach: None
    fused: None
    lr: 0.005
    maximize: False
    name: readouts
    weight_decay: 0.0
)
2024-11-25 13:58:31.174 INFO: Using gradient clipping with tolerance=100.000
2024-11-25 13:58:31.174 INFO: Started training
2024-11-25 13:58:49.198 INFO: Epoch None: loss=14468.4931, RMSE_E=119339.0 meV, RMSE_F=476.1 meV / A
2024-11-25 13:59:07.543 INFO: Epoch 0: loss=1211.7628, RMSE_E=19661.4 meV, RMSE_F=908.4 meV / A
2024-11-25 13:59:17.434 INFO: Epoch 2: loss=59.3358, RMSE_E=542.4 meV, RMSE_F=243.0 meV / A
2024-11-25 13:59:29.369 INFO: Epoch 4: loss=14.0349, RMSE_E=439.1 meV, RMSE_F=117.7 meV / A
2024-11-25 13:59:41.204 INFO: Epoch 6: loss=6.7743, RMSE_E=88.6 meV, RMSE_F=82.3 meV / A
2024-11-25 13:59:53.201 INFO: Epoch 8: loss=4.2514, RMSE_E=34.4 meV, RMSE_F=65.2 meV / A
2024-11-25 14:00:03.687 INFO: Epoch 10: loss=3.3022, RMSE_E=116.1 meV, RMSE_F=57.3 meV / A
2024-11-25 14:00:13.019 INFO: Epoch 12: loss=2.7936, RMSE_E=61.4 meV, RMSE_F=52.8 meV / A
2024-11-25 14:00:22.095 INFO: Epoch 14: loss=2.3659, RMSE_E=51.5 meV, RMSE_F=48.6 meV / A
2024-11-25 14:00:31.073 INFO: Epoch 16: loss=2.1248, RMSE_E=96.9 meV, RMSE_F=46.0 meV / A
2024-11-25 14:00:41.079 INFO: Epoch 18: loss=1.9270, RMSE_E=68.4 meV, RMSE_F=43.8 meV / A
2024-11-25 14:00:52.432 INFO: Epoch 20: loss=1.7629, RMSE_E=20.1 meV, RMSE_F=42.0 meV / A
2024-11-25 14:01:04.187 INFO: Epoch 22: loss=1.6091, RMSE_E=44.0 meV, RMSE_F=40.1 meV / A
2024-11-25 14:01:15.639 INFO: Epoch 24: loss=1.5337, RMSE_E=59.3 meV, RMSE_F=39.1 meV / A
2024-11-25 14:01:25.874 INFO: Epoch 26: loss=1.4361, RMSE_E=71.7 meV, RMSE_F=37.8 meV / A
2024-11-25 14:01:37.433 INFO: Epoch 28: loss=1.3637, RMSE_E=54.0 meV, RMSE_F=36.9 meV / A
2024-11-25 14:01:48.466 INFO: Epoch 30: loss=1.2949, RMSE_E=70.8 meV, RMSE_F=35.9 meV / A
2024-11-25 14:01:59.801 INFO: Epoch 32: loss=1.2258, RMSE_E=82.3 meV, RMSE_F=34.9 meV / A
2024-11-25 14:02:12.031 INFO: Epoch 34: loss=1.1518, RMSE_E=55.0 meV, RMSE_F=33.9 meV / A
2024-11-25 14:02:22.214 INFO: Epoch 36: loss=1.1001, RMSE_E=64.7 meV, RMSE_F=33.1 meV / A
2024-11-25 14:02:34.274 INFO: Epoch 38: loss=1.0772, RMSE_E=59.8 meV, RMSE_F=32.8 meV / A
2024-11-25 14:02:46.321 INFO: Epoch 40: loss=1.0796, RMSE_E=50.1 meV, RMSE_F=32.8 meV / A
2024-11-25 14:02:55.422 INFO: Epoch 42: loss=1.0242, RMSE_E=57.3 meV, RMSE_F=32.0 meV / A
2024-11-25 14:03:07.666 INFO: Epoch 44: loss=1.0029, RMSE_E=72.3 meV, RMSE_F=31.6 meV / A
2024-11-25 14:03:19.769 INFO: Epoch 46: loss=0.9804, RMSE_E=115.9 meV, RMSE_F=31.1 meV / A
2024-11-25 14:03:31.914 INFO: Epoch 48: loss=0.9388, RMSE_E=92.8 meV, RMSE_F=30.5 meV / A
2024-11-25 14:03:43.410 INFO: Epoch 50: loss=0.9017, RMSE_E=68.2 meV, RMSE_F=30.0 meV / A
2024-11-25 14:03:55.435 INFO: Epoch 52: loss=0.8669, RMSE_E=28.1 meV, RMSE_F=29.4 meV / A
2024-11-25 14:04:07.862 INFO: Epoch 54: loss=0.8762, RMSE_E=27.7 meV, RMSE_F=29.6 meV / A
2024-11-25 14:04:16.977 INFO: Epoch 56: loss=0.8486, RMSE_E=29.5 meV, RMSE_F=29.1 meV / A
2024-11-25 14:04:28.423 INFO: Epoch 58: loss=0.8199, RMSE_E=36.0 meV, RMSE_F=28.6 meV / A
2024-11-25 14:04:39.716 INFO: Epoch 60: loss=0.8097, RMSE_E=49.7 meV, RMSE_F=28.4 meV / A
2024-11-25 14:04:50.185 INFO: Epoch 62: loss=0.7909, RMSE_E=47.4 meV, RMSE_F=28.1 meV / A
2024-11-25 14:05:01.554 INFO: Epoch 64: loss=0.7767, RMSE_E=52.6 meV, RMSE_F=27.8 meV / A
2024-11-25 14:05:12.098 INFO: Epoch 66: loss=0.7645, RMSE_E=37.4 meV, RMSE_F=27.6 meV / A
2024-11-25 14:05:21.219 INFO: Epoch 68: loss=0.7484, RMSE_E=51.5 meV, RMSE_F=27.3 meV / A
2024-11-25 14:05:32.828 INFO: Epoch 70: loss=0.7294, RMSE_E=53.8 meV, RMSE_F=27.0 meV / A
2024-11-25 14:05:45.084 INFO: Epoch 72: loss=0.7172, RMSE_E=51.2 meV, RMSE_F=26.7 meV / A
2024-11-25 14:05:57.137 INFO: Epoch 74: loss=0.7041, RMSE_E=46.1 meV, RMSE_F=26.5 meV / A
2024-11-25 14:06:08.560 INFO: Epoch 76: loss=0.6959, RMSE_E=45.3 meV, RMSE_F=26.3 meV / A
2024-11-25 14:06:19.841 INFO: Epoch 78: loss=0.6831, RMSE_E=40.3 meV, RMSE_F=26.1 meV / A
2024-11-25 14:06:31.069 INFO: Epoch 80: loss=0.6709, RMSE_E=46.4 meV, RMSE_F=25.9 meV / A
2024-11-25 14:06:42.623 INFO: Epoch 82: loss=0.6634, RMSE_E=47.2 meV, RMSE_F=25.7 meV / A
2024-11-25 14:06:54.002 INFO: Epoch 84: loss=0.6518, RMSE_E=46.7 meV, RMSE_F=25.5 meV / A
2024-11-25 14:07:04.899 INFO: Epoch 86: loss=0.6412, RMSE_E=42.9 meV, RMSE_F=25.3 meV / A
2024-11-25 14:07:16.359 INFO: Epoch 88: loss=0.6339, RMSE_E=41.2 meV, RMSE_F=25.1 meV / A
2024-11-25 14:07:26.948 INFO: Epoch 90: loss=0.6237, RMSE_E=41.3 meV, RMSE_F=24.9 meV / A
2024-11-25 14:07:38.427 INFO: Epoch 92: loss=0.6150, RMSE_E=40.7 meV, RMSE_F=24.8 meV / A
2024-11-25 14:07:47.902 INFO: Epoch 94: loss=0.6069, RMSE_E=42.1 meV, RMSE_F=24.6 meV / A
2024-11-25 14:07:59.449 INFO: Epoch 96: loss=0.6003, RMSE_E=40.2 meV, RMSE_F=24.5 meV / A
2024-11-25 14:08:10.833 INFO: Epoch 98: loss=0.5911, RMSE_E=38.1 meV, RMSE_F=24.3 meV / A
2024-11-25 14:08:22.807 INFO: Epoch 100: loss=0.5879, RMSE_E=40.5 meV, RMSE_F=24.2 meV / A
2024-11-25 14:08:34.625 INFO: Epoch 102: loss=0.5870, RMSE_E=39.1 meV, RMSE_F=24.2 meV / A
2024-11-25 14:08:45.975 INFO: Epoch 104: loss=0.5835, RMSE_E=32.8 meV, RMSE_F=24.1 meV / A
2024-11-25 14:08:57.788 INFO: Epoch 106: loss=0.5744, RMSE_E=31.3 meV, RMSE_F=23.9 meV / A
2024-11-25 14:09:08.898 INFO: Epoch 108: loss=0.5662, RMSE_E=30.2 meV, RMSE_F=23.8 meV / A
2024-11-25 14:09:20.667 INFO: Epoch 110: loss=0.5594, RMSE_E=26.2 meV, RMSE_F=23.6 meV / A
2024-11-25 14:09:31.781 INFO: Epoch 112: loss=0.5510, RMSE_E=26.0 meV, RMSE_F=23.5 meV / A
2024-11-25 14:09:42.958 INFO: Epoch 114: loss=0.5442, RMSE_E=25.4 meV, RMSE_F=23.3 meV / A
2024-11-25 14:09:54.373 INFO: Epoch 116: loss=0.5375, RMSE_E=24.0 meV, RMSE_F=23.2 meV / A
2024-11-25 14:10:06.490 INFO: Epoch 118: loss=0.5319, RMSE_E=22.9 meV, RMSE_F=23.1 meV / A
2024-11-25 14:10:15.502 INFO: Epoch 120: loss=0.5282, RMSE_E=21.7 meV, RMSE_F=23.0 meV / A
2024-11-25 14:10:27.347 INFO: Epoch 122: loss=0.5227, RMSE_E=22.8 meV, RMSE_F=22.9 meV / A
2024-11-25 14:10:38.042 INFO: Epoch 124: loss=0.5177, RMSE_E=21.9 meV, RMSE_F=22.7 meV / A
2024-11-25 14:10:49.624 INFO: Epoch 126: loss=0.5133, RMSE_E=20.2 meV, RMSE_F=22.6 meV / A
2024-11-25 14:11:00.137 INFO: Epoch 128: loss=0.5081, RMSE_E=18.8 meV, RMSE_F=22.5 meV / A
2024-11-25 14:11:11.380 INFO: Epoch 130: loss=0.5025, RMSE_E=18.0 meV, RMSE_F=22.4 meV / A
2024-11-25 14:11:22.601 INFO: Epoch 132: loss=0.4984, RMSE_E=16.9 meV, RMSE_F=22.3 meV / A
2024-11-25 14:11:33.748 INFO: Epoch 134: loss=0.4944, RMSE_E=16.5 meV, RMSE_F=22.2 meV / A
2024-11-25 14:11:45.681 INFO: Epoch 136: loss=0.4915, RMSE_E=12.9 meV, RMSE_F=22.2 meV / A
2024-11-25 14:11:56.903 INFO: Epoch 138: loss=0.4898, RMSE_E=19.5 meV, RMSE_F=22.1 meV / A
2024-11-25 14:12:08.725 INFO: Epoch 140: loss=0.4896, RMSE_E=26.7 meV, RMSE_F=22.1 meV / A
2024-11-25 14:12:20.003 INFO: Epoch 142: loss=0.4869, RMSE_E=27.8 meV, RMSE_F=22.0 meV / A
2024-11-25 14:12:32.004 INFO: Epoch 144: loss=0.4861, RMSE_E=31.0 meV, RMSE_F=22.0 meV / A
2024-11-25 14:12:44.478 INFO: Epoch 146: loss=0.4844, RMSE_E=29.3 meV, RMSE_F=22.0 meV / A
2024-11-25 14:12:56.263 INFO: Epoch 148: loss=0.4838, RMSE_E=28.5 meV, RMSE_F=22.0 meV / A
2024-11-25 14:13:06.933 INFO: Epoch 150: loss=0.4829, RMSE_E=27.3 meV, RMSE_F=22.0 meV / A
2024-11-25 14:13:18.195 INFO: Epoch 152: loss=0.4795, RMSE_E=25.8 meV, RMSE_F=21.9 meV / A
2024-11-25 14:13:29.536 INFO: Epoch 154: loss=0.4767, RMSE_E=25.2 meV, RMSE_F=21.8 meV / A
2024-11-25 14:13:41.742 INFO: Epoch 156: loss=0.4731, RMSE_E=24.6 meV, RMSE_F=21.7 meV / A
2024-11-25 14:13:53.168 INFO: Epoch 158: loss=0.4706, RMSE_E=24.4 meV, RMSE_F=21.7 meV / A
2024-11-25 14:14:04.071 INFO: Epoch 160: loss=0.4693, RMSE_E=22.7 meV, RMSE_F=21.7 meV / A
2024-11-25 14:14:15.705 INFO: Epoch 162: loss=0.4677, RMSE_E=22.0 meV, RMSE_F=21.6 meV / A
2024-11-25 14:14:27.740 INFO: Epoch 164: loss=0.4656, RMSE_E=22.5 meV, RMSE_F=21.6 meV / A
2024-11-25 14:14:37.954 INFO: Epoch 166: loss=0.4666, RMSE_E=21.7 meV, RMSE_F=21.6 meV / A
2024-11-25 14:14:46.886 INFO: Epoch 168: loss=0.4677, RMSE_E=21.2 meV, RMSE_F=21.6 meV / A
2024-11-25 14:14:55.794 INFO: Epoch 170: loss=0.4666, RMSE_E=22.2 meV, RMSE_F=21.6 meV / A
2024-11-25 14:15:05.127 INFO: Epoch 172: loss=0.4637, RMSE_E=21.5 meV, RMSE_F=21.5 meV / A
2024-11-25 14:15:17.292 INFO: Epoch 174: loss=0.4616, RMSE_E=20.9 meV, RMSE_F=21.5 meV / A
2024-11-25 14:15:26.802 INFO: Epoch 176: loss=0.4589, RMSE_E=20.2 meV, RMSE_F=21.4 meV / A
2024-11-25 14:15:38.345 INFO: Epoch 178: loss=0.4569, RMSE_E=19.5 meV, RMSE_F=21.4 meV / A
2024-11-25 14:15:50.148 INFO: Epoch 180: loss=0.4549, RMSE_E=18.1 meV, RMSE_F=21.3 meV / A
2024-11-25 14:16:00.792 INFO: Epoch 182: loss=0.4528, RMSE_E=17.3 meV, RMSE_F=21.3 meV / A
2024-11-25 14:16:12.370 INFO: Epoch 184: loss=0.4506, RMSE_E=16.7 meV, RMSE_F=21.2 meV / A
2024-11-25 14:16:24.490 INFO: Epoch 186: loss=0.4487, RMSE_E=15.9 meV, RMSE_F=21.2 meV / A
2024-11-25 14:16:34.713 INFO: Epoch 188: loss=0.4466, RMSE_E=15.2 meV, RMSE_F=21.1 meV / A
2024-11-25 14:16:46.087 INFO: Epoch 190: loss=0.4448, RMSE_E=14.4 meV, RMSE_F=21.1 meV / A
2024-11-25 14:16:57.032 INFO: Epoch 192: loss=0.4431, RMSE_E=13.8 meV, RMSE_F=21.0 meV / A
2024-11-25 14:17:08.837 INFO: Epoch 194: loss=0.4414, RMSE_E=13.0 meV, RMSE_F=21.0 meV / A
2024-11-25 14:17:18.741 INFO: Epoch 196: loss=0.4395, RMSE_E=12.4 meV, RMSE_F=21.0 meV / A
2024-11-25 14:17:30.168 INFO: Epoch 198: loss=0.4380, RMSE_E=11.9 meV, RMSE_F=20.9 meV / A
2024-11-25 14:17:41.845 INFO: Epoch 200: loss=0.4361, RMSE_E=11.3 meV, RMSE_F=20.9 meV / A
2024-11-25 14:17:54.257 INFO: Epoch 202: loss=0.4345, RMSE_E=10.8 meV, RMSE_F=20.8 meV / A
2024-11-25 14:18:05.845 INFO: Epoch 204: loss=0.4329, RMSE_E=10.5 meV, RMSE_F=20.8 meV / A
2024-11-25 14:18:16.100 INFO: Epoch 206: loss=0.4312, RMSE_E=10.2 meV, RMSE_F=20.8 meV / A
2024-11-25 14:18:27.353 INFO: Epoch 208: loss=0.4297, RMSE_E=9.7 meV, RMSE_F=20.7 meV / A
2024-11-25 14:18:39.059 INFO: Epoch 210: loss=0.4281, RMSE_E=9.3 meV, RMSE_F=20.7 meV / A
2024-11-25 14:18:51.174 INFO: Epoch 212: loss=0.4265, RMSE_E=9.0 meV, RMSE_F=20.7 meV / A
2024-11-25 14:19:03.319 INFO: Epoch 214: loss=0.4251, RMSE_E=8.7 meV, RMSE_F=20.6 meV / A
2024-11-25 14:19:13.518 INFO: Epoch 216: loss=0.4239, RMSE_E=8.4 meV, RMSE_F=20.6 meV / A
2024-11-25 14:19:24.956 INFO: Epoch 218: loss=0.4227, RMSE_E=8.3 meV, RMSE_F=20.6 meV / A
2024-11-25 14:19:36.101 INFO: Epoch 220: loss=0.4215, RMSE_E=8.0 meV, RMSE_F=20.5 meV / A
2024-11-25 14:19:48.100 INFO: Epoch 222: loss=0.4202, RMSE_E=7.7 meV, RMSE_F=20.5 meV / A
2024-11-25 14:20:00.275 INFO: Epoch 224: loss=0.4191, RMSE_E=7.5 meV, RMSE_F=20.5 meV / A
2024-11-25 14:20:12.318 INFO: Epoch 226: loss=0.4177, RMSE_E=7.4 meV, RMSE_F=20.4 meV / A
2024-11-25 14:20:21.293 INFO: Epoch 228: loss=0.4166, RMSE_E=7.1 meV, RMSE_F=20.4 meV / A
2024-11-25 14:20:33.520 INFO: Epoch 230: loss=0.4148, RMSE_E=7.0 meV, RMSE_F=20.4 meV / A
2024-11-25 14:20:45.708 INFO: Epoch 232: loss=0.4141, RMSE_E=6.9 meV, RMSE_F=20.3 meV / A
2024-11-25 14:20:56.061 INFO: Epoch 234: loss=0.4131, RMSE_E=6.8 meV, RMSE_F=20.3 meV / A
2024-11-25 14:21:06.015 INFO: Epoch 236: loss=0.4122, RMSE_E=6.8 meV, RMSE_F=20.3 meV / A
2024-11-25 14:21:17.200 INFO: Epoch 238: loss=0.4113, RMSE_E=6.7 meV, RMSE_F=20.3 meV / A
2024-11-25 14:21:28.796 INFO: Epoch 240: loss=0.4105, RMSE_E=6.5 meV, RMSE_F=20.3 meV / A
2024-11-25 14:21:39.371 INFO: Epoch 242: loss=0.4095, RMSE_E=6.5 meV, RMSE_F=20.2 meV / A
2024-11-25 14:21:51.130 INFO: Epoch 244: loss=0.4082, RMSE_E=6.4 meV, RMSE_F=20.2 meV / A
2024-11-25 14:22:01.176 INFO: Epoch 246: loss=0.4072, RMSE_E=6.4 meV, RMSE_F=20.2 meV / A
2024-11-25 14:22:12.866 INFO: Epoch 248: loss=0.4061, RMSE_E=6.3 meV, RMSE_F=20.2 meV / A
2024-11-25 14:22:24.445 INFO: Epoch 250: loss=0.4053, RMSE_E=6.2 meV, RMSE_F=20.1 meV / A
2024-11-25 14:22:34.250 INFO: Epoch 252: loss=0.4044, RMSE_E=6.1 meV, RMSE_F=20.1 meV / A
2024-11-25 14:22:45.832 INFO: Epoch 254: loss=0.4034, RMSE_E=6.1 meV, RMSE_F=20.1 meV / A
2024-11-25 14:22:57.119 INFO: Epoch 256: loss=0.4029, RMSE_E=6.0 meV, RMSE_F=20.1 meV / A
2024-11-25 14:23:09.340 INFO: Epoch 258: loss=0.4019, RMSE_E=6.0 meV, RMSE_F=20.0 meV / A
2024-11-25 14:23:21.563 INFO: Epoch 260: loss=0.4017, RMSE_E=6.0 meV, RMSE_F=20.0 meV / A
2024-11-25 14:23:33.609 INFO: Epoch 262: loss=0.4011, RMSE_E=5.9 meV, RMSE_F=20.0 meV / A
2024-11-25 14:23:45.398 INFO: Epoch 264: loss=0.4005, RMSE_E=5.9 meV, RMSE_F=20.0 meV / A
2024-11-25 14:23:57.707 INFO: Epoch 266: loss=0.3999, RMSE_E=5.9 meV, RMSE_F=20.0 meV / A
2024-11-25 14:24:09.229 INFO: Epoch 268: loss=0.3991, RMSE_E=5.9 meV, RMSE_F=20.0 meV / A
2024-11-25 14:24:20.853 INFO: Epoch 270: loss=0.3986, RMSE_E=5.9 meV, RMSE_F=20.0 meV / A
2024-11-25 14:24:30.783 INFO: Epoch 272: loss=0.3978, RMSE_E=5.8 meV, RMSE_F=19.9 meV / A
2024-11-25 14:24:42.358 INFO: Epoch 274: loss=0.3967, RMSE_E=5.9 meV, RMSE_F=19.9 meV / A
2024-11-25 14:24:53.451 INFO: Epoch 276: loss=0.3960, RMSE_E=5.9 meV, RMSE_F=19.9 meV / A
2024-11-25 14:25:05.133 INFO: Epoch 278: loss=0.3955, RMSE_E=5.9 meV, RMSE_F=19.9 meV / A
2024-11-25 14:25:15.641 INFO: Epoch 280: loss=0.3950, RMSE_E=5.9 meV, RMSE_F=19.9 meV / A
2024-11-25 14:25:24.906 INFO: Epoch 282: loss=0.3945, RMSE_E=5.8 meV, RMSE_F=19.9 meV / A
2024-11-25 14:25:34.045 INFO: Epoch 284: loss=0.3936, RMSE_E=5.8 meV, RMSE_F=19.8 meV / A
2024-11-25 14:25:44.797 INFO: Epoch 286: loss=0.3939, RMSE_E=5.7 meV, RMSE_F=19.8 meV / A
2024-11-25 14:25:53.937 INFO: Epoch 288: loss=0.3938, RMSE_E=5.7 meV, RMSE_F=19.8 meV / A
2024-11-25 14:26:02.996 INFO: Epoch 290: loss=0.3939, RMSE_E=5.7 meV, RMSE_F=19.8 meV / A
2024-11-25 14:26:11.895 INFO: Epoch 292: loss=0.3934, RMSE_E=5.7 meV, RMSE_F=19.8 meV / A
2024-11-25 14:26:22.997 INFO: Epoch 294: loss=0.3933, RMSE_E=5.8 meV, RMSE_F=19.8 meV / A
2024-11-25 14:26:34.104 INFO: Epoch 296: loss=0.3930, RMSE_E=5.8 meV, RMSE_F=19.8 meV / A
2024-11-25 14:26:45.206 INFO: Epoch 298: loss=0.3928, RMSE_E=5.7 meV, RMSE_F=19.8 meV / A
2024-11-25 14:26:56.162 INFO: Epoch 300: loss=0.3924, RMSE_E=5.7 meV, RMSE_F=19.8 meV / A
2024-11-25 14:27:07.605 INFO: Epoch 302: loss=0.3921, RMSE_E=5.7 meV, RMSE_F=19.8 meV / A
2024-11-25 14:27:19.642 INFO: Epoch 304: loss=0.3917, RMSE_E=5.7 meV, RMSE_F=19.8 meV / A
2024-11-25 14:27:31.790 INFO: Epoch 306: loss=0.3912, RMSE_E=5.6 meV, RMSE_F=19.8 meV / A
2024-11-25 14:27:44.009 INFO: Epoch 308: loss=0.3908, RMSE_E=5.6 meV, RMSE_F=19.8 meV / A
2024-11-25 14:27:54.589 INFO: Epoch 310: loss=0.3905, RMSE_E=5.6 meV, RMSE_F=19.8 meV / A
2024-11-25 14:28:05.957 INFO: Epoch 312: loss=0.3901, RMSE_E=5.6 meV, RMSE_F=19.8 meV / A
2024-11-25 14:28:17.857 INFO: Epoch 314: loss=0.3896, RMSE_E=5.6 meV, RMSE_F=19.7 meV / A
2024-11-25 14:28:30.064 INFO: Epoch 316: loss=0.3893, RMSE_E=5.6 meV, RMSE_F=19.7 meV / A
2024-11-25 14:28:41.963 INFO: Epoch 318: loss=0.3887, RMSE_E=5.6 meV, RMSE_F=19.7 meV / A
2024-11-25 14:28:54.124 INFO: Epoch 320: loss=0.3883, RMSE_E=5.6 meV, RMSE_F=19.7 meV / A
2024-11-25 14:29:04.517 INFO: Epoch 322: loss=0.3877, RMSE_E=5.5 meV, RMSE_F=19.7 meV / A
2024-11-25 14:29:16.180 INFO: Epoch 324: loss=0.3872, RMSE_E=5.5 meV, RMSE_F=19.7 meV / A
2024-11-25 14:29:27.982 INFO: Epoch 326: loss=0.3867, RMSE_E=5.5 meV, RMSE_F=19.7 meV / A
2024-11-25 14:29:38.948 INFO: Epoch 328: loss=0.3862, RMSE_E=5.5 meV, RMSE_F=19.7 meV / A
2024-11-25 14:29:50.256 INFO: Epoch 330: loss=0.3858, RMSE_E=5.5 meV, RMSE_F=19.6 meV / A
2024-11-25 14:30:02.497 INFO: Epoch 332: loss=0.3854, RMSE_E=5.5 meV, RMSE_F=19.6 meV / A
2024-11-25 14:30:14.294 INFO: Epoch 334: loss=0.3848, RMSE_E=5.5 meV, RMSE_F=19.6 meV / A
2024-11-25 14:30:25.154 INFO: Epoch 336: loss=0.3846, RMSE_E=5.5 meV, RMSE_F=19.6 meV / A
2024-11-25 14:30:34.350 INFO: Epoch 338: loss=0.3842, RMSE_E=5.5 meV, RMSE_F=19.6 meV / A
2024-11-25 14:30:45.527 INFO: Epoch 340: loss=0.3837, RMSE_E=5.4 meV, RMSE_F=19.6 meV / A
2024-11-25 14:30:57.725 INFO: Epoch 342: loss=0.3833, RMSE_E=5.5 meV, RMSE_F=19.6 meV / A
2024-11-25 14:31:09.910 INFO: Epoch 344: loss=0.3828, RMSE_E=5.4 meV, RMSE_F=19.6 meV / A
2024-11-25 14:31:22.072 INFO: Epoch 346: loss=0.3823, RMSE_E=5.4 meV, RMSE_F=19.6 meV / A
2024-11-25 14:31:33.947 INFO: Epoch 348: loss=0.3819, RMSE_E=5.4 meV, RMSE_F=19.5 meV / A
2024-11-25 14:31:45.730 INFO: Epoch 350: loss=0.3816, RMSE_E=5.4 meV, RMSE_F=19.5 meV / A
2024-11-25 14:31:56.836 INFO: Epoch 352: loss=0.3811, RMSE_E=5.4 meV, RMSE_F=19.5 meV / A
2024-11-25 14:32:07.856 INFO: Epoch 354: loss=0.3807, RMSE_E=5.4 meV, RMSE_F=19.5 meV / A
2024-11-25 14:32:19.174 INFO: Epoch 356: loss=0.3804, RMSE_E=5.4 meV, RMSE_F=19.5 meV / A
2024-11-25 14:32:31.322 INFO: Epoch 358: loss=0.3801, RMSE_E=5.4 meV, RMSE_F=19.5 meV / A
2024-11-25 14:32:42.876 INFO: Epoch 360: loss=0.3797, RMSE_E=5.4 meV, RMSE_F=19.5 meV / A
2024-11-25 14:32:54.064 INFO: Epoch 362: loss=0.3794, RMSE_E=5.4 meV, RMSE_F=19.5 meV / A
2024-11-25 14:33:05.319 INFO: Epoch 364: loss=0.3790, RMSE_E=5.4 meV, RMSE_F=19.5 meV / A
2024-11-25 14:33:17.532 INFO: Epoch 366: loss=0.3788, RMSE_E=5.3 meV, RMSE_F=19.5 meV / A
2024-11-25 14:33:27.738 INFO: Epoch 368: loss=0.3784, RMSE_E=5.3 meV, RMSE_F=19.5 meV / A
2024-11-25 14:33:39.709 INFO: Epoch 370: loss=0.3780, RMSE_E=5.4 meV, RMSE_F=19.4 meV / A
2024-11-25 14:33:49.925 INFO: Epoch 372: loss=0.3777, RMSE_E=5.3 meV, RMSE_F=19.4 meV / A
2024-11-25 14:34:01.564 INFO: Epoch 374: loss=0.3775, RMSE_E=5.3 meV, RMSE_F=19.4 meV / A
2024-11-25 14:34:13.738 INFO: Epoch 376: loss=0.3772, RMSE_E=5.3 meV, RMSE_F=19.4 meV / A
2024-11-25 14:34:23.767 INFO: Epoch 378: loss=0.3768, RMSE_E=5.3 meV, RMSE_F=19.4 meV / A
2024-11-25 14:34:35.876 INFO: Epoch 380: loss=0.3764, RMSE_E=5.3 meV, RMSE_F=19.4 meV / A
2024-11-25 14:34:46.252 INFO: Epoch 382: loss=0.3762, RMSE_E=5.3 meV, RMSE_F=19.4 meV / A
2024-11-25 14:34:57.594 INFO: Epoch 384: loss=0.3760, RMSE_E=5.3 meV, RMSE_F=19.4 meV / A
2024-11-25 14:35:09.095 INFO: Epoch 386: loss=0.3757, RMSE_E=5.3 meV, RMSE_F=19.4 meV / A
2024-11-25 14:35:20.849 INFO: Epoch 388: loss=0.3755, RMSE_E=5.3 meV, RMSE_F=19.4 meV / A
2024-11-25 14:35:32.105 INFO: Epoch 390: loss=0.3752, RMSE_E=5.3 meV, RMSE_F=19.4 meV / A
2024-11-25 14:35:44.107 INFO: Epoch 392: loss=0.3749, RMSE_E=5.3 meV, RMSE_F=19.4 meV / A
2024-11-25 14:35:56.367 INFO: Epoch 394: loss=0.3745, RMSE_E=5.3 meV, RMSE_F=19.4 meV / A
2024-11-25 14:36:08.345 INFO: Epoch 396: loss=0.3743, RMSE_E=5.3 meV, RMSE_F=19.3 meV / A
2024-11-25 14:36:18.781 INFO: Epoch 398: loss=0.3739, RMSE_E=5.3 meV, RMSE_F=19.3 meV / A
2024-11-25 14:36:29.098 INFO: Epoch 400: loss=0.3736, RMSE_E=5.3 meV, RMSE_F=19.3 meV / A
2024-11-25 14:36:40.519 INFO: Epoch 402: loss=0.3734, RMSE_E=5.3 meV, RMSE_F=19.3 meV / A
2024-11-25 14:36:50.909 INFO: Epoch 404: loss=0.3731, RMSE_E=5.3 meV, RMSE_F=19.3 meV / A
2024-11-25 14:37:02.585 INFO: Epoch 406: loss=0.3729, RMSE_E=5.2 meV, RMSE_F=19.3 meV / A
2024-11-25 14:37:13.174 INFO: Epoch 408: loss=0.3727, RMSE_E=5.2 meV, RMSE_F=19.3 meV / A
2024-11-25 14:37:24.808 INFO: Epoch 410: loss=0.3724, RMSE_E=5.2 meV, RMSE_F=19.3 meV / A
2024-11-25 14:37:37.344 INFO: Epoch 412: loss=0.3721, RMSE_E=5.2 meV, RMSE_F=19.3 meV / A
2024-11-25 14:37:47.119 INFO: Epoch 414: loss=0.3719, RMSE_E=5.2 meV, RMSE_F=19.3 meV / A
2024-11-25 14:37:58.981 INFO: Epoch 416: loss=0.3718, RMSE_E=5.2 meV, RMSE_F=19.3 meV / A
2024-11-25 14:38:09.198 INFO: Epoch 418: loss=0.3715, RMSE_E=5.2 meV, RMSE_F=19.3 meV / A
2024-11-25 14:38:20.674 INFO: Epoch 420: loss=0.3713, RMSE_E=5.2 meV, RMSE_F=19.3 meV / A
2024-11-25 14:38:31.745 INFO: Epoch 422: loss=0.3710, RMSE_E=5.2 meV, RMSE_F=19.3 meV / A
2024-11-25 14:38:43.035 INFO: Epoch 424: loss=0.3707, RMSE_E=5.2 meV, RMSE_F=19.3 meV / A
2024-11-25 14:38:53.622 INFO: Epoch 426: loss=0.3706, RMSE_E=5.2 meV, RMSE_F=19.3 meV / A
2024-11-25 14:39:04.971 INFO: Epoch 428: loss=0.3704, RMSE_E=5.2 meV, RMSE_F=19.2 meV / A
2024-11-25 14:39:16.508 INFO: Epoch 430: loss=0.3702, RMSE_E=5.2 meV, RMSE_F=19.2 meV / A
2024-11-25 14:39:26.703 INFO: Epoch 432: loss=0.3700, RMSE_E=5.2 meV, RMSE_F=19.2 meV / A
2024-11-25 14:39:36.849 INFO: Epoch 434: loss=0.3698, RMSE_E=5.2 meV, RMSE_F=19.2 meV / A
2024-11-25 14:39:48.474 INFO: Epoch 436: loss=0.3696, RMSE_E=5.2 meV, RMSE_F=19.2 meV / A
2024-11-25 14:40:00.728 INFO: Epoch 438: loss=0.3693, RMSE_E=5.2 meV, RMSE_F=19.2 meV / A
2024-11-25 14:40:12.354 INFO: Epoch 440: loss=0.3692, RMSE_E=5.2 meV, RMSE_F=19.2 meV / A
2024-11-25 14:40:23.574 INFO: Epoch 442: loss=0.3688, RMSE_E=5.2 meV, RMSE_F=19.2 meV / A
2024-11-25 14:40:32.751 INFO: Epoch 444: loss=0.3685, RMSE_E=5.2 meV, RMSE_F=19.2 meV / A
2024-11-25 14:40:44.882 INFO: Epoch 446: loss=0.3684, RMSE_E=5.2 meV, RMSE_F=19.2 meV / A
2024-11-25 14:40:56.266 INFO: Epoch 448: loss=0.3682, RMSE_E=5.2 meV, RMSE_F=19.2 meV / A
2024-11-25 14:41:08.425 INFO: Epoch 450: loss=0.3682, RMSE_E=5.2 meV, RMSE_F=19.2 meV / A
2024-11-25 14:41:18.044 INFO: Epoch 452: loss=0.3680, RMSE_E=5.2 meV, RMSE_F=19.2 meV / A
2024-11-25 14:41:28.608 INFO: Epoch 454: loss=0.3679, RMSE_E=5.2 meV, RMSE_F=19.2 meV / A
2024-11-25 14:41:39.716 INFO: Epoch 456: loss=0.3676, RMSE_E=5.2 meV, RMSE_F=19.2 meV / A
2024-11-25 14:41:51.105 INFO: Epoch 458: loss=0.3676, RMSE_E=5.2 meV, RMSE_F=19.2 meV / A
2024-11-25 14:42:02.818 INFO: Epoch 460: loss=0.3674, RMSE_E=5.1 meV, RMSE_F=19.2 meV / A
2024-11-25 14:42:14.106 INFO: Epoch 462: loss=0.3672, RMSE_E=5.1 meV, RMSE_F=19.2 meV / A
2024-11-25 14:42:26.327 INFO: Epoch 464: loss=0.3670, RMSE_E=5.2 meV, RMSE_F=19.2 meV / A
2024-11-25 14:42:38.346 INFO: Epoch 466: loss=0.3669, RMSE_E=5.1 meV, RMSE_F=19.2 meV / A
2024-11-25 14:42:49.945 INFO: Epoch 468: loss=0.3667, RMSE_E=5.1 meV, RMSE_F=19.2 meV / A
2024-11-25 14:43:01.414 INFO: Epoch 470: loss=0.3665, RMSE_E=5.1 meV, RMSE_F=19.1 meV / A
2024-11-25 14:43:11.540 INFO: Epoch 472: loss=0.3664, RMSE_E=5.1 meV, RMSE_F=19.1 meV / A
2024-11-25 14:43:23.616 INFO: Epoch 474: loss=0.3661, RMSE_E=5.1 meV, RMSE_F=19.1 meV / A
2024-11-25 14:43:35.596 INFO: Epoch 476: loss=0.3660, RMSE_E=5.1 meV, RMSE_F=19.1 meV / A
2024-11-25 14:43:47.055 INFO: Epoch 478: loss=0.3658, RMSE_E=5.1 meV, RMSE_F=19.1 meV / A
2024-11-25 14:43:58.595 INFO: Epoch 480: loss=0.3658, RMSE_E=5.1 meV, RMSE_F=19.1 meV / A
2024-11-25 14:44:10.971 INFO: Epoch 482: loss=0.3655, RMSE_E=5.1 meV, RMSE_F=19.1 meV / A
2024-11-25 14:44:21.196 INFO: Epoch 484: loss=0.3654, RMSE_E=5.1 meV, RMSE_F=19.1 meV / A
2024-11-25 14:44:32.897 INFO: Epoch 486: loss=0.3651, RMSE_E=5.1 meV, RMSE_F=19.1 meV / A
2024-11-25 14:44:43.187 INFO: Epoch 488: loss=0.3649, RMSE_E=5.1 meV, RMSE_F=19.1 meV / A
2024-11-25 14:44:55.648 INFO: Epoch 490: loss=0.3647, RMSE_E=5.1 meV, RMSE_F=19.1 meV / A
2024-11-25 14:45:05.405 INFO: Epoch 492: loss=0.3645, RMSE_E=5.1 meV, RMSE_F=19.1 meV / A
2024-11-25 14:45:17.275 INFO: Epoch 494: loss=0.3643, RMSE_E=5.1 meV, RMSE_F=19.1 meV / A
2024-11-25 14:45:27.484 INFO: Epoch 496: loss=0.3642, RMSE_E=5.1 meV, RMSE_F=19.1 meV / A
2024-11-25 14:45:36.982 INFO: Epoch 498: loss=0.3638, RMSE_E=5.1 meV, RMSE_F=19.1 meV / A
2024-11-25 14:45:40.138 INFO: Training complete
2024-11-25 14:45:40.139 INFO: Computing metrics for training, validation, and test sets
2024-11-25 14:45:40.140 INFO: Loading checkpoint: checkpoints/azobenzene_run-123_epoch-498.pt
2024-11-25 14:45:41.062 INFO: Loaded model from epoch 498
2024-11-25 14:45:41.063 INFO: Evaluating train ...
2024-11-25 14:45:41.395 INFO: Evaluating valid ...
2024-11-25 14:45:48.783 INFO: 
+-------------+--------------+------------------+-------------------+
| config_type | RMSE E / meV | RMSE F / meV / A | relative F RMSE % |
+-------------+--------------+------------------+-------------------+
|    train    |     3.5      |       4.2        |        0.32       |
|    valid    |     5.1      |       19.1       |        1.48       |
+-------------+--------------+------------------+-------------------+
2024-11-25 14:45:48.783 INFO: Saving model to checkpoints/azobenzene_run-123.model
2024-11-25 14:45:51.356 INFO: Compiling model, saving metadata to azobenzene_compiled.model
2024-11-25 14:45:53.012 INFO: Done
