2025-03-28 01:33:52.072 INFO: MACE version: 0.3.5
2025-03-28 01:33:52.072 INFO: Configuration: Namespace(config=None, name='3BPA', seed=42, log_dir='logs', model_dir='.', checkpoints_dir='checkpoints', results_dir='results', downloads_dir='downloads', device='cuda', default_dtype='float64', distributed=False, log_level='INFO', error_table='TotalRMSE', model='MACE', r_max=5.0, radial_type='bessel', num_radial_basis=8, num_cutoff_basis=5, pair_repulsion=False, distance_transform='None', interaction='RealAgnosticResidualInteractionBlock', interaction_first='RealAgnosticResidualInteractionBlock', max_ell=3, correlation=3, num_interactions=2, MLP_irreps='16x0e', radial_MLP='[64, 64, 64]', hidden_irreps='128x0e + 128x1o', num_channels=128, max_L=1, gate='silu', scaling='rms_forces_scaling', avg_num_neighbors=1, compute_avg_num_neighbors=True, compute_stress=False, compute_forces=True, train_file='./dataset/train_300K.xyz', valid_file=None, valid_fraction=0.1, test_file='./dataset/test_300K.xyz', test_dir=None, multi_processed_test=False, num_workers=0, pin_memory=True, atomic_numbers=None, mean=None, std=None, statistics_file=None, E0s='average', keep_isolated_atoms=False, energy_key='energy', forces_key='forces', virials_key='virials', stress_key='stress', dipole_key='dipole', charges_key='charges', loss='ef', forces_weight=1000.0, swa_forces_weight=100.0, energy_weight=1.0, swa_energy_weight=1000.0, virials_weight=1.0, swa_virials_weight=10.0, stress_weight=1.0, swa_stress_weight=10.0, dipole_weight=1.0, swa_dipole_weight=1.0, config_type_weights='{"Default":1.0}', huber_delta=0.01, optimizer='adam', beta=0.9, batch_size=5, valid_batch_size=5, lr=0.005, swa_lr=0.001, weight_decay=1e-08, amsgrad=True, scheduler='ReduceLROnPlateau', lr_factor=0.8, scheduler_patience=5, lr_scheduler_gamma=0.9993, swa=False, start_swa=None, ema=True, ema_decay=0.995, max_num_epochs=500, patience=2048, foundation_model='/share/home/wangchen/work/mace/MPtrj/MACE-OFF23_medium.model', foundation_model_readout=True, eval_interval=2, keep_checkpoints=False, save_all_checkpoints=False, restart_latest=False, save_cpu=True, clip_grad=100.0, wandb=False, wandb_dir=None, wandb_project='', wandb_entity='', wandb_name='', wandb_log_hypers=['num_channels', 'max_L', 'correlation', 'lr', 'swa_lr', 'weight_decay', 'batch_size', 'max_num_epochs', 'start_swa', 'energy_weight', 'forces_weight'])
2025-03-28 01:33:52.156 INFO: CUDA version: 11.8, CUDA device: 0
2025-03-28 01:33:52.225 INFO: Error accessing Git repository: /share/home/wangchen/work/mace/organic/3BPA/finetune_42
2025-03-28 01:33:52.515 INFO: Using foundation model /share/home/wangchen/work/mace/MPtrj/MACE-OFF23_medium.model as initial checkpoint.
2025-03-28 01:33:52.684 INFO: Since ASE version 3.23.0b1, using energy_key 'energy' is no longer safe when communicating between MACE and ASE. We recommend using a different key, rewriting energies to 'REF_energy'. You need to use --energy_key='REF_energy', to tell the key name chosen.
2025-03-28 01:33:52.739 INFO: Since ASE version 3.23.0b1, using forces_key 'forces' is no longer safe when communicating between MACE and ASE. We recommend using a different key, rewriting energies to 'REF_forces'. You need to use --forces_key='REF_forces', to tell the key name chosen.
2025-03-28 01:33:52.794 INFO: Since ASE version 3.23.0b1, using stress_key 'stress' is no longer safe when communicating between MACE and ASE. We recommend using a different key, rewriting energies to 'REF_stress'. You need to use --stress_key='REF_stress', to tell the key name chosen.
2025-03-28 01:33:52.803 INFO: Loaded 500 training configurations from './dataset/train_300K.xyz'
2025-03-28 01:33:52.803 INFO: Using random 10.0% of training set for validation
2025-03-28 01:33:53.286 INFO: Since ASE version 3.23.0b1, using energy_key 'energy' is no longer safe when communicating between MACE and ASE. We recommend using a different key, rewriting energies to 'REF_energy'. You need to use --energy_key='REF_energy', to tell the key name chosen.
2025-03-28 01:33:53.471 INFO: Since ASE version 3.23.0b1, using forces_key 'forces' is no longer safe when communicating between MACE and ASE. We recommend using a different key, rewriting energies to 'REF_forces'. You need to use --forces_key='REF_forces', to tell the key name chosen.
2025-03-28 01:33:53.658 INFO: Since ASE version 3.23.0b1, using stress_key 'stress' is no longer safe when communicating between MACE and ASE. We recommend using a different key, rewriting energies to 'REF_stress'. You need to use --stress_key='REF_stress', to tell the key name chosen.
2025-03-28 01:33:53.689 INFO: Loaded 1669 test configurations from './dataset/test_300K.xyz'
2025-03-28 01:33:53.689 INFO: Total number of configurations: train=450, valid=50, tests=[Default: 1669]
2025-03-28 01:33:53.691 INFO: AtomicNumberTable: (1, 6, 7, 8)
2025-03-28 01:33:53.691 INFO: Atomic Energies not in training file, using command line argument E0s
2025-03-28 01:33:53.691 INFO: Computing average Atomic Energies using least squares regression
2025-03-28 01:33:53.695 INFO: Atomic energies: [-723.293997742592, -723.2939977425922, -120.54899962376541, -60.274499811882706]
2025-03-28 01:33:54.091 INFO: EnergyForcesLoss(energy_weight=1.000, forces_weight=1000.000)
2025-03-28 01:33:54.226 INFO: Average number of neighbors: 16.718189300411524
2025-03-28 01:33:54.226 INFO: Selected the following outputs: {'energy': True, 'forces': True, 'virials': False, 'stress': False, 'dipoles': False}
2025-03-28 01:33:54.381 INFO: Building model
2025-03-28 01:33:56.188 INFO: ScaleShiftMACE(
  (node_embedding): LinearNodeEmbeddingBlock(
    (linear): Linear(4x0e -> 128x0e | 512 weights)
  )
  (radial_embedding): RadialEmbeddingBlock(
    (bessel_fn): BesselBasis(r_max=5.0, num_basis=8, trainable=True)
    (cutoff_fn): PolynomialCutoff(p=5.0, r_max=5.0)
  )
  (spherical_harmonics): SphericalHarmonics()
  (atomic_energies_fn): AtomicEnergiesBlock(energies=[-723.2940, -723.2940, -120.5490, -60.2745])
  (interactions): ModuleList(
    (0): RealAgnosticInteractionBlock(
      (linear_up): Linear(128x0e -> 128x0e | 16384 weights)
      (conv_tp): TensorProduct(128x0e x 1x0e+1x1o+1x2e+1x3o -> 128x0e+128x1o+128x2e+128x3o | 512 paths | 512 weights)
      (conv_tp_weights): FullyConnectedNet[8, 64, 64, 64, 512]
      (linear): Linear(128x0e+128x1o+128x2e+128x3o -> 128x0e+128x1o+128x2e+128x3o | 65536 weights)
      (skip_tp): FullyConnectedTensorProduct(128x0e+128x1o+128x2e+128x3o x 4x0e -> 128x0e+128x1o+128x2e+128x3o | 262144 paths | 262144 weights)
      (reshape): reshape_irreps()
    )
    (1): RealAgnosticResidualInteractionBlock(
      (linear_up): Linear(128x0e+128x1o -> 128x0e+128x1o | 32768 weights)
      (conv_tp): TensorProduct(128x0e+128x1o x 1x0e+1x1o+1x2e+1x3o -> 256x0e+384x1o+384x2e+256x3o | 1280 paths | 1280 weights)
      (conv_tp_weights): FullyConnectedNet[8, 64, 64, 64, 1280]
      (linear): Linear(256x0e+384x1o+384x2e+256x3o -> 128x0e+128x1o+128x2e+128x3o | 163840 weights)
      (skip_tp): FullyConnectedTensorProduct(128x0e+128x1o x 4x0e -> 128x0e | 65536 paths | 65536 weights)
      (reshape): reshape_irreps()
    )
  )
  (products): ModuleList(
    (0): EquivariantProductBasisBlock(
      (symmetric_contractions): SymmetricContraction(
        (contractions): ModuleList(
          (0): Contraction(
            (contractions_weighting): ModuleList(
              (0-1): 2 x GraphModule()
            )
            (contractions_features): ModuleList(
              (0-1): 2 x GraphModule()
            )
            (weights): ParameterList(
                (0): Parameter containing: [torch.float64 of size 4x4x128 (cuda:0)]
                (1): Parameter containing: [torch.float64 of size 4x1x128 (cuda:0)]
            )
            (graph_opt_main): GraphModule()
          )
          (1): Contraction(
            (contractions_weighting): ModuleList(
              (0-1): 2 x GraphModule()
            )
            (contractions_features): ModuleList(
              (0-1): 2 x GraphModule()
            )
            (weights): ParameterList(
                (0): Parameter containing: [torch.float64 of size 4x6x128 (cuda:0)]
                (1): Parameter containing: [torch.float64 of size 4x1x128 (cuda:0)]
            )
            (graph_opt_main): GraphModule()
          )
        )
      )
      (linear): Linear(128x0e+128x1o -> 128x0e+128x1o | 32768 weights)
    )
    (1): EquivariantProductBasisBlock(
      (symmetric_contractions): SymmetricContraction(
        (contractions): ModuleList(
          (0): Contraction(
            (contractions_weighting): ModuleList(
              (0-1): 2 x GraphModule()
            )
            (contractions_features): ModuleList(
              (0-1): 2 x GraphModule()
            )
            (weights): ParameterList(
                (0): Parameter containing: [torch.float64 of size 4x4x128 (cuda:0)]
                (1): Parameter containing: [torch.float64 of size 4x1x128 (cuda:0)]
            )
            (graph_opt_main): GraphModule()
          )
        )
      )
      (linear): Linear(128x0e -> 128x0e | 16384 weights)
    )
  )
  (readouts): ModuleList(
    (0): LinearReadoutBlock(
      (linear): Linear(128x0e+128x1o -> 1x0e | 128 weights)
    )
    (1): NonLinearReadoutBlock(
      (linear_1): Linear(128x0e -> 16x0e | 2048 weights)
      (non_linearity): Activation [x] (16x0e -> 16x0e)
      (linear_2): Linear(16x0e -> 1x0e | 16 weights)
    )
  )
  (scale_shift): ScaleShiftBlock(scale=1.088502, shift=0.000000)
)
2025-03-28 01:33:56.191 INFO: Number of parameters: 848536
2025-03-28 01:33:56.191 INFO: Optimizer: Adam (
Parameter Group 0
    amsgrad: True
    betas: (0.9, 0.999)
    capturable: False
    differentiable: False
    eps: 1e-08
    foreach: None
    fused: None
    lr: 0.005
    maximize: False
    name: embedding
    weight_decay: 0.0

Parameter Group 1
    amsgrad: True
    betas: (0.9, 0.999)
    capturable: False
    differentiable: False
    eps: 1e-08
    foreach: None
    fused: None
    lr: 0.005
    maximize: False
    name: interactions_decay
    weight_decay: 1e-08

Parameter Group 2
    amsgrad: True
    betas: (0.9, 0.999)
    capturable: False
    differentiable: False
    eps: 1e-08
    foreach: None
    fused: None
    lr: 0.005
    maximize: False
    name: interactions_no_decay
    weight_decay: 0.0

Parameter Group 3
    amsgrad: True
    betas: (0.9, 0.999)
    capturable: False
    differentiable: False
    eps: 1e-08
    foreach: None
    fused: None
    lr: 0.005
    maximize: False
    name: products
    weight_decay: 1e-08

Parameter Group 4
    amsgrad: True
    betas: (0.9, 0.999)
    capturable: False
    differentiable: False
    eps: 1e-08
    foreach: None
    fused: None
    lr: 0.005
    maximize: False
    name: readouts
    weight_decay: 0.0
)
2025-03-28 01:33:56.191 INFO: Using gradient clipping with tolerance=100.000
2025-03-28 01:33:56.191 INFO: Started training
2025-03-28 01:34:04.098 INFO: Epoch None: loss=17283.3299, RMSE_E=131408.8 meV, RMSE_F=122.7 meV / A
2025-03-28 01:34:22.800 INFO: Epoch 0: loss=7.9637, RMSE_E=218.1 meV, RMSE_F=89.0 meV / A
2025-03-28 01:34:40.728 INFO: Epoch 2: loss=1.4184, RMSE_E=37.6 meV, RMSE_F=37.6 meV / A
2025-03-28 01:34:58.286 INFO: Epoch 4: loss=0.7138, RMSE_E=23.4 meV, RMSE_F=26.7 meV / A
2025-03-28 01:35:16.553 INFO: Epoch 6: loss=0.5003, RMSE_E=19.5 meV, RMSE_F=22.4 meV / A
2025-03-28 01:35:34.889 INFO: Epoch 8: loss=0.3947, RMSE_E=16.8 meV, RMSE_F=19.9 meV / A
2025-03-28 01:35:53.152 INFO: Epoch 10: loss=0.3302, RMSE_E=14.3 meV, RMSE_F=18.2 meV / A
2025-03-28 01:36:11.346 INFO: Epoch 12: loss=0.2900, RMSE_E=12.9 meV, RMSE_F=17.0 meV / A
2025-03-28 01:36:29.467 INFO: Epoch 14: loss=0.2606, RMSE_E=12.1 meV, RMSE_F=16.1 meV / A
2025-03-28 01:36:47.609 INFO: Epoch 16: loss=0.2365, RMSE_E=12.0 meV, RMSE_F=15.4 meV / A
2025-03-28 01:37:05.731 INFO: Epoch 18: loss=0.2191, RMSE_E=11.2 meV, RMSE_F=14.8 meV / A
2025-03-28 01:37:23.846 INFO: Epoch 20: loss=0.2034, RMSE_E=11.1 meV, RMSE_F=14.3 meV / A
2025-03-28 01:37:41.985 INFO: Epoch 22: loss=0.1912, RMSE_E=10.3 meV, RMSE_F=13.8 meV / A
2025-03-28 01:38:00.103 INFO: Epoch 24: loss=0.1808, RMSE_E=9.6 meV, RMSE_F=13.4 meV / A
2025-03-28 01:38:18.214 INFO: Epoch 26: loss=0.1714, RMSE_E=8.9 meV, RMSE_F=13.1 meV / A
2025-03-28 01:38:36.338 INFO: Epoch 28: loss=0.1639, RMSE_E=8.7 meV, RMSE_F=12.8 meV / A
2025-03-28 01:38:54.467 INFO: Epoch 30: loss=0.1571, RMSE_E=8.1 meV, RMSE_F=12.5 meV / A
2025-03-28 01:39:12.507 INFO: Epoch 32: loss=0.1505, RMSE_E=7.8 meV, RMSE_F=12.3 meV / A
2025-03-28 01:39:30.479 INFO: Epoch 34: loss=0.1447, RMSE_E=7.5 meV, RMSE_F=12.0 meV / A
2025-03-28 01:39:48.391 INFO: Epoch 36: loss=0.1403, RMSE_E=7.4 meV, RMSE_F=11.8 meV / A
2025-03-28 01:40:06.329 INFO: Epoch 38: loss=0.1361, RMSE_E=7.3 meV, RMSE_F=11.7 meV / A
2025-03-28 01:40:24.255 INFO: Epoch 40: loss=0.1320, RMSE_E=7.0 meV, RMSE_F=11.5 meV / A
2025-03-28 01:40:42.245 INFO: Epoch 42: loss=0.1284, RMSE_E=6.9 meV, RMSE_F=11.3 meV / A
2025-03-28 01:41:00.324 INFO: Epoch 44: loss=0.1253, RMSE_E=6.8 meV, RMSE_F=11.2 meV / A
2025-03-28 01:41:18.365 INFO: Epoch 46: loss=0.1223, RMSE_E=6.9 meV, RMSE_F=11.1 meV / A
2025-03-28 01:41:36.373 INFO: Epoch 48: loss=0.1199, RMSE_E=7.0 meV, RMSE_F=10.9 meV / A
2025-03-28 01:41:54.397 INFO: Epoch 50: loss=0.1175, RMSE_E=6.8 meV, RMSE_F=10.8 meV / A
2025-03-28 01:42:12.442 INFO: Epoch 52: loss=0.1150, RMSE_E=6.7 meV, RMSE_F=10.7 meV / A
2025-03-28 01:42:30.486 INFO: Epoch 54: loss=0.1129, RMSE_E=6.8 meV, RMSE_F=10.6 meV / A
2025-03-28 01:42:48.524 INFO: Epoch 56: loss=0.1108, RMSE_E=6.7 meV, RMSE_F=10.5 meV / A
2025-03-28 01:43:06.586 INFO: Epoch 58: loss=0.1089, RMSE_E=6.7 meV, RMSE_F=10.4 meV / A
2025-03-28 01:43:24.613 INFO: Epoch 60: loss=0.1072, RMSE_E=6.6 meV, RMSE_F=10.4 meV / A
2025-03-28 01:43:42.653 INFO: Epoch 62: loss=0.1050, RMSE_E=6.6 meV, RMSE_F=10.2 meV / A
2025-03-28 01:44:00.696 INFO: Epoch 64: loss=0.1039, RMSE_E=6.4 meV, RMSE_F=10.2 meV / A
2025-03-28 01:44:18.723 INFO: Epoch 66: loss=0.1028, RMSE_E=6.5 meV, RMSE_F=10.1 meV / A
2025-03-28 01:44:36.683 INFO: Epoch 68: loss=0.1012, RMSE_E=6.3 meV, RMSE_F=10.1 meV / A
2025-03-28 01:44:54.659 INFO: Epoch 70: loss=0.1001, RMSE_E=6.3 meV, RMSE_F=10.0 meV / A
2025-03-28 01:45:12.613 INFO: Epoch 72: loss=0.0988, RMSE_E=6.4 meV, RMSE_F=9.9 meV / A
2025-03-28 01:45:30.607 INFO: Epoch 74: loss=0.0976, RMSE_E=6.4 meV, RMSE_F=9.9 meV / A
2025-03-28 01:45:48.673 INFO: Epoch 76: loss=0.0968, RMSE_E=6.4 meV, RMSE_F=9.8 meV / A
2025-03-28 01:46:06.707 INFO: Epoch 78: loss=0.0958, RMSE_E=6.3 meV, RMSE_F=9.8 meV / A
2025-03-28 01:46:24.671 INFO: Epoch 80: loss=0.0948, RMSE_E=6.3 meV, RMSE_F=9.7 meV / A
2025-03-28 01:46:42.670 INFO: Epoch 82: loss=0.0936, RMSE_E=6.1 meV, RMSE_F=9.7 meV / A
2025-03-28 01:47:00.658 INFO: Epoch 84: loss=0.0924, RMSE_E=6.0 meV, RMSE_F=9.6 meV / A
2025-03-28 01:47:18.603 INFO: Epoch 86: loss=0.0916, RMSE_E=6.0 meV, RMSE_F=9.6 meV / A
2025-03-28 01:47:36.571 INFO: Epoch 88: loss=0.0907, RMSE_E=6.0 meV, RMSE_F=9.5 meV / A
2025-03-28 01:47:54.522 INFO: Epoch 90: loss=0.0899, RMSE_E=6.0 meV, RMSE_F=9.5 meV / A
2025-03-28 01:48:12.522 INFO: Epoch 92: loss=0.0893, RMSE_E=5.9 meV, RMSE_F=9.4 meV / A
2025-03-28 01:48:30.503 INFO: Epoch 94: loss=0.0881, RMSE_E=5.8 meV, RMSE_F=9.4 meV / A
2025-03-28 01:48:48.431 INFO: Epoch 96: loss=0.0876, RMSE_E=5.8 meV, RMSE_F=9.4 meV / A
2025-03-28 01:49:06.380 INFO: Epoch 98: loss=0.0869, RMSE_E=5.7 meV, RMSE_F=9.3 meV / A
2025-03-28 01:49:24.355 INFO: Epoch 100: loss=0.0863, RMSE_E=5.7 meV, RMSE_F=9.3 meV / A
2025-03-28 01:49:42.290 INFO: Epoch 102: loss=0.0856, RMSE_E=5.7 meV, RMSE_F=9.2 meV / A
2025-03-28 01:50:00.198 INFO: Epoch 104: loss=0.0849, RMSE_E=5.6 meV, RMSE_F=9.2 meV / A
2025-03-28 01:50:18.138 INFO: Epoch 106: loss=0.0846, RMSE_E=5.6 meV, RMSE_F=9.2 meV / A
2025-03-28 01:50:36.100 INFO: Epoch 108: loss=0.0837, RMSE_E=5.6 meV, RMSE_F=9.1 meV / A
2025-03-28 01:50:54.048 INFO: Epoch 110: loss=0.0832, RMSE_E=5.6 meV, RMSE_F=9.1 meV / A
2025-03-28 01:51:11.980 INFO: Epoch 112: loss=0.0827, RMSE_E=5.8 meV, RMSE_F=9.1 meV / A
2025-03-28 01:51:29.947 INFO: Epoch 114: loss=0.0821, RMSE_E=5.7 meV, RMSE_F=9.1 meV / A
2025-03-28 01:51:47.893 INFO: Epoch 116: loss=0.0818, RMSE_E=5.6 meV, RMSE_F=9.0 meV / A
2025-03-28 01:52:05.847 INFO: Epoch 118: loss=0.0811, RMSE_E=5.6 meV, RMSE_F=9.0 meV / A
2025-03-28 01:52:23.819 INFO: Epoch 120: loss=0.0806, RMSE_E=5.5 meV, RMSE_F=9.0 meV / A
2025-03-28 01:52:41.805 INFO: Epoch 122: loss=0.0800, RMSE_E=5.5 meV, RMSE_F=8.9 meV / A
2025-03-28 01:52:59.797 INFO: Epoch 124: loss=0.0794, RMSE_E=5.4 meV, RMSE_F=8.9 meV / A
2025-03-28 01:53:17.811 INFO: Epoch 126: loss=0.0791, RMSE_E=5.3 meV, RMSE_F=8.9 meV / A
2025-03-28 01:53:35.768 INFO: Epoch 128: loss=0.0788, RMSE_E=5.4 meV, RMSE_F=8.9 meV / A
2025-03-28 01:53:53.764 INFO: Epoch 130: loss=0.0785, RMSE_E=5.4 meV, RMSE_F=8.9 meV / A
2025-03-28 01:54:11.682 INFO: Epoch 132: loss=0.0780, RMSE_E=5.4 meV, RMSE_F=8.8 meV / A
2025-03-28 01:54:29.687 INFO: Epoch 134: loss=0.0775, RMSE_E=5.5 meV, RMSE_F=8.8 meV / A
2025-03-28 01:54:47.595 INFO: Epoch 136: loss=0.0772, RMSE_E=5.6 meV, RMSE_F=8.8 meV / A
2025-03-28 01:55:05.575 INFO: Epoch 138: loss=0.0767, RMSE_E=5.6 meV, RMSE_F=8.8 meV / A
2025-03-28 01:55:23.563 INFO: Epoch 140: loss=0.0764, RMSE_E=5.6 meV, RMSE_F=8.7 meV / A
2025-03-28 01:55:41.579 INFO: Epoch 142: loss=0.0761, RMSE_E=5.6 meV, RMSE_F=8.7 meV / A
2025-03-28 01:55:59.575 INFO: Epoch 144: loss=0.0758, RMSE_E=5.6 meV, RMSE_F=8.7 meV / A
2025-03-28 01:56:17.574 INFO: Epoch 146: loss=0.0758, RMSE_E=5.4 meV, RMSE_F=8.7 meV / A
2025-03-28 01:56:35.527 INFO: Epoch 148: loss=0.0755, RMSE_E=5.5 meV, RMSE_F=8.7 meV / A
2025-03-28 01:56:53.465 INFO: Epoch 150: loss=0.0750, RMSE_E=5.4 meV, RMSE_F=8.7 meV / A
2025-03-28 01:57:11.443 INFO: Epoch 152: loss=0.0745, RMSE_E=5.3 meV, RMSE_F=8.6 meV / A
2025-03-28 01:57:29.405 INFO: Epoch 154: loss=0.0740, RMSE_E=5.2 meV, RMSE_F=8.6 meV / A
2025-03-28 01:57:47.343 INFO: Epoch 156: loss=0.0736, RMSE_E=5.3 meV, RMSE_F=8.6 meV / A
2025-03-28 01:58:05.306 INFO: Epoch 158: loss=0.0734, RMSE_E=5.3 meV, RMSE_F=8.6 meV / A
2025-03-28 01:58:23.250 INFO: Epoch 160: loss=0.0730, RMSE_E=5.3 meV, RMSE_F=8.5 meV / A
2025-03-28 01:58:41.161 INFO: Epoch 162: loss=0.0727, RMSE_E=5.3 meV, RMSE_F=8.5 meV / A
2025-03-28 01:58:59.110 INFO: Epoch 164: loss=0.0727, RMSE_E=5.3 meV, RMSE_F=8.5 meV / A
2025-03-28 01:59:16.936 INFO: Epoch 166: loss=0.0725, RMSE_E=5.2 meV, RMSE_F=8.5 meV / A
2025-03-28 01:59:34.867 INFO: Epoch 168: loss=0.0720, RMSE_E=5.2 meV, RMSE_F=8.5 meV / A
2025-03-28 01:59:52.838 INFO: Epoch 170: loss=0.0718, RMSE_E=5.2 meV, RMSE_F=8.5 meV / A
2025-03-28 02:00:10.769 INFO: Epoch 172: loss=0.0715, RMSE_E=5.2 meV, RMSE_F=8.5 meV / A
2025-03-28 02:00:28.690 INFO: Epoch 174: loss=0.0714, RMSE_E=5.1 meV, RMSE_F=8.4 meV / A
2025-03-28 02:00:46.585 INFO: Epoch 176: loss=0.0711, RMSE_E=5.2 meV, RMSE_F=8.4 meV / A
2025-03-28 02:01:04.495 INFO: Epoch 178: loss=0.0709, RMSE_E=5.1 meV, RMSE_F=8.4 meV / A
2025-03-28 02:01:22.444 INFO: Epoch 180: loss=0.0708, RMSE_E=5.0 meV, RMSE_F=8.4 meV / A
2025-03-28 02:01:40.415 INFO: Epoch 182: loss=0.0704, RMSE_E=5.0 meV, RMSE_F=8.4 meV / A
2025-03-28 02:01:58.421 INFO: Epoch 184: loss=0.0703, RMSE_E=5.0 meV, RMSE_F=8.4 meV / A
2025-03-28 02:02:16.400 INFO: Epoch 186: loss=0.0700, RMSE_E=5.0 meV, RMSE_F=8.4 meV / A
2025-03-28 02:02:34.357 INFO: Epoch 188: loss=0.0698, RMSE_E=5.0 meV, RMSE_F=8.4 meV / A
2025-03-28 02:02:52.348 INFO: Epoch 190: loss=0.0694, RMSE_E=4.9 meV, RMSE_F=8.3 meV / A
2025-03-28 02:03:10.352 INFO: Epoch 192: loss=0.0692, RMSE_E=5.0 meV, RMSE_F=8.3 meV / A
2025-03-28 02:03:28.279 INFO: Epoch 194: loss=0.0688, RMSE_E=5.1 meV, RMSE_F=8.3 meV / A
2025-03-28 02:03:46.226 INFO: Epoch 196: loss=0.0689, RMSE_E=4.9 meV, RMSE_F=8.3 meV / A
2025-03-28 02:04:04.080 INFO: Epoch 198: loss=0.0687, RMSE_E=4.9 meV, RMSE_F=8.3 meV / A
2025-03-28 02:04:22.050 INFO: Epoch 200: loss=0.0686, RMSE_E=5.0 meV, RMSE_F=8.3 meV / A
2025-03-28 02:04:40.015 INFO: Epoch 202: loss=0.0684, RMSE_E=4.9 meV, RMSE_F=8.3 meV / A
2025-03-28 02:04:57.912 INFO: Epoch 204: loss=0.0682, RMSE_E=4.9 meV, RMSE_F=8.3 meV / A
2025-03-28 02:05:15.882 INFO: Epoch 206: loss=0.0680, RMSE_E=4.9 meV, RMSE_F=8.2 meV / A
2025-03-28 02:05:33.794 INFO: Epoch 208: loss=0.0677, RMSE_E=4.7 meV, RMSE_F=8.2 meV / A
2025-03-28 02:05:51.719 INFO: Epoch 210: loss=0.0675, RMSE_E=4.8 meV, RMSE_F=8.2 meV / A
2025-03-28 02:06:09.690 INFO: Epoch 212: loss=0.0673, RMSE_E=4.8 meV, RMSE_F=8.2 meV / A
2025-03-28 02:06:27.638 INFO: Epoch 214: loss=0.0672, RMSE_E=4.8 meV, RMSE_F=8.2 meV / A
2025-03-28 02:06:45.575 INFO: Epoch 216: loss=0.0670, RMSE_E=4.8 meV, RMSE_F=8.2 meV / A
2025-03-28 02:07:03.535 INFO: Epoch 218: loss=0.0670, RMSE_E=4.8 meV, RMSE_F=8.2 meV / A
2025-03-28 02:07:21.383 INFO: Epoch 220: loss=0.0667, RMSE_E=4.7 meV, RMSE_F=8.2 meV / A
2025-03-28 02:07:39.342 INFO: Epoch 222: loss=0.0666, RMSE_E=4.6 meV, RMSE_F=8.2 meV / A
2025-03-28 02:07:57.282 INFO: Epoch 224: loss=0.0664, RMSE_E=4.7 meV, RMSE_F=8.1 meV / A
2025-03-28 02:08:15.249 INFO: Epoch 226: loss=0.0662, RMSE_E=4.7 meV, RMSE_F=8.1 meV / A
2025-03-28 02:08:33.194 INFO: Epoch 228: loss=0.0662, RMSE_E=4.7 meV, RMSE_F=8.1 meV / A
2025-03-28 02:08:50.947 INFO: Epoch 230: loss=0.0659, RMSE_E=4.7 meV, RMSE_F=8.1 meV / A
2025-03-28 02:09:08.868 INFO: Epoch 232: loss=0.0660, RMSE_E=4.8 meV, RMSE_F=8.1 meV / A
2025-03-28 02:09:26.663 INFO: Epoch 234: loss=0.0658, RMSE_E=4.7 meV, RMSE_F=8.1 meV / A
2025-03-28 02:09:44.628 INFO: Epoch 236: loss=0.0657, RMSE_E=4.7 meV, RMSE_F=8.1 meV / A
2025-03-28 02:10:02.589 INFO: Epoch 238: loss=0.0655, RMSE_E=4.7 meV, RMSE_F=8.1 meV / A
2025-03-28 02:10:20.535 INFO: Epoch 240: loss=0.0653, RMSE_E=4.6 meV, RMSE_F=8.1 meV / A
2025-03-28 02:10:38.506 INFO: Epoch 242: loss=0.0650, RMSE_E=4.7 meV, RMSE_F=8.1 meV / A
2025-03-28 02:10:56.451 INFO: Epoch 244: loss=0.0648, RMSE_E=4.6 meV, RMSE_F=8.1 meV / A
2025-03-28 02:11:14.386 INFO: Epoch 246: loss=0.0647, RMSE_E=4.6 meV, RMSE_F=8.0 meV / A
2025-03-28 02:11:32.303 INFO: Epoch 248: loss=0.0646, RMSE_E=4.6 meV, RMSE_F=8.0 meV / A
2025-03-28 02:11:50.255 INFO: Epoch 250: loss=0.0647, RMSE_E=4.5 meV, RMSE_F=8.0 meV / A
2025-03-28 02:12:08.086 INFO: Epoch 252: loss=0.0645, RMSE_E=4.5 meV, RMSE_F=8.0 meV / A
2025-03-28 02:12:26.055 INFO: Epoch 254: loss=0.0643, RMSE_E=4.6 meV, RMSE_F=8.0 meV / A
2025-03-28 02:12:43.982 INFO: Epoch 256: loss=0.0643, RMSE_E=4.6 meV, RMSE_F=8.0 meV / A
2025-03-28 02:13:01.911 INFO: Epoch 258: loss=0.0642, RMSE_E=4.5 meV, RMSE_F=8.0 meV / A
2025-03-28 02:13:19.855 INFO: Epoch 260: loss=0.0641, RMSE_E=4.5 meV, RMSE_F=8.0 meV / A
2025-03-28 02:13:37.789 INFO: Epoch 262: loss=0.0639, RMSE_E=4.5 meV, RMSE_F=8.0 meV / A
2025-03-28 02:13:55.767 INFO: Epoch 264: loss=0.0638, RMSE_E=4.5 meV, RMSE_F=8.0 meV / A
2025-03-28 02:14:13.726 INFO: Epoch 266: loss=0.0637, RMSE_E=4.5 meV, RMSE_F=8.0 meV / A
2025-03-28 02:14:31.731 INFO: Epoch 268: loss=0.0634, RMSE_E=4.4 meV, RMSE_F=8.0 meV / A
2025-03-28 02:14:49.714 INFO: Epoch 270: loss=0.0633, RMSE_E=4.5 meV, RMSE_F=8.0 meV / A
2025-03-28 02:15:07.691 INFO: Epoch 272: loss=0.0632, RMSE_E=4.6 meV, RMSE_F=7.9 meV / A
2025-03-28 02:15:25.643 INFO: Epoch 274: loss=0.0631, RMSE_E=4.6 meV, RMSE_F=7.9 meV / A
2025-03-28 02:15:43.623 INFO: Epoch 276: loss=0.0632, RMSE_E=4.6 meV, RMSE_F=7.9 meV / A
2025-03-28 02:16:01.475 INFO: Epoch 278: loss=0.0630, RMSE_E=4.4 meV, RMSE_F=7.9 meV / A
2025-03-28 02:16:19.391 INFO: Epoch 280: loss=0.0629, RMSE_E=4.4 meV, RMSE_F=7.9 meV / A
2025-03-28 02:16:37.290 INFO: Epoch 282: loss=0.0629, RMSE_E=4.4 meV, RMSE_F=7.9 meV / A
2025-03-28 02:16:55.206 INFO: Epoch 284: loss=0.0626, RMSE_E=4.4 meV, RMSE_F=7.9 meV / A
2025-03-28 02:17:13.193 INFO: Epoch 286: loss=0.0625, RMSE_E=4.4 meV, RMSE_F=7.9 meV / A
2025-03-28 02:17:31.115 INFO: Epoch 288: loss=0.0625, RMSE_E=4.4 meV, RMSE_F=7.9 meV / A
2025-03-28 02:17:48.947 INFO: Epoch 290: loss=0.0624, RMSE_E=4.3 meV, RMSE_F=7.9 meV / A
2025-03-28 02:18:06.902 INFO: Epoch 292: loss=0.0622, RMSE_E=4.3 meV, RMSE_F=7.9 meV / A
2025-03-28 02:18:24.854 INFO: Epoch 294: loss=0.0621, RMSE_E=4.3 meV, RMSE_F=7.9 meV / A
2025-03-28 02:18:42.759 INFO: Epoch 296: loss=0.0620, RMSE_E=4.3 meV, RMSE_F=7.9 meV / A
2025-03-28 02:19:00.699 INFO: Epoch 298: loss=0.0619, RMSE_E=4.3 meV, RMSE_F=7.9 meV / A
2025-03-28 02:19:18.638 INFO: Epoch 300: loss=0.0619, RMSE_E=4.3 meV, RMSE_F=7.9 meV / A
2025-03-28 02:19:36.607 INFO: Epoch 302: loss=0.0617, RMSE_E=4.3 meV, RMSE_F=7.9 meV / A
2025-03-28 02:19:54.567 INFO: Epoch 304: loss=0.0615, RMSE_E=4.3 meV, RMSE_F=7.8 meV / A
2025-03-28 02:20:12.522 INFO: Epoch 306: loss=0.0613, RMSE_E=4.3 meV, RMSE_F=7.8 meV / A
2025-03-28 02:20:30.455 INFO: Epoch 308: loss=0.0613, RMSE_E=4.3 meV, RMSE_F=7.8 meV / A
2025-03-28 02:20:48.395 INFO: Epoch 310: loss=0.0615, RMSE_E=4.3 meV, RMSE_F=7.8 meV / A
2025-03-28 02:21:06.199 INFO: Epoch 312: loss=0.0613, RMSE_E=4.3 meV, RMSE_F=7.8 meV / A
2025-03-28 02:21:24.106 INFO: Epoch 314: loss=0.0612, RMSE_E=4.3 meV, RMSE_F=7.8 meV / A
2025-03-28 02:21:42.051 INFO: Epoch 316: loss=0.0610, RMSE_E=4.3 meV, RMSE_F=7.8 meV / A
2025-03-28 02:21:59.998 INFO: Epoch 318: loss=0.0609, RMSE_E=4.3 meV, RMSE_F=7.8 meV / A
2025-03-28 02:22:17.947 INFO: Epoch 320: loss=0.0608, RMSE_E=4.3 meV, RMSE_F=7.8 meV / A
2025-03-28 02:22:35.870 INFO: Epoch 322: loss=0.0606, RMSE_E=4.3 meV, RMSE_F=7.8 meV / A
2025-03-28 02:22:53.739 INFO: Epoch 324: loss=0.0606, RMSE_E=4.3 meV, RMSE_F=7.8 meV / A
2025-03-28 02:23:11.654 INFO: Epoch 326: loss=0.0605, RMSE_E=4.4 meV, RMSE_F=7.8 meV / A
2025-03-28 02:23:29.570 INFO: Epoch 328: loss=0.0605, RMSE_E=4.3 meV, RMSE_F=7.8 meV / A
2025-03-28 02:23:47.482 INFO: Epoch 330: loss=0.0604, RMSE_E=4.3 meV, RMSE_F=7.8 meV / A
2025-03-28 02:24:05.439 INFO: Epoch 332: loss=0.0605, RMSE_E=4.3 meV, RMSE_F=7.8 meV / A
2025-03-28 02:24:23.252 INFO: Epoch 334: loss=0.0603, RMSE_E=4.2 meV, RMSE_F=7.8 meV / A
2025-03-28 02:24:41.149 INFO: Epoch 336: loss=0.0601, RMSE_E=4.3 meV, RMSE_F=7.8 meV / A
2025-03-28 02:24:59.083 INFO: Epoch 338: loss=0.0601, RMSE_E=4.4 meV, RMSE_F=7.7 meV / A
2025-03-28 02:25:17.044 INFO: Epoch 340: loss=0.0600, RMSE_E=4.3 meV, RMSE_F=7.7 meV / A
2025-03-28 02:25:35.028 INFO: Epoch 342: loss=0.0599, RMSE_E=4.3 meV, RMSE_F=7.7 meV / A
2025-03-28 02:25:52.938 INFO: Epoch 344: loss=0.0599, RMSE_E=4.3 meV, RMSE_F=7.7 meV / A
2025-03-28 02:26:10.723 INFO: Epoch 346: loss=0.0598, RMSE_E=4.3 meV, RMSE_F=7.7 meV / A
2025-03-28 02:26:28.645 INFO: Epoch 348: loss=0.0598, RMSE_E=4.2 meV, RMSE_F=7.7 meV / A
2025-03-28 02:26:46.527 INFO: Epoch 350: loss=0.0598, RMSE_E=4.2 meV, RMSE_F=7.7 meV / A
2025-03-28 02:27:04.447 INFO: Epoch 352: loss=0.0596, RMSE_E=4.2 meV, RMSE_F=7.7 meV / A
2025-03-28 02:27:22.398 INFO: Epoch 354: loss=0.0597, RMSE_E=4.2 meV, RMSE_F=7.7 meV / A
2025-03-28 02:27:40.208 INFO: Epoch 356: loss=0.0597, RMSE_E=4.1 meV, RMSE_F=7.7 meV / A
2025-03-28 02:27:58.039 INFO: Epoch 358: loss=0.0595, RMSE_E=4.2 meV, RMSE_F=7.7 meV / A
2025-03-28 02:28:15.964 INFO: Epoch 360: loss=0.0595, RMSE_E=4.1 meV, RMSE_F=7.7 meV / A
2025-03-28 02:28:33.812 INFO: Epoch 362: loss=0.0596, RMSE_E=4.1 meV, RMSE_F=7.7 meV / A
2025-03-28 02:28:51.607 INFO: Epoch 364: loss=0.0593, RMSE_E=4.1 meV, RMSE_F=7.7 meV / A
2025-03-28 02:29:09.509 INFO: Epoch 366: loss=0.0593, RMSE_E=4.2 meV, RMSE_F=7.7 meV / A
2025-03-28 02:29:27.430 INFO: Epoch 368: loss=0.0592, RMSE_E=4.3 meV, RMSE_F=7.7 meV / A
2025-03-28 02:29:45.342 INFO: Epoch 370: loss=0.0590, RMSE_E=4.3 meV, RMSE_F=7.7 meV / A
2025-03-28 02:30:03.290 INFO: Epoch 372: loss=0.0591, RMSE_E=4.2 meV, RMSE_F=7.7 meV / A
2025-03-28 02:30:21.095 INFO: Epoch 374: loss=0.0590, RMSE_E=4.1 meV, RMSE_F=7.7 meV / A
2025-03-28 02:30:38.913 INFO: Epoch 376: loss=0.0590, RMSE_E=4.2 meV, RMSE_F=7.7 meV / A
2025-03-28 02:30:56.803 INFO: Epoch 378: loss=0.0589, RMSE_E=4.2 meV, RMSE_F=7.7 meV / A
2025-03-28 02:31:14.743 INFO: Epoch 380: loss=0.0588, RMSE_E=4.1 meV, RMSE_F=7.7 meV / A
2025-03-28 02:31:32.678 INFO: Epoch 382: loss=0.0588, RMSE_E=4.1 meV, RMSE_F=7.7 meV / A
2025-03-28 02:31:50.445 INFO: Epoch 384: loss=0.0586, RMSE_E=4.1 meV, RMSE_F=7.7 meV / A
2025-03-28 02:32:08.335 INFO: Epoch 386: loss=0.0586, RMSE_E=4.0 meV, RMSE_F=7.7 meV / A
2025-03-28 02:32:26.269 INFO: Epoch 388: loss=0.0586, RMSE_E=4.0 meV, RMSE_F=7.7 meV / A
2025-03-28 02:32:44.103 INFO: Epoch 390: loss=0.0584, RMSE_E=4.0 meV, RMSE_F=7.6 meV / A
2025-03-28 02:33:02.064 INFO: Epoch 392: loss=0.0582, RMSE_E=4.0 meV, RMSE_F=7.6 meV / A
2025-03-28 02:33:20.033 INFO: Epoch 394: loss=0.0583, RMSE_E=4.1 meV, RMSE_F=7.6 meV / A
2025-03-28 02:33:37.875 INFO: Epoch 396: loss=0.0583, RMSE_E=4.1 meV, RMSE_F=7.6 meV / A
2025-03-28 02:33:55.701 INFO: Epoch 398: loss=0.0583, RMSE_E=4.0 meV, RMSE_F=7.6 meV / A
2025-03-28 02:34:13.531 INFO: Epoch 400: loss=0.0581, RMSE_E=4.0 meV, RMSE_F=7.6 meV / A
2025-03-28 02:34:31.474 INFO: Epoch 402: loss=0.0581, RMSE_E=4.0 meV, RMSE_F=7.6 meV / A
2025-03-28 02:34:49.254 INFO: Epoch 404: loss=0.0580, RMSE_E=4.0 meV, RMSE_F=7.6 meV / A
2025-03-28 02:35:07.154 INFO: Epoch 406: loss=0.0581, RMSE_E=4.0 meV, RMSE_F=7.6 meV / A
2025-03-28 02:35:24.924 INFO: Epoch 408: loss=0.0579, RMSE_E=4.0 meV, RMSE_F=7.6 meV / A
2025-03-28 02:35:42.848 INFO: Epoch 410: loss=0.0578, RMSE_E=4.0 meV, RMSE_F=7.6 meV / A
2025-03-28 02:36:00.767 INFO: Epoch 412: loss=0.0578, RMSE_E=3.9 meV, RMSE_F=7.6 meV / A
2025-03-28 02:36:18.544 INFO: Epoch 414: loss=0.0577, RMSE_E=3.9 meV, RMSE_F=7.6 meV / A
2025-03-28 02:36:36.449 INFO: Epoch 416: loss=0.0577, RMSE_E=4.0 meV, RMSE_F=7.6 meV / A
2025-03-28 02:36:54.362 INFO: Epoch 418: loss=0.0576, RMSE_E=3.9 meV, RMSE_F=7.6 meV / A
2025-03-28 02:37:12.298 INFO: Epoch 420: loss=0.0576, RMSE_E=4.0 meV, RMSE_F=7.6 meV / A
2025-03-28 02:37:30.199 INFO: Epoch 422: loss=0.0576, RMSE_E=4.0 meV, RMSE_F=7.6 meV / A
2025-03-28 02:37:47.967 INFO: Epoch 424: loss=0.0576, RMSE_E=4.0 meV, RMSE_F=7.6 meV / A
2025-03-28 02:38:05.908 INFO: Epoch 426: loss=0.0574, RMSE_E=4.0 meV, RMSE_F=7.6 meV / A
2025-03-28 02:38:23.841 INFO: Epoch 428: loss=0.0573, RMSE_E=4.0 meV, RMSE_F=7.6 meV / A
2025-03-28 02:38:41.799 INFO: Epoch 430: loss=0.0572, RMSE_E=4.0 meV, RMSE_F=7.6 meV / A
2025-03-28 02:38:59.754 INFO: Epoch 432: loss=0.0572, RMSE_E=4.0 meV, RMSE_F=7.6 meV / A
2025-03-28 02:39:17.716 INFO: Epoch 434: loss=0.0571, RMSE_E=3.9 meV, RMSE_F=7.6 meV / A
2025-03-28 02:39:35.660 INFO: Epoch 436: loss=0.0571, RMSE_E=3.9 meV, RMSE_F=7.6 meV / A
2025-03-28 02:39:53.600 INFO: Epoch 438: loss=0.0572, RMSE_E=3.8 meV, RMSE_F=7.6 meV / A
2025-03-28 02:40:11.424 INFO: Epoch 440: loss=0.0571, RMSE_E=3.9 meV, RMSE_F=7.6 meV / A
2025-03-28 02:40:29.206 INFO: Epoch 442: loss=0.0570, RMSE_E=3.9 meV, RMSE_F=7.6 meV / A
2025-03-28 02:40:47.146 INFO: Epoch 444: loss=0.0570, RMSE_E=3.9 meV, RMSE_F=7.6 meV / A
2025-03-28 02:41:04.946 INFO: Epoch 446: loss=0.0570, RMSE_E=3.9 meV, RMSE_F=7.5 meV / A
2025-03-28 02:41:22.886 INFO: Epoch 448: loss=0.0569, RMSE_E=3.9 meV, RMSE_F=7.5 meV / A
2025-03-28 02:41:40.778 INFO: Epoch 450: loss=0.0570, RMSE_E=3.9 meV, RMSE_F=7.5 meV / A
2025-03-28 02:41:58.614 INFO: Epoch 452: loss=0.0569, RMSE_E=3.8 meV, RMSE_F=7.5 meV / A
2025-03-28 02:42:16.459 INFO: Epoch 454: loss=0.0569, RMSE_E=3.9 meV, RMSE_F=7.5 meV / A
2025-03-28 02:42:34.322 INFO: Epoch 456: loss=0.0569, RMSE_E=3.9 meV, RMSE_F=7.5 meV / A
2025-03-28 02:42:52.323 INFO: Epoch 458: loss=0.0569, RMSE_E=3.9 meV, RMSE_F=7.5 meV / A
2025-03-28 02:43:10.159 INFO: Epoch 460: loss=0.0568, RMSE_E=3.9 meV, RMSE_F=7.5 meV / A
2025-03-28 02:43:28.089 INFO: Epoch 462: loss=0.0568, RMSE_E=3.9 meV, RMSE_F=7.5 meV / A
2025-03-28 02:43:46.062 INFO: Epoch 464: loss=0.0568, RMSE_E=3.9 meV, RMSE_F=7.5 meV / A
2025-03-28 02:44:04.055 INFO: Epoch 466: loss=0.0567, RMSE_E=3.9 meV, RMSE_F=7.5 meV / A
2025-03-28 02:44:22.060 INFO: Epoch 468: loss=0.0567, RMSE_E=3.9 meV, RMSE_F=7.5 meV / A
2025-03-28 02:44:39.995 INFO: Epoch 470: loss=0.0566, RMSE_E=3.9 meV, RMSE_F=7.5 meV / A
2025-03-28 02:44:57.959 INFO: Epoch 472: loss=0.0566, RMSE_E=3.9 meV, RMSE_F=7.5 meV / A
2025-03-28 02:45:15.915 INFO: Epoch 474: loss=0.0566, RMSE_E=3.9 meV, RMSE_F=7.5 meV / A
2025-03-28 02:45:33.707 INFO: Epoch 476: loss=0.0565, RMSE_E=3.8 meV, RMSE_F=7.5 meV / A
2025-03-28 02:45:51.691 INFO: Epoch 478: loss=0.0565, RMSE_E=3.9 meV, RMSE_F=7.5 meV / A
2025-03-28 02:46:09.555 INFO: Epoch 480: loss=0.0565, RMSE_E=3.9 meV, RMSE_F=7.5 meV / A
2025-03-28 02:46:27.532 INFO: Epoch 482: loss=0.0565, RMSE_E=3.9 meV, RMSE_F=7.5 meV / A
2025-03-28 02:46:45.523 INFO: Epoch 484: loss=0.0564, RMSE_E=3.9 meV, RMSE_F=7.5 meV / A
2025-03-28 02:47:03.518 INFO: Epoch 486: loss=0.0564, RMSE_E=3.9 meV, RMSE_F=7.5 meV / A
2025-03-28 02:47:21.419 INFO: Epoch 488: loss=0.0564, RMSE_E=3.9 meV, RMSE_F=7.5 meV / A
2025-03-28 02:47:39.286 INFO: Epoch 490: loss=0.0564, RMSE_E=3.8 meV, RMSE_F=7.5 meV / A
2025-03-28 02:47:57.108 INFO: Epoch 492: loss=0.0563, RMSE_E=3.8 meV, RMSE_F=7.5 meV / A
2025-03-28 02:48:15.035 INFO: Epoch 494: loss=0.0562, RMSE_E=3.8 meV, RMSE_F=7.5 meV / A
2025-03-28 02:48:32.975 INFO: Epoch 496: loss=0.0563, RMSE_E=3.9 meV, RMSE_F=7.5 meV / A
2025-03-28 02:48:50.780 INFO: Epoch 498: loss=0.0562, RMSE_E=3.8 meV, RMSE_F=7.5 meV / A
2025-03-28 02:48:59.521 INFO: Training complete
2025-03-28 02:48:59.522 INFO: Computing metrics for training, validation, and test sets
2025-03-28 02:49:00.193 INFO: Loading checkpoint: checkpoints/3BPA_run-42_epoch-498.pt
2025-03-28 02:49:00.250 INFO: Loaded model from epoch 498
2025-03-28 02:49:00.250 INFO: Evaluating train ...
2025-03-28 02:49:04.879 INFO: Evaluating valid ...
2025-03-28 02:49:05.383 INFO: Evaluating Default ...
2025-03-28 02:49:25.387 INFO: 
+-------------+--------------+------------------+-------------------+
| config_type | RMSE E / meV | RMSE F / meV / A | relative F RMSE % |
+-------------+--------------+------------------+-------------------+
|    train    |     2.8      |       4.0        |        0.42       |
|    valid    |     3.8      |       7.5        |        0.82       |
|   Default   |     3.3      |       7.8        |        0.81       |
+-------------+--------------+------------------+-------------------+
2025-03-28 02:49:25.388 INFO: Saving model to checkpoints/3BPA_run-42.model
2025-03-28 02:49:25.543 INFO: Compiling model, saving metadata to 3BPA_compiled.model
2025-03-28 02:49:26.289 INFO: Done
