2025-03-28 16:06:28.022 INFO: MACE version: 0.3.5
2025-03-28 16:06:28.023 INFO: Configuration: Namespace(config=None, name='Cu', seed=123, log_dir='logs', model_dir='.', checkpoints_dir='checkpoints', results_dir='results', downloads_dir='downloads', device='cuda', default_dtype='float64', distributed=False, log_level='INFO', error_table='TotalRMSE', model='ScaleShiftMACE', r_max=6.0, radial_type='bessel', num_radial_basis=10, num_cutoff_basis=5, pair_repulsion=False, distance_transform='None', interaction='RealAgnosticResidualInteractionBlock', interaction_first='RealAgnosticResidualInteractionBlock', max_ell=3, correlation=3, num_interactions=2, MLP_irreps='16x0e', radial_MLP='[64, 64, 64]', hidden_irreps='128x0e + 128x1o', num_channels=128, max_L=2, gate='silu', scaling='rms_forces_scaling', avg_num_neighbors=1, compute_avg_num_neighbors=True, compute_stress=False, compute_forces=True, train_file='./dataset/train.xyz', valid_file='./dataset/valid.xyz', valid_fraction=0.1, test_file=None, test_dir=None, multi_processed_test=False, num_workers=0, pin_memory=True, atomic_numbers=None, mean=None, std=None, statistics_file=None, E0s='average', keep_isolated_atoms=False, energy_key='energy', forces_key='forces', virials_key='virials', stress_key='stress', dipole_key='dipole', charges_key='charges', loss='ef', forces_weight=1000.0, swa_forces_weight=100.0, energy_weight=1.0, swa_energy_weight=1000.0, virials_weight=1.0, swa_virials_weight=10.0, stress_weight=1.0, swa_stress_weight=10.0, dipole_weight=1.0, swa_dipole_weight=1.0, config_type_weights='{"Default":1.0}', huber_delta=0.01, optimizer='adam', beta=0.9, batch_size=5, valid_batch_size=5, lr=0.005, swa_lr=0.001, weight_decay=1e-08, amsgrad=True, scheduler='ReduceLROnPlateau', lr_factor=0.8, scheduler_patience=5, lr_scheduler_gamma=0.9993, swa=False, start_swa=None, ema=True, ema_decay=0.995, max_num_epochs=200, patience=2048, foundation_model='/share/home/wangchen/work/MACE/MPtrj/2024-01-07-mace-128-L2_epoch-199.model', foundation_model_readout=True, eval_interval=2, keep_checkpoints=False, save_all_checkpoints=False, restart_latest=False, save_cpu=True, clip_grad=100.0, wandb=False, wandb_dir=None, wandb_project='', wandb_entity='', wandb_name='', wandb_log_hypers=['num_channels', 'max_L', 'correlation', 'lr', 'swa_lr', 'weight_decay', 'batch_size', 'max_num_epochs', 'start_swa', 'energy_weight', 'forces_weight'])
2025-03-28 16:06:28.119 INFO: CUDA version: 11.8, CUDA device: 0
2025-03-28 16:06:28.251 INFO: Error accessing Git repository: /share/home/wangchen/work/MACE/inorganic/Cu/adapter
2025-03-28 16:06:28.673 INFO: Using foundation model /share/home/wangchen/work/MACE/MPtrj/2024-01-07-mace-128-L2_epoch-199.model as initial checkpoint.
2025-03-28 16:06:32.246 INFO: Since ASE version 3.23.0b1, using energy_key 'energy' is no longer safe when communicating between MACE and ASE. We recommend using a different key, rewriting energies to 'REF_energy'. You need to use --energy_key='REF_energy', to tell the key name chosen.
2025-03-28 16:06:33.599 INFO: Since ASE version 3.23.0b1, using forces_key 'forces' is no longer safe when communicating between MACE and ASE. We recommend using a different key, rewriting energies to 'REF_forces'. You need to use --forces_key='REF_forces', to tell the key name chosen.
2025-03-28 16:06:34.965 INFO: Since ASE version 3.23.0b1, using stress_key 'stress' is no longer safe when communicating between MACE and ASE. We recommend using a different key, rewriting energies to 'REF_stress'. You need to use --stress_key='REF_stress', to tell the key name chosen.
2025-03-28 16:06:35.220 INFO: Loaded 14596 training configurations from './dataset/train.xyz'
2025-03-28 16:06:35.389 INFO: Since ASE version 3.23.0b1, using energy_key 'energy' is no longer safe when communicating between MACE and ASE. We recommend using a different key, rewriting energies to 'REF_energy'. You need to use --energy_key='REF_energy', to tell the key name chosen.
2025-03-28 16:06:35.464 INFO: Since ASE version 3.23.0b1, using forces_key 'forces' is no longer safe when communicating between MACE and ASE. We recommend using a different key, rewriting energies to 'REF_forces'. You need to use --forces_key='REF_forces', to tell the key name chosen.
2025-03-28 16:06:35.539 INFO: Since ASE version 3.23.0b1, using stress_key 'stress' is no longer safe when communicating between MACE and ASE. We recommend using a different key, rewriting energies to 'REF_stress'. You need to use --stress_key='REF_stress', to tell the key name chosen.
2025-03-28 16:06:35.556 INFO: Loaded 770 validation configurations from './dataset/valid.xyz'
2025-03-28 16:06:35.557 INFO: Total number of configurations: train=14596, valid=770, tests=[]
2025-03-28 16:06:35.591 INFO: AtomicNumberTable: (29,)
2025-03-28 16:06:35.591 INFO: Atomic Energies not in training file, using command line argument E0s
2025-03-28 16:06:35.591 INFO: Computing average Atomic Energies using least squares regression
2025-03-28 16:06:35.614 INFO: Atomic energies: [-3.241957874607279]
2025-03-28 16:06:50.646 INFO: EnergyForcesLoss(energy_weight=1.000, forces_weight=1000.000)
2025-03-28 16:06:55.669 INFO: Average number of neighbors: 76.3977245492098
2025-03-28 16:06:55.669 INFO: Selected the following outputs: {'energy': True, 'forces': True, 'virials': False, 'stress': False, 'dipoles': False}
2025-03-28 16:07:01.729 INFO: Building model
2025-03-28 16:07:04.329 INFO: Number of trainable parameters: 169296
2025-03-28 16:07:04.332 INFO: ScaleShiftMACE(
  (node_embedding): LinearNodeEmbeddingBlock(
    (linear): Linear(1x0e -> 128x0e | 128 weights)
  )
  (radial_embedding): RadialEmbeddingBlock(
    (bessel_fn): BesselBasis(r_max=6.0, num_basis=10, trainable=True)
    (cutoff_fn): PolynomialCutoff(p=5.0, r_max=6.0)
  )
  (spherical_harmonics): SphericalHarmonics()
  (atomic_energies_fn): AtomicEnergiesBlock(energies=[-3.2420])
  (interactions): ModuleList(
    (0): RealAgnosticResidualInteractionBlock(
      (linear_up): Linear(128x0e -> 128x0e | 16384 weights)
      (conv_tp): TensorProduct(128x0e x 1x0e+1x1o+1x2e+1x3o -> 128x0e+128x1o+128x2e+128x3o | 512 paths | 512 weights)
      (conv_tp_weights): FullyConnectedNet[10, 64, 64, 64, 512]
      (linear): Linear(128x0e+128x1o+128x2e+128x3o -> 128x0e+128x1o+128x2e+128x3o | 65536 weights)
      (skip_tp): FullyConnectedTensorProduct(128x0e x 1x0e -> 128x0e+128x1o+128x2e | 16384 paths | 16384 weights)
      (reshape): reshape_irreps()
    )
    (1): RealAgnosticResidualInteractionBlock(
      (linear_up): Linear(128x0e+128x1o+128x2e -> 128x0e+128x1o+128x2e | 49152 weights)
      (conv_tp): TensorProduct(128x0e+128x1o+128x2e x 1x0e+1x1o+1x2e+1x3o -> 384x0e+640x1o+640x2e+512x3o | 2176 paths | 2176 weights)
      (conv_tp_weights): FullyConnectedNet[10, 64, 64, 64, 2176]
      (linear): Linear(384x0e+640x1o+640x2e+512x3o -> 128x0e+128x1o+128x2e+128x3o | 278528 weights)
      (skip_tp): FullyConnectedTensorProduct(128x0e+128x1o+128x2e x 1x0e -> 128x0e | 16384 paths | 16384 weights)
      (reshape): reshape_irreps()
    )
  )
  (products): ModuleList(
    (0): EquivariantProductBasisBlock(
      (symmetric_contractions): SymmetricContraction(
        (contractions): ModuleList(
          (0): Contraction(
            (contractions_weighting): ModuleList(
              (0-1): 2 x GraphModule()
            )
            (contractions_features): ModuleList(
              (0-1): 2 x GraphModule()
            )
            (weights): ParameterList(
                (0): Parameter containing: [torch.float64 of size 1x4x128 (cuda:0)]
                (1): Parameter containing: [torch.float64 of size 1x1x128 (cuda:0)]
            )
            (graph_opt_main): GraphModule()
          )
          (1): Contraction(
            (contractions_weighting): ModuleList(
              (0-1): 2 x GraphModule()
            )
            (contractions_features): ModuleList(
              (0-1): 2 x GraphModule()
            )
            (weights): ParameterList(
                (0): Parameter containing: [torch.float64 of size 1x6x128 (cuda:0)]
                (1): Parameter containing: [torch.float64 of size 1x1x128 (cuda:0)]
            )
            (graph_opt_main): GraphModule()
          )
          (2): Contraction(
            (contractions_weighting): ModuleList(
              (0-1): 2 x GraphModule()
            )
            (contractions_features): ModuleList(
              (0-1): 2 x GraphModule()
            )
            (weights): ParameterList(
                (0): Parameter containing: [torch.float64 of size 1x7x128 (cuda:0)]
                (1): Parameter containing: [torch.float64 of size 1x1x128 (cuda:0)]
            )
            (graph_opt_main): GraphModule()
          )
        )
      )
      (linear): Linear(128x0e+128x1o+128x2e -> 128x0e+128x1o+128x2e | 49152 weights)
    )
    (1): EquivariantProductBasisBlock(
      (symmetric_contractions): SymmetricContraction(
        (contractions): ModuleList(
          (0): Contraction(
            (contractions_weighting): ModuleList(
              (0-1): 2 x GraphModule()
            )
            (contractions_features): ModuleList(
              (0-1): 2 x GraphModule()
            )
            (weights): ParameterList(
                (0): Parameter containing: [torch.float64 of size 1x4x128 (cuda:0)]
                (1): Parameter containing: [torch.float64 of size 1x1x128 (cuda:0)]
            )
            (graph_opt_main): GraphModule()
          )
        )
      )
      (linear): Linear(128x0e -> 128x0e | 16384 weights)
    )
  )
  (readouts): ModuleList(
    (0): LinearReadoutBlock(
      (linear): Linear(128x0e+128x1o+128x2e -> 1x0e | 128 weights)
    )
    (1): NonLinearReadoutBlock(
      (linear_1): Linear(128x0e -> 16x0e | 2048 weights)
      (non_linearity): Activation [x] (16x0e -> 16x0e)
      (linear_2): Linear(16x0e -> 1x0e | 16 weights)
    )
  )
  (adapters): ModuleList(
    (0): AdapterBlock(
      (linear_1): Linear(in_features=1152, out_features=72, bias=True)
      (linear_2): Linear(in_features=72, out_features=1152, bias=True)
      (relu): ReLU()
    )
    (1): AdapterBlock(
      (linear_1): Linear(in_features=128, out_features=8, bias=True)
      (linear_2): Linear(in_features=8, out_features=128, bias=True)
      (relu): ReLU()
    )
  )
  (scale_shift): ScaleShiftBlock(scale=0.804154, shift=0.164097)
)
2025-03-28 16:07:04.336 INFO: Number of parameters: 893162
2025-03-28 16:07:04.336 INFO: Optimizer: Adam (
Parameter Group 0
    amsgrad: True
    betas: (0.9, 0.999)
    capturable: False
    differentiable: False
    eps: 1e-08
    foreach: None
    fused: None
    lr: 0.005
    maximize: False
    name: embedding
    weight_decay: 0.0

Parameter Group 1
    amsgrad: True
    betas: (0.9, 0.999)
    capturable: False
    differentiable: False
    eps: 1e-08
    foreach: None
    fused: None
    lr: 0.005
    maximize: False
    name: interactions_decay
    weight_decay: 1e-08

Parameter Group 2
    amsgrad: True
    betas: (0.9, 0.999)
    capturable: False
    differentiable: False
    eps: 1e-08
    foreach: None
    fused: None
    lr: 0.005
    maximize: False
    name: interactions_no_decay
    weight_decay: 0.0

Parameter Group 3
    amsgrad: True
    betas: (0.9, 0.999)
    capturable: False
    differentiable: False
    eps: 1e-08
    foreach: None
    fused: None
    lr: 0.005
    maximize: False
    name: products
    weight_decay: 1e-08

Parameter Group 4
    amsgrad: True
    betas: (0.9, 0.999)
    capturable: False
    differentiable: False
    eps: 1e-08
    foreach: None
    fused: None
    lr: 0.005
    maximize: False
    name: adapters
    weight_decay: 1e-08

Parameter Group 5
    amsgrad: True
    betas: (0.9, 0.999)
    capturable: False
    differentiable: False
    eps: 1e-08
    foreach: None
    fused: None
    lr: 0.005
    maximize: False
    name: readouts
    weight_decay: 0.0
)
2025-03-28 16:07:04.336 INFO: Using gradient clipping with tolerance=100.000
2025-03-28 16:07:04.336 INFO: Started training
2025-03-28 16:07:24.043 INFO: Epoch None: loss=305.6302, RMSE_E=12542.9 meV, RMSE_F=353.9 meV / A
2025-03-28 16:14:40.103 INFO: Epoch 0: loss=1.4453, RMSE_E=212.8 meV, RMSE_F=34.9 meV / A
2025-03-28 16:28:46.185 INFO: Epoch 2: loss=1.0568, RMSE_E=137.9 meV, RMSE_F=30.0 meV / A
2025-03-28 16:42:52.329 INFO: Epoch 4: loss=0.9526, RMSE_E=129.2 meV, RMSE_F=28.5 meV / A
2025-03-28 16:56:57.676 INFO: Epoch 6: loss=0.8583, RMSE_E=108.3 meV, RMSE_F=27.1 meV / A
2025-03-28 17:10:55.870 INFO: Epoch 8: loss=0.8374, RMSE_E=108.9 meV, RMSE_F=26.8 meV / A
2025-03-28 17:24:54.300 INFO: Epoch 10: loss=0.7950, RMSE_E=107.6 meV, RMSE_F=26.1 meV / A
2025-03-28 17:38:47.108 INFO: Epoch 12: loss=0.7845, RMSE_E=104.0 meV, RMSE_F=26.0 meV / A
2025-03-28 17:52:35.766 INFO: Epoch 14: loss=0.7537, RMSE_E=100.9 meV, RMSE_F=25.5 meV / A
2025-03-28 18:06:19.889 INFO: Epoch 16: loss=0.7470, RMSE_E=96.7 meV, RMSE_F=25.3 meV / A
2025-03-28 18:19:57.622 INFO: Epoch 18: loss=0.7228, RMSE_E=94.3 meV, RMSE_F=25.0 meV / A
2025-03-28 18:33:34.254 INFO: Epoch 20: loss=0.7236, RMSE_E=99.8 meV, RMSE_F=25.0 meV / A
2025-03-28 18:47:08.160 INFO: Epoch 22: loss=0.7129, RMSE_E=99.6 meV, RMSE_F=24.8 meV / A
2025-03-28 19:00:33.727 INFO: Epoch 24: loss=0.7018, RMSE_E=96.4 meV, RMSE_F=24.6 meV / A
2025-03-28 19:13:55.007 INFO: Epoch 26: loss=0.6932, RMSE_E=94.0 meV, RMSE_F=24.4 meV / A
2025-03-28 19:27:14.740 INFO: Epoch 28: loss=0.6994, RMSE_E=93.4 meV, RMSE_F=24.5 meV / A
2025-03-28 19:40:27.406 INFO: Epoch 30: loss=0.6956, RMSE_E=88.7 meV, RMSE_F=24.4 meV / A
2025-03-28 19:53:39.228 INFO: Epoch 32: loss=0.6917, RMSE_E=89.1 meV, RMSE_F=24.4 meV / A
2025-03-28 20:06:50.240 INFO: Epoch 34: loss=0.6999, RMSE_E=89.1 meV, RMSE_F=24.5 meV / A
2025-03-28 20:19:56.397 INFO: Epoch 36: loss=0.6777, RMSE_E=85.6 meV, RMSE_F=24.2 meV / A
2025-03-28 20:32:56.692 INFO: Epoch 38: loss=0.6669, RMSE_E=87.1 meV, RMSE_F=24.0 meV / A
2025-03-28 20:45:57.382 INFO: Epoch 40: loss=0.6650, RMSE_E=84.9 meV, RMSE_F=23.9 meV / A
2025-03-28 20:58:57.403 INFO: Epoch 42: loss=0.6671, RMSE_E=83.2 meV, RMSE_F=23.9 meV / A
2025-03-28 21:11:57.404 INFO: Epoch 44: loss=0.6534, RMSE_E=85.7 meV, RMSE_F=23.7 meV / A
2025-03-28 21:24:58.127 INFO: Epoch 46: loss=0.6699, RMSE_E=88.8 meV, RMSE_F=24.0 meV / A
2025-03-28 21:37:59.373 INFO: Epoch 48: loss=0.6563, RMSE_E=80.1 meV, RMSE_F=23.8 meV / A
2025-03-28 21:51:00.046 INFO: Epoch 50: loss=0.6492, RMSE_E=83.4 meV, RMSE_F=23.6 meV / A
2025-03-28 22:04:00.943 INFO: Epoch 52: loss=0.6479, RMSE_E=81.4 meV, RMSE_F=23.6 meV / A
2025-03-28 22:17:02.168 INFO: Epoch 54: loss=0.6538, RMSE_E=83.8 meV, RMSE_F=23.7 meV / A
2025-03-28 22:30:02.214 INFO: Epoch 56: loss=0.6438, RMSE_E=81.0 meV, RMSE_F=23.5 meV / A
2025-03-28 22:42:59.932 INFO: Epoch 58: loss=0.6434, RMSE_E=80.4 meV, RMSE_F=23.5 meV / A
2025-03-28 22:55:48.629 INFO: Epoch 60: loss=0.6450, RMSE_E=83.2 meV, RMSE_F=23.5 meV / A
2025-03-28 23:08:32.611 INFO: Epoch 62: loss=0.6476, RMSE_E=80.4 meV, RMSE_F=23.6 meV / A
2025-03-28 23:21:16.120 INFO: Epoch 64: loss=0.6494, RMSE_E=78.1 meV, RMSE_F=23.6 meV / A
2025-03-28 23:34:01.316 INFO: Epoch 66: loss=0.6333, RMSE_E=79.1 meV, RMSE_F=23.3 meV / A
2025-03-28 23:46:45.916 INFO: Epoch 68: loss=0.6378, RMSE_E=78.2 meV, RMSE_F=23.4 meV / A
2025-03-28 23:59:30.899 INFO: Epoch 70: loss=0.6375, RMSE_E=77.7 meV, RMSE_F=23.4 meV / A
2025-03-29 00:12:15.351 INFO: Epoch 72: loss=0.6363, RMSE_E=77.6 meV, RMSE_F=23.3 meV / A
2025-03-29 00:25:00.073 INFO: Epoch 74: loss=0.6332, RMSE_E=77.9 meV, RMSE_F=23.3 meV / A
2025-03-29 00:37:44.987 INFO: Epoch 76: loss=0.6404, RMSE_E=76.8 meV, RMSE_F=23.4 meV / A
2025-03-29 00:50:29.502 INFO: Epoch 78: loss=0.6349, RMSE_E=77.4 meV, RMSE_F=23.3 meV / A
2025-03-29 01:03:14.039 INFO: Epoch 80: loss=0.6366, RMSE_E=80.5 meV, RMSE_F=23.3 meV / A
2025-03-29 01:15:58.430 INFO: Epoch 82: loss=0.6293, RMSE_E=76.2 meV, RMSE_F=23.2 meV / A
2025-03-29 01:28:42.680 INFO: Epoch 84: loss=0.6247, RMSE_E=79.4 meV, RMSE_F=23.1 meV / A
2025-03-29 01:41:26.905 INFO: Epoch 86: loss=0.6343, RMSE_E=78.8 meV, RMSE_F=23.3 meV / A
2025-03-29 01:54:11.103 INFO: Epoch 88: loss=0.6270, RMSE_E=76.5 meV, RMSE_F=23.2 meV / A
2025-03-29 02:06:55.704 INFO: Epoch 90: loss=0.6329, RMSE_E=77.3 meV, RMSE_F=23.3 meV / A
2025-03-29 02:19:40.953 INFO: Epoch 92: loss=0.6285, RMSE_E=77.5 meV, RMSE_F=23.2 meV / A
2025-03-29 02:32:26.454 INFO: Epoch 94: loss=0.6293, RMSE_E=78.3 meV, RMSE_F=23.2 meV / A
2025-03-29 02:45:11.208 INFO: Epoch 96: loss=0.6224, RMSE_E=79.8 meV, RMSE_F=23.1 meV / A
2025-03-29 02:57:56.780 INFO: Epoch 98: loss=0.6290, RMSE_E=80.3 meV, RMSE_F=23.2 meV / A
2025-03-29 03:10:41.616 INFO: Epoch 100: loss=0.6277, RMSE_E=75.6 meV, RMSE_F=23.2 meV / A
2025-03-29 03:23:26.354 INFO: Epoch 102: loss=0.6203, RMSE_E=77.1 meV, RMSE_F=23.1 meV / A
2025-03-29 03:36:11.855 INFO: Epoch 104: loss=0.6214, RMSE_E=75.9 meV, RMSE_F=23.1 meV / A
2025-03-29 03:48:56.642 INFO: Epoch 106: loss=0.6216, RMSE_E=76.8 meV, RMSE_F=23.1 meV / A
2025-03-29 04:01:42.189 INFO: Epoch 108: loss=0.6246, RMSE_E=78.9 meV, RMSE_F=23.1 meV / A
2025-03-29 04:14:27.268 INFO: Epoch 110: loss=0.6199, RMSE_E=78.9 meV, RMSE_F=23.0 meV / A
2025-03-29 04:27:12.306 INFO: Epoch 112: loss=0.6233, RMSE_E=78.3 meV, RMSE_F=23.1 meV / A
2025-03-29 04:39:57.791 INFO: Epoch 114: loss=0.6159, RMSE_E=75.8 meV, RMSE_F=23.0 meV / A
2025-03-29 04:52:43.614 INFO: Epoch 116: loss=0.6213, RMSE_E=77.8 meV, RMSE_F=23.1 meV / A
2025-03-29 05:05:28.864 INFO: Epoch 118: loss=0.6169, RMSE_E=76.0 meV, RMSE_F=23.0 meV / A
2025-03-29 05:18:13.884 INFO: Epoch 120: loss=0.6217, RMSE_E=74.8 meV, RMSE_F=23.1 meV / A
2025-03-29 05:30:58.486 INFO: Epoch 122: loss=0.6235, RMSE_E=78.9 meV, RMSE_F=23.1 meV / A
2025-03-29 05:43:42.754 INFO: Epoch 124: loss=0.6246, RMSE_E=77.1 meV, RMSE_F=23.1 meV / A
2025-03-29 05:56:27.222 INFO: Epoch 126: loss=0.6223, RMSE_E=77.3 meV, RMSE_F=23.1 meV / A
2025-03-29 06:09:11.999 INFO: Epoch 128: loss=0.6180, RMSE_E=78.6 meV, RMSE_F=23.0 meV / A
2025-03-29 06:21:56.152 INFO: Epoch 130: loss=0.6232, RMSE_E=76.9 meV, RMSE_F=23.1 meV / A
2025-03-29 06:34:40.132 INFO: Epoch 132: loss=0.6172, RMSE_E=76.6 meV, RMSE_F=23.0 meV / A
2025-03-29 06:47:24.744 INFO: Epoch 134: loss=0.6163, RMSE_E=77.7 meV, RMSE_F=23.0 meV / A
2025-03-29 07:00:08.806 INFO: Epoch 136: loss=0.6175, RMSE_E=75.7 meV, RMSE_F=23.0 meV / A
2025-03-29 07:12:53.464 INFO: Epoch 138: loss=0.6175, RMSE_E=76.8 meV, RMSE_F=23.0 meV / A
2025-03-29 07:25:38.307 INFO: Epoch 140: loss=0.6169, RMSE_E=77.6 meV, RMSE_F=23.0 meV / A
2025-03-29 07:38:23.302 INFO: Epoch 142: loss=0.6157, RMSE_E=75.7 meV, RMSE_F=22.9 meV / A
2025-03-29 07:51:07.594 INFO: Epoch 144: loss=0.6208, RMSE_E=80.0 meV, RMSE_F=23.0 meV / A
2025-03-29 08:03:52.084 INFO: Epoch 146: loss=0.6151, RMSE_E=77.6 meV, RMSE_F=22.9 meV / A
2025-03-29 08:16:37.191 INFO: Epoch 148: loss=0.6181, RMSE_E=76.5 meV, RMSE_F=23.0 meV / A
2025-03-29 08:29:22.460 INFO: Epoch 150: loss=0.6208, RMSE_E=76.9 meV, RMSE_F=23.0 meV / A
2025-03-29 08:42:07.182 INFO: Epoch 152: loss=0.6137, RMSE_E=78.2 meV, RMSE_F=22.9 meV / A
2025-03-29 08:54:51.969 INFO: Epoch 154: loss=0.6121, RMSE_E=75.1 meV, RMSE_F=22.9 meV / A
2025-03-29 09:07:36.629 INFO: Epoch 156: loss=0.6137, RMSE_E=78.5 meV, RMSE_F=22.9 meV / A
2025-03-29 09:20:21.802 INFO: Epoch 158: loss=0.6176, RMSE_E=78.0 meV, RMSE_F=23.0 meV / A
2025-03-29 09:33:06.064 INFO: Epoch 160: loss=0.6155, RMSE_E=74.4 meV, RMSE_F=23.0 meV / A
2025-03-29 09:45:50.912 INFO: Epoch 162: loss=0.6153, RMSE_E=76.7 meV, RMSE_F=23.0 meV / A
2025-03-29 09:58:36.173 INFO: Epoch 164: loss=0.6173, RMSE_E=76.1 meV, RMSE_F=23.0 meV / A
2025-03-29 10:11:21.131 INFO: Epoch 166: loss=0.6137, RMSE_E=77.3 meV, RMSE_F=22.9 meV / A
2025-03-29 10:24:06.382 INFO: Epoch 168: loss=0.6150, RMSE_E=77.2 meV, RMSE_F=22.9 meV / A
2025-03-29 10:36:51.132 INFO: Epoch 170: loss=0.6135, RMSE_E=78.4 meV, RMSE_F=22.9 meV / A
2025-03-29 10:49:35.900 INFO: Epoch 172: loss=0.6161, RMSE_E=75.0 meV, RMSE_F=22.9 meV / A
2025-03-29 11:02:22.199 INFO: Epoch 174: loss=0.6131, RMSE_E=76.9 meV, RMSE_F=22.9 meV / A
2025-03-29 11:15:08.114 INFO: Epoch 176: loss=0.6188, RMSE_E=75.5 meV, RMSE_F=23.0 meV / A
2025-03-29 11:27:54.118 INFO: Epoch 178: loss=0.6137, RMSE_E=76.5 meV, RMSE_F=22.9 meV / A
2025-03-29 11:40:40.190 INFO: Epoch 180: loss=0.6134, RMSE_E=76.8 meV, RMSE_F=22.9 meV / A
2025-03-29 11:53:26.654 INFO: Epoch 182: loss=0.6139, RMSE_E=76.5 meV, RMSE_F=22.9 meV / A
2025-03-29 12:06:12.574 INFO: Epoch 184: loss=0.6169, RMSE_E=76.1 meV, RMSE_F=23.0 meV / A
2025-03-29 12:18:58.879 INFO: Epoch 186: loss=0.6135, RMSE_E=76.0 meV, RMSE_F=22.9 meV / A
2025-03-29 12:31:43.993 INFO: Epoch 188: loss=0.6137, RMSE_E=76.5 meV, RMSE_F=22.9 meV / A
2025-03-29 12:44:29.805 INFO: Epoch 190: loss=0.6130, RMSE_E=78.0 meV, RMSE_F=22.9 meV / A
2025-03-29 12:57:15.101 INFO: Epoch 192: loss=0.6131, RMSE_E=76.1 meV, RMSE_F=22.9 meV / A
2025-03-29 13:10:00.900 INFO: Epoch 194: loss=0.6141, RMSE_E=76.4 meV, RMSE_F=22.9 meV / A
2025-03-29 13:22:46.838 INFO: Epoch 196: loss=0.6136, RMSE_E=77.5 meV, RMSE_F=22.9 meV / A
2025-03-29 13:35:33.298 INFO: Epoch 198: loss=0.6125, RMSE_E=77.9 meV, RMSE_F=22.9 meV / A
2025-03-29 13:41:51.498 INFO: Training complete
2025-03-29 13:41:51.499 INFO: Computing metrics for training, validation, and test sets
2025-03-29 13:41:51.499 INFO: Loading checkpoint: checkpoints/Cu_run-123_epoch-154.pt
2025-03-29 13:41:51.652 INFO: Loaded model from epoch 154
2025-03-29 13:41:51.653 INFO: Evaluating train ...
2025-03-29 13:47:35.112 INFO: Evaluating valid ...
2025-03-29 13:47:44.677 INFO: 
+-------------+--------------+------------------+-------------------+
| config_type | RMSE E / meV | RMSE F / meV / A | relative F RMSE % |
+-------------+--------------+------------------+-------------------+
|    train    |     85.7     |       23.1       |        2.91       |
|    valid    |     75.1     |       22.9       |        2.97       |
+-------------+--------------+------------------+-------------------+
2025-03-29 13:47:44.677 INFO: Saving model to checkpoints/Cu_run-123.model
2025-03-29 13:47:44.884 INFO: Compiling model, saving metadata to Cu_compiled.model
2025-03-29 13:47:45.985 INFO: Done
