2025-03-28 01:35:03.124 INFO: MACE version: 0.3.5
2025-03-28 01:35:03.125 INFO: Configuration: Namespace(config=None, name='AcAc', seed=123, log_dir='logs', model_dir='.', checkpoints_dir='checkpoints', results_dir='results', downloads_dir='downloads', device='cuda', default_dtype='float64', distributed=False, log_level='INFO', error_table='TotalRMSE', model='MACE', r_max=5.0, radial_type='bessel', num_radial_basis=8, num_cutoff_basis=5, pair_repulsion=False, distance_transform='None', interaction='RealAgnosticResidualInteractionBlock', interaction_first='RealAgnosticResidualInteractionBlock', max_ell=3, correlation=3, num_interactions=2, MLP_irreps='16x0e', radial_MLP='[64, 64, 64]', hidden_irreps='128x0e + 128x1o', num_channels=128, max_L=1, gate='silu', scaling='rms_forces_scaling', avg_num_neighbors=1, compute_avg_num_neighbors=True, compute_stress=False, compute_forces=True, train_file='./dataset/train_300K.xyz', valid_file=None, valid_fraction=0.1, test_file='./dataset/test_MD_300K.xyz', test_dir=None, multi_processed_test=False, num_workers=0, pin_memory=True, atomic_numbers=None, mean=None, std=None, statistics_file=None, E0s='average', keep_isolated_atoms=False, energy_key='energy', forces_key='forces', virials_key='virials', stress_key='stress', dipole_key='dipole', charges_key='charges', loss='ef', forces_weight=1000.0, swa_forces_weight=100.0, energy_weight=1.0, swa_energy_weight=1000.0, virials_weight=1.0, swa_virials_weight=10.0, stress_weight=1.0, swa_stress_weight=10.0, dipole_weight=1.0, swa_dipole_weight=1.0, config_type_weights='{"Default":1.0}', huber_delta=0.01, optimizer='adam', beta=0.9, batch_size=5, valid_batch_size=5, lr=0.005, swa_lr=0.001, weight_decay=1e-08, amsgrad=True, scheduler='ReduceLROnPlateau', lr_factor=0.8, scheduler_patience=5, lr_scheduler_gamma=0.9993, swa=False, start_swa=None, ema=True, ema_decay=0.995, max_num_epochs=500, patience=2048, foundation_model='/share/home/wangchen/work/mace/MPtrj/MACE-OFF23_medium.model', foundation_model_readout=True, eval_interval=2, keep_checkpoints=False, save_all_checkpoints=False, restart_latest=False, save_cpu=True, clip_grad=100.0, wandb=False, wandb_dir=None, wandb_project='', wandb_entity='', wandb_name='', wandb_log_hypers=['num_channels', 'max_L', 'correlation', 'lr', 'swa_lr', 'weight_decay', 'batch_size', 'max_num_epochs', 'start_swa', 'energy_weight', 'forces_weight'])
2025-03-28 01:35:03.146 INFO: CUDA version: 11.8, CUDA device: 0
2025-03-28 01:35:03.187 INFO: Error accessing Git repository: /share/home/wangchen/work/mace/organic/AcAc/finetune_123
2025-03-28 01:35:03.400 INFO: Using foundation model /share/home/wangchen/work/mace/MPtrj/MACE-OFF23_medium.model as initial checkpoint.
2025-03-28 01:35:03.521 INFO: Since ASE version 3.23.0b1, using energy_key 'energy' is no longer safe when communicating between MACE and ASE. We recommend using a different key, rewriting energies to 'REF_energy'. You need to use --energy_key='REF_energy', to tell the key name chosen.
2025-03-28 01:35:03.566 INFO: Since ASE version 3.23.0b1, using forces_key 'forces' is no longer safe when communicating between MACE and ASE. We recommend using a different key, rewriting energies to 'REF_forces'. You need to use --forces_key='REF_forces', to tell the key name chosen.
2025-03-28 01:35:03.611 INFO: Since ASE version 3.23.0b1, using stress_key 'stress' is no longer safe when communicating between MACE and ASE. We recommend using a different key, rewriting energies to 'REF_stress'. You need to use --stress_key='REF_stress', to tell the key name chosen.
2025-03-28 01:35:03.617 INFO: Loaded 500 training configurations from './dataset/train_300K.xyz'
2025-03-28 01:35:03.617 INFO: Using random 10.0% of training set for validation
2025-03-28 01:35:03.747 INFO: Since ASE version 3.23.0b1, using energy_key 'energy' is no longer safe when communicating between MACE and ASE. We recommend using a different key, rewriting energies to 'REF_energy'. You need to use --energy_key='REF_energy', to tell the key name chosen.
2025-03-28 01:35:03.807 INFO: Since ASE version 3.23.0b1, using forces_key 'forces' is no longer safe when communicating between MACE and ASE. We recommend using a different key, rewriting energies to 'REF_forces'. You need to use --forces_key='REF_forces', to tell the key name chosen.
2025-03-28 01:35:03.867 INFO: Since ASE version 3.23.0b1, using stress_key 'stress' is no longer safe when communicating between MACE and ASE. We recommend using a different key, rewriting energies to 'REF_stress'. You need to use --stress_key='REF_stress', to tell the key name chosen.
2025-03-28 01:35:03.874 INFO: Loaded 650 test configurations from './dataset/test_MD_300K.xyz'
2025-03-28 01:35:03.875 INFO: Total number of configurations: train=450, valid=50, tests=[300K_MD: 650]
2025-03-28 01:35:03.876 INFO: AtomicNumberTable: (1, 6, 8)
2025-03-28 01:35:03.876 INFO: Atomic Energies not in training file, using command line argument E0s
2025-03-28 01:35:03.876 INFO: Computing average Atomic Energies using least squares regression
2025-03-28 01:35:03.878 INFO: Atomic energies: [-807.8611229405524, -504.9132018378424, -201.9652807351382]
2025-03-28 01:35:04.026 INFO: EnergyForcesLoss(energy_weight=1.000, forces_weight=1000.000)
2025-03-28 01:35:04.124 INFO: Average number of neighbors: 12.133333333333333
2025-03-28 01:35:04.124 INFO: Selected the following outputs: {'energy': True, 'forces': True, 'virials': False, 'stress': False, 'dipoles': False}
2025-03-28 01:35:04.229 INFO: Building model
2025-03-28 01:35:11.656 INFO: ScaleShiftMACE(
  (node_embedding): LinearNodeEmbeddingBlock(
    (linear): Linear(3x0e -> 128x0e | 384 weights)
  )
  (radial_embedding): RadialEmbeddingBlock(
    (bessel_fn): BesselBasis(r_max=5.0, num_basis=8, trainable=True)
    (cutoff_fn): PolynomialCutoff(p=5.0, r_max=5.0)
  )
  (spherical_harmonics): SphericalHarmonics()
  (atomic_energies_fn): AtomicEnergiesBlock(energies=[-807.8611, -504.9132, -201.9653])
  (interactions): ModuleList(
    (0): RealAgnosticInteractionBlock(
      (linear_up): Linear(128x0e -> 128x0e | 16384 weights)
      (conv_tp): TensorProduct(128x0e x 1x0e+1x1o+1x2e+1x3o -> 128x0e+128x1o+128x2e+128x3o | 512 paths | 512 weights)
      (conv_tp_weights): FullyConnectedNet[8, 64, 64, 64, 512]
      (linear): Linear(128x0e+128x1o+128x2e+128x3o -> 128x0e+128x1o+128x2e+128x3o | 65536 weights)
      (skip_tp): FullyConnectedTensorProduct(128x0e+128x1o+128x2e+128x3o x 3x0e -> 128x0e+128x1o+128x2e+128x3o | 196608 paths | 196608 weights)
      (reshape): reshape_irreps()
    )
    (1): RealAgnosticResidualInteractionBlock(
      (linear_up): Linear(128x0e+128x1o -> 128x0e+128x1o | 32768 weights)
      (conv_tp): TensorProduct(128x0e+128x1o x 1x0e+1x1o+1x2e+1x3o -> 256x0e+384x1o+384x2e+256x3o | 1280 paths | 1280 weights)
      (conv_tp_weights): FullyConnectedNet[8, 64, 64, 64, 1280]
      (linear): Linear(256x0e+384x1o+384x2e+256x3o -> 128x0e+128x1o+128x2e+128x3o | 163840 weights)
      (skip_tp): FullyConnectedTensorProduct(128x0e+128x1o x 3x0e -> 128x0e | 49152 paths | 49152 weights)
      (reshape): reshape_irreps()
    )
  )
  (products): ModuleList(
    (0): EquivariantProductBasisBlock(
      (symmetric_contractions): SymmetricContraction(
        (contractions): ModuleList(
          (0): Contraction(
            (contractions_weighting): ModuleList(
              (0-1): 2 x GraphModule()
            )
            (contractions_features): ModuleList(
              (0-1): 2 x GraphModule()
            )
            (weights): ParameterList(
                (0): Parameter containing: [torch.float64 of size 3x4x128 (cuda:0)]
                (1): Parameter containing: [torch.float64 of size 3x1x128 (cuda:0)]
            )
            (graph_opt_main): GraphModule()
          )
          (1): Contraction(
            (contractions_weighting): ModuleList(
              (0-1): 2 x GraphModule()
            )
            (contractions_features): ModuleList(
              (0-1): 2 x GraphModule()
            )
            (weights): ParameterList(
                (0): Parameter containing: [torch.float64 of size 3x6x128 (cuda:0)]
                (1): Parameter containing: [torch.float64 of size 3x1x128 (cuda:0)]
            )
            (graph_opt_main): GraphModule()
          )
        )
      )
      (linear): Linear(128x0e+128x1o -> 128x0e+128x1o | 32768 weights)
    )
    (1): EquivariantProductBasisBlock(
      (symmetric_contractions): SymmetricContraction(
        (contractions): ModuleList(
          (0): Contraction(
            (contractions_weighting): ModuleList(
              (0-1): 2 x GraphModule()
            )
            (contractions_features): ModuleList(
              (0-1): 2 x GraphModule()
            )
            (weights): ParameterList(
                (0): Parameter containing: [torch.float64 of size 3x4x128 (cuda:0)]
                (1): Parameter containing: [torch.float64 of size 3x1x128 (cuda:0)]
            )
            (graph_opt_main): GraphModule()
          )
        )
      )
      (linear): Linear(128x0e -> 128x0e | 16384 weights)
    )
  )
  (readouts): ModuleList(
    (0): LinearReadoutBlock(
      (linear): Linear(128x0e+128x1o -> 1x0e | 128 weights)
    )
    (1): NonLinearReadoutBlock(
      (linear_1): Linear(128x0e -> 16x0e | 2048 weights)
      (non_linearity): Activation [x] (16x0e -> 16x0e)
      (linear_2): Linear(16x0e -> 1x0e | 16 weights)
    )
  )
  (scale_shift): ScaleShiftBlock(scale=1.088502, shift=0.000000)
)
2025-03-28 01:35:11.658 INFO: Number of parameters: 751896
2025-03-28 01:35:11.658 INFO: Optimizer: Adam (
Parameter Group 0
    amsgrad: True
    betas: (0.9, 0.999)
    capturable: False
    differentiable: False
    eps: 1e-08
    foreach: None
    fused: None
    lr: 0.005
    maximize: False
    name: embedding
    weight_decay: 0.0

Parameter Group 1
    amsgrad: True
    betas: (0.9, 0.999)
    capturable: False
    differentiable: False
    eps: 1e-08
    foreach: None
    fused: None
    lr: 0.005
    maximize: False
    name: interactions_decay
    weight_decay: 1e-08

Parameter Group 2
    amsgrad: True
    betas: (0.9, 0.999)
    capturable: False
    differentiable: False
    eps: 1e-08
    foreach: None
    fused: None
    lr: 0.005
    maximize: False
    name: interactions_no_decay
    weight_decay: 0.0

Parameter Group 3
    amsgrad: True
    betas: (0.9, 0.999)
    capturable: False
    differentiable: False
    eps: 1e-08
    foreach: None
    fused: None
    lr: 0.005
    maximize: False
    name: products
    weight_decay: 1e-08

Parameter Group 4
    amsgrad: True
    betas: (0.9, 0.999)
    capturable: False
    differentiable: False
    eps: 1e-08
    foreach: None
    fused: None
    lr: 0.005
    maximize: False
    name: readouts
    weight_decay: 0.0
)
2025-03-28 01:35:11.658 INFO: Using gradient clipping with tolerance=100.000
2025-03-28 01:35:11.658 INFO: Started training
2025-03-28 01:35:19.312 INFO: Epoch None: loss=4605.6213, RMSE_E=66278.0 meV, RMSE_F=461.3 meV / A
2025-03-28 01:35:38.313 INFO: Epoch 0: loss=5.2196, RMSE_E=280.6 meV, RMSE_F=71.7 meV / A
2025-03-28 01:35:56.484 INFO: Epoch 2: loss=0.8497, RMSE_E=53.7 meV, RMSE_F=29.1 meV / A
2025-03-28 01:36:14.647 INFO: Epoch 4: loss=0.4387, RMSE_E=27.6 meV, RMSE_F=20.9 meV / A
2025-03-28 01:36:32.744 INFO: Epoch 6: loss=0.3085, RMSE_E=20.9 meV, RMSE_F=17.6 meV / A
2025-03-28 01:36:50.859 INFO: Epoch 8: loss=0.2494, RMSE_E=12.8 meV, RMSE_F=15.8 meV / A
2025-03-28 01:37:08.957 INFO: Epoch 10: loss=0.2072, RMSE_E=11.9 meV, RMSE_F=14.4 meV / A
2025-03-28 01:37:27.075 INFO: Epoch 12: loss=0.1775, RMSE_E=9.6 meV, RMSE_F=13.3 meV / A
2025-03-28 01:37:45.176 INFO: Epoch 14: loss=0.1585, RMSE_E=8.6 meV, RMSE_F=12.6 meV / A
2025-03-28 01:38:03.187 INFO: Epoch 16: loss=0.1421, RMSE_E=6.6 meV, RMSE_F=11.9 meV / A
2025-03-28 01:38:21.232 INFO: Epoch 18: loss=0.1294, RMSE_E=5.3 meV, RMSE_F=11.4 meV / A
2025-03-28 01:38:39.259 INFO: Epoch 20: loss=0.1189, RMSE_E=5.0 meV, RMSE_F=10.9 meV / A
2025-03-28 01:38:57.276 INFO: Epoch 22: loss=0.1107, RMSE_E=5.0 meV, RMSE_F=10.5 meV / A
2025-03-28 01:39:15.309 INFO: Epoch 24: loss=0.1046, RMSE_E=4.8 meV, RMSE_F=10.2 meV / A
2025-03-28 01:39:33.332 INFO: Epoch 26: loss=0.0995, RMSE_E=4.2 meV, RMSE_F=10.0 meV / A
2025-03-28 01:39:51.335 INFO: Epoch 28: loss=0.0940, RMSE_E=3.7 meV, RMSE_F=9.7 meV / A
2025-03-28 01:40:09.365 INFO: Epoch 30: loss=0.0899, RMSE_E=3.4 meV, RMSE_F=9.5 meV / A
2025-03-28 01:40:27.461 INFO: Epoch 32: loss=0.0857, RMSE_E=2.8 meV, RMSE_F=9.3 meV / A
2025-03-28 01:40:45.592 INFO: Epoch 34: loss=0.0814, RMSE_E=3.0 meV, RMSE_F=9.0 meV / A
2025-03-28 01:41:03.655 INFO: Epoch 36: loss=0.0785, RMSE_E=2.6 meV, RMSE_F=8.9 meV / A
2025-03-28 01:41:21.656 INFO: Epoch 38: loss=0.0761, RMSE_E=2.8 meV, RMSE_F=8.7 meV / A
2025-03-28 01:41:39.656 INFO: Epoch 40: loss=0.0737, RMSE_E=2.7 meV, RMSE_F=8.6 meV / A
2025-03-28 01:41:57.648 INFO: Epoch 42: loss=0.0713, RMSE_E=2.4 meV, RMSE_F=8.4 meV / A
2025-03-28 01:42:15.668 INFO: Epoch 44: loss=0.0693, RMSE_E=2.1 meV, RMSE_F=8.3 meV / A
2025-03-28 01:42:33.751 INFO: Epoch 46: loss=0.0672, RMSE_E=2.2 meV, RMSE_F=8.2 meV / A
2025-03-28 01:42:51.871 INFO: Epoch 48: loss=0.0653, RMSE_E=2.0 meV, RMSE_F=8.1 meV / A
2025-03-28 01:43:09.962 INFO: Epoch 50: loss=0.0637, RMSE_E=2.2 meV, RMSE_F=8.0 meV / A
2025-03-28 01:43:28.030 INFO: Epoch 52: loss=0.0621, RMSE_E=2.0 meV, RMSE_F=7.9 meV / A
2025-03-28 01:43:46.047 INFO: Epoch 54: loss=0.0611, RMSE_E=1.7 meV, RMSE_F=7.8 meV / A
2025-03-28 01:44:04.070 INFO: Epoch 56: loss=0.0601, RMSE_E=1.9 meV, RMSE_F=7.8 meV / A
2025-03-28 01:44:22.084 INFO: Epoch 58: loss=0.0582, RMSE_E=1.9 meV, RMSE_F=7.6 meV / A
2025-03-28 01:44:40.089 INFO: Epoch 60: loss=0.0567, RMSE_E=1.9 meV, RMSE_F=7.5 meV / A
2025-03-28 01:44:58.118 INFO: Epoch 62: loss=0.0560, RMSE_E=1.8 meV, RMSE_F=7.5 meV / A
2025-03-28 01:45:16.127 INFO: Epoch 64: loss=0.0556, RMSE_E=1.6 meV, RMSE_F=7.5 meV / A
2025-03-28 01:45:34.195 INFO: Epoch 66: loss=0.0539, RMSE_E=1.8 meV, RMSE_F=7.3 meV / A
2025-03-28 01:45:52.228 INFO: Epoch 68: loss=0.0525, RMSE_E=1.7 meV, RMSE_F=7.2 meV / A
2025-03-28 01:46:10.251 INFO: Epoch 70: loss=0.0518, RMSE_E=1.8 meV, RMSE_F=7.2 meV / A
2025-03-28 01:46:28.228 INFO: Epoch 72: loss=0.0514, RMSE_E=1.7 meV, RMSE_F=7.2 meV / A
2025-03-28 01:46:46.231 INFO: Epoch 74: loss=0.0506, RMSE_E=1.7 meV, RMSE_F=7.1 meV / A
2025-03-28 01:47:04.223 INFO: Epoch 76: loss=0.0500, RMSE_E=1.5 meV, RMSE_F=7.1 meV / A
2025-03-28 01:47:22.261 INFO: Epoch 78: loss=0.0494, RMSE_E=1.5 meV, RMSE_F=7.0 meV / A
2025-03-28 01:47:40.296 INFO: Epoch 80: loss=0.0488, RMSE_E=1.8 meV, RMSE_F=7.0 meV / A
2025-03-28 01:47:58.284 INFO: Epoch 82: loss=0.0482, RMSE_E=1.6 meV, RMSE_F=6.9 meV / A
2025-03-28 01:48:16.291 INFO: Epoch 84: loss=0.0476, RMSE_E=1.5 meV, RMSE_F=6.9 meV / A
2025-03-28 01:48:34.329 INFO: Epoch 86: loss=0.0470, RMSE_E=1.7 meV, RMSE_F=6.9 meV / A
2025-03-28 01:48:52.334 INFO: Epoch 88: loss=0.0462, RMSE_E=1.5 meV, RMSE_F=6.8 meV / A
2025-03-28 01:49:10.372 INFO: Epoch 90: loss=0.0456, RMSE_E=1.6 meV, RMSE_F=6.8 meV / A
2025-03-28 01:49:28.380 INFO: Epoch 92: loss=0.0448, RMSE_E=1.6 meV, RMSE_F=6.7 meV / A
2025-03-28 01:49:46.360 INFO: Epoch 94: loss=0.0445, RMSE_E=1.5 meV, RMSE_F=6.7 meV / A
2025-03-28 01:50:04.392 INFO: Epoch 96: loss=0.0444, RMSE_E=1.5 meV, RMSE_F=6.7 meV / A
2025-03-28 01:50:22.424 INFO: Epoch 98: loss=0.0436, RMSE_E=1.4 meV, RMSE_F=6.6 meV / A
2025-03-28 01:50:40.467 INFO: Epoch 100: loss=0.0432, RMSE_E=1.4 meV, RMSE_F=6.6 meV / A
2025-03-28 01:50:58.508 INFO: Epoch 102: loss=0.0427, RMSE_E=1.4 meV, RMSE_F=6.5 meV / A
2025-03-28 01:51:16.504 INFO: Epoch 104: loss=0.0423, RMSE_E=1.5 meV, RMSE_F=6.5 meV / A
2025-03-28 01:51:34.530 INFO: Epoch 106: loss=0.0419, RMSE_E=1.5 meV, RMSE_F=6.5 meV / A
2025-03-28 01:51:52.563 INFO: Epoch 108: loss=0.0416, RMSE_E=1.5 meV, RMSE_F=6.4 meV / A
2025-03-28 01:52:10.518 INFO: Epoch 110: loss=0.0411, RMSE_E=1.4 meV, RMSE_F=6.4 meV / A
2025-03-28 01:52:28.514 INFO: Epoch 112: loss=0.0405, RMSE_E=1.4 meV, RMSE_F=6.4 meV / A
2025-03-28 01:52:46.377 INFO: Epoch 114: loss=0.0401, RMSE_E=1.4 meV, RMSE_F=6.3 meV / A
2025-03-28 01:53:03.607 INFO: Epoch 116: loss=0.0399, RMSE_E=1.4 meV, RMSE_F=6.3 meV / A
2025-03-28 01:53:20.798 INFO: Epoch 118: loss=0.0393, RMSE_E=1.4 meV, RMSE_F=6.3 meV / A
2025-03-28 01:53:38.067 INFO: Epoch 120: loss=0.0388, RMSE_E=1.4 meV, RMSE_F=6.2 meV / A
2025-03-28 01:53:55.339 INFO: Epoch 122: loss=0.0386, RMSE_E=1.3 meV, RMSE_F=6.2 meV / A
2025-03-28 01:54:12.570 INFO: Epoch 124: loss=0.0382, RMSE_E=1.3 meV, RMSE_F=6.2 meV / A
2025-03-28 01:54:29.823 INFO: Epoch 126: loss=0.0381, RMSE_E=1.4 meV, RMSE_F=6.2 meV / A
2025-03-28 01:54:47.151 INFO: Epoch 128: loss=0.0381, RMSE_E=1.3 meV, RMSE_F=6.2 meV / A
2025-03-28 01:55:04.452 INFO: Epoch 130: loss=0.0378, RMSE_E=1.4 meV, RMSE_F=6.1 meV / A
2025-03-28 01:55:21.714 INFO: Epoch 132: loss=0.0374, RMSE_E=1.3 meV, RMSE_F=6.1 meV / A
2025-03-28 01:55:39.275 INFO: Epoch 134: loss=0.0372, RMSE_E=1.4 meV, RMSE_F=6.1 meV / A
2025-03-28 01:55:57.289 INFO: Epoch 136: loss=0.0369, RMSE_E=1.4 meV, RMSE_F=6.1 meV / A
2025-03-28 01:56:15.321 INFO: Epoch 138: loss=0.0363, RMSE_E=1.4 meV, RMSE_F=6.0 meV / A
2025-03-28 01:56:33.309 INFO: Epoch 140: loss=0.0359, RMSE_E=1.3 meV, RMSE_F=6.0 meV / A
2025-03-28 01:56:51.348 INFO: Epoch 142: loss=0.0357, RMSE_E=1.3 meV, RMSE_F=6.0 meV / A
2025-03-28 01:57:09.386 INFO: Epoch 144: loss=0.0359, RMSE_E=1.3 meV, RMSE_F=6.0 meV / A
2025-03-28 01:57:27.288 INFO: Epoch 146: loss=0.0353, RMSE_E=1.3 meV, RMSE_F=5.9 meV / A
2025-03-28 01:57:45.308 INFO: Epoch 148: loss=0.0353, RMSE_E=1.3 meV, RMSE_F=5.9 meV / A
2025-03-28 01:58:03.312 INFO: Epoch 150: loss=0.0351, RMSE_E=1.4 meV, RMSE_F=5.9 meV / A
2025-03-28 01:58:21.352 INFO: Epoch 152: loss=0.0349, RMSE_E=1.4 meV, RMSE_F=5.9 meV / A
2025-03-28 01:58:39.384 INFO: Epoch 154: loss=0.0347, RMSE_E=1.3 meV, RMSE_F=5.9 meV / A
2025-03-28 01:58:57.370 INFO: Epoch 156: loss=0.0345, RMSE_E=1.3 meV, RMSE_F=5.9 meV / A
2025-03-28 01:59:15.420 INFO: Epoch 158: loss=0.0343, RMSE_E=1.2 meV, RMSE_F=5.9 meV / A
2025-03-28 01:59:33.400 INFO: Epoch 160: loss=0.0341, RMSE_E=1.2 meV, RMSE_F=5.8 meV / A
2025-03-28 01:59:51.450 INFO: Epoch 162: loss=0.0340, RMSE_E=1.3 meV, RMSE_F=5.8 meV / A
2025-03-28 02:00:09.507 INFO: Epoch 164: loss=0.0341, RMSE_E=1.3 meV, RMSE_F=5.8 meV / A
2025-03-28 02:00:27.517 INFO: Epoch 166: loss=0.0340, RMSE_E=1.3 meV, RMSE_F=5.8 meV / A
2025-03-28 02:00:45.553 INFO: Epoch 168: loss=0.0339, RMSE_E=1.2 meV, RMSE_F=5.8 meV / A
2025-03-28 02:01:03.547 INFO: Epoch 170: loss=0.0334, RMSE_E=1.2 meV, RMSE_F=5.8 meV / A
2025-03-28 02:01:21.580 INFO: Epoch 172: loss=0.0331, RMSE_E=1.3 meV, RMSE_F=5.8 meV / A
2025-03-28 02:01:39.696 INFO: Epoch 174: loss=0.0328, RMSE_E=1.2 meV, RMSE_F=5.7 meV / A
2025-03-28 02:01:57.796 INFO: Epoch 176: loss=0.0326, RMSE_E=1.3 meV, RMSE_F=5.7 meV / A
2025-03-28 02:02:15.856 INFO: Epoch 178: loss=0.0327, RMSE_E=1.3 meV, RMSE_F=5.7 meV / A
2025-03-28 02:02:33.851 INFO: Epoch 180: loss=0.0324, RMSE_E=1.2 meV, RMSE_F=5.7 meV / A
2025-03-28 02:02:51.947 INFO: Epoch 182: loss=0.0324, RMSE_E=1.2 meV, RMSE_F=5.7 meV / A
2025-03-28 02:03:10.062 INFO: Epoch 184: loss=0.0320, RMSE_E=1.2 meV, RMSE_F=5.7 meV / A
2025-03-28 02:03:28.162 INFO: Epoch 186: loss=0.0318, RMSE_E=1.2 meV, RMSE_F=5.6 meV / A
2025-03-28 02:03:46.288 INFO: Epoch 188: loss=0.0317, RMSE_E=1.2 meV, RMSE_F=5.6 meV / A
2025-03-28 02:04:04.414 INFO: Epoch 190: loss=0.0316, RMSE_E=1.2 meV, RMSE_F=5.6 meV / A
2025-03-28 02:04:22.564 INFO: Epoch 192: loss=0.0316, RMSE_E=1.2 meV, RMSE_F=5.6 meV / A
2025-03-28 02:04:40.686 INFO: Epoch 194: loss=0.0312, RMSE_E=1.2 meV, RMSE_F=5.6 meV / A
2025-03-28 02:04:58.819 INFO: Epoch 196: loss=0.0310, RMSE_E=1.2 meV, RMSE_F=5.6 meV / A
2025-03-28 02:05:16.947 INFO: Epoch 198: loss=0.0307, RMSE_E=1.2 meV, RMSE_F=5.5 meV / A
2025-03-28 02:05:35.055 INFO: Epoch 200: loss=0.0307, RMSE_E=1.2 meV, RMSE_F=5.5 meV / A
2025-03-28 02:05:53.175 INFO: Epoch 202: loss=0.0306, RMSE_E=1.2 meV, RMSE_F=5.5 meV / A
2025-03-28 02:06:11.237 INFO: Epoch 204: loss=0.0305, RMSE_E=1.1 meV, RMSE_F=5.5 meV / A
2025-03-28 02:06:29.311 INFO: Epoch 206: loss=0.0304, RMSE_E=1.2 meV, RMSE_F=5.5 meV / A
2025-03-28 02:06:47.423 INFO: Epoch 208: loss=0.0300, RMSE_E=1.1 meV, RMSE_F=5.5 meV / A
2025-03-28 02:07:05.477 INFO: Epoch 210: loss=0.0299, RMSE_E=1.2 meV, RMSE_F=5.5 meV / A
2025-03-28 02:07:23.504 INFO: Epoch 212: loss=0.0298, RMSE_E=1.1 meV, RMSE_F=5.5 meV / A
2025-03-28 02:07:41.531 INFO: Epoch 214: loss=0.0298, RMSE_E=1.1 meV, RMSE_F=5.5 meV / A
2025-03-28 02:07:59.448 INFO: Epoch 216: loss=0.0296, RMSE_E=1.2 meV, RMSE_F=5.4 meV / A
2025-03-28 02:08:17.465 INFO: Epoch 218: loss=0.0294, RMSE_E=1.1 meV, RMSE_F=5.4 meV / A
2025-03-28 02:08:35.525 INFO: Epoch 220: loss=0.0294, RMSE_E=1.2 meV, RMSE_F=5.4 meV / A
2025-03-28 02:08:53.382 INFO: Epoch 222: loss=0.0292, RMSE_E=1.1 meV, RMSE_F=5.4 meV / A
2025-03-28 02:09:11.408 INFO: Epoch 224: loss=0.0290, RMSE_E=1.1 meV, RMSE_F=5.4 meV / A
2025-03-28 02:09:29.571 INFO: Epoch 226: loss=0.0291, RMSE_E=1.1 meV, RMSE_F=5.4 meV / A
2025-03-28 02:09:47.530 INFO: Epoch 228: loss=0.0290, RMSE_E=1.1 meV, RMSE_F=5.4 meV / A
2025-03-28 02:10:05.339 INFO: Epoch 230: loss=0.0289, RMSE_E=1.1 meV, RMSE_F=5.4 meV / A
2025-03-28 02:10:23.236 INFO: Epoch 232: loss=0.0288, RMSE_E=1.2 meV, RMSE_F=5.4 meV / A
2025-03-28 02:10:41.099 INFO: Epoch 234: loss=0.0289, RMSE_E=1.1 meV, RMSE_F=5.4 meV / A
2025-03-28 02:10:58.861 INFO: Epoch 236: loss=0.0286, RMSE_E=1.1 meV, RMSE_F=5.3 meV / A
2025-03-28 02:11:16.781 INFO: Epoch 238: loss=0.0283, RMSE_E=1.1 meV, RMSE_F=5.3 meV / A
2025-03-28 02:11:34.689 INFO: Epoch 240: loss=0.0284, RMSE_E=1.1 meV, RMSE_F=5.3 meV / A
2025-03-28 02:11:52.476 INFO: Epoch 242: loss=0.0282, RMSE_E=1.1 meV, RMSE_F=5.3 meV / A
2025-03-28 02:12:10.355 INFO: Epoch 244: loss=0.0281, RMSE_E=1.1 meV, RMSE_F=5.3 meV / A
2025-03-28 02:12:28.236 INFO: Epoch 246: loss=0.0282, RMSE_E=1.1 meV, RMSE_F=5.3 meV / A
2025-03-28 02:12:46.024 INFO: Epoch 248: loss=0.0279, RMSE_E=1.1 meV, RMSE_F=5.3 meV / A
2025-03-28 02:13:03.786 INFO: Epoch 250: loss=0.0277, RMSE_E=1.1 meV, RMSE_F=5.3 meV / A
2025-03-28 02:13:21.550 INFO: Epoch 252: loss=0.0276, RMSE_E=1.1 meV, RMSE_F=5.3 meV / A
2025-03-28 02:13:39.284 INFO: Epoch 254: loss=0.0275, RMSE_E=1.1 meV, RMSE_F=5.2 meV / A
2025-03-28 02:13:57.001 INFO: Epoch 256: loss=0.0275, RMSE_E=1.1 meV, RMSE_F=5.2 meV / A
2025-03-28 02:14:14.575 INFO: Epoch 258: loss=0.0275, RMSE_E=1.1 meV, RMSE_F=5.2 meV / A
2025-03-28 02:14:31.832 INFO: Epoch 260: loss=0.0274, RMSE_E=1.1 meV, RMSE_F=5.2 meV / A
2025-03-28 02:14:49.062 INFO: Epoch 262: loss=0.0273, RMSE_E=1.1 meV, RMSE_F=5.2 meV / A
2025-03-28 02:15:06.547 INFO: Epoch 264: loss=0.0272, RMSE_E=1.1 meV, RMSE_F=5.2 meV / A
2025-03-28 02:15:24.180 INFO: Epoch 266: loss=0.0273, RMSE_E=1.1 meV, RMSE_F=5.2 meV / A
2025-03-28 02:15:41.699 INFO: Epoch 268: loss=0.0273, RMSE_E=1.1 meV, RMSE_F=5.2 meV / A
2025-03-28 02:15:59.210 INFO: Epoch 270: loss=0.0272, RMSE_E=1.1 meV, RMSE_F=5.2 meV / A
2025-03-28 02:16:16.845 INFO: Epoch 272: loss=0.0270, RMSE_E=1.1 meV, RMSE_F=5.2 meV / A
2025-03-28 02:16:34.446 INFO: Epoch 274: loss=0.0268, RMSE_E=1.1 meV, RMSE_F=5.2 meV / A
2025-03-28 02:16:52.130 INFO: Epoch 276: loss=0.0267, RMSE_E=1.1 meV, RMSE_F=5.2 meV / A
2025-03-28 02:17:09.754 INFO: Epoch 278: loss=0.0266, RMSE_E=1.1 meV, RMSE_F=5.2 meV / A
2025-03-28 02:17:27.382 INFO: Epoch 280: loss=0.0265, RMSE_E=1.0 meV, RMSE_F=5.1 meV / A
2025-03-28 02:17:45.031 INFO: Epoch 282: loss=0.0264, RMSE_E=1.1 meV, RMSE_F=5.1 meV / A
2025-03-28 02:18:02.678 INFO: Epoch 284: loss=0.0262, RMSE_E=1.1 meV, RMSE_F=5.1 meV / A
2025-03-28 02:18:20.344 INFO: Epoch 286: loss=0.0261, RMSE_E=1.0 meV, RMSE_F=5.1 meV / A
2025-03-28 02:18:38.028 INFO: Epoch 288: loss=0.0261, RMSE_E=1.1 meV, RMSE_F=5.1 meV / A
2025-03-28 02:18:55.662 INFO: Epoch 290: loss=0.0259, RMSE_E=1.1 meV, RMSE_F=5.1 meV / A
2025-03-28 02:19:13.320 INFO: Epoch 292: loss=0.0259, RMSE_E=1.1 meV, RMSE_F=5.1 meV / A
2025-03-28 02:19:31.033 INFO: Epoch 294: loss=0.0259, RMSE_E=1.1 meV, RMSE_F=5.1 meV / A
2025-03-28 02:19:48.766 INFO: Epoch 296: loss=0.0259, RMSE_E=1.0 meV, RMSE_F=5.1 meV / A
2025-03-28 02:20:06.415 INFO: Epoch 298: loss=0.0257, RMSE_E=1.1 meV, RMSE_F=5.1 meV / A
2025-03-28 02:20:24.082 INFO: Epoch 300: loss=0.0259, RMSE_E=1.0 meV, RMSE_F=5.1 meV / A
2025-03-28 02:20:41.567 INFO: Epoch 302: loss=0.0256, RMSE_E=1.0 meV, RMSE_F=5.1 meV / A
2025-03-28 02:20:59.198 INFO: Epoch 304: loss=0.0256, RMSE_E=1.0 meV, RMSE_F=5.1 meV / A
2025-03-28 02:21:16.770 INFO: Epoch 306: loss=0.0255, RMSE_E=1.0 meV, RMSE_F=5.0 meV / A
2025-03-28 02:21:34.375 INFO: Epoch 308: loss=0.0254, RMSE_E=1.0 meV, RMSE_F=5.0 meV / A
2025-03-28 02:21:51.993 INFO: Epoch 310: loss=0.0253, RMSE_E=1.0 meV, RMSE_F=5.0 meV / A
2025-03-28 02:22:09.627 INFO: Epoch 312: loss=0.0253, RMSE_E=1.0 meV, RMSE_F=5.0 meV / A
2025-03-28 02:22:27.095 INFO: Epoch 314: loss=0.0252, RMSE_E=1.0 meV, RMSE_F=5.0 meV / A
2025-03-28 02:22:44.763 INFO: Epoch 316: loss=0.0252, RMSE_E=1.0 meV, RMSE_F=5.0 meV / A
2025-03-28 02:23:02.236 INFO: Epoch 318: loss=0.0252, RMSE_E=1.1 meV, RMSE_F=5.0 meV / A
2025-03-28 02:23:19.725 INFO: Epoch 320: loss=0.0250, RMSE_E=1.0 meV, RMSE_F=5.0 meV / A
2025-03-28 02:23:37.365 INFO: Epoch 322: loss=0.0249, RMSE_E=1.1 meV, RMSE_F=5.0 meV / A
2025-03-28 02:23:54.995 INFO: Epoch 324: loss=0.0249, RMSE_E=1.0 meV, RMSE_F=5.0 meV / A
2025-03-28 02:24:12.579 INFO: Epoch 326: loss=0.0250, RMSE_E=1.0 meV, RMSE_F=5.0 meV / A
2025-03-28 02:24:30.106 INFO: Epoch 328: loss=0.0249, RMSE_E=1.0 meV, RMSE_F=5.0 meV / A
2025-03-28 02:24:47.580 INFO: Epoch 330: loss=0.0249, RMSE_E=1.0 meV, RMSE_F=5.0 meV / A
2025-03-28 02:25:05.171 INFO: Epoch 332: loss=0.0248, RMSE_E=1.0 meV, RMSE_F=5.0 meV / A
2025-03-28 02:25:22.797 INFO: Epoch 334: loss=0.0247, RMSE_E=1.0 meV, RMSE_F=5.0 meV / A
2025-03-28 02:25:40.391 INFO: Epoch 336: loss=0.0247, RMSE_E=1.0 meV, RMSE_F=5.0 meV / A
2025-03-28 02:25:57.838 INFO: Epoch 338: loss=0.0247, RMSE_E=1.0 meV, RMSE_F=5.0 meV / A
2025-03-28 02:26:15.289 INFO: Epoch 340: loss=0.0244, RMSE_E=1.0 meV, RMSE_F=4.9 meV / A
2025-03-28 02:26:32.898 INFO: Epoch 342: loss=0.0244, RMSE_E=1.0 meV, RMSE_F=4.9 meV / A
2025-03-28 02:26:50.355 INFO: Epoch 344: loss=0.0245, RMSE_E=1.0 meV, RMSE_F=4.9 meV / A
2025-03-28 02:27:07.857 INFO: Epoch 346: loss=0.0244, RMSE_E=1.0 meV, RMSE_F=4.9 meV / A
2025-03-28 02:27:25.393 INFO: Epoch 348: loss=0.0244, RMSE_E=1.0 meV, RMSE_F=4.9 meV / A
2025-03-28 02:27:43.029 INFO: Epoch 350: loss=0.0243, RMSE_E=1.0 meV, RMSE_F=4.9 meV / A
2025-03-28 02:28:00.715 INFO: Epoch 352: loss=0.0242, RMSE_E=1.0 meV, RMSE_F=4.9 meV / A
2025-03-28 02:28:18.267 INFO: Epoch 354: loss=0.0242, RMSE_E=1.0 meV, RMSE_F=4.9 meV / A
2025-03-28 02:28:35.904 INFO: Epoch 356: loss=0.0242, RMSE_E=0.9 meV, RMSE_F=4.9 meV / A
2025-03-28 02:28:53.370 INFO: Epoch 358: loss=0.0241, RMSE_E=1.0 meV, RMSE_F=4.9 meV / A
2025-03-28 02:29:11.022 INFO: Epoch 360: loss=0.0241, RMSE_E=0.9 meV, RMSE_F=4.9 meV / A
2025-03-28 02:29:28.574 INFO: Epoch 362: loss=0.0240, RMSE_E=0.9 meV, RMSE_F=4.9 meV / A
2025-03-28 02:29:46.258 INFO: Epoch 364: loss=0.0240, RMSE_E=1.0 meV, RMSE_F=4.9 meV / A
2025-03-28 02:30:03.716 INFO: Epoch 366: loss=0.0239, RMSE_E=1.0 meV, RMSE_F=4.9 meV / A
2025-03-28 02:30:21.284 INFO: Epoch 368: loss=0.0238, RMSE_E=1.0 meV, RMSE_F=4.9 meV / A
2025-03-28 02:30:39.043 INFO: Epoch 370: loss=0.0237, RMSE_E=0.9 meV, RMSE_F=4.9 meV / A
2025-03-28 02:30:56.591 INFO: Epoch 372: loss=0.0236, RMSE_E=0.9 meV, RMSE_F=4.9 meV / A
2025-03-28 02:31:14.232 INFO: Epoch 374: loss=0.0235, RMSE_E=0.9 meV, RMSE_F=4.8 meV / A
2025-03-28 02:31:31.814 INFO: Epoch 376: loss=0.0236, RMSE_E=0.9 meV, RMSE_F=4.9 meV / A
2025-03-28 02:31:49.326 INFO: Epoch 378: loss=0.0237, RMSE_E=1.0 meV, RMSE_F=4.9 meV / A
2025-03-28 02:32:06.773 INFO: Epoch 380: loss=0.0236, RMSE_E=1.0 meV, RMSE_F=4.9 meV / A
2025-03-28 02:32:24.254 INFO: Epoch 382: loss=0.0236, RMSE_E=1.0 meV, RMSE_F=4.9 meV / A
2025-03-28 02:32:41.775 INFO: Epoch 384: loss=0.0235, RMSE_E=0.9 meV, RMSE_F=4.9 meV / A
2025-03-28 02:32:59.240 INFO: Epoch 386: loss=0.0235, RMSE_E=1.0 meV, RMSE_F=4.8 meV / A
2025-03-28 02:33:16.842 INFO: Epoch 388: loss=0.0235, RMSE_E=0.9 meV, RMSE_F=4.8 meV / A
2025-03-28 02:33:34.395 INFO: Epoch 390: loss=0.0233, RMSE_E=0.9 meV, RMSE_F=4.8 meV / A
2025-03-28 02:33:52.038 INFO: Epoch 392: loss=0.0233, RMSE_E=1.0 meV, RMSE_F=4.8 meV / A
2025-03-28 02:34:09.705 INFO: Epoch 394: loss=0.0233, RMSE_E=0.9 meV, RMSE_F=4.8 meV / A
2025-03-28 02:34:27.278 INFO: Epoch 396: loss=0.0233, RMSE_E=0.9 meV, RMSE_F=4.8 meV / A
2025-03-28 02:34:44.802 INFO: Epoch 398: loss=0.0233, RMSE_E=0.9 meV, RMSE_F=4.8 meV / A
2025-03-28 02:35:02.463 INFO: Epoch 400: loss=0.0233, RMSE_E=0.9 meV, RMSE_F=4.8 meV / A
2025-03-28 02:35:20.034 INFO: Epoch 402: loss=0.0232, RMSE_E=0.9 meV, RMSE_F=4.8 meV / A
2025-03-28 02:35:37.594 INFO: Epoch 404: loss=0.0232, RMSE_E=0.9 meV, RMSE_F=4.8 meV / A
2025-03-28 02:35:55.160 INFO: Epoch 406: loss=0.0232, RMSE_E=0.9 meV, RMSE_F=4.8 meV / A
2025-03-28 02:36:12.683 INFO: Epoch 408: loss=0.0232, RMSE_E=0.9 meV, RMSE_F=4.8 meV / A
2025-03-28 02:36:30.159 INFO: Epoch 410: loss=0.0232, RMSE_E=0.9 meV, RMSE_F=4.8 meV / A
2025-03-28 02:36:47.452 INFO: Epoch 412: loss=0.0231, RMSE_E=0.9 meV, RMSE_F=4.8 meV / A
2025-03-28 02:37:04.836 INFO: Epoch 414: loss=0.0231, RMSE_E=0.9 meV, RMSE_F=4.8 meV / A
2025-03-28 02:37:22.382 INFO: Epoch 416: loss=0.0231, RMSE_E=0.9 meV, RMSE_F=4.8 meV / A
2025-03-28 02:37:39.971 INFO: Epoch 418: loss=0.0230, RMSE_E=0.9 meV, RMSE_F=4.8 meV / A
2025-03-28 02:37:57.563 INFO: Epoch 420: loss=0.0230, RMSE_E=1.0 meV, RMSE_F=4.8 meV / A
2025-03-28 02:38:15.183 INFO: Epoch 422: loss=0.0231, RMSE_E=0.9 meV, RMSE_F=4.8 meV / A
2025-03-28 02:38:32.634 INFO: Epoch 424: loss=0.0230, RMSE_E=1.0 meV, RMSE_F=4.8 meV / A
2025-03-28 02:38:50.121 INFO: Epoch 426: loss=0.0230, RMSE_E=0.9 meV, RMSE_F=4.8 meV / A
2025-03-28 02:39:07.702 INFO: Epoch 428: loss=0.0229, RMSE_E=0.9 meV, RMSE_F=4.8 meV / A
2025-03-28 02:39:25.280 INFO: Epoch 430: loss=0.0229, RMSE_E=0.9 meV, RMSE_F=4.8 meV / A
2025-03-28 02:39:42.881 INFO: Epoch 432: loss=0.0229, RMSE_E=0.9 meV, RMSE_F=4.8 meV / A
2025-03-28 02:40:00.582 INFO: Epoch 434: loss=0.0228, RMSE_E=0.9 meV, RMSE_F=4.8 meV / A
2025-03-28 02:40:18.302 INFO: Epoch 436: loss=0.0228, RMSE_E=0.9 meV, RMSE_F=4.8 meV / A
2025-03-28 02:40:36.014 INFO: Epoch 438: loss=0.0228, RMSE_E=0.9 meV, RMSE_F=4.8 meV / A
2025-03-28 02:40:53.626 INFO: Epoch 440: loss=0.0227, RMSE_E=0.9 meV, RMSE_F=4.8 meV / A
2025-03-28 02:41:11.279 INFO: Epoch 442: loss=0.0227, RMSE_E=0.9 meV, RMSE_F=4.8 meV / A
2025-03-28 02:41:28.890 INFO: Epoch 444: loss=0.0227, RMSE_E=0.9 meV, RMSE_F=4.8 meV / A
2025-03-28 02:41:46.441 INFO: Epoch 446: loss=0.0227, RMSE_E=0.9 meV, RMSE_F=4.8 meV / A
2025-03-28 02:42:04.043 INFO: Epoch 448: loss=0.0227, RMSE_E=0.9 meV, RMSE_F=4.8 meV / A
2025-03-28 02:42:21.509 INFO: Epoch 450: loss=0.0226, RMSE_E=0.9 meV, RMSE_F=4.8 meV / A
2025-03-28 02:42:39.128 INFO: Epoch 452: loss=0.0226, RMSE_E=0.9 meV, RMSE_F=4.8 meV / A
2025-03-28 02:42:56.767 INFO: Epoch 454: loss=0.0226, RMSE_E=0.9 meV, RMSE_F=4.8 meV / A
2025-03-28 02:43:14.328 INFO: Epoch 456: loss=0.0226, RMSE_E=0.9 meV, RMSE_F=4.8 meV / A
2025-03-28 02:43:31.786 INFO: Epoch 458: loss=0.0226, RMSE_E=0.9 meV, RMSE_F=4.7 meV / A
2025-03-28 02:43:49.444 INFO: Epoch 460: loss=0.0225, RMSE_E=0.9 meV, RMSE_F=4.7 meV / A
2025-03-28 02:44:07.026 INFO: Epoch 462: loss=0.0225, RMSE_E=0.9 meV, RMSE_F=4.7 meV / A
2025-03-28 02:44:24.482 INFO: Epoch 464: loss=0.0225, RMSE_E=0.9 meV, RMSE_F=4.7 meV / A
2025-03-28 02:44:42.155 INFO: Epoch 466: loss=0.0224, RMSE_E=0.9 meV, RMSE_F=4.7 meV / A
2025-03-28 02:44:59.832 INFO: Epoch 468: loss=0.0225, RMSE_E=0.9 meV, RMSE_F=4.7 meV / A
2025-03-28 02:45:17.400 INFO: Epoch 470: loss=0.0224, RMSE_E=0.9 meV, RMSE_F=4.7 meV / A
2025-03-28 02:45:35.040 INFO: Epoch 472: loss=0.0224, RMSE_E=0.9 meV, RMSE_F=4.7 meV / A
2025-03-28 02:45:52.588 INFO: Epoch 474: loss=0.0224, RMSE_E=0.9 meV, RMSE_F=4.7 meV / A
2025-03-28 02:46:10.258 INFO: Epoch 476: loss=0.0224, RMSE_E=0.9 meV, RMSE_F=4.7 meV / A
2025-03-28 02:46:27.837 INFO: Epoch 478: loss=0.0224, RMSE_E=0.9 meV, RMSE_F=4.7 meV / A
2025-03-28 02:46:45.460 INFO: Epoch 480: loss=0.0224, RMSE_E=0.9 meV, RMSE_F=4.7 meV / A
2025-03-28 02:47:03.037 INFO: Epoch 482: loss=0.0224, RMSE_E=0.9 meV, RMSE_F=4.7 meV / A
2025-03-28 02:47:20.530 INFO: Epoch 484: loss=0.0223, RMSE_E=0.9 meV, RMSE_F=4.7 meV / A
2025-03-28 02:47:38.176 INFO: Epoch 486: loss=0.0223, RMSE_E=0.9 meV, RMSE_F=4.7 meV / A
2025-03-28 02:47:55.680 INFO: Epoch 488: loss=0.0223, RMSE_E=0.9 meV, RMSE_F=4.7 meV / A
2025-03-28 02:48:13.324 INFO: Epoch 490: loss=0.0223, RMSE_E=0.9 meV, RMSE_F=4.7 meV / A
2025-03-28 02:48:30.823 INFO: Epoch 492: loss=0.0222, RMSE_E=0.9 meV, RMSE_F=4.7 meV / A
2025-03-28 02:48:48.444 INFO: Epoch 494: loss=0.0222, RMSE_E=0.9 meV, RMSE_F=4.7 meV / A
2025-03-28 02:49:06.039 INFO: Epoch 496: loss=0.0222, RMSE_E=0.9 meV, RMSE_F=4.7 meV / A
2025-03-28 02:49:23.613 INFO: Epoch 498: loss=0.0222, RMSE_E=0.9 meV, RMSE_F=4.7 meV / A
2025-03-28 02:49:32.286 INFO: Training complete
2025-03-28 02:49:32.287 INFO: Computing metrics for training, validation, and test sets
2025-03-28 02:49:32.579 INFO: Loading checkpoint: checkpoints/AcAc_run-123_epoch-498.pt
2025-03-28 02:49:32.678 INFO: Loaded model from epoch 498
2025-03-28 02:49:32.678 INFO: Evaluating train ...
2025-03-28 02:49:37.396 INFO: Evaluating valid ...
2025-03-28 02:49:37.893 INFO: Evaluating 300K_MD ...
2025-03-28 02:49:45.244 INFO: 
+-------------+--------------+------------------+-------------------+
| config_type | RMSE E / meV | RMSE F / meV / A | relative F RMSE % |
+-------------+--------------+------------------+-------------------+
|    train    |     0.6      |       2.9        |        0.28       |
|    valid    |     0.9      |       4.7        |        0.46       |
|   300K_MD   |     1.0      |       5.0        |        0.48       |
+-------------+--------------+------------------+-------------------+
2025-03-28 02:49:45.244 INFO: Saving model to checkpoints/AcAc_run-123.model
2025-03-28 02:49:45.408 INFO: Compiling model, saving metadata to AcAc_compiled.model
2025-03-28 02:49:46.129 INFO: Done
