2024-12-04 01:04:25.418 INFO: MACE version: 0.3.5
2024-12-04 01:04:25.420 INFO: Configuration: Namespace(config=None, name='AlMgCu', seed=123, log_dir='logs', model_dir='.', checkpoints_dir='checkpoints', results_dir='results', downloads_dir='downloads', device='cuda', default_dtype='float64', distributed=False, log_level='INFO', error_table='TotalRMSE', model='ScaleShiftMACE', r_max=6.0, radial_type='bessel', num_radial_basis=10, num_cutoff_basis=5, pair_repulsion=False, distance_transform='None', interaction='RealAgnosticResidualInteractionBlock', interaction_first='RealAgnosticResidualInteractionBlock', max_ell=3, correlation=3, num_interactions=2, MLP_irreps='16x0e', radial_MLP='[64, 64, 64]', hidden_irreps='128x0e + 128x1o', num_channels=128, max_L=2, gate='silu', scaling='rms_forces_scaling', avg_num_neighbors=1, compute_avg_num_neighbors=True, compute_stress=False, compute_forces=True, train_file='./dataset/train.xyz', valid_file='./dataset/valid.xyz', valid_fraction=0.1, test_file=None, test_dir=None, multi_processed_test=False, num_workers=0, pin_memory=True, atomic_numbers=None, mean=None, std=None, statistics_file=None, E0s='average', keep_isolated_atoms=False, energy_key='energy', forces_key='forces', virials_key='virials', stress_key='stress', dipole_key='dipole', charges_key='charges', loss='ef', forces_weight=1000.0, swa_forces_weight=100.0, energy_weight=1.0, swa_energy_weight=1000.0, virials_weight=1.0, swa_virials_weight=10.0, stress_weight=1.0, swa_stress_weight=10.0, dipole_weight=1.0, swa_dipole_weight=1.0, config_type_weights='{"Default":1.0}', huber_delta=0.01, optimizer='adam', beta=0.9, batch_size=5, valid_batch_size=5, lr=0.005, swa_lr=0.001, weight_decay=1e-08, amsgrad=True, scheduler='ReduceLROnPlateau', lr_factor=0.8, scheduler_patience=5, lr_scheduler_gamma=0.9993, swa=False, start_swa=None, ema=True, ema_decay=0.995, max_num_epochs=200, patience=2048, foundation_model='/home/l6eub2ic/whcs-share31/wangchen/mace/MPtrj/2024-01-07-mace-128-L2_epoch-199.model', foundation_model_readout=True, eval_interval=2, keep_checkpoints=False, save_all_checkpoints=False, restart_latest=False, save_cpu=True, clip_grad=100.0, wandb=False, wandb_dir=None, wandb_project='', wandb_entity='', wandb_name='', wandb_log_hypers=['num_channels', 'max_L', 'correlation', 'lr', 'swa_lr', 'weight_decay', 'batch_size', 'max_num_epochs', 'start_swa', 'energy_weight', 'forces_weight'])
2024-12-04 01:04:25.632 INFO: CUDA version: 11.8, CUDA device: 0
2024-12-04 01:04:26.385 INFO: Error accessing Git repository: /home/l6eub2ic/whcs-share31/wangchen/mace/inorganic/AlMgCu/LoRA
2024-12-04 01:04:30.474 INFO: Using foundation model /home/l6eub2ic/whcs-share31/wangchen/mace/MPtrj/2024-01-07-mace-128-L2_epoch-199.model as initial checkpoint.
2024-12-04 01:04:44.550 INFO: Since ASE version 3.23.0b1, using energy_key 'energy' is no longer safe when communicating between MACE and ASE. We recommend using a different key, rewriting energies to 'REF_energy'. You need to use --energy_key='REF_energy', to tell the key name chosen.
2024-12-04 01:04:49.024 INFO: Since ASE version 3.23.0b1, using forces_key 'forces' is no longer safe when communicating between MACE and ASE. We recommend using a different key, rewriting energies to 'REF_forces'. You need to use --forces_key='REF_forces', to tell the key name chosen.
2024-12-04 01:04:53.521 INFO: Since ASE version 3.23.0b1, using stress_key 'stress' is no longer safe when communicating between MACE and ASE. We recommend using a different key, rewriting energies to 'REF_stress'. You need to use --stress_key='REF_stress', to tell the key name chosen.
2024-12-04 01:04:54.204 INFO: Loaded 24252 training configurations from './dataset/train.xyz'
2024-12-04 01:04:56.454 INFO: Since ASE version 3.23.0b1, using energy_key 'energy' is no longer safe when communicating between MACE and ASE. We recommend using a different key, rewriting energies to 'REF_energy'. You need to use --energy_key='REF_energy', to tell the key name chosen.
2024-12-04 01:04:56.663 INFO: Since ASE version 3.23.0b1, using forces_key 'forces' is no longer safe when communicating between MACE and ASE. We recommend using a different key, rewriting energies to 'REF_forces'. You need to use --forces_key='REF_forces', to tell the key name chosen.
2024-12-04 01:04:56.875 INFO: Since ASE version 3.23.0b1, using stress_key 'stress' is no longer safe when communicating between MACE and ASE. We recommend using a different key, rewriting energies to 'REF_stress'. You need to use --stress_key='REF_stress', to tell the key name chosen.
2024-12-04 01:04:56.906 INFO: Loaded 1145 validation configurations from './dataset/valid.xyz'
2024-12-04 01:04:56.908 INFO: Total number of configurations: train=24252, valid=1145, tests=[]
2024-12-04 01:04:57.021 INFO: AtomicNumberTable: (12, 13, 29)
2024-12-04 01:04:57.023 INFO: Atomic Energies not in training file, using command line argument E0s
2024-12-04 01:04:57.024 INFO: Computing average Atomic Energies using least squares regression
2024-12-04 01:04:57.207 INFO: Atomic energies: [-1.3846370640293428, -3.481960931054591, -3.242739255618435]
2024-12-04 01:05:26.197 INFO: EnergyForcesLoss(energy_weight=1.000, forces_weight=1000.000)
2024-12-04 01:05:38.871 INFO: Average number of neighbors: 64.28298642096887
2024-12-04 01:05:38.872 INFO: Selected the following outputs: {'energy': True, 'forces': True, 'virials': False, 'stress': False, 'dipoles': False}
2024-12-04 01:05:51.357 INFO: Building model
2024-12-04 01:06:13.913 INFO: Number of trainable parameters: 196474
2024-12-04 01:06:13.917 INFO: ScaleShiftMACE(
  (node_embedding): LinearNodeEmbeddingBlock(
    (linear): Linear(3x0e -> 128x0e | 384 weights) | 2096 LoRA_weights)
  )
  (radial_embedding): RadialEmbeddingBlock(
    (bessel_fn): BesselBasis(r_max=6.0, num_basis=10, trainable=True)
    (cutoff_fn): PolynomialCutoff(p=5.0, r_max=6.0)
  )
  (spherical_harmonics): SphericalHarmonics()
  (atomic_energies_fn): AtomicEnergiesBlock(energies=[-1.3846, -3.4820, -3.2427])
  (interactions): ModuleList(
    (0): RealAgnosticResidualInteractionBlock(
      (linear_up): Linear(128x0e -> 128x0e | 16384 weights) | 4096 LoRA_weights)
      (conv_tp): TensorProduct(128x0e x 1x0e+1x1o+1x2e+1x3o -> 128x0e+128x1o+128x2e+128x3o | 512 paths | 512 weights | 0 LoRA_weights)
      (conv_tp_weights): FullyConnectedNet[10, 64, 64, 64, 512]
      (linear): Linear(128x0e+128x1o+128x2e+128x3o -> 128x0e+128x1o+128x2e+128x3o | 65536 weights) | 16384 LoRA_weights)
      (skip_tp): FullyConnectedTensorProduct(128x0e x 3x0e -> 128x0e+128x1o+128x2e | 49152 paths | 49152 weights | 8192 LoRA_weights)
      (reshape): reshape_irreps()
    )
    (1): RealAgnosticResidualInteractionBlock(
      (linear_up): Linear(128x0e+128x1o+128x2e -> 128x0e+128x1o+128x2e | 49152 weights) | 12288 LoRA_weights)
      (conv_tp): TensorProduct(128x0e+128x1o+128x2e x 1x0e+1x1o+1x2e+1x3o -> 384x0e+640x1o+640x2e+512x3o | 2176 paths | 2176 weights | 0 LoRA_weights)
      (conv_tp_weights): FullyConnectedNet[10, 64, 64, 64, 2176]
      (linear): Linear(384x0e+640x1o+640x2e+512x3o -> 128x0e+128x1o+128x2e+128x3o | 278528 weights) | 43008 LoRA_weights)
      (skip_tp): FullyConnectedTensorProduct(128x0e+128x1o+128x2e x 3x0e -> 128x0e | 49152 paths | 49152 weights | 8192 LoRA_weights)
      (reshape): reshape_irreps()
    )
  )
  (products): ModuleList(
    (0): EquivariantProductBasisBlock(
      (symmetric_contractions): SymmetricContraction(
        (contractions): ModuleList(
          (0): Contraction(
            (contractions_weighting): ModuleList(
              (0-1): 2 x GraphModule()
            )
            (contractions_features): ModuleList(
              (0-1): 2 x GraphModule()
            )
            (weights): ParameterList(
                (0): Parameter containing: [torch.float64 of size 3x4x128 (GPU 0)]
                (1): Parameter containing: [torch.float64 of size 3x1x128 (GPU 0)]
            )
            (graph_opt_main): GraphModule()
            (LoRA_weight): ParameterList(
                (0): Parameter containing: [torch.float64 of size 3x23x16 (GPU 0)]
                (1): Parameter containing: [torch.float64 of size 16x128 (GPU 0)]
            )
          )
          (1): Contraction(
            (contractions_weighting): ModuleList(
              (0-1): 2 x GraphModule()
            )
            (contractions_features): ModuleList(
              (0-1): 2 x GraphModule()
            )
            (weights): ParameterList(
                (0): Parameter containing: [torch.float64 of size 3x6x128 (GPU 0)]
                (1): Parameter containing: [torch.float64 of size 3x1x128 (GPU 0)]
            )
            (graph_opt_main): GraphModule()
            (LoRA_weight): ParameterList(
                (0): Parameter containing: [torch.float64 of size 3x51x16 (GPU 0)]
                (1): Parameter containing: [torch.float64 of size 16x128 (GPU 0)]
            )
          )
          (2): Contraction(
            (contractions_weighting): ModuleList(
              (0-1): 2 x GraphModule()
            )
            (contractions_features): ModuleList(
              (0-1): 2 x GraphModule()
            )
            (weights): ParameterList(
                (0): Parameter containing: [torch.float64 of size 3x7x128 (GPU 0)]
                (1): Parameter containing: [torch.float64 of size 3x1x128 (GPU 0)]
            )
            (graph_opt_main): GraphModule()
            (LoRA_weight): ParameterList(
                (0): Parameter containing: [torch.float64 of size 3x65x16 (GPU 0)]
                (1): Parameter containing: [torch.float64 of size 16x128 (GPU 0)]
            )
          )
        )
      )
      (linear): Linear(128x0e+128x1o+128x2e -> 128x0e+128x1o+128x2e | 49152 weights) | 12288 LoRA_weights)
    )
    (1): EquivariantProductBasisBlock(
      (symmetric_contractions): SymmetricContraction(
        (contractions): ModuleList(
          (0): Contraction(
            (contractions_weighting): ModuleList(
              (0-1): 2 x GraphModule()
            )
            (contractions_features): ModuleList(
              (0-1): 2 x GraphModule()
            )
            (weights): ParameterList(
                (0): Parameter containing: [torch.float64 of size 3x4x128 (GPU 0)]
                (1): Parameter containing: [torch.float64 of size 3x1x128 (GPU 0)]
            )
            (graph_opt_main): GraphModule()
            (LoRA_weight): ParameterList(
                (0): Parameter containing: [torch.float64 of size 3x23x16 (GPU 0)]
                (1): Parameter containing: [torch.float64 of size 16x128 (GPU 0)]
            )
          )
        )
      )
      (linear): Linear(128x0e -> 128x0e | 16384 weights) | 4096 LoRA_weights)
    )
  )
  (readouts): ModuleList(
    (0): LinearReadoutBlock(
      (linear): Linear(128x0e+128x1o+128x2e -> 1x0e | 128 weights) | 2064 LoRA_weights)
    )
    (1): NonLinearReadoutBlock(
      (linear_1): Linear(128x0e -> 16x0e | 2048 weights) | 2304 LoRA_weights)
      (non_linearity): Activation [x] (16x0e -> 16x0e)
      (linear_2): Linear(16x0e -> 1x0e | 16 weights) | 272 LoRA_weights)
    )
  )
  (scale_shift): ScaleShiftBlock(scale=0.804154, shift=0.164097)
)
2024-12-04 01:06:13.921 INFO: Number of parameters: 1024394
2024-12-04 01:06:13.921 INFO: Optimizer: Adam (
Parameter Group 0
    amsgrad: True
    betas: (0.9, 0.999)
    capturable: False
    differentiable: False
    eps: 1e-08
    foreach: None
    fused: None
    lr: 0.005
    maximize: False
    name: embedding
    weight_decay: 0.0

Parameter Group 1
    amsgrad: True
    betas: (0.9, 0.999)
    capturable: False
    differentiable: False
    eps: 1e-08
    foreach: None
    fused: None
    lr: 0.005
    maximize: False
    name: interactions_decay
    weight_decay: 1e-08

Parameter Group 2
    amsgrad: True
    betas: (0.9, 0.999)
    capturable: False
    differentiable: False
    eps: 1e-08
    foreach: None
    fused: None
    lr: 0.005
    maximize: False
    name: interactions_no_decay
    weight_decay: 0.0

Parameter Group 3
    amsgrad: True
    betas: (0.9, 0.999)
    capturable: False
    differentiable: False
    eps: 1e-08
    foreach: None
    fused: None
    lr: 0.005
    maximize: False
    name: products
    weight_decay: 1e-08

Parameter Group 4
    amsgrad: True
    betas: (0.9, 0.999)
    capturable: False
    differentiable: False
    eps: 1e-08
    foreach: None
    fused: None
    lr: 0.005
    maximize: False
    name: readouts
    weight_decay: 0.0
)
2024-12-04 01:06:13.922 INFO: Using gradient clipping with tolerance=100.000
2024-12-04 01:06:13.922 INFO: Started training
2024-12-04 01:06:44.725 INFO: Epoch None: loss=452.2385, RMSE_E=19945.0 meV, RMSE_F=227.9 meV / A
2024-12-04 01:20:11.645 INFO: Epoch 0: loss=0.3456, RMSE_E=148.8 meV, RMSE_F=17.2 meV / A
2024-12-04 01:46:08.566 INFO: Epoch 2: loss=0.2007, RMSE_E=91.4 meV, RMSE_F=13.3 meV / A
2024-12-04 02:11:54.940 INFO: Epoch 4: loss=0.1560, RMSE_E=65.1 meV, RMSE_F=11.8 meV / A
2024-12-04 02:37:43.822 INFO: Epoch 6: loss=0.1383, RMSE_E=54.7 meV, RMSE_F=11.1 meV / A
2024-12-04 03:03:30.056 INFO: Epoch 8: loss=0.1272, RMSE_E=65.3 meV, RMSE_F=10.6 meV / A
2024-12-04 03:29:14.646 INFO: Epoch 10: loss=0.1179, RMSE_E=54.5 meV, RMSE_F=10.3 meV / A
2024-12-04 03:55:02.130 INFO: Epoch 12: loss=0.1140, RMSE_E=53.0 meV, RMSE_F=10.1 meV / A
2024-12-04 04:20:47.242 INFO: Epoch 14: loss=0.1098, RMSE_E=54.2 meV, RMSE_F=9.9 meV / A
2024-12-04 04:46:31.142 INFO: Epoch 16: loss=0.1051, RMSE_E=51.2 meV, RMSE_F=9.7 meV / A
2024-12-04 05:12:15.906 INFO: Epoch 18: loss=0.1027, RMSE_E=48.6 meV, RMSE_F=9.6 meV / A
2024-12-04 05:37:59.408 INFO: Epoch 20: loss=0.1015, RMSE_E=50.1 meV, RMSE_F=9.6 meV / A
2024-12-04 06:03:44.098 INFO: Epoch 22: loss=0.0988, RMSE_E=62.2 meV, RMSE_F=9.4 meV / A
2024-12-04 06:29:28.076 INFO: Epoch 24: loss=0.0966, RMSE_E=45.2 meV, RMSE_F=9.4 meV / A
2024-12-04 06:55:15.404 INFO: Epoch 26: loss=0.0948, RMSE_E=48.6 meV, RMSE_F=9.3 meV / A
2024-12-04 07:20:58.924 INFO: Epoch 28: loss=0.0958, RMSE_E=42.2 meV, RMSE_F=9.3 meV / A
2024-12-04 07:46:42.500 INFO: Epoch 30: loss=0.0924, RMSE_E=51.6 meV, RMSE_F=9.1 meV / A
2024-12-04 08:12:28.405 INFO: Epoch 32: loss=0.0918, RMSE_E=46.5 meV, RMSE_F=9.1 meV / A
2024-12-04 08:38:12.947 INFO: Epoch 34: loss=0.0919, RMSE_E=48.5 meV, RMSE_F=9.1 meV / A
2024-12-04 09:03:55.456 INFO: Epoch 36: loss=0.0903, RMSE_E=46.9 meV, RMSE_F=9.1 meV / A
2024-12-04 09:29:39.726 INFO: Epoch 38: loss=0.0889, RMSE_E=43.9 meV, RMSE_F=9.0 meV / A
2024-12-04 09:55:24.117 INFO: Epoch 40: loss=0.0906, RMSE_E=50.8 meV, RMSE_F=9.1 meV / A
2024-12-04 10:21:03.947 INFO: Epoch 42: loss=0.0871, RMSE_E=42.3 meV, RMSE_F=8.9 meV / A
2024-12-04 10:46:46.774 INFO: Epoch 44: loss=0.0872, RMSE_E=42.6 meV, RMSE_F=8.9 meV / A
2024-12-04 11:12:27.230 INFO: Epoch 46: loss=0.0886, RMSE_E=42.3 meV, RMSE_F=9.0 meV / A
2024-12-04 11:38:11.172 INFO: Epoch 48: loss=0.0851, RMSE_E=42.3 meV, RMSE_F=8.8 meV / A
2024-12-04 12:03:53.978 INFO: Epoch 50: loss=0.0860, RMSE_E=46.0 meV, RMSE_F=8.9 meV / A
2024-12-04 12:29:38.786 INFO: Epoch 52: loss=0.0865, RMSE_E=43.4 meV, RMSE_F=8.9 meV / A
2024-12-04 12:55:22.874 INFO: Epoch 54: loss=0.0864, RMSE_E=43.8 meV, RMSE_F=8.9 meV / A
2024-12-04 13:21:04.295 INFO: Epoch 56: loss=0.0854, RMSE_E=46.4 meV, RMSE_F=8.8 meV / A
2024-12-04 13:46:46.406 INFO: Epoch 58: loss=0.0836, RMSE_E=40.8 meV, RMSE_F=8.8 meV / A
2024-12-04 14:12:26.491 INFO: Epoch 60: loss=0.0841, RMSE_E=40.1 meV, RMSE_F=8.8 meV / A
2024-12-04 14:38:07.473 INFO: Epoch 62: loss=0.0831, RMSE_E=35.9 meV, RMSE_F=8.8 meV / A
2024-12-04 15:03:55.074 INFO: Epoch 64: loss=0.0840, RMSE_E=44.9 meV, RMSE_F=8.8 meV / A
2024-12-04 15:29:38.412 INFO: Epoch 66: loss=0.0843, RMSE_E=43.1 meV, RMSE_F=8.8 meV / A
2024-12-04 15:55:21.666 INFO: Epoch 68: loss=0.0842, RMSE_E=41.2 meV, RMSE_F=8.8 meV / A
2024-12-04 16:21:03.535 INFO: Epoch 70: loss=0.0844, RMSE_E=47.7 meV, RMSE_F=8.8 meV / A
2024-12-04 16:46:47.745 INFO: Epoch 72: loss=0.0839, RMSE_E=38.7 meV, RMSE_F=8.8 meV / A
2024-12-04 17:12:31.777 INFO: Epoch 74: loss=0.0844, RMSE_E=39.9 meV, RMSE_F=8.8 meV / A
2024-12-04 17:38:14.414 INFO: Epoch 76: loss=0.0834, RMSE_E=40.3 meV, RMSE_F=8.8 meV / A
2024-12-04 18:03:58.335 INFO: Epoch 78: loss=0.0839, RMSE_E=42.4 meV, RMSE_F=8.8 meV / A
2024-12-04 18:29:37.869 INFO: Epoch 80: loss=0.0844, RMSE_E=40.6 meV, RMSE_F=8.8 meV / A
2024-12-04 18:55:19.887 INFO: Epoch 82: loss=0.0834, RMSE_E=32.8 meV, RMSE_F=8.8 meV / A
2024-12-04 19:21:03.937 INFO: Epoch 84: loss=0.0845, RMSE_E=43.5 meV, RMSE_F=8.8 meV / A
2024-12-04 19:46:46.204 INFO: Epoch 86: loss=0.0845, RMSE_E=38.2 meV, RMSE_F=8.8 meV / A
2024-12-04 20:12:32.077 INFO: Epoch 88: loss=0.0841, RMSE_E=35.2 meV, RMSE_F=8.8 meV / A
2024-12-04 20:38:15.365 INFO: Epoch 90: loss=0.0855, RMSE_E=39.8 meV, RMSE_F=8.9 meV / A
2024-12-04 21:03:58.886 INFO: Epoch 92: loss=0.0853, RMSE_E=41.2 meV, RMSE_F=8.9 meV / A
2024-12-04 21:29:43.348 INFO: Epoch 94: loss=0.0847, RMSE_E=37.5 meV, RMSE_F=8.9 meV / A
2024-12-04 21:55:23.055 INFO: Epoch 96: loss=0.0850, RMSE_E=37.2 meV, RMSE_F=8.9 meV / A
2024-12-04 22:21:08.397 INFO: Epoch 98: loss=0.0852, RMSE_E=39.0 meV, RMSE_F=8.9 meV / A
2024-12-04 22:52:02.835 INFO: Training complete
2024-12-04 22:52:02.836 INFO: Computing metrics for training, validation, and test sets
2024-12-04 22:52:02.837 INFO: Loading checkpoint: checkpoints/AlMgCu_run-123_epoch-62.pt
2024-12-04 22:52:04.488 INFO: Loaded model from epoch 62
2024-12-04 22:52:04.489 INFO: Evaluating train ...
2024-12-04 23:09:13.512 INFO: Evaluating valid ...
2024-12-04 23:09:28.993 INFO: 
+-------------+--------------+------------------+-------------------+
| config_type | RMSE E / meV | RMSE F / meV / A | relative F RMSE % |
+-------------+--------------+------------------+-------------------+
|    train    |     48.1     |       8.2        |        1.16       |
|    valid    |     35.9     |       8.8        |        1.39       |
+-------------+--------------+------------------+-------------------+
2024-12-04 23:09:28.993 INFO: Saving model to checkpoints/AlMgCu_run-123.model
2024-12-04 23:09:32.968 INFO: Compiling model, saving metadata to AlMgCu_compiled.model
2024-12-04 23:09:34.781 INFO: Done
