2024-11-25 16:58:42.259 INFO: MACE version: 0.3.5
2024-11-25 16:58:42.260 INFO: Configuration: Namespace(config=None, name='toluene', seed=123, log_dir='logs', model_dir='.', checkpoints_dir='checkpoints', results_dir='results', downloads_dir='downloads', device='cuda', default_dtype='float64', distributed=False, log_level='INFO', error_table='TotalRMSE', model='MACE', r_max=5.0, radial_type='bessel', num_radial_basis=8, num_cutoff_basis=5, pair_repulsion=False, distance_transform='None', interaction='RealAgnosticResidualInteractionBlock', interaction_first='RealAgnosticResidualInteractionBlock', max_ell=3, correlation=3, num_interactions=2, MLP_irreps='16x0e', radial_MLP='[64, 64, 64]', hidden_irreps='128x0e + 128x1o', num_channels=128, max_L=1, gate='silu', scaling='rms_forces_scaling', avg_num_neighbors=1, compute_avg_num_neighbors=True, compute_stress=False, compute_forces=True, train_file='./dataset/train.xyz', valid_file='./dataset/valid.xyz', valid_fraction=0.1, test_file=None, test_dir=None, multi_processed_test=False, num_workers=0, pin_memory=True, atomic_numbers=None, mean=None, std=None, statistics_file=None, E0s='average', keep_isolated_atoms=False, energy_key='energy', forces_key='forces', virials_key='virials', stress_key='stress', dipole_key='dipole', charges_key='charges', loss='ef', forces_weight=1000.0, swa_forces_weight=100.0, energy_weight=1.0, swa_energy_weight=1000.0, virials_weight=1.0, swa_virials_weight=10.0, stress_weight=1.0, swa_stress_weight=10.0, dipole_weight=1.0, swa_dipole_weight=1.0, config_type_weights='{"Default":1.0}', huber_delta=0.01, optimizer='adam', beta=0.9, batch_size=5, valid_batch_size=5, lr=0.005, swa_lr=0.001, weight_decay=1e-08, amsgrad=True, scheduler='ReduceLROnPlateau', lr_factor=0.8, scheduler_patience=5, lr_scheduler_gamma=0.9993, swa=False, start_swa=None, ema=True, ema_decay=0.995, max_num_epochs=500, patience=2048, foundation_model='/home/l6eub2ic/whcs-share31/wangchen/mace/MPtrj/MACE-OFF23_medium.model', foundation_model_readout=True, eval_interval=2, keep_checkpoints=False, save_all_checkpoints=False, restart_latest=False, save_cpu=True, clip_grad=100.0, wandb=False, wandb_dir=None, wandb_project='', wandb_entity='', wandb_name='', wandb_log_hypers=['num_channels', 'max_L', 'correlation', 'lr', 'swa_lr', 'weight_decay', 'batch_size', 'max_num_epochs', 'start_swa', 'energy_weight', 'forces_weight'])
2024-11-25 16:58:42.412 INFO: CUDA version: 11.8, CUDA device: 0
2024-11-25 16:58:42.892 INFO: Error accessing Git repository: /home/l6eub2ic/whcs-share31/wangchen/mace/organic/toluene/finetune
2024-11-25 16:58:47.092 INFO: Using foundation model /home/l6eub2ic/whcs-share31/wangchen/mace/MPtrj/MACE-OFF23_medium.model as initial checkpoint.
2024-11-25 16:58:47.194 INFO: Since ASE version 3.23.0b1, using energy_key 'energy' is no longer safe when communicating between MACE and ASE. We recommend using a different key, rewriting energies to 'REF_energy'. You need to use --energy_key='REF_energy', to tell the key name chosen.
2024-11-25 16:58:47.205 INFO: Since ASE version 3.23.0b1, using forces_key 'forces' is no longer safe when communicating between MACE and ASE. We recommend using a different key, rewriting energies to 'REF_forces'. You need to use --forces_key='REF_forces', to tell the key name chosen.
2024-11-25 16:58:47.215 INFO: Since ASE version 3.23.0b1, using stress_key 'stress' is no longer safe when communicating between MACE and ASE. We recommend using a different key, rewriting energies to 'REF_stress'. You need to use --stress_key='REF_stress', to tell the key name chosen.
2024-11-25 16:58:47.216 INFO: Loaded 50 training configurations from './dataset/train.xyz'
2024-11-25 16:58:48.057 INFO: Since ASE version 3.23.0b1, using energy_key 'energy' is no longer safe when communicating between MACE and ASE. We recommend using a different key, rewriting energies to 'REF_energy'. You need to use --energy_key='REF_energy', to tell the key name chosen.
2024-11-25 16:58:48.228 INFO: Since ASE version 3.23.0b1, using forces_key 'forces' is no longer safe when communicating between MACE and ASE. We recommend using a different key, rewriting energies to 'REF_forces'. You need to use --forces_key='REF_forces', to tell the key name chosen.
2024-11-25 16:58:48.399 INFO: Since ASE version 3.23.0b1, using stress_key 'stress' is no longer safe when communicating between MACE and ASE. We recommend using a different key, rewriting energies to 'REF_stress'. You need to use --stress_key='REF_stress', to tell the key name chosen.
2024-11-25 16:58:48.423 INFO: Loaded 950 validation configurations from './dataset/valid.xyz'
2024-11-25 16:58:48.424 INFO: Total number of configurations: train=50, valid=950, tests=[]
2024-11-25 16:58:48.428 INFO: AtomicNumberTable: (1, 6)
2024-11-25 16:58:48.429 INFO: Atomic Energies not in training file, using command line argument E0s
2024-11-25 16:58:48.429 INFO: Computing average Atomic Energies using least squares regression
2024-11-25 16:58:48.435 INFO: Atomic energies: [-522.0167999550725, -456.76469996068823]
2024-11-25 16:58:49.012 INFO: EnergyForcesLoss(energy_weight=1.000, forces_weight=1000.000)
2024-11-25 16:58:49.039 INFO: Average number of neighbors: 12.797333333333333
2024-11-25 16:58:49.040 INFO: Selected the following outputs: {'energy': True, 'forces': True, 'virials': False, 'stress': False, 'dipoles': False}
2024-11-25 16:58:49.063 INFO: Building model
2024-11-25 16:58:56.199 INFO: ScaleShiftMACE(
  (node_embedding): LinearNodeEmbeddingBlock(
    (linear): Linear(2x0e -> 128x0e | 256 weights)
  )
  (radial_embedding): RadialEmbeddingBlock(
    (bessel_fn): BesselBasis(r_max=5.0, num_basis=8, trainable=True)
    (cutoff_fn): PolynomialCutoff(p=5.0, r_max=5.0)
  )
  (spherical_harmonics): SphericalHarmonics()
  (atomic_energies_fn): AtomicEnergiesBlock(energies=[-522.0168, -456.7647])
  (interactions): ModuleList(
    (0): RealAgnosticInteractionBlock(
      (linear_up): Linear(128x0e -> 128x0e | 16384 weights)
      (conv_tp): TensorProduct(128x0e x 1x0e+1x1o+1x2e+1x3o -> 128x0e+128x1o+128x2e+128x3o | 512 paths | 512 weights)
      (conv_tp_weights): FullyConnectedNet[8, 64, 64, 64, 512]
      (linear): Linear(128x0e+128x1o+128x2e+128x3o -> 128x0e+128x1o+128x2e+128x3o | 65536 weights)
      (skip_tp): FullyConnectedTensorProduct(128x0e+128x1o+128x2e+128x3o x 2x0e -> 128x0e+128x1o+128x2e+128x3o | 131072 paths | 131072 weights)
      (reshape): reshape_irreps()
    )
    (1): RealAgnosticResidualInteractionBlock(
      (linear_up): Linear(128x0e+128x1o -> 128x0e+128x1o | 32768 weights)
      (conv_tp): TensorProduct(128x0e+128x1o x 1x0e+1x1o+1x2e+1x3o -> 256x0e+384x1o+384x2e+256x3o | 1280 paths | 1280 weights)
      (conv_tp_weights): FullyConnectedNet[8, 64, 64, 64, 1280]
      (linear): Linear(256x0e+384x1o+384x2e+256x3o -> 128x0e+128x1o+128x2e+128x3o | 163840 weights)
      (skip_tp): FullyConnectedTensorProduct(128x0e+128x1o x 2x0e -> 128x0e | 32768 paths | 32768 weights)
      (reshape): reshape_irreps()
    )
  )
  (products): ModuleList(
    (0): EquivariantProductBasisBlock(
      (symmetric_contractions): SymmetricContraction(
        (contractions): ModuleList(
          (0): Contraction(
            (contractions_weighting): ModuleList(
              (0-1): 2 x GraphModule()
            )
            (contractions_features): ModuleList(
              (0-1): 2 x GraphModule()
            )
            (weights): ParameterList(
                (0): Parameter containing: [torch.float64 of size 2x4x128 (GPU 0)]
                (1): Parameter containing: [torch.float64 of size 2x1x128 (GPU 0)]
            )
            (graph_opt_main): GraphModule()
          )
          (1): Contraction(
            (contractions_weighting): ModuleList(
              (0-1): 2 x GraphModule()
            )
            (contractions_features): ModuleList(
              (0-1): 2 x GraphModule()
            )
            (weights): ParameterList(
                (0): Parameter containing: [torch.float64 of size 2x6x128 (GPU 0)]
                (1): Parameter containing: [torch.float64 of size 2x1x128 (GPU 0)]
            )
            (graph_opt_main): GraphModule()
          )
        )
      )
      (linear): Linear(128x0e+128x1o -> 128x0e+128x1o | 32768 weights)
    )
    (1): EquivariantProductBasisBlock(
      (symmetric_contractions): SymmetricContraction(
        (contractions): ModuleList(
          (0): Contraction(
            (contractions_weighting): ModuleList(
              (0-1): 2 x GraphModule()
            )
            (contractions_features): ModuleList(
              (0-1): 2 x GraphModule()
            )
            (weights): ParameterList(
                (0): Parameter containing: [torch.float64 of size 2x4x128 (GPU 0)]
                (1): Parameter containing: [torch.float64 of size 2x1x128 (GPU 0)]
            )
            (graph_opt_main): GraphModule()
          )
        )
      )
      (linear): Linear(128x0e -> 128x0e | 16384 weights)
    )
  )
  (readouts): ModuleList(
    (0): LinearReadoutBlock(
      (linear): Linear(128x0e+128x1o -> 1x0e | 128 weights)
    )
    (1): NonLinearReadoutBlock(
      (linear_1): Linear(128x0e -> 16x0e | 2048 weights)
      (non_linearity): Activation [x] (16x0e -> 16x0e)
      (linear_2): Linear(16x0e -> 1x0e | 16 weights)
    )
  )
  (scale_shift): ScaleShiftBlock(scale=1.088502, shift=0.000000)
)
2024-11-25 16:58:56.202 INFO: Number of parameters: 655256
2024-11-25 16:58:56.202 INFO: Optimizer: Adam (
Parameter Group 0
    amsgrad: True
    betas: (0.9, 0.999)
    capturable: False
    differentiable: False
    eps: 1e-08
    foreach: None
    fused: None
    lr: 0.005
    maximize: False
    name: embedding
    weight_decay: 0.0

Parameter Group 1
    amsgrad: True
    betas: (0.9, 0.999)
    capturable: False
    differentiable: False
    eps: 1e-08
    foreach: None
    fused: None
    lr: 0.005
    maximize: False
    name: interactions_decay
    weight_decay: 1e-08

Parameter Group 2
    amsgrad: True
    betas: (0.9, 0.999)
    capturable: False
    differentiable: False
    eps: 1e-08
    foreach: None
    fused: None
    lr: 0.005
    maximize: False
    name: interactions_no_decay
    weight_decay: 0.0

Parameter Group 3
    amsgrad: True
    betas: (0.9, 0.999)
    capturable: False
    differentiable: False
    eps: 1e-08
    foreach: None
    fused: None
    lr: 0.005
    maximize: False
    name: products
    weight_decay: 1e-08

Parameter Group 4
    amsgrad: True
    betas: (0.9, 0.999)
    capturable: False
    differentiable: False
    eps: 1e-08
    foreach: None
    fused: None
    lr: 0.005
    maximize: False
    name: readouts
    weight_decay: 0.0
)
2024-11-25 16:58:56.203 INFO: Using gradient clipping with tolerance=100.000
2024-11-25 16:58:56.203 INFO: Started training
2024-11-25 16:59:14.310 INFO: Epoch None: loss=5173.0933, RMSE_E=71077.1 meV, RMSE_F=348.1 meV / A
2024-11-25 16:59:32.580 INFO: Epoch 0: loss=2781.8580, RMSE_E=52033.3 meV, RMSE_F=272.8 meV / A
2024-11-25 16:59:43.379 INFO: Epoch 2: loss=124.4818, RMSE_E=5751.1 meV, RMSE_F=302.3 meV / A
2024-11-25 16:59:53.490 INFO: Epoch 4: loss=19.4993, RMSE_E=1010.3 meV, RMSE_F=135.9 meV / A
2024-11-25 17:00:03.668 INFO: Epoch 6: loss=7.8436, RMSE_E=199.7 meV, RMSE_F=88.3 meV / A
2024-11-25 17:00:13.680 INFO: Epoch 8: loss=5.0136, RMSE_E=306.6 meV, RMSE_F=70.1 meV / A
2024-11-25 17:00:23.183 INFO: Epoch 10: loss=3.3270, RMSE_E=154.2 meV, RMSE_F=57.5 meV / A
2024-11-25 17:00:33.404 INFO: Epoch 12: loss=2.7036, RMSE_E=146.9 meV, RMSE_F=51.8 meV / A
2024-11-25 17:00:43.648 INFO: Epoch 14: loss=2.3722, RMSE_E=110.8 meV, RMSE_F=48.6 meV / A
2024-11-25 17:00:54.175 INFO: Epoch 16: loss=1.8678, RMSE_E=84.9 meV, RMSE_F=43.1 meV / A
2024-11-25 17:01:04.646 INFO: Epoch 18: loss=1.6189, RMSE_E=67.0 meV, RMSE_F=40.2 meV / A
2024-11-25 17:01:14.931 INFO: Epoch 20: loss=1.4526, RMSE_E=48.9 meV, RMSE_F=38.1 meV / A
2024-11-25 17:01:24.939 INFO: Epoch 22: loss=1.3056, RMSE_E=51.6 meV, RMSE_F=36.1 meV / A
2024-11-25 17:01:35.230 INFO: Epoch 24: loss=1.1896, RMSE_E=55.8 meV, RMSE_F=34.4 meV / A
2024-11-25 17:01:46.476 INFO: Epoch 26: loss=1.0752, RMSE_E=41.1 meV, RMSE_F=32.8 meV / A
2024-11-25 17:01:57.636 INFO: Epoch 28: loss=0.9952, RMSE_E=36.6 meV, RMSE_F=31.5 meV / A
2024-11-25 17:02:08.073 INFO: Epoch 30: loss=0.9172, RMSE_E=35.6 meV, RMSE_F=30.3 meV / A
2024-11-25 17:02:17.988 INFO: Epoch 32: loss=0.8603, RMSE_E=24.5 meV, RMSE_F=29.3 meV / A
2024-11-25 17:02:28.146 INFO: Epoch 34: loss=0.8050, RMSE_E=31.0 meV, RMSE_F=28.4 meV / A
2024-11-25 17:02:38.112 INFO: Epoch 36: loss=0.7516, RMSE_E=20.7 meV, RMSE_F=27.4 meV / A
2024-11-25 17:02:48.307 INFO: Epoch 38: loss=0.7142, RMSE_E=19.2 meV, RMSE_F=26.7 meV / A
2024-11-25 17:02:58.211 INFO: Epoch 40: loss=0.6819, RMSE_E=16.3 meV, RMSE_F=26.1 meV / A
2024-11-25 17:03:08.461 INFO: Epoch 42: loss=0.6502, RMSE_E=14.4 meV, RMSE_F=25.5 meV / A
2024-11-25 17:03:18.359 INFO: Epoch 44: loss=0.6189, RMSE_E=12.2 meV, RMSE_F=24.9 meV / A
2024-11-25 17:03:28.368 INFO: Epoch 46: loss=0.5956, RMSE_E=10.8 meV, RMSE_F=24.4 meV / A
2024-11-25 17:03:38.338 INFO: Epoch 48: loss=0.5786, RMSE_E=13.1 meV, RMSE_F=24.0 meV / A
2024-11-25 17:03:48.311 INFO: Epoch 50: loss=0.5604, RMSE_E=10.9 meV, RMSE_F=23.7 meV / A
2024-11-25 17:03:58.713 INFO: Epoch 52: loss=0.5411, RMSE_E=10.1 meV, RMSE_F=23.3 meV / A
2024-11-25 17:04:08.236 INFO: Epoch 54: loss=0.5263, RMSE_E=12.0 meV, RMSE_F=22.9 meV / A
2024-11-25 17:04:18.166 INFO: Epoch 56: loss=0.5122, RMSE_E=13.8 meV, RMSE_F=22.6 meV / A
2024-11-25 17:04:28.864 INFO: Epoch 58: loss=0.4962, RMSE_E=10.2 meV, RMSE_F=22.3 meV / A
2024-11-25 17:04:38.756 INFO: Epoch 60: loss=0.4856, RMSE_E=13.0 meV, RMSE_F=22.0 meV / A
2024-11-25 17:04:48.454 INFO: Epoch 62: loss=0.4714, RMSE_E=12.8 meV, RMSE_F=21.7 meV / A
2024-11-25 17:04:58.868 INFO: Epoch 64: loss=0.4603, RMSE_E=10.0 meV, RMSE_F=21.5 meV / A
2024-11-25 17:05:09.180 INFO: Epoch 66: loss=0.4493, RMSE_E=11.1 meV, RMSE_F=21.2 meV / A
2024-11-25 17:05:19.019 INFO: Epoch 68: loss=0.4410, RMSE_E=10.7 meV, RMSE_F=21.0 meV / A
2024-11-25 17:05:29.181 INFO: Epoch 70: loss=0.4336, RMSE_E=8.7 meV, RMSE_F=20.8 meV / A
2024-11-25 17:05:38.919 INFO: Epoch 72: loss=0.4246, RMSE_E=9.2 meV, RMSE_F=20.6 meV / A
2024-11-25 17:05:49.538 INFO: Epoch 74: loss=0.4172, RMSE_E=8.7 meV, RMSE_F=20.4 meV / A
2024-11-25 17:06:00.357 INFO: Epoch 76: loss=0.4103, RMSE_E=6.7 meV, RMSE_F=20.3 meV / A
2024-11-25 17:06:10.069 INFO: Epoch 78: loss=0.4043, RMSE_E=7.1 meV, RMSE_F=20.1 meV / A
2024-11-25 17:06:20.136 INFO: Epoch 80: loss=0.3975, RMSE_E=6.7 meV, RMSE_F=19.9 meV / A
2024-11-25 17:06:30.696 INFO: Epoch 82: loss=0.3911, RMSE_E=7.1 meV, RMSE_F=19.8 meV / A
2024-11-25 17:06:41.317 INFO: Epoch 84: loss=0.3846, RMSE_E=6.5 meV, RMSE_F=19.6 meV / A
2024-11-25 17:06:51.099 INFO: Epoch 86: loss=0.3798, RMSE_E=6.8 meV, RMSE_F=19.5 meV / A
2024-11-25 17:07:01.563 INFO: Epoch 88: loss=0.3753, RMSE_E=6.7 meV, RMSE_F=19.4 meV / A
2024-11-25 17:07:11.709 INFO: Epoch 90: loss=0.3698, RMSE_E=6.2 meV, RMSE_F=19.2 meV / A
2024-11-25 17:07:21.316 INFO: Epoch 92: loss=0.3656, RMSE_E=6.5 meV, RMSE_F=19.1 meV / A
2024-11-25 17:07:31.747 INFO: Epoch 94: loss=0.3605, RMSE_E=6.0 meV, RMSE_F=19.0 meV / A
2024-11-25 17:07:41.452 INFO: Epoch 96: loss=0.3571, RMSE_E=6.4 meV, RMSE_F=18.9 meV / A
2024-11-25 17:07:51.719 INFO: Epoch 98: loss=0.3521, RMSE_E=5.4 meV, RMSE_F=18.8 meV / A
2024-11-25 17:08:01.327 INFO: Epoch 100: loss=0.3481, RMSE_E=6.5 meV, RMSE_F=18.7 meV / A
2024-11-25 17:08:10.994 INFO: Epoch 102: loss=0.3445, RMSE_E=5.9 meV, RMSE_F=18.6 meV / A
2024-11-25 17:08:20.218 INFO: Epoch 104: loss=0.3409, RMSE_E=5.9 meV, RMSE_F=18.5 meV / A
2024-11-25 17:08:30.796 INFO: Epoch 106: loss=0.3366, RMSE_E=6.0 meV, RMSE_F=18.3 meV / A
2024-11-25 17:08:41.304 INFO: Epoch 108: loss=0.3322, RMSE_E=5.9 meV, RMSE_F=18.2 meV / A
2024-11-25 17:08:52.167 INFO: Epoch 110: loss=0.3286, RMSE_E=6.2 meV, RMSE_F=18.1 meV / A
2024-11-25 17:09:02.336 INFO: Epoch 112: loss=0.3251, RMSE_E=6.1 meV, RMSE_F=18.0 meV / A
2024-11-25 17:09:13.186 INFO: Epoch 114: loss=0.3220, RMSE_E=6.3 meV, RMSE_F=17.9 meV / A
2024-11-25 17:09:23.139 INFO: Epoch 116: loss=0.3189, RMSE_E=5.6 meV, RMSE_F=17.9 meV / A
2024-11-25 17:09:33.466 INFO: Epoch 118: loss=0.3160, RMSE_E=5.4 meV, RMSE_F=17.8 meV / A
2024-11-25 17:09:43.453 INFO: Epoch 120: loss=0.3141, RMSE_E=5.1 meV, RMSE_F=17.7 meV / A
2024-11-25 17:09:53.138 INFO: Epoch 122: loss=0.3112, RMSE_E=5.4 meV, RMSE_F=17.6 meV / A
2024-11-25 17:10:03.171 INFO: Epoch 124: loss=0.3085, RMSE_E=5.8 meV, RMSE_F=17.6 meV / A
2024-11-25 17:10:13.140 INFO: Epoch 126: loss=0.3055, RMSE_E=5.4 meV, RMSE_F=17.5 meV / A
2024-11-25 17:10:22.982 INFO: Epoch 128: loss=0.3032, RMSE_E=5.3 meV, RMSE_F=17.4 meV / A
2024-11-25 17:10:33.431 INFO: Epoch 130: loss=0.3009, RMSE_E=5.3 meV, RMSE_F=17.3 meV / A
2024-11-25 17:10:43.645 INFO: Epoch 132: loss=0.2980, RMSE_E=5.2 meV, RMSE_F=17.3 meV / A
2024-11-25 17:10:53.227 INFO: Epoch 134: loss=0.2956, RMSE_E=5.0 meV, RMSE_F=17.2 meV / A
2024-11-25 17:11:03.728 INFO: Epoch 136: loss=0.2936, RMSE_E=5.5 meV, RMSE_F=17.1 meV / A
2024-11-25 17:11:13.343 INFO: Epoch 138: loss=0.2915, RMSE_E=5.4 meV, RMSE_F=17.1 meV / A
2024-11-25 17:11:23.456 INFO: Epoch 140: loss=0.2898, RMSE_E=5.2 meV, RMSE_F=17.0 meV / A
2024-11-25 17:11:33.600 INFO: Epoch 142: loss=0.2879, RMSE_E=5.2 meV, RMSE_F=17.0 meV / A
2024-11-25 17:11:43.825 INFO: Epoch 144: loss=0.2859, RMSE_E=5.7 meV, RMSE_F=16.9 meV / A
2024-11-25 17:11:53.937 INFO: Epoch 146: loss=0.2836, RMSE_E=5.1 meV, RMSE_F=16.8 meV / A
2024-11-25 17:12:04.291 INFO: Epoch 148: loss=0.2817, RMSE_E=4.8 meV, RMSE_F=16.8 meV / A
2024-11-25 17:12:14.008 INFO: Epoch 150: loss=0.2797, RMSE_E=5.6 meV, RMSE_F=16.7 meV / A
2024-11-25 17:12:24.241 INFO: Epoch 152: loss=0.2783, RMSE_E=5.6 meV, RMSE_F=16.7 meV / A
2024-11-25 17:12:34.493 INFO: Epoch 154: loss=0.2760, RMSE_E=5.3 meV, RMSE_F=16.6 meV / A
2024-11-25 17:12:44.075 INFO: Epoch 156: loss=0.2741, RMSE_E=5.5 meV, RMSE_F=16.6 meV / A
2024-11-25 17:12:54.359 INFO: Epoch 158: loss=0.2720, RMSE_E=5.2 meV, RMSE_F=16.5 meV / A
2024-11-25 17:13:04.227 INFO: Epoch 160: loss=0.2701, RMSE_E=5.3 meV, RMSE_F=16.4 meV / A
2024-11-25 17:13:14.609 INFO: Epoch 162: loss=0.2683, RMSE_E=5.0 meV, RMSE_F=16.4 meV / A
2024-11-25 17:13:24.554 INFO: Epoch 164: loss=0.2669, RMSE_E=5.1 meV, RMSE_F=16.3 meV / A
2024-11-25 17:13:34.736 INFO: Epoch 166: loss=0.2653, RMSE_E=5.2 meV, RMSE_F=16.3 meV / A
2024-11-25 17:13:44.591 INFO: Epoch 168: loss=0.2638, RMSE_E=4.8 meV, RMSE_F=16.2 meV / A
2024-11-25 17:13:54.587 INFO: Epoch 170: loss=0.2615, RMSE_E=4.7 meV, RMSE_F=16.2 meV / A
2024-11-25 17:14:04.544 INFO: Epoch 172: loss=0.2598, RMSE_E=4.8 meV, RMSE_F=16.1 meV / A
2024-11-25 17:14:14.635 INFO: Epoch 174: loss=0.2580, RMSE_E=4.6 meV, RMSE_F=16.1 meV / A
2024-11-25 17:14:24.656 INFO: Epoch 176: loss=0.2566, RMSE_E=5.0 meV, RMSE_F=16.0 meV / A
2024-11-25 17:14:34.581 INFO: Epoch 178: loss=0.2553, RMSE_E=4.8 meV, RMSE_F=16.0 meV / A
2024-11-25 17:14:45.057 INFO: Epoch 180: loss=0.2539, RMSE_E=4.5 meV, RMSE_F=15.9 meV / A
2024-11-25 17:14:55.661 INFO: Epoch 182: loss=0.2525, RMSE_E=4.6 meV, RMSE_F=15.9 meV / A
2024-11-25 17:15:06.190 INFO: Epoch 184: loss=0.2512, RMSE_E=4.8 meV, RMSE_F=15.8 meV / A
2024-11-25 17:15:16.008 INFO: Epoch 186: loss=0.2496, RMSE_E=4.6 meV, RMSE_F=15.8 meV / A
2024-11-25 17:15:26.284 INFO: Epoch 188: loss=0.2483, RMSE_E=4.5 meV, RMSE_F=15.8 meV / A
2024-11-25 17:15:35.828 INFO: Epoch 190: loss=0.2472, RMSE_E=4.6 meV, RMSE_F=15.7 meV / A
2024-11-25 17:15:46.903 INFO: Epoch 192: loss=0.2455, RMSE_E=4.5 meV, RMSE_F=15.7 meV / A
2024-11-25 17:15:57.398 INFO: Epoch 194: loss=0.2443, RMSE_E=4.9 meV, RMSE_F=15.6 meV / A
2024-11-25 17:16:07.514 INFO: Epoch 196: loss=0.2432, RMSE_E=4.8 meV, RMSE_F=15.6 meV / A
2024-11-25 17:16:17.314 INFO: Epoch 198: loss=0.2418, RMSE_E=4.5 meV, RMSE_F=15.5 meV / A
2024-11-25 17:16:27.093 INFO: Epoch 200: loss=0.2404, RMSE_E=4.6 meV, RMSE_F=15.5 meV / A
2024-11-25 17:16:37.448 INFO: Epoch 202: loss=0.2393, RMSE_E=4.4 meV, RMSE_F=15.5 meV / A
2024-11-25 17:16:47.414 INFO: Epoch 204: loss=0.2384, RMSE_E=4.5 meV, RMSE_F=15.4 meV / A
2024-11-25 17:16:57.611 INFO: Epoch 206: loss=0.2371, RMSE_E=4.7 meV, RMSE_F=15.4 meV / A
2024-11-25 17:17:07.617 INFO: Epoch 208: loss=0.2359, RMSE_E=4.5 meV, RMSE_F=15.4 meV / A
2024-11-25 17:17:17.341 INFO: Epoch 210: loss=0.2349, RMSE_E=4.3 meV, RMSE_F=15.3 meV / A
2024-11-25 17:17:27.326 INFO: Epoch 212: loss=0.2336, RMSE_E=4.2 meV, RMSE_F=15.3 meV / A
2024-11-25 17:17:37.511 INFO: Epoch 214: loss=0.2327, RMSE_E=4.3 meV, RMSE_F=15.3 meV / A
2024-11-25 17:17:47.286 INFO: Epoch 216: loss=0.2314, RMSE_E=4.2 meV, RMSE_F=15.2 meV / A
2024-11-25 17:17:58.531 INFO: Epoch 218: loss=0.2307, RMSE_E=4.1 meV, RMSE_F=15.2 meV / A
2024-11-25 17:18:09.051 INFO: Epoch 220: loss=0.2296, RMSE_E=4.1 meV, RMSE_F=15.2 meV / A
2024-11-25 17:18:19.172 INFO: Epoch 222: loss=0.2286, RMSE_E=3.9 meV, RMSE_F=15.1 meV / A
2024-11-25 17:18:29.134 INFO: Epoch 224: loss=0.2277, RMSE_E=3.8 meV, RMSE_F=15.1 meV / A
2024-11-25 17:18:38.923 INFO: Epoch 226: loss=0.2270, RMSE_E=3.8 meV, RMSE_F=15.1 meV / A
2024-11-25 17:18:48.844 INFO: Epoch 228: loss=0.2261, RMSE_E=4.0 meV, RMSE_F=15.0 meV / A
2024-11-25 17:18:59.212 INFO: Epoch 230: loss=0.2253, RMSE_E=3.8 meV, RMSE_F=15.0 meV / A
2024-11-25 17:19:09.659 INFO: Epoch 232: loss=0.2245, RMSE_E=3.7 meV, RMSE_F=15.0 meV / A
2024-11-25 17:19:19.752 INFO: Epoch 234: loss=0.2239, RMSE_E=3.7 meV, RMSE_F=15.0 meV / A
2024-11-25 17:19:30.447 INFO: Epoch 236: loss=0.2231, RMSE_E=3.6 meV, RMSE_F=14.9 meV / A
2024-11-25 17:19:40.578 INFO: Epoch 238: loss=0.2222, RMSE_E=3.7 meV, RMSE_F=14.9 meV / A
2024-11-25 17:19:50.573 INFO: Epoch 240: loss=0.2212, RMSE_E=3.7 meV, RMSE_F=14.9 meV / A
2024-11-25 17:20:00.278 INFO: Epoch 242: loss=0.2204, RMSE_E=3.5 meV, RMSE_F=14.8 meV / A
2024-11-25 17:20:10.330 INFO: Epoch 244: loss=0.2196, RMSE_E=3.7 meV, RMSE_F=14.8 meV / A
2024-11-25 17:20:20.664 INFO: Epoch 246: loss=0.2187, RMSE_E=3.6 meV, RMSE_F=14.8 meV / A
2024-11-25 17:20:30.486 INFO: Epoch 248: loss=0.2176, RMSE_E=3.6 meV, RMSE_F=14.8 meV / A
2024-11-25 17:20:40.909 INFO: Epoch 250: loss=0.2166, RMSE_E=3.5 meV, RMSE_F=14.7 meV / A
2024-11-25 17:20:50.745 INFO: Epoch 252: loss=0.2159, RMSE_E=3.6 meV, RMSE_F=14.7 meV / A
2024-11-25 17:21:00.830 INFO: Epoch 254: loss=0.2151, RMSE_E=3.5 meV, RMSE_F=14.7 meV / A
2024-11-25 17:21:11.112 INFO: Epoch 256: loss=0.2141, RMSE_E=3.5 meV, RMSE_F=14.6 meV / A
2024-11-25 17:21:20.706 INFO: Epoch 258: loss=0.2135, RMSE_E=3.5 meV, RMSE_F=14.6 meV / A
2024-11-25 17:21:30.791 INFO: Epoch 260: loss=0.2129, RMSE_E=3.6 meV, RMSE_F=14.6 meV / A
2024-11-25 17:21:40.812 INFO: Epoch 262: loss=0.2122, RMSE_E=3.4 meV, RMSE_F=14.6 meV / A
2024-11-25 17:21:50.835 INFO: Epoch 264: loss=0.2115, RMSE_E=3.5 meV, RMSE_F=14.5 meV / A
2024-11-25 17:22:00.810 INFO: Epoch 266: loss=0.2107, RMSE_E=3.4 meV, RMSE_F=14.5 meV / A
2024-11-25 17:22:10.876 INFO: Epoch 268: loss=0.2099, RMSE_E=3.4 meV, RMSE_F=14.5 meV / A
2024-11-25 17:22:21.079 INFO: Epoch 270: loss=0.2093, RMSE_E=3.4 meV, RMSE_F=14.5 meV / A
2024-11-25 17:22:31.361 INFO: Epoch 272: loss=0.2086, RMSE_E=3.3 meV, RMSE_F=14.4 meV / A
2024-11-25 17:22:41.444 INFO: Epoch 274: loss=0.2079, RMSE_E=3.3 meV, RMSE_F=14.4 meV / A
2024-11-25 17:22:51.230 INFO: Epoch 276: loss=0.2072, RMSE_E=3.3 meV, RMSE_F=14.4 meV / A
2024-11-25 17:23:00.235 INFO: Epoch 278: loss=0.2065, RMSE_E=3.3 meV, RMSE_F=14.4 meV / A
2024-11-25 17:23:10.675 INFO: Epoch 280: loss=0.2058, RMSE_E=3.3 meV, RMSE_F=14.3 meV / A
2024-11-25 17:23:20.837 INFO: Epoch 282: loss=0.2052, RMSE_E=3.3 meV, RMSE_F=14.3 meV / A
2024-11-25 17:23:30.468 INFO: Epoch 284: loss=0.2043, RMSE_E=3.2 meV, RMSE_F=14.3 meV / A
2024-11-25 17:23:40.359 INFO: Epoch 286: loss=0.2038, RMSE_E=3.2 meV, RMSE_F=14.3 meV / A
2024-11-25 17:23:51.286 INFO: Epoch 288: loss=0.2032, RMSE_E=3.2 meV, RMSE_F=14.3 meV / A
2024-11-25 17:24:02.436 INFO: Epoch 290: loss=0.2024, RMSE_E=3.2 meV, RMSE_F=14.2 meV / A
2024-11-25 17:24:13.267 INFO: Epoch 292: loss=0.2017, RMSE_E=3.2 meV, RMSE_F=14.2 meV / A
2024-11-25 17:24:23.012 INFO: Epoch 294: loss=0.2011, RMSE_E=3.2 meV, RMSE_F=14.2 meV / A
2024-11-25 17:24:33.373 INFO: Epoch 296: loss=0.2003, RMSE_E=3.2 meV, RMSE_F=14.2 meV / A
2024-11-25 17:24:44.001 INFO: Epoch 298: loss=0.1997, RMSE_E=3.1 meV, RMSE_F=14.1 meV / A
2024-11-25 17:24:54.124 INFO: Epoch 300: loss=0.1991, RMSE_E=3.2 meV, RMSE_F=14.1 meV / A
2024-11-25 17:25:04.165 INFO: Epoch 302: loss=0.1986, RMSE_E=3.2 meV, RMSE_F=14.1 meV / A
2024-11-25 17:25:14.256 INFO: Epoch 304: loss=0.1982, RMSE_E=3.1 meV, RMSE_F=14.1 meV / A
2024-11-25 17:25:24.333 INFO: Epoch 306: loss=0.1975, RMSE_E=3.3 meV, RMSE_F=14.1 meV / A
2024-11-25 17:25:34.643 INFO: Epoch 308: loss=0.1968, RMSE_E=3.3 meV, RMSE_F=14.0 meV / A
2024-11-25 17:25:44.306 INFO: Epoch 310: loss=0.1964, RMSE_E=3.2 meV, RMSE_F=14.0 meV / A
2024-11-25 17:25:54.422 INFO: Epoch 312: loss=0.1960, RMSE_E=3.2 meV, RMSE_F=14.0 meV / A
2024-11-25 17:26:04.609 INFO: Epoch 314: loss=0.1953, RMSE_E=3.1 meV, RMSE_F=14.0 meV / A
2024-11-25 17:26:15.136 INFO: Epoch 316: loss=0.1951, RMSE_E=3.2 meV, RMSE_F=14.0 meV / A
2024-11-25 17:26:25.748 INFO: Epoch 318: loss=0.1948, RMSE_E=3.1 meV, RMSE_F=14.0 meV / A
2024-11-25 17:26:36.050 INFO: Epoch 320: loss=0.1944, RMSE_E=3.1 meV, RMSE_F=13.9 meV / A
2024-11-25 17:26:46.058 INFO: Epoch 322: loss=0.1939, RMSE_E=3.1 meV, RMSE_F=13.9 meV / A
2024-11-25 17:26:55.919 INFO: Epoch 324: loss=0.1935, RMSE_E=3.1 meV, RMSE_F=13.9 meV / A
2024-11-25 17:27:06.320 INFO: Epoch 326: loss=0.1930, RMSE_E=3.1 meV, RMSE_F=13.9 meV / A
2024-11-25 17:27:16.836 INFO: Epoch 328: loss=0.1927, RMSE_E=3.1 meV, RMSE_F=13.9 meV / A
2024-11-25 17:27:26.786 INFO: Epoch 330: loss=0.1924, RMSE_E=3.1 meV, RMSE_F=13.9 meV / A
2024-11-25 17:27:36.857 INFO: Epoch 332: loss=0.1920, RMSE_E=3.1 meV, RMSE_F=13.9 meV / A
2024-11-25 17:27:47.334 INFO: Epoch 334: loss=0.1917, RMSE_E=3.0 meV, RMSE_F=13.8 meV / A
2024-11-25 17:27:57.181 INFO: Epoch 336: loss=0.1914, RMSE_E=3.0 meV, RMSE_F=13.8 meV / A
2024-11-25 17:28:06.842 INFO: Epoch 338: loss=0.1909, RMSE_E=3.0 meV, RMSE_F=13.8 meV / A
2024-11-25 17:28:17.211 INFO: Epoch 340: loss=0.1907, RMSE_E=3.0 meV, RMSE_F=13.8 meV / A
2024-11-25 17:28:27.299 INFO: Epoch 342: loss=0.1902, RMSE_E=3.0 meV, RMSE_F=13.8 meV / A
2024-11-25 17:28:37.486 INFO: Epoch 344: loss=0.1898, RMSE_E=3.0 meV, RMSE_F=13.8 meV / A
2024-11-25 17:28:47.843 INFO: Epoch 346: loss=0.1893, RMSE_E=3.0 meV, RMSE_F=13.8 meV / A
2024-11-25 17:28:58.461 INFO: Epoch 348: loss=0.1890, RMSE_E=3.0 meV, RMSE_F=13.7 meV / A
2024-11-25 17:29:08.249 INFO: Epoch 350: loss=0.1886, RMSE_E=2.9 meV, RMSE_F=13.7 meV / A
2024-11-25 17:29:18.290 INFO: Epoch 352: loss=0.1881, RMSE_E=2.9 meV, RMSE_F=13.7 meV / A
2024-11-25 17:29:28.764 INFO: Epoch 354: loss=0.1876, RMSE_E=2.9 meV, RMSE_F=13.7 meV / A
2024-11-25 17:29:38.539 INFO: Epoch 356: loss=0.1871, RMSE_E=2.9 meV, RMSE_F=13.7 meV / A
2024-11-25 17:29:48.657 INFO: Epoch 358: loss=0.1867, RMSE_E=2.9 meV, RMSE_F=13.7 meV / A
2024-11-25 17:29:58.383 INFO: Epoch 360: loss=0.1865, RMSE_E=2.9 meV, RMSE_F=13.7 meV / A
2024-11-25 17:30:08.896 INFO: Epoch 362: loss=0.1862, RMSE_E=3.0 meV, RMSE_F=13.6 meV / A
2024-11-25 17:30:18.718 INFO: Epoch 364: loss=0.1859, RMSE_E=3.0 meV, RMSE_F=13.6 meV / A
2024-11-25 17:30:28.281 INFO: Epoch 366: loss=0.1857, RMSE_E=3.0 meV, RMSE_F=13.6 meV / A
2024-11-25 17:30:37.772 INFO: Epoch 368: loss=0.1854, RMSE_E=2.9 meV, RMSE_F=13.6 meV / A
2024-11-25 17:30:47.683 INFO: Epoch 370: loss=0.1851, RMSE_E=2.9 meV, RMSE_F=13.6 meV / A
2024-11-25 17:30:57.974 INFO: Epoch 372: loss=0.1847, RMSE_E=2.9 meV, RMSE_F=13.6 meV / A
2024-11-25 17:31:07.897 INFO: Epoch 374: loss=0.1844, RMSE_E=2.9 meV, RMSE_F=13.6 meV / A
2024-11-25 17:31:17.955 INFO: Epoch 376: loss=0.1841, RMSE_E=2.9 meV, RMSE_F=13.6 meV / A
2024-11-25 17:31:27.692 INFO: Epoch 378: loss=0.1838, RMSE_E=2.9 meV, RMSE_F=13.6 meV / A
2024-11-25 17:31:38.381 INFO: Epoch 380: loss=0.1834, RMSE_E=2.9 meV, RMSE_F=13.5 meV / A
2024-11-25 17:31:48.481 INFO: Epoch 382: loss=0.1831, RMSE_E=2.9 meV, RMSE_F=13.5 meV / A
2024-11-25 17:31:58.681 INFO: Epoch 384: loss=0.1828, RMSE_E=2.9 meV, RMSE_F=13.5 meV / A
2024-11-25 17:32:08.017 INFO: Epoch 386: loss=0.1825, RMSE_E=2.9 meV, RMSE_F=13.5 meV / A
2024-11-25 17:32:18.705 INFO: Epoch 388: loss=0.1820, RMSE_E=2.9 meV, RMSE_F=13.5 meV / A
2024-11-25 17:32:28.963 INFO: Epoch 390: loss=0.1818, RMSE_E=2.9 meV, RMSE_F=13.5 meV / A
2024-11-25 17:32:39.928 INFO: Epoch 392: loss=0.1816, RMSE_E=2.9 meV, RMSE_F=13.5 meV / A
2024-11-25 17:32:49.920 INFO: Epoch 394: loss=0.1813, RMSE_E=2.8 meV, RMSE_F=13.5 meV / A
2024-11-25 17:32:58.551 INFO: Epoch 396: loss=0.1811, RMSE_E=2.8 meV, RMSE_F=13.5 meV / A
2024-11-25 17:33:08.427 INFO: Epoch 398: loss=0.1807, RMSE_E=2.8 meV, RMSE_F=13.4 meV / A
2024-11-25 17:33:18.923 INFO: Epoch 400: loss=0.1804, RMSE_E=2.8 meV, RMSE_F=13.4 meV / A
2024-11-25 17:33:28.948 INFO: Epoch 402: loss=0.1802, RMSE_E=2.9 meV, RMSE_F=13.4 meV / A
2024-11-25 17:33:38.991 INFO: Epoch 404: loss=0.1799, RMSE_E=2.8 meV, RMSE_F=13.4 meV / A
2024-11-25 17:33:48.757 INFO: Epoch 406: loss=0.1796, RMSE_E=2.9 meV, RMSE_F=13.4 meV / A
2024-11-25 17:33:58.861 INFO: Epoch 408: loss=0.1794, RMSE_E=2.9 meV, RMSE_F=13.4 meV / A
2024-11-25 17:34:08.776 INFO: Epoch 410: loss=0.1790, RMSE_E=2.8 meV, RMSE_F=13.4 meV / A
2024-11-25 17:34:17.367 INFO: Epoch 412: loss=0.1789, RMSE_E=2.8 meV, RMSE_F=13.4 meV / A
2024-11-25 17:34:26.954 INFO: Epoch 414: loss=0.1786, RMSE_E=2.9 meV, RMSE_F=13.4 meV / A
2024-11-25 17:34:37.104 INFO: Epoch 416: loss=0.1784, RMSE_E=2.8 meV, RMSE_F=13.4 meV / A
2024-11-25 17:34:47.036 INFO: Epoch 418: loss=0.1782, RMSE_E=2.8 meV, RMSE_F=13.4 meV / A
2024-11-25 17:34:57.271 INFO: Epoch 420: loss=0.1779, RMSE_E=2.9 meV, RMSE_F=13.3 meV / A
2024-11-25 17:35:07.842 INFO: Epoch 422: loss=0.1777, RMSE_E=2.8 meV, RMSE_F=13.3 meV / A
2024-11-25 17:35:18.595 INFO: Epoch 424: loss=0.1775, RMSE_E=2.8 meV, RMSE_F=13.3 meV / A
2024-11-25 17:35:28.438 INFO: Epoch 426: loss=0.1774, RMSE_E=2.8 meV, RMSE_F=13.3 meV / A
2024-11-25 17:35:38.983 INFO: Epoch 428: loss=0.1773, RMSE_E=2.8 meV, RMSE_F=13.3 meV / A
2024-11-25 17:35:50.041 INFO: Epoch 430: loss=0.1772, RMSE_E=2.8 meV, RMSE_F=13.3 meV / A
2024-11-25 17:36:00.560 INFO: Epoch 432: loss=0.1771, RMSE_E=2.8 meV, RMSE_F=13.3 meV / A
2024-11-25 17:36:10.931 INFO: Epoch 434: loss=0.1767, RMSE_E=2.8 meV, RMSE_F=13.3 meV / A
2024-11-25 17:36:20.724 INFO: Epoch 436: loss=0.1765, RMSE_E=2.8 meV, RMSE_F=13.3 meV / A
2024-11-25 17:36:30.750 INFO: Epoch 438: loss=0.1759, RMSE_E=2.8 meV, RMSE_F=13.3 meV / A
2024-11-25 17:36:40.513 INFO: Epoch 440: loss=0.1756, RMSE_E=2.8 meV, RMSE_F=13.3 meV / A
2024-11-25 17:36:50.746 INFO: Epoch 442: loss=0.1754, RMSE_E=2.8 meV, RMSE_F=13.2 meV / A
2024-11-25 17:37:00.663 INFO: Epoch 444: loss=0.1752, RMSE_E=2.8 meV, RMSE_F=13.2 meV / A
2024-11-25 17:37:10.741 INFO: Epoch 446: loss=0.1749, RMSE_E=2.8 meV, RMSE_F=13.2 meV / A
2024-11-25 17:37:20.607 INFO: Epoch 448: loss=0.1747, RMSE_E=2.8 meV, RMSE_F=13.2 meV / A
2024-11-25 17:37:30.628 INFO: Epoch 450: loss=0.1743, RMSE_E=2.8 meV, RMSE_F=13.2 meV / A
2024-11-25 17:37:41.518 INFO: Epoch 452: loss=0.1742, RMSE_E=2.8 meV, RMSE_F=13.2 meV / A
2024-11-25 17:37:51.524 INFO: Epoch 454: loss=0.1741, RMSE_E=2.8 meV, RMSE_F=13.2 meV / A
2024-11-25 17:38:00.473 INFO: Epoch 456: loss=0.1738, RMSE_E=2.8 meV, RMSE_F=13.2 meV / A
2024-11-25 17:38:11.929 INFO: Epoch 458: loss=0.1735, RMSE_E=2.8 meV, RMSE_F=13.2 meV / A
2024-11-25 17:38:22.113 INFO: Epoch 460: loss=0.1733, RMSE_E=2.8 meV, RMSE_F=13.2 meV / A
2024-11-25 17:38:32.479 INFO: Epoch 462: loss=0.1732, RMSE_E=2.8 meV, RMSE_F=13.2 meV / A
2024-11-25 17:38:42.385 INFO: Epoch 464: loss=0.1729, RMSE_E=2.7 meV, RMSE_F=13.2 meV / A
2024-11-25 17:38:52.643 INFO: Epoch 466: loss=0.1728, RMSE_E=2.8 meV, RMSE_F=13.1 meV / A
2024-11-25 17:39:02.747 INFO: Epoch 468: loss=0.1725, RMSE_E=2.7 meV, RMSE_F=13.1 meV / A
2024-11-25 17:39:12.355 INFO: Epoch 470: loss=0.1723, RMSE_E=2.8 meV, RMSE_F=13.1 meV / A
2024-11-25 17:39:22.628 INFO: Epoch 472: loss=0.1720, RMSE_E=2.7 meV, RMSE_F=13.1 meV / A
2024-11-25 17:39:32.607 INFO: Epoch 474: loss=0.1717, RMSE_E=2.7 meV, RMSE_F=13.1 meV / A
2024-11-25 17:39:42.587 INFO: Epoch 476: loss=0.1714, RMSE_E=2.7 meV, RMSE_F=13.1 meV / A
2024-11-25 17:39:52.627 INFO: Epoch 478: loss=0.1713, RMSE_E=2.8 meV, RMSE_F=13.1 meV / A
2024-11-25 17:40:02.586 INFO: Epoch 480: loss=0.1712, RMSE_E=2.7 meV, RMSE_F=13.1 meV / A
2024-11-25 17:40:13.080 INFO: Epoch 482: loss=0.1709, RMSE_E=2.8 meV, RMSE_F=13.1 meV / A
2024-11-25 17:40:22.867 INFO: Epoch 484: loss=0.1708, RMSE_E=2.8 meV, RMSE_F=13.1 meV / A
2024-11-25 17:40:33.136 INFO: Epoch 486: loss=0.1707, RMSE_E=2.7 meV, RMSE_F=13.1 meV / A
2024-11-25 17:40:43.359 INFO: Epoch 488: loss=0.1705, RMSE_E=2.7 meV, RMSE_F=13.1 meV / A
2024-11-25 17:40:53.457 INFO: Epoch 490: loss=0.1703, RMSE_E=2.8 meV, RMSE_F=13.1 meV / A
2024-11-25 17:41:02.971 INFO: Epoch 492: loss=0.1702, RMSE_E=2.8 meV, RMSE_F=13.0 meV / A
2024-11-25 17:41:13.333 INFO: Epoch 494: loss=0.1700, RMSE_E=2.7 meV, RMSE_F=13.0 meV / A
2024-11-25 17:41:23.369 INFO: Epoch 496: loss=0.1697, RMSE_E=2.7 meV, RMSE_F=13.0 meV / A
2024-11-25 17:41:33.284 INFO: Epoch 498: loss=0.1694, RMSE_E=2.7 meV, RMSE_F=13.0 meV / A
2024-11-25 17:41:35.530 INFO: Training complete
2024-11-25 17:41:35.531 INFO: Computing metrics for training, validation, and test sets
2024-11-25 17:41:35.535 INFO: Loading checkpoint: checkpoints/toluene_run-123_epoch-498.pt
2024-11-25 17:41:35.859 INFO: Loaded model from epoch 498
2024-11-25 17:41:35.860 INFO: Evaluating train ...
2024-11-25 17:41:36.186 INFO: Evaluating valid ...
2024-11-25 17:41:43.296 INFO: 
+-------------+--------------+------------------+-------------------+
| config_type | RMSE E / meV | RMSE F / meV / A | relative F RMSE % |
+-------------+--------------+------------------+-------------------+
|    train    |     1.4      |       3.2        |        0.25       |
|    valid    |     2.7      |       13.0       |        1.05       |
+-------------+--------------+------------------+-------------------+
2024-11-25 17:41:43.297 INFO: Saving model to checkpoints/toluene_run-123.model
2024-11-25 17:41:44.675 INFO: Compiling model, saving metadata to toluene_compiled.model
2024-11-25 17:41:46.037 INFO: Done
