2025-04-01 00:13:30.247 INFO: MACE version: 0.3.5
2025-04-01 00:13:30.247 INFO: Configuration: Namespace(config=None, name='Cu', seed=123, log_dir='logs', model_dir='.', checkpoints_dir='checkpoints', results_dir='results', downloads_dir='downloads', device='cuda', default_dtype='float64', distributed=False, log_level='INFO', error_table='TotalRMSE', model='ScaleShiftMACE', r_max=6.0, radial_type='bessel', num_radial_basis=10, num_cutoff_basis=5, pair_repulsion=False, distance_transform='None', interaction='RealAgnosticResidualInteractionBlock', interaction_first='RealAgnosticResidualInteractionBlock', max_ell=3, correlation=3, num_interactions=2, MLP_irreps='16x0e', radial_MLP='[64, 64, 64]', hidden_irreps='128x0e + 128x1o', num_channels=128, max_L=2, gate='silu', scaling='rms_forces_scaling', avg_num_neighbors=1, compute_avg_num_neighbors=True, compute_stress=False, compute_forces=True, train_file='./dataset/train.xyz', valid_file='./dataset/valid.xyz', valid_fraction=0.1, test_file=None, test_dir=None, multi_processed_test=False, num_workers=0, pin_memory=True, atomic_numbers=None, mean=None, std=None, statistics_file=None, E0s='average', keep_isolated_atoms=False, energy_key='energy', forces_key='forces', virials_key='virials', stress_key='stress', dipole_key='dipole', charges_key='charges', loss='ef', forces_weight=1000.0, swa_forces_weight=100.0, energy_weight=1.0, swa_energy_weight=1000.0, virials_weight=1.0, swa_virials_weight=10.0, stress_weight=1.0, swa_stress_weight=10.0, dipole_weight=1.0, swa_dipole_weight=1.0, config_type_weights='{"Default":1.0}', huber_delta=0.01, optimizer='adam', beta=0.9, batch_size=5, valid_batch_size=5, lr=0.005, swa_lr=0.001, weight_decay=1e-08, amsgrad=True, scheduler='ReduceLROnPlateau', lr_factor=0.8, scheduler_patience=5, lr_scheduler_gamma=0.9993, swa=False, start_swa=None, ema=True, ema_decay=0.995, max_num_epochs=50, patience=2048, foundation_model='/share/home/wangchen/work/MACE/MPtrj/2024-01-07-mace-128-L2_epoch-199.model', foundation_model_readout=True, eval_interval=2, keep_checkpoints=False, save_all_checkpoints=False, restart_latest=False, save_cpu=True, clip_grad=100.0, wandb=False, wandb_dir=None, wandb_project='', wandb_entity='', wandb_name='', wandb_log_hypers=['num_channels', 'max_L', 'correlation', 'lr', 'swa_lr', 'weight_decay', 'batch_size', 'max_num_epochs', 'start_swa', 'energy_weight', 'forces_weight'])
2025-04-01 00:13:30.322 INFO: CUDA version: 11.8, CUDA device: 0
2025-04-01 00:13:30.364 INFO: Error accessing Git repository: /share/home/wangchen/work/MACE/inorganic/Cu/readout
2025-04-01 00:13:30.747 INFO: Using foundation model /share/home/wangchen/work/MACE/MPtrj/2024-01-07-mace-128-L2_epoch-199.model as initial checkpoint.
2025-04-01 00:13:33.797 INFO: Since ASE version 3.23.0b1, using energy_key 'energy' is no longer safe when communicating between MACE and ASE. We recommend using a different key, rewriting energies to 'REF_energy'. You need to use --energy_key='REF_energy', to tell the key name chosen.
2025-04-01 00:13:35.175 INFO: Since ASE version 3.23.0b1, using forces_key 'forces' is no longer safe when communicating between MACE and ASE. We recommend using a different key, rewriting energies to 'REF_forces'. You need to use --forces_key='REF_forces', to tell the key name chosen.
2025-04-01 00:13:36.552 INFO: Since ASE version 3.23.0b1, using stress_key 'stress' is no longer safe when communicating between MACE and ASE. We recommend using a different key, rewriting energies to 'REF_stress'. You need to use --stress_key='REF_stress', to tell the key name chosen.
2025-04-01 00:13:36.780 INFO: Loaded 14596 training configurations from './dataset/train.xyz'
2025-04-01 00:13:36.940 INFO: Since ASE version 3.23.0b1, using energy_key 'energy' is no longer safe when communicating between MACE and ASE. We recommend using a different key, rewriting energies to 'REF_energy'. You need to use --energy_key='REF_energy', to tell the key name chosen.
2025-04-01 00:13:37.013 INFO: Since ASE version 3.23.0b1, using forces_key 'forces' is no longer safe when communicating between MACE and ASE. We recommend using a different key, rewriting energies to 'REF_forces'. You need to use --forces_key='REF_forces', to tell the key name chosen.
2025-04-01 00:13:37.089 INFO: Since ASE version 3.23.0b1, using stress_key 'stress' is no longer safe when communicating between MACE and ASE. We recommend using a different key, rewriting energies to 'REF_stress'. You need to use --stress_key='REF_stress', to tell the key name chosen.
2025-04-01 00:13:37.102 INFO: Loaded 770 validation configurations from './dataset/valid.xyz'
2025-04-01 00:13:37.102 INFO: Total number of configurations: train=14596, valid=770, tests=[]
2025-04-01 00:13:37.136 INFO: AtomicNumberTable: (29,)
2025-04-01 00:13:37.136 INFO: Atomic Energies not in training file, using command line argument E0s
2025-04-01 00:13:37.136 INFO: Computing average Atomic Energies using least squares regression
2025-04-01 00:13:37.157 INFO: Atomic energies: [-3.241957874607279]
2025-04-01 00:13:51.171 INFO: EnergyForcesLoss(energy_weight=1.000, forces_weight=1000.000)
2025-04-01 00:13:56.256 INFO: Average number of neighbors: 76.3977245492098
2025-04-01 00:13:56.257 INFO: Selected the following outputs: {'energy': True, 'forces': True, 'virials': False, 'stress': False, 'dipoles': False}
2025-04-01 00:14:00.640 INFO: Building model
2025-04-01 00:14:04.679 INFO: Number of trainable parameters: 2192
2025-04-01 00:14:04.682 INFO: ScaleShiftMACE(
  (node_embedding): LinearNodeEmbeddingBlock(
    (linear): Linear(1x0e -> 128x0e | 128 weights)
  )
  (radial_embedding): RadialEmbeddingBlock(
    (bessel_fn): BesselBasis(r_max=6.0, num_basis=10, trainable=True)
    (cutoff_fn): PolynomialCutoff(p=5.0, r_max=6.0)
  )
  (spherical_harmonics): SphericalHarmonics()
  (atomic_energies_fn): AtomicEnergiesBlock(energies=[-3.2420])
  (interactions): ModuleList(
    (0): RealAgnosticResidualInteractionBlock(
      (linear_up): Linear(128x0e -> 128x0e | 16384 weights)
      (conv_tp): TensorProduct(128x0e x 1x0e+1x1o+1x2e+1x3o -> 128x0e+128x1o+128x2e+128x3o | 512 paths | 512 weights)
      (conv_tp_weights): FullyConnectedNet[10, 64, 64, 64, 512]
      (linear): Linear(128x0e+128x1o+128x2e+128x3o -> 128x0e+128x1o+128x2e+128x3o | 65536 weights)
      (skip_tp): FullyConnectedTensorProduct(128x0e x 1x0e -> 128x0e+128x1o+128x2e | 16384 paths | 16384 weights)
      (reshape): reshape_irreps()
    )
    (1): RealAgnosticResidualInteractionBlock(
      (linear_up): Linear(128x0e+128x1o+128x2e -> 128x0e+128x1o+128x2e | 49152 weights)
      (conv_tp): TensorProduct(128x0e+128x1o+128x2e x 1x0e+1x1o+1x2e+1x3o -> 384x0e+640x1o+640x2e+512x3o | 2176 paths | 2176 weights)
      (conv_tp_weights): FullyConnectedNet[10, 64, 64, 64, 2176]
      (linear): Linear(384x0e+640x1o+640x2e+512x3o -> 128x0e+128x1o+128x2e+128x3o | 278528 weights)
      (skip_tp): FullyConnectedTensorProduct(128x0e+128x1o+128x2e x 1x0e -> 128x0e | 16384 paths | 16384 weights)
      (reshape): reshape_irreps()
    )
  )
  (products): ModuleList(
    (0): EquivariantProductBasisBlock(
      (symmetric_contractions): SymmetricContraction(
        (contractions): ModuleList(
          (0): Contraction(
            (contractions_weighting): ModuleList(
              (0-1): 2 x GraphModule()
            )
            (contractions_features): ModuleList(
              (0-1): 2 x GraphModule()
            )
            (weights): ParameterList(
                (0): Parameter containing: [torch.float64 of size 1x4x128 (cuda:0)]
                (1): Parameter containing: [torch.float64 of size 1x1x128 (cuda:0)]
            )
            (graph_opt_main): GraphModule()
          )
          (1): Contraction(
            (contractions_weighting): ModuleList(
              (0-1): 2 x GraphModule()
            )
            (contractions_features): ModuleList(
              (0-1): 2 x GraphModule()
            )
            (weights): ParameterList(
                (0): Parameter containing: [torch.float64 of size 1x6x128 (cuda:0)]
                (1): Parameter containing: [torch.float64 of size 1x1x128 (cuda:0)]
            )
            (graph_opt_main): GraphModule()
          )
          (2): Contraction(
            (contractions_weighting): ModuleList(
              (0-1): 2 x GraphModule()
            )
            (contractions_features): ModuleList(
              (0-1): 2 x GraphModule()
            )
            (weights): ParameterList(
                (0): Parameter containing: [torch.float64 of size 1x7x128 (cuda:0)]
                (1): Parameter containing: [torch.float64 of size 1x1x128 (cuda:0)]
            )
            (graph_opt_main): GraphModule()
          )
        )
      )
      (linear): Linear(128x0e+128x1o+128x2e -> 128x0e+128x1o+128x2e | 49152 weights)
    )
    (1): EquivariantProductBasisBlock(
      (symmetric_contractions): SymmetricContraction(
        (contractions): ModuleList(
          (0): Contraction(
            (contractions_weighting): ModuleList(
              (0-1): 2 x GraphModule()
            )
            (contractions_features): ModuleList(
              (0-1): 2 x GraphModule()
            )
            (weights): ParameterList(
                (0): Parameter containing: [torch.float64 of size 1x4x128 (cuda:0)]
                (1): Parameter containing: [torch.float64 of size 1x1x128 (cuda:0)]
            )
            (graph_opt_main): GraphModule()
          )
        )
      )
      (linear): Linear(128x0e -> 128x0e | 16384 weights)
    )
  )
  (readouts): ModuleList(
    (0): LinearReadoutBlock(
      (linear): Linear(128x0e+128x1o+128x2e -> 1x0e | 128 weights)
    )
    (1): NonLinearReadoutBlock(
      (linear_1): Linear(128x0e -> 16x0e | 2048 weights)
      (non_linearity): Activation [x] (16x0e -> 16x0e)
      (linear_2): Linear(16x0e -> 1x0e | 16 weights)
    )
  )
  (scale_shift): ScaleShiftBlock(scale=0.804154, shift=0.164097)
)
2025-04-01 00:14:04.684 INFO: Number of parameters: 723866
2025-04-01 00:14:04.684 INFO: Optimizer: Adam (
Parameter Group 0
    amsgrad: True
    betas: (0.9, 0.999)
    capturable: False
    differentiable: False
    eps: 1e-08
    foreach: None
    fused: None
    lr: 0.005
    maximize: False
    name: embedding
    weight_decay: 0.0

Parameter Group 1
    amsgrad: True
    betas: (0.9, 0.999)
    capturable: False
    differentiable: False
    eps: 1e-08
    foreach: None
    fused: None
    lr: 0.005
    maximize: False
    name: interactions_decay
    weight_decay: 1e-08

Parameter Group 2
    amsgrad: True
    betas: (0.9, 0.999)
    capturable: False
    differentiable: False
    eps: 1e-08
    foreach: None
    fused: None
    lr: 0.005
    maximize: False
    name: interactions_no_decay
    weight_decay: 0.0

Parameter Group 3
    amsgrad: True
    betas: (0.9, 0.999)
    capturable: False
    differentiable: False
    eps: 1e-08
    foreach: None
    fused: None
    lr: 0.005
    maximize: False
    name: products
    weight_decay: 1e-08

Parameter Group 4
    amsgrad: True
    betas: (0.9, 0.999)
    capturable: False
    differentiable: False
    eps: 1e-08
    foreach: None
    fused: None
    lr: 0.005
    maximize: False
    name: readouts
    weight_decay: 0.0
)
2025-04-01 00:14:04.685 INFO: Using gradient clipping with tolerance=100.000
2025-04-01 00:14:04.685 INFO: Started training
2025-04-01 00:14:21.535 INFO: Epoch None: loss=102.9763, RMSE_E=7785.1 meV, RMSE_F=190.3 meV / A
2025-04-01 00:21:09.039 INFO: Epoch 0: loss=3.2959, RMSE_E=270.4 meV, RMSE_F=53.1 meV / A
2025-04-01 00:34:09.541 INFO: Epoch 2: loss=2.2980, RMSE_E=210.7 meV, RMSE_F=44.3 meV / A
2025-04-01 00:47:11.287 INFO: Epoch 4: loss=1.8972, RMSE_E=187.1 meV, RMSE_F=40.2 meV / A
2025-04-01 01:00:11.940 INFO: Epoch 6: loss=1.7018, RMSE_E=169.2 meV, RMSE_F=38.1 meV / A
2025-04-01 01:13:13.506 INFO: Epoch 8: loss=1.5574, RMSE_E=159.1 meV, RMSE_F=36.4 meV / A
2025-04-01 01:26:14.859 INFO: Epoch 10: loss=1.4718, RMSE_E=151.0 meV, RMSE_F=35.4 meV / A
2025-04-01 01:39:15.896 INFO: Epoch 12: loss=1.3926, RMSE_E=142.8 meV, RMSE_F=34.5 meV / A
2025-04-01 01:51:55.059 INFO: Epoch 14: loss=1.3379, RMSE_E=135.5 meV, RMSE_F=33.8 meV / A
2025-04-01 02:04:28.136 INFO: Epoch 16: loss=1.2864, RMSE_E=126.4 meV, RMSE_F=33.2 meV / A
2025-04-01 02:17:00.901 INFO: Epoch 18: loss=1.2563, RMSE_E=122.3 meV, RMSE_F=32.8 meV / A
2025-04-01 02:29:34.097 INFO: Epoch 20: loss=1.2033, RMSE_E=117.9 meV, RMSE_F=32.1 meV / A
2025-04-01 02:42:08.418 INFO: Epoch 22: loss=1.1605, RMSE_E=115.6 meV, RMSE_F=31.6 meV / A
2025-04-01 02:54:49.656 INFO: Epoch 24: loss=1.1452, RMSE_E=114.2 meV, RMSE_F=31.4 meV / A
2025-04-01 03:07:31.019 INFO: Epoch 26: loss=1.1257, RMSE_E=112.4 meV, RMSE_F=31.1 meV / A
2025-04-01 03:20:04.528 INFO: Epoch 28: loss=1.0879, RMSE_E=109.0 meV, RMSE_F=30.6 meV / A
2025-04-01 03:32:50.259 INFO: Epoch 30: loss=1.0686, RMSE_E=106.9 meV, RMSE_F=30.3 meV / A
2025-04-01 03:45:33.181 INFO: Epoch 32: loss=1.0399, RMSE_E=104.4 meV, RMSE_F=29.9 meV / A
2025-04-01 03:58:06.948 INFO: Epoch 34: loss=1.0242, RMSE_E=103.0 meV, RMSE_F=29.7 meV / A
2025-04-01 04:10:41.535 INFO: Epoch 36: loss=1.0083, RMSE_E=104.4 meV, RMSE_F=29.5 meV / A
2025-04-01 04:23:15.948 INFO: Epoch 38: loss=0.9869, RMSE_E=102.7 meV, RMSE_F=29.2 meV / A
2025-04-01 04:35:49.598 INFO: Epoch 40: loss=0.9747, RMSE_E=98.7 meV, RMSE_F=29.0 meV / A
2025-04-01 04:48:25.369 INFO: Epoch 42: loss=0.9678, RMSE_E=98.7 meV, RMSE_F=28.9 meV / A
2025-04-01 05:01:00.807 INFO: Epoch 44: loss=0.9478, RMSE_E=95.7 meV, RMSE_F=28.6 meV / A
2025-04-01 05:13:34.918 INFO: Epoch 46: loss=0.9406, RMSE_E=96.4 meV, RMSE_F=28.5 meV / A
2025-04-01 05:26:08.590 INFO: Epoch 48: loss=0.9174, RMSE_E=94.6 meV, RMSE_F=28.2 meV / A
2025-04-01 05:32:20.624 INFO: Training complete
2025-04-01 05:32:20.625 INFO: Computing metrics for training, validation, and test sets
2025-04-01 05:32:20.626 INFO: Loading checkpoint: checkpoints/Cu_run-123_epoch-48.pt
2025-04-01 05:32:20.668 INFO: Loaded model from epoch 48
2025-04-01 05:32:20.669 INFO: Evaluating train ...
2025-04-01 05:38:04.816 INFO: Evaluating valid ...
2025-04-01 05:38:14.028 INFO: 
+-------------+--------------+------------------+-------------------+
| config_type | RMSE E / meV | RMSE F / meV / A | relative F RMSE % |
+-------------+--------------+------------------+-------------------+
|    train    |     93.1     |       29.9       |        3.77       |
|    valid    |     94.6     |       28.2       |        3.65       |
+-------------+--------------+------------------+-------------------+
2025-04-01 05:38:14.028 INFO: Saving model to checkpoints/Cu_run-123.model
2025-04-01 05:38:14.227 INFO: Compiling model, saving metadata to Cu_compiled.model
2025-04-01 05:38:15.366 INFO: Done
