2024-12-04 09:05:07.795 INFO: MACE version: 0.3.5
2024-12-04 09:05:07.796 INFO: Configuration: Namespace(config=None, name='SSE-PBE', seed=123, log_dir='logs', model_dir='.', checkpoints_dir='checkpoints', results_dir='results', downloads_dir='downloads', device='cuda', default_dtype='float64', distributed=False, log_level='INFO', error_table='TotalRMSE', model='ScaleShiftMACE', r_max=6.0, radial_type='bessel', num_radial_basis=10, num_cutoff_basis=5, pair_repulsion=False, distance_transform='None', interaction='RealAgnosticResidualInteractionBlock', interaction_first='RealAgnosticResidualInteractionBlock', max_ell=3, correlation=3, num_interactions=2, MLP_irreps='16x0e', radial_MLP='[64, 64, 64]', hidden_irreps='128x0e + 128x1o', num_channels=128, max_L=2, gate='silu', scaling='rms_forces_scaling', avg_num_neighbors=1, compute_avg_num_neighbors=True, compute_stress=False, compute_forces=True, train_file='./dataset/train.xyz', valid_file='./dataset/valid.xyz', valid_fraction=0.1, test_file=None, test_dir=None, multi_processed_test=False, num_workers=0, pin_memory=True, atomic_numbers=None, mean=None, std=None, statistics_file=None, E0s='average', keep_isolated_atoms=False, energy_key='energy', forces_key='forces', virials_key='virials', stress_key='stress', dipole_key='dipole', charges_key='charges', loss='ef', forces_weight=1000.0, swa_forces_weight=100.0, energy_weight=1.0, swa_energy_weight=1000.0, virials_weight=1.0, swa_virials_weight=10.0, stress_weight=1.0, swa_stress_weight=10.0, dipole_weight=1.0, swa_dipole_weight=1.0, config_type_weights='{"Default":1.0}', huber_delta=0.01, optimizer='adam', beta=0.9, batch_size=2, valid_batch_size=2, lr=0.005, swa_lr=0.001, weight_decay=1e-08, amsgrad=True, scheduler='ReduceLROnPlateau', lr_factor=0.8, scheduler_patience=5, lr_scheduler_gamma=0.9993, swa=False, start_swa=None, ema=True, ema_decay=0.995, max_num_epochs=200, patience=2048, foundation_model='/home/l6eub2ic/whcs-share31/wangchen/mace/MPtrj/2024-01-07-mace-128-L2_epoch-199.model', foundation_model_readout=True, eval_interval=2, keep_checkpoints=False, save_all_checkpoints=False, restart_latest=False, save_cpu=True, clip_grad=100.0, wandb=False, wandb_dir=None, wandb_project='', wandb_entity='', wandb_name='', wandb_log_hypers=['num_channels', 'max_L', 'correlation', 'lr', 'swa_lr', 'weight_decay', 'batch_size', 'max_num_epochs', 'start_swa', 'energy_weight', 'forces_weight'])
2024-12-04 09:05:07.936 INFO: CUDA version: 11.8, CUDA device: 0
2024-12-04 09:05:08.509 INFO: Error accessing Git repository: /home/l6eub2ic/whcs-share31/wangchen/mace/inorganic/SSE-PBE/finetune
2024-12-04 09:05:13.134 INFO: Using foundation model /home/l6eub2ic/whcs-share31/wangchen/mace/MPtrj/2024-01-07-mace-128-L2_epoch-199.model as initial checkpoint.
2024-12-04 09:05:36.833 INFO: Since ASE version 3.23.0b1, using energy_key 'energy' is no longer safe when communicating between MACE and ASE. We recommend using a different key, rewriting energies to 'REF_energy'. You need to use --energy_key='REF_energy', to tell the key name chosen.
2024-12-04 09:05:39.641 INFO: Since ASE version 3.23.0b1, using forces_key 'forces' is no longer safe when communicating between MACE and ASE. We recommend using a different key, rewriting energies to 'REF_forces'. You need to use --forces_key='REF_forces', to tell the key name chosen.
2024-12-04 09:05:42.507 INFO: Since ASE version 3.23.0b1, using stress_key 'stress' is no longer safe when communicating between MACE and ASE. We recommend using a different key, rewriting energies to 'REF_stress'. You need to use --stress_key='REF_stress', to tell the key name chosen.
2024-12-04 09:05:43.807 INFO: Loaded 15019 training configurations from './dataset/train.xyz'
2024-12-04 09:05:46.036 INFO: Since ASE version 3.23.0b1, using energy_key 'energy' is no longer safe when communicating between MACE and ASE. We recommend using a different key, rewriting energies to 'REF_energy'. You need to use --energy_key='REF_energy', to tell the key name chosen.
2024-12-04 09:05:46.177 INFO: Since ASE version 3.23.0b1, using forces_key 'forces' is no longer safe when communicating between MACE and ASE. We recommend using a different key, rewriting energies to 'REF_forces'. You need to use --forces_key='REF_forces', to tell the key name chosen.
2024-12-04 09:05:46.321 INFO: Since ASE version 3.23.0b1, using stress_key 'stress' is no longer safe when communicating between MACE and ASE. We recommend using a different key, rewriting energies to 'REF_stress'. You need to use --stress_key='REF_stress', to tell the key name chosen.
2024-12-04 09:05:46.384 INFO: Loaded 755 validation configurations from './dataset/valid.xyz'
2024-12-04 09:05:46.385 INFO: Total number of configurations: train=15019, valid=755, tests=[]
2024-12-04 09:05:47.047 INFO: AtomicNumberTable: (3, 14, 15, 16, 32)
2024-12-04 09:05:47.048 INFO: Atomic Energies not in training file, using command line argument E0s
2024-12-04 09:05:47.049 INFO: Computing average Atomic Energies using least squares regression
2024-12-04 09:05:47.249 INFO: Atomic energies: [-4.203206589897515, -1.2176422421775648, -0.840641317979524, -5.043847907876887, 0.7973215831881973]
2024-12-04 09:11:12.978 INFO: EnergyForcesLoss(energy_weight=1.000, forces_weight=1000.000)
2024-12-04 09:16:05.216 INFO: Average number of neighbors: 41.165294177926775
2024-12-04 09:16:05.219 INFO: Selected the following outputs: {'energy': True, 'forces': True, 'virials': False, 'stress': False, 'dipoles': False}
2024-12-04 09:20:26.099 INFO: Building model
2024-12-04 09:20:49.960 INFO: ScaleShiftMACE(
  (node_embedding): LinearNodeEmbeddingBlock(
    (linear): Linear(5x0e -> 128x0e | 640 weights)
  )
  (radial_embedding): RadialEmbeddingBlock(
    (bessel_fn): BesselBasis(r_max=6.0, num_basis=10, trainable=True)
    (cutoff_fn): PolynomialCutoff(p=5.0, r_max=6.0)
  )
  (spherical_harmonics): SphericalHarmonics()
  (atomic_energies_fn): AtomicEnergiesBlock(energies=[-4.2032, -1.2176, -0.8406, -5.0438, 0.7973])
  (interactions): ModuleList(
    (0): RealAgnosticResidualInteractionBlock(
      (linear_up): Linear(128x0e -> 128x0e | 16384 weights)
      (conv_tp): TensorProduct(128x0e x 1x0e+1x1o+1x2e+1x3o -> 128x0e+128x1o+128x2e+128x3o | 512 paths | 512 weights)
      (conv_tp_weights): FullyConnectedNet[10, 64, 64, 64, 512]
      (linear): Linear(128x0e+128x1o+128x2e+128x3o -> 128x0e+128x1o+128x2e+128x3o | 65536 weights)
      (skip_tp): FullyConnectedTensorProduct(128x0e x 5x0e -> 128x0e+128x1o+128x2e | 81920 paths | 81920 weights)
      (reshape): reshape_irreps()
    )
    (1): RealAgnosticResidualInteractionBlock(
      (linear_up): Linear(128x0e+128x1o+128x2e -> 128x0e+128x1o+128x2e | 49152 weights)
      (conv_tp): TensorProduct(128x0e+128x1o+128x2e x 1x0e+1x1o+1x2e+1x3o -> 384x0e+640x1o+640x2e+512x3o | 2176 paths | 2176 weights)
      (conv_tp_weights): FullyConnectedNet[10, 64, 64, 64, 2176]
      (linear): Linear(384x0e+640x1o+640x2e+512x3o -> 128x0e+128x1o+128x2e+128x3o | 278528 weights)
      (skip_tp): FullyConnectedTensorProduct(128x0e+128x1o+128x2e x 5x0e -> 128x0e | 81920 paths | 81920 weights)
      (reshape): reshape_irreps()
    )
  )
  (products): ModuleList(
    (0): EquivariantProductBasisBlock(
      (symmetric_contractions): SymmetricContraction(
        (contractions): ModuleList(
          (0): Contraction(
            (contractions_weighting): ModuleList(
              (0-1): 2 x GraphModule()
            )
            (contractions_features): ModuleList(
              (0-1): 2 x GraphModule()
            )
            (weights): ParameterList(
                (0): Parameter containing: [torch.float64 of size 5x4x128 (GPU 0)]
                (1): Parameter containing: [torch.float64 of size 5x1x128 (GPU 0)]
            )
            (graph_opt_main): GraphModule()
          )
          (1): Contraction(
            (contractions_weighting): ModuleList(
              (0-1): 2 x GraphModule()
            )
            (contractions_features): ModuleList(
              (0-1): 2 x GraphModule()
            )
            (weights): ParameterList(
                (0): Parameter containing: [torch.float64 of size 5x6x128 (GPU 0)]
                (1): Parameter containing: [torch.float64 of size 5x1x128 (GPU 0)]
            )
            (graph_opt_main): GraphModule()
          )
          (2): Contraction(
            (contractions_weighting): ModuleList(
              (0-1): 2 x GraphModule()
            )
            (contractions_features): ModuleList(
              (0-1): 2 x GraphModule()
            )
            (weights): ParameterList(
                (0): Parameter containing: [torch.float64 of size 5x7x128 (GPU 0)]
                (1): Parameter containing: [torch.float64 of size 5x1x128 (GPU 0)]
            )
            (graph_opt_main): GraphModule()
          )
        )
      )
      (linear): Linear(128x0e+128x1o+128x2e -> 128x0e+128x1o+128x2e | 49152 weights)
    )
    (1): EquivariantProductBasisBlock(
      (symmetric_contractions): SymmetricContraction(
        (contractions): ModuleList(
          (0): Contraction(
            (contractions_weighting): ModuleList(
              (0-1): 2 x GraphModule()
            )
            (contractions_features): ModuleList(
              (0-1): 2 x GraphModule()
            )
            (weights): ParameterList(
                (0): Parameter containing: [torch.float64 of size 5x4x128 (GPU 0)]
                (1): Parameter containing: [torch.float64 of size 5x1x128 (GPU 0)]
            )
            (graph_opt_main): GraphModule()
          )
        )
      )
      (linear): Linear(128x0e -> 128x0e | 16384 weights)
    )
  )
  (readouts): ModuleList(
    (0): LinearReadoutBlock(
      (linear): Linear(128x0e+128x1o+128x2e -> 1x0e | 128 weights)
    )
    (1): NonLinearReadoutBlock(
      (linear_1): Linear(128x0e -> 16x0e | 2048 weights)
      (non_linearity): Activation [x] (16x0e -> 16x0e)
      (linear_2): Linear(16x0e -> 1x0e | 16 weights)
    )
  )
  (scale_shift): ScaleShiftBlock(scale=0.804154, shift=0.164097)
)
2024-12-04 09:20:49.966 INFO: Number of parameters: 951194
2024-12-04 09:20:49.967 INFO: Optimizer: Adam (
Parameter Group 0
    amsgrad: True
    betas: (0.9, 0.999)
    capturable: False
    differentiable: False
    eps: 1e-08
    foreach: None
    fused: None
    lr: 0.005
    maximize: False
    name: embedding
    weight_decay: 0.0

Parameter Group 1
    amsgrad: True
    betas: (0.9, 0.999)
    capturable: False
    differentiable: False
    eps: 1e-08
    foreach: None
    fused: None
    lr: 0.005
    maximize: False
    name: interactions_decay
    weight_decay: 1e-08

Parameter Group 2
    amsgrad: True
    betas: (0.9, 0.999)
    capturable: False
    differentiable: False
    eps: 1e-08
    foreach: None
    fused: None
    lr: 0.005
    maximize: False
    name: interactions_no_decay
    weight_decay: 0.0

Parameter Group 3
    amsgrad: True
    betas: (0.9, 0.999)
    capturable: False
    differentiable: False
    eps: 1e-08
    foreach: None
    fused: None
    lr: 0.005
    maximize: False
    name: products
    weight_decay: 1e-08

Parameter Group 4
    amsgrad: True
    betas: (0.9, 0.999)
    capturable: False
    differentiable: False
    eps: 1e-08
    foreach: None
    fused: None
    lr: 0.005
    maximize: False
    name: readouts
    weight_decay: 0.0
)
2024-12-04 09:20:49.967 INFO: Using gradient clipping with tolerance=100.000
2024-12-04 09:20:49.968 INFO: Started training
2024-12-04 09:22:04.339 INFO: Epoch None: loss=4670.9028, RMSE_E=68100.5 meV, RMSE_F=167.4 meV / A
2024-12-04 10:10:28.115 INFO: Epoch 0: loss=2.2048, RMSE_E=637.8 meV, RMSE_F=46.0 meV / A
2024-12-04 11:44:27.606 INFO: Epoch 2: loss=1.0653, RMSE_E=284.5 meV, RMSE_F=34.0 meV / A
2024-12-04 13:19:06.657 INFO: Epoch 4: loss=0.8749, RMSE_E=253.6 meV, RMSE_F=30.7 meV / A
2024-12-04 14:53:55.320 INFO: Epoch 6: loss=0.7751, RMSE_E=225.0 meV, RMSE_F=29.1 meV / A
2024-12-04 16:28:28.827 INFO: Epoch 8: loss=0.8443, RMSE_E=445.2 meV, RMSE_F=27.6 meV / A
2024-12-04 18:02:34.535 INFO: Epoch 10: loss=0.6350, RMSE_E=233.2 meV, RMSE_F=26.1 meV / A
2024-12-04 19:36:32.716 INFO: Epoch 12: loss=0.5744, RMSE_E=142.8 meV, RMSE_F=25.5 meV / A
2024-12-04 21:10:44.445 INFO: Epoch 14: loss=0.6048, RMSE_E=258.5 meV, RMSE_F=25.0 meV / A
2024-12-04 22:44:27.005 INFO: Epoch 16: loss=0.5035, RMSE_E=101.0 meV, RMSE_F=23.9 meV / A
2024-12-05 00:18:47.088 INFO: Epoch 18: loss=0.4821, RMSE_E=103.4 meV, RMSE_F=23.4 meV / A
2024-12-05 01:53:11.765 INFO: Epoch 20: loss=0.4604, RMSE_E=90.1 meV, RMSE_F=22.9 meV / A
2024-12-05 03:27:52.250 INFO: Epoch 22: loss=0.4542, RMSE_E=97.2 meV, RMSE_F=22.8 meV / A
2024-12-05 05:01:41.269 INFO: Epoch 24: loss=0.4510, RMSE_E=117.5 meV, RMSE_F=22.5 meV / A
2024-12-05 06:36:04.508 INFO: Epoch 26: loss=0.4576, RMSE_E=160.9 meV, RMSE_F=22.5 meV / A
2024-12-05 08:09:51.731 INFO: Epoch 28: loss=0.4316, RMSE_E=101.6 meV, RMSE_F=22.0 meV / A
2024-12-05 09:43:43.598 INFO: Epoch 30: loss=0.4307, RMSE_E=163.2 meV, RMSE_F=21.7 meV / A
2024-12-05 11:18:00.290 INFO: Epoch 32: loss=0.3996, RMSE_E=76.5 meV, RMSE_F=21.3 meV / A
2024-12-05 12:51:28.160 INFO: Epoch 34: loss=0.4568, RMSE_E=222.9 meV, RMSE_F=21.9 meV / A
2024-12-05 14:25:36.957 INFO: Epoch 36: loss=0.4051, RMSE_E=126.0 meV, RMSE_F=21.2 meV / A
2024-12-05 15:59:47.237 INFO: Epoch 38: loss=0.4176, RMSE_E=103.3 meV, RMSE_F=21.3 meV / A
2024-12-05 17:33:49.826 INFO: Epoch 40: loss=0.3634, RMSE_E=70.2 meV, RMSE_F=20.4 meV / A
2024-12-05 19:13:23.565 INFO: Epoch 42: loss=0.3581, RMSE_E=79.0 meV, RMSE_F=20.2 meV / A
2024-12-05 20:46:53.485 INFO: Epoch 44: loss=0.3564, RMSE_E=81.6 meV, RMSE_F=20.2 meV / A
2024-12-05 22:20:02.563 INFO: Epoch 46: loss=0.3455, RMSE_E=72.9 meV, RMSE_F=19.9 meV / A
2024-12-05 23:53:51.688 INFO: Epoch 48: loss=0.3617, RMSE_E=147.4 meV, RMSE_F=20.0 meV / A
2024-12-06 01:26:32.925 INFO: Epoch 50: loss=0.3347, RMSE_E=64.8 meV, RMSE_F=19.7 meV / A
2024-12-06 02:58:36.447 INFO: Epoch 52: loss=0.3367, RMSE_E=65.4 meV, RMSE_F=19.6 meV / A
2024-12-06 04:31:37.823 INFO: Epoch 54: loss=0.3377, RMSE_E=102.7 meV, RMSE_F=19.6 meV / A
2024-12-06 06:05:01.119 INFO: Epoch 56: loss=0.3339, RMSE_E=83.6 meV, RMSE_F=19.5 meV / A
2024-12-06 07:39:04.987 INFO: Epoch 58: loss=0.3418, RMSE_E=125.9 meV, RMSE_F=19.6 meV / A
2024-12-06 09:18:50.674 INFO: Epoch 60: loss=0.3280, RMSE_E=100.6 meV, RMSE_F=19.3 meV / A
2024-12-06 10:55:14.021 INFO: Epoch 62: loss=0.3205, RMSE_E=75.3 meV, RMSE_F=19.2 meV / A
2024-12-06 12:36:15.454 INFO: Epoch 64: loss=0.3158, RMSE_E=63.3 meV, RMSE_F=19.1 meV / A
2024-12-06 14:11:34.785 INFO: Epoch 66: loss=0.3200, RMSE_E=86.0 meV, RMSE_F=19.1 meV / A
2024-12-06 15:46:22.698 INFO: Epoch 68: loss=0.3120, RMSE_E=67.0 meV, RMSE_F=19.0 meV / A
2024-12-06 17:20:09.547 INFO: Epoch 70: loss=0.3187, RMSE_E=79.1 meV, RMSE_F=19.1 meV / A
2024-12-06 18:53:38.829 INFO: Epoch 72: loss=0.3128, RMSE_E=72.8 meV, RMSE_F=18.9 meV / A
2024-12-06 20:27:52.343 INFO: Epoch 74: loss=0.3106, RMSE_E=71.9 meV, RMSE_F=18.9 meV / A
2024-12-06 22:01:02.504 INFO: Epoch 76: loss=0.3080, RMSE_E=64.3 meV, RMSE_F=18.9 meV / A
2024-12-06 23:38:42.955 INFO: Epoch 78: loss=0.3046, RMSE_E=70.5 meV, RMSE_F=18.8 meV / A
2024-12-07 01:16:17.659 INFO: Epoch 80: loss=0.3029, RMSE_E=64.2 meV, RMSE_F=18.7 meV / A
2024-12-07 02:59:22.557 INFO: Epoch 82: loss=0.3006, RMSE_E=63.1 meV, RMSE_F=18.6 meV / A
2024-12-07 04:36:08.314 INFO: Epoch 84: loss=0.2992, RMSE_E=60.8 meV, RMSE_F=18.6 meV / A
2024-12-07 06:08:40.822 INFO: Epoch 86: loss=0.3009, RMSE_E=85.2 meV, RMSE_F=18.6 meV / A
2024-12-07 07:43:22.806 INFO: Epoch 88: loss=0.2937, RMSE_E=69.7 meV, RMSE_F=18.5 meV / A
2024-12-07 09:17:39.786 INFO: Epoch 90: loss=0.2947, RMSE_E=68.5 meV, RMSE_F=18.5 meV / A
2024-12-07 10:51:06.411 INFO: Epoch 92: loss=0.3028, RMSE_E=97.2 meV, RMSE_F=18.6 meV / A
2024-12-07 12:23:51.282 INFO: Epoch 94: loss=0.2915, RMSE_E=62.7 meV, RMSE_F=18.4 meV / A
2024-12-07 13:58:30.932 INFO: Epoch 96: loss=0.2917, RMSE_E=74.4 meV, RMSE_F=18.4 meV / A
2024-12-07 15:31:00.779 INFO: Epoch 98: loss=0.2882, RMSE_E=60.2 meV, RMSE_F=18.3 meV / A
2024-12-07 17:05:39.465 INFO: Epoch 100: loss=0.2957, RMSE_E=102.4 meV, RMSE_F=18.3 meV / A
2024-12-07 18:39:28.272 INFO: Epoch 102: loss=0.2854, RMSE_E=64.1 meV, RMSE_F=18.2 meV / A
2024-12-07 20:12:35.207 INFO: Epoch 104: loss=0.2883, RMSE_E=72.8 meV, RMSE_F=18.3 meV / A
2024-12-07 21:47:18.084 INFO: Epoch 106: loss=0.2836, RMSE_E=61.2 meV, RMSE_F=18.2 meV / A
2024-12-07 23:21:20.247 INFO: Epoch 108: loss=0.2840, RMSE_E=69.8 meV, RMSE_F=18.1 meV / A
2024-12-08 00:56:05.912 INFO: Epoch 110: loss=0.2828, RMSE_E=69.4 meV, RMSE_F=18.1 meV / A
2024-12-08 02:30:36.809 INFO: Epoch 112: loss=0.2838, RMSE_E=65.7 meV, RMSE_F=18.1 meV / A
2024-12-08 04:05:09.619 INFO: Epoch 114: loss=0.2886, RMSE_E=65.3 meV, RMSE_F=18.2 meV / A
2024-12-08 05:37:12.636 INFO: Epoch 116: loss=0.2850, RMSE_E=64.4 meV, RMSE_F=18.1 meV / A
2024-12-08 07:10:29.423 INFO: Epoch 118: loss=0.2741, RMSE_E=58.2 meV, RMSE_F=17.9 meV / A
2024-12-08 08:43:57.759 INFO: Epoch 120: loss=0.2724, RMSE_E=58.9 meV, RMSE_F=17.8 meV / A
2024-12-08 10:18:31.554 INFO: Epoch 122: loss=0.2715, RMSE_E=61.9 meV, RMSE_F=17.7 meV / A
2024-12-08 11:52:17.740 INFO: Epoch 124: loss=0.2695, RMSE_E=58.6 meV, RMSE_F=17.7 meV / A
2024-12-08 13:25:59.891 INFO: Epoch 126: loss=0.2680, RMSE_E=59.6 meV, RMSE_F=17.7 meV / A
2024-12-08 14:58:18.797 INFO: Epoch 128: loss=0.2676, RMSE_E=58.0 meV, RMSE_F=17.7 meV / A
2024-12-08 16:31:06.310 INFO: Epoch 130: loss=0.2694, RMSE_E=69.8 meV, RMSE_F=17.7 meV / A
2024-12-08 18:04:05.890 INFO: Epoch 132: loss=0.2640, RMSE_E=57.6 meV, RMSE_F=17.6 meV / A
2024-12-08 19:37:59.213 INFO: Epoch 134: loss=0.2652, RMSE_E=57.4 meV, RMSE_F=17.6 meV / A
2024-12-08 21:11:48.258 INFO: Epoch 136: loss=0.2699, RMSE_E=63.2 meV, RMSE_F=17.6 meV / A
2024-12-08 22:45:24.216 INFO: Epoch 138: loss=0.2636, RMSE_E=59.7 meV, RMSE_F=17.5 meV / A
2024-12-09 00:18:27.464 INFO: Epoch 140: loss=0.2636, RMSE_E=58.1 meV, RMSE_F=17.5 meV / A
2024-12-09 01:50:00.002 INFO: Epoch 142: loss=0.2623, RMSE_E=54.9 meV, RMSE_F=17.5 meV / A
2024-12-09 03:23:09.342 INFO: Epoch 144: loss=0.2618, RMSE_E=56.6 meV, RMSE_F=17.5 meV / A
2024-12-09 04:55:41.522 INFO: Epoch 146: loss=0.2601, RMSE_E=56.0 meV, RMSE_F=17.4 meV / A
2024-12-09 06:27:56.904 INFO: Epoch 148: loss=0.2599, RMSE_E=55.3 meV, RMSE_F=17.4 meV / A
2024-12-09 08:01:53.555 INFO: Epoch 150: loss=0.2601, RMSE_E=56.6 meV, RMSE_F=17.4 meV / A
2024-12-09 09:33:40.410 INFO: Epoch 152: loss=0.2591, RMSE_E=55.6 meV, RMSE_F=17.4 meV / A
2024-12-09 11:04:54.720 INFO: Epoch 154: loss=0.2585, RMSE_E=56.2 meV, RMSE_F=17.4 meV / A
2024-12-09 12:36:07.654 INFO: Epoch 156: loss=0.2590, RMSE_E=58.4 meV, RMSE_F=17.4 meV / A
2024-12-09 14:06:45.729 INFO: Epoch 158: loss=0.2570, RMSE_E=55.4 meV, RMSE_F=17.3 meV / A
2024-12-09 15:38:40.086 INFO: Epoch 160: loss=0.2580, RMSE_E=57.0 meV, RMSE_F=17.3 meV / A
2024-12-09 17:13:11.129 INFO: Epoch 162: loss=0.2564, RMSE_E=55.9 meV, RMSE_F=17.3 meV / A
2024-12-09 18:46:57.208 INFO: Epoch 164: loss=0.2554, RMSE_E=56.8 meV, RMSE_F=17.3 meV / A
2024-12-09 20:20:39.231 INFO: Epoch 166: loss=0.2539, RMSE_E=56.2 meV, RMSE_F=17.2 meV / A
2024-12-09 21:54:54.687 INFO: Epoch 168: loss=0.2560, RMSE_E=56.4 meV, RMSE_F=17.2 meV / A
2024-12-09 23:28:34.695 INFO: Epoch 170: loss=0.2534, RMSE_E=57.4 meV, RMSE_F=17.2 meV / A
2024-12-10 01:02:55.490 INFO: Epoch 172: loss=0.2530, RMSE_E=55.6 meV, RMSE_F=17.2 meV / A
2024-12-10 02:36:16.183 INFO: Epoch 174: loss=0.2553, RMSE_E=61.9 meV, RMSE_F=17.3 meV / A
2024-12-10 04:10:20.960 INFO: Epoch 176: loss=0.2523, RMSE_E=55.1 meV, RMSE_F=17.2 meV / A
2024-12-10 05:44:25.069 INFO: Epoch 178: loss=0.2516, RMSE_E=54.8 meV, RMSE_F=17.1 meV / A
2024-12-10 07:18:33.958 INFO: Epoch 180: loss=0.2520, RMSE_E=58.7 meV, RMSE_F=17.2 meV / A
2024-12-10 08:51:25.409 INFO: Epoch 182: loss=0.2506, RMSE_E=56.1 meV, RMSE_F=17.1 meV / A
2024-12-10 10:25:01.096 INFO: Epoch 184: loss=0.2512, RMSE_E=59.0 meV, RMSE_F=17.1 meV / A
2024-12-10 11:58:55.456 INFO: Epoch 186: loss=0.2508, RMSE_E=54.9 meV, RMSE_F=17.1 meV / A
2024-12-10 13:32:30.433 INFO: Epoch 188: loss=0.2508, RMSE_E=53.4 meV, RMSE_F=17.1 meV / A
2024-12-10 15:06:14.511 INFO: Epoch 190: loss=0.2479, RMSE_E=55.3 meV, RMSE_F=17.0 meV / A
2024-12-10 16:39:47.973 INFO: Epoch 192: loss=0.2481, RMSE_E=53.2 meV, RMSE_F=17.0 meV / A
2024-12-10 18:13:22.799 INFO: Epoch 194: loss=0.2459, RMSE_E=53.4 meV, RMSE_F=17.0 meV / A
2024-12-10 19:46:18.462 INFO: Epoch 196: loss=0.2444, RMSE_E=54.3 meV, RMSE_F=16.9 meV / A
2024-12-10 21:18:53.066 INFO: Epoch 198: loss=0.2448, RMSE_E=53.0 meV, RMSE_F=16.9 meV / A
2024-12-10 22:03:54.226 INFO: Training complete
2024-12-10 22:03:54.227 INFO: Computing metrics for training, validation, and test sets
2024-12-10 22:03:54.231 INFO: Loading checkpoint: checkpoints/SSE-PBE_run-123_epoch-196.pt
2024-12-10 22:03:57.434 INFO: Loaded model from epoch 196
2024-12-10 22:03:57.436 INFO: Evaluating train ...
2024-12-10 22:53:08.848 INFO: Evaluating valid ...
2024-12-10 22:54:04.631 INFO: 
+-------------+--------------+------------------+-------------------+
| config_type | RMSE E / meV | RMSE F / meV / A | relative F RMSE % |
+-------------+--------------+------------------+-------------------+
|    train    |     49.4     |       16.4       |        1.93       |
|    valid    |     54.3     |       16.9       |        1.99       |
+-------------+--------------+------------------+-------------------+
2024-12-10 22:54:04.632 INFO: Saving model to checkpoints/SSE-PBE_run-123.model
2024-12-10 22:54:07.374 INFO: Compiling model, saving metadata to SSE-PBE_compiled.model
2024-12-10 22:54:09.280 INFO: Done
