2025-01-16 23:15:08.605 INFO: MACE version: 0.3.5
2025-01-16 23:15:08.616 INFO: Configuration: Namespace(config=None, name='3BPA-L2', seed=2024, log_dir='logs', model_dir='.', checkpoints_dir='checkpoints', results_dir='results', downloads_dir='downloads', device='cuda', default_dtype='float64', distributed=False, log_level='INFO', error_table='TotalRMSE', model='ScaleShiftMACE', r_max=5.0, radial_type='bessel', num_radial_basis=8, num_cutoff_basis=5, pair_repulsion=False, distance_transform='None', interaction='RealAgnosticResidualInteractionBlock', interaction_first='RealAgnosticResidualInteractionBlock', max_ell=3, correlation=3, num_interactions=2, MLP_irreps='16x0e', radial_MLP='[64, 64, 64]', hidden_irreps='128x0e + 128x1o', num_channels=256, max_L=2, gate='silu', scaling='rms_forces_scaling', avg_num_neighbors=1, compute_avg_num_neighbors=True, compute_stress=False, compute_forces=True, train_file='./dataset/train_300K.xyz', valid_file=None, valid_fraction=0.1, test_file='./dataset/test_300K.xyz', test_dir=None, multi_processed_test=False, num_workers=0, pin_memory=True, atomic_numbers=None, mean=None, std=None, statistics_file=None, E0s='{1:-13.587222780835477, 6:-1029.4889999855063, 7:-1484.9814568572233, 8:-2041.9816003861047}', keep_isolated_atoms=False, energy_key='energy', forces_key='forces', virials_key='virials', stress_key='stress', dipole_key='dipole', charges_key='charges', loss='ef', forces_weight=1000.0, swa_forces_weight=100.0, energy_weight=1.0, swa_energy_weight=1000.0, virials_weight=1.0, swa_virials_weight=10.0, stress_weight=1.0, swa_stress_weight=10.0, dipole_weight=1.0, swa_dipole_weight=1.0, config_type_weights='{"Default":1.0}', huber_delta=0.01, optimizer='adam', beta=0.9, batch_size=5, valid_batch_size=5, lr=0.01, swa_lr=0.001, weight_decay=5e-07, amsgrad=True, scheduler='ReduceLROnPlateau', lr_factor=0.8, scheduler_patience=50, lr_scheduler_gamma=0.9993, swa=False, start_swa=None, ema=True, ema_decay=0.99, max_num_epochs=1500, patience=2048, foundation_model=None, foundation_model_readout=True, eval_interval=2, keep_checkpoints=False, save_all_checkpoints=False, restart_latest=False, save_cpu=False, clip_grad=10.0, wandb=False, wandb_dir=None, wandb_project='', wandb_entity='', wandb_name='', wandb_log_hypers=['num_channels', 'max_L', 'correlation', 'lr', 'swa_lr', 'weight_decay', 'batch_size', 'max_num_epochs', 'start_swa', 'energy_weight', 'forces_weight'])
2025-01-16 23:15:08.719 INFO: CUDA version: 12.1, CUDA device: 0
2025-01-16 23:15:09.019 INFO: Error accessing Git repository: /home/bingxing2/home/scx9kv2/work/organic/3BPA/baseline_2024
2025-01-16 23:15:09.336 INFO: Since ASE version 3.23.0b1, using energy_key 'energy' is no longer safe when communicating between MACE and ASE. We recommend using a different key, rewriting energies to 'REF_energy'. You need to use --energy_key='REF_energy', to tell the key name chosen.
2025-01-16 23:15:09.434 INFO: Since ASE version 3.23.0b1, using forces_key 'forces' is no longer safe when communicating between MACE and ASE. We recommend using a different key, rewriting energies to 'REF_forces'. You need to use --forces_key='REF_forces', to tell the key name chosen.
2025-01-16 23:15:09.534 INFO: Since ASE version 3.23.0b1, using stress_key 'stress' is no longer safe when communicating between MACE and ASE. We recommend using a different key, rewriting energies to 'REF_stress'. You need to use --stress_key='REF_stress', to tell the key name chosen.
2025-01-16 23:15:09.550 INFO: Loaded 500 training configurations from './dataset/train_300K.xyz'
2025-01-16 23:15:09.551 INFO: Using random 10.0% of training set for validation
2025-01-16 23:15:10.568 INFO: Since ASE version 3.23.0b1, using energy_key 'energy' is no longer safe when communicating between MACE and ASE. We recommend using a different key, rewriting energies to 'REF_energy'. You need to use --energy_key='REF_energy', to tell the key name chosen.
2025-01-16 23:15:10.897 INFO: Since ASE version 3.23.0b1, using forces_key 'forces' is no longer safe when communicating between MACE and ASE. We recommend using a different key, rewriting energies to 'REF_forces'. You need to use --forces_key='REF_forces', to tell the key name chosen.
2025-01-16 23:15:11.231 INFO: Since ASE version 3.23.0b1, using stress_key 'stress' is no longer safe when communicating between MACE and ASE. We recommend using a different key, rewriting energies to 'REF_stress'. You need to use --stress_key='REF_stress', to tell the key name chosen.
2025-01-16 23:15:11.284 INFO: Loaded 1669 test configurations from './dataset/test_300K.xyz'
2025-01-16 23:15:11.284 INFO: Total number of configurations: train=450, valid=50, tests=[Default: 1669]
2025-01-16 23:15:11.288 INFO: AtomicNumberTable: (1, 6, 7, 8)
2025-01-16 23:15:11.288 INFO: Atomic Energies not in training file, using command line argument E0s
2025-01-16 23:15:11.289 INFO: Atomic energies: [-13.587222780835477, -1029.4889999855063, -1484.9814568572233, -2041.9816003861047]
2025-01-16 23:15:11.582 INFO: EnergyForcesLoss(energy_weight=1.000, forces_weight=1000.000)
2025-01-16 23:15:11.968 INFO: Average number of neighbors: 16.707489711934155
2025-01-16 23:15:11.968 INFO: Selected the following outputs: {'energy': True, 'forces': True, 'virials': False, 'stress': False, 'dipoles': False}
2025-01-16 23:15:12.172 INFO: Building model
2025-01-16 23:15:12.180 INFO: Hidden irreps: 256x0e+256x1o+256x2e
2025-01-16 23:15:15.573 INFO: ScaleShiftMACE(
  (node_embedding): LinearNodeEmbeddingBlock(
    (linear): Linear(4x0e -> 256x0e | 1024 weights)
  )
  (radial_embedding): RadialEmbeddingBlock(
    (bessel_fn): BesselBasis(r_max=5.0, num_basis=8, trainable=False)
    (cutoff_fn): PolynomialCutoff(p=5.0, r_max=5.0)
  )
  (spherical_harmonics): SphericalHarmonics()
  (atomic_energies_fn): AtomicEnergiesBlock(energies=[-13.5872, -1029.4890, -1484.9815, -2041.9816])
  (interactions): ModuleList(
    (0): RealAgnosticResidualInteractionBlock(
      (linear_up): Linear(256x0e -> 256x0e | 65536 weights)
      (conv_tp): TensorProduct(256x0e x 1x0e+1x1o+1x2e+1x3o -> 256x0e+256x1o+256x2e+256x3o | 1024 paths | 1024 weights)
      (conv_tp_weights): FullyConnectedNet[8, 64, 64, 64, 1024]
      (linear): Linear(256x0e+256x1o+256x2e+256x3o -> 256x0e+256x1o+256x2e+256x3o | 262144 weights)
      (skip_tp): FullyConnectedTensorProduct(256x0e x 4x0e -> 256x0e+256x1o+256x2e | 262144 paths | 262144 weights)
      (reshape): reshape_irreps()
    )
    (1): RealAgnosticResidualInteractionBlock(
      (linear_up): Linear(256x0e+256x1o+256x2e -> 256x0e+256x1o+256x2e | 196608 weights)
      (conv_tp): TensorProduct(256x0e+256x1o+256x2e x 1x0e+1x1o+1x2e+1x3o -> 768x0e+1280x1o+1280x2e+1024x3o | 4352 paths | 4352 weights)
      (conv_tp_weights): FullyConnectedNet[8, 64, 64, 64, 4352]
      (linear): Linear(768x0e+1280x1o+1280x2e+1024x3o -> 256x0e+256x1o+256x2e+256x3o | 1114112 weights)
      (skip_tp): FullyConnectedTensorProduct(256x0e+256x1o+256x2e x 4x0e -> 256x0e | 262144 paths | 262144 weights)
      (reshape): reshape_irreps()
    )
  )
  (products): ModuleList(
    (0): EquivariantProductBasisBlock(
      (symmetric_contractions): SymmetricContraction(
        (contractions): ModuleList(
          (0): Contraction(
            (contractions_weighting): ModuleList(
              (0-1): 2 x GraphModule()
            )
            (contractions_features): ModuleList(
              (0-1): 2 x GraphModule()
            )
            (weights): ParameterList(
                (0): Parameter containing: [torch.float64 of size 4x4x256 (cuda:0)]
                (1): Parameter containing: [torch.float64 of size 4x1x256 (cuda:0)]
            )
            (graph_opt_main): GraphModule()
          )
          (1): Contraction(
            (contractions_weighting): ModuleList(
              (0-1): 2 x GraphModule()
            )
            (contractions_features): ModuleList(
              (0-1): 2 x GraphModule()
            )
            (weights): ParameterList(
                (0): Parameter containing: [torch.float64 of size 4x6x256 (cuda:0)]
                (1): Parameter containing: [torch.float64 of size 4x1x256 (cuda:0)]
            )
            (graph_opt_main): GraphModule()
          )
          (2): Contraction(
            (contractions_weighting): ModuleList(
              (0-1): 2 x GraphModule()
            )
            (contractions_features): ModuleList(
              (0-1): 2 x GraphModule()
            )
            (weights): ParameterList(
                (0): Parameter containing: [torch.float64 of size 4x7x256 (cuda:0)]
                (1): Parameter containing: [torch.float64 of size 4x1x256 (cuda:0)]
            )
            (graph_opt_main): GraphModule()
          )
        )
      )
      (linear): Linear(256x0e+256x1o+256x2e -> 256x0e+256x1o+256x2e | 196608 weights)
    )
    (1): EquivariantProductBasisBlock(
      (symmetric_contractions): SymmetricContraction(
        (contractions): ModuleList(
          (0): Contraction(
            (contractions_weighting): ModuleList(
              (0-1): 2 x GraphModule()
            )
            (contractions_features): ModuleList(
              (0-1): 2 x GraphModule()
            )
            (weights): ParameterList(
                (0): Parameter containing: [torch.float64 of size 4x4x256 (cuda:0)]
                (1): Parameter containing: [torch.float64 of size 4x1x256 (cuda:0)]
            )
            (graph_opt_main): GraphModule()
          )
        )
      )
      (linear): Linear(256x0e -> 256x0e | 65536 weights)
    )
  )
  (readouts): ModuleList(
    (0): LinearReadoutBlock(
      (linear): Linear(256x0e+256x1o+256x2e -> 1x0e | 256 weights)
    )
    (1): NonLinearReadoutBlock(
      (linear_1): Linear(256x0e -> 16x0e | 4096 weights)
      (non_linearity): Activation [x] (16x0e -> 16x0e)
      (linear_2): Linear(16x0e -> 1x0e | 16 weights)
    )
  )
  (scale_shift): ScaleShiftBlock(scale=0.950515, shift=-4.873102)
)
2025-01-16 23:15:15.577 INFO: Number of parameters: 2983184
2025-01-16 23:15:15.578 INFO: Optimizer: Adam (
Parameter Group 0
    amsgrad: True
    betas: (0.9, 0.999)
    capturable: False
    differentiable: False
    eps: 1e-08
    foreach: None
    fused: None
    lr: 0.01
    maximize: False
    name: embedding
    weight_decay: 0.0

Parameter Group 1
    amsgrad: True
    betas: (0.9, 0.999)
    capturable: False
    differentiable: False
    eps: 1e-08
    foreach: None
    fused: None
    lr: 0.01
    maximize: False
    name: interactions_decay
    weight_decay: 5e-07

Parameter Group 2
    amsgrad: True
    betas: (0.9, 0.999)
    capturable: False
    differentiable: False
    eps: 1e-08
    foreach: None
    fused: None
    lr: 0.01
    maximize: False
    name: interactions_no_decay
    weight_decay: 0.0

Parameter Group 3
    amsgrad: True
    betas: (0.9, 0.999)
    capturable: False
    differentiable: False
    eps: 1e-08
    foreach: None
    fused: None
    lr: 0.01
    maximize: False
    name: products
    weight_decay: 5e-07

Parameter Group 4
    amsgrad: True
    betas: (0.9, 0.999)
    capturable: False
    differentiable: False
    eps: 1e-08
    foreach: None
    fused: None
    lr: 0.01
    maximize: False
    name: readouts
    weight_decay: 0.0
)
2025-01-16 23:15:15.578 INFO: Using gradient clipping with tolerance=10.000
2025-01-16 23:15:15.578 INFO: Started training
2025-01-16 23:15:27.900 INFO: Epoch None: loss=863.1488, RMSE_E=4122.9 meV, RMSE_F=919.9 meV / A
2025-01-16 23:15:55.648 INFO: Epoch 0: loss=50.9556, RMSE_E=455.9 meV, RMSE_F=225.3 meV / A
2025-01-16 23:16:18.277 INFO: Epoch 2: loss=8.2273, RMSE_E=57.6 meV, RMSE_F=90.7 meV / A
2025-01-16 23:16:40.935 INFO: Epoch 4: loss=4.2956, RMSE_E=25.4 meV, RMSE_F=65.5 meV / A
2025-01-16 23:17:03.551 INFO: Epoch 6: loss=2.9227, RMSE_E=31.7 meV, RMSE_F=54.1 meV / A
2025-01-16 23:17:26.192 INFO: Epoch 8: loss=2.3421, RMSE_E=56.3 meV, RMSE_F=48.4 meV / A
2025-01-16 23:17:48.753 INFO: Epoch 10: loss=1.9064, RMSE_E=29.6 meV, RMSE_F=43.7 meV / A
2025-01-16 23:18:11.410 INFO: Epoch 12: loss=1.6143, RMSE_E=19.9 meV, RMSE_F=40.2 meV / A
2025-01-16 23:18:34.086 INFO: Epoch 14: loss=1.3909, RMSE_E=22.5 meV, RMSE_F=37.3 meV / A
2025-01-16 23:18:57.008 INFO: Epoch 16: loss=1.2031, RMSE_E=18.3 meV, RMSE_F=34.7 meV / A
2025-01-16 23:19:19.304 INFO: Epoch 18: loss=1.0141, RMSE_E=17.2 meV, RMSE_F=31.8 meV / A
2025-01-16 23:19:41.284 INFO: Epoch 20: loss=0.9480, RMSE_E=21.5 meV, RMSE_F=30.8 meV / A
2025-01-16 23:20:03.376 INFO: Epoch 22: loss=0.8664, RMSE_E=13.8 meV, RMSE_F=29.4 meV / A
2025-01-16 23:20:25.852 INFO: Epoch 24: loss=0.7804, RMSE_E=13.0 meV, RMSE_F=27.9 meV / A
2025-01-16 23:20:48.114 INFO: Epoch 26: loss=0.7232, RMSE_E=11.7 meV, RMSE_F=26.9 meV / A
2025-01-16 23:21:10.431 INFO: Epoch 28: loss=0.6639, RMSE_E=14.4 meV, RMSE_F=25.8 meV / A
2025-01-16 23:21:32.787 INFO: Epoch 30: loss=0.6324, RMSE_E=12.8 meV, RMSE_F=25.1 meV / A
2025-01-16 23:21:55.158 INFO: Epoch 32: loss=0.5687, RMSE_E=10.9 meV, RMSE_F=23.8 meV / A
2025-01-16 23:22:17.612 INFO: Epoch 34: loss=0.5469, RMSE_E=19.2 meV, RMSE_F=23.4 meV / A
2025-01-16 23:22:40.022 INFO: Epoch 36: loss=0.5369, RMSE_E=16.1 meV, RMSE_F=23.2 meV / A
2025-01-16 23:23:02.440 INFO: Epoch 38: loss=0.4997, RMSE_E=11.4 meV, RMSE_F=22.4 meV / A
2025-01-16 23:23:24.861 INFO: Epoch 40: loss=0.4886, RMSE_E=9.6 meV, RMSE_F=22.1 meV / A
2025-01-16 23:23:47.300 INFO: Epoch 42: loss=0.4527, RMSE_E=9.5 meV, RMSE_F=21.3 meV / A
2025-01-16 23:24:09.820 INFO: Epoch 44: loss=0.4411, RMSE_E=9.7 meV, RMSE_F=21.0 meV / A
2025-01-16 23:24:32.258 INFO: Epoch 46: loss=0.4166, RMSE_E=15.5 meV, RMSE_F=20.4 meV / A
2025-01-16 23:24:54.721 INFO: Epoch 48: loss=0.4122, RMSE_E=8.2 meV, RMSE_F=20.3 meV / A
2025-01-16 23:25:17.234 INFO: Epoch 50: loss=0.3966, RMSE_E=8.3 meV, RMSE_F=19.9 meV / A
2025-01-16 23:25:39.783 INFO: Epoch 52: loss=0.3736, RMSE_E=9.2 meV, RMSE_F=19.3 meV / A
2025-01-16 23:26:02.363 INFO: Epoch 54: loss=0.3680, RMSE_E=8.1 meV, RMSE_F=19.2 meV / A
2025-01-16 23:26:24.919 INFO: Epoch 56: loss=0.3497, RMSE_E=8.2 meV, RMSE_F=18.7 meV / A
2025-01-16 23:26:47.463 INFO: Epoch 58: loss=0.3583, RMSE_E=12.6 meV, RMSE_F=18.9 meV / A
2025-01-16 23:27:09.811 INFO: Epoch 60: loss=0.3394, RMSE_E=7.7 meV, RMSE_F=18.4 meV / A
2025-01-16 23:27:32.362 INFO: Epoch 62: loss=0.3344, RMSE_E=11.3 meV, RMSE_F=18.3 meV / A
2025-01-16 23:27:54.918 INFO: Epoch 64: loss=0.3283, RMSE_E=9.5 meV, RMSE_F=18.1 meV / A
2025-01-16 23:28:17.528 INFO: Epoch 66: loss=0.3148, RMSE_E=8.3 meV, RMSE_F=17.7 meV / A
2025-01-16 23:28:40.063 INFO: Epoch 68: loss=0.3015, RMSE_E=7.0 meV, RMSE_F=17.4 meV / A
2025-01-16 23:29:02.666 INFO: Epoch 70: loss=0.2865, RMSE_E=6.8 meV, RMSE_F=16.9 meV / A
2025-01-16 23:29:25.210 INFO: Epoch 72: loss=0.2794, RMSE_E=7.3 meV, RMSE_F=16.7 meV / A
2025-01-16 23:29:47.759 INFO: Epoch 74: loss=0.2747, RMSE_E=6.7 meV, RMSE_F=16.6 meV / A
2025-01-16 23:30:10.309 INFO: Epoch 76: loss=0.2621, RMSE_E=7.4 meV, RMSE_F=16.2 meV / A
2025-01-16 23:30:32.296 INFO: Epoch 78: loss=0.2563, RMSE_E=7.3 meV, RMSE_F=16.0 meV / A
2025-01-16 23:30:54.297 INFO: Epoch 80: loss=0.2481, RMSE_E=8.6 meV, RMSE_F=15.7 meV / A
2025-01-16 23:31:16.303 INFO: Epoch 82: loss=0.2432, RMSE_E=7.3 meV, RMSE_F=15.6 meV / A
2025-01-16 23:31:38.297 INFO: Epoch 84: loss=0.2364, RMSE_E=6.8 meV, RMSE_F=15.4 meV / A
2025-01-16 23:32:00.281 INFO: Epoch 86: loss=0.2287, RMSE_E=6.6 meV, RMSE_F=15.1 meV / A
2025-01-16 23:32:22.276 INFO: Epoch 88: loss=0.2328, RMSE_E=6.9 meV, RMSE_F=15.3 meV / A
2025-01-16 23:32:44.044 INFO: Epoch 90: loss=0.2294, RMSE_E=6.4 meV, RMSE_F=15.1 meV / A
2025-01-16 23:33:05.844 INFO: Epoch 92: loss=0.2199, RMSE_E=6.8 meV, RMSE_F=14.8 meV / A
2025-01-16 23:33:27.834 INFO: Epoch 94: loss=0.2163, RMSE_E=7.0 meV, RMSE_F=14.7 meV / A
2025-01-16 23:33:49.848 INFO: Epoch 96: loss=0.2123, RMSE_E=5.8 meV, RMSE_F=14.6 meV / A
2025-01-16 23:34:11.842 INFO: Epoch 98: loss=0.2138, RMSE_E=6.9 meV, RMSE_F=14.6 meV / A
2025-01-16 23:34:33.622 INFO: Epoch 100: loss=0.2099, RMSE_E=7.6 meV, RMSE_F=14.5 meV / A
2025-01-16 23:34:55.603 INFO: Epoch 102: loss=0.2040, RMSE_E=5.9 meV, RMSE_F=14.3 meV / A
2025-01-16 23:35:17.608 INFO: Epoch 104: loss=0.2009, RMSE_E=5.7 meV, RMSE_F=14.2 meV / A
2025-01-16 23:35:39.600 INFO: Epoch 106: loss=0.1934, RMSE_E=5.4 meV, RMSE_F=13.9 meV / A
2025-01-16 23:36:01.621 INFO: Epoch 108: loss=0.1888, RMSE_E=6.1 meV, RMSE_F=13.7 meV / A
2025-01-16 23:36:23.601 INFO: Epoch 110: loss=0.1868, RMSE_E=5.7 meV, RMSE_F=13.7 meV / A
2025-01-16 23:36:45.588 INFO: Epoch 112: loss=0.1840, RMSE_E=5.7 meV, RMSE_F=13.6 meV / A
2025-01-16 23:37:07.577 INFO: Epoch 114: loss=0.1828, RMSE_E=5.2 meV, RMSE_F=13.5 meV / A
2025-01-16 23:37:29.575 INFO: Epoch 116: loss=0.1900, RMSE_E=6.5 meV, RMSE_F=13.8 meV / A
2025-01-16 23:37:51.349 INFO: Epoch 118: loss=0.1808, RMSE_E=5.2 meV, RMSE_F=13.4 meV / A
2025-01-16 23:38:14.116 INFO: Epoch 120: loss=0.1761, RMSE_E=5.2 meV, RMSE_F=13.3 meV / A
2025-01-16 23:38:37.975 INFO: Epoch 122: loss=0.1742, RMSE_E=5.1 meV, RMSE_F=13.2 meV / A
2025-01-16 23:39:01.266 INFO: Epoch 124: loss=0.1732, RMSE_E=5.3 meV, RMSE_F=13.2 meV / A
2025-01-16 23:39:24.455 INFO: Epoch 126: loss=0.1692, RMSE_E=5.1 meV, RMSE_F=13.0 meV / A
2025-01-16 23:39:47.697 INFO: Epoch 128: loss=0.1653, RMSE_E=4.9 meV, RMSE_F=12.9 meV / A
2025-01-16 23:40:11.004 INFO: Epoch 130: loss=0.1621, RMSE_E=5.3 meV, RMSE_F=12.7 meV / A
2025-01-16 23:40:34.312 INFO: Epoch 132: loss=0.1610, RMSE_E=5.1 meV, RMSE_F=12.7 meV / A
2025-01-16 23:40:57.370 INFO: Epoch 134: loss=0.1592, RMSE_E=5.1 meV, RMSE_F=12.6 meV / A
2025-01-16 23:41:20.541 INFO: Epoch 136: loss=0.1570, RMSE_E=4.7 meV, RMSE_F=12.5 meV / A
2025-01-16 23:41:43.726 INFO: Epoch 138: loss=0.1540, RMSE_E=4.6 meV, RMSE_F=12.4 meV / A
2025-01-16 23:42:06.855 INFO: Epoch 140: loss=0.1523, RMSE_E=4.8 meV, RMSE_F=12.3 meV / A
2025-01-16 23:42:30.158 INFO: Epoch 142: loss=0.1514, RMSE_E=4.4 meV, RMSE_F=12.3 meV / A
2025-01-16 23:42:53.283 INFO: Epoch 144: loss=0.1522, RMSE_E=4.5 meV, RMSE_F=12.3 meV / A
2025-01-16 23:43:16.245 INFO: Epoch 146: loss=0.1504, RMSE_E=4.9 meV, RMSE_F=12.3 meV / A
2025-01-16 23:43:39.542 INFO: Epoch 148: loss=0.1477, RMSE_E=4.5 meV, RMSE_F=12.2 meV / A
2025-01-16 23:44:02.662 INFO: Epoch 150: loss=0.1454, RMSE_E=4.6 meV, RMSE_F=12.1 meV / A
2025-01-16 23:44:25.831 INFO: Epoch 152: loss=0.1437, RMSE_E=4.3 meV, RMSE_F=12.0 meV / A
2025-01-16 23:44:48.893 INFO: Epoch 154: loss=0.1426, RMSE_E=4.3 meV, RMSE_F=11.9 meV / A
2025-01-16 23:45:12.038 INFO: Epoch 156: loss=0.1408, RMSE_E=4.3 meV, RMSE_F=11.9 meV / A
2025-01-16 23:45:35.199 INFO: Epoch 158: loss=0.1396, RMSE_E=4.2 meV, RMSE_F=11.8 meV / A
2025-01-16 23:45:58.295 INFO: Epoch 160: loss=0.1411, RMSE_E=4.3 meV, RMSE_F=11.9 meV / A
2025-01-16 23:46:21.274 INFO: Epoch 162: loss=0.1379, RMSE_E=4.3 meV, RMSE_F=11.7 meV / A
2025-01-16 23:46:44.140 INFO: Epoch 164: loss=0.1366, RMSE_E=4.3 meV, RMSE_F=11.7 meV / A
2025-01-16 23:47:07.063 INFO: Epoch 166: loss=0.1377, RMSE_E=4.2 meV, RMSE_F=11.7 meV / A
2025-01-16 23:47:29.917 INFO: Epoch 168: loss=0.1361, RMSE_E=4.2 meV, RMSE_F=11.7 meV / A
2025-01-16 23:47:53.032 INFO: Epoch 170: loss=0.1352, RMSE_E=4.0 meV, RMSE_F=11.6 meV / A
2025-01-16 23:48:16.081 INFO: Epoch 172: loss=0.1350, RMSE_E=4.0 meV, RMSE_F=11.6 meV / A
2025-01-16 23:48:39.157 INFO: Epoch 174: loss=0.1357, RMSE_E=4.3 meV, RMSE_F=11.6 meV / A
2025-01-16 23:49:01.900 INFO: Epoch 176: loss=0.1315, RMSE_E=4.1 meV, RMSE_F=11.5 meV / A
2025-01-16 23:49:24.772 INFO: Epoch 178: loss=0.1323, RMSE_E=4.1 meV, RMSE_F=11.5 meV / A
2025-01-16 23:49:47.571 INFO: Epoch 180: loss=0.1323, RMSE_E=3.8 meV, RMSE_F=11.5 meV / A
2025-01-16 23:50:10.332 INFO: Epoch 182: loss=0.1340, RMSE_E=4.1 meV, RMSE_F=11.6 meV / A
2025-01-16 23:50:32.875 INFO: Epoch 184: loss=0.1320, RMSE_E=3.9 meV, RMSE_F=11.5 meV / A
2025-01-16 23:50:55.423 INFO: Epoch 186: loss=0.1289, RMSE_E=4.1 meV, RMSE_F=11.4 meV / A
2025-01-16 23:51:18.499 INFO: Epoch 188: loss=0.1275, RMSE_E=3.8 meV, RMSE_F=11.3 meV / A
2025-01-16 23:51:41.610 INFO: Epoch 190: loss=0.1273, RMSE_E=3.9 meV, RMSE_F=11.3 meV / A
2025-01-16 23:52:04.716 INFO: Epoch 192: loss=0.1275, RMSE_E=3.8 meV, RMSE_F=11.3 meV / A
2025-01-16 23:52:27.309 INFO: Epoch 194: loss=0.1269, RMSE_E=3.9 meV, RMSE_F=11.3 meV / A
2025-01-16 23:52:50.466 INFO: Epoch 196: loss=0.1278, RMSE_E=3.8 meV, RMSE_F=11.3 meV / A
2025-01-16 23:53:13.262 INFO: Epoch 198: loss=0.1254, RMSE_E=3.8 meV, RMSE_F=11.2 meV / A
2025-01-16 23:53:36.235 INFO: Epoch 200: loss=0.1248, RMSE_E=3.9 meV, RMSE_F=11.2 meV / A
2025-01-16 23:53:59.169 INFO: Epoch 202: loss=0.1252, RMSE_E=3.8 meV, RMSE_F=11.2 meV / A
2025-01-16 23:54:21.640 INFO: Epoch 204: loss=0.1243, RMSE_E=3.6 meV, RMSE_F=11.2 meV / A
2025-01-16 23:54:44.399 INFO: Epoch 206: loss=0.1260, RMSE_E=3.8 meV, RMSE_F=11.2 meV / A
2025-01-16 23:55:06.879 INFO: Epoch 208: loss=0.1232, RMSE_E=3.6 meV, RMSE_F=11.1 meV / A
2025-01-16 23:55:29.663 INFO: Epoch 210: loss=0.1234, RMSE_E=3.7 meV, RMSE_F=11.1 meV / A
2025-01-16 23:55:52.145 INFO: Epoch 212: loss=0.1230, RMSE_E=3.7 meV, RMSE_F=11.1 meV / A
2025-01-16 23:56:14.859 INFO: Epoch 214: loss=0.1211, RMSE_E=3.7 meV, RMSE_F=11.0 meV / A
2025-01-16 23:56:37.610 INFO: Epoch 216: loss=0.1212, RMSE_E=3.7 meV, RMSE_F=11.0 meV / A
2025-01-16 23:57:00.123 INFO: Epoch 218: loss=0.1209, RMSE_E=3.5 meV, RMSE_F=11.0 meV / A
2025-01-16 23:57:23.214 INFO: Epoch 220: loss=0.1185, RMSE_E=3.6 meV, RMSE_F=10.9 meV / A
2025-01-16 23:57:46.159 INFO: Epoch 222: loss=0.1216, RMSE_E=4.1 meV, RMSE_F=11.0 meV / A
2025-01-16 23:58:08.940 INFO: Epoch 224: loss=0.1198, RMSE_E=3.7 meV, RMSE_F=10.9 meV / A
2025-01-16 23:58:31.658 INFO: Epoch 226: loss=0.1189, RMSE_E=3.5 meV, RMSE_F=10.9 meV / A
2025-01-16 23:58:54.389 INFO: Epoch 228: loss=0.1178, RMSE_E=3.8 meV, RMSE_F=10.9 meV / A
2025-01-16 23:59:17.394 INFO: Epoch 230: loss=0.1170, RMSE_E=3.3 meV, RMSE_F=10.8 meV / A
2025-01-16 23:59:40.339 INFO: Epoch 232: loss=0.1174, RMSE_E=3.3 meV, RMSE_F=10.8 meV / A
2025-01-17 00:00:03.083 INFO: Epoch 234: loss=0.1163, RMSE_E=3.4 meV, RMSE_F=10.8 meV / A
2025-01-17 00:00:26.165 INFO: Epoch 236: loss=0.1156, RMSE_E=3.6 meV, RMSE_F=10.8 meV / A
2025-01-17 00:00:49.327 INFO: Epoch 238: loss=0.1159, RMSE_E=3.5 meV, RMSE_F=10.8 meV / A
2025-01-17 00:01:12.008 INFO: Epoch 240: loss=0.1150, RMSE_E=3.6 meV, RMSE_F=10.7 meV / A
2025-01-17 00:01:34.776 INFO: Epoch 242: loss=0.1136, RMSE_E=3.6 meV, RMSE_F=10.7 meV / A
2025-01-17 00:01:57.512 INFO: Epoch 244: loss=0.1121, RMSE_E=3.4 meV, RMSE_F=10.6 meV / A
2025-01-17 00:02:20.228 INFO: Epoch 246: loss=0.1120, RMSE_E=3.4 meV, RMSE_F=10.6 meV / A
2025-01-17 00:02:43.097 INFO: Epoch 248: loss=0.1114, RMSE_E=3.3 meV, RMSE_F=10.6 meV / A
2025-01-17 00:03:06.120 INFO: Epoch 250: loss=0.1117, RMSE_E=3.3 meV, RMSE_F=10.6 meV / A
2025-01-17 00:03:28.830 INFO: Epoch 252: loss=0.1105, RMSE_E=3.5 meV, RMSE_F=10.5 meV / A
2025-01-17 00:03:51.920 INFO: Epoch 254: loss=0.1095, RMSE_E=3.3 meV, RMSE_F=10.5 meV / A
2025-01-17 00:04:15.173 INFO: Epoch 256: loss=0.1148, RMSE_E=3.6 meV, RMSE_F=10.7 meV / A
2025-01-17 00:04:37.990 INFO: Epoch 258: loss=0.1123, RMSE_E=3.5 meV, RMSE_F=10.6 meV / A
2025-01-17 00:05:00.793 INFO: Epoch 260: loss=0.1108, RMSE_E=3.3 meV, RMSE_F=10.5 meV / A
2025-01-17 00:05:23.626 INFO: Epoch 262: loss=0.1102, RMSE_E=3.2 meV, RMSE_F=10.5 meV / A
2025-01-17 00:05:46.453 INFO: Epoch 264: loss=0.1098, RMSE_E=3.5 meV, RMSE_F=10.5 meV / A
2025-01-17 00:06:09.286 INFO: Epoch 266: loss=0.1101, RMSE_E=3.8 meV, RMSE_F=10.5 meV / A
2025-01-17 00:06:32.076 INFO: Epoch 268: loss=0.1094, RMSE_E=3.4 meV, RMSE_F=10.5 meV / A
2025-01-17 00:06:55.044 INFO: Epoch 270: loss=0.1083, RMSE_E=3.5 meV, RMSE_F=10.4 meV / A
2025-01-17 00:07:18.165 INFO: Epoch 272: loss=0.1094, RMSE_E=3.4 meV, RMSE_F=10.5 meV / A
2025-01-17 00:07:40.764 INFO: Epoch 274: loss=0.1075, RMSE_E=3.4 meV, RMSE_F=10.4 meV / A
2025-01-17 00:08:03.849 INFO: Epoch 276: loss=0.1075, RMSE_E=3.3 meV, RMSE_F=10.4 meV / A
2025-01-17 00:08:26.956 INFO: Epoch 278: loss=0.1096, RMSE_E=3.6 meV, RMSE_F=10.5 meV / A
2025-01-17 00:08:49.807 INFO: Epoch 280: loss=0.1090, RMSE_E=3.4 meV, RMSE_F=10.4 meV / A
2025-01-17 00:09:12.701 INFO: Epoch 282: loss=0.1072, RMSE_E=3.4 meV, RMSE_F=10.4 meV / A
2025-01-17 00:09:35.727 INFO: Epoch 284: loss=0.1074, RMSE_E=3.3 meV, RMSE_F=10.4 meV / A
2025-01-17 00:09:58.325 INFO: Epoch 286: loss=0.1073, RMSE_E=3.1 meV, RMSE_F=10.4 meV / A
2025-01-17 00:10:21.228 INFO: Epoch 288: loss=0.1061, RMSE_E=3.2 meV, RMSE_F=10.3 meV / A
2025-01-17 00:10:44.379 INFO: Epoch 290: loss=0.1087, RMSE_E=3.6 meV, RMSE_F=10.4 meV / A
2025-01-17 00:11:06.981 INFO: Epoch 292: loss=0.1079, RMSE_E=3.3 meV, RMSE_F=10.4 meV / A
2025-01-17 00:11:29.923 INFO: Epoch 294: loss=0.1062, RMSE_E=3.2 meV, RMSE_F=10.3 meV / A
2025-01-17 00:11:52.736 INFO: Epoch 296: loss=0.1060, RMSE_E=3.2 meV, RMSE_F=10.3 meV / A
2025-01-17 00:12:15.817 INFO: Epoch 298: loss=0.1062, RMSE_E=3.3 meV, RMSE_F=10.3 meV / A
2025-01-17 00:12:38.622 INFO: Epoch 300: loss=0.1054, RMSE_E=3.2 meV, RMSE_F=10.3 meV / A
2025-01-17 00:13:01.719 INFO: Epoch 302: loss=0.1064, RMSE_E=3.3 meV, RMSE_F=10.3 meV / A
2025-01-17 00:13:24.329 INFO: Epoch 304: loss=0.1061, RMSE_E=3.2 meV, RMSE_F=10.3 meV / A
2025-01-17 00:13:46.854 INFO: Epoch 306: loss=0.1059, RMSE_E=3.3 meV, RMSE_F=10.3 meV / A
2025-01-17 00:14:09.589 INFO: Epoch 308: loss=0.1044, RMSE_E=3.4 meV, RMSE_F=10.2 meV / A
2025-01-17 00:14:32.306 INFO: Epoch 310: loss=0.1034, RMSE_E=3.2 meV, RMSE_F=10.2 meV / A
2025-01-17 00:14:55.119 INFO: Epoch 312: loss=0.1037, RMSE_E=3.3 meV, RMSE_F=10.2 meV / A
2025-01-17 00:15:17.821 INFO: Epoch 314: loss=0.1030, RMSE_E=3.2 meV, RMSE_F=10.1 meV / A
2025-01-17 00:15:40.845 INFO: Epoch 316: loss=0.1037, RMSE_E=3.3 meV, RMSE_F=10.2 meV / A
2025-01-17 00:16:03.609 INFO: Epoch 318: loss=0.1043, RMSE_E=3.4 meV, RMSE_F=10.2 meV / A
2025-01-17 00:16:26.428 INFO: Epoch 320: loss=0.1030, RMSE_E=3.5 meV, RMSE_F=10.1 meV / A
2025-01-17 00:16:49.233 INFO: Epoch 322: loss=0.1020, RMSE_E=3.2 meV, RMSE_F=10.1 meV / A
2025-01-17 00:17:12.028 INFO: Epoch 324: loss=0.1022, RMSE_E=3.2 meV, RMSE_F=10.1 meV / A
2025-01-17 00:17:34.922 INFO: Epoch 326: loss=0.1030, RMSE_E=3.3 meV, RMSE_F=10.1 meV / A
2025-01-17 00:17:57.452 INFO: Epoch 328: loss=0.1033, RMSE_E=3.3 meV, RMSE_F=10.2 meV / A
2025-01-17 00:18:19.978 INFO: Epoch 330: loss=0.1021, RMSE_E=3.4 meV, RMSE_F=10.1 meV / A
2025-01-17 00:18:42.521 INFO: Epoch 332: loss=0.1021, RMSE_E=3.4 meV, RMSE_F=10.1 meV / A
2025-01-17 00:19:05.117 INFO: Epoch 334: loss=0.1027, RMSE_E=3.3 meV, RMSE_F=10.1 meV / A
2025-01-17 00:19:27.593 INFO: Epoch 336: loss=0.1025, RMSE_E=3.5 meV, RMSE_F=10.1 meV / A
2025-01-17 00:19:50.054 INFO: Epoch 338: loss=0.1018, RMSE_E=3.4 meV, RMSE_F=10.1 meV / A
2025-01-17 00:20:12.791 INFO: Epoch 340: loss=0.1045, RMSE_E=3.4 meV, RMSE_F=10.2 meV / A
2025-01-17 00:20:35.379 INFO: Epoch 342: loss=0.1036, RMSE_E=3.5 meV, RMSE_F=10.2 meV / A
2025-01-17 00:20:57.906 INFO: Epoch 344: loss=0.1039, RMSE_E=3.3 meV, RMSE_F=10.2 meV / A
2025-01-17 00:21:20.522 INFO: Epoch 346: loss=0.1028, RMSE_E=3.2 meV, RMSE_F=10.1 meV / A
2025-01-17 00:21:43.289 INFO: Epoch 348: loss=0.1014, RMSE_E=3.2 meV, RMSE_F=10.1 meV / A
2025-01-17 00:22:06.387 INFO: Epoch 350: loss=0.1010, RMSE_E=3.2 meV, RMSE_F=10.0 meV / A
2025-01-17 00:22:29.461 INFO: Epoch 352: loss=0.1007, RMSE_E=3.3 meV, RMSE_F=10.0 meV / A
2025-01-17 00:22:52.472 INFO: Epoch 354: loss=0.0999, RMSE_E=3.2 meV, RMSE_F=10.0 meV / A
2025-01-17 00:23:15.509 INFO: Epoch 356: loss=0.1019, RMSE_E=3.1 meV, RMSE_F=10.1 meV / A
2025-01-17 00:23:38.257 INFO: Epoch 358: loss=0.1006, RMSE_E=3.0 meV, RMSE_F=10.0 meV / A
2025-01-17 00:24:01.276 INFO: Epoch 360: loss=0.1014, RMSE_E=3.2 meV, RMSE_F=10.1 meV / A
2025-01-17 00:24:23.886 INFO: Epoch 362: loss=0.1010, RMSE_E=3.3 meV, RMSE_F=10.1 meV / A
2025-01-17 00:24:46.497 INFO: Epoch 364: loss=0.1023, RMSE_E=3.3 meV, RMSE_F=10.1 meV / A
2025-01-17 00:25:09.467 INFO: Epoch 366: loss=0.1026, RMSE_E=3.2 meV, RMSE_F=10.1 meV / A
2025-01-17 00:25:32.278 INFO: Epoch 368: loss=0.1010, RMSE_E=3.2 meV, RMSE_F=10.1 meV / A
2025-01-17 00:25:55.119 INFO: Epoch 370: loss=0.0998, RMSE_E=3.2 meV, RMSE_F=10.0 meV / A
2025-01-17 00:26:18.158 INFO: Epoch 372: loss=0.1000, RMSE_E=3.2 meV, RMSE_F=10.0 meV / A
2025-01-17 00:26:40.955 INFO: Epoch 374: loss=0.1001, RMSE_E=3.1 meV, RMSE_F=10.0 meV / A
2025-01-17 00:27:03.941 INFO: Epoch 376: loss=0.0995, RMSE_E=3.3 meV, RMSE_F=10.0 meV / A
2025-01-17 00:27:27.250 INFO: Epoch 378: loss=0.0989, RMSE_E=3.1 meV, RMSE_F=9.9 meV / A
2025-01-17 00:27:50.052 INFO: Epoch 380: loss=0.1001, RMSE_E=3.2 meV, RMSE_F=10.0 meV / A
2025-01-17 00:28:12.691 INFO: Epoch 382: loss=0.0997, RMSE_E=3.1 meV, RMSE_F=10.0 meV / A
2025-01-17 00:28:35.264 INFO: Epoch 384: loss=0.1003, RMSE_E=3.1 meV, RMSE_F=10.0 meV / A
2025-01-17 00:28:57.853 INFO: Epoch 386: loss=0.1003, RMSE_E=3.2 meV, RMSE_F=10.0 meV / A
2025-01-17 00:29:20.454 INFO: Epoch 388: loss=0.0991, RMSE_E=3.1 meV, RMSE_F=10.0 meV / A
2025-01-17 00:29:43.030 INFO: Epoch 390: loss=0.0992, RMSE_E=3.2 meV, RMSE_F=10.0 meV / A
2025-01-17 00:30:05.707 INFO: Epoch 392: loss=0.0990, RMSE_E=3.2 meV, RMSE_F=9.9 meV / A
2025-01-17 00:30:28.499 INFO: Epoch 394: loss=0.0991, RMSE_E=3.2 meV, RMSE_F=10.0 meV / A
2025-01-17 00:30:51.625 INFO: Epoch 396: loss=0.0990, RMSE_E=3.3 meV, RMSE_F=9.9 meV / A
2025-01-17 00:31:14.324 INFO: Epoch 398: loss=0.0989, RMSE_E=3.1 meV, RMSE_F=9.9 meV / A
2025-01-17 00:31:36.795 INFO: Epoch 400: loss=0.0987, RMSE_E=3.2 meV, RMSE_F=9.9 meV / A
2025-01-17 00:31:59.728 INFO: Epoch 402: loss=0.0984, RMSE_E=3.2 meV, RMSE_F=9.9 meV / A
2025-01-17 00:32:22.797 INFO: Epoch 404: loss=0.1002, RMSE_E=3.2 meV, RMSE_F=10.0 meV / A
2025-01-17 00:32:45.358 INFO: Epoch 406: loss=0.0984, RMSE_E=3.2 meV, RMSE_F=9.9 meV / A
2025-01-17 00:33:08.081 INFO: Epoch 408: loss=0.0985, RMSE_E=3.2 meV, RMSE_F=9.9 meV / A
2025-01-17 00:33:30.776 INFO: Epoch 410: loss=0.0986, RMSE_E=3.2 meV, RMSE_F=9.9 meV / A
2025-01-17 00:33:53.497 INFO: Epoch 412: loss=0.0967, RMSE_E=3.0 meV, RMSE_F=9.8 meV / A
2025-01-17 00:34:16.901 INFO: Epoch 414: loss=0.0975, RMSE_E=3.1 meV, RMSE_F=9.9 meV / A
2025-01-17 00:34:39.699 INFO: Epoch 416: loss=0.0972, RMSE_E=3.1 meV, RMSE_F=9.9 meV / A
2025-01-17 00:35:02.527 INFO: Epoch 418: loss=0.0965, RMSE_E=3.0 meV, RMSE_F=9.8 meV / A
2025-01-17 00:35:25.561 INFO: Epoch 420: loss=0.0962, RMSE_E=3.0 meV, RMSE_F=9.8 meV / A
2025-01-17 00:35:48.514 INFO: Epoch 422: loss=0.0968, RMSE_E=3.1 meV, RMSE_F=9.8 meV / A
2025-01-17 00:36:11.294 INFO: Epoch 424: loss=0.0974, RMSE_E=3.1 meV, RMSE_F=9.9 meV / A
2025-01-17 00:36:33.840 INFO: Epoch 426: loss=0.0972, RMSE_E=3.1 meV, RMSE_F=9.9 meV / A
2025-01-17 00:36:56.314 INFO: Epoch 428: loss=0.0961, RMSE_E=3.0 meV, RMSE_F=9.8 meV / A
2025-01-17 00:37:19.209 INFO: Epoch 430: loss=0.0969, RMSE_E=3.0 meV, RMSE_F=9.8 meV / A
2025-01-17 00:37:42.170 INFO: Epoch 432: loss=0.0958, RMSE_E=3.2 meV, RMSE_F=9.8 meV / A
2025-01-17 00:38:04.963 INFO: Epoch 434: loss=0.0969, RMSE_E=3.4 meV, RMSE_F=9.8 meV / A
2025-01-17 00:38:27.448 INFO: Epoch 436: loss=0.0964, RMSE_E=3.2 meV, RMSE_F=9.8 meV / A
2025-01-17 00:38:50.203 INFO: Epoch 438: loss=0.0978, RMSE_E=3.0 meV, RMSE_F=9.9 meV / A
2025-01-17 00:39:12.973 INFO: Epoch 440: loss=0.0958, RMSE_E=2.9 meV, RMSE_F=9.8 meV / A
2025-01-17 00:39:35.686 INFO: Epoch 442: loss=0.0959, RMSE_E=3.0 meV, RMSE_F=9.8 meV / A
2025-01-17 00:39:58.434 INFO: Epoch 444: loss=0.0967, RMSE_E=3.1 meV, RMSE_F=9.8 meV / A
2025-01-17 00:40:21.199 INFO: Epoch 446: loss=0.0983, RMSE_E=3.1 meV, RMSE_F=9.9 meV / A
2025-01-17 00:40:43.904 INFO: Epoch 448: loss=0.0976, RMSE_E=3.3 meV, RMSE_F=9.9 meV / A
2025-01-17 00:41:06.682 INFO: Epoch 450: loss=0.0975, RMSE_E=3.3 meV, RMSE_F=9.9 meV / A
2025-01-17 00:41:29.489 INFO: Epoch 452: loss=0.0971, RMSE_E=3.1 meV, RMSE_F=9.9 meV / A
2025-01-17 00:41:52.212 INFO: Epoch 454: loss=0.0956, RMSE_E=3.0 meV, RMSE_F=9.8 meV / A
2025-01-17 00:42:15.386 INFO: Epoch 456: loss=0.0939, RMSE_E=3.0 meV, RMSE_F=9.7 meV / A
2025-01-17 00:42:38.526 INFO: Epoch 458: loss=0.0949, RMSE_E=3.1 meV, RMSE_F=9.7 meV / A
2025-01-17 00:43:01.533 INFO: Epoch 460: loss=0.0956, RMSE_E=3.1 meV, RMSE_F=9.8 meV / A
2025-01-17 00:43:24.198 INFO: Epoch 462: loss=0.0948, RMSE_E=3.1 meV, RMSE_F=9.7 meV / A
2025-01-17 00:43:46.815 INFO: Epoch 464: loss=0.0942, RMSE_E=3.1 meV, RMSE_F=9.7 meV / A
2025-01-17 00:44:09.299 INFO: Epoch 466: loss=0.0942, RMSE_E=3.0 meV, RMSE_F=9.7 meV / A
2025-01-17 00:44:31.985 INFO: Epoch 468: loss=0.0944, RMSE_E=3.1 meV, RMSE_F=9.7 meV / A
2025-01-17 00:44:54.973 INFO: Epoch 470: loss=0.0940, RMSE_E=3.0 meV, RMSE_F=9.7 meV / A
2025-01-17 00:45:17.869 INFO: Epoch 472: loss=0.0944, RMSE_E=2.9 meV, RMSE_F=9.7 meV / A
2025-01-17 00:45:40.674 INFO: Epoch 474: loss=0.0935, RMSE_E=2.9 meV, RMSE_F=9.7 meV / A
2025-01-17 00:46:03.642 INFO: Epoch 476: loss=0.0958, RMSE_E=3.0 meV, RMSE_F=9.8 meV / A
2025-01-17 00:46:26.358 INFO: Epoch 478: loss=0.0951, RMSE_E=2.9 meV, RMSE_F=9.8 meV / A
2025-01-17 00:46:48.862 INFO: Epoch 480: loss=0.0962, RMSE_E=3.0 meV, RMSE_F=9.8 meV / A
2025-01-17 00:47:11.487 INFO: Epoch 482: loss=0.0951, RMSE_E=3.0 meV, RMSE_F=9.8 meV / A
2025-01-17 00:47:34.202 INFO: Epoch 484: loss=0.0955, RMSE_E=3.1 meV, RMSE_F=9.8 meV / A
2025-01-17 00:47:57.032 INFO: Epoch 486: loss=0.0956, RMSE_E=2.9 meV, RMSE_F=9.8 meV / A
2025-01-17 00:48:19.866 INFO: Epoch 488: loss=0.0956, RMSE_E=3.1 meV, RMSE_F=9.8 meV / A
2025-01-17 00:48:42.772 INFO: Epoch 490: loss=0.0959, RMSE_E=3.0 meV, RMSE_F=9.8 meV / A
2025-01-17 00:49:05.540 INFO: Epoch 492: loss=0.1003, RMSE_E=3.6 meV, RMSE_F=10.0 meV / A
2025-01-17 00:49:28.308 INFO: Epoch 494: loss=0.0996, RMSE_E=3.6 meV, RMSE_F=10.0 meV / A
2025-01-17 00:49:51.075 INFO: Epoch 496: loss=0.0986, RMSE_E=3.3 meV, RMSE_F=9.9 meV / A
2025-01-17 00:50:13.838 INFO: Epoch 498: loss=0.0976, RMSE_E=3.2 meV, RMSE_F=9.9 meV / A
2025-01-17 00:50:36.558 INFO: Epoch 500: loss=0.0973, RMSE_E=3.1 meV, RMSE_F=9.9 meV / A
2025-01-17 00:50:59.284 INFO: Epoch 502: loss=0.0972, RMSE_E=3.1 meV, RMSE_F=9.9 meV / A
2025-01-17 00:51:21.735 INFO: Epoch 504: loss=0.0959, RMSE_E=3.2 meV, RMSE_F=9.8 meV / A
2025-01-17 00:51:44.341 INFO: Epoch 506: loss=0.0951, RMSE_E=3.0 meV, RMSE_F=9.8 meV / A
2025-01-17 00:52:07.080 INFO: Epoch 508: loss=0.0947, RMSE_E=3.3 meV, RMSE_F=9.7 meV / A
2025-01-17 00:52:29.844 INFO: Epoch 510: loss=0.0952, RMSE_E=3.2 meV, RMSE_F=9.8 meV / A
2025-01-17 00:52:52.594 INFO: Epoch 512: loss=0.0950, RMSE_E=3.0 meV, RMSE_F=9.7 meV / A
2025-01-17 00:53:15.351 INFO: Epoch 514: loss=0.0950, RMSE_E=3.0 meV, RMSE_F=9.7 meV / A
2025-01-17 00:53:38.104 INFO: Epoch 516: loss=0.0949, RMSE_E=3.2 meV, RMSE_F=9.7 meV / A
2025-01-17 00:54:00.825 INFO: Epoch 518: loss=0.0953, RMSE_E=3.0 meV, RMSE_F=9.8 meV / A
2025-01-17 00:54:23.578 INFO: Epoch 520: loss=0.0941, RMSE_E=3.1 meV, RMSE_F=9.7 meV / A
2025-01-17 00:54:46.341 INFO: Epoch 522: loss=0.0958, RMSE_E=3.2 meV, RMSE_F=9.8 meV / A
2025-01-17 00:55:09.112 INFO: Epoch 524: loss=0.0957, RMSE_E=3.3 meV, RMSE_F=9.8 meV / A
2025-01-17 00:55:32.057 INFO: Epoch 526: loss=0.0947, RMSE_E=3.3 meV, RMSE_F=9.7 meV / A
2025-01-17 00:55:55.042 INFO: Epoch 528: loss=0.0934, RMSE_E=3.0 meV, RMSE_F=9.7 meV / A
2025-01-17 00:56:18.264 INFO: Epoch 530: loss=0.0937, RMSE_E=3.0 meV, RMSE_F=9.7 meV / A
2025-01-17 00:56:41.231 INFO: Epoch 532: loss=0.0928, RMSE_E=3.0 meV, RMSE_F=9.6 meV / A
2025-01-17 00:57:04.392 INFO: Epoch 534: loss=0.0930, RMSE_E=3.0 meV, RMSE_F=9.6 meV / A
2025-01-17 00:57:27.201 INFO: Epoch 536: loss=0.0929, RMSE_E=2.9 meV, RMSE_F=9.6 meV / A
2025-01-17 00:57:49.983 INFO: Epoch 538: loss=0.0922, RMSE_E=2.9 meV, RMSE_F=9.6 meV / A
2025-01-17 00:58:12.815 INFO: Epoch 540: loss=0.0925, RMSE_E=2.9 meV, RMSE_F=9.6 meV / A
2025-01-17 00:58:35.326 INFO: Epoch 542: loss=0.0926, RMSE_E=2.9 meV, RMSE_F=9.6 meV / A
2025-01-17 00:58:57.795 INFO: Epoch 544: loss=0.0922, RMSE_E=2.9 meV, RMSE_F=9.6 meV / A
2025-01-17 00:59:20.570 INFO: Epoch 546: loss=0.0917, RMSE_E=2.9 meV, RMSE_F=9.6 meV / A
2025-01-17 00:59:43.338 INFO: Epoch 548: loss=0.0916, RMSE_E=2.9 meV, RMSE_F=9.6 meV / A
2025-01-17 01:00:06.032 INFO: Epoch 550: loss=0.0914, RMSE_E=2.9 meV, RMSE_F=9.6 meV / A
2025-01-17 01:00:28.709 INFO: Epoch 552: loss=0.0913, RMSE_E=2.9 meV, RMSE_F=9.6 meV / A
2025-01-17 01:00:51.384 INFO: Epoch 554: loss=0.0913, RMSE_E=2.8 meV, RMSE_F=9.6 meV / A
2025-01-17 01:01:14.155 INFO: Epoch 556: loss=0.0914, RMSE_E=2.9 meV, RMSE_F=9.6 meV / A
2025-01-17 01:01:36.870 INFO: Epoch 558: loss=0.0913, RMSE_E=2.8 meV, RMSE_F=9.6 meV / A
2025-01-17 01:01:59.384 INFO: Epoch 560: loss=0.0909, RMSE_E=2.8 meV, RMSE_F=9.5 meV / A
2025-01-17 01:02:22.094 INFO: Epoch 562: loss=0.0903, RMSE_E=2.8 meV, RMSE_F=9.5 meV / A
2025-01-17 01:02:44.735 INFO: Epoch 564: loss=0.0902, RMSE_E=2.8 meV, RMSE_F=9.5 meV / A
2025-01-17 01:03:07.391 INFO: Epoch 566: loss=0.0901, RMSE_E=2.9 meV, RMSE_F=9.5 meV / A
2025-01-17 01:03:30.022 INFO: Epoch 568: loss=0.0899, RMSE_E=2.8 meV, RMSE_F=9.5 meV / A
2025-01-17 01:03:52.789 INFO: Epoch 570: loss=0.0897, RMSE_E=2.8 meV, RMSE_F=9.5 meV / A
2025-01-17 01:04:15.755 INFO: Epoch 572: loss=0.0900, RMSE_E=2.8 meV, RMSE_F=9.5 meV / A
2025-01-17 01:04:38.422 INFO: Epoch 574: loss=0.0898, RMSE_E=2.8 meV, RMSE_F=9.5 meV / A
2025-01-17 01:05:01.111 INFO: Epoch 576: loss=0.0897, RMSE_E=2.8 meV, RMSE_F=9.5 meV / A
2025-01-17 01:05:24.055 INFO: Epoch 578: loss=0.0895, RMSE_E=2.7 meV, RMSE_F=9.5 meV / A
2025-01-17 01:05:46.957 INFO: Epoch 580: loss=0.0891, RMSE_E=2.8 meV, RMSE_F=9.4 meV / A
2025-01-17 01:06:09.911 INFO: Epoch 582: loss=0.0891, RMSE_E=2.8 meV, RMSE_F=9.4 meV / A
2025-01-17 01:06:32.591 INFO: Epoch 584: loss=0.0886, RMSE_E=2.8 meV, RMSE_F=9.4 meV / A
2025-01-17 01:06:55.501 INFO: Epoch 586: loss=0.0885, RMSE_E=2.8 meV, RMSE_F=9.4 meV / A
2025-01-17 01:07:18.432 INFO: Epoch 588: loss=0.0890, RMSE_E=2.8 meV, RMSE_F=9.4 meV / A
2025-01-17 01:07:41.131 INFO: Epoch 590: loss=0.0893, RMSE_E=2.8 meV, RMSE_F=9.4 meV / A
2025-01-17 01:08:03.842 INFO: Epoch 592: loss=0.0892, RMSE_E=2.7 meV, RMSE_F=9.4 meV / A
2025-01-17 01:08:26.547 INFO: Epoch 594: loss=0.0893, RMSE_E=2.8 meV, RMSE_F=9.5 meV / A
2025-01-17 01:08:49.253 INFO: Epoch 596: loss=0.0888, RMSE_E=2.7 meV, RMSE_F=9.4 meV / A
2025-01-17 01:09:11.921 INFO: Epoch 598: loss=0.0885, RMSE_E=2.7 meV, RMSE_F=9.4 meV / A
2025-01-17 01:09:34.581 INFO: Epoch 600: loss=0.0886, RMSE_E=2.8 meV, RMSE_F=9.4 meV / A
2025-01-17 01:09:57.010 INFO: Epoch 602: loss=0.0884, RMSE_E=2.7 meV, RMSE_F=9.4 meV / A
2025-01-17 01:10:19.710 INFO: Epoch 604: loss=0.0887, RMSE_E=2.8 meV, RMSE_F=9.4 meV / A
2025-01-17 01:10:42.200 INFO: Epoch 606: loss=0.0883, RMSE_E=2.7 meV, RMSE_F=9.4 meV / A
2025-01-17 01:11:04.950 INFO: Epoch 608: loss=0.0882, RMSE_E=2.7 meV, RMSE_F=9.4 meV / A
2025-01-17 01:11:27.642 INFO: Epoch 610: loss=0.0878, RMSE_E=2.7 meV, RMSE_F=9.4 meV / A
2025-01-17 01:11:50.318 INFO: Epoch 612: loss=0.0876, RMSE_E=2.7 meV, RMSE_F=9.4 meV / A
2025-01-17 01:12:13.002 INFO: Epoch 614: loss=0.0879, RMSE_E=2.7 meV, RMSE_F=9.4 meV / A
2025-01-17 01:12:35.451 INFO: Epoch 616: loss=0.0882, RMSE_E=2.7 meV, RMSE_F=9.4 meV / A
2025-01-17 01:12:57.887 INFO: Epoch 618: loss=0.0876, RMSE_E=2.7 meV, RMSE_F=9.4 meV / A
2025-01-17 01:13:20.589 INFO: Epoch 620: loss=0.0874, RMSE_E=2.7 meV, RMSE_F=9.3 meV / A
2025-01-17 01:13:43.481 INFO: Epoch 622: loss=0.0882, RMSE_E=2.7 meV, RMSE_F=9.4 meV / A
2025-01-17 01:14:06.245 INFO: Epoch 624: loss=0.0879, RMSE_E=2.8 meV, RMSE_F=9.4 meV / A
2025-01-17 01:14:28.795 INFO: Epoch 626: loss=0.0873, RMSE_E=2.7 meV, RMSE_F=9.3 meV / A
2025-01-17 01:14:51.493 INFO: Epoch 628: loss=0.0877, RMSE_E=2.7 meV, RMSE_F=9.4 meV / A
2025-01-17 01:15:13.963 INFO: Epoch 630: loss=0.0875, RMSE_E=2.7 meV, RMSE_F=9.4 meV / A
2025-01-17 01:15:36.423 INFO: Epoch 632: loss=0.0875, RMSE_E=2.7 meV, RMSE_F=9.4 meV / A
2025-01-17 01:15:59.147 INFO: Epoch 634: loss=0.0875, RMSE_E=2.7 meV, RMSE_F=9.4 meV / A
2025-01-17 01:16:21.885 INFO: Epoch 636: loss=0.0872, RMSE_E=2.6 meV, RMSE_F=9.3 meV / A
2025-01-17 01:16:44.612 INFO: Epoch 638: loss=0.0872, RMSE_E=2.7 meV, RMSE_F=9.3 meV / A
2025-01-17 01:17:07.337 INFO: Epoch 640: loss=0.0875, RMSE_E=2.6 meV, RMSE_F=9.4 meV / A
2025-01-17 01:17:29.801 INFO: Epoch 642: loss=0.0871, RMSE_E=2.6 meV, RMSE_F=9.3 meV / A
2025-01-17 01:17:52.562 INFO: Epoch 644: loss=0.0872, RMSE_E=2.6 meV, RMSE_F=9.3 meV / A
2025-01-17 01:18:15.075 INFO: Epoch 646: loss=0.0872, RMSE_E=2.6 meV, RMSE_F=9.3 meV / A
2025-01-17 01:18:37.606 INFO: Epoch 648: loss=0.0871, RMSE_E=2.6 meV, RMSE_F=9.3 meV / A
2025-01-17 01:19:00.098 INFO: Epoch 650: loss=0.0878, RMSE_E=2.6 meV, RMSE_F=9.4 meV / A
2025-01-17 01:19:22.617 INFO: Epoch 652: loss=0.0872, RMSE_E=2.7 meV, RMSE_F=9.3 meV / A
2025-01-17 01:19:45.100 INFO: Epoch 654: loss=0.0875, RMSE_E=2.7 meV, RMSE_F=9.4 meV / A
2025-01-17 01:20:07.604 INFO: Epoch 656: loss=0.0869, RMSE_E=2.7 meV, RMSE_F=9.3 meV / A
2025-01-17 01:20:30.366 INFO: Epoch 658: loss=0.0867, RMSE_E=2.7 meV, RMSE_F=9.3 meV / A
2025-01-17 01:20:53.053 INFO: Epoch 660: loss=0.0870, RMSE_E=2.6 meV, RMSE_F=9.3 meV / A
2025-01-17 01:21:15.505 INFO: Epoch 662: loss=0.0865, RMSE_E=2.6 meV, RMSE_F=9.3 meV / A
2025-01-17 01:21:38.202 INFO: Epoch 664: loss=0.0866, RMSE_E=2.6 meV, RMSE_F=9.3 meV / A
2025-01-17 01:22:00.666 INFO: Epoch 666: loss=0.0864, RMSE_E=2.6 meV, RMSE_F=9.3 meV / A
2025-01-17 01:22:23.457 INFO: Epoch 668: loss=0.0872, RMSE_E=2.6 meV, RMSE_F=9.3 meV / A
2025-01-17 01:22:45.955 INFO: Epoch 670: loss=0.0866, RMSE_E=2.6 meV, RMSE_F=9.3 meV / A
2025-01-17 01:23:08.604 INFO: Epoch 672: loss=0.0864, RMSE_E=2.6 meV, RMSE_F=9.3 meV / A
2025-01-17 01:23:31.398 INFO: Epoch 674: loss=0.0865, RMSE_E=2.7 meV, RMSE_F=9.3 meV / A
2025-01-17 01:23:54.130 INFO: Epoch 676: loss=0.0862, RMSE_E=2.6 meV, RMSE_F=9.3 meV / A
2025-01-17 01:24:17.109 INFO: Epoch 678: loss=0.0860, RMSE_E=2.6 meV, RMSE_F=9.3 meV / A
2025-01-17 01:24:39.815 INFO: Epoch 680: loss=0.0861, RMSE_E=2.6 meV, RMSE_F=9.3 meV / A
2025-01-17 01:25:02.268 INFO: Epoch 682: loss=0.0863, RMSE_E=2.5 meV, RMSE_F=9.3 meV / A
2025-01-17 01:25:24.726 INFO: Epoch 684: loss=0.0866, RMSE_E=2.5 meV, RMSE_F=9.3 meV / A
2025-01-17 01:25:47.167 INFO: Epoch 686: loss=0.0864, RMSE_E=2.6 meV, RMSE_F=9.3 meV / A
2025-01-17 01:26:09.641 INFO: Epoch 688: loss=0.0858, RMSE_E=2.5 meV, RMSE_F=9.3 meV / A
2025-01-17 01:26:32.322 INFO: Epoch 690: loss=0.0861, RMSE_E=2.5 meV, RMSE_F=9.3 meV / A
2025-01-17 01:26:54.900 INFO: Epoch 692: loss=0.0870, RMSE_E=2.6 meV, RMSE_F=9.3 meV / A
2025-01-17 01:27:17.686 INFO: Epoch 694: loss=0.0859, RMSE_E=2.5 meV, RMSE_F=9.3 meV / A
2025-01-17 01:27:40.484 INFO: Epoch 696: loss=0.0859, RMSE_E=2.5 meV, RMSE_F=9.3 meV / A
2025-01-17 01:28:03.315 INFO: Epoch 698: loss=0.0856, RMSE_E=2.6 meV, RMSE_F=9.2 meV / A
2025-01-17 01:28:26.352 INFO: Epoch 700: loss=0.0857, RMSE_E=2.6 meV, RMSE_F=9.3 meV / A
2025-01-17 01:28:49.135 INFO: Epoch 702: loss=0.0857, RMSE_E=2.6 meV, RMSE_F=9.3 meV / A
2025-01-17 01:29:11.929 INFO: Epoch 704: loss=0.0858, RMSE_E=2.6 meV, RMSE_F=9.3 meV / A
2025-01-17 01:29:34.671 INFO: Epoch 706: loss=0.0859, RMSE_E=2.6 meV, RMSE_F=9.3 meV / A
2025-01-17 01:29:57.377 INFO: Epoch 708: loss=0.0865, RMSE_E=2.6 meV, RMSE_F=9.3 meV / A
2025-01-17 01:30:20.127 INFO: Epoch 710: loss=0.0863, RMSE_E=2.6 meV, RMSE_F=9.3 meV / A
2025-01-17 01:30:42.871 INFO: Epoch 712: loss=0.0868, RMSE_E=2.6 meV, RMSE_F=9.3 meV / A
2025-01-17 01:31:05.668 INFO: Epoch 714: loss=0.0865, RMSE_E=2.5 meV, RMSE_F=9.3 meV / A
2025-01-17 01:31:28.466 INFO: Epoch 716: loss=0.0862, RMSE_E=2.5 meV, RMSE_F=9.3 meV / A
2025-01-17 01:31:51.163 INFO: Epoch 718: loss=0.0861, RMSE_E=2.5 meV, RMSE_F=9.3 meV / A
2025-01-17 01:32:13.628 INFO: Epoch 720: loss=0.0862, RMSE_E=2.5 meV, RMSE_F=9.3 meV / A
2025-01-17 01:32:36.095 INFO: Epoch 722: loss=0.0859, RMSE_E=2.5 meV, RMSE_F=9.3 meV / A
2025-01-17 01:32:58.715 INFO: Epoch 724: loss=0.0866, RMSE_E=2.5 meV, RMSE_F=9.3 meV / A
2025-01-17 01:33:21.470 INFO: Epoch 726: loss=0.0865, RMSE_E=2.6 meV, RMSE_F=9.3 meV / A
2025-01-17 01:33:44.233 INFO: Epoch 728: loss=0.0868, RMSE_E=2.6 meV, RMSE_F=9.3 meV / A
2025-01-17 01:34:07.057 INFO: Epoch 730: loss=0.0866, RMSE_E=2.5 meV, RMSE_F=9.3 meV / A
2025-01-17 01:34:29.875 INFO: Epoch 732: loss=0.0862, RMSE_E=2.5 meV, RMSE_F=9.3 meV / A
2025-01-17 01:34:52.663 INFO: Epoch 734: loss=0.0870, RMSE_E=2.6 meV, RMSE_F=9.3 meV / A
2025-01-17 01:35:15.451 INFO: Epoch 736: loss=0.0873, RMSE_E=2.7 meV, RMSE_F=9.3 meV / A
2025-01-17 01:35:38.207 INFO: Epoch 738: loss=0.0870, RMSE_E=2.6 meV, RMSE_F=9.3 meV / A
2025-01-17 01:36:00.786 INFO: Epoch 740: loss=0.0858, RMSE_E=2.7 meV, RMSE_F=9.3 meV / A
2025-01-17 01:36:23.404 INFO: Epoch 742: loss=0.0860, RMSE_E=2.7 meV, RMSE_F=9.3 meV / A
2025-01-17 01:36:46.197 INFO: Epoch 744: loss=0.0856, RMSE_E=2.6 meV, RMSE_F=9.3 meV / A
2025-01-17 01:37:09.001 INFO: Epoch 746: loss=0.0858, RMSE_E=2.5 meV, RMSE_F=9.3 meV / A
2025-01-17 01:37:31.795 INFO: Epoch 748: loss=0.0849, RMSE_E=2.5 meV, RMSE_F=9.2 meV / A
2025-01-17 01:37:54.866 INFO: Epoch 750: loss=0.0853, RMSE_E=2.6 meV, RMSE_F=9.2 meV / A
2025-01-17 01:38:17.668 INFO: Epoch 752: loss=0.0849, RMSE_E=2.6 meV, RMSE_F=9.2 meV / A
2025-01-17 01:38:40.683 INFO: Epoch 754: loss=0.0851, RMSE_E=2.6 meV, RMSE_F=9.2 meV / A
2025-01-17 01:39:03.467 INFO: Epoch 756: loss=0.0858, RMSE_E=2.6 meV, RMSE_F=9.3 meV / A
2025-01-17 01:39:26.230 INFO: Epoch 758: loss=0.0856, RMSE_E=2.6 meV, RMSE_F=9.2 meV / A
2025-01-17 01:39:48.932 INFO: Epoch 760: loss=0.0860, RMSE_E=2.6 meV, RMSE_F=9.3 meV / A
2025-01-17 01:40:11.515 INFO: Epoch 762: loss=0.0856, RMSE_E=2.6 meV, RMSE_F=9.2 meV / A
2025-01-17 01:40:34.114 INFO: Epoch 764: loss=0.0858, RMSE_E=2.6 meV, RMSE_F=9.3 meV / A
2025-01-17 01:40:56.793 INFO: Epoch 766: loss=0.0851, RMSE_E=2.5 meV, RMSE_F=9.2 meV / A
2025-01-17 01:41:19.557 INFO: Epoch 768: loss=0.0855, RMSE_E=2.6 meV, RMSE_F=9.2 meV / A
2025-01-17 01:41:42.294 INFO: Epoch 770: loss=0.0853, RMSE_E=2.4 meV, RMSE_F=9.2 meV / A
2025-01-17 01:42:05.031 INFO: Epoch 772: loss=0.0854, RMSE_E=2.5 meV, RMSE_F=9.2 meV / A
2025-01-17 01:42:27.736 INFO: Epoch 774: loss=0.0853, RMSE_E=2.5 meV, RMSE_F=9.2 meV / A
2025-01-17 01:42:50.466 INFO: Epoch 776: loss=0.0848, RMSE_E=2.6 meV, RMSE_F=9.2 meV / A
2025-01-17 01:43:13.220 INFO: Epoch 778: loss=0.0845, RMSE_E=2.5 meV, RMSE_F=9.2 meV / A
2025-01-17 01:43:35.925 INFO: Epoch 780: loss=0.0860, RMSE_E=2.6 meV, RMSE_F=9.3 meV / A
2025-01-17 01:43:58.385 INFO: Epoch 782: loss=0.0851, RMSE_E=2.6 meV, RMSE_F=9.2 meV / A
2025-01-17 01:44:20.843 INFO: Epoch 784: loss=0.0857, RMSE_E=2.5 meV, RMSE_F=9.3 meV / A
2025-01-17 01:44:43.285 INFO: Epoch 786: loss=0.0857, RMSE_E=2.5 meV, RMSE_F=9.3 meV / A
2025-01-17 01:45:05.731 INFO: Epoch 788: loss=0.0852, RMSE_E=2.5 meV, RMSE_F=9.2 meV / A
2025-01-17 01:45:28.380 INFO: Epoch 790: loss=0.0857, RMSE_E=2.6 meV, RMSE_F=9.3 meV / A
2025-01-17 01:45:51.087 INFO: Epoch 792: loss=0.0859, RMSE_E=2.7 meV, RMSE_F=9.3 meV / A
2025-01-17 01:46:13.797 INFO: Epoch 794: loss=0.0853, RMSE_E=2.7 meV, RMSE_F=9.2 meV / A
2025-01-17 01:46:36.490 INFO: Epoch 796: loss=0.0853, RMSE_E=2.6 meV, RMSE_F=9.2 meV / A
2025-01-17 01:46:59.158 INFO: Epoch 798: loss=0.0849, RMSE_E=2.6 meV, RMSE_F=9.2 meV / A
2025-01-17 01:47:21.886 INFO: Epoch 800: loss=0.0855, RMSE_E=2.6 meV, RMSE_F=9.2 meV / A
2025-01-17 01:47:44.595 INFO: Epoch 802: loss=0.0854, RMSE_E=2.6 meV, RMSE_F=9.2 meV / A
2025-01-17 01:48:07.317 INFO: Epoch 804: loss=0.0849, RMSE_E=2.5 meV, RMSE_F=9.2 meV / A
2025-01-17 01:48:30.056 INFO: Epoch 806: loss=0.0860, RMSE_E=2.6 meV, RMSE_F=9.3 meV / A
2025-01-17 01:48:52.800 INFO: Epoch 808: loss=0.0863, RMSE_E=2.6 meV, RMSE_F=9.3 meV / A
2025-01-17 01:49:15.561 INFO: Epoch 810: loss=0.0857, RMSE_E=2.5 meV, RMSE_F=9.3 meV / A
2025-01-17 01:49:38.311 INFO: Epoch 812: loss=0.0853, RMSE_E=2.6 meV, RMSE_F=9.2 meV / A
2025-01-17 01:50:01.075 INFO: Epoch 814: loss=0.0855, RMSE_E=2.6 meV, RMSE_F=9.2 meV / A
2025-01-17 01:50:23.826 INFO: Epoch 816: loss=0.0850, RMSE_E=2.5 meV, RMSE_F=9.2 meV / A
2025-01-17 01:50:46.507 INFO: Epoch 818: loss=0.0853, RMSE_E=2.5 meV, RMSE_F=9.2 meV / A
2025-01-17 01:51:08.958 INFO: Epoch 820: loss=0.0848, RMSE_E=2.6 meV, RMSE_F=9.2 meV / A
2025-01-17 01:51:31.389 INFO: Epoch 822: loss=0.0844, RMSE_E=2.6 meV, RMSE_F=9.2 meV / A
2025-01-17 01:51:54.378 INFO: Epoch 824: loss=0.0855, RMSE_E=2.6 meV, RMSE_F=9.2 meV / A
2025-01-17 01:52:16.837 INFO: Epoch 826: loss=0.0856, RMSE_E=2.5 meV, RMSE_F=9.2 meV / A
2025-01-17 01:52:39.253 INFO: Epoch 828: loss=0.0853, RMSE_E=2.5 meV, RMSE_F=9.2 meV / A
2025-01-17 01:53:01.873 INFO: Epoch 830: loss=0.0848, RMSE_E=2.5 meV, RMSE_F=9.2 meV / A
2025-01-17 01:53:24.459 INFO: Epoch 832: loss=0.0845, RMSE_E=2.5 meV, RMSE_F=9.2 meV / A
2025-01-17 01:53:46.902 INFO: Epoch 834: loss=0.0843, RMSE_E=2.5 meV, RMSE_F=9.2 meV / A
2025-01-17 01:54:09.606 INFO: Epoch 836: loss=0.0840, RMSE_E=2.5 meV, RMSE_F=9.2 meV / A
2025-01-17 01:54:32.351 INFO: Epoch 838: loss=0.0843, RMSE_E=2.5 meV, RMSE_F=9.2 meV / A
2025-01-17 01:54:54.881 INFO: Epoch 840: loss=0.0845, RMSE_E=2.5 meV, RMSE_F=9.2 meV / A
2025-01-17 01:55:17.395 INFO: Epoch 842: loss=0.0851, RMSE_E=2.6 meV, RMSE_F=9.2 meV / A
2025-01-17 01:55:39.905 INFO: Epoch 844: loss=0.0858, RMSE_E=2.6 meV, RMSE_F=9.3 meV / A
2025-01-17 01:56:02.402 INFO: Epoch 846: loss=0.0856, RMSE_E=2.6 meV, RMSE_F=9.3 meV / A
2025-01-17 01:56:25.015 INFO: Epoch 848: loss=0.0854, RMSE_E=2.6 meV, RMSE_F=9.2 meV / A
2025-01-17 01:56:47.786 INFO: Epoch 850: loss=0.0861, RMSE_E=2.6 meV, RMSE_F=9.3 meV / A
2025-01-17 01:57:10.554 INFO: Epoch 852: loss=0.0854, RMSE_E=2.6 meV, RMSE_F=9.2 meV / A
2025-01-17 01:57:33.300 INFO: Epoch 854: loss=0.0843, RMSE_E=2.5 meV, RMSE_F=9.2 meV / A
2025-01-17 01:57:56.062 INFO: Epoch 856: loss=0.0848, RMSE_E=2.5 meV, RMSE_F=9.2 meV / A
2025-01-17 01:58:18.866 INFO: Epoch 858: loss=0.0853, RMSE_E=2.5 meV, RMSE_F=9.2 meV / A
2025-01-17 01:58:41.648 INFO: Epoch 860: loss=0.0853, RMSE_E=2.5 meV, RMSE_F=9.2 meV / A
2025-01-17 01:59:04.252 INFO: Epoch 862: loss=0.0852, RMSE_E=2.6 meV, RMSE_F=9.2 meV / A
2025-01-17 01:59:26.804 INFO: Epoch 864: loss=0.0844, RMSE_E=2.5 meV, RMSE_F=9.2 meV / A
2025-01-17 01:59:49.352 INFO: Epoch 866: loss=0.0843, RMSE_E=2.5 meV, RMSE_F=9.2 meV / A
2025-01-17 02:00:11.991 INFO: Epoch 868: loss=0.0851, RMSE_E=2.5 meV, RMSE_F=9.2 meV / A
2025-01-17 02:00:34.713 INFO: Epoch 870: loss=0.0849, RMSE_E=2.5 meV, RMSE_F=9.2 meV / A
2025-01-17 02:00:57.330 INFO: Epoch 872: loss=0.0847, RMSE_E=2.7 meV, RMSE_F=9.2 meV / A
2025-01-17 02:01:19.889 INFO: Epoch 874: loss=0.0856, RMSE_E=2.5 meV, RMSE_F=9.3 meV / A
2025-01-17 02:01:42.416 INFO: Epoch 876: loss=0.0858, RMSE_E=2.6 meV, RMSE_F=9.3 meV / A
2025-01-17 02:02:04.941 INFO: Epoch 878: loss=0.0852, RMSE_E=2.5 meV, RMSE_F=9.2 meV / A
2025-01-17 02:02:27.575 INFO: Epoch 880: loss=0.0849, RMSE_E=2.4 meV, RMSE_F=9.2 meV / A
2025-01-17 02:02:50.355 INFO: Epoch 882: loss=0.0847, RMSE_E=2.5 meV, RMSE_F=9.2 meV / A
2025-01-17 02:03:13.137 INFO: Epoch 884: loss=0.0850, RMSE_E=2.5 meV, RMSE_F=9.2 meV / A
2025-01-17 02:03:35.863 INFO: Epoch 886: loss=0.0853, RMSE_E=2.5 meV, RMSE_F=9.2 meV / A
2025-01-17 02:03:58.602 INFO: Epoch 888: loss=0.0849, RMSE_E=2.4 meV, RMSE_F=9.2 meV / A
2025-01-17 02:04:21.368 INFO: Epoch 890: loss=0.0843, RMSE_E=2.5 meV, RMSE_F=9.2 meV / A
2025-01-17 02:04:44.124 INFO: Epoch 892: loss=0.0842, RMSE_E=2.5 meV, RMSE_F=9.2 meV / A
2025-01-17 02:05:06.882 INFO: Epoch 894: loss=0.0842, RMSE_E=2.5 meV, RMSE_F=9.2 meV / A
2025-01-17 02:05:29.615 INFO: Epoch 896: loss=0.0841, RMSE_E=2.4 meV, RMSE_F=9.2 meV / A
2025-01-17 02:05:52.341 INFO: Epoch 898: loss=0.0842, RMSE_E=2.5 meV, RMSE_F=9.2 meV / A
2025-01-17 02:06:14.873 INFO: Epoch 900: loss=0.0841, RMSE_E=2.5 meV, RMSE_F=9.2 meV / A
2025-01-17 02:06:37.375 INFO: Epoch 902: loss=0.0842, RMSE_E=2.5 meV, RMSE_F=9.2 meV / A
2025-01-17 02:06:59.864 INFO: Epoch 904: loss=0.0841, RMSE_E=2.5 meV, RMSE_F=9.2 meV / A
2025-01-17 02:07:22.561 INFO: Epoch 906: loss=0.0839, RMSE_E=2.5 meV, RMSE_F=9.2 meV / A
2025-01-17 02:07:45.620 INFO: Epoch 908: loss=0.0840, RMSE_E=2.4 meV, RMSE_F=9.2 meV / A
2025-01-17 02:08:08.417 INFO: Epoch 910: loss=0.0842, RMSE_E=2.4 meV, RMSE_F=9.2 meV / A
2025-01-17 02:08:31.221 INFO: Epoch 912: loss=0.0839, RMSE_E=2.4 meV, RMSE_F=9.2 meV / A
2025-01-17 02:08:54.288 INFO: Epoch 914: loss=0.0837, RMSE_E=2.4 meV, RMSE_F=9.1 meV / A
2025-01-17 02:09:17.141 INFO: Epoch 916: loss=0.0837, RMSE_E=2.4 meV, RMSE_F=9.1 meV / A
2025-01-17 02:09:39.715 INFO: Epoch 918: loss=0.0836, RMSE_E=2.4 meV, RMSE_F=9.1 meV / A
2025-01-17 02:10:02.787 INFO: Epoch 920: loss=0.0835, RMSE_E=2.4 meV, RMSE_F=9.1 meV / A
2025-01-17 02:10:25.861 INFO: Epoch 922: loss=0.0833, RMSE_E=2.4 meV, RMSE_F=9.1 meV / A
2025-01-17 02:10:48.859 INFO: Epoch 924: loss=0.0833, RMSE_E=2.4 meV, RMSE_F=9.1 meV / A
2025-01-17 02:11:11.623 INFO: Epoch 926: loss=0.0832, RMSE_E=2.4 meV, RMSE_F=9.1 meV / A
2025-01-17 02:11:34.335 INFO: Epoch 928: loss=0.0834, RMSE_E=2.4 meV, RMSE_F=9.1 meV / A
2025-01-17 02:11:56.800 INFO: Epoch 930: loss=0.0832, RMSE_E=2.4 meV, RMSE_F=9.1 meV / A
2025-01-17 02:12:19.523 INFO: Epoch 932: loss=0.0832, RMSE_E=2.4 meV, RMSE_F=9.1 meV / A
2025-01-17 02:12:42.262 INFO: Epoch 934: loss=0.0833, RMSE_E=2.4 meV, RMSE_F=9.1 meV / A
2025-01-17 02:13:04.763 INFO: Epoch 936: loss=0.0831, RMSE_E=2.3 meV, RMSE_F=9.1 meV / A
2025-01-17 02:13:27.507 INFO: Epoch 938: loss=0.0833, RMSE_E=2.3 meV, RMSE_F=9.1 meV / A
2025-01-17 02:13:50.050 INFO: Epoch 940: loss=0.0833, RMSE_E=2.3 meV, RMSE_F=9.1 meV / A
2025-01-17 02:14:12.581 INFO: Epoch 942: loss=0.0832, RMSE_E=2.3 meV, RMSE_F=9.1 meV / A
2025-01-17 02:14:35.036 INFO: Epoch 944: loss=0.0832, RMSE_E=2.4 meV, RMSE_F=9.1 meV / A
2025-01-17 02:14:57.488 INFO: Epoch 946: loss=0.0830, RMSE_E=2.3 meV, RMSE_F=9.1 meV / A
2025-01-17 02:15:20.608 INFO: Epoch 948: loss=0.0833, RMSE_E=2.3 meV, RMSE_F=9.1 meV / A
2025-01-17 02:15:43.390 INFO: Epoch 950: loss=0.0833, RMSE_E=2.3 meV, RMSE_F=9.1 meV / A
2025-01-17 02:16:06.201 INFO: Epoch 952: loss=0.0832, RMSE_E=2.3 meV, RMSE_F=9.1 meV / A
2025-01-17 02:16:28.970 INFO: Epoch 954: loss=0.0831, RMSE_E=2.3 meV, RMSE_F=9.1 meV / A
2025-01-17 02:16:51.762 INFO: Epoch 956: loss=0.0828, RMSE_E=2.3 meV, RMSE_F=9.1 meV / A
2025-01-17 02:17:14.867 INFO: Epoch 958: loss=0.0826, RMSE_E=2.3 meV, RMSE_F=9.1 meV / A
2025-01-17 02:17:37.914 INFO: Epoch 960: loss=0.0831, RMSE_E=2.3 meV, RMSE_F=9.1 meV / A
2025-01-17 02:18:00.710 INFO: Epoch 962: loss=0.0827, RMSE_E=2.3 meV, RMSE_F=9.1 meV / A
2025-01-17 02:18:23.509 INFO: Epoch 964: loss=0.0825, RMSE_E=2.3 meV, RMSE_F=9.1 meV / A
2025-01-17 02:18:46.577 INFO: Epoch 966: loss=0.0827, RMSE_E=2.3 meV, RMSE_F=9.1 meV / A
2025-01-17 02:19:09.372 INFO: Epoch 968: loss=0.0826, RMSE_E=2.3 meV, RMSE_F=9.1 meV / A
2025-01-17 02:19:32.080 INFO: Epoch 970: loss=0.0827, RMSE_E=2.3 meV, RMSE_F=9.1 meV / A
2025-01-17 02:19:54.811 INFO: Epoch 972: loss=0.0824, RMSE_E=2.3 meV, RMSE_F=9.1 meV / A
2025-01-17 02:20:17.619 INFO: Epoch 974: loss=0.0825, RMSE_E=2.3 meV, RMSE_F=9.1 meV / A
2025-01-17 02:20:40.183 INFO: Epoch 976: loss=0.0826, RMSE_E=2.3 meV, RMSE_F=9.1 meV / A
2025-01-17 02:21:02.719 INFO: Epoch 978: loss=0.0825, RMSE_E=2.3 meV, RMSE_F=9.1 meV / A
2025-01-17 02:21:25.276 INFO: Epoch 980: loss=0.0826, RMSE_E=2.3 meV, RMSE_F=9.1 meV / A
2025-01-17 02:21:47.830 INFO: Epoch 982: loss=0.0826, RMSE_E=2.3 meV, RMSE_F=9.1 meV / A
2025-01-17 02:22:10.382 INFO: Epoch 984: loss=0.0825, RMSE_E=2.3 meV, RMSE_F=9.1 meV / A
2025-01-17 02:22:32.901 INFO: Epoch 986: loss=0.0826, RMSE_E=2.3 meV, RMSE_F=9.1 meV / A
2025-01-17 02:22:55.668 INFO: Epoch 988: loss=0.0824, RMSE_E=2.3 meV, RMSE_F=9.1 meV / A
2025-01-17 02:23:18.724 INFO: Epoch 990: loss=0.0827, RMSE_E=2.3 meV, RMSE_F=9.1 meV / A
2025-01-17 02:23:41.529 INFO: Epoch 992: loss=0.0827, RMSE_E=2.3 meV, RMSE_F=9.1 meV / A
2025-01-17 02:24:04.339 INFO: Epoch 994: loss=0.0822, RMSE_E=2.3 meV, RMSE_F=9.1 meV / A
2025-01-17 02:24:27.172 INFO: Epoch 996: loss=0.0824, RMSE_E=2.2 meV, RMSE_F=9.1 meV / A
2025-01-17 02:24:49.746 INFO: Epoch 998: loss=0.0822, RMSE_E=2.2 meV, RMSE_F=9.1 meV / A
2025-01-17 02:25:12.317 INFO: Epoch 1000: loss=0.0823, RMSE_E=2.2 meV, RMSE_F=9.1 meV / A
2025-01-17 02:25:34.846 INFO: Epoch 1002: loss=0.0823, RMSE_E=2.3 meV, RMSE_F=9.1 meV / A
2025-01-17 02:25:57.445 INFO: Epoch 1004: loss=0.0822, RMSE_E=2.3 meV, RMSE_F=9.1 meV / A
2025-01-17 02:26:20.502 INFO: Epoch 1006: loss=0.0821, RMSE_E=2.3 meV, RMSE_F=9.1 meV / A
2025-01-17 02:26:43.529 INFO: Epoch 1008: loss=0.0820, RMSE_E=2.3 meV, RMSE_F=9.1 meV / A
2025-01-17 02:27:06.416 INFO: Epoch 1010: loss=0.0824, RMSE_E=2.3 meV, RMSE_F=9.1 meV / A
2025-01-17 02:27:28.979 INFO: Epoch 1012: loss=0.0823, RMSE_E=2.3 meV, RMSE_F=9.1 meV / A
2025-01-17 02:27:51.561 INFO: Epoch 1014: loss=0.0822, RMSE_E=2.2 meV, RMSE_F=9.1 meV / A
2025-01-17 02:28:14.146 INFO: Epoch 1016: loss=0.0824, RMSE_E=2.2 meV, RMSE_F=9.1 meV / A
2025-01-17 02:28:36.746 INFO: Epoch 1018: loss=0.0824, RMSE_E=2.2 meV, RMSE_F=9.1 meV / A
2025-01-17 02:28:59.571 INFO: Epoch 1020: loss=0.0821, RMSE_E=2.3 meV, RMSE_F=9.1 meV / A
2025-01-17 02:29:22.410 INFO: Epoch 1022: loss=0.0819, RMSE_E=2.3 meV, RMSE_F=9.0 meV / A
2025-01-17 02:29:45.393 INFO: Epoch 1024: loss=0.0824, RMSE_E=2.2 meV, RMSE_F=9.1 meV / A
2025-01-17 02:30:08.175 INFO: Epoch 1026: loss=0.0821, RMSE_E=2.2 meV, RMSE_F=9.1 meV / A
2025-01-17 02:30:30.982 INFO: Epoch 1028: loss=0.0821, RMSE_E=2.2 meV, RMSE_F=9.1 meV / A
2025-01-17 02:30:53.774 INFO: Epoch 1030: loss=0.0824, RMSE_E=2.3 meV, RMSE_F=9.1 meV / A
2025-01-17 02:31:16.594 INFO: Epoch 1032: loss=0.0823, RMSE_E=2.3 meV, RMSE_F=9.1 meV / A
2025-01-17 02:31:39.424 INFO: Epoch 1034: loss=0.0823, RMSE_E=2.2 meV, RMSE_F=9.1 meV / A
2025-01-17 02:32:02.219 INFO: Epoch 1036: loss=0.0824, RMSE_E=2.2 meV, RMSE_F=9.1 meV / A
2025-01-17 02:32:24.929 INFO: Epoch 1038: loss=0.0819, RMSE_E=2.2 meV, RMSE_F=9.0 meV / A
2025-01-17 02:32:47.867 INFO: Epoch 1040: loss=0.0818, RMSE_E=2.2 meV, RMSE_F=9.0 meV / A
2025-01-17 02:33:10.763 INFO: Epoch 1042: loss=0.0818, RMSE_E=2.2 meV, RMSE_F=9.0 meV / A
2025-01-17 02:33:33.599 INFO: Epoch 1044: loss=0.0823, RMSE_E=2.3 meV, RMSE_F=9.1 meV / A
2025-01-17 02:33:56.162 INFO: Epoch 1046: loss=0.0820, RMSE_E=2.2 meV, RMSE_F=9.1 meV / A
2025-01-17 02:34:18.740 INFO: Epoch 1048: loss=0.0818, RMSE_E=2.3 meV, RMSE_F=9.0 meV / A
2025-01-17 02:34:41.620 INFO: Epoch 1050: loss=0.0820, RMSE_E=2.2 meV, RMSE_F=9.1 meV / A
2025-01-17 02:35:04.186 INFO: Epoch 1052: loss=0.0819, RMSE_E=2.2 meV, RMSE_F=9.1 meV / A
2025-01-17 02:35:26.727 INFO: Epoch 1054: loss=0.0821, RMSE_E=2.3 meV, RMSE_F=9.1 meV / A
2025-01-17 02:35:49.261 INFO: Epoch 1056: loss=0.0819, RMSE_E=2.3 meV, RMSE_F=9.1 meV / A
2025-01-17 02:36:11.829 INFO: Epoch 1058: loss=0.0817, RMSE_E=2.3 meV, RMSE_F=9.0 meV / A
2025-01-17 02:36:34.617 INFO: Epoch 1060: loss=0.0816, RMSE_E=2.3 meV, RMSE_F=9.0 meV / A
2025-01-17 02:36:57.403 INFO: Epoch 1062: loss=0.0818, RMSE_E=2.2 meV, RMSE_F=9.0 meV / A
2025-01-17 02:37:19.947 INFO: Epoch 1064: loss=0.0819, RMSE_E=2.2 meV, RMSE_F=9.0 meV / A
2025-01-17 02:37:42.478 INFO: Epoch 1066: loss=0.0822, RMSE_E=2.3 meV, RMSE_F=9.1 meV / A
2025-01-17 02:38:05.021 INFO: Epoch 1068: loss=0.0820, RMSE_E=2.2 meV, RMSE_F=9.1 meV / A
2025-01-17 02:38:27.562 INFO: Epoch 1070: loss=0.0819, RMSE_E=2.2 meV, RMSE_F=9.0 meV / A
2025-01-17 02:38:50.115 INFO: Epoch 1072: loss=0.0821, RMSE_E=2.3 meV, RMSE_F=9.1 meV / A
2025-01-17 02:39:12.699 INFO: Epoch 1074: loss=0.0827, RMSE_E=2.3 meV, RMSE_F=9.1 meV / A
2025-01-17 02:39:35.248 INFO: Epoch 1076: loss=0.0823, RMSE_E=2.3 meV, RMSE_F=9.1 meV / A
2025-01-17 02:39:58.082 INFO: Epoch 1078: loss=0.0823, RMSE_E=2.3 meV, RMSE_F=9.1 meV / A
2025-01-17 02:40:20.925 INFO: Epoch 1080: loss=0.0822, RMSE_E=2.2 meV, RMSE_F=9.1 meV / A
2025-01-17 02:40:43.723 INFO: Epoch 1082: loss=0.0819, RMSE_E=2.2 meV, RMSE_F=9.1 meV / A
2025-01-17 02:41:06.546 INFO: Epoch 1084: loss=0.0812, RMSE_E=2.2 meV, RMSE_F=9.0 meV / A
2025-01-17 02:41:29.588 INFO: Epoch 1086: loss=0.0814, RMSE_E=2.2 meV, RMSE_F=9.0 meV / A
2025-01-17 02:41:52.414 INFO: Epoch 1088: loss=0.0817, RMSE_E=2.2 meV, RMSE_F=9.0 meV / A
2025-01-17 02:42:15.219 INFO: Epoch 1090: loss=0.0814, RMSE_E=2.2 meV, RMSE_F=9.0 meV / A
2025-01-17 02:42:37.996 INFO: Epoch 1092: loss=0.0816, RMSE_E=2.3 meV, RMSE_F=9.0 meV / A
2025-01-17 02:43:00.752 INFO: Epoch 1094: loss=0.0814, RMSE_E=2.3 meV, RMSE_F=9.0 meV / A
2025-01-17 02:43:23.463 INFO: Epoch 1096: loss=0.0815, RMSE_E=2.3 meV, RMSE_F=9.0 meV / A
2025-01-17 02:43:46.187 INFO: Epoch 1098: loss=0.0814, RMSE_E=2.2 meV, RMSE_F=9.0 meV / A
2025-01-17 02:44:08.886 INFO: Epoch 1100: loss=0.0813, RMSE_E=2.2 meV, RMSE_F=9.0 meV / A
2025-01-17 02:44:31.566 INFO: Epoch 1102: loss=0.0819, RMSE_E=2.2 meV, RMSE_F=9.0 meV / A
2025-01-17 02:44:54.264 INFO: Epoch 1104: loss=0.0816, RMSE_E=2.3 meV, RMSE_F=9.0 meV / A
2025-01-17 02:45:16.984 INFO: Epoch 1106: loss=0.0814, RMSE_E=2.2 meV, RMSE_F=9.0 meV / A
2025-01-17 02:45:39.691 INFO: Epoch 1108: loss=0.0811, RMSE_E=2.2 meV, RMSE_F=9.0 meV / A
2025-01-17 02:46:02.816 INFO: Epoch 1110: loss=0.0823, RMSE_E=2.2 meV, RMSE_F=9.1 meV / A
2025-01-17 02:46:25.377 INFO: Epoch 1112: loss=0.0816, RMSE_E=2.2 meV, RMSE_F=9.0 meV / A
2025-01-17 02:46:47.940 INFO: Epoch 1114: loss=0.0814, RMSE_E=2.2 meV, RMSE_F=9.0 meV / A
2025-01-17 02:47:10.488 INFO: Epoch 1116: loss=0.0813, RMSE_E=2.2 meV, RMSE_F=9.0 meV / A
2025-01-17 02:47:33.019 INFO: Epoch 1118: loss=0.0813, RMSE_E=2.2 meV, RMSE_F=9.0 meV / A
2025-01-17 02:47:55.554 INFO: Epoch 1120: loss=0.0813, RMSE_E=2.2 meV, RMSE_F=9.0 meV / A
2025-01-17 02:48:18.099 INFO: Epoch 1122: loss=0.0814, RMSE_E=2.3 meV, RMSE_F=9.0 meV / A
2025-01-17 02:48:40.798 INFO: Epoch 1124: loss=0.0811, RMSE_E=2.3 meV, RMSE_F=9.0 meV / A
2025-01-17 02:49:03.609 INFO: Epoch 1126: loss=0.0815, RMSE_E=2.2 meV, RMSE_F=9.0 meV / A
2025-01-17 02:49:26.384 INFO: Epoch 1128: loss=0.0819, RMSE_E=2.3 meV, RMSE_F=9.1 meV / A
2025-01-17 02:49:49.153 INFO: Epoch 1130: loss=0.0820, RMSE_E=2.3 meV, RMSE_F=9.1 meV / A
2025-01-17 02:50:11.714 INFO: Epoch 1132: loss=0.0816, RMSE_E=2.3 meV, RMSE_F=9.0 meV / A
2025-01-17 02:50:34.192 INFO: Epoch 1134: loss=0.0821, RMSE_E=2.3 meV, RMSE_F=9.1 meV / A
2025-01-17 02:50:56.675 INFO: Epoch 1136: loss=0.0818, RMSE_E=2.2 meV, RMSE_F=9.0 meV / A
2025-01-17 02:51:19.176 INFO: Epoch 1138: loss=0.0817, RMSE_E=2.2 meV, RMSE_F=9.0 meV / A
2025-01-17 02:51:41.671 INFO: Epoch 1140: loss=0.0817, RMSE_E=2.2 meV, RMSE_F=9.0 meV / A
2025-01-17 02:52:04.188 INFO: Epoch 1142: loss=0.0817, RMSE_E=2.2 meV, RMSE_F=9.0 meV / A
2025-01-17 02:52:26.697 INFO: Epoch 1144: loss=0.0822, RMSE_E=2.2 meV, RMSE_F=9.1 meV / A
2025-01-17 02:52:49.221 INFO: Epoch 1146: loss=0.0816, RMSE_E=2.3 meV, RMSE_F=9.0 meV / A
2025-01-17 02:53:12.034 INFO: Epoch 1148: loss=0.0817, RMSE_E=2.2 meV, RMSE_F=9.0 meV / A
2025-01-17 02:53:34.839 INFO: Epoch 1150: loss=0.0816, RMSE_E=2.2 meV, RMSE_F=9.0 meV / A
2025-01-17 02:53:57.693 INFO: Epoch 1152: loss=0.0817, RMSE_E=2.2 meV, RMSE_F=9.0 meV / A
2025-01-17 02:54:20.553 INFO: Epoch 1154: loss=0.0813, RMSE_E=2.2 meV, RMSE_F=9.0 meV / A
2025-01-17 02:54:43.387 INFO: Epoch 1156: loss=0.0819, RMSE_E=2.2 meV, RMSE_F=9.0 meV / A
2025-01-17 02:55:06.225 INFO: Epoch 1158: loss=0.0816, RMSE_E=2.2 meV, RMSE_F=9.0 meV / A
2025-01-17 02:55:28.996 INFO: Epoch 1160: loss=0.0813, RMSE_E=2.2 meV, RMSE_F=9.0 meV / A
2025-01-17 02:55:51.789 INFO: Epoch 1162: loss=0.0811, RMSE_E=2.2 meV, RMSE_F=9.0 meV / A
2025-01-17 02:56:14.411 INFO: Epoch 1164: loss=0.0813, RMSE_E=2.2 meV, RMSE_F=9.0 meV / A
2025-01-17 02:56:37.000 INFO: Epoch 1166: loss=0.0810, RMSE_E=2.2 meV, RMSE_F=9.0 meV / A
2025-01-17 02:56:59.929 INFO: Epoch 1168: loss=0.0810, RMSE_E=2.2 meV, RMSE_F=9.0 meV / A
2025-01-17 02:57:22.836 INFO: Epoch 1170: loss=0.0811, RMSE_E=2.2 meV, RMSE_F=9.0 meV / A
2025-01-17 02:57:45.636 INFO: Epoch 1172: loss=0.0812, RMSE_E=2.2 meV, RMSE_F=9.0 meV / A
2025-01-17 02:58:08.489 INFO: Epoch 1174: loss=0.0811, RMSE_E=2.2 meV, RMSE_F=9.0 meV / A
2025-01-17 02:58:31.330 INFO: Epoch 1176: loss=0.0809, RMSE_E=2.2 meV, RMSE_F=9.0 meV / A
2025-01-17 02:58:54.464 INFO: Epoch 1178: loss=0.0810, RMSE_E=2.2 meV, RMSE_F=9.0 meV / A
2025-01-17 02:59:17.334 INFO: Epoch 1180: loss=0.0811, RMSE_E=2.2 meV, RMSE_F=9.0 meV / A
2025-01-17 02:59:40.155 INFO: Epoch 1182: loss=0.0812, RMSE_E=2.2 meV, RMSE_F=9.0 meV / A
2025-01-17 03:00:02.814 INFO: Epoch 1184: loss=0.0813, RMSE_E=2.2 meV, RMSE_F=9.0 meV / A
2025-01-17 03:00:25.264 INFO: Epoch 1186: loss=0.0811, RMSE_E=2.2 meV, RMSE_F=9.0 meV / A
2025-01-17 03:00:47.838 INFO: Epoch 1188: loss=0.0810, RMSE_E=2.2 meV, RMSE_F=9.0 meV / A
2025-01-17 03:01:10.423 INFO: Epoch 1190: loss=0.0809, RMSE_E=2.2 meV, RMSE_F=9.0 meV / A
2025-01-17 03:01:32.938 INFO: Epoch 1192: loss=0.0808, RMSE_E=2.2 meV, RMSE_F=9.0 meV / A
2025-01-17 03:01:55.831 INFO: Epoch 1194: loss=0.0808, RMSE_E=2.1 meV, RMSE_F=9.0 meV / A
2025-01-17 03:02:18.389 INFO: Epoch 1196: loss=0.0809, RMSE_E=2.1 meV, RMSE_F=9.0 meV / A
2025-01-17 03:02:40.953 INFO: Epoch 1198: loss=0.0809, RMSE_E=2.1 meV, RMSE_F=9.0 meV / A
2025-01-17 03:03:03.677 INFO: Epoch 1200: loss=0.0810, RMSE_E=2.1 meV, RMSE_F=9.0 meV / A
2025-01-17 03:03:26.456 INFO: Epoch 1202: loss=0.0810, RMSE_E=2.2 meV, RMSE_F=9.0 meV / A
2025-01-17 03:03:49.226 INFO: Epoch 1204: loss=0.0810, RMSE_E=2.2 meV, RMSE_F=9.0 meV / A
2025-01-17 03:04:12.050 INFO: Epoch 1206: loss=0.0811, RMSE_E=2.1 meV, RMSE_F=9.0 meV / A
2025-01-17 03:04:34.880 INFO: Epoch 1208: loss=0.0809, RMSE_E=2.2 meV, RMSE_F=9.0 meV / A
2025-01-17 03:04:57.705 INFO: Epoch 1210: loss=0.0810, RMSE_E=2.1 meV, RMSE_F=9.0 meV / A
2025-01-17 03:05:20.525 INFO: Epoch 1212: loss=0.0810, RMSE_E=2.2 meV, RMSE_F=9.0 meV / A
2025-01-17 03:05:43.099 INFO: Epoch 1214: loss=0.0810, RMSE_E=2.1 meV, RMSE_F=9.0 meV / A
2025-01-17 03:06:05.659 INFO: Epoch 1216: loss=0.0809, RMSE_E=2.1 meV, RMSE_F=9.0 meV / A
2025-01-17 03:06:28.208 INFO: Epoch 1218: loss=0.0808, RMSE_E=2.2 meV, RMSE_F=9.0 meV / A
2025-01-17 03:06:50.771 INFO: Epoch 1220: loss=0.0806, RMSE_E=2.1 meV, RMSE_F=9.0 meV / A
2025-01-17 03:07:13.832 INFO: Epoch 1222: loss=0.0809, RMSE_E=2.1 meV, RMSE_F=9.0 meV / A
2025-01-17 03:07:36.653 INFO: Epoch 1224: loss=0.0808, RMSE_E=2.1 meV, RMSE_F=9.0 meV / A
2025-01-17 03:07:59.301 INFO: Epoch 1226: loss=0.0809, RMSE_E=2.1 meV, RMSE_F=9.0 meV / A
2025-01-17 03:08:21.876 INFO: Epoch 1228: loss=0.0810, RMSE_E=2.1 meV, RMSE_F=9.0 meV / A
2025-01-17 03:08:44.432 INFO: Epoch 1230: loss=0.0809, RMSE_E=2.1 meV, RMSE_F=9.0 meV / A
2025-01-17 03:09:07.079 INFO: Epoch 1232: loss=0.0809, RMSE_E=2.1 meV, RMSE_F=9.0 meV / A
2025-01-17 03:09:29.907 INFO: Epoch 1234: loss=0.0809, RMSE_E=2.1 meV, RMSE_F=9.0 meV / A
2025-01-17 03:09:52.761 INFO: Epoch 1236: loss=0.0810, RMSE_E=2.1 meV, RMSE_F=9.0 meV / A
2025-01-17 03:10:15.596 INFO: Epoch 1238: loss=0.0810, RMSE_E=2.1 meV, RMSE_F=9.0 meV / A
2025-01-17 03:10:38.427 INFO: Epoch 1240: loss=0.0810, RMSE_E=2.1 meV, RMSE_F=9.0 meV / A
2025-01-17 03:11:01.188 INFO: Epoch 1242: loss=0.0808, RMSE_E=2.1 meV, RMSE_F=9.0 meV / A
2025-01-17 03:11:23.895 INFO: Epoch 1244: loss=0.0808, RMSE_E=2.1 meV, RMSE_F=9.0 meV / A
2025-01-17 03:11:46.636 INFO: Epoch 1246: loss=0.0808, RMSE_E=2.1 meV, RMSE_F=9.0 meV / A
2025-01-17 03:12:09.405 INFO: Epoch 1248: loss=0.0808, RMSE_E=2.1 meV, RMSE_F=9.0 meV / A
2025-01-17 03:12:32.161 INFO: Epoch 1250: loss=0.0807, RMSE_E=2.1 meV, RMSE_F=9.0 meV / A
2025-01-17 03:12:54.908 INFO: Epoch 1252: loss=0.0807, RMSE_E=2.1 meV, RMSE_F=9.0 meV / A
2025-01-17 03:13:17.646 INFO: Epoch 1254: loss=0.0808, RMSE_E=2.2 meV, RMSE_F=9.0 meV / A
2025-01-17 03:13:40.360 INFO: Epoch 1256: loss=0.0809, RMSE_E=2.2 meV, RMSE_F=9.0 meV / A
2025-01-17 03:14:03.131 INFO: Epoch 1258: loss=0.0808, RMSE_E=2.1 meV, RMSE_F=9.0 meV / A
2025-01-17 03:14:25.851 INFO: Epoch 1260: loss=0.0806, RMSE_E=2.1 meV, RMSE_F=9.0 meV / A
2025-01-17 03:14:48.897 INFO: Epoch 1262: loss=0.0805, RMSE_E=2.1 meV, RMSE_F=9.0 meV / A
2025-01-17 03:15:11.874 INFO: Epoch 1264: loss=0.0806, RMSE_E=2.1 meV, RMSE_F=9.0 meV / A
2025-01-17 03:15:34.586 INFO: Epoch 1266: loss=0.0808, RMSE_E=2.1 meV, RMSE_F=9.0 meV / A
2025-01-17 03:15:57.308 INFO: Epoch 1268: loss=0.0807, RMSE_E=2.1 meV, RMSE_F=9.0 meV / A
2025-01-17 03:16:20.031 INFO: Epoch 1270: loss=0.0806, RMSE_E=2.1 meV, RMSE_F=9.0 meV / A
2025-01-17 03:16:42.773 INFO: Epoch 1272: loss=0.0807, RMSE_E=2.1 meV, RMSE_F=9.0 meV / A
2025-01-17 03:17:05.632 INFO: Epoch 1274: loss=0.0807, RMSE_E=2.1 meV, RMSE_F=9.0 meV / A
2025-01-17 03:17:28.352 INFO: Epoch 1276: loss=0.0807, RMSE_E=2.1 meV, RMSE_F=9.0 meV / A
2025-01-17 03:17:51.117 INFO: Epoch 1278: loss=0.0807, RMSE_E=2.1 meV, RMSE_F=9.0 meV / A
2025-01-17 03:18:13.883 INFO: Epoch 1280: loss=0.0804, RMSE_E=2.1 meV, RMSE_F=9.0 meV / A
2025-01-17 03:18:36.998 INFO: Epoch 1282: loss=0.0805, RMSE_E=2.1 meV, RMSE_F=9.0 meV / A
2025-01-17 03:18:59.660 INFO: Epoch 1284: loss=0.0806, RMSE_E=2.1 meV, RMSE_F=9.0 meV / A
2025-01-17 03:19:22.518 INFO: Epoch 1286: loss=0.0804, RMSE_E=2.1 meV, RMSE_F=9.0 meV / A
2025-01-17 03:19:45.369 INFO: Epoch 1288: loss=0.0803, RMSE_E=2.1 meV, RMSE_F=9.0 meV / A
2025-01-17 03:20:08.470 INFO: Epoch 1290: loss=0.0804, RMSE_E=2.1 meV, RMSE_F=9.0 meV / A
2025-01-17 03:20:31.179 INFO: Epoch 1292: loss=0.0805, RMSE_E=2.1 meV, RMSE_F=9.0 meV / A
2025-01-17 03:20:53.941 INFO: Epoch 1294: loss=0.0804, RMSE_E=2.1 meV, RMSE_F=9.0 meV / A
2025-01-17 03:21:16.698 INFO: Epoch 1296: loss=0.0805, RMSE_E=2.1 meV, RMSE_F=9.0 meV / A
2025-01-17 03:21:39.447 INFO: Epoch 1298: loss=0.0805, RMSE_E=2.1 meV, RMSE_F=9.0 meV / A
2025-01-17 03:22:02.224 INFO: Epoch 1300: loss=0.0804, RMSE_E=2.1 meV, RMSE_F=9.0 meV / A
2025-01-17 03:22:24.950 INFO: Epoch 1302: loss=0.0804, RMSE_E=2.1 meV, RMSE_F=9.0 meV / A
2025-01-17 03:22:47.684 INFO: Epoch 1304: loss=0.0808, RMSE_E=2.1 meV, RMSE_F=9.0 meV / A
2025-01-17 03:23:10.521 INFO: Epoch 1306: loss=0.0806, RMSE_E=2.1 meV, RMSE_F=9.0 meV / A
2025-01-17 03:23:33.306 INFO: Epoch 1308: loss=0.0805, RMSE_E=2.1 meV, RMSE_F=9.0 meV / A
2025-01-17 03:23:56.101 INFO: Epoch 1310: loss=0.0807, RMSE_E=2.1 meV, RMSE_F=9.0 meV / A
2025-01-17 03:24:18.956 INFO: Epoch 1312: loss=0.0811, RMSE_E=2.1 meV, RMSE_F=9.0 meV / A
2025-01-17 03:24:41.628 INFO: Epoch 1314: loss=0.0808, RMSE_E=2.1 meV, RMSE_F=9.0 meV / A
2025-01-17 03:25:04.228 INFO: Epoch 1316: loss=0.0806, RMSE_E=2.1 meV, RMSE_F=9.0 meV / A
2025-01-17 03:25:26.738 INFO: Epoch 1318: loss=0.0805, RMSE_E=2.1 meV, RMSE_F=9.0 meV / A
2025-01-17 03:25:49.257 INFO: Epoch 1320: loss=0.0804, RMSE_E=2.1 meV, RMSE_F=9.0 meV / A
2025-01-17 03:26:11.775 INFO: Epoch 1322: loss=0.0806, RMSE_E=2.1 meV, RMSE_F=9.0 meV / A
2025-01-17 03:26:34.279 INFO: Epoch 1324: loss=0.0807, RMSE_E=2.1 meV, RMSE_F=9.0 meV / A
2025-01-17 03:26:56.795 INFO: Epoch 1326: loss=0.0805, RMSE_E=2.1 meV, RMSE_F=9.0 meV / A
2025-01-17 03:27:19.348 INFO: Epoch 1328: loss=0.0807, RMSE_E=2.1 meV, RMSE_F=9.0 meV / A
2025-01-17 03:27:41.865 INFO: Epoch 1330: loss=0.0807, RMSE_E=2.1 meV, RMSE_F=9.0 meV / A
2025-01-17 03:28:04.383 INFO: Epoch 1332: loss=0.0805, RMSE_E=2.1 meV, RMSE_F=9.0 meV / A
2025-01-17 03:28:26.863 INFO: Epoch 1334: loss=0.0807, RMSE_E=2.1 meV, RMSE_F=9.0 meV / A
2025-01-17 03:28:49.368 INFO: Epoch 1336: loss=0.0807, RMSE_E=2.1 meV, RMSE_F=9.0 meV / A
2025-01-17 03:29:11.892 INFO: Epoch 1338: loss=0.0804, RMSE_E=2.1 meV, RMSE_F=9.0 meV / A
2025-01-17 03:29:34.509 INFO: Epoch 1340: loss=0.0804, RMSE_E=2.1 meV, RMSE_F=9.0 meV / A
2025-01-17 03:29:57.290 INFO: Epoch 1342: loss=0.0805, RMSE_E=2.1 meV, RMSE_F=9.0 meV / A
2025-01-17 03:30:20.072 INFO: Epoch 1344: loss=0.0805, RMSE_E=2.1 meV, RMSE_F=9.0 meV / A
2025-01-17 03:30:42.834 INFO: Epoch 1346: loss=0.0803, RMSE_E=2.1 meV, RMSE_F=9.0 meV / A
2025-01-17 03:31:05.922 INFO: Epoch 1348: loss=0.0803, RMSE_E=2.1 meV, RMSE_F=9.0 meV / A
2025-01-17 03:31:29.045 INFO: Epoch 1350: loss=0.0803, RMSE_E=2.1 meV, RMSE_F=9.0 meV / A
2025-01-17 03:31:51.841 INFO: Epoch 1352: loss=0.0803, RMSE_E=2.1 meV, RMSE_F=9.0 meV / A
2025-01-17 03:32:14.646 INFO: Epoch 1354: loss=0.0804, RMSE_E=2.1 meV, RMSE_F=9.0 meV / A
2025-01-17 03:32:37.390 INFO: Epoch 1356: loss=0.0804, RMSE_E=2.1 meV, RMSE_F=9.0 meV / A
2025-01-17 03:33:00.150 INFO: Epoch 1358: loss=0.0803, RMSE_E=2.1 meV, RMSE_F=9.0 meV / A
2025-01-17 03:33:22.912 INFO: Epoch 1360: loss=0.0803, RMSE_E=2.1 meV, RMSE_F=9.0 meV / A
2025-01-17 03:33:45.672 INFO: Epoch 1362: loss=0.0804, RMSE_E=2.1 meV, RMSE_F=9.0 meV / A
2025-01-17 03:34:08.425 INFO: Epoch 1364: loss=0.0804, RMSE_E=2.1 meV, RMSE_F=9.0 meV / A
2025-01-17 03:34:30.930 INFO: Epoch 1366: loss=0.0805, RMSE_E=2.1 meV, RMSE_F=9.0 meV / A
2025-01-17 03:34:53.421 INFO: Epoch 1368: loss=0.0804, RMSE_E=2.1 meV, RMSE_F=9.0 meV / A
2025-01-17 03:35:15.947 INFO: Epoch 1370: loss=0.0804, RMSE_E=2.1 meV, RMSE_F=9.0 meV / A
2025-01-17 03:35:38.435 INFO: Epoch 1372: loss=0.0804, RMSE_E=2.0 meV, RMSE_F=9.0 meV / A
2025-01-17 03:36:00.919 INFO: Epoch 1374: loss=0.0806, RMSE_E=2.0 meV, RMSE_F=9.0 meV / A
2025-01-17 03:36:23.676 INFO: Epoch 1376: loss=0.0804, RMSE_E=2.1 meV, RMSE_F=9.0 meV / A
2025-01-17 03:36:46.179 INFO: Epoch 1378: loss=0.0804, RMSE_E=2.1 meV, RMSE_F=9.0 meV / A
2025-01-17 03:37:08.680 INFO: Epoch 1380: loss=0.0804, RMSE_E=2.1 meV, RMSE_F=9.0 meV / A
2025-01-17 03:37:31.155 INFO: Epoch 1382: loss=0.0804, RMSE_E=2.0 meV, RMSE_F=9.0 meV / A
2025-01-17 03:37:53.939 INFO: Epoch 1384: loss=0.0804, RMSE_E=2.0 meV, RMSE_F=9.0 meV / A
2025-01-17 03:38:16.545 INFO: Epoch 1386: loss=0.0804, RMSE_E=2.0 meV, RMSE_F=9.0 meV / A
2025-01-17 03:38:39.079 INFO: Epoch 1388: loss=0.0804, RMSE_E=2.1 meV, RMSE_F=9.0 meV / A
2025-01-17 03:39:01.791 INFO: Epoch 1390: loss=0.0802, RMSE_E=2.0 meV, RMSE_F=9.0 meV / A
2025-01-17 03:39:24.890 INFO: Epoch 1392: loss=0.0803, RMSE_E=2.1 meV, RMSE_F=9.0 meV / A
2025-01-17 03:39:47.688 INFO: Epoch 1394: loss=0.0803, RMSE_E=2.0 meV, RMSE_F=9.0 meV / A
2025-01-17 03:40:10.492 INFO: Epoch 1396: loss=0.0804, RMSE_E=2.0 meV, RMSE_F=9.0 meV / A
2025-01-17 03:40:33.234 INFO: Epoch 1398: loss=0.0802, RMSE_E=2.1 meV, RMSE_F=9.0 meV / A
2025-01-17 03:40:56.018 INFO: Epoch 1400: loss=0.0803, RMSE_E=2.1 meV, RMSE_F=9.0 meV / A
2025-01-17 03:41:18.638 INFO: Epoch 1402: loss=0.0801, RMSE_E=2.0 meV, RMSE_F=9.0 meV / A
2025-01-17 03:41:41.421 INFO: Epoch 1404: loss=0.0802, RMSE_E=2.0 meV, RMSE_F=9.0 meV / A
2025-01-17 03:42:04.074 INFO: Epoch 1406: loss=0.0802, RMSE_E=2.0 meV, RMSE_F=9.0 meV / A
2025-01-17 03:42:26.820 INFO: Epoch 1408: loss=0.0803, RMSE_E=2.0 meV, RMSE_F=9.0 meV / A
2025-01-17 03:42:49.547 INFO: Epoch 1410: loss=0.0802, RMSE_E=2.0 meV, RMSE_F=9.0 meV / A
2025-01-17 03:43:12.305 INFO: Epoch 1412: loss=0.0803, RMSE_E=2.0 meV, RMSE_F=9.0 meV / A
2025-01-17 03:43:35.005 INFO: Epoch 1414: loss=0.0803, RMSE_E=2.0 meV, RMSE_F=9.0 meV / A
2025-01-17 03:43:57.728 INFO: Epoch 1416: loss=0.0803, RMSE_E=2.0 meV, RMSE_F=9.0 meV / A
2025-01-17 03:44:20.475 INFO: Epoch 1418: loss=0.0803, RMSE_E=2.0 meV, RMSE_F=9.0 meV / A
2025-01-17 03:44:43.191 INFO: Epoch 1420: loss=0.0804, RMSE_E=2.0 meV, RMSE_F=9.0 meV / A
2025-01-17 03:45:05.938 INFO: Epoch 1422: loss=0.0804, RMSE_E=2.0 meV, RMSE_F=9.0 meV / A
2025-01-17 03:45:28.651 INFO: Epoch 1424: loss=0.0803, RMSE_E=2.0 meV, RMSE_F=9.0 meV / A
2025-01-17 03:45:51.362 INFO: Epoch 1426: loss=0.0800, RMSE_E=2.0 meV, RMSE_F=8.9 meV / A
2025-01-17 03:46:14.309 INFO: Epoch 1428: loss=0.0802, RMSE_E=2.0 meV, RMSE_F=9.0 meV / A
2025-01-17 03:46:36.987 INFO: Epoch 1430: loss=0.0803, RMSE_E=2.1 meV, RMSE_F=9.0 meV / A
2025-01-17 03:46:59.635 INFO: Epoch 1432: loss=0.0802, RMSE_E=2.0 meV, RMSE_F=9.0 meV / A
2025-01-17 03:47:22.424 INFO: Epoch 1434: loss=0.0803, RMSE_E=2.0 meV, RMSE_F=9.0 meV / A
2025-01-17 03:47:45.188 INFO: Epoch 1436: loss=0.0804, RMSE_E=2.0 meV, RMSE_F=9.0 meV / A
2025-01-17 03:48:07.965 INFO: Epoch 1438: loss=0.0805, RMSE_E=2.0 meV, RMSE_F=9.0 meV / A
2025-01-17 03:48:30.688 INFO: Epoch 1440: loss=0.0803, RMSE_E=2.0 meV, RMSE_F=9.0 meV / A
2025-01-17 03:48:53.429 INFO: Epoch 1442: loss=0.0803, RMSE_E=2.0 meV, RMSE_F=9.0 meV / A
2025-01-17 03:49:16.187 INFO: Epoch 1444: loss=0.0804, RMSE_E=2.0 meV, RMSE_F=9.0 meV / A
2025-01-17 03:49:38.902 INFO: Epoch 1446: loss=0.0804, RMSE_E=2.1 meV, RMSE_F=9.0 meV / A
2025-01-17 03:50:01.616 INFO: Epoch 1448: loss=0.0802, RMSE_E=2.0 meV, RMSE_F=9.0 meV / A
2025-01-17 03:50:24.362 INFO: Epoch 1450: loss=0.0803, RMSE_E=2.0 meV, RMSE_F=9.0 meV / A
2025-01-17 03:50:47.074 INFO: Epoch 1452: loss=0.0801, RMSE_E=2.0 meV, RMSE_F=8.9 meV / A
2025-01-17 03:51:09.821 INFO: Epoch 1454: loss=0.0803, RMSE_E=2.0 meV, RMSE_F=9.0 meV / A
2025-01-17 03:51:32.516 INFO: Epoch 1456: loss=0.0804, RMSE_E=2.0 meV, RMSE_F=9.0 meV / A
2025-01-17 03:51:55.244 INFO: Epoch 1458: loss=0.0803, RMSE_E=2.0 meV, RMSE_F=9.0 meV / A
2025-01-17 03:52:17.992 INFO: Epoch 1460: loss=0.0804, RMSE_E=2.0 meV, RMSE_F=9.0 meV / A
2025-01-17 03:52:40.710 INFO: Epoch 1462: loss=0.0803, RMSE_E=2.0 meV, RMSE_F=9.0 meV / A
2025-01-17 03:53:03.433 INFO: Epoch 1464: loss=0.0803, RMSE_E=2.0 meV, RMSE_F=9.0 meV / A
2025-01-17 03:53:26.159 INFO: Epoch 1466: loss=0.0803, RMSE_E=2.0 meV, RMSE_F=9.0 meV / A
2025-01-17 03:53:48.900 INFO: Epoch 1468: loss=0.0803, RMSE_E=2.0 meV, RMSE_F=9.0 meV / A
2025-01-17 03:54:11.710 INFO: Epoch 1470: loss=0.0803, RMSE_E=2.0 meV, RMSE_F=9.0 meV / A
2025-01-17 03:54:34.470 INFO: Epoch 1472: loss=0.0801, RMSE_E=2.0 meV, RMSE_F=9.0 meV / A
2025-01-17 03:54:57.237 INFO: Epoch 1474: loss=0.0802, RMSE_E=2.0 meV, RMSE_F=9.0 meV / A
2025-01-17 03:55:20.032 INFO: Epoch 1476: loss=0.0802, RMSE_E=2.0 meV, RMSE_F=9.0 meV / A
2025-01-17 03:55:42.800 INFO: Epoch 1478: loss=0.0802, RMSE_E=2.0 meV, RMSE_F=9.0 meV / A
2025-01-17 03:56:05.444 INFO: Epoch 1480: loss=0.0802, RMSE_E=2.0 meV, RMSE_F=9.0 meV / A
2025-01-17 03:56:27.955 INFO: Epoch 1482: loss=0.0803, RMSE_E=2.0 meV, RMSE_F=9.0 meV / A
2025-01-17 03:56:50.435 INFO: Epoch 1484: loss=0.0803, RMSE_E=2.0 meV, RMSE_F=9.0 meV / A
2025-01-17 03:57:12.925 INFO: Epoch 1486: loss=0.0805, RMSE_E=2.0 meV, RMSE_F=9.0 meV / A
2025-01-17 03:57:35.367 INFO: Epoch 1488: loss=0.0804, RMSE_E=2.0 meV, RMSE_F=9.0 meV / A
2025-01-17 03:57:57.852 INFO: Epoch 1490: loss=0.0805, RMSE_E=2.0 meV, RMSE_F=9.0 meV / A
2025-01-17 03:58:20.586 INFO: Epoch 1492: loss=0.0804, RMSE_E=2.0 meV, RMSE_F=9.0 meV / A
2025-01-17 03:58:43.317 INFO: Epoch 1494: loss=0.0803, RMSE_E=2.0 meV, RMSE_F=9.0 meV / A
2025-01-17 03:59:06.071 INFO: Epoch 1496: loss=0.0803, RMSE_E=2.0 meV, RMSE_F=9.0 meV / A
2025-01-17 03:59:28.782 INFO: Epoch 1498: loss=0.0802, RMSE_E=2.0 meV, RMSE_F=9.0 meV / A
2025-01-17 03:59:39.908 INFO: Training complete
2025-01-17 03:59:39.909 INFO: Computing metrics for training, validation, and test sets
2025-01-17 03:59:40.993 INFO: Loading checkpoint: checkpoints/3BPA-L2_run-2024_epoch-1426.pt
2025-01-17 03:59:41.161 INFO: Loaded model from epoch 1426
2025-01-17 03:59:41.163 INFO: Evaluating train ...
2025-01-17 03:59:45.734 INFO: Evaluating valid ...
2025-01-17 03:59:46.222 INFO: Evaluating Default ...
2025-01-17 04:00:05.925 INFO: 
+-------------+--------------+------------------+-------------------+
| config_type | RMSE E / meV | RMSE F / meV / A | relative F RMSE % |
+-------------+--------------+------------------+-------------------+
|    train    |     1.4      |       1.0        |        0.11       |
|    valid    |     2.0      |       8.9        |        0.97       |
|   Default   |     2.4      |       9.7        |        1.01       |
+-------------+--------------+------------------+-------------------+
2025-01-17 04:00:05.926 INFO: Saving model to checkpoints/3BPA-L2_run-2024.model
2025-01-17 04:00:06.338 INFO: Compiling model, saving metadata to 3BPA-L2_compiled.model
2025-01-17 04:00:07.862 INFO: Done
