2024-11-25 15:08:07.446 INFO: MACE version: 0.3.5
2024-11-25 15:08:07.446 INFO: Configuration: Namespace(config=None, name='toluene', seed=123, log_dir='logs', model_dir='.', checkpoints_dir='checkpoints', results_dir='results', downloads_dir='downloads', device='cuda', default_dtype='float64', distributed=False, log_level='INFO', error_table='TotalRMSE', model='MACE', r_max=5.0, radial_type='bessel', num_radial_basis=8, num_cutoff_basis=5, pair_repulsion=False, distance_transform='None', interaction='RealAgnosticResidualInteractionBlock', interaction_first='RealAgnosticResidualInteractionBlock', max_ell=3, correlation=3, num_interactions=2, MLP_irreps='16x0e', radial_MLP='[64, 64, 64]', hidden_irreps='128x0e + 128x1o', num_channels=128, max_L=1, gate='silu', scaling='rms_forces_scaling', avg_num_neighbors=1, compute_avg_num_neighbors=True, compute_stress=False, compute_forces=True, train_file='./dataset/train.xyz', valid_file='./dataset/valid.xyz', valid_fraction=0.1, test_file=None, test_dir=None, multi_processed_test=False, num_workers=0, pin_memory=True, atomic_numbers=None, mean=None, std=None, statistics_file=None, E0s='average', keep_isolated_atoms=False, energy_key='energy', forces_key='forces', virials_key='virials', stress_key='stress', dipole_key='dipole', charges_key='charges', loss='ef', forces_weight=1000.0, swa_forces_weight=100.0, energy_weight=1.0, swa_energy_weight=1000.0, virials_weight=1.0, swa_virials_weight=10.0, stress_weight=1.0, swa_stress_weight=10.0, dipole_weight=1.0, swa_dipole_weight=1.0, config_type_weights='{"Default":1.0}', huber_delta=0.01, optimizer='adam', beta=0.9, batch_size=5, valid_batch_size=5, lr=0.005, swa_lr=0.001, weight_decay=1e-08, amsgrad=True, scheduler='ReduceLROnPlateau', lr_factor=0.8, scheduler_patience=5, lr_scheduler_gamma=0.9993, swa=False, start_swa=None, ema=True, ema_decay=0.995, max_num_epochs=500, patience=2048, foundation_model='/home/l6eub2ic/whcs-share31/wangchen/mace/MPtrj/MACE-OFF23_medium.model', foundation_model_readout=True, eval_interval=2, keep_checkpoints=False, save_all_checkpoints=False, restart_latest=False, save_cpu=True, clip_grad=100.0, wandb=False, wandb_dir=None, wandb_project='', wandb_entity='', wandb_name='', wandb_log_hypers=['num_channels', 'max_L', 'correlation', 'lr', 'swa_lr', 'weight_decay', 'batch_size', 'max_num_epochs', 'start_swa', 'energy_weight', 'forces_weight'])
2024-11-25 15:08:07.587 INFO: CUDA version: 11.8, CUDA device: 0
2024-11-25 15:08:08.299 INFO: Error accessing Git repository: /home/l6eub2ic/whcs-share31/wangchen/mace/organic/toluene/LoRA
2024-11-25 15:08:11.005 INFO: Using foundation model /home/l6eub2ic/whcs-share31/wangchen/mace/MPtrj/MACE-OFF23_medium.model as initial checkpoint.
2024-11-25 15:08:11.063 INFO: Since ASE version 3.23.0b1, using energy_key 'energy' is no longer safe when communicating between MACE and ASE. We recommend using a different key, rewriting energies to 'REF_energy'. You need to use --energy_key='REF_energy', to tell the key name chosen.
2024-11-25 15:08:11.073 INFO: Since ASE version 3.23.0b1, using forces_key 'forces' is no longer safe when communicating between MACE and ASE. We recommend using a different key, rewriting energies to 'REF_forces'. You need to use --forces_key='REF_forces', to tell the key name chosen.
2024-11-25 15:08:11.082 INFO: Since ASE version 3.23.0b1, using stress_key 'stress' is no longer safe when communicating between MACE and ASE. We recommend using a different key, rewriting energies to 'REF_stress'. You need to use --stress_key='REF_stress', to tell the key name chosen.
2024-11-25 15:08:11.083 INFO: Loaded 50 training configurations from './dataset/train.xyz'
2024-11-25 15:08:11.710 INFO: Since ASE version 3.23.0b1, using energy_key 'energy' is no longer safe when communicating between MACE and ASE. We recommend using a different key, rewriting energies to 'REF_energy'. You need to use --energy_key='REF_energy', to tell the key name chosen.
2024-11-25 15:08:11.877 INFO: Since ASE version 3.23.0b1, using forces_key 'forces' is no longer safe when communicating between MACE and ASE. We recommend using a different key, rewriting energies to 'REF_forces'. You need to use --forces_key='REF_forces', to tell the key name chosen.
2024-11-25 15:08:12.055 INFO: Since ASE version 3.23.0b1, using stress_key 'stress' is no longer safe when communicating between MACE and ASE. We recommend using a different key, rewriting energies to 'REF_stress'. You need to use --stress_key='REF_stress', to tell the key name chosen.
2024-11-25 15:08:12.083 INFO: Loaded 950 validation configurations from './dataset/valid.xyz'
2024-11-25 15:08:12.084 INFO: Total number of configurations: train=50, valid=950, tests=[]
2024-11-25 15:08:12.088 INFO: AtomicNumberTable: (1, 6)
2024-11-25 15:08:12.088 INFO: Atomic Energies not in training file, using command line argument E0s
2024-11-25 15:08:12.088 INFO: Computing average Atomic Energies using least squares regression
2024-11-25 15:08:12.100 INFO: Atomic energies: [-522.0167999550725, -456.76469996068823]
2024-11-25 15:08:12.599 INFO: EnergyForcesLoss(energy_weight=1.000, forces_weight=1000.000)
2024-11-25 15:08:12.624 INFO: Average number of neighbors: 12.797333333333333
2024-11-25 15:08:12.624 INFO: Selected the following outputs: {'energy': True, 'forces': True, 'virials': False, 'stress': False, 'dipoles': False}
2024-11-25 15:08:12.646 INFO: Building model
2024-11-25 15:08:30.628 INFO: Number of trainable parameters: 161896
2024-11-25 15:08:30.631 INFO: ScaleShiftMACE(
  (node_embedding): LinearNodeEmbeddingBlock(
    (linear): Linear(2x0e -> 128x0e | 256 weights) | 2080 LoRA_weights)
  )
  (radial_embedding): RadialEmbeddingBlock(
    (bessel_fn): BesselBasis(r_max=5.0, num_basis=8, trainable=True)
    (cutoff_fn): PolynomialCutoff(p=5.0, r_max=5.0)
  )
  (spherical_harmonics): SphericalHarmonics()
  (atomic_energies_fn): AtomicEnergiesBlock(energies=[-522.0168, -456.7647])
  (interactions): ModuleList(
    (0): RealAgnosticInteractionBlock(
      (linear_up): Linear(128x0e -> 128x0e | 16384 weights) | 4096 LoRA_weights)
      (conv_tp): TensorProduct(128x0e x 1x0e+1x1o+1x2e+1x3o -> 128x0e+128x1o+128x2e+128x3o | 512 paths | 512 weights | 0 LoRA_weights)
      (conv_tp_weights): FullyConnectedNet[8, 64, 64, 64, 512]
      (linear): Linear(128x0e+128x1o+128x2e+128x3o -> 128x0e+128x1o+128x2e+128x3o | 65536 weights) | 16384 LoRA_weights)
      (skip_tp): FullyConnectedTensorProduct(128x0e+128x1o+128x2e+128x3o x 2x0e -> 128x0e+128x1o+128x2e+128x3o | 131072 paths | 131072 weights | 24576 LoRA_weights)
      (reshape): reshape_irreps()
    )
    (1): RealAgnosticResidualInteractionBlock(
      (linear_up): Linear(128x0e+128x1o -> 128x0e+128x1o | 32768 weights) | 8192 LoRA_weights)
      (conv_tp): TensorProduct(128x0e+128x1o x 1x0e+1x1o+1x2e+1x3o -> 256x0e+384x1o+384x2e+256x3o | 1280 paths | 1280 weights | 0 LoRA_weights)
      (conv_tp_weights): FullyConnectedNet[8, 64, 64, 64, 1280]
      (linear): Linear(256x0e+384x1o+384x2e+256x3o -> 128x0e+128x1o+128x2e+128x3o | 163840 weights) | 28672 LoRA_weights)
      (skip_tp): FullyConnectedTensorProduct(128x0e+128x1o x 2x0e -> 128x0e | 32768 paths | 32768 weights | 6144 LoRA_weights)
      (reshape): reshape_irreps()
    )
  )
  (products): ModuleList(
    (0): EquivariantProductBasisBlock(
      (symmetric_contractions): SymmetricContraction(
        (contractions): ModuleList(
          (0): Contraction(
            (contractions_weighting): ModuleList(
              (0-1): 2 x GraphModule()
            )
            (contractions_features): ModuleList(
              (0-1): 2 x GraphModule()
            )
            (weights): ParameterList(
                (0): Parameter containing: [torch.float64 of size 2x4x128 (GPU 0)]
                (1): Parameter containing: [torch.float64 of size 2x1x128 (GPU 0)]
            )
            (graph_opt_main): GraphModule()
            (LoRA_weight): ParameterList(
                (0): Parameter containing: [torch.float64 of size 2x23x16 (GPU 0)]
                (1): Parameter containing: [torch.float64 of size 16x128 (GPU 0)]
            )
          )
          (1): Contraction(
            (contractions_weighting): ModuleList(
              (0-1): 2 x GraphModule()
            )
            (contractions_features): ModuleList(
              (0-1): 2 x GraphModule()
            )
            (weights): ParameterList(
                (0): Parameter containing: [torch.float64 of size 2x6x128 (GPU 0)]
                (1): Parameter containing: [torch.float64 of size 2x1x128 (GPU 0)]
            )
            (graph_opt_main): GraphModule()
            (LoRA_weight): ParameterList(
                (0): Parameter containing: [torch.float64 of size 2x51x16 (GPU 0)]
                (1): Parameter containing: [torch.float64 of size 16x128 (GPU 0)]
            )
          )
        )
      )
      (linear): Linear(128x0e+128x1o -> 128x0e+128x1o | 32768 weights) | 8192 LoRA_weights)
    )
    (1): EquivariantProductBasisBlock(
      (symmetric_contractions): SymmetricContraction(
        (contractions): ModuleList(
          (0): Contraction(
            (contractions_weighting): ModuleList(
              (0-1): 2 x GraphModule()
            )
            (contractions_features): ModuleList(
              (0-1): 2 x GraphModule()
            )
            (weights): ParameterList(
                (0): Parameter containing: [torch.float64 of size 2x4x128 (GPU 0)]
                (1): Parameter containing: [torch.float64 of size 2x1x128 (GPU 0)]
            )
            (graph_opt_main): GraphModule()
            (LoRA_weight): ParameterList(
                (0): Parameter containing: [torch.float64 of size 2x23x16 (GPU 0)]
                (1): Parameter containing: [torch.float64 of size 16x128 (GPU 0)]
            )
          )
        )
      )
      (linear): Linear(128x0e -> 128x0e | 16384 weights) | 4096 LoRA_weights)
    )
  )
  (readouts): ModuleList(
    (0): LinearReadoutBlock(
      (linear): Linear(128x0e+128x1o -> 1x0e | 128 weights) | 2064 LoRA_weights)
    )
    (1): NonLinearReadoutBlock(
      (linear_1): Linear(128x0e -> 16x0e | 2048 weights) | 2304 LoRA_weights)
      (non_linearity): Activation [x] (16x0e -> 16x0e)
      (linear_2): Linear(16x0e -> 1x0e | 16 weights) | 272 LoRA_weights)
    )
  )
  (scale_shift): ScaleShiftBlock(scale=1.088502, shift=0.000000)
)
2024-11-25 15:08:30.635 INFO: Number of parameters: 812792
2024-11-25 15:08:30.635 INFO: Optimizer: Adam (
Parameter Group 0
    amsgrad: True
    betas: (0.9, 0.999)
    capturable: False
    differentiable: False
    eps: 1e-08
    foreach: None
    fused: None
    lr: 0.005
    maximize: False
    name: embedding
    weight_decay: 0.0

Parameter Group 1
    amsgrad: True
    betas: (0.9, 0.999)
    capturable: False
    differentiable: False
    eps: 1e-08
    foreach: None
    fused: None
    lr: 0.005
    maximize: False
    name: interactions_decay
    weight_decay: 1e-08

Parameter Group 2
    amsgrad: True
    betas: (0.9, 0.999)
    capturable: False
    differentiable: False
    eps: 1e-08
    foreach: None
    fused: None
    lr: 0.005
    maximize: False
    name: interactions_no_decay
    weight_decay: 0.0

Parameter Group 3
    amsgrad: True
    betas: (0.9, 0.999)
    capturable: False
    differentiable: False
    eps: 1e-08
    foreach: None
    fused: None
    lr: 0.005
    maximize: False
    name: products
    weight_decay: 1e-08

Parameter Group 4
    amsgrad: True
    betas: (0.9, 0.999)
    capturable: False
    differentiable: False
    eps: 1e-08
    foreach: None
    fused: None
    lr: 0.005
    maximize: False
    name: readouts
    weight_decay: 0.0
)
2024-11-25 15:08:30.635 INFO: Using gradient clipping with tolerance=100.000
2024-11-25 15:08:30.635 INFO: Started training
2024-11-25 15:08:49.493 INFO: Epoch None: loss=5173.0933, RMSE_E=71077.1 meV, RMSE_F=348.1 meV / A
2024-11-25 15:09:09.272 INFO: Epoch 0: loss=392.9745, RMSE_E=16214.0 meV, RMSE_F=360.7 meV / A
2024-11-25 15:09:20.574 INFO: Epoch 2: loss=29.8881, RMSE_E=938.5 meV, RMSE_F=170.3 meV / A
2024-11-25 15:09:32.485 INFO: Epoch 4: loss=7.2703, RMSE_E=560.5 meV, RMSE_F=83.4 meV / A
2024-11-25 15:09:44.274 INFO: Epoch 6: loss=3.4229, RMSE_E=157.8 meV, RMSE_F=58.3 meV / A
2024-11-25 15:09:56.424 INFO: Epoch 8: loss=2.0370, RMSE_E=279.6 meV, RMSE_F=44.3 meV / A
2024-11-25 15:10:08.808 INFO: Epoch 10: loss=1.4830, RMSE_E=122.7 meV, RMSE_F=38.3 meV / A
2024-11-25 15:10:20.294 INFO: Epoch 12: loss=1.3153, RMSE_E=193.4 meV, RMSE_F=35.7 meV / A
2024-11-25 15:10:32.014 INFO: Epoch 14: loss=1.0128, RMSE_E=42.0 meV, RMSE_F=31.8 meV / A
2024-11-25 15:10:43.325 INFO: Epoch 16: loss=0.8391, RMSE_E=117.9 meV, RMSE_F=28.7 meV / A
2024-11-25 15:10:55.252 INFO: Epoch 18: loss=0.7408, RMSE_E=141.1 meV, RMSE_F=26.8 meV / A
2024-11-25 15:11:07.745 INFO: Epoch 20: loss=0.7937, RMSE_E=135.0 meV, RMSE_F=27.8 meV / A
2024-11-25 15:11:17.658 INFO: Epoch 22: loss=0.6154, RMSE_E=103.6 meV, RMSE_F=24.6 meV / A
2024-11-25 15:11:29.811 INFO: Epoch 24: loss=0.5331, RMSE_E=62.3 meV, RMSE_F=23.0 meV / A
2024-11-25 15:11:42.232 INFO: Epoch 26: loss=0.4833, RMSE_E=56.3 meV, RMSE_F=21.9 meV / A
2024-11-25 15:11:53.979 INFO: Epoch 28: loss=0.4487, RMSE_E=54.3 meV, RMSE_F=21.1 meV / A
2024-11-25 15:12:05.642 INFO: Epoch 30: loss=0.4202, RMSE_E=66.4 meV, RMSE_F=20.4 meV / A
2024-11-25 15:12:17.645 INFO: Epoch 32: loss=0.4142, RMSE_E=67.7 meV, RMSE_F=20.2 meV / A
2024-11-25 15:12:28.743 INFO: Epoch 34: loss=0.3781, RMSE_E=39.0 meV, RMSE_F=19.4 meV / A
2024-11-25 15:12:41.191 INFO: Epoch 36: loss=0.3489, RMSE_E=60.9 meV, RMSE_F=18.6 meV / A
2024-11-25 15:12:53.286 INFO: Epoch 38: loss=0.3485, RMSE_E=53.0 meV, RMSE_F=18.6 meV / A
2024-11-25 15:13:05.192 INFO: Epoch 40: loss=0.3208, RMSE_E=21.5 meV, RMSE_F=17.9 meV / A
2024-11-25 15:13:17.510 INFO: Epoch 42: loss=0.3059, RMSE_E=44.2 meV, RMSE_F=17.4 meV / A
2024-11-25 15:13:29.502 INFO: Epoch 44: loss=0.2964, RMSE_E=63.1 meV, RMSE_F=17.1 meV / A
2024-11-25 15:13:39.602 INFO: Epoch 46: loss=0.2902, RMSE_E=55.8 meV, RMSE_F=16.9 meV / A
2024-11-25 15:13:49.741 INFO: Epoch 48: loss=0.2923, RMSE_E=60.8 meV, RMSE_F=17.0 meV / A
2024-11-25 15:13:59.688 INFO: Epoch 50: loss=0.2832, RMSE_E=60.1 meV, RMSE_F=16.7 meV / A
2024-11-25 15:14:11.676 INFO: Epoch 52: loss=0.2832, RMSE_E=62.8 meV, RMSE_F=16.7 meV / A
2024-11-25 15:14:21.561 INFO: Epoch 54: loss=0.2724, RMSE_E=63.3 meV, RMSE_F=16.4 meV / A
2024-11-25 15:14:33.572 INFO: Epoch 56: loss=0.2605, RMSE_E=48.3 meV, RMSE_F=16.1 meV / A
2024-11-25 15:14:45.643 INFO: Epoch 58: loss=0.2506, RMSE_E=52.5 meV, RMSE_F=15.7 meV / A
2024-11-25 15:14:57.789 INFO: Epoch 60: loss=0.2459, RMSE_E=58.0 meV, RMSE_F=15.6 meV / A
2024-11-25 15:15:09.961 INFO: Epoch 62: loss=0.2334, RMSE_E=50.9 meV, RMSE_F=15.2 meV / A
2024-11-25 15:15:21.955 INFO: Epoch 64: loss=0.2299, RMSE_E=50.9 meV, RMSE_F=15.1 meV / A
2024-11-25 15:15:34.152 INFO: Epoch 66: loss=0.2166, RMSE_E=46.5 meV, RMSE_F=14.6 meV / A
2024-11-25 15:15:45.626 INFO: Epoch 68: loss=0.2083, RMSE_E=42.9 meV, RMSE_F=14.4 meV / A
2024-11-25 15:15:57.553 INFO: Epoch 70: loss=0.2039, RMSE_E=44.2 meV, RMSE_F=14.2 meV / A
2024-11-25 15:16:09.555 INFO: Epoch 72: loss=0.1991, RMSE_E=43.2 meV, RMSE_F=14.0 meV / A
2024-11-25 15:16:21.475 INFO: Epoch 74: loss=0.1945, RMSE_E=41.2 meV, RMSE_F=13.9 meV / A
2024-11-25 15:16:33.553 INFO: Epoch 76: loss=0.1897, RMSE_E=33.5 meV, RMSE_F=13.7 meV / A
2024-11-25 15:16:45.488 INFO: Epoch 78: loss=0.1848, RMSE_E=30.2 meV, RMSE_F=13.6 meV / A
2024-11-25 15:16:57.730 INFO: Epoch 80: loss=0.1781, RMSE_E=29.4 meV, RMSE_F=13.3 meV / A
2024-11-25 15:17:09.948 INFO: Epoch 82: loss=0.1734, RMSE_E=27.7 meV, RMSE_F=13.1 meV / A
2024-11-25 15:17:21.854 INFO: Epoch 84: loss=0.1706, RMSE_E=29.5 meV, RMSE_F=13.0 meV / A
2024-11-25 15:17:33.490 INFO: Epoch 86: loss=0.1671, RMSE_E=26.1 meV, RMSE_F=12.9 meV / A
2024-11-25 15:17:45.975 INFO: Epoch 88: loss=0.1630, RMSE_E=24.7 meV, RMSE_F=12.7 meV / A
2024-11-25 15:17:57.844 INFO: Epoch 90: loss=0.1606, RMSE_E=24.5 meV, RMSE_F=12.7 meV / A
2024-11-25 15:18:09.896 INFO: Epoch 92: loss=0.1590, RMSE_E=22.3 meV, RMSE_F=12.6 meV / A
2024-11-25 15:18:21.805 INFO: Epoch 94: loss=0.1562, RMSE_E=26.3 meV, RMSE_F=12.5 meV / A
2024-11-25 15:18:34.034 INFO: Epoch 96: loss=0.1547, RMSE_E=26.5 meV, RMSE_F=12.4 meV / A
2024-11-25 15:18:44.074 INFO: Epoch 98: loss=0.1536, RMSE_E=25.0 meV, RMSE_F=12.4 meV / A
2024-11-25 15:18:56.115 INFO: Epoch 100: loss=0.1530, RMSE_E=28.3 meV, RMSE_F=12.3 meV / A
2024-11-25 15:19:08.417 INFO: Epoch 102: loss=0.1523, RMSE_E=25.3 meV, RMSE_F=12.3 meV / A
2024-11-25 15:19:19.736 INFO: Epoch 104: loss=0.1502, RMSE_E=24.8 meV, RMSE_F=12.2 meV / A
2024-11-25 15:19:31.737 INFO: Epoch 106: loss=0.1500, RMSE_E=25.5 meV, RMSE_F=12.2 meV / A
2024-11-25 15:19:43.168 INFO: Epoch 108: loss=0.1466, RMSE_E=23.7 meV, RMSE_F=12.1 meV / A
2024-11-25 15:19:55.314 INFO: Epoch 110: loss=0.1428, RMSE_E=23.1 meV, RMSE_F=11.9 meV / A
2024-11-25 15:20:07.440 INFO: Epoch 112: loss=0.1402, RMSE_E=21.9 meV, RMSE_F=11.8 meV / A
2024-11-25 15:20:19.582 INFO: Epoch 114: loss=0.1385, RMSE_E=21.2 meV, RMSE_F=11.8 meV / A
2024-11-25 15:20:31.515 INFO: Epoch 116: loss=0.1366, RMSE_E=21.5 meV, RMSE_F=11.7 meV / A
2024-11-25 15:20:43.233 INFO: Epoch 118: loss=0.1337, RMSE_E=20.6 meV, RMSE_F=11.5 meV / A
2024-11-25 15:20:55.721 INFO: Epoch 120: loss=0.1318, RMSE_E=19.7 meV, RMSE_F=11.5 meV / A
2024-11-25 15:21:07.680 INFO: Epoch 122: loss=0.1299, RMSE_E=18.1 meV, RMSE_F=11.4 meV / A
2024-11-25 15:21:20.003 INFO: Epoch 124: loss=0.1279, RMSE_E=16.8 meV, RMSE_F=11.3 meV / A
2024-11-25 15:21:31.903 INFO: Epoch 126: loss=0.1267, RMSE_E=15.3 meV, RMSE_F=11.2 meV / A
2024-11-25 15:21:44.156 INFO: Epoch 128: loss=0.1253, RMSE_E=14.7 meV, RMSE_F=11.2 meV / A
2024-11-25 15:21:55.990 INFO: Epoch 130: loss=0.1238, RMSE_E=14.2 meV, RMSE_F=11.1 meV / A
2024-11-25 15:22:08.104 INFO: Epoch 132: loss=0.1225, RMSE_E=12.8 meV, RMSE_F=11.1 meV / A
2024-11-25 15:22:20.144 INFO: Epoch 134: loss=0.1210, RMSE_E=12.0 meV, RMSE_F=11.0 meV / A
2024-11-25 15:22:32.229 INFO: Epoch 136: loss=0.1200, RMSE_E=10.8 meV, RMSE_F=10.9 meV / A
2024-11-25 15:22:44.314 INFO: Epoch 138: loss=0.1189, RMSE_E=10.5 meV, RMSE_F=10.9 meV / A
2024-11-25 15:22:56.121 INFO: Epoch 140: loss=0.1176, RMSE_E=9.3 meV, RMSE_F=10.8 meV / A
2024-11-25 15:23:08.838 INFO: Epoch 142: loss=0.1167, RMSE_E=8.2 meV, RMSE_F=10.8 meV / A
2024-11-25 15:23:20.517 INFO: Epoch 144: loss=0.1156, RMSE_E=8.0 meV, RMSE_F=10.7 meV / A
2024-11-25 15:23:32.741 INFO: Epoch 146: loss=0.1147, RMSE_E=8.2 meV, RMSE_F=10.7 meV / A
2024-11-25 15:23:43.000 INFO: Epoch 148: loss=0.1144, RMSE_E=7.5 meV, RMSE_F=10.7 meV / A
2024-11-25 15:23:53.245 INFO: Epoch 150: loss=0.1141, RMSE_E=7.2 meV, RMSE_F=10.7 meV / A
2024-11-25 15:24:04.737 INFO: Epoch 152: loss=0.1137, RMSE_E=6.2 meV, RMSE_F=10.7 meV / A
2024-11-25 15:24:16.763 INFO: Epoch 154: loss=0.1130, RMSE_E=7.0 meV, RMSE_F=10.6 meV / A
2024-11-25 15:24:28.713 INFO: Epoch 156: loss=0.1121, RMSE_E=6.4 meV, RMSE_F=10.6 meV / A
2024-11-25 15:24:40.623 INFO: Epoch 158: loss=0.1110, RMSE_E=5.9 meV, RMSE_F=10.5 meV / A
2024-11-25 15:24:52.735 INFO: Epoch 160: loss=0.1101, RMSE_E=5.4 meV, RMSE_F=10.5 meV / A
2024-11-25 15:25:04.911 INFO: Epoch 162: loss=0.1092, RMSE_E=5.8 meV, RMSE_F=10.4 meV / A
2024-11-25 15:25:16.857 INFO: Epoch 164: loss=0.1091, RMSE_E=5.7 meV, RMSE_F=10.4 meV / A
2024-11-25 15:25:29.168 INFO: Epoch 166: loss=0.1091, RMSE_E=5.0 meV, RMSE_F=10.4 meV / A
2024-11-25 15:25:41.129 INFO: Epoch 168: loss=0.1095, RMSE_E=5.5 meV, RMSE_F=10.5 meV / A
2024-11-25 15:25:50.991 INFO: Epoch 170: loss=0.1098, RMSE_E=5.4 meV, RMSE_F=10.5 meV / A
2024-11-25 15:26:00.878 INFO: Epoch 172: loss=0.1105, RMSE_E=7.4 meV, RMSE_F=10.5 meV / A
2024-11-25 15:26:10.837 INFO: Epoch 174: loss=0.1106, RMSE_E=7.0 meV, RMSE_F=10.5 meV / A
2024-11-25 15:26:20.716 INFO: Epoch 176: loss=0.1105, RMSE_E=7.7 meV, RMSE_F=10.5 meV / A
2024-11-25 15:26:30.582 INFO: Epoch 178: loss=0.1103, RMSE_E=6.9 meV, RMSE_F=10.5 meV / A
2024-11-25 15:26:40.562 INFO: Epoch 180: loss=0.1101, RMSE_E=6.9 meV, RMSE_F=10.5 meV / A
2024-11-25 15:26:50.436 INFO: Epoch 182: loss=0.1097, RMSE_E=6.6 meV, RMSE_F=10.5 meV / A
2024-11-25 15:27:00.303 INFO: Epoch 184: loss=0.1092, RMSE_E=6.5 meV, RMSE_F=10.5 meV / A
2024-11-25 15:27:09.948 INFO: Epoch 186: loss=0.1088, RMSE_E=6.3 meV, RMSE_F=10.4 meV / A
2024-11-25 15:27:21.607 INFO: Epoch 188: loss=0.1082, RMSE_E=6.1 meV, RMSE_F=10.4 meV / A
2024-11-25 15:27:33.731 INFO: Epoch 190: loss=0.1077, RMSE_E=5.8 meV, RMSE_F=10.4 meV / A
2024-11-25 15:27:45.814 INFO: Epoch 192: loss=0.1071, RMSE_E=5.6 meV, RMSE_F=10.3 meV / A
2024-11-25 15:27:57.807 INFO: Epoch 194: loss=0.1066, RMSE_E=5.2 meV, RMSE_F=10.3 meV / A
2024-11-25 15:28:10.418 INFO: Epoch 196: loss=0.1060, RMSE_E=5.1 meV, RMSE_F=10.3 meV / A
2024-11-25 15:28:21.665 INFO: Epoch 198: loss=0.1055, RMSE_E=4.7 meV, RMSE_F=10.3 meV / A
2024-11-25 15:28:33.710 INFO: Epoch 200: loss=0.1050, RMSE_E=4.4 meV, RMSE_F=10.2 meV / A
2024-11-25 15:28:43.372 INFO: Epoch 202: loss=0.1046, RMSE_E=4.3 meV, RMSE_F=10.2 meV / A
2024-11-25 15:28:54.973 INFO: Epoch 204: loss=0.1041, RMSE_E=4.2 meV, RMSE_F=10.2 meV / A
2024-11-25 15:29:07.408 INFO: Epoch 206: loss=0.1035, RMSE_E=3.9 meV, RMSE_F=10.2 meV / A
2024-11-25 15:29:19.239 INFO: Epoch 208: loss=0.1030, RMSE_E=3.8 meV, RMSE_F=10.1 meV / A
2024-11-25 15:29:31.428 INFO: Epoch 210: loss=0.1026, RMSE_E=3.6 meV, RMSE_F=10.1 meV / A
2024-11-25 15:29:43.121 INFO: Epoch 212: loss=0.1022, RMSE_E=3.5 meV, RMSE_F=10.1 meV / A
2024-11-25 15:29:55.186 INFO: Epoch 214: loss=0.1018, RMSE_E=3.3 meV, RMSE_F=10.1 meV / A
2024-11-25 15:30:07.614 INFO: Epoch 216: loss=0.1014, RMSE_E=3.2 meV, RMSE_F=10.1 meV / A
2024-11-25 15:30:19.654 INFO: Epoch 218: loss=0.1010, RMSE_E=3.0 meV, RMSE_F=10.1 meV / A
2024-11-25 15:30:31.659 INFO: Epoch 220: loss=0.1006, RMSE_E=2.8 meV, RMSE_F=10.0 meV / A
2024-11-25 15:30:43.816 INFO: Epoch 222: loss=0.1003, RMSE_E=2.9 meV, RMSE_F=10.0 meV / A
2024-11-25 15:30:55.666 INFO: Epoch 224: loss=0.0999, RMSE_E=2.8 meV, RMSE_F=10.0 meV / A
2024-11-25 15:31:07.964 INFO: Epoch 226: loss=0.0996, RMSE_E=2.7 meV, RMSE_F=10.0 meV / A
2024-11-25 15:31:19.940 INFO: Epoch 228: loss=0.0993, RMSE_E=2.6 meV, RMSE_F=10.0 meV / A
2024-11-25 15:31:31.849 INFO: Epoch 230: loss=0.0989, RMSE_E=2.6 meV, RMSE_F=9.9 meV / A
2024-11-25 15:31:43.938 INFO: Epoch 232: loss=0.0986, RMSE_E=2.6 meV, RMSE_F=9.9 meV / A
2024-11-25 15:31:56.176 INFO: Epoch 234: loss=0.0983, RMSE_E=2.6 meV, RMSE_F=9.9 meV / A
2024-11-25 15:32:08.339 INFO: Epoch 236: loss=0.0980, RMSE_E=2.5 meV, RMSE_F=9.9 meV / A
2024-11-25 15:32:19.859 INFO: Epoch 238: loss=0.0978, RMSE_E=2.4 meV, RMSE_F=9.9 meV / A
2024-11-25 15:32:32.074 INFO: Epoch 240: loss=0.0976, RMSE_E=2.5 meV, RMSE_F=9.9 meV / A
2024-11-25 15:32:44.430 INFO: Epoch 242: loss=0.0974, RMSE_E=2.5 meV, RMSE_F=9.9 meV / A
2024-11-25 15:32:56.507 INFO: Epoch 244: loss=0.0971, RMSE_E=2.4 meV, RMSE_F=9.9 meV / A
2024-11-25 15:33:08.625 INFO: Epoch 246: loss=0.0968, RMSE_E=2.3 meV, RMSE_F=9.8 meV / A
2024-11-25 15:33:21.023 INFO: Epoch 248: loss=0.0965, RMSE_E=2.3 meV, RMSE_F=9.8 meV / A
2024-11-25 15:33:32.623 INFO: Epoch 250: loss=0.0962, RMSE_E=2.3 meV, RMSE_F=9.8 meV / A
2024-11-25 15:33:45.335 INFO: Epoch 252: loss=0.0960, RMSE_E=2.3 meV, RMSE_F=9.8 meV / A
2024-11-25 15:33:55.478 INFO: Epoch 254: loss=0.0957, RMSE_E=2.3 meV, RMSE_F=9.8 meV / A
2024-11-25 15:34:07.737 INFO: Epoch 256: loss=0.0955, RMSE_E=2.3 meV, RMSE_F=9.8 meV / A
2024-11-25 15:34:20.073 INFO: Epoch 258: loss=0.0953, RMSE_E=2.3 meV, RMSE_F=9.8 meV / A
2024-11-25 15:34:32.487 INFO: Epoch 260: loss=0.0951, RMSE_E=2.3 meV, RMSE_F=9.8 meV / A
2024-11-25 15:34:45.241 INFO: Epoch 262: loss=0.0949, RMSE_E=2.2 meV, RMSE_F=9.7 meV / A
2024-11-25 15:34:57.048 INFO: Epoch 264: loss=0.0947, RMSE_E=2.2 meV, RMSE_F=9.7 meV / A
2024-11-25 15:35:09.231 INFO: Epoch 266: loss=0.0944, RMSE_E=2.2 meV, RMSE_F=9.7 meV / A
2024-11-25 15:35:21.140 INFO: Epoch 268: loss=0.0942, RMSE_E=2.2 meV, RMSE_F=9.7 meV / A
2024-11-25 15:35:33.035 INFO: Epoch 270: loss=0.0941, RMSE_E=2.2 meV, RMSE_F=9.7 meV / A
2024-11-25 15:35:45.436 INFO: Epoch 272: loss=0.0939, RMSE_E=2.2 meV, RMSE_F=9.7 meV / A
2024-11-25 15:35:57.264 INFO: Epoch 274: loss=0.0937, RMSE_E=2.2 meV, RMSE_F=9.7 meV / A
2024-11-25 15:36:09.587 INFO: Epoch 276: loss=0.0935, RMSE_E=2.2 meV, RMSE_F=9.7 meV / A
2024-11-25 15:36:21.421 INFO: Epoch 278: loss=0.0934, RMSE_E=2.2 meV, RMSE_F=9.7 meV / A
2024-11-25 15:36:33.661 INFO: Epoch 280: loss=0.0932, RMSE_E=2.2 meV, RMSE_F=9.7 meV / A
2024-11-25 15:36:45.437 INFO: Epoch 282: loss=0.0930, RMSE_E=2.1 meV, RMSE_F=9.6 meV / A
2024-11-25 15:36:57.638 INFO: Epoch 284: loss=0.0928, RMSE_E=2.1 meV, RMSE_F=9.6 meV / A
2024-11-25 15:37:09.916 INFO: Epoch 286: loss=0.0927, RMSE_E=2.1 meV, RMSE_F=9.6 meV / A
2024-11-25 15:37:21.803 INFO: Epoch 288: loss=0.0925, RMSE_E=2.1 meV, RMSE_F=9.6 meV / A
2024-11-25 15:37:33.798 INFO: Epoch 290: loss=0.0923, RMSE_E=2.1 meV, RMSE_F=9.6 meV / A
2024-11-25 15:37:46.129 INFO: Epoch 292: loss=0.0921, RMSE_E=2.1 meV, RMSE_F=9.6 meV / A
2024-11-25 15:37:57.984 INFO: Epoch 294: loss=0.0920, RMSE_E=2.1 meV, RMSE_F=9.6 meV / A
2024-11-25 15:38:10.061 INFO: Epoch 296: loss=0.0918, RMSE_E=2.1 meV, RMSE_F=9.6 meV / A
2024-11-25 15:38:22.285 INFO: Epoch 298: loss=0.0916, RMSE_E=2.1 meV, RMSE_F=9.6 meV / A
2024-11-25 15:38:33.948 INFO: Epoch 300: loss=0.0915, RMSE_E=2.1 meV, RMSE_F=9.6 meV / A
2024-11-25 15:38:46.280 INFO: Epoch 302: loss=0.0914, RMSE_E=2.1 meV, RMSE_F=9.6 meV / A
2024-11-25 15:38:57.803 INFO: Epoch 304: loss=0.0912, RMSE_E=2.1 meV, RMSE_F=9.5 meV / A
2024-11-25 15:39:09.034 INFO: Epoch 306: loss=0.0910, RMSE_E=2.1 meV, RMSE_F=9.5 meV / A
2024-11-25 15:39:21.342 INFO: Epoch 308: loss=0.0909, RMSE_E=2.1 meV, RMSE_F=9.5 meV / A
2024-11-25 15:39:32.963 INFO: Epoch 310: loss=0.0907, RMSE_E=2.1 meV, RMSE_F=9.5 meV / A
2024-11-25 15:39:44.115 INFO: Epoch 312: loss=0.0906, RMSE_E=2.1 meV, RMSE_F=9.5 meV / A
2024-11-25 15:39:55.106 INFO: Epoch 314: loss=0.0905, RMSE_E=2.1 meV, RMSE_F=9.5 meV / A
2024-11-25 15:40:06.454 INFO: Epoch 316: loss=0.0903, RMSE_E=2.1 meV, RMSE_F=9.5 meV / A
2024-11-25 15:40:18.334 INFO: Epoch 318: loss=0.0902, RMSE_E=2.1 meV, RMSE_F=9.5 meV / A
2024-11-25 15:40:30.685 INFO: Epoch 320: loss=0.0901, RMSE_E=2.1 meV, RMSE_F=9.5 meV / A
2024-11-25 15:40:42.414 INFO: Epoch 322: loss=0.0899, RMSE_E=2.1 meV, RMSE_F=9.5 meV / A
2024-11-25 15:40:53.599 INFO: Epoch 324: loss=0.0898, RMSE_E=2.1 meV, RMSE_F=9.5 meV / A
2024-11-25 15:41:06.559 INFO: Epoch 326: loss=0.0897, RMSE_E=2.1 meV, RMSE_F=9.5 meV / A
2024-11-25 15:41:18.308 INFO: Epoch 328: loss=0.0895, RMSE_E=2.1 meV, RMSE_F=9.5 meV / A
2024-11-25 15:41:30.198 INFO: Epoch 330: loss=0.0894, RMSE_E=2.1 meV, RMSE_F=9.5 meV / A
2024-11-25 15:41:42.494 INFO: Epoch 332: loss=0.0892, RMSE_E=2.1 meV, RMSE_F=9.4 meV / A
2024-11-25 15:41:54.698 INFO: Epoch 334: loss=0.0890, RMSE_E=2.1 meV, RMSE_F=9.4 meV / A
2024-11-25 15:42:06.368 INFO: Epoch 336: loss=0.0889, RMSE_E=2.1 meV, RMSE_F=9.4 meV / A
2024-11-25 15:42:18.039 INFO: Epoch 338: loss=0.0888, RMSE_E=2.1 meV, RMSE_F=9.4 meV / A
2024-11-25 15:42:30.221 INFO: Epoch 340: loss=0.0887, RMSE_E=2.0 meV, RMSE_F=9.4 meV / A
2024-11-25 15:42:42.150 INFO: Epoch 342: loss=0.0886, RMSE_E=2.0 meV, RMSE_F=9.4 meV / A
2024-11-25 15:42:54.162 INFO: Epoch 344: loss=0.0885, RMSE_E=2.1 meV, RMSE_F=9.4 meV / A
2024-11-25 15:43:06.321 INFO: Epoch 346: loss=0.0884, RMSE_E=2.0 meV, RMSE_F=9.4 meV / A
2024-11-25 15:43:19.027 INFO: Epoch 348: loss=0.0883, RMSE_E=2.1 meV, RMSE_F=9.4 meV / A
2024-11-25 15:43:30.565 INFO: Epoch 350: loss=0.0882, RMSE_E=2.0 meV, RMSE_F=9.4 meV / A
2024-11-25 15:43:42.827 INFO: Epoch 352: loss=0.0881, RMSE_E=2.0 meV, RMSE_F=9.4 meV / A
2024-11-25 15:43:52.837 INFO: Epoch 354: loss=0.0880, RMSE_E=2.0 meV, RMSE_F=9.4 meV / A
2024-11-25 15:44:02.891 INFO: Epoch 356: loss=0.0879, RMSE_E=2.0 meV, RMSE_F=9.4 meV / A
2024-11-25 15:44:14.162 INFO: Epoch 358: loss=0.0878, RMSE_E=2.0 meV, RMSE_F=9.4 meV / A
2024-11-25 15:44:26.173 INFO: Epoch 360: loss=0.0877, RMSE_E=2.0 meV, RMSE_F=9.4 meV / A
2024-11-25 15:44:38.341 INFO: Epoch 362: loss=0.0876, RMSE_E=2.0 meV, RMSE_F=9.4 meV / A
2024-11-25 15:44:50.040 INFO: Epoch 364: loss=0.0874, RMSE_E=2.0 meV, RMSE_F=9.3 meV / A
2024-11-25 15:45:02.655 INFO: Epoch 366: loss=0.0873, RMSE_E=2.0 meV, RMSE_F=9.3 meV / A
2024-11-25 15:45:14.278 INFO: Epoch 368: loss=0.0872, RMSE_E=2.0 meV, RMSE_F=9.3 meV / A
2024-11-25 15:45:26.423 INFO: Epoch 370: loss=0.0871, RMSE_E=2.0 meV, RMSE_F=9.3 meV / A
2024-11-25 15:45:38.369 INFO: Epoch 372: loss=0.0870, RMSE_E=2.0 meV, RMSE_F=9.3 meV / A
2024-11-25 15:45:50.391 INFO: Epoch 374: loss=0.0869, RMSE_E=2.0 meV, RMSE_F=9.3 meV / A
2024-11-25 15:46:02.647 INFO: Epoch 376: loss=0.0868, RMSE_E=2.0 meV, RMSE_F=9.3 meV / A
2024-11-25 15:46:14.711 INFO: Epoch 378: loss=0.0867, RMSE_E=2.0 meV, RMSE_F=9.3 meV / A
2024-11-25 15:46:26.436 INFO: Epoch 380: loss=0.0866, RMSE_E=2.0 meV, RMSE_F=9.3 meV / A
2024-11-25 15:46:38.595 INFO: Epoch 382: loss=0.0865, RMSE_E=2.0 meV, RMSE_F=9.3 meV / A
2024-11-25 15:46:50.805 INFO: Epoch 384: loss=0.0864, RMSE_E=2.0 meV, RMSE_F=9.3 meV / A
2024-11-25 15:47:02.708 INFO: Epoch 386: loss=0.0864, RMSE_E=2.0 meV, RMSE_F=9.3 meV / A
2024-11-25 15:47:14.730 INFO: Epoch 388: loss=0.0863, RMSE_E=2.0 meV, RMSE_F=9.3 meV / A
2024-11-25 15:47:27.166 INFO: Epoch 390: loss=0.0862, RMSE_E=2.0 meV, RMSE_F=9.3 meV / A
2024-11-25 15:47:39.043 INFO: Epoch 392: loss=0.0861, RMSE_E=2.0 meV, RMSE_F=9.3 meV / A
2024-11-25 15:47:50.848 INFO: Epoch 394: loss=0.0860, RMSE_E=2.0 meV, RMSE_F=9.3 meV / A
2024-11-25 15:48:03.414 INFO: Epoch 396: loss=0.0859, RMSE_E=2.0 meV, RMSE_F=9.3 meV / A
2024-11-25 15:48:15.090 INFO: Epoch 398: loss=0.0858, RMSE_E=2.0 meV, RMSE_F=9.3 meV / A
2024-11-25 15:48:27.420 INFO: Epoch 400: loss=0.0857, RMSE_E=2.0 meV, RMSE_F=9.3 meV / A
2024-11-25 15:48:38.177 INFO: Epoch 402: loss=0.0856, RMSE_E=2.0 meV, RMSE_F=9.3 meV / A
2024-11-25 15:48:50.376 INFO: Epoch 404: loss=0.0856, RMSE_E=2.0 meV, RMSE_F=9.3 meV / A
2024-11-25 15:49:00.234 INFO: Epoch 406: loss=0.0855, RMSE_E=2.0 meV, RMSE_F=9.2 meV / A
2024-11-25 15:49:12.071 INFO: Epoch 408: loss=0.0854, RMSE_E=2.0 meV, RMSE_F=9.2 meV / A
2024-11-25 15:49:24.125 INFO: Epoch 410: loss=0.0853, RMSE_E=2.0 meV, RMSE_F=9.2 meV / A
2024-11-25 15:49:36.172 INFO: Epoch 412: loss=0.0852, RMSE_E=2.0 meV, RMSE_F=9.2 meV / A
2024-11-25 15:49:48.353 INFO: Epoch 414: loss=0.0852, RMSE_E=2.0 meV, RMSE_F=9.2 meV / A
2024-11-25 15:50:00.242 INFO: Epoch 416: loss=0.0851, RMSE_E=2.0 meV, RMSE_F=9.2 meV / A
2024-11-25 15:50:11.438 INFO: Epoch 418: loss=0.0851, RMSE_E=2.0 meV, RMSE_F=9.2 meV / A
2024-11-25 15:50:23.855 INFO: Epoch 420: loss=0.0850, RMSE_E=2.0 meV, RMSE_F=9.2 meV / A
2024-11-25 15:50:35.877 INFO: Epoch 422: loss=0.0849, RMSE_E=2.0 meV, RMSE_F=9.2 meV / A
2024-11-25 15:50:48.138 INFO: Epoch 424: loss=0.0848, RMSE_E=2.0 meV, RMSE_F=9.2 meV / A
2024-11-25 15:51:00.262 INFO: Epoch 426: loss=0.0847, RMSE_E=2.0 meV, RMSE_F=9.2 meV / A
2024-11-25 15:51:12.034 INFO: Epoch 428: loss=0.0846, RMSE_E=2.0 meV, RMSE_F=9.2 meV / A
2024-11-25 15:51:24.020 INFO: Epoch 430: loss=0.0845, RMSE_E=2.0 meV, RMSE_F=9.2 meV / A
2024-11-25 15:51:36.060 INFO: Epoch 432: loss=0.0845, RMSE_E=2.0 meV, RMSE_F=9.2 meV / A
2024-11-25 15:51:48.318 INFO: Epoch 434: loss=0.0844, RMSE_E=2.0 meV, RMSE_F=9.2 meV / A
2024-11-25 15:52:00.285 INFO: Epoch 436: loss=0.0843, RMSE_E=2.0 meV, RMSE_F=9.2 meV / A
2024-11-25 15:52:12.584 INFO: Epoch 438: loss=0.0842, RMSE_E=2.0 meV, RMSE_F=9.2 meV / A
2024-11-25 15:52:24.356 INFO: Epoch 440: loss=0.0842, RMSE_E=2.0 meV, RMSE_F=9.2 meV / A
2024-11-25 15:52:36.624 INFO: Epoch 442: loss=0.0841, RMSE_E=2.0 meV, RMSE_F=9.2 meV / A
2024-11-25 15:52:48.600 INFO: Epoch 444: loss=0.0840, RMSE_E=2.0 meV, RMSE_F=9.2 meV / A
2024-11-25 15:53:00.648 INFO: Epoch 446: loss=0.0839, RMSE_E=2.0 meV, RMSE_F=9.2 meV / A
2024-11-25 15:53:13.119 INFO: Epoch 448: loss=0.0838, RMSE_E=2.0 meV, RMSE_F=9.2 meV / A
2024-11-25 15:53:24.812 INFO: Epoch 450: loss=0.0838, RMSE_E=2.0 meV, RMSE_F=9.2 meV / A
2024-11-25 15:53:36.951 INFO: Epoch 452: loss=0.0837, RMSE_E=2.0 meV, RMSE_F=9.1 meV / A
2024-11-25 15:53:48.953 INFO: Epoch 454: loss=0.0836, RMSE_E=2.0 meV, RMSE_F=9.1 meV / A
2024-11-25 15:53:59.177 INFO: Epoch 456: loss=0.0836, RMSE_E=2.0 meV, RMSE_F=9.1 meV / A
2024-11-25 15:54:09.423 INFO: Epoch 458: loss=0.0835, RMSE_E=2.0 meV, RMSE_F=9.1 meV / A
2024-11-25 15:54:20.691 INFO: Epoch 460: loss=0.0834, RMSE_E=1.9 meV, RMSE_F=9.1 meV / A
2024-11-25 15:54:33.221 INFO: Epoch 462: loss=0.0833, RMSE_E=1.9 meV, RMSE_F=9.1 meV / A
2024-11-25 15:54:45.247 INFO: Epoch 464: loss=0.0832, RMSE_E=1.9 meV, RMSE_F=9.1 meV / A
2024-11-25 15:54:57.292 INFO: Epoch 466: loss=0.0831, RMSE_E=1.9 meV, RMSE_F=9.1 meV / A
2024-11-25 15:55:09.736 INFO: Epoch 468: loss=0.0830, RMSE_E=1.9 meV, RMSE_F=9.1 meV / A
2024-11-25 15:55:21.193 INFO: Epoch 470: loss=0.0830, RMSE_E=1.9 meV, RMSE_F=9.1 meV / A
2024-11-25 15:55:33.484 INFO: Epoch 472: loss=0.0829, RMSE_E=1.9 meV, RMSE_F=9.1 meV / A
2024-11-25 15:55:45.546 INFO: Epoch 474: loss=0.0828, RMSE_E=1.9 meV, RMSE_F=9.1 meV / A
2024-11-25 15:55:57.477 INFO: Epoch 476: loss=0.0828, RMSE_E=1.9 meV, RMSE_F=9.1 meV / A
2024-11-25 15:56:09.579 INFO: Epoch 478: loss=0.0827, RMSE_E=1.9 meV, RMSE_F=9.1 meV / A
2024-11-25 15:56:21.831 INFO: Epoch 480: loss=0.0827, RMSE_E=1.9 meV, RMSE_F=9.1 meV / A
2024-11-25 15:56:33.842 INFO: Epoch 482: loss=0.0826, RMSE_E=1.9 meV, RMSE_F=9.1 meV / A
2024-11-25 15:56:45.945 INFO: Epoch 484: loss=0.0825, RMSE_E=1.9 meV, RMSE_F=9.1 meV / A
2024-11-25 15:56:57.836 INFO: Epoch 486: loss=0.0825, RMSE_E=1.9 meV, RMSE_F=9.1 meV / A
2024-11-25 15:57:09.886 INFO: Epoch 488: loss=0.0824, RMSE_E=1.9 meV, RMSE_F=9.1 meV / A
2024-11-25 15:57:22.203 INFO: Epoch 490: loss=0.0823, RMSE_E=1.9 meV, RMSE_F=9.1 meV / A
2024-11-25 15:57:33.912 INFO: Epoch 492: loss=0.0823, RMSE_E=1.9 meV, RMSE_F=9.1 meV / A
2024-11-25 15:57:46.219 INFO: Epoch 494: loss=0.0823, RMSE_E=1.9 meV, RMSE_F=9.1 meV / A
2024-11-25 15:57:58.238 INFO: Epoch 496: loss=0.0822, RMSE_E=1.9 meV, RMSE_F=9.1 meV / A
2024-11-25 15:58:10.793 INFO: Epoch 498: loss=0.0821, RMSE_E=1.9 meV, RMSE_F=9.1 meV / A
2024-11-25 15:58:13.285 INFO: Training complete
2024-11-25 15:58:13.286 INFO: Computing metrics for training, validation, and test sets
2024-11-25 15:58:13.288 INFO: Loading checkpoint: checkpoints/toluene_run-123_epoch-498.pt
2024-11-25 15:58:13.744 INFO: Loaded model from epoch 498
2024-11-25 15:58:13.745 INFO: Evaluating train ...
2024-11-25 15:58:14.134 INFO: Evaluating valid ...
2024-11-25 15:58:22.489 INFO: 
+-------------+--------------+------------------+-------------------+
| config_type | RMSE E / meV | RMSE F / meV / A | relative F RMSE % |
+-------------+--------------+------------------+-------------------+
|    train    |     0.9      |       2.6        |        0.20       |
|    valid    |     1.9      |       9.1        |        0.73       |
+-------------+--------------+------------------+-------------------+
2024-11-25 15:58:22.489 INFO: Saving model to checkpoints/toluene_run-123.model
2024-11-25 15:58:26.755 INFO: Compiling model, saving metadata to toluene_compiled.model
2024-11-25 15:58:28.277 INFO: Done
