2025-03-28 02:47:39.281 INFO: MACE version: 0.3.5
2025-03-28 02:47:39.282 INFO: Configuration: Namespace(config=None, name='AcAc', seed=2024, log_dir='logs', model_dir='.', checkpoints_dir='checkpoints', results_dir='results', downloads_dir='downloads', device='cuda', default_dtype='float64', distributed=False, log_level='INFO', error_table='TotalRMSE', model='MACE', r_max=5.0, radial_type='bessel', num_radial_basis=8, num_cutoff_basis=5, pair_repulsion=False, distance_transform='None', interaction='RealAgnosticResidualInteractionBlock', interaction_first='RealAgnosticResidualInteractionBlock', max_ell=3, correlation=3, num_interactions=2, MLP_irreps='16x0e', radial_MLP='[64, 64, 64]', hidden_irreps='128x0e + 128x1o', num_channels=128, max_L=1, gate='silu', scaling='rms_forces_scaling', avg_num_neighbors=1, compute_avg_num_neighbors=True, compute_stress=False, compute_forces=True, train_file='./dataset/train_300K.xyz', valid_file=None, valid_fraction=0.1, test_file='./dataset/test_MD_300K.xyz', test_dir=None, multi_processed_test=False, num_workers=0, pin_memory=True, atomic_numbers=None, mean=None, std=None, statistics_file=None, E0s='average', keep_isolated_atoms=False, energy_key='energy', forces_key='forces', virials_key='virials', stress_key='stress', dipole_key='dipole', charges_key='charges', loss='ef', forces_weight=1000.0, swa_forces_weight=100.0, energy_weight=1.0, swa_energy_weight=1000.0, virials_weight=1.0, swa_virials_weight=10.0, stress_weight=1.0, swa_stress_weight=10.0, dipole_weight=1.0, swa_dipole_weight=1.0, config_type_weights='{"Default":1.0}', huber_delta=0.01, optimizer='adam', beta=0.9, batch_size=5, valid_batch_size=5, lr=0.005, swa_lr=0.001, weight_decay=1e-08, amsgrad=True, scheduler='ReduceLROnPlateau', lr_factor=0.8, scheduler_patience=5, lr_scheduler_gamma=0.9993, swa=False, start_swa=None, ema=True, ema_decay=0.995, max_num_epochs=500, patience=2048, foundation_model='/share/home/wangchen/work/mace/MPtrj/MACE-OFF23_medium.model', foundation_model_readout=True, eval_interval=2, keep_checkpoints=False, save_all_checkpoints=False, restart_latest=False, save_cpu=True, clip_grad=100.0, wandb=False, wandb_dir=None, wandb_project='', wandb_entity='', wandb_name='', wandb_log_hypers=['num_channels', 'max_L', 'correlation', 'lr', 'swa_lr', 'weight_decay', 'batch_size', 'max_num_epochs', 'start_swa', 'energy_weight', 'forces_weight'])
2025-03-28 02:47:39.363 INFO: CUDA version: 11.8, CUDA device: 0
2025-03-28 02:47:39.419 INFO: Error accessing Git repository: /share/home/wangchen/work/mace/organic/AcAc/finetune_2024
2025-03-28 02:47:39.672 INFO: Using foundation model /share/home/wangchen/work/mace/MPtrj/MACE-OFF23_medium.model as initial checkpoint.
2025-03-28 02:47:39.845 INFO: Since ASE version 3.23.0b1, using energy_key 'energy' is no longer safe when communicating between MACE and ASE. We recommend using a different key, rewriting energies to 'REF_energy'. You need to use --energy_key='REF_energy', to tell the key name chosen.
2025-03-28 02:47:39.901 INFO: Since ASE version 3.23.0b1, using forces_key 'forces' is no longer safe when communicating between MACE and ASE. We recommend using a different key, rewriting energies to 'REF_forces'. You need to use --forces_key='REF_forces', to tell the key name chosen.
2025-03-28 02:47:39.957 INFO: Since ASE version 3.23.0b1, using stress_key 'stress' is no longer safe when communicating between MACE and ASE. We recommend using a different key, rewriting energies to 'REF_stress'. You need to use --stress_key='REF_stress', to tell the key name chosen.
2025-03-28 02:47:39.965 INFO: Loaded 500 training configurations from './dataset/train_300K.xyz'
2025-03-28 02:47:39.965 INFO: Using random 10.0% of training set for validation
2025-03-28 02:47:40.126 INFO: Since ASE version 3.23.0b1, using energy_key 'energy' is no longer safe when communicating between MACE and ASE. We recommend using a different key, rewriting energies to 'REF_energy'. You need to use --energy_key='REF_energy', to tell the key name chosen.
2025-03-28 02:47:40.196 INFO: Since ASE version 3.23.0b1, using forces_key 'forces' is no longer safe when communicating between MACE and ASE. We recommend using a different key, rewriting energies to 'REF_forces'. You need to use --forces_key='REF_forces', to tell the key name chosen.
2025-03-28 02:47:40.269 INFO: Since ASE version 3.23.0b1, using stress_key 'stress' is no longer safe when communicating between MACE and ASE. We recommend using a different key, rewriting energies to 'REF_stress'. You need to use --stress_key='REF_stress', to tell the key name chosen.
2025-03-28 02:47:40.279 INFO: Loaded 650 test configurations from './dataset/test_MD_300K.xyz'
2025-03-28 02:47:40.279 INFO: Total number of configurations: train=450, valid=50, tests=[300K_MD: 650]
2025-03-28 02:47:40.280 INFO: AtomicNumberTable: (1, 6, 8)
2025-03-28 02:47:40.280 INFO: Atomic Energies not in training file, using command line argument E0s
2025-03-28 02:47:40.280 INFO: Computing average Atomic Energies using least squares regression
2025-03-28 02:47:40.283 INFO: Atomic energies: [-807.8613172623299, -504.9133232889534, -201.9653293155826]
2025-03-28 02:47:40.458 INFO: EnergyForcesLoss(energy_weight=1.000, forces_weight=1000.000)
2025-03-28 02:47:40.575 INFO: Average number of neighbors: 12.132444444444445
2025-03-28 02:47:40.575 INFO: Selected the following outputs: {'energy': True, 'forces': True, 'virials': False, 'stress': False, 'dipoles': False}
2025-03-28 02:47:40.698 INFO: Building model
2025-03-28 02:47:42.447 INFO: ScaleShiftMACE(
  (node_embedding): LinearNodeEmbeddingBlock(
    (linear): Linear(3x0e -> 128x0e | 384 weights)
  )
  (radial_embedding): RadialEmbeddingBlock(
    (bessel_fn): BesselBasis(r_max=5.0, num_basis=8, trainable=True)
    (cutoff_fn): PolynomialCutoff(p=5.0, r_max=5.0)
  )
  (spherical_harmonics): SphericalHarmonics()
  (atomic_energies_fn): AtomicEnergiesBlock(energies=[-807.8613, -504.9133, -201.9653])
  (interactions): ModuleList(
    (0): RealAgnosticInteractionBlock(
      (linear_up): Linear(128x0e -> 128x0e | 16384 weights)
      (conv_tp): TensorProduct(128x0e x 1x0e+1x1o+1x2e+1x3o -> 128x0e+128x1o+128x2e+128x3o | 512 paths | 512 weights)
      (conv_tp_weights): FullyConnectedNet[8, 64, 64, 64, 512]
      (linear): Linear(128x0e+128x1o+128x2e+128x3o -> 128x0e+128x1o+128x2e+128x3o | 65536 weights)
      (skip_tp): FullyConnectedTensorProduct(128x0e+128x1o+128x2e+128x3o x 3x0e -> 128x0e+128x1o+128x2e+128x3o | 196608 paths | 196608 weights)
      (reshape): reshape_irreps()
    )
    (1): RealAgnosticResidualInteractionBlock(
      (linear_up): Linear(128x0e+128x1o -> 128x0e+128x1o | 32768 weights)
      (conv_tp): TensorProduct(128x0e+128x1o x 1x0e+1x1o+1x2e+1x3o -> 256x0e+384x1o+384x2e+256x3o | 1280 paths | 1280 weights)
      (conv_tp_weights): FullyConnectedNet[8, 64, 64, 64, 1280]
      (linear): Linear(256x0e+384x1o+384x2e+256x3o -> 128x0e+128x1o+128x2e+128x3o | 163840 weights)
      (skip_tp): FullyConnectedTensorProduct(128x0e+128x1o x 3x0e -> 128x0e | 49152 paths | 49152 weights)
      (reshape): reshape_irreps()
    )
  )
  (products): ModuleList(
    (0): EquivariantProductBasisBlock(
      (symmetric_contractions): SymmetricContraction(
        (contractions): ModuleList(
          (0): Contraction(
            (contractions_weighting): ModuleList(
              (0-1): 2 x GraphModule()
            )
            (contractions_features): ModuleList(
              (0-1): 2 x GraphModule()
            )
            (weights): ParameterList(
                (0): Parameter containing: [torch.float64 of size 3x4x128 (cuda:0)]
                (1): Parameter containing: [torch.float64 of size 3x1x128 (cuda:0)]
            )
            (graph_opt_main): GraphModule()
          )
          (1): Contraction(
            (contractions_weighting): ModuleList(
              (0-1): 2 x GraphModule()
            )
            (contractions_features): ModuleList(
              (0-1): 2 x GraphModule()
            )
            (weights): ParameterList(
                (0): Parameter containing: [torch.float64 of size 3x6x128 (cuda:0)]
                (1): Parameter containing: [torch.float64 of size 3x1x128 (cuda:0)]
            )
            (graph_opt_main): GraphModule()
          )
        )
      )
      (linear): Linear(128x0e+128x1o -> 128x0e+128x1o | 32768 weights)
    )
    (1): EquivariantProductBasisBlock(
      (symmetric_contractions): SymmetricContraction(
        (contractions): ModuleList(
          (0): Contraction(
            (contractions_weighting): ModuleList(
              (0-1): 2 x GraphModule()
            )
            (contractions_features): ModuleList(
              (0-1): 2 x GraphModule()
            )
            (weights): ParameterList(
                (0): Parameter containing: [torch.float64 of size 3x4x128 (cuda:0)]
                (1): Parameter containing: [torch.float64 of size 3x1x128 (cuda:0)]
            )
            (graph_opt_main): GraphModule()
          )
        )
      )
      (linear): Linear(128x0e -> 128x0e | 16384 weights)
    )
  )
  (readouts): ModuleList(
    (0): LinearReadoutBlock(
      (linear): Linear(128x0e+128x1o -> 1x0e | 128 weights)
    )
    (1): NonLinearReadoutBlock(
      (linear_1): Linear(128x0e -> 16x0e | 2048 weights)
      (non_linearity): Activation [x] (16x0e -> 16x0e)
      (linear_2): Linear(16x0e -> 1x0e | 16 weights)
    )
  )
  (scale_shift): ScaleShiftBlock(scale=1.088502, shift=0.000000)
)
2025-03-28 02:47:42.449 INFO: Number of parameters: 751896
2025-03-28 02:47:42.449 INFO: Optimizer: Adam (
Parameter Group 0
    amsgrad: True
    betas: (0.9, 0.999)
    capturable: False
    differentiable: False
    eps: 1e-08
    foreach: None
    fused: None
    lr: 0.005
    maximize: False
    name: embedding
    weight_decay: 0.0

Parameter Group 1
    amsgrad: True
    betas: (0.9, 0.999)
    capturable: False
    differentiable: False
    eps: 1e-08
    foreach: None
    fused: None
    lr: 0.005
    maximize: False
    name: interactions_decay
    weight_decay: 1e-08

Parameter Group 2
    amsgrad: True
    betas: (0.9, 0.999)
    capturable: False
    differentiable: False
    eps: 1e-08
    foreach: None
    fused: None
    lr: 0.005
    maximize: False
    name: interactions_no_decay
    weight_decay: 0.0

Parameter Group 3
    amsgrad: True
    betas: (0.9, 0.999)
    capturable: False
    differentiable: False
    eps: 1e-08
    foreach: None
    fused: None
    lr: 0.005
    maximize: False
    name: products
    weight_decay: 1e-08

Parameter Group 4
    amsgrad: True
    betas: (0.9, 0.999)
    capturable: False
    differentiable: False
    eps: 1e-08
    foreach: None
    fused: None
    lr: 0.005
    maximize: False
    name: readouts
    weight_decay: 0.0
)
2025-03-28 02:47:42.450 INFO: Using gradient clipping with tolerance=100.000
2025-03-28 02:47:42.450 INFO: Started training
2025-03-28 02:47:50.380 INFO: Epoch None: loss=4608.5135, RMSE_E=66284.4 meV, RMSE_F=463.6 meV / A
2025-03-28 02:48:09.135 INFO: Epoch 0: loss=6.2530, RMSE_E=354.4 meV, RMSE_F=78.3 meV / A
2025-03-28 02:48:26.634 INFO: Epoch 2: loss=1.0748, RMSE_E=68.5 meV, RMSE_F=32.7 meV / A
2025-03-28 02:48:44.002 INFO: Epoch 4: loss=0.5093, RMSE_E=30.4 meV, RMSE_F=22.5 meV / A
2025-03-28 02:49:01.439 INFO: Epoch 6: loss=0.3544, RMSE_E=20.7 meV, RMSE_F=18.8 meV / A
2025-03-28 02:49:18.977 INFO: Epoch 8: loss=0.2736, RMSE_E=20.2 meV, RMSE_F=16.5 meV / A
2025-03-28 02:49:36.453 INFO: Epoch 10: loss=0.2254, RMSE_E=13.8 meV, RMSE_F=15.0 meV / A
2025-03-28 02:49:53.774 INFO: Epoch 12: loss=0.1949, RMSE_E=8.6 meV, RMSE_F=14.0 meV / A
2025-03-28 02:50:11.098 INFO: Epoch 14: loss=0.1747, RMSE_E=9.0 meV, RMSE_F=13.2 meV / A
2025-03-28 02:50:28.467 INFO: Epoch 16: loss=0.1576, RMSE_E=7.1 meV, RMSE_F=12.6 meV / A
2025-03-28 02:50:45.857 INFO: Epoch 18: loss=0.1454, RMSE_E=6.9 meV, RMSE_F=12.1 meV / A
2025-03-28 02:51:03.165 INFO: Epoch 20: loss=0.1337, RMSE_E=5.6 meV, RMSE_F=11.6 meV / A
2025-03-28 02:51:20.531 INFO: Epoch 22: loss=0.1259, RMSE_E=6.2 meV, RMSE_F=11.2 meV / A
2025-03-28 02:51:37.826 INFO: Epoch 24: loss=0.1164, RMSE_E=4.9 meV, RMSE_F=10.8 meV / A
2025-03-28 02:51:55.165 INFO: Epoch 26: loss=0.1087, RMSE_E=4.1 meV, RMSE_F=10.4 meV / A
2025-03-28 02:52:12.623 INFO: Epoch 28: loss=0.1038, RMSE_E=4.1 meV, RMSE_F=10.2 meV / A
2025-03-28 02:52:30.053 INFO: Epoch 30: loss=0.0995, RMSE_E=3.9 meV, RMSE_F=10.0 meV / A
2025-03-28 02:52:47.477 INFO: Epoch 32: loss=0.0947, RMSE_E=3.4 meV, RMSE_F=9.7 meV / A
2025-03-28 02:53:05.020 INFO: Epoch 34: loss=0.0905, RMSE_E=2.8 meV, RMSE_F=9.5 meV / A
2025-03-28 02:53:22.424 INFO: Epoch 36: loss=0.0851, RMSE_E=2.7 meV, RMSE_F=9.2 meV / A
2025-03-28 02:53:39.729 INFO: Epoch 38: loss=0.0812, RMSE_E=2.7 meV, RMSE_F=9.0 meV / A
2025-03-28 02:53:57.130 INFO: Epoch 40: loss=0.0794, RMSE_E=2.3 meV, RMSE_F=8.9 meV / A
2025-03-28 02:54:14.504 INFO: Epoch 42: loss=0.0776, RMSE_E=2.3 meV, RMSE_F=8.8 meV / A
2025-03-28 02:54:31.938 INFO: Epoch 44: loss=0.0749, RMSE_E=2.2 meV, RMSE_F=8.7 meV / A
2025-03-28 02:54:49.323 INFO: Epoch 46: loss=0.0741, RMSE_E=2.7 meV, RMSE_F=8.6 meV / A
2025-03-28 02:55:06.739 INFO: Epoch 48: loss=0.0713, RMSE_E=2.5 meV, RMSE_F=8.4 meV / A
2025-03-28 02:55:24.045 INFO: Epoch 50: loss=0.0695, RMSE_E=2.5 meV, RMSE_F=8.3 meV / A
2025-03-28 02:55:41.387 INFO: Epoch 52: loss=0.0689, RMSE_E=2.1 meV, RMSE_F=8.3 meV / A
2025-03-28 02:55:58.713 INFO: Epoch 54: loss=0.0670, RMSE_E=2.1 meV, RMSE_F=8.2 meV / A
2025-03-28 02:56:15.975 INFO: Epoch 56: loss=0.0654, RMSE_E=1.9 meV, RMSE_F=8.1 meV / A
2025-03-28 02:56:33.279 INFO: Epoch 58: loss=0.0639, RMSE_E=1.9 meV, RMSE_F=8.0 meV / A
2025-03-28 02:56:50.621 INFO: Epoch 60: loss=0.0633, RMSE_E=1.8 meV, RMSE_F=8.0 meV / A
2025-03-28 02:57:07.911 INFO: Epoch 62: loss=0.0622, RMSE_E=1.8 meV, RMSE_F=7.9 meV / A
2025-03-28 02:57:25.241 INFO: Epoch 64: loss=0.0610, RMSE_E=1.8 meV, RMSE_F=7.8 meV / A
2025-03-28 02:57:42.545 INFO: Epoch 66: loss=0.0598, RMSE_E=1.9 meV, RMSE_F=7.7 meV / A
2025-03-28 02:57:59.806 INFO: Epoch 68: loss=0.0584, RMSE_E=1.8 meV, RMSE_F=7.6 meV / A
2025-03-28 02:58:17.141 INFO: Epoch 70: loss=0.0574, RMSE_E=1.9 meV, RMSE_F=7.6 meV / A
2025-03-28 02:58:34.373 INFO: Epoch 72: loss=0.0567, RMSE_E=1.7 meV, RMSE_F=7.5 meV / A
2025-03-28 02:58:51.659 INFO: Epoch 74: loss=0.0557, RMSE_E=1.8 meV, RMSE_F=7.5 meV / A
2025-03-28 02:59:09.009 INFO: Epoch 76: loss=0.0549, RMSE_E=1.8 meV, RMSE_F=7.4 meV / A
2025-03-28 02:59:26.338 INFO: Epoch 78: loss=0.0542, RMSE_E=1.7 meV, RMSE_F=7.4 meV / A
2025-03-28 02:59:43.701 INFO: Epoch 80: loss=0.0541, RMSE_E=1.7 meV, RMSE_F=7.4 meV / A
2025-03-28 03:00:00.990 INFO: Epoch 82: loss=0.0544, RMSE_E=1.7 meV, RMSE_F=7.4 meV / A
2025-03-28 03:00:18.302 INFO: Epoch 84: loss=0.0530, RMSE_E=1.6 meV, RMSE_F=7.3 meV / A
2025-03-28 03:00:35.687 INFO: Epoch 86: loss=0.0521, RMSE_E=1.6 meV, RMSE_F=7.2 meV / A
2025-03-28 03:00:53.117 INFO: Epoch 88: loss=0.0517, RMSE_E=1.6 meV, RMSE_F=7.2 meV / A
2025-03-28 03:01:10.528 INFO: Epoch 90: loss=0.0507, RMSE_E=1.7 meV, RMSE_F=7.1 meV / A
2025-03-28 03:01:27.918 INFO: Epoch 92: loss=0.0503, RMSE_E=1.6 meV, RMSE_F=7.1 meV / A
2025-03-28 03:01:45.299 INFO: Epoch 94: loss=0.0501, RMSE_E=1.6 meV, RMSE_F=7.1 meV / A
2025-03-28 03:02:02.712 INFO: Epoch 96: loss=0.0492, RMSE_E=1.7 meV, RMSE_F=7.0 meV / A
2025-03-28 03:02:20.179 INFO: Epoch 98: loss=0.0486, RMSE_E=1.5 meV, RMSE_F=7.0 meV / A
2025-03-28 03:02:37.577 INFO: Epoch 100: loss=0.0480, RMSE_E=1.6 meV, RMSE_F=6.9 meV / A
2025-03-28 03:02:55.032 INFO: Epoch 102: loss=0.0474, RMSE_E=1.5 meV, RMSE_F=6.9 meV / A
2025-03-28 03:03:12.429 INFO: Epoch 104: loss=0.0466, RMSE_E=1.5 meV, RMSE_F=6.8 meV / A
2025-03-28 03:03:29.879 INFO: Epoch 106: loss=0.0464, RMSE_E=1.5 meV, RMSE_F=6.8 meV / A
2025-03-28 03:03:47.197 INFO: Epoch 108: loss=0.0463, RMSE_E=1.6 meV, RMSE_F=6.8 meV / A
2025-03-28 03:04:04.599 INFO: Epoch 110: loss=0.0458, RMSE_E=1.5 meV, RMSE_F=6.8 meV / A
2025-03-28 03:04:21.936 INFO: Epoch 112: loss=0.0456, RMSE_E=1.5 meV, RMSE_F=6.8 meV / A
2025-03-28 03:04:39.373 INFO: Epoch 114: loss=0.0454, RMSE_E=1.4 meV, RMSE_F=6.7 meV / A
2025-03-28 03:04:56.674 INFO: Epoch 116: loss=0.0453, RMSE_E=1.5 meV, RMSE_F=6.7 meV / A
2025-03-28 03:05:13.947 INFO: Epoch 118: loss=0.0455, RMSE_E=1.5 meV, RMSE_F=6.7 meV / A
2025-03-28 03:05:31.216 INFO: Epoch 120: loss=0.0450, RMSE_E=1.5 meV, RMSE_F=6.7 meV / A
2025-03-28 03:05:48.552 INFO: Epoch 122: loss=0.0442, RMSE_E=1.4 meV, RMSE_F=6.6 meV / A
2025-03-28 03:06:05.932 INFO: Epoch 124: loss=0.0437, RMSE_E=1.4 meV, RMSE_F=6.6 meV / A
2025-03-28 03:06:23.279 INFO: Epoch 126: loss=0.0433, RMSE_E=1.4 meV, RMSE_F=6.6 meV / A
2025-03-28 03:06:40.607 INFO: Epoch 128: loss=0.0431, RMSE_E=1.4 meV, RMSE_F=6.6 meV / A
2025-03-28 03:06:57.953 INFO: Epoch 130: loss=0.0429, RMSE_E=1.4 meV, RMSE_F=6.5 meV / A
2025-03-28 03:07:15.248 INFO: Epoch 132: loss=0.0431, RMSE_E=1.5 meV, RMSE_F=6.6 meV / A
2025-03-28 03:07:32.414 INFO: Epoch 134: loss=0.0427, RMSE_E=1.4 meV, RMSE_F=6.5 meV / A
2025-03-28 03:07:49.725 INFO: Epoch 136: loss=0.0424, RMSE_E=1.4 meV, RMSE_F=6.5 meV / A
2025-03-28 03:08:06.985 INFO: Epoch 138: loss=0.0421, RMSE_E=1.4 meV, RMSE_F=6.5 meV / A
2025-03-28 03:08:24.285 INFO: Epoch 140: loss=0.0416, RMSE_E=1.4 meV, RMSE_F=6.4 meV / A
2025-03-28 03:08:41.553 INFO: Epoch 142: loss=0.0415, RMSE_E=1.4 meV, RMSE_F=6.4 meV / A
2025-03-28 03:08:58.879 INFO: Epoch 144: loss=0.0419, RMSE_E=1.5 meV, RMSE_F=6.5 meV / A
2025-03-28 03:09:16.030 INFO: Epoch 146: loss=0.0410, RMSE_E=1.4 meV, RMSE_F=6.4 meV / A
2025-03-28 03:09:33.375 INFO: Epoch 148: loss=0.0406, RMSE_E=1.4 meV, RMSE_F=6.4 meV / A
2025-03-28 03:09:50.639 INFO: Epoch 150: loss=0.0403, RMSE_E=1.4 meV, RMSE_F=6.3 meV / A
2025-03-28 03:10:07.920 INFO: Epoch 152: loss=0.0399, RMSE_E=1.4 meV, RMSE_F=6.3 meV / A
2025-03-28 03:10:25.212 INFO: Epoch 154: loss=0.0396, RMSE_E=1.3 meV, RMSE_F=6.3 meV / A
2025-03-28 03:10:42.453 INFO: Epoch 156: loss=0.0395, RMSE_E=1.3 meV, RMSE_F=6.3 meV / A
2025-03-28 03:10:59.772 INFO: Epoch 158: loss=0.0395, RMSE_E=1.4 meV, RMSE_F=6.3 meV / A
2025-03-28 03:11:16.934 INFO: Epoch 160: loss=0.0394, RMSE_E=1.4 meV, RMSE_F=6.3 meV / A
2025-03-28 03:11:34.203 INFO: Epoch 162: loss=0.0390, RMSE_E=1.3 meV, RMSE_F=6.2 meV / A
2025-03-28 03:11:51.523 INFO: Epoch 164: loss=0.0389, RMSE_E=1.4 meV, RMSE_F=6.2 meV / A
2025-03-28 03:12:08.789 INFO: Epoch 166: loss=0.0387, RMSE_E=1.4 meV, RMSE_F=6.2 meV / A
2025-03-28 03:12:26.085 INFO: Epoch 168: loss=0.0387, RMSE_E=1.4 meV, RMSE_F=6.2 meV / A
2025-03-28 03:12:43.261 INFO: Epoch 170: loss=0.0384, RMSE_E=1.3 meV, RMSE_F=6.2 meV / A
2025-03-28 03:13:00.696 INFO: Epoch 172: loss=0.0384, RMSE_E=1.3 meV, RMSE_F=6.2 meV / A
2025-03-28 03:13:17.960 INFO: Epoch 174: loss=0.0382, RMSE_E=1.3 meV, RMSE_F=6.2 meV / A
2025-03-28 03:13:35.326 INFO: Epoch 176: loss=0.0378, RMSE_E=1.3 meV, RMSE_F=6.2 meV / A
2025-03-28 03:13:52.781 INFO: Epoch 178: loss=0.0377, RMSE_E=1.3 meV, RMSE_F=6.1 meV / A
2025-03-28 03:14:10.210 INFO: Epoch 180: loss=0.0379, RMSE_E=1.3 meV, RMSE_F=6.2 meV / A
2025-03-28 03:14:27.463 INFO: Epoch 182: loss=0.0377, RMSE_E=1.3 meV, RMSE_F=6.1 meV / A
2025-03-28 03:14:44.723 INFO: Epoch 184: loss=0.0374, RMSE_E=1.3 meV, RMSE_F=6.1 meV / A
2025-03-28 03:15:02.010 INFO: Epoch 186: loss=0.0372, RMSE_E=1.3 meV, RMSE_F=6.1 meV / A
2025-03-28 03:15:19.287 INFO: Epoch 188: loss=0.0370, RMSE_E=1.3 meV, RMSE_F=6.1 meV / A
2025-03-28 03:15:36.563 INFO: Epoch 190: loss=0.0368, RMSE_E=1.3 meV, RMSE_F=6.1 meV / A
2025-03-28 03:15:53.963 INFO: Epoch 192: loss=0.0366, RMSE_E=1.3 meV, RMSE_F=6.1 meV / A
2025-03-28 03:16:11.397 INFO: Epoch 194: loss=0.0369, RMSE_E=1.3 meV, RMSE_F=6.1 meV / A
2025-03-28 03:16:28.683 INFO: Epoch 196: loss=0.0368, RMSE_E=1.3 meV, RMSE_F=6.1 meV / A
2025-03-28 03:16:45.977 INFO: Epoch 198: loss=0.0365, RMSE_E=1.3 meV, RMSE_F=6.0 meV / A
2025-03-28 03:17:03.407 INFO: Epoch 200: loss=0.0363, RMSE_E=1.3 meV, RMSE_F=6.0 meV / A
2025-03-28 03:17:20.862 INFO: Epoch 202: loss=0.0365, RMSE_E=1.3 meV, RMSE_F=6.0 meV / A
2025-03-28 03:17:38.158 INFO: Epoch 204: loss=0.0365, RMSE_E=1.3 meV, RMSE_F=6.0 meV / A
2025-03-28 03:17:55.521 INFO: Epoch 206: loss=0.0358, RMSE_E=1.3 meV, RMSE_F=6.0 meV / A
2025-03-28 03:18:12.964 INFO: Epoch 208: loss=0.0357, RMSE_E=1.3 meV, RMSE_F=6.0 meV / A
2025-03-28 03:18:30.260 INFO: Epoch 210: loss=0.0358, RMSE_E=1.3 meV, RMSE_F=6.0 meV / A
2025-03-28 03:18:47.565 INFO: Epoch 212: loss=0.0357, RMSE_E=1.3 meV, RMSE_F=6.0 meV / A
2025-03-28 03:19:04.631 INFO: Epoch 214: loss=0.0354, RMSE_E=1.3 meV, RMSE_F=5.9 meV / A
2025-03-28 03:19:22.063 INFO: Epoch 216: loss=0.0353, RMSE_E=1.3 meV, RMSE_F=5.9 meV / A
2025-03-28 03:19:39.443 INFO: Epoch 218: loss=0.0347, RMSE_E=1.3 meV, RMSE_F=5.9 meV / A
2025-03-28 03:19:56.737 INFO: Epoch 220: loss=0.0348, RMSE_E=1.3 meV, RMSE_F=5.9 meV / A
2025-03-28 03:20:13.953 INFO: Epoch 222: loss=0.0344, RMSE_E=1.2 meV, RMSE_F=5.9 meV / A
2025-03-28 03:20:31.402 INFO: Epoch 224: loss=0.0348, RMSE_E=1.2 meV, RMSE_F=5.9 meV / A
2025-03-28 03:20:48.762 INFO: Epoch 226: loss=0.0344, RMSE_E=1.2 meV, RMSE_F=5.9 meV / A
2025-03-28 03:21:06.061 INFO: Epoch 228: loss=0.0344, RMSE_E=1.3 meV, RMSE_F=5.9 meV / A
2025-03-28 03:21:23.286 INFO: Epoch 230: loss=0.0341, RMSE_E=1.2 meV, RMSE_F=5.8 meV / A
2025-03-28 03:21:40.601 INFO: Epoch 232: loss=0.0341, RMSE_E=1.2 meV, RMSE_F=5.8 meV / A
2025-03-28 03:21:58.055 INFO: Epoch 234: loss=0.0336, RMSE_E=1.2 meV, RMSE_F=5.8 meV / A
2025-03-28 03:22:15.351 INFO: Epoch 236: loss=0.0334, RMSE_E=1.2 meV, RMSE_F=5.8 meV / A
2025-03-28 03:22:32.649 INFO: Epoch 238: loss=0.0332, RMSE_E=1.2 meV, RMSE_F=5.8 meV / A
2025-03-28 03:22:49.946 INFO: Epoch 240: loss=0.0334, RMSE_E=1.2 meV, RMSE_F=5.8 meV / A
2025-03-28 03:23:07.116 INFO: Epoch 242: loss=0.0335, RMSE_E=1.2 meV, RMSE_F=5.8 meV / A
2025-03-28 03:23:24.390 INFO: Epoch 244: loss=0.0334, RMSE_E=1.2 meV, RMSE_F=5.8 meV / A
2025-03-28 03:23:41.650 INFO: Epoch 246: loss=0.0334, RMSE_E=1.2 meV, RMSE_F=5.8 meV / A
2025-03-28 03:23:58.896 INFO: Epoch 248: loss=0.0332, RMSE_E=1.2 meV, RMSE_F=5.8 meV / A
2025-03-28 03:24:16.242 INFO: Epoch 250: loss=0.0330, RMSE_E=1.2 meV, RMSE_F=5.7 meV / A
2025-03-28 03:24:33.555 INFO: Epoch 252: loss=0.0330, RMSE_E=1.2 meV, RMSE_F=5.7 meV / A
2025-03-28 03:24:50.861 INFO: Epoch 254: loss=0.0330, RMSE_E=1.2 meV, RMSE_F=5.7 meV / A
2025-03-28 03:25:08.225 INFO: Epoch 256: loss=0.0331, RMSE_E=1.2 meV, RMSE_F=5.8 meV / A
2025-03-28 03:25:25.569 INFO: Epoch 258: loss=0.0329, RMSE_E=1.2 meV, RMSE_F=5.7 meV / A
2025-03-28 03:25:43.022 INFO: Epoch 260: loss=0.0328, RMSE_E=1.2 meV, RMSE_F=5.7 meV / A
2025-03-28 03:26:00.371 INFO: Epoch 262: loss=0.0328, RMSE_E=1.2 meV, RMSE_F=5.7 meV / A
2025-03-28 03:26:17.708 INFO: Epoch 264: loss=0.0325, RMSE_E=1.2 meV, RMSE_F=5.7 meV / A
2025-03-28 03:26:35.065 INFO: Epoch 266: loss=0.0324, RMSE_E=1.2 meV, RMSE_F=5.7 meV / A
2025-03-28 03:26:52.421 INFO: Epoch 268: loss=0.0324, RMSE_E=1.2 meV, RMSE_F=5.7 meV / A
2025-03-28 03:27:09.727 INFO: Epoch 270: loss=0.0323, RMSE_E=1.2 meV, RMSE_F=5.7 meV / A
2025-03-28 03:27:27.102 INFO: Epoch 272: loss=0.0323, RMSE_E=1.2 meV, RMSE_F=5.7 meV / A
2025-03-28 03:27:44.340 INFO: Epoch 274: loss=0.0321, RMSE_E=1.2 meV, RMSE_F=5.7 meV / A
2025-03-28 03:28:01.609 INFO: Epoch 276: loss=0.0320, RMSE_E=1.2 meV, RMSE_F=5.7 meV / A
2025-03-28 03:28:18.937 INFO: Epoch 278: loss=0.0318, RMSE_E=1.2 meV, RMSE_F=5.6 meV / A
2025-03-28 03:28:36.251 INFO: Epoch 280: loss=0.0319, RMSE_E=1.2 meV, RMSE_F=5.6 meV / A
2025-03-28 03:28:53.417 INFO: Epoch 282: loss=0.0317, RMSE_E=1.2 meV, RMSE_F=5.6 meV / A
2025-03-28 03:29:10.626 INFO: Epoch 284: loss=0.0315, RMSE_E=1.2 meV, RMSE_F=5.6 meV / A
2025-03-28 03:29:27.902 INFO: Epoch 286: loss=0.0314, RMSE_E=1.2 meV, RMSE_F=5.6 meV / A
2025-03-28 03:29:45.179 INFO: Epoch 288: loss=0.0315, RMSE_E=1.2 meV, RMSE_F=5.6 meV / A
2025-03-28 03:30:02.422 INFO: Epoch 290: loss=0.0314, RMSE_E=1.2 meV, RMSE_F=5.6 meV / A
2025-03-28 03:30:19.863 INFO: Epoch 292: loss=0.0312, RMSE_E=1.2 meV, RMSE_F=5.6 meV / A
2025-03-28 03:30:37.251 INFO: Epoch 294: loss=0.0311, RMSE_E=1.2 meV, RMSE_F=5.6 meV / A
2025-03-28 03:30:54.616 INFO: Epoch 296: loss=0.0312, RMSE_E=1.2 meV, RMSE_F=5.6 meV / A
2025-03-28 03:31:11.717 INFO: Epoch 298: loss=0.0309, RMSE_E=1.2 meV, RMSE_F=5.6 meV / A
2025-03-28 03:31:28.945 INFO: Epoch 300: loss=0.0309, RMSE_E=1.2 meV, RMSE_F=5.6 meV / A
2025-03-28 03:31:46.179 INFO: Epoch 302: loss=0.0307, RMSE_E=1.2 meV, RMSE_F=5.5 meV / A
2025-03-28 03:32:03.526 INFO: Epoch 304: loss=0.0308, RMSE_E=1.2 meV, RMSE_F=5.5 meV / A
2025-03-28 03:32:20.774 INFO: Epoch 306: loss=0.0307, RMSE_E=1.2 meV, RMSE_F=5.5 meV / A
2025-03-28 03:32:38.247 INFO: Epoch 308: loss=0.0307, RMSE_E=1.2 meV, RMSE_F=5.5 meV / A
2025-03-28 03:32:55.569 INFO: Epoch 310: loss=0.0307, RMSE_E=1.2 meV, RMSE_F=5.5 meV / A
2025-03-28 03:33:12.915 INFO: Epoch 312: loss=0.0308, RMSE_E=1.2 meV, RMSE_F=5.5 meV / A
2025-03-28 03:33:30.107 INFO: Epoch 314: loss=0.0306, RMSE_E=1.2 meV, RMSE_F=5.5 meV / A
2025-03-28 03:33:47.379 INFO: Epoch 316: loss=0.0304, RMSE_E=1.2 meV, RMSE_F=5.5 meV / A
2025-03-28 03:34:04.728 INFO: Epoch 318: loss=0.0303, RMSE_E=1.2 meV, RMSE_F=5.5 meV / A
2025-03-28 03:34:22.095 INFO: Epoch 320: loss=0.0302, RMSE_E=1.1 meV, RMSE_F=5.5 meV / A
2025-03-28 03:34:39.457 INFO: Epoch 322: loss=0.0304, RMSE_E=1.2 meV, RMSE_F=5.5 meV / A
2025-03-28 03:34:56.602 INFO: Epoch 324: loss=0.0304, RMSE_E=1.2 meV, RMSE_F=5.5 meV / A
2025-03-28 03:35:13.788 INFO: Epoch 326: loss=0.0302, RMSE_E=1.2 meV, RMSE_F=5.5 meV / A
2025-03-28 03:35:31.099 INFO: Epoch 328: loss=0.0303, RMSE_E=1.1 meV, RMSE_F=5.5 meV / A
2025-03-28 03:35:48.220 INFO: Epoch 330: loss=0.0302, RMSE_E=1.2 meV, RMSE_F=5.5 meV / A
2025-03-28 03:36:05.418 INFO: Epoch 332: loss=0.0301, RMSE_E=1.1 meV, RMSE_F=5.5 meV / A
2025-03-28 03:36:22.890 INFO: Epoch 334: loss=0.0301, RMSE_E=1.2 meV, RMSE_F=5.5 meV / A
2025-03-28 03:36:40.190 INFO: Epoch 336: loss=0.0300, RMSE_E=1.2 meV, RMSE_F=5.5 meV / A
2025-03-28 03:36:57.588 INFO: Epoch 338: loss=0.0299, RMSE_E=1.2 meV, RMSE_F=5.5 meV / A
2025-03-28 03:37:15.023 INFO: Epoch 340: loss=0.0299, RMSE_E=1.2 meV, RMSE_F=5.5 meV / A
2025-03-28 03:37:32.502 INFO: Epoch 342: loss=0.0299, RMSE_E=1.1 meV, RMSE_F=5.5 meV / A
2025-03-28 03:37:49.994 INFO: Epoch 344: loss=0.0296, RMSE_E=1.1 meV, RMSE_F=5.4 meV / A
2025-03-28 03:38:07.556 INFO: Epoch 346: loss=0.0298, RMSE_E=1.1 meV, RMSE_F=5.5 meV / A
2025-03-28 03:38:24.855 INFO: Epoch 348: loss=0.0298, RMSE_E=1.1 meV, RMSE_F=5.5 meV / A
2025-03-28 03:38:42.162 INFO: Epoch 350: loss=0.0296, RMSE_E=1.1 meV, RMSE_F=5.4 meV / A
2025-03-28 03:38:59.419 INFO: Epoch 352: loss=0.0294, RMSE_E=1.1 meV, RMSE_F=5.4 meV / A
2025-03-28 03:39:16.759 INFO: Epoch 354: loss=0.0292, RMSE_E=1.1 meV, RMSE_F=5.4 meV / A
2025-03-28 03:39:34.111 INFO: Epoch 356: loss=0.0292, RMSE_E=1.1 meV, RMSE_F=5.4 meV / A
2025-03-28 03:39:51.398 INFO: Epoch 358: loss=0.0291, RMSE_E=1.1 meV, RMSE_F=5.4 meV / A
2025-03-28 03:40:08.679 INFO: Epoch 360: loss=0.0291, RMSE_E=1.1 meV, RMSE_F=5.4 meV / A
2025-03-28 03:40:26.052 INFO: Epoch 362: loss=0.0290, RMSE_E=1.1 meV, RMSE_F=5.4 meV / A
2025-03-28 03:40:43.359 INFO: Epoch 364: loss=0.0289, RMSE_E=1.1 meV, RMSE_F=5.4 meV / A
2025-03-28 03:41:00.729 INFO: Epoch 366: loss=0.0290, RMSE_E=1.1 meV, RMSE_F=5.4 meV / A
2025-03-28 03:41:18.114 INFO: Epoch 368: loss=0.0290, RMSE_E=1.1 meV, RMSE_F=5.4 meV / A
2025-03-28 03:41:35.467 INFO: Epoch 370: loss=0.0291, RMSE_E=1.1 meV, RMSE_F=5.4 meV / A
2025-03-28 03:41:52.812 INFO: Epoch 372: loss=0.0291, RMSE_E=1.1 meV, RMSE_F=5.4 meV / A
2025-03-28 03:42:10.001 INFO: Epoch 374: loss=0.0290, RMSE_E=1.1 meV, RMSE_F=5.4 meV / A
2025-03-28 03:42:27.213 INFO: Epoch 376: loss=0.0291, RMSE_E=1.1 meV, RMSE_F=5.4 meV / A
2025-03-28 03:42:44.535 INFO: Epoch 378: loss=0.0289, RMSE_E=1.1 meV, RMSE_F=5.4 meV / A
2025-03-28 03:43:01.810 INFO: Epoch 380: loss=0.0288, RMSE_E=1.1 meV, RMSE_F=5.4 meV / A
2025-03-28 03:43:19.165 INFO: Epoch 382: loss=0.0288, RMSE_E=1.1 meV, RMSE_F=5.4 meV / A
2025-03-28 03:43:36.491 INFO: Epoch 384: loss=0.0287, RMSE_E=1.1 meV, RMSE_F=5.4 meV / A
2025-03-28 03:43:53.787 INFO: Epoch 386: loss=0.0288, RMSE_E=1.1 meV, RMSE_F=5.4 meV / A
2025-03-28 03:44:10.982 INFO: Epoch 388: loss=0.0287, RMSE_E=1.1 meV, RMSE_F=5.4 meV / A
2025-03-28 03:44:28.233 INFO: Epoch 390: loss=0.0287, RMSE_E=1.1 meV, RMSE_F=5.4 meV / A
2025-03-28 03:44:45.511 INFO: Epoch 392: loss=0.0286, RMSE_E=1.1 meV, RMSE_F=5.3 meV / A
2025-03-28 03:45:02.841 INFO: Epoch 394: loss=0.0286, RMSE_E=1.1 meV, RMSE_F=5.3 meV / A
2025-03-28 03:45:20.089 INFO: Epoch 396: loss=0.0285, RMSE_E=1.1 meV, RMSE_F=5.3 meV / A
2025-03-28 03:45:37.416 INFO: Epoch 398: loss=0.0286, RMSE_E=1.1 meV, RMSE_F=5.3 meV / A
2025-03-28 03:45:54.639 INFO: Epoch 400: loss=0.0286, RMSE_E=1.1 meV, RMSE_F=5.4 meV / A
2025-03-28 03:46:11.822 INFO: Epoch 402: loss=0.0286, RMSE_E=1.1 meV, RMSE_F=5.3 meV / A
2025-03-28 03:46:29.159 INFO: Epoch 404: loss=0.0285, RMSE_E=1.1 meV, RMSE_F=5.3 meV / A
2025-03-28 03:46:46.624 INFO: Epoch 406: loss=0.0286, RMSE_E=1.1 meV, RMSE_F=5.3 meV / A
2025-03-28 03:47:03.907 INFO: Epoch 408: loss=0.0285, RMSE_E=1.1 meV, RMSE_F=5.3 meV / A
2025-03-28 03:47:21.301 INFO: Epoch 410: loss=0.0285, RMSE_E=1.1 meV, RMSE_F=5.3 meV / A
2025-03-28 03:47:38.482 INFO: Epoch 412: loss=0.0285, RMSE_E=1.1 meV, RMSE_F=5.3 meV / A
2025-03-28 03:47:55.721 INFO: Epoch 414: loss=0.0285, RMSE_E=1.1 meV, RMSE_F=5.3 meV / A
2025-03-28 03:48:13.095 INFO: Epoch 416: loss=0.0284, RMSE_E=1.1 meV, RMSE_F=5.3 meV / A
2025-03-28 03:48:30.488 INFO: Epoch 418: loss=0.0284, RMSE_E=1.1 meV, RMSE_F=5.3 meV / A
2025-03-28 03:48:47.848 INFO: Epoch 420: loss=0.0284, RMSE_E=1.1 meV, RMSE_F=5.3 meV / A
2025-03-28 03:49:05.142 INFO: Epoch 422: loss=0.0284, RMSE_E=1.1 meV, RMSE_F=5.3 meV / A
2025-03-28 03:49:22.460 INFO: Epoch 424: loss=0.0283, RMSE_E=1.1 meV, RMSE_F=5.3 meV / A
2025-03-28 03:49:39.725 INFO: Epoch 426: loss=0.0283, RMSE_E=1.1 meV, RMSE_F=5.3 meV / A
2025-03-28 03:49:57.064 INFO: Epoch 428: loss=0.0283, RMSE_E=1.1 meV, RMSE_F=5.3 meV / A
2025-03-28 03:50:14.262 INFO: Epoch 430: loss=0.0283, RMSE_E=1.1 meV, RMSE_F=5.3 meV / A
2025-03-28 03:50:31.528 INFO: Epoch 432: loss=0.0282, RMSE_E=1.1 meV, RMSE_F=5.3 meV / A
2025-03-28 03:50:48.807 INFO: Epoch 434: loss=0.0282, RMSE_E=1.1 meV, RMSE_F=5.3 meV / A
2025-03-28 03:51:06.142 INFO: Epoch 436: loss=0.0281, RMSE_E=1.1 meV, RMSE_F=5.3 meV / A
2025-03-28 03:51:23.581 INFO: Epoch 438: loss=0.0281, RMSE_E=1.1 meV, RMSE_F=5.3 meV / A
2025-03-28 03:51:40.934 INFO: Epoch 440: loss=0.0281, RMSE_E=1.1 meV, RMSE_F=5.3 meV / A
2025-03-28 03:51:58.164 INFO: Epoch 442: loss=0.0282, RMSE_E=1.1 meV, RMSE_F=5.3 meV / A
2025-03-28 03:52:15.370 INFO: Epoch 444: loss=0.0282, RMSE_E=1.1 meV, RMSE_F=5.3 meV / A
2025-03-28 03:52:32.553 INFO: Epoch 446: loss=0.0281, RMSE_E=1.1 meV, RMSE_F=5.3 meV / A
2025-03-28 03:52:49.677 INFO: Epoch 448: loss=0.0281, RMSE_E=1.1 meV, RMSE_F=5.3 meV / A
2025-03-28 03:53:07.051 INFO: Epoch 450: loss=0.0281, RMSE_E=1.1 meV, RMSE_F=5.3 meV / A
2025-03-28 03:53:24.375 INFO: Epoch 452: loss=0.0281, RMSE_E=1.1 meV, RMSE_F=5.3 meV / A
2025-03-28 03:53:41.723 INFO: Epoch 454: loss=0.0281, RMSE_E=1.1 meV, RMSE_F=5.3 meV / A
2025-03-28 03:53:59.143 INFO: Epoch 456: loss=0.0281, RMSE_E=1.1 meV, RMSE_F=5.3 meV / A
2025-03-28 03:54:16.471 INFO: Epoch 458: loss=0.0281, RMSE_E=1.1 meV, RMSE_F=5.3 meV / A
2025-03-28 03:54:33.788 INFO: Epoch 460: loss=0.0281, RMSE_E=1.1 meV, RMSE_F=5.3 meV / A
2025-03-28 03:54:51.090 INFO: Epoch 462: loss=0.0281, RMSE_E=1.1 meV, RMSE_F=5.3 meV / A
2025-03-28 03:55:08.353 INFO: Epoch 464: loss=0.0281, RMSE_E=1.1 meV, RMSE_F=5.3 meV / A
2025-03-28 03:55:25.611 INFO: Epoch 466: loss=0.0280, RMSE_E=1.1 meV, RMSE_F=5.3 meV / A
2025-03-28 03:55:42.997 INFO: Epoch 468: loss=0.0280, RMSE_E=1.1 meV, RMSE_F=5.3 meV / A
2025-03-28 03:56:00.338 INFO: Epoch 470: loss=0.0280, RMSE_E=1.1 meV, RMSE_F=5.3 meV / A
2025-03-28 03:56:17.627 INFO: Epoch 472: loss=0.0279, RMSE_E=1.1 meV, RMSE_F=5.3 meV / A
2025-03-28 03:56:34.956 INFO: Epoch 474: loss=0.0279, RMSE_E=1.1 meV, RMSE_F=5.3 meV / A
2025-03-28 03:56:52.346 INFO: Epoch 476: loss=0.0279, RMSE_E=1.1 meV, RMSE_F=5.3 meV / A
2025-03-28 03:57:09.743 INFO: Epoch 478: loss=0.0279, RMSE_E=1.1 meV, RMSE_F=5.3 meV / A
2025-03-28 03:57:26.983 INFO: Epoch 480: loss=0.0279, RMSE_E=1.1 meV, RMSE_F=5.3 meV / A
2025-03-28 03:57:44.161 INFO: Epoch 482: loss=0.0279, RMSE_E=1.1 meV, RMSE_F=5.3 meV / A
2025-03-28 03:58:01.473 INFO: Epoch 484: loss=0.0279, RMSE_E=1.1 meV, RMSE_F=5.3 meV / A
2025-03-28 03:58:18.783 INFO: Epoch 486: loss=0.0279, RMSE_E=1.1 meV, RMSE_F=5.3 meV / A
2025-03-28 03:58:35.951 INFO: Epoch 488: loss=0.0279, RMSE_E=1.1 meV, RMSE_F=5.3 meV / A
2025-03-28 03:58:53.098 INFO: Epoch 490: loss=0.0279, RMSE_E=1.1 meV, RMSE_F=5.3 meV / A
2025-03-28 03:59:10.238 INFO: Epoch 492: loss=0.0279, RMSE_E=1.1 meV, RMSE_F=5.3 meV / A
2025-03-28 03:59:27.453 INFO: Epoch 494: loss=0.0279, RMSE_E=1.1 meV, RMSE_F=5.3 meV / A
2025-03-28 03:59:44.760 INFO: Epoch 496: loss=0.0278, RMSE_E=1.1 meV, RMSE_F=5.3 meV / A
2025-03-28 04:00:02.085 INFO: Epoch 498: loss=0.0278, RMSE_E=1.1 meV, RMSE_F=5.3 meV / A
2025-03-28 04:00:10.471 INFO: Training complete
2025-03-28 04:00:10.472 INFO: Computing metrics for training, validation, and test sets
2025-03-28 04:00:10.735 INFO: Loading checkpoint: checkpoints/AcAc_run-2024_epoch-496.pt
2025-03-28 04:00:10.790 INFO: Loaded model from epoch 496
2025-03-28 04:00:10.791 INFO: Evaluating train ...
2025-03-28 04:00:15.395 INFO: Evaluating valid ...
2025-03-28 04:00:15.876 INFO: Evaluating 300K_MD ...
2025-03-28 04:00:23.120 INFO: 
+-------------+--------------+------------------+-------------------+
| config_type | RMSE E / meV | RMSE F / meV / A | relative F RMSE % |
+-------------+--------------+------------------+-------------------+
|    train    |     0.6      |       3.1        |        0.29       |
|    valid    |     1.1      |       5.3        |        0.52       |
|   300K_MD   |     1.0      |       5.1        |        0.49       |
+-------------+--------------+------------------+-------------------+
2025-03-28 04:00:23.120 INFO: Saving model to checkpoints/AcAc_run-2024.model
2025-03-28 04:00:23.278 INFO: Compiling model, saving metadata to AcAc_compiled.model
2025-03-28 04:00:23.975 INFO: Done
