2024-11-25 16:58:10.886 INFO: MACE version: 0.3.5
2024-11-25 16:58:10.887 INFO: Configuration: Namespace(config=None, name='ethanol', seed=123, log_dir='logs', model_dir='.', checkpoints_dir='checkpoints', results_dir='results', downloads_dir='downloads', device='cuda', default_dtype='float64', distributed=False, log_level='INFO', error_table='TotalRMSE', model='MACE', r_max=5.0, radial_type='bessel', num_radial_basis=8, num_cutoff_basis=5, pair_repulsion=False, distance_transform='None', interaction='RealAgnosticResidualInteractionBlock', interaction_first='RealAgnosticResidualInteractionBlock', max_ell=3, correlation=3, num_interactions=2, MLP_irreps='16x0e', radial_MLP='[64, 64, 64]', hidden_irreps='128x0e + 128x1o', num_channels=128, max_L=1, gate='silu', scaling='rms_forces_scaling', avg_num_neighbors=1, compute_avg_num_neighbors=True, compute_stress=False, compute_forces=True, train_file='./dataset/train.xyz', valid_file='./dataset/valid.xyz', valid_fraction=0.1, test_file=None, test_dir=None, multi_processed_test=False, num_workers=0, pin_memory=True, atomic_numbers=None, mean=None, std=None, statistics_file=None, E0s='average', keep_isolated_atoms=False, energy_key='energy', forces_key='forces', virials_key='virials', stress_key='stress', dipole_key='dipole', charges_key='charges', loss='ef', forces_weight=1000.0, swa_forces_weight=100.0, energy_weight=1.0, swa_energy_weight=1000.0, virials_weight=1.0, swa_virials_weight=10.0, stress_weight=1.0, swa_stress_weight=10.0, dipole_weight=1.0, swa_dipole_weight=1.0, config_type_weights='{"Default":1.0}', huber_delta=0.01, optimizer='adam', beta=0.9, batch_size=5, valid_batch_size=5, lr=0.005, swa_lr=0.001, weight_decay=1e-08, amsgrad=True, scheduler='ReduceLROnPlateau', lr_factor=0.8, scheduler_patience=5, lr_scheduler_gamma=0.9993, swa=False, start_swa=None, ema=True, ema_decay=0.995, max_num_epochs=500, patience=2048, foundation_model='/home/l6eub2ic/whcs-share31/wangchen/mace/MPtrj/MACE-OFF23_medium.model', foundation_model_readout=True, eval_interval=2, keep_checkpoints=False, save_all_checkpoints=False, restart_latest=False, save_cpu=True, clip_grad=100.0, wandb=False, wandb_dir=None, wandb_project='', wandb_entity='', wandb_name='', wandb_log_hypers=['num_channels', 'max_L', 'correlation', 'lr', 'swa_lr', 'weight_decay', 'batch_size', 'max_num_epochs', 'start_swa', 'energy_weight', 'forces_weight'])
2024-11-25 16:58:11.025 INFO: CUDA version: 11.8, CUDA device: 0
2024-11-25 16:58:11.548 INFO: Error accessing Git repository: /home/l6eub2ic/whcs-share31/wangchen/mace/organic/ethanol/finetune
2024-11-25 16:58:15.122 INFO: Using foundation model /home/l6eub2ic/whcs-share31/wangchen/mace/MPtrj/MACE-OFF23_medium.model as initial checkpoint.
2024-11-25 16:58:15.182 INFO: Since ASE version 3.23.0b1, using energy_key 'energy' is no longer safe when communicating between MACE and ASE. We recommend using a different key, rewriting energies to 'REF_energy'. You need to use --energy_key='REF_energy', to tell the key name chosen.
2024-11-25 16:58:15.192 INFO: Since ASE version 3.23.0b1, using forces_key 'forces' is no longer safe when communicating between MACE and ASE. We recommend using a different key, rewriting energies to 'REF_forces'. You need to use --forces_key='REF_forces', to tell the key name chosen.
2024-11-25 16:58:15.203 INFO: Since ASE version 3.23.0b1, using stress_key 'stress' is no longer safe when communicating between MACE and ASE. We recommend using a different key, rewriting energies to 'REF_stress'. You need to use --stress_key='REF_stress', to tell the key name chosen.
2024-11-25 16:58:15.204 INFO: Loaded 50 training configurations from './dataset/train.xyz'
2024-11-25 16:58:16.150 INFO: Since ASE version 3.23.0b1, using energy_key 'energy' is no longer safe when communicating between MACE and ASE. We recommend using a different key, rewriting energies to 'REF_energy'. You need to use --energy_key='REF_energy', to tell the key name chosen.
2024-11-25 16:58:16.317 INFO: Since ASE version 3.23.0b1, using forces_key 'forces' is no longer safe when communicating between MACE and ASE. We recommend using a different key, rewriting energies to 'REF_forces'. You need to use --forces_key='REF_forces', to tell the key name chosen.
2024-11-25 16:58:16.483 INFO: Since ASE version 3.23.0b1, using stress_key 'stress' is no longer safe when communicating between MACE and ASE. We recommend using a different key, rewriting energies to 'REF_stress'. You need to use --stress_key='REF_stress', to tell the key name chosen.
2024-11-25 16:58:16.504 INFO: Loaded 950 validation configurations from './dataset/valid.xyz'
2024-11-25 16:58:16.505 INFO: Total number of configurations: train=50, valid=950, tests=[]
2024-11-25 16:58:16.508 INFO: AtomicNumberTable: (1, 6, 8)
2024-11-25 16:58:16.508 INFO: Atomic Energies not in training file, using command line argument E0s
2024-11-25 16:58:16.508 INFO: Computing average Atomic Energies using least squares regression
2024-11-25 16:58:16.516 INFO: Atomic energies: [-616.0352247151025, -205.3450749050341, -102.67253745251703]
2024-11-25 16:58:17.020 INFO: EnergyForcesLoss(energy_weight=1.000, forces_weight=1000.000)
2024-11-25 16:58:17.051 INFO: Average number of neighbors: 8.0
2024-11-25 16:58:17.051 INFO: Selected the following outputs: {'energy': True, 'forces': True, 'virials': False, 'stress': False, 'dipoles': False}
2024-11-25 16:58:17.074 INFO: Building model
2024-11-25 16:58:25.472 INFO: ScaleShiftMACE(
  (node_embedding): LinearNodeEmbeddingBlock(
    (linear): Linear(3x0e -> 128x0e | 384 weights)
  )
  (radial_embedding): RadialEmbeddingBlock(
    (bessel_fn): BesselBasis(r_max=5.0, num_basis=8, trainable=True)
    (cutoff_fn): PolynomialCutoff(p=5.0, r_max=5.0)
  )
  (spherical_harmonics): SphericalHarmonics()
  (atomic_energies_fn): AtomicEnergiesBlock(energies=[-616.0352, -205.3451, -102.6725])
  (interactions): ModuleList(
    (0): RealAgnosticInteractionBlock(
      (linear_up): Linear(128x0e -> 128x0e | 16384 weights)
      (conv_tp): TensorProduct(128x0e x 1x0e+1x1o+1x2e+1x3o -> 128x0e+128x1o+128x2e+128x3o | 512 paths | 512 weights)
      (conv_tp_weights): FullyConnectedNet[8, 64, 64, 64, 512]
      (linear): Linear(128x0e+128x1o+128x2e+128x3o -> 128x0e+128x1o+128x2e+128x3o | 65536 weights)
      (skip_tp): FullyConnectedTensorProduct(128x0e+128x1o+128x2e+128x3o x 3x0e -> 128x0e+128x1o+128x2e+128x3o | 196608 paths | 196608 weights)
      (reshape): reshape_irreps()
    )
    (1): RealAgnosticResidualInteractionBlock(
      (linear_up): Linear(128x0e+128x1o -> 128x0e+128x1o | 32768 weights)
      (conv_tp): TensorProduct(128x0e+128x1o x 1x0e+1x1o+1x2e+1x3o -> 256x0e+384x1o+384x2e+256x3o | 1280 paths | 1280 weights)
      (conv_tp_weights): FullyConnectedNet[8, 64, 64, 64, 1280]
      (linear): Linear(256x0e+384x1o+384x2e+256x3o -> 128x0e+128x1o+128x2e+128x3o | 163840 weights)
      (skip_tp): FullyConnectedTensorProduct(128x0e+128x1o x 3x0e -> 128x0e | 49152 paths | 49152 weights)
      (reshape): reshape_irreps()
    )
  )
  (products): ModuleList(
    (0): EquivariantProductBasisBlock(
      (symmetric_contractions): SymmetricContraction(
        (contractions): ModuleList(
          (0): Contraction(
            (contractions_weighting): ModuleList(
              (0-1): 2 x GraphModule()
            )
            (contractions_features): ModuleList(
              (0-1): 2 x GraphModule()
            )
            (weights): ParameterList(
                (0): Parameter containing: [torch.float64 of size 3x4x128 (GPU 0)]
                (1): Parameter containing: [torch.float64 of size 3x1x128 (GPU 0)]
            )
            (graph_opt_main): GraphModule()
          )
          (1): Contraction(
            (contractions_weighting): ModuleList(
              (0-1): 2 x GraphModule()
            )
            (contractions_features): ModuleList(
              (0-1): 2 x GraphModule()
            )
            (weights): ParameterList(
                (0): Parameter containing: [torch.float64 of size 3x6x128 (GPU 0)]
                (1): Parameter containing: [torch.float64 of size 3x1x128 (GPU 0)]
            )
            (graph_opt_main): GraphModule()
          )
        )
      )
      (linear): Linear(128x0e+128x1o -> 128x0e+128x1o | 32768 weights)
    )
    (1): EquivariantProductBasisBlock(
      (symmetric_contractions): SymmetricContraction(
        (contractions): ModuleList(
          (0): Contraction(
            (contractions_weighting): ModuleList(
              (0-1): 2 x GraphModule()
            )
            (contractions_features): ModuleList(
              (0-1): 2 x GraphModule()
            )
            (weights): ParameterList(
                (0): Parameter containing: [torch.float64 of size 3x4x128 (GPU 0)]
                (1): Parameter containing: [torch.float64 of size 3x1x128 (GPU 0)]
            )
            (graph_opt_main): GraphModule()
          )
        )
      )
      (linear): Linear(128x0e -> 128x0e | 16384 weights)
    )
  )
  (readouts): ModuleList(
    (0): LinearReadoutBlock(
      (linear): Linear(128x0e+128x1o -> 1x0e | 128 weights)
    )
    (1): NonLinearReadoutBlock(
      (linear_1): Linear(128x0e -> 16x0e | 2048 weights)
      (non_linearity): Activation [x] (16x0e -> 16x0e)
      (linear_2): Linear(16x0e -> 1x0e | 16 weights)
    )
  )
  (scale_shift): ScaleShiftBlock(scale=1.088502, shift=0.000000)
)
2024-11-25 16:58:25.474 INFO: Number of parameters: 751896
2024-11-25 16:58:25.475 INFO: Optimizer: Adam (
Parameter Group 0
    amsgrad: True
    betas: (0.9, 0.999)
    capturable: False
    differentiable: False
    eps: 1e-08
    foreach: None
    fused: None
    lr: 0.005
    maximize: False
    name: embedding
    weight_decay: 0.0

Parameter Group 1
    amsgrad: True
    betas: (0.9, 0.999)
    capturable: False
    differentiable: False
    eps: 1e-08
    foreach: None
    fused: None
    lr: 0.005
    maximize: False
    name: interactions_decay
    weight_decay: 1e-08

Parameter Group 2
    amsgrad: True
    betas: (0.9, 0.999)
    capturable: False
    differentiable: False
    eps: 1e-08
    foreach: None
    fused: None
    lr: 0.005
    maximize: False
    name: interactions_no_decay
    weight_decay: 0.0

Parameter Group 3
    amsgrad: True
    betas: (0.9, 0.999)
    capturable: False
    differentiable: False
    eps: 1e-08
    foreach: None
    fused: None
    lr: 0.005
    maximize: False
    name: products
    weight_decay: 1e-08

Parameter Group 4
    amsgrad: True
    betas: (0.9, 0.999)
    capturable: False
    differentiable: False
    eps: 1e-08
    foreach: None
    fused: None
    lr: 0.005
    maximize: False
    name: readouts
    weight_decay: 0.0
)
2024-11-25 16:58:25.475 INFO: Using gradient clipping with tolerance=100.000
2024-11-25 16:58:25.475 INFO: Started training
2024-11-25 16:58:43.636 INFO: Epoch None: loss=1377.2961, RMSE_E=34406.9 meV, RMSE_F=439.8 meV / A
2024-11-25 16:59:00.460 INFO: Epoch 0: loss=762.0282, RMSE_E=27058.8 meV, RMSE_F=172.8 meV / A
2024-11-25 16:59:11.079 INFO: Epoch 2: loss=91.4832, RMSE_E=6636.4 meV, RMSE_F=217.8 meV / A
2024-11-25 16:59:21.901 INFO: Epoch 4: loss=18.6626, RMSE_E=855.5 meV, RMSE_F=133.9 meV / A
2024-11-25 16:59:32.547 INFO: Epoch 6: loss=10.3416, RMSE_E=462.1 meV, RMSE_F=100.6 meV / A
2024-11-25 16:59:43.203 INFO: Epoch 8: loss=7.5880, RMSE_E=281.8 meV, RMSE_F=86.7 meV / A
2024-11-25 16:59:54.323 INFO: Epoch 10: loss=5.4403, RMSE_E=155.8 meV, RMSE_F=73.6 meV / A
2024-11-25 17:00:05.489 INFO: Epoch 12: loss=4.5220, RMSE_E=140.6 meV, RMSE_F=67.1 meV / A
2024-11-25 17:00:16.166 INFO: Epoch 14: loss=3.9723, RMSE_E=135.5 meV, RMSE_F=62.9 meV / A
2024-11-25 17:00:26.489 INFO: Epoch 16: loss=3.2602, RMSE_E=69.5 meV, RMSE_F=57.1 meV / A
2024-11-25 17:00:37.342 INFO: Epoch 18: loss=2.9331, RMSE_E=63.1 meV, RMSE_F=54.1 meV / A
2024-11-25 17:00:47.363 INFO: Epoch 20: loss=2.7348, RMSE_E=72.6 meV, RMSE_F=52.2 meV / A
2024-11-25 17:00:57.481 INFO: Epoch 22: loss=2.3518, RMSE_E=67.3 meV, RMSE_F=48.4 meV / A
2024-11-25 17:01:07.482 INFO: Epoch 24: loss=2.1273, RMSE_E=40.8 meV, RMSE_F=46.1 meV / A
2024-11-25 17:01:17.534 INFO: Epoch 26: loss=2.0809, RMSE_E=42.7 meV, RMSE_F=45.6 meV / A
2024-11-25 17:01:27.368 INFO: Epoch 28: loss=1.9004, RMSE_E=38.0 meV, RMSE_F=43.6 meV / A
2024-11-25 17:01:37.581 INFO: Epoch 30: loss=1.8556, RMSE_E=30.9 meV, RMSE_F=43.1 meV / A
2024-11-25 17:01:47.647 INFO: Epoch 32: loss=1.7450, RMSE_E=18.5 meV, RMSE_F=41.8 meV / A
2024-11-25 17:01:57.699 INFO: Epoch 34: loss=1.6791, RMSE_E=22.0 meV, RMSE_F=41.0 meV / A
2024-11-25 17:02:07.909 INFO: Epoch 36: loss=1.6025, RMSE_E=15.6 meV, RMSE_F=40.0 meV / A
2024-11-25 17:02:18.703 INFO: Epoch 38: loss=1.5733, RMSE_E=13.7 meV, RMSE_F=39.7 meV / A
2024-11-25 17:02:28.633 INFO: Epoch 40: loss=1.5272, RMSE_E=12.8 meV, RMSE_F=39.1 meV / A
2024-11-25 17:02:38.792 INFO: Epoch 42: loss=1.4895, RMSE_E=9.5 meV, RMSE_F=38.6 meV / A
2024-11-25 17:02:49.198 INFO: Epoch 44: loss=1.4761, RMSE_E=10.8 meV, RMSE_F=38.4 meV / A
2024-11-25 17:03:00.064 INFO: Epoch 46: loss=1.4112, RMSE_E=15.3 meV, RMSE_F=37.6 meV / A
2024-11-25 17:03:10.014 INFO: Epoch 48: loss=1.4064, RMSE_E=16.3 meV, RMSE_F=37.5 meV / A
2024-11-25 17:03:20.143 INFO: Epoch 50: loss=1.3681, RMSE_E=24.0 meV, RMSE_F=37.0 meV / A
2024-11-25 17:03:30.102 INFO: Epoch 52: loss=1.3871, RMSE_E=25.9 meV, RMSE_F=37.2 meV / A
2024-11-25 17:03:38.498 INFO: Epoch 54: loss=1.3701, RMSE_E=27.9 meV, RMSE_F=37.0 meV / A
2024-11-25 17:03:47.112 INFO: Epoch 56: loss=1.3199, RMSE_E=23.0 meV, RMSE_F=36.3 meV / A
2024-11-25 17:03:56.104 INFO: Epoch 58: loss=1.2531, RMSE_E=22.5 meV, RMSE_F=35.4 meV / A
2024-11-25 17:04:06.234 INFO: Epoch 60: loss=1.2441, RMSE_E=27.3 meV, RMSE_F=35.3 meV / A
2024-11-25 17:04:16.476 INFO: Epoch 62: loss=1.2128, RMSE_E=21.7 meV, RMSE_F=34.8 meV / A
2024-11-25 17:04:26.337 INFO: Epoch 64: loss=1.1841, RMSE_E=22.0 meV, RMSE_F=34.4 meV / A
2024-11-25 17:04:36.558 INFO: Epoch 66: loss=1.1716, RMSE_E=21.5 meV, RMSE_F=34.2 meV / A
2024-11-25 17:04:46.718 INFO: Epoch 68: loss=1.1496, RMSE_E=19.2 meV, RMSE_F=33.9 meV / A
2024-11-25 17:04:56.724 INFO: Epoch 70: loss=1.1259, RMSE_E=20.6 meV, RMSE_F=33.5 meV / A
2024-11-25 17:05:06.701 INFO: Epoch 72: loss=1.1088, RMSE_E=17.9 meV, RMSE_F=33.3 meV / A
2024-11-25 17:05:16.905 INFO: Epoch 74: loss=1.0785, RMSE_E=17.4 meV, RMSE_F=32.8 meV / A
2024-11-25 17:05:27.748 INFO: Epoch 76: loss=1.0696, RMSE_E=15.8 meV, RMSE_F=32.7 meV / A
2024-11-25 17:05:37.862 INFO: Epoch 78: loss=1.0508, RMSE_E=18.5 meV, RMSE_F=32.4 meV / A
2024-11-25 17:05:48.139 INFO: Epoch 80: loss=1.0346, RMSE_E=14.6 meV, RMSE_F=32.2 meV / A
2024-11-25 17:05:58.980 INFO: Epoch 82: loss=1.0260, RMSE_E=14.5 meV, RMSE_F=32.0 meV / A
2024-11-25 17:06:09.062 INFO: Epoch 84: loss=1.0150, RMSE_E=13.6 meV, RMSE_F=31.9 meV / A
2024-11-25 17:06:18.910 INFO: Epoch 86: loss=1.0005, RMSE_E=13.9 meV, RMSE_F=31.6 meV / A
2024-11-25 17:06:29.015 INFO: Epoch 88: loss=0.9829, RMSE_E=10.3 meV, RMSE_F=31.4 meV / A
2024-11-25 17:06:38.872 INFO: Epoch 90: loss=0.9652, RMSE_E=10.9 meV, RMSE_F=31.1 meV / A
2024-11-25 17:06:49.218 INFO: Epoch 92: loss=0.9494, RMSE_E=9.7 meV, RMSE_F=30.8 meV / A
2024-11-25 17:06:59.166 INFO: Epoch 94: loss=0.9408, RMSE_E=9.6 meV, RMSE_F=30.7 meV / A
2024-11-25 17:07:09.033 INFO: Epoch 96: loss=0.9350, RMSE_E=8.2 meV, RMSE_F=30.6 meV / A
2024-11-25 17:07:19.150 INFO: Epoch 98: loss=0.9247, RMSE_E=8.1 meV, RMSE_F=30.4 meV / A
2024-11-25 17:07:29.441 INFO: Epoch 100: loss=0.9170, RMSE_E=7.6 meV, RMSE_F=30.3 meV / A
2024-11-25 17:07:39.208 INFO: Epoch 102: loss=0.9086, RMSE_E=6.8 meV, RMSE_F=30.1 meV / A
2024-11-25 17:07:49.270 INFO: Epoch 104: loss=0.8965, RMSE_E=6.3 meV, RMSE_F=29.9 meV / A
2024-11-25 17:07:59.617 INFO: Epoch 106: loss=0.8884, RMSE_E=6.2 meV, RMSE_F=29.8 meV / A
2024-11-25 17:08:09.517 INFO: Epoch 108: loss=0.8818, RMSE_E=6.2 meV, RMSE_F=29.7 meV / A
2024-11-25 17:08:20.546 INFO: Epoch 110: loss=0.8742, RMSE_E=5.6 meV, RMSE_F=29.6 meV / A
2024-11-25 17:08:30.723 INFO: Epoch 112: loss=0.8631, RMSE_E=5.6 meV, RMSE_F=29.4 meV / A
2024-11-25 17:08:40.948 INFO: Epoch 114: loss=0.8590, RMSE_E=5.7 meV, RMSE_F=29.3 meV / A
2024-11-25 17:08:51.078 INFO: Epoch 116: loss=0.8538, RMSE_E=5.7 meV, RMSE_F=29.2 meV / A
2024-11-25 17:08:59.691 INFO: Epoch 118: loss=0.8491, RMSE_E=5.5 meV, RMSE_F=29.1 meV / A
2024-11-25 17:09:09.979 INFO: Epoch 120: loss=0.8423, RMSE_E=5.5 meV, RMSE_F=29.0 meV / A
2024-11-25 17:09:20.071 INFO: Epoch 122: loss=0.8388, RMSE_E=5.2 meV, RMSE_F=29.0 meV / A
2024-11-25 17:09:30.048 INFO: Epoch 124: loss=0.8347, RMSE_E=5.1 meV, RMSE_F=28.9 meV / A
2024-11-25 17:09:40.204 INFO: Epoch 126: loss=0.8317, RMSE_E=5.3 meV, RMSE_F=28.8 meV / A
2024-11-25 17:09:50.487 INFO: Epoch 128: loss=0.8282, RMSE_E=5.4 meV, RMSE_F=28.8 meV / A
2024-11-25 17:10:01.169 INFO: Epoch 130: loss=0.8308, RMSE_E=5.5 meV, RMSE_F=28.8 meV / A
2024-11-25 17:10:09.613 INFO: Epoch 132: loss=0.8251, RMSE_E=5.7 meV, RMSE_F=28.7 meV / A
2024-11-25 17:10:20.121 INFO: Epoch 134: loss=0.8223, RMSE_E=5.5 meV, RMSE_F=28.7 meV / A
2024-11-25 17:10:30.318 INFO: Epoch 136: loss=0.8201, RMSE_E=5.8 meV, RMSE_F=28.6 meV / A
2024-11-25 17:10:40.435 INFO: Epoch 138: loss=0.8159, RMSE_E=5.7 meV, RMSE_F=28.6 meV / A
2024-11-25 17:10:50.498 INFO: Epoch 140: loss=0.8074, RMSE_E=6.6 meV, RMSE_F=28.4 meV / A
2024-11-25 17:11:00.631 INFO: Epoch 142: loss=0.8150, RMSE_E=6.5 meV, RMSE_F=28.5 meV / A
2024-11-25 17:11:09.160 INFO: Epoch 144: loss=0.8145, RMSE_E=7.0 meV, RMSE_F=28.5 meV / A
2024-11-25 17:11:17.543 INFO: Epoch 146: loss=0.8070, RMSE_E=6.5 meV, RMSE_F=28.4 meV / A
2024-11-25 17:11:28.034 INFO: Epoch 148: loss=0.8021, RMSE_E=6.4 meV, RMSE_F=28.3 meV / A
2024-11-25 17:11:38.826 INFO: Epoch 150: loss=0.7979, RMSE_E=6.9 meV, RMSE_F=28.2 meV / A
2024-11-25 17:11:49.113 INFO: Epoch 152: loss=0.7979, RMSE_E=6.8 meV, RMSE_F=28.2 meV / A
2024-11-25 17:11:57.974 INFO: Epoch 154: loss=0.7924, RMSE_E=6.7 meV, RMSE_F=28.1 meV / A
2024-11-25 17:12:08.138 INFO: Epoch 156: loss=0.7856, RMSE_E=5.9 meV, RMSE_F=28.0 meV / A
2024-11-25 17:12:18.167 INFO: Epoch 158: loss=0.7783, RMSE_E=6.1 meV, RMSE_F=27.9 meV / A
2024-11-25 17:12:28.480 INFO: Epoch 160: loss=0.7769, RMSE_E=6.3 meV, RMSE_F=27.9 meV / A
2024-11-25 17:12:39.368 INFO: Epoch 162: loss=0.7721, RMSE_E=5.9 meV, RMSE_F=27.8 meV / A
2024-11-25 17:12:50.864 INFO: Epoch 164: loss=0.7697, RMSE_E=5.7 meV, RMSE_F=27.7 meV / A
2024-11-25 17:13:01.966 INFO: Epoch 166: loss=0.7639, RMSE_E=6.1 meV, RMSE_F=27.6 meV / A
2024-11-25 17:13:12.940 INFO: Epoch 168: loss=0.7616, RMSE_E=5.7 meV, RMSE_F=27.6 meV / A
2024-11-25 17:13:23.959 INFO: Epoch 170: loss=0.7580, RMSE_E=5.5 meV, RMSE_F=27.5 meV / A
2024-11-25 17:13:35.337 INFO: Epoch 172: loss=0.7566, RMSE_E=5.8 meV, RMSE_F=27.5 meV / A
2024-11-25 17:13:46.028 INFO: Epoch 174: loss=0.7522, RMSE_E=5.6 meV, RMSE_F=27.4 meV / A
2024-11-25 17:13:55.348 INFO: Epoch 176: loss=0.7494, RMSE_E=5.2 meV, RMSE_F=27.4 meV / A
2024-11-25 17:14:06.280 INFO: Epoch 178: loss=0.7448, RMSE_E=5.3 meV, RMSE_F=27.3 meV / A
2024-11-25 17:14:17.411 INFO: Epoch 180: loss=0.7415, RMSE_E=5.3 meV, RMSE_F=27.2 meV / A
2024-11-25 17:14:28.211 INFO: Epoch 182: loss=0.7392, RMSE_E=5.1 meV, RMSE_F=27.2 meV / A
2024-11-25 17:14:39.567 INFO: Epoch 184: loss=0.7354, RMSE_E=5.2 meV, RMSE_F=27.1 meV / A
2024-11-25 17:14:50.187 INFO: Epoch 186: loss=0.7349, RMSE_E=5.4 meV, RMSE_F=27.1 meV / A
2024-11-25 17:15:01.073 INFO: Epoch 188: loss=0.7318, RMSE_E=5.2 meV, RMSE_F=27.1 meV / A
2024-11-25 17:15:11.208 INFO: Epoch 190: loss=0.7291, RMSE_E=4.9 meV, RMSE_F=27.0 meV / A
2024-11-25 17:15:22.483 INFO: Epoch 192: loss=0.7244, RMSE_E=5.0 meV, RMSE_F=26.9 meV / A
2024-11-25 17:15:33.463 INFO: Epoch 194: loss=0.7207, RMSE_E=5.0 meV, RMSE_F=26.8 meV / A
2024-11-25 17:15:44.354 INFO: Epoch 196: loss=0.7186, RMSE_E=5.0 meV, RMSE_F=26.8 meV / A
2024-11-25 17:15:55.343 INFO: Epoch 198: loss=0.7157, RMSE_E=4.9 meV, RMSE_F=26.8 meV / A
2024-11-25 17:16:05.850 INFO: Epoch 200: loss=0.7137, RMSE_E=4.7 meV, RMSE_F=26.7 meV / A
2024-11-25 17:16:16.732 INFO: Epoch 202: loss=0.7111, RMSE_E=4.9 meV, RMSE_F=26.7 meV / A
2024-11-25 17:16:27.713 INFO: Epoch 204: loss=0.7087, RMSE_E=4.9 meV, RMSE_F=26.6 meV / A
2024-11-25 17:16:38.717 INFO: Epoch 206: loss=0.7072, RMSE_E=4.9 meV, RMSE_F=26.6 meV / A
2024-11-25 17:16:49.662 INFO: Epoch 208: loss=0.7054, RMSE_E=4.7 meV, RMSE_F=26.6 meV / A
2024-11-25 17:17:01.181 INFO: Epoch 210: loss=0.7036, RMSE_E=4.7 meV, RMSE_F=26.5 meV / A
2024-11-25 17:17:12.115 INFO: Epoch 212: loss=0.7015, RMSE_E=4.6 meV, RMSE_F=26.5 meV / A
2024-11-25 17:17:23.266 INFO: Epoch 214: loss=0.6995, RMSE_E=4.6 meV, RMSE_F=26.4 meV / A
2024-11-25 17:17:34.468 INFO: Epoch 216: loss=0.6964, RMSE_E=4.5 meV, RMSE_F=26.4 meV / A
2024-11-25 17:17:45.367 INFO: Epoch 218: loss=0.6941, RMSE_E=4.5 meV, RMSE_F=26.3 meV / A
2024-11-25 17:17:56.382 INFO: Epoch 220: loss=0.6926, RMSE_E=4.5 meV, RMSE_F=26.3 meV / A
2024-11-25 17:18:07.347 INFO: Epoch 222: loss=0.6905, RMSE_E=4.5 meV, RMSE_F=26.3 meV / A
2024-11-25 17:18:18.430 INFO: Epoch 224: loss=0.6889, RMSE_E=4.5 meV, RMSE_F=26.2 meV / A
2024-11-25 17:18:29.676 INFO: Epoch 226: loss=0.6887, RMSE_E=4.6 meV, RMSE_F=26.2 meV / A
2024-11-25 17:18:40.910 INFO: Epoch 228: loss=0.6864, RMSE_E=4.5 meV, RMSE_F=26.2 meV / A
2024-11-25 17:18:51.600 INFO: Epoch 230: loss=0.6849, RMSE_E=4.4 meV, RMSE_F=26.2 meV / A
2024-11-25 17:19:00.683 INFO: Epoch 232: loss=0.6844, RMSE_E=4.5 meV, RMSE_F=26.2 meV / A
2024-11-25 17:19:09.705 INFO: Epoch 234: loss=0.6834, RMSE_E=4.4 meV, RMSE_F=26.1 meV / A
2024-11-25 17:19:20.195 INFO: Epoch 236: loss=0.6809, RMSE_E=4.5 meV, RMSE_F=26.1 meV / A
2024-11-25 17:19:31.000 INFO: Epoch 238: loss=0.6790, RMSE_E=4.4 meV, RMSE_F=26.1 meV / A
2024-11-25 17:19:41.647 INFO: Epoch 240: loss=0.6791, RMSE_E=4.5 meV, RMSE_F=26.1 meV / A
2024-11-25 17:19:50.625 INFO: Epoch 242: loss=0.6799, RMSE_E=4.6 meV, RMSE_F=26.1 meV / A
2024-11-25 17:19:59.461 INFO: Epoch 244: loss=0.6779, RMSE_E=4.5 meV, RMSE_F=26.0 meV / A
2024-11-25 17:20:09.825 INFO: Epoch 246: loss=0.6753, RMSE_E=4.5 meV, RMSE_F=26.0 meV / A
2024-11-25 17:20:21.043 INFO: Epoch 248: loss=0.6743, RMSE_E=4.4 meV, RMSE_F=26.0 meV / A
2024-11-25 17:20:31.934 INFO: Epoch 250: loss=0.6730, RMSE_E=4.5 meV, RMSE_F=25.9 meV / A
2024-11-25 17:20:43.286 INFO: Epoch 252: loss=0.6724, RMSE_E=4.6 meV, RMSE_F=25.9 meV / A
2024-11-25 17:20:54.151 INFO: Epoch 254: loss=0.6718, RMSE_E=4.4 meV, RMSE_F=25.9 meV / A
2024-11-25 17:21:05.218 INFO: Epoch 256: loss=0.6714, RMSE_E=4.6 meV, RMSE_F=25.9 meV / A
2024-11-25 17:21:16.362 INFO: Epoch 258: loss=0.6719, RMSE_E=4.5 meV, RMSE_F=25.9 meV / A
2024-11-25 17:21:25.478 INFO: Epoch 260: loss=0.6704, RMSE_E=4.3 meV, RMSE_F=25.9 meV / A
2024-11-25 17:21:36.527 INFO: Epoch 262: loss=0.6697, RMSE_E=4.5 meV, RMSE_F=25.9 meV / A
2024-11-25 17:21:47.204 INFO: Epoch 264: loss=0.6685, RMSE_E=4.3 meV, RMSE_F=25.9 meV / A
2024-11-25 17:21:57.546 INFO: Epoch 266: loss=0.6671, RMSE_E=4.5 meV, RMSE_F=25.8 meV / A
2024-11-25 17:22:08.598 INFO: Epoch 268: loss=0.6661, RMSE_E=4.4 meV, RMSE_F=25.8 meV / A
2024-11-25 17:22:20.568 INFO: Epoch 270: loss=0.6655, RMSE_E=4.3 meV, RMSE_F=25.8 meV / A
2024-11-25 17:22:31.779 INFO: Epoch 272: loss=0.6645, RMSE_E=4.5 meV, RMSE_F=25.8 meV / A
2024-11-25 17:22:42.934 INFO: Epoch 274: loss=0.6642, RMSE_E=4.4 meV, RMSE_F=25.8 meV / A
2024-11-25 17:22:53.846 INFO: Epoch 276: loss=0.6624, RMSE_E=4.4 meV, RMSE_F=25.7 meV / A
2024-11-25 17:23:04.691 INFO: Epoch 278: loss=0.6600, RMSE_E=4.5 meV, RMSE_F=25.7 meV / A
2024-11-25 17:23:15.834 INFO: Epoch 280: loss=0.6587, RMSE_E=4.6 meV, RMSE_F=25.7 meV / A
2024-11-25 17:23:26.993 INFO: Epoch 282: loss=0.6548, RMSE_E=5.5 meV, RMSE_F=25.6 meV / A
2024-11-25 17:23:37.942 INFO: Epoch 284: loss=0.6567, RMSE_E=5.4 meV, RMSE_F=25.6 meV / A
2024-11-25 17:23:46.715 INFO: Epoch 286: loss=0.6565, RMSE_E=4.9 meV, RMSE_F=25.6 meV / A
2024-11-25 17:23:55.575 INFO: Epoch 288: loss=0.6549, RMSE_E=5.1 meV, RMSE_F=25.6 meV / A
2024-11-25 17:24:04.386 INFO: Epoch 290: loss=0.6533, RMSE_E=4.9 meV, RMSE_F=25.6 meV / A
2024-11-25 17:24:15.190 INFO: Epoch 292: loss=0.6517, RMSE_E=5.0 meV, RMSE_F=25.5 meV / A
2024-11-25 17:24:26.330 INFO: Epoch 294: loss=0.6499, RMSE_E=4.8 meV, RMSE_F=25.5 meV / A
2024-11-25 17:24:37.016 INFO: Epoch 296: loss=0.6489, RMSE_E=4.7 meV, RMSE_F=25.5 meV / A
2024-11-25 17:24:47.234 INFO: Epoch 298: loss=0.6472, RMSE_E=4.6 meV, RMSE_F=25.4 meV / A
2024-11-25 17:24:57.251 INFO: Epoch 300: loss=0.6467, RMSE_E=4.6 meV, RMSE_F=25.4 meV / A
2024-11-25 17:25:07.530 INFO: Epoch 302: loss=0.6456, RMSE_E=4.5 meV, RMSE_F=25.4 meV / A
2024-11-25 17:25:18.942 INFO: Epoch 304: loss=0.6448, RMSE_E=4.5 meV, RMSE_F=25.4 meV / A
2024-11-25 17:25:29.775 INFO: Epoch 306: loss=0.6432, RMSE_E=4.4 meV, RMSE_F=25.4 meV / A
2024-11-25 17:25:40.587 INFO: Epoch 308: loss=0.6424, RMSE_E=4.4 meV, RMSE_F=25.3 meV / A
2024-11-25 17:25:51.521 INFO: Epoch 310: loss=0.6419, RMSE_E=4.4 meV, RMSE_F=25.3 meV / A
2024-11-25 17:26:01.959 INFO: Epoch 312: loss=0.6408, RMSE_E=4.4 meV, RMSE_F=25.3 meV / A
2024-11-25 17:26:12.872 INFO: Epoch 314: loss=0.6404, RMSE_E=4.3 meV, RMSE_F=25.3 meV / A
2024-11-25 17:26:24.164 INFO: Epoch 316: loss=0.6397, RMSE_E=4.3 meV, RMSE_F=25.3 meV / A
2024-11-25 17:26:35.032 INFO: Epoch 318: loss=0.6389, RMSE_E=4.2 meV, RMSE_F=25.3 meV / A
2024-11-25 17:26:46.729 INFO: Epoch 320: loss=0.6383, RMSE_E=4.3 meV, RMSE_F=25.3 meV / A
2024-11-25 17:26:57.057 INFO: Epoch 322: loss=0.6374, RMSE_E=4.2 meV, RMSE_F=25.2 meV / A
2024-11-25 17:27:08.607 INFO: Epoch 324: loss=0.6367, RMSE_E=4.2 meV, RMSE_F=25.2 meV / A
2024-11-25 17:27:19.136 INFO: Epoch 326: loss=0.6360, RMSE_E=4.2 meV, RMSE_F=25.2 meV / A
2024-11-25 17:27:30.345 INFO: Epoch 328: loss=0.6353, RMSE_E=4.2 meV, RMSE_F=25.2 meV / A
2024-11-25 17:27:41.470 INFO: Epoch 330: loss=0.6346, RMSE_E=4.2 meV, RMSE_F=25.2 meV / A
2024-11-25 17:27:52.407 INFO: Epoch 332: loss=0.6338, RMSE_E=4.2 meV, RMSE_F=25.2 meV / A
2024-11-25 17:28:03.421 INFO: Epoch 334: loss=0.6327, RMSE_E=4.2 meV, RMSE_F=25.2 meV / A
2024-11-25 17:28:14.569 INFO: Epoch 336: loss=0.6317, RMSE_E=4.1 meV, RMSE_F=25.1 meV / A
2024-11-25 17:28:25.564 INFO: Epoch 338: loss=0.6306, RMSE_E=4.1 meV, RMSE_F=25.1 meV / A
2024-11-25 17:28:36.844 INFO: Epoch 340: loss=0.6304, RMSE_E=4.1 meV, RMSE_F=25.1 meV / A
2024-11-25 17:28:47.623 INFO: Epoch 342: loss=0.6296, RMSE_E=4.2 meV, RMSE_F=25.1 meV / A
2024-11-25 17:28:58.830 INFO: Epoch 344: loss=0.6287, RMSE_E=4.1 meV, RMSE_F=25.1 meV / A
2024-11-25 17:29:09.766 INFO: Epoch 346: loss=0.6281, RMSE_E=4.1 meV, RMSE_F=25.1 meV / A
2024-11-25 17:29:21.446 INFO: Epoch 348: loss=0.6275, RMSE_E=4.1 meV, RMSE_F=25.1 meV / A
2024-11-25 17:29:32.097 INFO: Epoch 350: loss=0.6270, RMSE_E=4.1 meV, RMSE_F=25.0 meV / A
2024-11-25 17:29:42.947 INFO: Epoch 352: loss=0.6264, RMSE_E=4.1 meV, RMSE_F=25.0 meV / A
2024-11-25 17:29:54.186 INFO: Epoch 354: loss=0.6271, RMSE_E=4.1 meV, RMSE_F=25.0 meV / A
2024-11-25 17:30:03.073 INFO: Epoch 356: loss=0.6269, RMSE_E=4.1 meV, RMSE_F=25.0 meV / A
2024-11-25 17:30:11.963 INFO: Epoch 358: loss=0.6253, RMSE_E=4.1 meV, RMSE_F=25.0 meV / A
2024-11-25 17:30:22.996 INFO: Epoch 360: loss=0.6253, RMSE_E=4.1 meV, RMSE_F=25.0 meV / A
2024-11-25 17:30:33.141 INFO: Epoch 362: loss=0.6244, RMSE_E=4.2 meV, RMSE_F=25.0 meV / A
2024-11-25 17:30:44.488 INFO: Epoch 364: loss=0.6242, RMSE_E=4.2 meV, RMSE_F=25.0 meV / A
2024-11-25 17:30:55.388 INFO: Epoch 366: loss=0.6236, RMSE_E=4.1 meV, RMSE_F=25.0 meV / A
2024-11-25 17:31:06.269 INFO: Epoch 368: loss=0.6228, RMSE_E=4.1 meV, RMSE_F=25.0 meV / A
2024-11-25 17:31:17.504 INFO: Epoch 370: loss=0.6223, RMSE_E=4.1 meV, RMSE_F=24.9 meV / A
2024-11-25 17:31:28.488 INFO: Epoch 372: loss=0.6221, RMSE_E=4.1 meV, RMSE_F=24.9 meV / A
2024-11-25 17:31:39.548 INFO: Epoch 374: loss=0.6218, RMSE_E=4.1 meV, RMSE_F=24.9 meV / A
2024-11-25 17:31:51.017 INFO: Epoch 376: loss=0.6216, RMSE_E=4.1 meV, RMSE_F=24.9 meV / A
2024-11-25 17:32:01.747 INFO: Epoch 378: loss=0.6213, RMSE_E=4.1 meV, RMSE_F=24.9 meV / A
2024-11-25 17:32:12.691 INFO: Epoch 380: loss=0.6214, RMSE_E=4.1 meV, RMSE_F=24.9 meV / A
2024-11-25 17:32:21.691 INFO: Epoch 382: loss=0.6209, RMSE_E=4.1 meV, RMSE_F=24.9 meV / A
2024-11-25 17:32:32.522 INFO: Epoch 384: loss=0.6204, RMSE_E=4.1 meV, RMSE_F=24.9 meV / A
2024-11-25 17:32:42.927 INFO: Epoch 386: loss=0.6198, RMSE_E=4.1 meV, RMSE_F=24.9 meV / A
2024-11-25 17:32:54.029 INFO: Epoch 388: loss=0.6194, RMSE_E=4.1 meV, RMSE_F=24.9 meV / A
2024-11-25 17:33:05.195 INFO: Epoch 390: loss=0.6190, RMSE_E=4.1 meV, RMSE_F=24.9 meV / A
2024-11-25 17:33:15.997 INFO: Epoch 392: loss=0.6188, RMSE_E=4.1 meV, RMSE_F=24.9 meV / A
2024-11-25 17:33:27.234 INFO: Epoch 394: loss=0.6186, RMSE_E=4.1 meV, RMSE_F=24.9 meV / A
2024-11-25 17:33:38.005 INFO: Epoch 396: loss=0.6183, RMSE_E=4.0 meV, RMSE_F=24.9 meV / A
2024-11-25 17:33:48.204 INFO: Epoch 398: loss=0.6178, RMSE_E=4.0 meV, RMSE_F=24.9 meV / A
2024-11-25 17:33:57.156 INFO: Epoch 400: loss=0.6175, RMSE_E=4.0 meV, RMSE_F=24.8 meV / A
2024-11-25 17:34:06.026 INFO: Epoch 402: loss=0.6170, RMSE_E=4.0 meV, RMSE_F=24.8 meV / A
2024-11-25 17:34:16.628 INFO: Epoch 404: loss=0.6165, RMSE_E=4.0 meV, RMSE_F=24.8 meV / A
2024-11-25 17:34:27.362 INFO: Epoch 406: loss=0.6165, RMSE_E=4.0 meV, RMSE_F=24.8 meV / A
2024-11-25 17:34:38.508 INFO: Epoch 408: loss=0.6162, RMSE_E=4.0 meV, RMSE_F=24.8 meV / A
2024-11-25 17:34:49.608 INFO: Epoch 410: loss=0.6160, RMSE_E=4.0 meV, RMSE_F=24.8 meV / A
2024-11-25 17:35:00.474 INFO: Epoch 412: loss=0.6157, RMSE_E=4.0 meV, RMSE_F=24.8 meV / A
2024-11-25 17:35:11.022 INFO: Epoch 414: loss=0.6156, RMSE_E=4.0 meV, RMSE_F=24.8 meV / A
2024-11-25 17:35:21.979 INFO: Epoch 416: loss=0.6154, RMSE_E=4.0 meV, RMSE_F=24.8 meV / A
2024-11-25 17:35:33.016 INFO: Epoch 418: loss=0.6147, RMSE_E=4.0 meV, RMSE_F=24.8 meV / A
2024-11-25 17:35:43.956 INFO: Epoch 420: loss=0.6149, RMSE_E=4.0 meV, RMSE_F=24.8 meV / A
2024-11-25 17:35:52.904 INFO: Epoch 422: loss=0.6144, RMSE_E=4.0 meV, RMSE_F=24.8 meV / A
2024-11-25 17:36:04.539 INFO: Epoch 424: loss=0.6142, RMSE_E=4.0 meV, RMSE_F=24.8 meV / A
2024-11-25 17:36:15.224 INFO: Epoch 426: loss=0.6137, RMSE_E=4.0 meV, RMSE_F=24.8 meV / A
2024-11-25 17:36:26.405 INFO: Epoch 428: loss=0.6135, RMSE_E=4.0 meV, RMSE_F=24.8 meV / A
2024-11-25 17:36:37.211 INFO: Epoch 430: loss=0.6131, RMSE_E=4.0 meV, RMSE_F=24.8 meV / A
2024-11-25 17:36:48.500 INFO: Epoch 432: loss=0.6125, RMSE_E=4.0 meV, RMSE_F=24.7 meV / A
2024-11-25 17:36:59.546 INFO: Epoch 434: loss=0.6123, RMSE_E=4.0 meV, RMSE_F=24.7 meV / A
2024-11-25 17:37:10.746 INFO: Epoch 436: loss=0.6121, RMSE_E=4.0 meV, RMSE_F=24.7 meV / A
2024-11-25 17:37:21.434 INFO: Epoch 438: loss=0.6121, RMSE_E=4.0 meV, RMSE_F=24.7 meV / A
2024-11-25 17:37:30.573 INFO: Epoch 440: loss=0.6117, RMSE_E=4.0 meV, RMSE_F=24.7 meV / A
2024-11-25 17:37:41.666 INFO: Epoch 442: loss=0.6112, RMSE_E=4.0 meV, RMSE_F=24.7 meV / A
2024-11-25 17:37:52.711 INFO: Epoch 444: loss=0.6110, RMSE_E=4.0 meV, RMSE_F=24.7 meV / A
2024-11-25 17:38:03.925 INFO: Epoch 446: loss=0.6111, RMSE_E=4.0 meV, RMSE_F=24.7 meV / A
2024-11-25 17:38:12.843 INFO: Epoch 448: loss=0.6110, RMSE_E=4.0 meV, RMSE_F=24.7 meV / A
2024-11-25 17:38:21.970 INFO: Epoch 450: loss=0.6109, RMSE_E=4.0 meV, RMSE_F=24.7 meV / A
2024-11-25 17:38:32.938 INFO: Epoch 452: loss=0.6108, RMSE_E=4.0 meV, RMSE_F=24.7 meV / A
2024-11-25 17:38:43.811 INFO: Epoch 454: loss=0.6102, RMSE_E=4.0 meV, RMSE_F=24.7 meV / A
2024-11-25 17:38:54.946 INFO: Epoch 456: loss=0.6098, RMSE_E=4.0 meV, RMSE_F=24.7 meV / A
2024-11-25 17:39:06.033 INFO: Epoch 458: loss=0.6100, RMSE_E=4.0 meV, RMSE_F=24.7 meV / A
2024-11-25 17:39:15.040 INFO: Epoch 460: loss=0.6103, RMSE_E=4.0 meV, RMSE_F=24.7 meV / A
2024-11-25 17:39:24.135 INFO: Epoch 462: loss=0.6101, RMSE_E=4.0 meV, RMSE_F=24.7 meV / A
2024-11-25 17:39:32.918 INFO: Epoch 464: loss=0.6106, RMSE_E=4.0 meV, RMSE_F=24.7 meV / A
2024-11-25 17:39:41.695 INFO: Epoch 466: loss=0.6099, RMSE_E=4.0 meV, RMSE_F=24.7 meV / A
2024-11-25 17:39:50.670 INFO: Epoch 468: loss=0.6098, RMSE_E=4.0 meV, RMSE_F=24.7 meV / A
2024-11-25 17:40:01.578 INFO: Epoch 470: loss=0.6096, RMSE_E=4.0 meV, RMSE_F=24.7 meV / A
2024-11-25 17:40:12.518 INFO: Epoch 472: loss=0.6094, RMSE_E=4.0 meV, RMSE_F=24.7 meV / A
2024-11-25 17:40:23.485 INFO: Epoch 474: loss=0.6091, RMSE_E=4.0 meV, RMSE_F=24.7 meV / A
2024-11-25 17:40:34.966 INFO: Epoch 476: loss=0.6088, RMSE_E=4.0 meV, RMSE_F=24.7 meV / A
2024-11-25 17:40:45.674 INFO: Epoch 478: loss=0.6085, RMSE_E=4.0 meV, RMSE_F=24.7 meV / A
2024-11-25 17:40:56.726 INFO: Epoch 480: loss=0.6081, RMSE_E=4.0 meV, RMSE_F=24.7 meV / A
2024-11-25 17:41:07.754 INFO: Epoch 482: loss=0.6079, RMSE_E=4.0 meV, RMSE_F=24.7 meV / A
2024-11-25 17:41:18.768 INFO: Epoch 484: loss=0.6076, RMSE_E=4.0 meV, RMSE_F=24.6 meV / A
2024-11-25 17:41:29.866 INFO: Epoch 486: loss=0.6075, RMSE_E=4.0 meV, RMSE_F=24.6 meV / A
2024-11-25 17:41:41.335 INFO: Epoch 488: loss=0.6073, RMSE_E=4.0 meV, RMSE_F=24.6 meV / A
2024-11-25 17:41:51.982 INFO: Epoch 490: loss=0.6073, RMSE_E=4.0 meV, RMSE_F=24.6 meV / A
2024-11-25 17:42:02.923 INFO: Epoch 492: loss=0.6071, RMSE_E=4.0 meV, RMSE_F=24.6 meV / A
2024-11-25 17:42:13.129 INFO: Epoch 494: loss=0.6070, RMSE_E=4.0 meV, RMSE_F=24.6 meV / A
2024-11-25 17:42:24.126 INFO: Epoch 496: loss=0.6068, RMSE_E=4.0 meV, RMSE_F=24.6 meV / A
2024-11-25 17:42:35.184 INFO: Epoch 498: loss=0.6066, RMSE_E=4.0 meV, RMSE_F=24.6 meV / A
2024-11-25 17:42:38.212 INFO: Training complete
2024-11-25 17:42:38.213 INFO: Computing metrics for training, validation, and test sets
2024-11-25 17:42:38.215 INFO: Loading checkpoint: checkpoints/ethanol_run-123_epoch-498.pt
2024-11-25 17:42:38.658 INFO: Loaded model from epoch 498
2024-11-25 17:42:38.659 INFO: Evaluating train ...
2024-11-25 17:42:38.989 INFO: Evaluating valid ...
2024-11-25 17:42:46.293 INFO: 
+-------------+--------------+------------------+-------------------+
| config_type | RMSE E / meV | RMSE F / meV / A | relative F RMSE % |
+-------------+--------------+------------------+-------------------+
|    train    |     2.0      |       2.1        |        0.17       |
|    valid    |     4.0      |       24.6       |        2.09       |
+-------------+--------------+------------------+-------------------+
2024-11-25 17:42:46.293 INFO: Saving model to checkpoints/ethanol_run-123.model
2024-11-25 17:42:48.487 INFO: Compiling model, saving metadata to ethanol_compiled.model
2024-11-25 17:42:49.831 INFO: Done
