2024-11-25 15:08:02.833 INFO: MACE version: 0.3.5
2024-11-25 15:08:02.834 INFO: Configuration: Namespace(config=None, name='salicylic', seed=123, log_dir='logs', model_dir='.', checkpoints_dir='checkpoints', results_dir='results', downloads_dir='downloads', device='cuda', default_dtype='float64', distributed=False, log_level='INFO', error_table='TotalRMSE', model='MACE', r_max=5.0, radial_type='bessel', num_radial_basis=8, num_cutoff_basis=5, pair_repulsion=False, distance_transform='None', interaction='RealAgnosticResidualInteractionBlock', interaction_first='RealAgnosticResidualInteractionBlock', max_ell=3, correlation=3, num_interactions=2, MLP_irreps='16x0e', radial_MLP='[64, 64, 64]', hidden_irreps='128x0e + 128x1o', num_channels=128, max_L=1, gate='silu', scaling='rms_forces_scaling', avg_num_neighbors=1, compute_avg_num_neighbors=True, compute_stress=False, compute_forces=True, train_file='./dataset/train.xyz', valid_file='./dataset/valid.xyz', valid_fraction=0.1, test_file=None, test_dir=None, multi_processed_test=False, num_workers=0, pin_memory=True, atomic_numbers=None, mean=None, std=None, statistics_file=None, E0s='average', keep_isolated_atoms=False, energy_key='energy', forces_key='forces', virials_key='virials', stress_key='stress', dipole_key='dipole', charges_key='charges', loss='ef', forces_weight=1000.0, swa_forces_weight=100.0, energy_weight=1.0, swa_energy_weight=1000.0, virials_weight=1.0, swa_virials_weight=10.0, stress_weight=1.0, swa_stress_weight=10.0, dipole_weight=1.0, swa_dipole_weight=1.0, config_type_weights='{"Default":1.0}', huber_delta=0.01, optimizer='adam', beta=0.9, batch_size=5, valid_batch_size=5, lr=0.005, swa_lr=0.001, weight_decay=1e-08, amsgrad=True, scheduler='ReduceLROnPlateau', lr_factor=0.8, scheduler_patience=5, lr_scheduler_gamma=0.9993, swa=False, start_swa=None, ema=True, ema_decay=0.995, max_num_epochs=500, patience=2048, foundation_model='/home/l6eub2ic/whcs-share31/wangchen/mace/MPtrj/MACE-OFF23_medium.model', foundation_model_readout=True, eval_interval=2, keep_checkpoints=False, save_all_checkpoints=False, restart_latest=False, save_cpu=True, clip_grad=100.0, wandb=False, wandb_dir=None, wandb_project='', wandb_entity='', wandb_name='', wandb_log_hypers=['num_channels', 'max_L', 'correlation', 'lr', 'swa_lr', 'weight_decay', 'batch_size', 'max_num_epochs', 'start_swa', 'energy_weight', 'forces_weight'])
2024-11-25 15:08:02.987 INFO: CUDA version: 11.8, CUDA device: 0
2024-11-25 15:08:03.675 INFO: Error accessing Git repository: /home/l6eub2ic/whcs-share31/wangchen/mace/organic/salicylic/LoRA
2024-11-25 15:08:08.133 INFO: Using foundation model /home/l6eub2ic/whcs-share31/wangchen/mace/MPtrj/MACE-OFF23_medium.model as initial checkpoint.
2024-11-25 15:08:08.197 INFO: Since ASE version 3.23.0b1, using energy_key 'energy' is no longer safe when communicating between MACE and ASE. We recommend using a different key, rewriting energies to 'REF_energy'. You need to use --energy_key='REF_energy', to tell the key name chosen.
2024-11-25 15:08:08.208 INFO: Since ASE version 3.23.0b1, using forces_key 'forces' is no longer safe when communicating between MACE and ASE. We recommend using a different key, rewriting energies to 'REF_forces'. You need to use --forces_key='REF_forces', to tell the key name chosen.
2024-11-25 15:08:08.218 INFO: Since ASE version 3.23.0b1, using stress_key 'stress' is no longer safe when communicating between MACE and ASE. We recommend using a different key, rewriting energies to 'REF_stress'. You need to use --stress_key='REF_stress', to tell the key name chosen.
2024-11-25 15:08:08.219 INFO: Loaded 50 training configurations from './dataset/train.xyz'
2024-11-25 15:08:08.884 INFO: Since ASE version 3.23.0b1, using energy_key 'energy' is no longer safe when communicating between MACE and ASE. We recommend using a different key, rewriting energies to 'REF_energy'. You need to use --energy_key='REF_energy', to tell the key name chosen.
2024-11-25 15:08:09.057 INFO: Since ASE version 3.23.0b1, using forces_key 'forces' is no longer safe when communicating between MACE and ASE. We recommend using a different key, rewriting energies to 'REF_forces'. You need to use --forces_key='REF_forces', to tell the key name chosen.
2024-11-25 15:08:09.230 INFO: Since ASE version 3.23.0b1, using stress_key 'stress' is no longer safe when communicating between MACE and ASE. We recommend using a different key, rewriting energies to 'REF_stress'. You need to use --stress_key='REF_stress', to tell the key name chosen.
2024-11-25 15:08:09.253 INFO: Loaded 950 validation configurations from './dataset/valid.xyz'
2024-11-25 15:08:09.254 INFO: Total number of configurations: train=50, valid=950, tests=[]
2024-11-25 15:08:09.258 INFO: AtomicNumberTable: (1, 6, 8)
2024-11-25 15:08:09.259 INFO: Atomic Energies not in training file, using command line argument E0s
2024-11-25 15:08:09.259 INFO: Computing average Atomic Energies using least squares regression
2024-11-25 15:08:09.265 INFO: Atomic energies: [-859.9385088410814, -1003.2615936479276, -429.9692544205403]
2024-11-25 15:08:09.803 INFO: EnergyForcesLoss(energy_weight=1.000, forces_weight=1000.000)
2024-11-25 15:08:09.829 INFO: Average number of neighbors: 13.01
2024-11-25 15:08:09.830 INFO: Selected the following outputs: {'energy': True, 'forces': True, 'virials': False, 'stress': False, 'dipoles': False}
2024-11-25 15:08:09.853 INFO: Building model
2024-11-25 15:08:19.103 INFO: Number of trainable parameters: 175880
2024-11-25 15:08:19.106 INFO: ScaleShiftMACE(
  (node_embedding): LinearNodeEmbeddingBlock(
    (linear): Linear(3x0e -> 128x0e | 384 weights) | 2096 LoRA_weights)
  )
  (radial_embedding): RadialEmbeddingBlock(
    (bessel_fn): BesselBasis(r_max=5.0, num_basis=8, trainable=True)
    (cutoff_fn): PolynomialCutoff(p=5.0, r_max=5.0)
  )
  (spherical_harmonics): SphericalHarmonics()
  (atomic_energies_fn): AtomicEnergiesBlock(energies=[-859.9385, -1003.2616, -429.9693])
  (interactions): ModuleList(
    (0): RealAgnosticInteractionBlock(
      (linear_up): Linear(128x0e -> 128x0e | 16384 weights) | 4096 LoRA_weights)
      (conv_tp): TensorProduct(128x0e x 1x0e+1x1o+1x2e+1x3o -> 128x0e+128x1o+128x2e+128x3o | 512 paths | 512 weights | 0 LoRA_weights)
      (conv_tp_weights): FullyConnectedNet[8, 64, 64, 64, 512]
      (linear): Linear(128x0e+128x1o+128x2e+128x3o -> 128x0e+128x1o+128x2e+128x3o | 65536 weights) | 16384 LoRA_weights)
      (skip_tp): FullyConnectedTensorProduct(128x0e+128x1o+128x2e+128x3o x 3x0e -> 128x0e+128x1o+128x2e+128x3o | 196608 paths | 196608 weights | 32768 LoRA_weights)
      (reshape): reshape_irreps()
    )
    (1): RealAgnosticResidualInteractionBlock(
      (linear_up): Linear(128x0e+128x1o -> 128x0e+128x1o | 32768 weights) | 8192 LoRA_weights)
      (conv_tp): TensorProduct(128x0e+128x1o x 1x0e+1x1o+1x2e+1x3o -> 256x0e+384x1o+384x2e+256x3o | 1280 paths | 1280 weights | 0 LoRA_weights)
      (conv_tp_weights): FullyConnectedNet[8, 64, 64, 64, 1280]
      (linear): Linear(256x0e+384x1o+384x2e+256x3o -> 128x0e+128x1o+128x2e+128x3o | 163840 weights) | 28672 LoRA_weights)
      (skip_tp): FullyConnectedTensorProduct(128x0e+128x1o x 3x0e -> 128x0e | 49152 paths | 49152 weights | 8192 LoRA_weights)
      (reshape): reshape_irreps()
    )
  )
  (products): ModuleList(
    (0): EquivariantProductBasisBlock(
      (symmetric_contractions): SymmetricContraction(
        (contractions): ModuleList(
          (0): Contraction(
            (contractions_weighting): ModuleList(
              (0-1): 2 x GraphModule()
            )
            (contractions_features): ModuleList(
              (0-1): 2 x GraphModule()
            )
            (weights): ParameterList(
                (0): Parameter containing: [torch.float64 of size 3x4x128 (GPU 0)]
                (1): Parameter containing: [torch.float64 of size 3x1x128 (GPU 0)]
            )
            (graph_opt_main): GraphModule()
            (LoRA_weight): ParameterList(
                (0): Parameter containing: [torch.float64 of size 3x23x16 (GPU 0)]
                (1): Parameter containing: [torch.float64 of size 16x128 (GPU 0)]
            )
          )
          (1): Contraction(
            (contractions_weighting): ModuleList(
              (0-1): 2 x GraphModule()
            )
            (contractions_features): ModuleList(
              (0-1): 2 x GraphModule()
            )
            (weights): ParameterList(
                (0): Parameter containing: [torch.float64 of size 3x6x128 (GPU 0)]
                (1): Parameter containing: [torch.float64 of size 3x1x128 (GPU 0)]
            )
            (graph_opt_main): GraphModule()
            (LoRA_weight): ParameterList(
                (0): Parameter containing: [torch.float64 of size 3x51x16 (GPU 0)]
                (1): Parameter containing: [torch.float64 of size 16x128 (GPU 0)]
            )
          )
        )
      )
      (linear): Linear(128x0e+128x1o -> 128x0e+128x1o | 32768 weights) | 8192 LoRA_weights)
    )
    (1): EquivariantProductBasisBlock(
      (symmetric_contractions): SymmetricContraction(
        (contractions): ModuleList(
          (0): Contraction(
            (contractions_weighting): ModuleList(
              (0-1): 2 x GraphModule()
            )
            (contractions_features): ModuleList(
              (0-1): 2 x GraphModule()
            )
            (weights): ParameterList(
                (0): Parameter containing: [torch.float64 of size 3x4x128 (GPU 0)]
                (1): Parameter containing: [torch.float64 of size 3x1x128 (GPU 0)]
            )
            (graph_opt_main): GraphModule()
            (LoRA_weight): ParameterList(
                (0): Parameter containing: [torch.float64 of size 3x23x16 (GPU 0)]
                (1): Parameter containing: [torch.float64 of size 16x128 (GPU 0)]
            )
          )
        )
      )
      (linear): Linear(128x0e -> 128x0e | 16384 weights) | 4096 LoRA_weights)
    )
  )
  (readouts): ModuleList(
    (0): LinearReadoutBlock(
      (linear): Linear(128x0e+128x1o -> 1x0e | 128 weights) | 2064 LoRA_weights)
    )
    (1): NonLinearReadoutBlock(
      (linear_1): Linear(128x0e -> 16x0e | 2048 weights) | 2304 LoRA_weights)
      (non_linearity): Activation [x] (16x0e -> 16x0e)
      (linear_2): Linear(16x0e -> 1x0e | 16 weights) | 272 LoRA_weights)
    )
  )
  (scale_shift): ScaleShiftBlock(scale=1.088502, shift=0.000000)
)
2024-11-25 15:08:19.110 INFO: Number of parameters: 921240
2024-11-25 15:08:19.110 INFO: Optimizer: Adam (
Parameter Group 0
    amsgrad: True
    betas: (0.9, 0.999)
    capturable: False
    differentiable: False
    eps: 1e-08
    foreach: None
    fused: None
    lr: 0.005
    maximize: False
    name: embedding
    weight_decay: 0.0

Parameter Group 1
    amsgrad: True
    betas: (0.9, 0.999)
    capturable: False
    differentiable: False
    eps: 1e-08
    foreach: None
    fused: None
    lr: 0.005
    maximize: False
    name: interactions_decay
    weight_decay: 1e-08

Parameter Group 2
    amsgrad: True
    betas: (0.9, 0.999)
    capturable: False
    differentiable: False
    eps: 1e-08
    foreach: None
    fused: None
    lr: 0.005
    maximize: False
    name: interactions_no_decay
    weight_decay: 0.0

Parameter Group 3
    amsgrad: True
    betas: (0.9, 0.999)
    capturable: False
    differentiable: False
    eps: 1e-08
    foreach: None
    fused: None
    lr: 0.005
    maximize: False
    name: products
    weight_decay: 1e-08

Parameter Group 4
    amsgrad: True
    betas: (0.9, 0.999)
    capturable: False
    differentiable: False
    eps: 1e-08
    foreach: None
    fused: None
    lr: 0.005
    maximize: False
    name: readouts
    weight_decay: 0.0
)
2024-11-25 15:08:19.110 INFO: Using gradient clipping with tolerance=100.000
2024-11-25 15:08:19.110 INFO: Started training
2024-11-25 15:08:37.481 INFO: Epoch None: loss=6540.3970, RMSE_E=79533.8 meV, RMSE_F=463.4 meV / A
2024-11-25 15:08:55.936 INFO: Epoch 0: loss=863.8883, RMSE_E=18899.5 meV, RMSE_F=711.8 meV / A
2024-11-25 15:09:07.882 INFO: Epoch 2: loss=49.1068, RMSE_E=1472.0 meV, RMSE_F=216.7 meV / A
2024-11-25 15:09:19.591 INFO: Epoch 4: loss=13.0230, RMSE_E=499.1 meV, RMSE_F=113.0 meV / A
2024-11-25 15:09:30.750 INFO: Epoch 6: loss=8.0137, RMSE_E=161.7 meV, RMSE_F=89.4 meV / A
2024-11-25 15:09:41.695 INFO: Epoch 8: loss=5.7262, RMSE_E=212.6 meV, RMSE_F=75.4 meV / A
2024-11-25 15:09:52.849 INFO: Epoch 10: loss=4.4575, RMSE_E=34.4 meV, RMSE_F=66.8 meV / A
2024-11-25 15:10:03.669 INFO: Epoch 12: loss=3.5638, RMSE_E=67.8 meV, RMSE_F=59.7 meV / A
2024-11-25 15:10:15.029 INFO: Epoch 14: loss=3.1694, RMSE_E=89.1 meV, RMSE_F=56.2 meV / A
2024-11-25 15:10:25.846 INFO: Epoch 16: loss=2.8161, RMSE_E=86.8 meV, RMSE_F=53.0 meV / A
2024-11-25 15:10:37.033 INFO: Epoch 18: loss=2.5041, RMSE_E=53.1 meV, RMSE_F=50.0 meV / A
2024-11-25 15:10:48.284 INFO: Epoch 20: loss=2.2526, RMSE_E=79.4 meV, RMSE_F=47.4 meV / A
2024-11-25 15:11:00.067 INFO: Epoch 22: loss=2.1182, RMSE_E=72.1 meV, RMSE_F=46.0 meV / A
2024-11-25 15:11:11.463 INFO: Epoch 24: loss=1.9600, RMSE_E=52.7 meV, RMSE_F=44.2 meV / A
2024-11-25 15:11:23.061 INFO: Epoch 26: loss=1.8181, RMSE_E=57.4 meV, RMSE_F=42.6 meV / A
2024-11-25 15:11:34.465 INFO: Epoch 28: loss=1.6827, RMSE_E=66.3 meV, RMSE_F=41.0 meV / A
2024-11-25 15:11:46.454 INFO: Epoch 30: loss=1.5976, RMSE_E=50.0 meV, RMSE_F=39.9 meV / A
2024-11-25 15:11:57.859 INFO: Epoch 32: loss=1.5164, RMSE_E=69.5 meV, RMSE_F=38.9 meV / A
2024-11-25 15:12:09.552 INFO: Epoch 34: loss=1.4479, RMSE_E=63.6 meV, RMSE_F=38.0 meV / A
2024-11-25 15:12:20.615 INFO: Epoch 36: loss=1.4196, RMSE_E=51.7 meV, RMSE_F=37.6 meV / A
2024-11-25 15:12:31.689 INFO: Epoch 38: loss=1.3478, RMSE_E=48.2 meV, RMSE_F=36.7 meV / A
2024-11-25 15:12:42.928 INFO: Epoch 40: loss=1.3292, RMSE_E=65.1 meV, RMSE_F=36.4 meV / A
2024-11-25 15:12:54.683 INFO: Epoch 42: loss=1.2739, RMSE_E=79.7 meV, RMSE_F=35.6 meV / A
2024-11-25 15:13:05.767 INFO: Epoch 44: loss=1.2175, RMSE_E=57.9 meV, RMSE_F=34.8 meV / A
2024-11-25 15:13:16.857 INFO: Epoch 46: loss=1.1759, RMSE_E=41.6 meV, RMSE_F=34.3 meV / A
2024-11-25 15:13:28.066 INFO: Epoch 48: loss=1.1393, RMSE_E=37.2 meV, RMSE_F=33.7 meV / A
2024-11-25 15:13:37.515 INFO: Epoch 50: loss=1.1052, RMSE_E=48.5 meV, RMSE_F=33.2 meV / A
2024-11-25 15:13:49.098 INFO: Epoch 52: loss=1.0851, RMSE_E=75.5 meV, RMSE_F=32.9 meV / A
2024-11-25 15:14:00.237 INFO: Epoch 54: loss=1.0714, RMSE_E=57.9 meV, RMSE_F=32.7 meV / A
2024-11-25 15:14:11.544 INFO: Epoch 56: loss=1.0287, RMSE_E=49.2 meV, RMSE_F=32.0 meV / A
2024-11-25 15:14:23.387 INFO: Epoch 58: loss=1.0150, RMSE_E=60.9 meV, RMSE_F=31.8 meV / A
2024-11-25 15:14:34.496 INFO: Epoch 60: loss=0.9956, RMSE_E=55.9 meV, RMSE_F=31.5 meV / A
2024-11-25 15:14:46.462 INFO: Epoch 62: loss=0.9711, RMSE_E=52.9 meV, RMSE_F=31.1 meV / A
2024-11-25 15:14:57.353 INFO: Epoch 64: loss=0.9516, RMSE_E=51.0 meV, RMSE_F=30.8 meV / A
2024-11-25 15:15:08.377 INFO: Epoch 66: loss=0.9308, RMSE_E=52.6 meV, RMSE_F=30.5 meV / A
2024-11-25 15:15:19.708 INFO: Epoch 68: loss=0.9052, RMSE_E=48.0 meV, RMSE_F=30.0 meV / A
2024-11-25 15:15:31.647 INFO: Epoch 70: loss=0.8845, RMSE_E=52.6 meV, RMSE_F=29.7 meV / A
2024-11-25 15:15:43.132 INFO: Epoch 72: loss=0.8884, RMSE_E=49.0 meV, RMSE_F=29.8 meV / A
2024-11-25 15:15:52.508 INFO: Epoch 74: loss=0.9097, RMSE_E=45.5 meV, RMSE_F=30.1 meV / A
2024-11-25 15:16:01.703 INFO: Epoch 76: loss=0.8911, RMSE_E=48.5 meV, RMSE_F=29.8 meV / A
2024-11-25 15:16:11.159 INFO: Epoch 78: loss=0.8741, RMSE_E=44.2 meV, RMSE_F=29.5 meV / A
2024-11-25 15:16:23.081 INFO: Epoch 80: loss=0.8571, RMSE_E=39.4 meV, RMSE_F=29.2 meV / A
2024-11-25 15:16:34.979 INFO: Epoch 82: loss=0.8466, RMSE_E=38.4 meV, RMSE_F=29.1 meV / A
2024-11-25 15:16:45.969 INFO: Epoch 84: loss=0.8320, RMSE_E=35.6 meV, RMSE_F=28.8 meV / A
2024-11-25 15:16:57.075 INFO: Epoch 86: loss=0.8169, RMSE_E=35.1 meV, RMSE_F=28.6 meV / A
2024-11-25 15:17:08.132 INFO: Epoch 88: loss=0.8080, RMSE_E=30.8 meV, RMSE_F=28.4 meV / A
2024-11-25 15:17:19.177 INFO: Epoch 90: loss=0.7972, RMSE_E=29.1 meV, RMSE_F=28.2 meV / A
2024-11-25 15:17:30.448 INFO: Epoch 92: loss=0.7844, RMSE_E=27.7 meV, RMSE_F=28.0 meV / A
2024-11-25 15:17:42.129 INFO: Epoch 94: loss=0.7718, RMSE_E=25.3 meV, RMSE_F=27.8 meV / A
2024-11-25 15:17:53.274 INFO: Epoch 96: loss=0.7641, RMSE_E=23.5 meV, RMSE_F=27.6 meV / A
2024-11-25 15:18:04.592 INFO: Epoch 98: loss=0.7552, RMSE_E=22.8 meV, RMSE_F=27.5 meV / A
2024-11-25 15:18:16.384 INFO: Epoch 100: loss=0.7433, RMSE_E=20.5 meV, RMSE_F=27.3 meV / A
2024-11-25 15:18:27.774 INFO: Epoch 102: loss=0.7357, RMSE_E=19.2 meV, RMSE_F=27.1 meV / A
2024-11-25 15:18:37.434 INFO: Epoch 104: loss=0.7300, RMSE_E=17.8 meV, RMSE_F=27.0 meV / A
2024-11-25 15:18:48.581 INFO: Epoch 106: loss=0.7248, RMSE_E=17.7 meV, RMSE_F=26.9 meV / A
2024-11-25 15:18:59.990 INFO: Epoch 108: loss=0.7206, RMSE_E=16.9 meV, RMSE_F=26.8 meV / A
2024-11-25 15:19:12.018 INFO: Epoch 110: loss=0.7198, RMSE_E=16.2 meV, RMSE_F=26.8 meV / A
2024-11-25 15:19:23.970 INFO: Epoch 112: loss=0.7164, RMSE_E=16.9 meV, RMSE_F=26.8 meV / A
2024-11-25 15:19:34.743 INFO: Epoch 114: loss=0.7107, RMSE_E=16.9 meV, RMSE_F=26.7 meV / A
2024-11-25 15:19:45.924 INFO: Epoch 116: loss=0.7040, RMSE_E=15.4 meV, RMSE_F=26.5 meV / A
2024-11-25 15:19:57.157 INFO: Epoch 118: loss=0.6984, RMSE_E=15.0 meV, RMSE_F=26.4 meV / A
2024-11-25 15:20:09.398 INFO: Epoch 120: loss=0.6926, RMSE_E=13.9 meV, RMSE_F=26.3 meV / A
2024-11-25 15:20:21.232 INFO: Epoch 122: loss=0.6853, RMSE_E=13.3 meV, RMSE_F=26.2 meV / A
2024-11-25 15:20:32.408 INFO: Epoch 124: loss=0.6785, RMSE_E=12.6 meV, RMSE_F=26.0 meV / A
2024-11-25 15:20:44.025 INFO: Epoch 126: loss=0.6730, RMSE_E=12.0 meV, RMSE_F=25.9 meV / A
2024-11-25 15:20:55.143 INFO: Epoch 128: loss=0.6696, RMSE_E=11.4 meV, RMSE_F=25.9 meV / A
2024-11-25 15:21:06.142 INFO: Epoch 130: loss=0.6679, RMSE_E=10.7 meV, RMSE_F=25.8 meV / A
2024-11-25 15:21:17.470 INFO: Epoch 132: loss=0.6637, RMSE_E=12.0 meV, RMSE_F=25.8 meV / A
2024-11-25 15:21:28.563 INFO: Epoch 134: loss=0.6598, RMSE_E=11.3 meV, RMSE_F=25.7 meV / A
2024-11-25 15:21:39.442 INFO: Epoch 136: loss=0.6586, RMSE_E=12.0 meV, RMSE_F=25.7 meV / A
2024-11-25 15:21:50.954 INFO: Epoch 138: loss=0.6553, RMSE_E=11.5 meV, RMSE_F=25.6 meV / A
2024-11-25 15:22:02.924 INFO: Epoch 140: loss=0.6517, RMSE_E=10.9 meV, RMSE_F=25.5 meV / A
2024-11-25 15:22:14.666 INFO: Epoch 142: loss=0.6498, RMSE_E=10.2 meV, RMSE_F=25.5 meV / A
2024-11-25 15:22:25.991 INFO: Epoch 144: loss=0.6467, RMSE_E=9.9 meV, RMSE_F=25.4 meV / A
2024-11-25 15:22:38.199 INFO: Epoch 146: loss=0.6442, RMSE_E=9.4 meV, RMSE_F=25.4 meV / A
2024-11-25 15:22:50.250 INFO: Epoch 148: loss=0.6416, RMSE_E=9.0 meV, RMSE_F=25.3 meV / A
2024-11-25 15:23:02.065 INFO: Epoch 150: loss=0.6401, RMSE_E=9.0 meV, RMSE_F=25.3 meV / A
2024-11-25 15:23:13.085 INFO: Epoch 152: loss=0.6406, RMSE_E=8.5 meV, RMSE_F=25.3 meV / A
2024-11-25 15:23:22.279 INFO: Epoch 154: loss=0.6377, RMSE_E=9.7 meV, RMSE_F=25.2 meV / A
2024-11-25 15:23:34.317 INFO: Epoch 156: loss=0.6396, RMSE_E=8.9 meV, RMSE_F=25.3 meV / A
2024-11-25 15:23:43.568 INFO: Epoch 158: loss=0.6377, RMSE_E=9.2 meV, RMSE_F=25.3 meV / A
2024-11-25 15:23:52.853 INFO: Epoch 160: loss=0.6341, RMSE_E=9.4 meV, RMSE_F=25.2 meV / A
2024-11-25 15:24:03.575 INFO: Epoch 162: loss=0.6343, RMSE_E=10.3 meV, RMSE_F=25.2 meV / A
2024-11-25 15:24:12.876 INFO: Epoch 164: loss=0.6324, RMSE_E=11.3 meV, RMSE_F=25.1 meV / A
2024-11-25 15:24:24.649 INFO: Epoch 166: loss=0.6315, RMSE_E=12.3 meV, RMSE_F=25.1 meV / A
2024-11-25 15:24:36.931 INFO: Epoch 168: loss=0.6294, RMSE_E=11.8 meV, RMSE_F=25.1 meV / A
2024-11-25 15:24:48.424 INFO: Epoch 170: loss=0.6277, RMSE_E=12.2 meV, RMSE_F=25.1 meV / A
2024-11-25 15:24:59.442 INFO: Epoch 172: loss=0.6259, RMSE_E=12.7 meV, RMSE_F=25.0 meV / A
2024-11-25 15:25:10.793 INFO: Epoch 174: loss=0.6245, RMSE_E=12.7 meV, RMSE_F=25.0 meV / A
2024-11-25 15:25:22.510 INFO: Epoch 176: loss=0.6225, RMSE_E=12.9 meV, RMSE_F=24.9 meV / A
2024-11-25 15:25:34.084 INFO: Epoch 178: loss=0.6193, RMSE_E=12.8 meV, RMSE_F=24.9 meV / A
2024-11-25 15:25:46.519 INFO: Epoch 180: loss=0.6174, RMSE_E=12.6 meV, RMSE_F=24.8 meV / A
2024-11-25 15:25:58.158 INFO: Epoch 182: loss=0.6153, RMSE_E=12.3 meV, RMSE_F=24.8 meV / A
2024-11-25 15:26:09.968 INFO: Epoch 184: loss=0.6127, RMSE_E=12.2 meV, RMSE_F=24.8 meV / A
2024-11-25 15:26:21.522 INFO: Epoch 186: loss=0.6101, RMSE_E=11.7 meV, RMSE_F=24.7 meV / A
2024-11-25 15:26:33.123 INFO: Epoch 188: loss=0.6088, RMSE_E=11.3 meV, RMSE_F=24.7 meV / A
2024-11-25 15:26:44.318 INFO: Epoch 190: loss=0.6062, RMSE_E=11.6 meV, RMSE_F=24.6 meV / A
2024-11-25 15:26:55.935 INFO: Epoch 192: loss=0.6049, RMSE_E=11.0 meV, RMSE_F=24.6 meV / A
2024-11-25 15:27:07.286 INFO: Epoch 194: loss=0.6043, RMSE_E=10.8 meV, RMSE_F=24.6 meV / A
2024-11-25 15:27:18.291 INFO: Epoch 196: loss=0.6035, RMSE_E=10.1 meV, RMSE_F=24.6 meV / A
2024-11-25 15:27:29.572 INFO: Epoch 198: loss=0.6041, RMSE_E=10.4 meV, RMSE_F=24.6 meV / A
2024-11-25 15:27:38.859 INFO: Epoch 200: loss=0.6022, RMSE_E=10.3 meV, RMSE_F=24.5 meV / A
2024-11-25 15:27:50.743 INFO: Epoch 202: loss=0.6004, RMSE_E=10.1 meV, RMSE_F=24.5 meV / A
2024-11-25 15:28:02.347 INFO: Epoch 204: loss=0.6001, RMSE_E=10.3 meV, RMSE_F=24.5 meV / A
2024-11-25 15:28:13.786 INFO: Epoch 206: loss=0.5981, RMSE_E=10.2 meV, RMSE_F=24.5 meV / A
2024-11-25 15:28:25.910 INFO: Epoch 208: loss=0.5966, RMSE_E=10.3 meV, RMSE_F=24.4 meV / A
2024-11-25 15:28:38.073 INFO: Epoch 210: loss=0.5954, RMSE_E=10.7 meV, RMSE_F=24.4 meV / A
2024-11-25 15:28:47.825 INFO: Epoch 212: loss=0.5935, RMSE_E=10.7 meV, RMSE_F=24.4 meV / A
2024-11-25 15:28:58.872 INFO: Epoch 214: loss=0.5926, RMSE_E=11.2 meV, RMSE_F=24.3 meV / A
2024-11-25 15:29:10.004 INFO: Epoch 216: loss=0.5921, RMSE_E=11.5 meV, RMSE_F=24.3 meV / A
2024-11-25 15:29:21.032 INFO: Epoch 218: loss=0.5908, RMSE_E=11.8 meV, RMSE_F=24.3 meV / A
2024-11-25 15:29:32.513 INFO: Epoch 220: loss=0.5894, RMSE_E=12.0 meV, RMSE_F=24.3 meV / A
2024-11-25 15:29:44.451 INFO: Epoch 222: loss=0.5871, RMSE_E=11.6 meV, RMSE_F=24.2 meV / A
2024-11-25 15:29:56.572 INFO: Epoch 224: loss=0.5850, RMSE_E=11.2 meV, RMSE_F=24.2 meV / A
2024-11-25 15:30:08.533 INFO: Epoch 226: loss=0.5838, RMSE_E=10.8 meV, RMSE_F=24.2 meV / A
2024-11-25 15:30:20.490 INFO: Epoch 228: loss=0.5823, RMSE_E=10.6 meV, RMSE_F=24.1 meV / A
2024-11-25 15:30:31.530 INFO: Epoch 230: loss=0.5810, RMSE_E=10.4 meV, RMSE_F=24.1 meV / A
2024-11-25 15:30:42.263 INFO: Epoch 232: loss=0.5793, RMSE_E=10.1 meV, RMSE_F=24.1 meV / A
2024-11-25 15:30:53.523 INFO: Epoch 234: loss=0.5777, RMSE_E=9.6 meV, RMSE_F=24.0 meV / A
2024-11-25 15:31:04.462 INFO: Epoch 236: loss=0.5763, RMSE_E=9.2 meV, RMSE_F=24.0 meV / A
2024-11-25 15:31:16.119 INFO: Epoch 238: loss=0.5753, RMSE_E=8.8 meV, RMSE_F=24.0 meV / A
2024-11-25 15:31:27.801 INFO: Epoch 240: loss=0.5745, RMSE_E=8.3 meV, RMSE_F=24.0 meV / A
2024-11-25 15:31:38.844 INFO: Epoch 242: loss=0.5728, RMSE_E=8.2 meV, RMSE_F=23.9 meV / A
2024-11-25 15:31:49.820 INFO: Epoch 244: loss=0.5716, RMSE_E=7.9 meV, RMSE_F=23.9 meV / A
2024-11-25 15:32:00.935 INFO: Epoch 246: loss=0.5701, RMSE_E=7.7 meV, RMSE_F=23.9 meV / A
2024-11-25 15:32:12.071 INFO: Epoch 248: loss=0.5686, RMSE_E=7.5 meV, RMSE_F=23.8 meV / A
2024-11-25 15:32:22.806 INFO: Epoch 250: loss=0.5680, RMSE_E=7.2 meV, RMSE_F=23.8 meV / A
2024-11-25 15:32:34.026 INFO: Epoch 252: loss=0.5667, RMSE_E=6.9 meV, RMSE_F=23.8 meV / A
2024-11-25 15:32:45.078 INFO: Epoch 254: loss=0.5652, RMSE_E=6.6 meV, RMSE_F=23.8 meV / A
2024-11-25 15:32:56.294 INFO: Epoch 256: loss=0.5638, RMSE_E=6.5 meV, RMSE_F=23.7 meV / A
2024-11-25 15:33:07.274 INFO: Epoch 258: loss=0.5623, RMSE_E=6.5 meV, RMSE_F=23.7 meV / A
2024-11-25 15:33:18.044 INFO: Epoch 260: loss=0.5617, RMSE_E=6.2 meV, RMSE_F=23.7 meV / A
2024-11-25 15:33:29.097 INFO: Epoch 262: loss=0.5611, RMSE_E=6.1 meV, RMSE_F=23.7 meV / A
2024-11-25 15:33:40.973 INFO: Epoch 264: loss=0.5606, RMSE_E=6.0 meV, RMSE_F=23.7 meV / A
2024-11-25 15:33:50.416 INFO: Epoch 266: loss=0.5591, RMSE_E=5.8 meV, RMSE_F=23.6 meV / A
2024-11-25 15:33:59.723 INFO: Epoch 268: loss=0.5581, RMSE_E=5.7 meV, RMSE_F=23.6 meV / A
2024-11-25 15:34:11.782 INFO: Epoch 270: loss=0.5570, RMSE_E=5.5 meV, RMSE_F=23.6 meV / A
2024-11-25 15:34:23.873 INFO: Epoch 272: loss=0.5564, RMSE_E=5.6 meV, RMSE_F=23.6 meV / A
2024-11-25 15:34:35.989 INFO: Epoch 274: loss=0.5562, RMSE_E=5.6 meV, RMSE_F=23.6 meV / A
2024-11-25 15:34:47.591 INFO: Epoch 276: loss=0.5559, RMSE_E=5.4 meV, RMSE_F=23.6 meV / A
2024-11-25 15:34:58.998 INFO: Epoch 278: loss=0.5548, RMSE_E=5.4 meV, RMSE_F=23.6 meV / A
2024-11-25 15:35:11.293 INFO: Epoch 280: loss=0.5545, RMSE_E=5.1 meV, RMSE_F=23.5 meV / A
2024-11-25 15:35:23.029 INFO: Epoch 282: loss=0.5539, RMSE_E=5.1 meV, RMSE_F=23.5 meV / A
2024-11-25 15:35:34.041 INFO: Epoch 284: loss=0.5532, RMSE_E=5.1 meV, RMSE_F=23.5 meV / A
2024-11-25 15:35:45.377 INFO: Epoch 286: loss=0.5526, RMSE_E=5.1 meV, RMSE_F=23.5 meV / A
2024-11-25 15:35:57.224 INFO: Epoch 288: loss=0.5521, RMSE_E=5.1 meV, RMSE_F=23.5 meV / A
2024-11-25 15:36:08.348 INFO: Epoch 290: loss=0.5514, RMSE_E=5.1 meV, RMSE_F=23.5 meV / A
2024-11-25 15:36:20.503 INFO: Epoch 292: loss=0.5508, RMSE_E=5.0 meV, RMSE_F=23.5 meV / A
2024-11-25 15:36:32.382 INFO: Epoch 294: loss=0.5505, RMSE_E=4.9 meV, RMSE_F=23.5 meV / A
2024-11-25 15:36:43.391 INFO: Epoch 296: loss=0.5497, RMSE_E=5.0 meV, RMSE_F=23.4 meV / A
2024-11-25 15:36:54.582 INFO: Epoch 298: loss=0.5489, RMSE_E=4.9 meV, RMSE_F=23.4 meV / A
2024-11-25 15:37:06.578 INFO: Epoch 300: loss=0.5479, RMSE_E=4.9 meV, RMSE_F=23.4 meV / A
2024-11-25 15:37:17.700 INFO: Epoch 302: loss=0.5471, RMSE_E=4.8 meV, RMSE_F=23.4 meV / A
2024-11-25 15:37:29.746 INFO: Epoch 304: loss=0.5464, RMSE_E=4.8 meV, RMSE_F=23.4 meV / A
2024-11-25 15:37:40.842 INFO: Epoch 306: loss=0.5460, RMSE_E=4.9 meV, RMSE_F=23.4 meV / A
2024-11-25 15:37:52.869 INFO: Epoch 308: loss=0.5452, RMSE_E=4.9 meV, RMSE_F=23.3 meV / A
2024-11-25 15:38:04.954 INFO: Epoch 310: loss=0.5444, RMSE_E=4.9 meV, RMSE_F=23.3 meV / A
2024-11-25 15:38:16.766 INFO: Epoch 312: loss=0.5437, RMSE_E=4.8 meV, RMSE_F=23.3 meV / A
2024-11-25 15:38:27.803 INFO: Epoch 314: loss=0.5430, RMSE_E=4.8 meV, RMSE_F=23.3 meV / A
2024-11-25 15:38:38.832 INFO: Epoch 316: loss=0.5421, RMSE_E=4.8 meV, RMSE_F=23.3 meV / A
2024-11-25 15:38:48.269 INFO: Epoch 318: loss=0.5409, RMSE_E=4.8 meV, RMSE_F=23.3 meV / A
2024-11-25 15:39:00.304 INFO: Epoch 320: loss=0.5402, RMSE_E=4.7 meV, RMSE_F=23.2 meV / A
2024-11-25 15:39:12.258 INFO: Epoch 322: loss=0.5404, RMSE_E=4.8 meV, RMSE_F=23.2 meV / A
2024-11-25 15:39:21.659 INFO: Epoch 324: loss=0.5399, RMSE_E=4.8 meV, RMSE_F=23.2 meV / A
2024-11-25 15:39:33.158 INFO: Epoch 326: loss=0.5399, RMSE_E=4.8 meV, RMSE_F=23.2 meV / A
2024-11-25 15:39:42.556 INFO: Epoch 328: loss=0.5390, RMSE_E=5.4 meV, RMSE_F=23.2 meV / A
2024-11-25 15:39:54.507 INFO: Epoch 330: loss=0.5401, RMSE_E=6.0 meV, RMSE_F=23.2 meV / A
2024-11-25 15:40:04.113 INFO: Epoch 332: loss=0.5411, RMSE_E=5.4 meV, RMSE_F=23.3 meV / A
2024-11-25 15:40:13.322 INFO: Epoch 334: loss=0.5419, RMSE_E=5.2 meV, RMSE_F=23.3 meV / A
2024-11-25 15:40:22.570 INFO: Epoch 336: loss=0.5411, RMSE_E=5.8 meV, RMSE_F=23.3 meV / A
2024-11-25 15:40:32.086 INFO: Epoch 338: loss=0.5411, RMSE_E=6.2 meV, RMSE_F=23.3 meV / A
2024-11-25 15:40:41.458 INFO: Epoch 340: loss=0.5402, RMSE_E=5.9 meV, RMSE_F=23.2 meV / A
2024-11-25 15:40:50.840 INFO: Epoch 342: loss=0.5397, RMSE_E=6.0 meV, RMSE_F=23.2 meV / A
2024-11-25 15:41:00.060 INFO: Epoch 344: loss=0.5390, RMSE_E=6.0 meV, RMSE_F=23.2 meV / A
2024-11-25 15:41:11.808 INFO: Epoch 346: loss=0.5382, RMSE_E=5.9 meV, RMSE_F=23.2 meV / A
2024-11-25 15:41:23.028 INFO: Epoch 348: loss=0.5374, RMSE_E=5.8 meV, RMSE_F=23.2 meV / A
2024-11-25 15:41:34.837 INFO: Epoch 350: loss=0.5367, RMSE_E=5.8 meV, RMSE_F=23.2 meV / A
2024-11-25 15:41:46.228 INFO: Epoch 352: loss=0.5359, RMSE_E=5.7 meV, RMSE_F=23.1 meV / A
2024-11-25 15:41:58.254 INFO: Epoch 354: loss=0.5351, RMSE_E=5.6 meV, RMSE_F=23.1 meV / A
2024-11-25 15:42:10.111 INFO: Epoch 356: loss=0.5342, RMSE_E=5.4 meV, RMSE_F=23.1 meV / A
2024-11-25 15:42:21.139 INFO: Epoch 358: loss=0.5335, RMSE_E=5.3 meV, RMSE_F=23.1 meV / A
2024-11-25 15:42:32.508 INFO: Epoch 360: loss=0.5330, RMSE_E=5.2 meV, RMSE_F=23.1 meV / A
2024-11-25 15:42:44.634 INFO: Epoch 362: loss=0.5322, RMSE_E=5.2 meV, RMSE_F=23.1 meV / A
2024-11-25 15:42:56.434 INFO: Epoch 364: loss=0.5316, RMSE_E=5.1 meV, RMSE_F=23.1 meV / A
2024-11-25 15:43:07.343 INFO: Epoch 366: loss=0.5309, RMSE_E=5.0 meV, RMSE_F=23.0 meV / A
2024-11-25 15:43:19.040 INFO: Epoch 368: loss=0.5303, RMSE_E=5.0 meV, RMSE_F=23.0 meV / A
2024-11-25 15:43:30.659 INFO: Epoch 370: loss=0.5297, RMSE_E=5.0 meV, RMSE_F=23.0 meV / A
2024-11-25 15:43:43.134 INFO: Epoch 372: loss=0.5290, RMSE_E=4.9 meV, RMSE_F=23.0 meV / A
2024-11-25 15:43:52.807 INFO: Epoch 374: loss=0.5284, RMSE_E=4.9 meV, RMSE_F=23.0 meV / A
2024-11-25 15:44:02.216 INFO: Epoch 376: loss=0.5279, RMSE_E=4.8 meV, RMSE_F=23.0 meV / A
2024-11-25 15:44:13.079 INFO: Epoch 378: loss=0.5274, RMSE_E=4.8 meV, RMSE_F=23.0 meV / A
2024-11-25 15:44:25.036 INFO: Epoch 380: loss=0.5268, RMSE_E=4.7 meV, RMSE_F=23.0 meV / A
2024-11-25 15:44:36.986 INFO: Epoch 382: loss=0.5264, RMSE_E=4.7 meV, RMSE_F=22.9 meV / A
2024-11-25 15:44:48.447 INFO: Epoch 384: loss=0.5259, RMSE_E=4.7 meV, RMSE_F=22.9 meV / A
2024-11-25 15:45:00.107 INFO: Epoch 386: loss=0.5255, RMSE_E=4.7 meV, RMSE_F=22.9 meV / A
2024-11-25 15:45:11.045 INFO: Epoch 388: loss=0.5251, RMSE_E=4.7 meV, RMSE_F=22.9 meV / A
2024-11-25 15:45:22.200 INFO: Epoch 390: loss=0.5247, RMSE_E=4.7 meV, RMSE_F=22.9 meV / A
2024-11-25 15:45:33.347 INFO: Epoch 392: loss=0.5243, RMSE_E=4.6 meV, RMSE_F=22.9 meV / A
2024-11-25 15:45:45.335 INFO: Epoch 394: loss=0.5239, RMSE_E=4.6 meV, RMSE_F=22.9 meV / A
2024-11-25 15:45:57.231 INFO: Epoch 396: loss=0.5236, RMSE_E=4.6 meV, RMSE_F=22.9 meV / A
2024-11-25 15:46:08.217 INFO: Epoch 398: loss=0.5233, RMSE_E=4.6 meV, RMSE_F=22.9 meV / A
2024-11-25 15:46:19.598 INFO: Epoch 400: loss=0.5229, RMSE_E=4.6 meV, RMSE_F=22.9 meV / A
2024-11-25 15:46:31.709 INFO: Epoch 402: loss=0.5226, RMSE_E=4.6 meV, RMSE_F=22.9 meV / A
2024-11-25 15:46:43.962 INFO: Epoch 404: loss=0.5223, RMSE_E=4.6 meV, RMSE_F=22.9 meV / A
2024-11-25 15:46:55.553 INFO: Epoch 406: loss=0.5219, RMSE_E=4.6 meV, RMSE_F=22.8 meV / A
2024-11-25 15:47:06.801 INFO: Epoch 408: loss=0.5216, RMSE_E=4.5 meV, RMSE_F=22.8 meV / A
2024-11-25 15:47:17.980 INFO: Epoch 410: loss=0.5214, RMSE_E=4.5 meV, RMSE_F=22.8 meV / A
2024-11-25 15:47:29.852 INFO: Epoch 412: loss=0.5212, RMSE_E=4.5 meV, RMSE_F=22.8 meV / A
2024-11-25 15:47:40.776 INFO: Epoch 414: loss=0.5211, RMSE_E=4.5 meV, RMSE_F=22.8 meV / A
2024-11-25 15:47:52.304 INFO: Epoch 416: loss=0.5208, RMSE_E=4.5 meV, RMSE_F=22.8 meV / A
2024-11-25 15:48:04.132 INFO: Epoch 418: loss=0.5205, RMSE_E=4.5 meV, RMSE_F=22.8 meV / A
2024-11-25 15:48:16.063 INFO: Epoch 420: loss=0.5203, RMSE_E=4.5 meV, RMSE_F=22.8 meV / A
2024-11-25 15:48:27.777 INFO: Epoch 422: loss=0.5200, RMSE_E=4.5 meV, RMSE_F=22.8 meV / A
2024-11-25 15:48:39.251 INFO: Epoch 424: loss=0.5197, RMSE_E=4.5 meV, RMSE_F=22.8 meV / A
2024-11-25 15:48:50.298 INFO: Epoch 426: loss=0.5194, RMSE_E=4.5 meV, RMSE_F=22.8 meV / A
2024-11-25 15:48:59.659 INFO: Epoch 428: loss=0.5192, RMSE_E=4.5 meV, RMSE_F=22.8 meV / A
2024-11-25 15:49:09.314 INFO: Epoch 430: loss=0.5189, RMSE_E=4.5 meV, RMSE_F=22.8 meV / A
2024-11-25 15:49:19.755 INFO: Epoch 432: loss=0.5186, RMSE_E=4.5 meV, RMSE_F=22.8 meV / A
2024-11-25 15:49:31.722 INFO: Epoch 434: loss=0.5183, RMSE_E=4.5 meV, RMSE_F=22.8 meV / A
2024-11-25 15:49:43.555 INFO: Epoch 436: loss=0.5181, RMSE_E=4.5 meV, RMSE_F=22.8 meV / A
2024-11-25 15:49:54.685 INFO: Epoch 438: loss=0.5178, RMSE_E=4.5 meV, RMSE_F=22.8 meV / A
2024-11-25 15:50:06.044 INFO: Epoch 440: loss=0.5175, RMSE_E=4.5 meV, RMSE_F=22.7 meV / A
2024-11-25 15:50:18.336 INFO: Epoch 442: loss=0.5172, RMSE_E=4.5 meV, RMSE_F=22.7 meV / A
2024-11-25 15:50:30.234 INFO: Epoch 444: loss=0.5168, RMSE_E=4.5 meV, RMSE_F=22.7 meV / A
2024-11-25 15:50:42.262 INFO: Epoch 446: loss=0.5165, RMSE_E=4.5 meV, RMSE_F=22.7 meV / A
2024-11-25 15:50:54.253 INFO: Epoch 448: loss=0.5162, RMSE_E=4.5 meV, RMSE_F=22.7 meV / A
2024-11-25 15:51:06.134 INFO: Epoch 450: loss=0.5160, RMSE_E=4.5 meV, RMSE_F=22.7 meV / A
2024-11-25 15:51:17.448 INFO: Epoch 452: loss=0.5158, RMSE_E=4.5 meV, RMSE_F=22.7 meV / A
2024-11-25 15:51:29.358 INFO: Epoch 454: loss=0.5155, RMSE_E=4.5 meV, RMSE_F=22.7 meV / A
2024-11-25 15:51:41.001 INFO: Epoch 456: loss=0.5153, RMSE_E=4.5 meV, RMSE_F=22.7 meV / A
2024-11-25 15:51:52.542 INFO: Epoch 458: loss=0.5151, RMSE_E=4.5 meV, RMSE_F=22.7 meV / A
2024-11-25 15:52:04.703 INFO: Epoch 460: loss=0.5148, RMSE_E=4.5 meV, RMSE_F=22.7 meV / A
2024-11-25 15:52:16.727 INFO: Epoch 462: loss=0.5146, RMSE_E=4.5 meV, RMSE_F=22.7 meV / A
2024-11-25 15:52:28.547 INFO: Epoch 464: loss=0.5143, RMSE_E=4.5 meV, RMSE_F=22.7 meV / A
2024-11-25 15:52:39.521 INFO: Epoch 466: loss=0.5141, RMSE_E=4.5 meV, RMSE_F=22.7 meV / A
2024-11-25 15:52:50.813 INFO: Epoch 468: loss=0.5140, RMSE_E=4.5 meV, RMSE_F=22.7 meV / A
2024-11-25 15:53:02.894 INFO: Epoch 470: loss=0.5137, RMSE_E=4.5 meV, RMSE_F=22.7 meV / A
2024-11-25 15:53:14.943 INFO: Epoch 472: loss=0.5134, RMSE_E=4.5 meV, RMSE_F=22.7 meV / A
2024-11-25 15:53:27.095 INFO: Epoch 474: loss=0.5132, RMSE_E=4.4 meV, RMSE_F=22.7 meV / A
2024-11-25 15:53:39.423 INFO: Epoch 476: loss=0.5131, RMSE_E=4.5 meV, RMSE_F=22.7 meV / A
2024-11-25 15:53:51.187 INFO: Epoch 478: loss=0.5129, RMSE_E=4.5 meV, RMSE_F=22.6 meV / A
2024-11-25 15:54:03.920 INFO: Epoch 480: loss=0.5126, RMSE_E=4.5 meV, RMSE_F=22.6 meV / A
2024-11-25 15:54:15.537 INFO: Epoch 482: loss=0.5123, RMSE_E=4.4 meV, RMSE_F=22.6 meV / A
2024-11-25 15:54:27.464 INFO: Epoch 484: loss=0.5121, RMSE_E=4.4 meV, RMSE_F=22.6 meV / A
2024-11-25 15:54:39.342 INFO: Epoch 486: loss=0.5119, RMSE_E=4.4 meV, RMSE_F=22.6 meV / A
2024-11-25 15:54:50.767 INFO: Epoch 488: loss=0.5118, RMSE_E=4.5 meV, RMSE_F=22.6 meV / A
2024-11-25 15:55:02.659 INFO: Epoch 490: loss=0.5115, RMSE_E=4.5 meV, RMSE_F=22.6 meV / A
2024-11-25 15:55:14.643 INFO: Epoch 492: loss=0.5113, RMSE_E=4.5 meV, RMSE_F=22.6 meV / A
2024-11-25 15:55:25.781 INFO: Epoch 494: loss=0.5111, RMSE_E=4.4 meV, RMSE_F=22.6 meV / A
2024-11-25 15:55:37.978 INFO: Epoch 496: loss=0.5110, RMSE_E=4.4 meV, RMSE_F=22.6 meV / A
2024-11-25 15:55:49.867 INFO: Epoch 498: loss=0.5108, RMSE_E=4.4 meV, RMSE_F=22.6 meV / A
2024-11-25 15:55:53.720 INFO: Training complete
2024-11-25 15:55:53.721 INFO: Computing metrics for training, validation, and test sets
2024-11-25 15:55:53.724 INFO: Loading checkpoint: checkpoints/salicylic_run-123_epoch-498.pt
2024-11-25 15:55:53.978 INFO: Loaded model from epoch 498
2024-11-25 15:55:53.979 INFO: Evaluating train ...
2024-11-25 15:55:54.336 INFO: Evaluating valid ...
2024-11-25 15:56:02.059 INFO: 
+-------------+--------------+------------------+-------------------+
| config_type | RMSE E / meV | RMSE F / meV / A | relative F RMSE % |
+-------------+--------------+------------------+-------------------+
|    train    |     1.9      |       3.3        |        0.25       |
|    valid    |     4.4      |       22.6       |        1.73       |
+-------------+--------------+------------------+-------------------+
2024-11-25 15:56:02.060 INFO: Saving model to checkpoints/salicylic_run-123.model
2024-11-25 15:56:07.344 INFO: Compiling model, saving metadata to salicylic_compiled.model
2024-11-25 15:56:08.920 INFO: Done
