2024-11-25 16:58:41.161 INFO: MACE version: 0.3.5
2024-11-25 16:58:41.162 INFO: Configuration: Namespace(config=None, name='uracil', seed=123, log_dir='logs', model_dir='.', checkpoints_dir='checkpoints', results_dir='results', downloads_dir='downloads', device='cuda', default_dtype='float64', distributed=False, log_level='INFO', error_table='TotalRMSE', model='MACE', r_max=5.0, radial_type='bessel', num_radial_basis=8, num_cutoff_basis=5, pair_repulsion=False, distance_transform='None', interaction='RealAgnosticResidualInteractionBlock', interaction_first='RealAgnosticResidualInteractionBlock', max_ell=3, correlation=3, num_interactions=2, MLP_irreps='16x0e', radial_MLP='[64, 64, 64]', hidden_irreps='128x0e + 128x1o', num_channels=128, max_L=1, gate='silu', scaling='rms_forces_scaling', avg_num_neighbors=1, compute_avg_num_neighbors=True, compute_stress=False, compute_forces=True, train_file='./dataset/train.xyz', valid_file='./dataset/valid.xyz', valid_fraction=0.1, test_file=None, test_dir=None, multi_processed_test=False, num_workers=0, pin_memory=True, atomic_numbers=None, mean=None, std=None, statistics_file=None, E0s='average', keep_isolated_atoms=False, energy_key='energy', forces_key='forces', virials_key='virials', stress_key='stress', dipole_key='dipole', charges_key='charges', loss='ef', forces_weight=1000.0, swa_forces_weight=100.0, energy_weight=1.0, swa_energy_weight=1000.0, virials_weight=1.0, swa_virials_weight=10.0, stress_weight=1.0, swa_stress_weight=10.0, dipole_weight=1.0, swa_dipole_weight=1.0, config_type_weights='{"Default":1.0}', huber_delta=0.01, optimizer='adam', beta=0.9, batch_size=5, valid_batch_size=5, lr=0.005, swa_lr=0.001, weight_decay=1e-08, amsgrad=True, scheduler='ReduceLROnPlateau', lr_factor=0.8, scheduler_patience=5, lr_scheduler_gamma=0.9993, swa=False, start_swa=None, ema=True, ema_decay=0.995, max_num_epochs=500, patience=2048, foundation_model='/home/l6eub2ic/whcs-share31/wangchen/mace/MPtrj/MACE-OFF23_medium.model', foundation_model_readout=True, eval_interval=2, keep_checkpoints=False, save_all_checkpoints=False, restart_latest=False, save_cpu=True, clip_grad=100.0, wandb=False, wandb_dir=None, wandb_project='', wandb_entity='', wandb_name='', wandb_log_hypers=['num_channels', 'max_L', 'correlation', 'lr', 'swa_lr', 'weight_decay', 'batch_size', 'max_num_epochs', 'start_swa', 'energy_weight', 'forces_weight'])
2024-11-25 16:58:41.306 INFO: CUDA version: 11.8, CUDA device: 0
2024-11-25 16:58:41.550 INFO: Error accessing Git repository: /home/l6eub2ic/whcs-share31/wangchen/mace/organic/uracil/finetune
2024-11-25 16:58:44.800 INFO: Using foundation model /home/l6eub2ic/whcs-share31/wangchen/mace/MPtrj/MACE-OFF23_medium.model as initial checkpoint.
2024-11-25 16:58:44.852 INFO: Since ASE version 3.23.0b1, using energy_key 'energy' is no longer safe when communicating between MACE and ASE. We recommend using a different key, rewriting energies to 'REF_energy'. You need to use --energy_key='REF_energy', to tell the key name chosen.
2024-11-25 16:58:44.862 INFO: Since ASE version 3.23.0b1, using forces_key 'forces' is no longer safe when communicating between MACE and ASE. We recommend using a different key, rewriting energies to 'REF_forces'. You need to use --forces_key='REF_forces', to tell the key name chosen.
2024-11-25 16:58:44.872 INFO: Since ASE version 3.23.0b1, using stress_key 'stress' is no longer safe when communicating between MACE and ASE. We recommend using a different key, rewriting energies to 'REF_stress'. You need to use --stress_key='REF_stress', to tell the key name chosen.
2024-11-25 16:58:44.873 INFO: Loaded 50 training configurations from './dataset/train.xyz'
2024-11-25 16:58:45.582 INFO: Since ASE version 3.23.0b1, using energy_key 'energy' is no longer safe when communicating between MACE and ASE. We recommend using a different key, rewriting energies to 'REF_energy'. You need to use --energy_key='REF_energy', to tell the key name chosen.
2024-11-25 16:58:45.747 INFO: Since ASE version 3.23.0b1, using forces_key 'forces' is no longer safe when communicating between MACE and ASE. We recommend using a different key, rewriting energies to 'REF_forces'. You need to use --forces_key='REF_forces', to tell the key name chosen.
2024-11-25 16:58:45.913 INFO: Since ASE version 3.23.0b1, using stress_key 'stress' is no longer safe when communicating between MACE and ASE. We recommend using a different key, rewriting energies to 'REF_stress'. You need to use --stress_key='REF_stress', to tell the key name chosen.
2024-11-25 16:58:45.935 INFO: Loaded 950 validation configurations from './dataset/valid.xyz'
2024-11-25 16:58:45.935 INFO: Total number of configurations: train=50, valid=950, tests=[]
2024-11-25 16:58:45.938 INFO: AtomicNumberTable: (1, 6, 7, 8)
2024-11-25 16:58:45.939 INFO: Atomic Energies not in training file, using command line argument E0s
2024-11-25 16:58:45.939 INFO: Computing average Atomic Energies using least squares regression
2024-11-25 16:58:45.940 INFO: Atomic energies: [-1126.65770642996, -1126.6577064299602, -563.3288532149801, -563.3288532149801]
2024-11-25 16:58:46.455 INFO: EnergyForcesLoss(energy_weight=1.000, forces_weight=1000.000)
2024-11-25 16:58:46.480 INFO: Average number of neighbors: 10.746666666666666
2024-11-25 16:58:46.481 INFO: Selected the following outputs: {'energy': True, 'forces': True, 'virials': False, 'stress': False, 'dipoles': False}
2024-11-25 16:58:46.503 INFO: Building model
2024-11-25 16:58:52.508 INFO: ScaleShiftMACE(
  (node_embedding): LinearNodeEmbeddingBlock(
    (linear): Linear(4x0e -> 128x0e | 512 weights)
  )
  (radial_embedding): RadialEmbeddingBlock(
    (bessel_fn): BesselBasis(r_max=5.0, num_basis=8, trainable=True)
    (cutoff_fn): PolynomialCutoff(p=5.0, r_max=5.0)
  )
  (spherical_harmonics): SphericalHarmonics()
  (atomic_energies_fn): AtomicEnergiesBlock(energies=[-1126.6577, -1126.6577, -563.3289, -563.3289])
  (interactions): ModuleList(
    (0): RealAgnosticInteractionBlock(
      (linear_up): Linear(128x0e -> 128x0e | 16384 weights)
      (conv_tp): TensorProduct(128x0e x 1x0e+1x1o+1x2e+1x3o -> 128x0e+128x1o+128x2e+128x3o | 512 paths | 512 weights)
      (conv_tp_weights): FullyConnectedNet[8, 64, 64, 64, 512]
      (linear): Linear(128x0e+128x1o+128x2e+128x3o -> 128x0e+128x1o+128x2e+128x3o | 65536 weights)
      (skip_tp): FullyConnectedTensorProduct(128x0e+128x1o+128x2e+128x3o x 4x0e -> 128x0e+128x1o+128x2e+128x3o | 262144 paths | 262144 weights)
      (reshape): reshape_irreps()
    )
    (1): RealAgnosticResidualInteractionBlock(
      (linear_up): Linear(128x0e+128x1o -> 128x0e+128x1o | 32768 weights)
      (conv_tp): TensorProduct(128x0e+128x1o x 1x0e+1x1o+1x2e+1x3o -> 256x0e+384x1o+384x2e+256x3o | 1280 paths | 1280 weights)
      (conv_tp_weights): FullyConnectedNet[8, 64, 64, 64, 1280]
      (linear): Linear(256x0e+384x1o+384x2e+256x3o -> 128x0e+128x1o+128x2e+128x3o | 163840 weights)
      (skip_tp): FullyConnectedTensorProduct(128x0e+128x1o x 4x0e -> 128x0e | 65536 paths | 65536 weights)
      (reshape): reshape_irreps()
    )
  )
  (products): ModuleList(
    (0): EquivariantProductBasisBlock(
      (symmetric_contractions): SymmetricContraction(
        (contractions): ModuleList(
          (0): Contraction(
            (contractions_weighting): ModuleList(
              (0-1): 2 x GraphModule()
            )
            (contractions_features): ModuleList(
              (0-1): 2 x GraphModule()
            )
            (weights): ParameterList(
                (0): Parameter containing: [torch.float64 of size 4x4x128 (GPU 0)]
                (1): Parameter containing: [torch.float64 of size 4x1x128 (GPU 0)]
            )
            (graph_opt_main): GraphModule()
          )
          (1): Contraction(
            (contractions_weighting): ModuleList(
              (0-1): 2 x GraphModule()
            )
            (contractions_features): ModuleList(
              (0-1): 2 x GraphModule()
            )
            (weights): ParameterList(
                (0): Parameter containing: [torch.float64 of size 4x6x128 (GPU 0)]
                (1): Parameter containing: [torch.float64 of size 4x1x128 (GPU 0)]
            )
            (graph_opt_main): GraphModule()
          )
        )
      )
      (linear): Linear(128x0e+128x1o -> 128x0e+128x1o | 32768 weights)
    )
    (1): EquivariantProductBasisBlock(
      (symmetric_contractions): SymmetricContraction(
        (contractions): ModuleList(
          (0): Contraction(
            (contractions_weighting): ModuleList(
              (0-1): 2 x GraphModule()
            )
            (contractions_features): ModuleList(
              (0-1): 2 x GraphModule()
            )
            (weights): ParameterList(
                (0): Parameter containing: [torch.float64 of size 4x4x128 (GPU 0)]
                (1): Parameter containing: [torch.float64 of size 4x1x128 (GPU 0)]
            )
            (graph_opt_main): GraphModule()
          )
        )
      )
      (linear): Linear(128x0e -> 128x0e | 16384 weights)
    )
  )
  (readouts): ModuleList(
    (0): LinearReadoutBlock(
      (linear): Linear(128x0e+128x1o -> 1x0e | 128 weights)
    )
    (1): NonLinearReadoutBlock(
      (linear_1): Linear(128x0e -> 16x0e | 2048 weights)
      (non_linearity): Activation [x] (16x0e -> 16x0e)
      (linear_2): Linear(16x0e -> 1x0e | 16 weights)
    )
  )
  (scale_shift): ScaleShiftBlock(scale=1.088502, shift=0.000000)
)
2024-11-25 16:58:52.511 INFO: Number of parameters: 848536
2024-11-25 16:58:52.511 INFO: Optimizer: Adam (
Parameter Group 0
    amsgrad: True
    betas: (0.9, 0.999)
    capturable: False
    differentiable: False
    eps: 1e-08
    foreach: None
    fused: None
    lr: 0.005
    maximize: False
    name: embedding
    weight_decay: 0.0

Parameter Group 1
    amsgrad: True
    betas: (0.9, 0.999)
    capturable: False
    differentiable: False
    eps: 1e-08
    foreach: None
    fused: None
    lr: 0.005
    maximize: False
    name: interactions_decay
    weight_decay: 1e-08

Parameter Group 2
    amsgrad: True
    betas: (0.9, 0.999)
    capturable: False
    differentiable: False
    eps: 1e-08
    foreach: None
    fused: None
    lr: 0.005
    maximize: False
    name: interactions_no_decay
    weight_decay: 0.0

Parameter Group 3
    amsgrad: True
    betas: (0.9, 0.999)
    capturable: False
    differentiable: False
    eps: 1e-08
    foreach: None
    fused: None
    lr: 0.005
    maximize: False
    name: products
    weight_decay: 1e-08

Parameter Group 4
    amsgrad: True
    betas: (0.9, 0.999)
    capturable: False
    differentiable: False
    eps: 1e-08
    foreach: None
    fused: None
    lr: 0.005
    maximize: False
    name: readouts
    weight_decay: 0.0
)
2024-11-25 16:58:52.512 INFO: Using gradient clipping with tolerance=100.000
2024-11-25 16:58:52.512 INFO: Started training
2024-11-25 16:59:10.439 INFO: Epoch None: loss=3561.0550, RMSE_E=57754.0 meV, RMSE_F=474.9 meV / A
2024-11-25 16:59:28.634 INFO: Epoch 0: loss=2029.8555, RMSE_E=44406.9 meV, RMSE_F=240.6 meV / A
2024-11-25 16:59:39.794 INFO: Epoch 2: loss=108.9204, RMSE_E=3690.0 meV, RMSE_F=308.7 meV / A
2024-11-25 16:59:50.107 INFO: Epoch 4: loss=30.4609, RMSE_E=735.9 meV, RMSE_F=173.0 meV / A
2024-11-25 17:00:01.157 INFO: Epoch 6: loss=16.6248, RMSE_E=549.2 meV, RMSE_F=127.8 meV / A
2024-11-25 17:00:12.687 INFO: Epoch 8: loss=11.9006, RMSE_E=363.6 meV, RMSE_F=108.5 meV / A
2024-11-25 17:00:23.848 INFO: Epoch 10: loss=8.4595, RMSE_E=231.5 meV, RMSE_F=91.7 meV / A
2024-11-25 17:00:33.550 INFO: Epoch 12: loss=7.0429, RMSE_E=84.6 meV, RMSE_F=83.9 meV / A
2024-11-25 17:00:43.254 INFO: Epoch 14: loss=5.9756, RMSE_E=108.0 meV, RMSE_F=77.2 meV / A
2024-11-25 17:00:54.014 INFO: Epoch 16: loss=5.3781, RMSE_E=86.6 meV, RMSE_F=73.3 meV / A
2024-11-25 17:01:04.605 INFO: Epoch 18: loss=4.6577, RMSE_E=105.8 meV, RMSE_F=68.2 meV / A
2024-11-25 17:01:15.106 INFO: Epoch 20: loss=4.2627, RMSE_E=83.9 meV, RMSE_F=65.2 meV / A
2024-11-25 17:01:26.135 INFO: Epoch 22: loss=3.9361, RMSE_E=91.4 meV, RMSE_F=62.7 meV / A
2024-11-25 17:01:36.716 INFO: Epoch 24: loss=3.6595, RMSE_E=75.7 meV, RMSE_F=60.4 meV / A
2024-11-25 17:01:47.090 INFO: Epoch 26: loss=3.3810, RMSE_E=52.8 meV, RMSE_F=58.1 meV / A
2024-11-25 17:01:59.320 INFO: Epoch 28: loss=3.1715, RMSE_E=61.3 meV, RMSE_F=56.3 meV / A
2024-11-25 17:02:08.895 INFO: Epoch 30: loss=2.9597, RMSE_E=71.1 meV, RMSE_F=54.4 meV / A
2024-11-25 17:02:18.904 INFO: Epoch 32: loss=2.8230, RMSE_E=68.3 meV, RMSE_F=53.1 meV / A
2024-11-25 17:02:30.509 INFO: Epoch 34: loss=2.7347, RMSE_E=59.0 meV, RMSE_F=52.3 meV / A
2024-11-25 17:02:40.362 INFO: Epoch 36: loss=2.6340, RMSE_E=74.3 meV, RMSE_F=51.3 meV / A
2024-11-25 17:02:51.253 INFO: Epoch 38: loss=2.5801, RMSE_E=63.5 meV, RMSE_F=50.8 meV / A
2024-11-25 17:03:01.575 INFO: Epoch 40: loss=2.4696, RMSE_E=50.5 meV, RMSE_F=49.7 meV / A
2024-11-25 17:03:11.978 INFO: Epoch 42: loss=2.3500, RMSE_E=45.0 meV, RMSE_F=48.5 meV / A
2024-11-25 17:03:22.421 INFO: Epoch 44: loss=2.2369, RMSE_E=35.0 meV, RMSE_F=47.3 meV / A
2024-11-25 17:03:32.744 INFO: Epoch 46: loss=2.1148, RMSE_E=28.4 meV, RMSE_F=46.0 meV / A
2024-11-25 17:03:43.342 INFO: Epoch 48: loss=2.0550, RMSE_E=35.7 meV, RMSE_F=45.3 meV / A
2024-11-25 17:03:53.476 INFO: Epoch 50: loss=1.9981, RMSE_E=41.1 meV, RMSE_F=44.7 meV / A
2024-11-25 17:04:03.549 INFO: Epoch 52: loss=1.9135, RMSE_E=39.5 meV, RMSE_F=43.7 meV / A
2024-11-25 17:04:13.670 INFO: Epoch 54: loss=1.8649, RMSE_E=26.8 meV, RMSE_F=43.2 meV / A
2024-11-25 17:04:23.579 INFO: Epoch 56: loss=1.8055, RMSE_E=27.2 meV, RMSE_F=42.5 meV / A
2024-11-25 17:04:33.696 INFO: Epoch 58: loss=1.7480, RMSE_E=31.0 meV, RMSE_F=41.8 meV / A
2024-11-25 17:04:44.016 INFO: Epoch 60: loss=1.6884, RMSE_E=26.8 meV, RMSE_F=41.1 meV / A
2024-11-25 17:04:55.358 INFO: Epoch 62: loss=1.6597, RMSE_E=25.8 meV, RMSE_F=40.7 meV / A
2024-11-25 17:05:05.792 INFO: Epoch 64: loss=1.6052, RMSE_E=25.7 meV, RMSE_F=40.1 meV / A
2024-11-25 17:05:15.586 INFO: Epoch 66: loss=1.5660, RMSE_E=26.8 meV, RMSE_F=39.6 meV / A
2024-11-25 17:05:26.458 INFO: Epoch 68: loss=1.5180, RMSE_E=23.4 meV, RMSE_F=39.0 meV / A
2024-11-25 17:05:37.160 INFO: Epoch 70: loss=1.4723, RMSE_E=24.9 meV, RMSE_F=38.4 meV / A
2024-11-25 17:05:47.116 INFO: Epoch 72: loss=1.4414, RMSE_E=26.9 meV, RMSE_F=38.0 meV / A
2024-11-25 17:05:58.831 INFO: Epoch 74: loss=1.4050, RMSE_E=22.2 meV, RMSE_F=37.5 meV / A
2024-11-25 17:06:08.705 INFO: Epoch 76: loss=1.3756, RMSE_E=20.9 meV, RMSE_F=37.1 meV / A
2024-11-25 17:06:19.643 INFO: Epoch 78: loss=1.3455, RMSE_E=21.9 meV, RMSE_F=36.7 meV / A
2024-11-25 17:06:30.879 INFO: Epoch 80: loss=1.3268, RMSE_E=20.8 meV, RMSE_F=36.4 meV / A
2024-11-25 17:06:41.171 INFO: Epoch 82: loss=1.3081, RMSE_E=23.9 meV, RMSE_F=36.2 meV / A
2024-11-25 17:06:51.512 INFO: Epoch 84: loss=1.2749, RMSE_E=20.7 meV, RMSE_F=35.7 meV / A
2024-11-25 17:07:01.679 INFO: Epoch 86: loss=1.2513, RMSE_E=20.5 meV, RMSE_F=35.4 meV / A
2024-11-25 17:07:12.651 INFO: Epoch 88: loss=1.2339, RMSE_E=17.6 meV, RMSE_F=35.1 meV / A
2024-11-25 17:07:22.807 INFO: Epoch 90: loss=1.2141, RMSE_E=17.3 meV, RMSE_F=34.8 meV / A
2024-11-25 17:07:33.507 INFO: Epoch 92: loss=1.1977, RMSE_E=16.5 meV, RMSE_F=34.6 meV / A
2024-11-25 17:07:43.683 INFO: Epoch 94: loss=1.1766, RMSE_E=16.4 meV, RMSE_F=34.3 meV / A
2024-11-25 17:07:54.620 INFO: Epoch 96: loss=1.1578, RMSE_E=14.7 meV, RMSE_F=34.0 meV / A
2024-11-25 17:08:05.080 INFO: Epoch 98: loss=1.1405, RMSE_E=13.9 meV, RMSE_F=33.8 meV / A
2024-11-25 17:08:16.033 INFO: Epoch 100: loss=1.1248, RMSE_E=13.0 meV, RMSE_F=33.5 meV / A
2024-11-25 17:08:26.734 INFO: Epoch 102: loss=1.1133, RMSE_E=13.8 meV, RMSE_F=33.4 meV / A
2024-11-25 17:08:37.248 INFO: Epoch 104: loss=1.1022, RMSE_E=12.3 meV, RMSE_F=33.2 meV / A
2024-11-25 17:08:47.829 INFO: Epoch 106: loss=1.0859, RMSE_E=12.5 meV, RMSE_F=33.0 meV / A
2024-11-25 17:08:58.338 INFO: Epoch 108: loss=1.0726, RMSE_E=11.4 meV, RMSE_F=32.7 meV / A
2024-11-25 17:09:09.280 INFO: Epoch 110: loss=1.0604, RMSE_E=10.3 meV, RMSE_F=32.6 meV / A
2024-11-25 17:09:20.158 INFO: Epoch 112: loss=1.0460, RMSE_E=10.1 meV, RMSE_F=32.3 meV / A
2024-11-25 17:09:30.435 INFO: Epoch 114: loss=1.0355, RMSE_E=9.5 meV, RMSE_F=32.2 meV / A
2024-11-25 17:09:41.398 INFO: Epoch 116: loss=1.0261, RMSE_E=8.8 meV, RMSE_F=32.0 meV / A
2024-11-25 17:09:51.371 INFO: Epoch 118: loss=1.0139, RMSE_E=9.1 meV, RMSE_F=31.8 meV / A
2024-11-25 17:10:01.465 INFO: Epoch 120: loss=1.0020, RMSE_E=7.9 meV, RMSE_F=31.7 meV / A
2024-11-25 17:10:11.532 INFO: Epoch 122: loss=0.9936, RMSE_E=8.6 meV, RMSE_F=31.5 meV / A
2024-11-25 17:10:21.518 INFO: Epoch 124: loss=0.9841, RMSE_E=8.6 meV, RMSE_F=31.4 meV / A
2024-11-25 17:10:31.803 INFO: Epoch 126: loss=0.9765, RMSE_E=8.5 meV, RMSE_F=31.2 meV / A
2024-11-25 17:10:42.782 INFO: Epoch 128: loss=0.9667, RMSE_E=8.6 meV, RMSE_F=31.1 meV / A
2024-11-25 17:10:53.873 INFO: Epoch 130: loss=0.9584, RMSE_E=8.8 meV, RMSE_F=31.0 meV / A
2024-11-25 17:11:06.070 INFO: Epoch 132: loss=0.9523, RMSE_E=9.1 meV, RMSE_F=30.9 meV / A
2024-11-25 17:11:16.268 INFO: Epoch 134: loss=0.9422, RMSE_E=8.5 meV, RMSE_F=30.7 meV / A
2024-11-25 17:11:27.382 INFO: Epoch 136: loss=0.9362, RMSE_E=8.9 meV, RMSE_F=30.6 meV / A
2024-11-25 17:11:38.039 INFO: Epoch 138: loss=0.9311, RMSE_E=8.1 meV, RMSE_F=30.5 meV / A
2024-11-25 17:11:49.213 INFO: Epoch 140: loss=0.9221, RMSE_E=8.3 meV, RMSE_F=30.4 meV / A
2024-11-25 17:12:00.105 INFO: Epoch 142: loss=0.9122, RMSE_E=8.2 meV, RMSE_F=30.2 meV / A
2024-11-25 17:12:11.278 INFO: Epoch 144: loss=0.9052, RMSE_E=8.5 meV, RMSE_F=30.1 meV / A
2024-11-25 17:12:22.188 INFO: Epoch 146: loss=0.8973, RMSE_E=8.1 meV, RMSE_F=30.0 meV / A
2024-11-25 17:12:33.578 INFO: Epoch 148: loss=0.8904, RMSE_E=8.2 meV, RMSE_F=29.8 meV / A
2024-11-25 17:12:44.306 INFO: Epoch 150: loss=0.8852, RMSE_E=8.0 meV, RMSE_F=29.8 meV / A
2024-11-25 17:12:55.842 INFO: Epoch 152: loss=0.8801, RMSE_E=7.5 meV, RMSE_F=29.7 meV / A
2024-11-25 17:13:06.442 INFO: Epoch 154: loss=0.8741, RMSE_E=7.7 meV, RMSE_F=29.6 meV / A
2024-11-25 17:13:17.508 INFO: Epoch 156: loss=0.8668, RMSE_E=7.7 meV, RMSE_F=29.4 meV / A
2024-11-25 17:13:28.421 INFO: Epoch 158: loss=0.8595, RMSE_E=7.8 meV, RMSE_F=29.3 meV / A
2024-11-25 17:13:38.433 INFO: Epoch 160: loss=0.8536, RMSE_E=7.2 meV, RMSE_F=29.2 meV / A
2024-11-25 17:13:48.591 INFO: Epoch 162: loss=0.8470, RMSE_E=7.0 meV, RMSE_F=29.1 meV / A
2024-11-25 17:13:59.854 INFO: Epoch 164: loss=0.8411, RMSE_E=6.7 meV, RMSE_F=29.0 meV / A
2024-11-25 17:14:10.915 INFO: Epoch 166: loss=0.8356, RMSE_E=6.9 meV, RMSE_F=28.9 meV / A
2024-11-25 17:14:22.076 INFO: Epoch 168: loss=0.8309, RMSE_E=6.8 meV, RMSE_F=28.8 meV / A
2024-11-25 17:14:33.152 INFO: Epoch 170: loss=0.8253, RMSE_E=7.3 meV, RMSE_F=28.7 meV / A
2024-11-25 17:14:43.174 INFO: Epoch 172: loss=0.8202, RMSE_E=6.9 meV, RMSE_F=28.6 meV / A
2024-11-25 17:14:53.061 INFO: Epoch 174: loss=0.8166, RMSE_E=6.7 meV, RMSE_F=28.6 meV / A
2024-11-25 17:15:03.872 INFO: Epoch 176: loss=0.8116, RMSE_E=6.6 meV, RMSE_F=28.5 meV / A
2024-11-25 17:15:13.965 INFO: Epoch 178: loss=0.8072, RMSE_E=6.6 meV, RMSE_F=28.4 meV / A
2024-11-25 17:15:24.284 INFO: Epoch 180: loss=0.8036, RMSE_E=6.7 meV, RMSE_F=28.3 meV / A
2024-11-25 17:15:35.135 INFO: Epoch 182: loss=0.7997, RMSE_E=6.5 meV, RMSE_F=28.3 meV / A
2024-11-25 17:15:45.867 INFO: Epoch 184: loss=0.7956, RMSE_E=6.7 meV, RMSE_F=28.2 meV / A
2024-11-25 17:15:56.282 INFO: Epoch 186: loss=0.7930, RMSE_E=6.5 meV, RMSE_F=28.2 meV / A
2024-11-25 17:16:07.466 INFO: Epoch 188: loss=0.7894, RMSE_E=6.2 meV, RMSE_F=28.1 meV / A
2024-11-25 17:16:17.767 INFO: Epoch 190: loss=0.7851, RMSE_E=6.0 meV, RMSE_F=28.0 meV / A
2024-11-25 17:16:28.858 INFO: Epoch 192: loss=0.7808, RMSE_E=6.0 meV, RMSE_F=27.9 meV / A
2024-11-25 17:16:38.657 INFO: Epoch 194: loss=0.7776, RMSE_E=5.9 meV, RMSE_F=27.9 meV / A
2024-11-25 17:16:50.872 INFO: Epoch 196: loss=0.7734, RMSE_E=5.9 meV, RMSE_F=27.8 meV / A
2024-11-25 17:17:01.734 INFO: Epoch 198: loss=0.7699, RMSE_E=5.8 meV, RMSE_F=27.7 meV / A
2024-11-25 17:17:12.838 INFO: Epoch 200: loss=0.7664, RMSE_E=5.9 meV, RMSE_F=27.7 meV / A
2024-11-25 17:17:24.004 INFO: Epoch 202: loss=0.7639, RMSE_E=5.7 meV, RMSE_F=27.6 meV / A
2024-11-25 17:17:33.799 INFO: Epoch 204: loss=0.7621, RMSE_E=6.0 meV, RMSE_F=27.6 meV / A
2024-11-25 17:17:45.241 INFO: Epoch 206: loss=0.7602, RMSE_E=5.9 meV, RMSE_F=27.6 meV / A
2024-11-25 17:17:56.400 INFO: Epoch 208: loss=0.7585, RMSE_E=6.1 meV, RMSE_F=27.5 meV / A
2024-11-25 17:18:06.771 INFO: Epoch 210: loss=0.7546, RMSE_E=5.9 meV, RMSE_F=27.5 meV / A
2024-11-25 17:18:17.097 INFO: Epoch 212: loss=0.7510, RMSE_E=5.8 meV, RMSE_F=27.4 meV / A
2024-11-25 17:18:27.783 INFO: Epoch 214: loss=0.7475, RMSE_E=5.7 meV, RMSE_F=27.3 meV / A
2024-11-25 17:18:37.863 INFO: Epoch 216: loss=0.7448, RMSE_E=5.7 meV, RMSE_F=27.3 meV / A
2024-11-25 17:18:48.232 INFO: Epoch 218: loss=0.7418, RMSE_E=5.7 meV, RMSE_F=27.2 meV / A
2024-11-25 17:18:57.780 INFO: Epoch 220: loss=0.7397, RMSE_E=5.5 meV, RMSE_F=27.2 meV / A
2024-11-25 17:19:07.416 INFO: Epoch 222: loss=0.7368, RMSE_E=5.5 meV, RMSE_F=27.1 meV / A
2024-11-25 17:19:18.916 INFO: Epoch 224: loss=0.7341, RMSE_E=5.3 meV, RMSE_F=27.1 meV / A
2024-11-25 17:19:29.836 INFO: Epoch 226: loss=0.7325, RMSE_E=5.6 meV, RMSE_F=27.1 meV / A
2024-11-25 17:19:40.800 INFO: Epoch 228: loss=0.7295, RMSE_E=5.5 meV, RMSE_F=27.0 meV / A
2024-11-25 17:19:50.932 INFO: Epoch 230: loss=0.7264, RMSE_E=5.5 meV, RMSE_F=27.0 meV / A
2024-11-25 17:20:02.481 INFO: Epoch 232: loss=0.7238, RMSE_E=5.4 meV, RMSE_F=26.9 meV / A
2024-11-25 17:20:12.500 INFO: Epoch 234: loss=0.7209, RMSE_E=5.4 meV, RMSE_F=26.8 meV / A
2024-11-25 17:20:23.053 INFO: Epoch 236: loss=0.7183, RMSE_E=5.2 meV, RMSE_F=26.8 meV / A
2024-11-25 17:20:34.947 INFO: Epoch 238: loss=0.7155, RMSE_E=5.3 meV, RMSE_F=26.7 meV / A
2024-11-25 17:20:46.218 INFO: Epoch 240: loss=0.7127, RMSE_E=5.2 meV, RMSE_F=26.7 meV / A
2024-11-25 17:20:57.254 INFO: Epoch 242: loss=0.7099, RMSE_E=5.2 meV, RMSE_F=26.6 meV / A
2024-11-25 17:21:08.138 INFO: Epoch 244: loss=0.7076, RMSE_E=5.2 meV, RMSE_F=26.6 meV / A
2024-11-25 17:21:18.021 INFO: Epoch 246: loss=0.7057, RMSE_E=5.1 meV, RMSE_F=26.6 meV / A
2024-11-25 17:21:28.848 INFO: Epoch 248: loss=0.7037, RMSE_E=5.1 meV, RMSE_F=26.5 meV / A
2024-11-25 17:21:38.734 INFO: Epoch 250: loss=0.7018, RMSE_E=5.1 meV, RMSE_F=26.5 meV / A
2024-11-25 17:21:48.929 INFO: Epoch 252: loss=0.7003, RMSE_E=5.1 meV, RMSE_F=26.5 meV / A
2024-11-25 17:21:59.235 INFO: Epoch 254: loss=0.6990, RMSE_E=5.2 meV, RMSE_F=26.4 meV / A
2024-11-25 17:22:10.508 INFO: Epoch 256: loss=0.6979, RMSE_E=5.2 meV, RMSE_F=26.4 meV / A
2024-11-25 17:22:21.140 INFO: Epoch 258: loss=0.6954, RMSE_E=5.2 meV, RMSE_F=26.4 meV / A
2024-11-25 17:22:31.366 INFO: Epoch 260: loss=0.6932, RMSE_E=5.1 meV, RMSE_F=26.3 meV / A
2024-11-25 17:22:42.469 INFO: Epoch 262: loss=0.6919, RMSE_E=5.0 meV, RMSE_F=26.3 meV / A
2024-11-25 17:22:52.663 INFO: Epoch 264: loss=0.6908, RMSE_E=5.1 meV, RMSE_F=26.3 meV / A
2024-11-25 17:23:03.582 INFO: Epoch 266: loss=0.6891, RMSE_E=5.1 meV, RMSE_F=26.2 meV / A
2024-11-25 17:23:14.663 INFO: Epoch 268: loss=0.6869, RMSE_E=5.0 meV, RMSE_F=26.2 meV / A
2024-11-25 17:23:25.799 INFO: Epoch 270: loss=0.6858, RMSE_E=5.1 meV, RMSE_F=26.2 meV / A
2024-11-25 17:23:37.218 INFO: Epoch 272: loss=0.6831, RMSE_E=5.0 meV, RMSE_F=26.1 meV / A
2024-11-25 17:23:47.558 INFO: Epoch 274: loss=0.6807, RMSE_E=5.1 meV, RMSE_F=26.1 meV / A
2024-11-25 17:23:57.872 INFO: Epoch 276: loss=0.6789, RMSE_E=5.1 meV, RMSE_F=26.1 meV / A
2024-11-25 17:24:08.822 INFO: Epoch 278: loss=0.6768, RMSE_E=5.0 meV, RMSE_F=26.0 meV / A
2024-11-25 17:24:19.772 INFO: Epoch 280: loss=0.6751, RMSE_E=5.0 meV, RMSE_F=26.0 meV / A
2024-11-25 17:24:30.309 INFO: Epoch 282: loss=0.6729, RMSE_E=5.0 meV, RMSE_F=25.9 meV / A
2024-11-25 17:24:41.111 INFO: Epoch 284: loss=0.6714, RMSE_E=5.0 meV, RMSE_F=25.9 meV / A
2024-11-25 17:24:51.943 INFO: Epoch 286: loss=0.6700, RMSE_E=5.0 meV, RMSE_F=25.9 meV / A
2024-11-25 17:25:02.143 INFO: Epoch 288: loss=0.6687, RMSE_E=4.8 meV, RMSE_F=25.9 meV / A
2024-11-25 17:25:14.333 INFO: Epoch 290: loss=0.6691, RMSE_E=5.0 meV, RMSE_F=25.9 meV / A
2024-11-25 17:25:23.579 INFO: Epoch 292: loss=0.6675, RMSE_E=5.0 meV, RMSE_F=25.8 meV / A
2024-11-25 17:25:34.413 INFO: Epoch 294: loss=0.6658, RMSE_E=5.0 meV, RMSE_F=25.8 meV / A
2024-11-25 17:25:45.771 INFO: Epoch 296: loss=0.6634, RMSE_E=4.9 meV, RMSE_F=25.8 meV / A
2024-11-25 17:25:56.540 INFO: Epoch 298: loss=0.6618, RMSE_E=4.9 meV, RMSE_F=25.7 meV / A
2024-11-25 17:26:07.666 INFO: Epoch 300: loss=0.6595, RMSE_E=4.8 meV, RMSE_F=25.7 meV / A
2024-11-25 17:26:17.502 INFO: Epoch 302: loss=0.6577, RMSE_E=4.8 meV, RMSE_F=25.6 meV / A
2024-11-25 17:26:28.447 INFO: Epoch 304: loss=0.6564, RMSE_E=4.9 meV, RMSE_F=25.6 meV / A
2024-11-25 17:26:38.729 INFO: Epoch 306: loss=0.6551, RMSE_E=4.8 meV, RMSE_F=25.6 meV / A
2024-11-25 17:26:49.846 INFO: Epoch 308: loss=0.6533, RMSE_E=4.8 meV, RMSE_F=25.6 meV / A
2024-11-25 17:27:00.793 INFO: Epoch 310: loss=0.6517, RMSE_E=4.8 meV, RMSE_F=25.5 meV / A
2024-11-25 17:27:11.574 INFO: Epoch 312: loss=0.6517, RMSE_E=4.8 meV, RMSE_F=25.5 meV / A
2024-11-25 17:27:22.029 INFO: Epoch 314: loss=0.6497, RMSE_E=5.1 meV, RMSE_F=25.5 meV / A
2024-11-25 17:27:32.942 INFO: Epoch 316: loss=0.6503, RMSE_E=5.0 meV, RMSE_F=25.5 meV / A
2024-11-25 17:27:43.150 INFO: Epoch 318: loss=0.6485, RMSE_E=5.2 meV, RMSE_F=25.5 meV / A
2024-11-25 17:27:53.917 INFO: Epoch 320: loss=0.6474, RMSE_E=5.0 meV, RMSE_F=25.4 meV / A
2024-11-25 17:28:05.761 INFO: Epoch 322: loss=0.6463, RMSE_E=5.0 meV, RMSE_F=25.4 meV / A
2024-11-25 17:28:16.168 INFO: Epoch 324: loss=0.6442, RMSE_E=5.0 meV, RMSE_F=25.4 meV / A
2024-11-25 17:28:27.222 INFO: Epoch 326: loss=0.6425, RMSE_E=5.0 meV, RMSE_F=25.3 meV / A
2024-11-25 17:28:38.096 INFO: Epoch 328: loss=0.6418, RMSE_E=5.1 meV, RMSE_F=25.3 meV / A
2024-11-25 17:28:49.395 INFO: Epoch 330: loss=0.6413, RMSE_E=5.1 meV, RMSE_F=25.3 meV / A
2024-11-25 17:29:00.421 INFO: Epoch 332: loss=0.6402, RMSE_E=5.1 meV, RMSE_F=25.3 meV / A
2024-11-25 17:29:11.429 INFO: Epoch 334: loss=0.6409, RMSE_E=5.2 meV, RMSE_F=25.3 meV / A
2024-11-25 17:29:21.698 INFO: Epoch 336: loss=0.6396, RMSE_E=4.9 meV, RMSE_F=25.3 meV / A
2024-11-25 17:29:32.594 INFO: Epoch 338: loss=0.6394, RMSE_E=5.2 meV, RMSE_F=25.3 meV / A
2024-11-25 17:29:43.294 INFO: Epoch 340: loss=0.6383, RMSE_E=5.3 meV, RMSE_F=25.3 meV / A
2024-11-25 17:29:53.622 INFO: Epoch 342: loss=0.6364, RMSE_E=5.2 meV, RMSE_F=25.2 meV / A
2024-11-25 17:30:05.169 INFO: Epoch 344: loss=0.6342, RMSE_E=5.1 meV, RMSE_F=25.2 meV / A
2024-11-25 17:30:15.675 INFO: Epoch 346: loss=0.6330, RMSE_E=5.0 meV, RMSE_F=25.2 meV / A
2024-11-25 17:30:26.861 INFO: Epoch 348: loss=0.6314, RMSE_E=4.9 meV, RMSE_F=25.1 meV / A
2024-11-25 17:30:37.844 INFO: Epoch 350: loss=0.6303, RMSE_E=5.0 meV, RMSE_F=25.1 meV / A
2024-11-25 17:30:48.801 INFO: Epoch 352: loss=0.6282, RMSE_E=5.0 meV, RMSE_F=25.1 meV / A
2024-11-25 17:30:59.958 INFO: Epoch 354: loss=0.6274, RMSE_E=5.0 meV, RMSE_F=25.0 meV / A
2024-11-25 17:31:11.151 INFO: Epoch 356: loss=0.6259, RMSE_E=4.8 meV, RMSE_F=25.0 meV / A
2024-11-25 17:31:22.201 INFO: Epoch 358: loss=0.6247, RMSE_E=4.9 meV, RMSE_F=25.0 meV / A
2024-11-25 17:31:34.329 INFO: Epoch 360: loss=0.6237, RMSE_E=4.9 meV, RMSE_F=25.0 meV / A
2024-11-25 17:31:45.337 INFO: Epoch 362: loss=0.6222, RMSE_E=4.8 meV, RMSE_F=24.9 meV / A
2024-11-25 17:31:55.610 INFO: Epoch 364: loss=0.6212, RMSE_E=4.8 meV, RMSE_F=24.9 meV / A
2024-11-25 17:32:05.978 INFO: Epoch 366: loss=0.6198, RMSE_E=4.8 meV, RMSE_F=24.9 meV / A
2024-11-25 17:32:16.526 INFO: Epoch 368: loss=0.6187, RMSE_E=4.8 meV, RMSE_F=24.9 meV / A
2024-11-25 17:32:27.533 INFO: Epoch 370: loss=0.6176, RMSE_E=4.7 meV, RMSE_F=24.9 meV / A
2024-11-25 17:32:38.499 INFO: Epoch 372: loss=0.6165, RMSE_E=4.9 meV, RMSE_F=24.8 meV / A
2024-11-25 17:32:49.743 INFO: Epoch 374: loss=0.6149, RMSE_E=4.7 meV, RMSE_F=24.8 meV / A
2024-11-25 17:32:58.366 INFO: Epoch 376: loss=0.6134, RMSE_E=4.5 meV, RMSE_F=24.8 meV / A
2024-11-25 17:33:06.984 INFO: Epoch 378: loss=0.6121, RMSE_E=4.6 meV, RMSE_F=24.7 meV / A
2024-11-25 17:33:17.291 INFO: Epoch 380: loss=0.6117, RMSE_E=4.6 meV, RMSE_F=24.7 meV / A
2024-11-25 17:33:27.578 INFO: Epoch 382: loss=0.6101, RMSE_E=4.7 meV, RMSE_F=24.7 meV / A
2024-11-25 17:33:39.084 INFO: Epoch 384: loss=0.6096, RMSE_E=4.6 meV, RMSE_F=24.7 meV / A
2024-11-25 17:33:50.346 INFO: Epoch 386: loss=0.6086, RMSE_E=4.6 meV, RMSE_F=24.7 meV / A
2024-11-25 17:34:01.165 INFO: Epoch 388: loss=0.6074, RMSE_E=4.7 meV, RMSE_F=24.6 meV / A
2024-11-25 17:34:09.830 INFO: Epoch 390: loss=0.6061, RMSE_E=4.7 meV, RMSE_F=24.6 meV / A
2024-11-25 17:34:21.385 INFO: Epoch 392: loss=0.6047, RMSE_E=4.6 meV, RMSE_F=24.6 meV / A
2024-11-25 17:34:32.369 INFO: Epoch 394: loss=0.6034, RMSE_E=4.6 meV, RMSE_F=24.6 meV / A
2024-11-25 17:34:44.184 INFO: Epoch 396: loss=0.6020, RMSE_E=4.5 meV, RMSE_F=24.5 meV / A
2024-11-25 17:34:55.194 INFO: Epoch 398: loss=0.6010, RMSE_E=4.5 meV, RMSE_F=24.5 meV / A
2024-11-25 17:35:06.372 INFO: Epoch 400: loss=0.6000, RMSE_E=4.5 meV, RMSE_F=24.5 meV / A
2024-11-25 17:35:17.472 INFO: Epoch 402: loss=0.5985, RMSE_E=4.5 meV, RMSE_F=24.5 meV / A
2024-11-25 17:35:28.468 INFO: Epoch 404: loss=0.5974, RMSE_E=4.5 meV, RMSE_F=24.4 meV / A
2024-11-25 17:35:38.839 INFO: Epoch 406: loss=0.5962, RMSE_E=4.5 meV, RMSE_F=24.4 meV / A
2024-11-25 17:35:49.317 INFO: Epoch 408: loss=0.5955, RMSE_E=4.5 meV, RMSE_F=24.4 meV / A
2024-11-25 17:36:00.611 INFO: Epoch 410: loss=0.5950, RMSE_E=4.5 meV, RMSE_F=24.4 meV / A
2024-11-25 17:36:11.264 INFO: Epoch 412: loss=0.5943, RMSE_E=4.4 meV, RMSE_F=24.4 meV / A
2024-11-25 17:36:21.434 INFO: Epoch 414: loss=0.5938, RMSE_E=4.4 meV, RMSE_F=24.4 meV / A
2024-11-25 17:36:32.861 INFO: Epoch 416: loss=0.5933, RMSE_E=4.4 meV, RMSE_F=24.4 meV / A
2024-11-25 17:36:43.808 INFO: Epoch 418: loss=0.5926, RMSE_E=4.4 meV, RMSE_F=24.3 meV / A
2024-11-25 17:36:55.061 INFO: Epoch 420: loss=0.5919, RMSE_E=4.4 meV, RMSE_F=24.3 meV / A
2024-11-25 17:37:05.743 INFO: Epoch 422: loss=0.5909, RMSE_E=4.4 meV, RMSE_F=24.3 meV / A
2024-11-25 17:37:16.587 INFO: Epoch 424: loss=0.5901, RMSE_E=4.4 meV, RMSE_F=24.3 meV / A
2024-11-25 17:37:26.735 INFO: Epoch 426: loss=0.5894, RMSE_E=4.4 meV, RMSE_F=24.3 meV / A
2024-11-25 17:37:36.604 INFO: Epoch 428: loss=0.5886, RMSE_E=4.4 meV, RMSE_F=24.3 meV / A
2024-11-25 17:37:47.028 INFO: Epoch 430: loss=0.5884, RMSE_E=4.4 meV, RMSE_F=24.3 meV / A
2024-11-25 17:37:58.039 INFO: Epoch 432: loss=0.5878, RMSE_E=4.4 meV, RMSE_F=24.2 meV / A
2024-11-25 17:38:06.653 INFO: Epoch 434: loss=0.5868, RMSE_E=4.4 meV, RMSE_F=24.2 meV / A
2024-11-25 17:38:17.274 INFO: Epoch 436: loss=0.5860, RMSE_E=4.4 meV, RMSE_F=24.2 meV / A
2024-11-25 17:38:28.176 INFO: Epoch 438: loss=0.5853, RMSE_E=4.4 meV, RMSE_F=24.2 meV / A
2024-11-25 17:38:39.431 INFO: Epoch 440: loss=0.5846, RMSE_E=4.4 meV, RMSE_F=24.2 meV / A
2024-11-25 17:38:50.217 INFO: Epoch 442: loss=0.5839, RMSE_E=4.4 meV, RMSE_F=24.2 meV / A
2024-11-25 17:39:00.491 INFO: Epoch 444: loss=0.5828, RMSE_E=4.4 meV, RMSE_F=24.1 meV / A
2024-11-25 17:39:11.420 INFO: Epoch 446: loss=0.5832, RMSE_E=4.4 meV, RMSE_F=24.1 meV / A
2024-11-25 17:39:21.425 INFO: Epoch 448: loss=0.5826, RMSE_E=4.6 meV, RMSE_F=24.1 meV / A
2024-11-25 17:39:32.477 INFO: Epoch 450: loss=0.5831, RMSE_E=4.5 meV, RMSE_F=24.1 meV / A
2024-11-25 17:39:42.869 INFO: Epoch 452: loss=0.5827, RMSE_E=4.5 meV, RMSE_F=24.1 meV / A
2024-11-25 17:39:53.430 INFO: Epoch 454: loss=0.5827, RMSE_E=4.5 meV, RMSE_F=24.1 meV / A
2024-11-25 17:40:03.052 INFO: Epoch 456: loss=0.5818, RMSE_E=4.5 meV, RMSE_F=24.1 meV / A
2024-11-25 17:40:13.713 INFO: Epoch 458: loss=0.5813, RMSE_E=4.4 meV, RMSE_F=24.1 meV / A
2024-11-25 17:40:25.081 INFO: Epoch 460: loss=0.5809, RMSE_E=4.4 meV, RMSE_F=24.1 meV / A
2024-11-25 17:40:35.985 INFO: Epoch 462: loss=0.5803, RMSE_E=4.4 meV, RMSE_F=24.1 meV / A
2024-11-25 17:40:47.119 INFO: Epoch 464: loss=0.5796, RMSE_E=4.4 meV, RMSE_F=24.1 meV / A
2024-11-25 17:40:58.231 INFO: Epoch 466: loss=0.5788, RMSE_E=4.4 meV, RMSE_F=24.1 meV / A
2024-11-25 17:41:09.329 INFO: Epoch 468: loss=0.5777, RMSE_E=4.4 meV, RMSE_F=24.0 meV / A
2024-11-25 17:41:20.230 INFO: Epoch 470: loss=0.5771, RMSE_E=4.3 meV, RMSE_F=24.0 meV / A
2024-11-25 17:41:30.189 INFO: Epoch 472: loss=0.5765, RMSE_E=4.4 meV, RMSE_F=24.0 meV / A
2024-11-25 17:41:41.482 INFO: Epoch 474: loss=0.5760, RMSE_E=4.3 meV, RMSE_F=24.0 meV / A
2024-11-25 17:41:52.277 INFO: Epoch 476: loss=0.5755, RMSE_E=4.4 meV, RMSE_F=24.0 meV / A
2024-11-25 17:42:03.358 INFO: Epoch 478: loss=0.5751, RMSE_E=4.3 meV, RMSE_F=24.0 meV / A
2024-11-25 17:42:14.350 INFO: Epoch 480: loss=0.5745, RMSE_E=4.3 meV, RMSE_F=24.0 meV / A
2024-11-25 17:42:25.063 INFO: Epoch 482: loss=0.5737, RMSE_E=4.3 meV, RMSE_F=24.0 meV / A
2024-11-25 17:42:35.368 INFO: Epoch 484: loss=0.5732, RMSE_E=4.3 meV, RMSE_F=23.9 meV / A
2024-11-25 17:42:46.472 INFO: Epoch 486: loss=0.5725, RMSE_E=4.3 meV, RMSE_F=23.9 meV / A
2024-11-25 17:42:57.642 INFO: Epoch 488: loss=0.5720, RMSE_E=4.3 meV, RMSE_F=23.9 meV / A
2024-11-25 17:43:06.061 INFO: Epoch 490: loss=0.5715, RMSE_E=4.3 meV, RMSE_F=23.9 meV / A
2024-11-25 17:43:16.688 INFO: Epoch 492: loss=0.5709, RMSE_E=4.3 meV, RMSE_F=23.9 meV / A
2024-11-25 17:43:28.882 INFO: Epoch 494: loss=0.5705, RMSE_E=4.3 meV, RMSE_F=23.9 meV / A
2024-11-25 17:43:38.957 INFO: Epoch 496: loss=0.5702, RMSE_E=4.3 meV, RMSE_F=23.9 meV / A
2024-11-25 17:43:49.046 INFO: Epoch 498: loss=0.5697, RMSE_E=4.3 meV, RMSE_F=23.9 meV / A
2024-11-25 17:43:51.121 INFO: Training complete
2024-11-25 17:43:51.121 INFO: Computing metrics for training, validation, and test sets
2024-11-25 17:43:51.123 INFO: Loading checkpoint: checkpoints/uracil_run-123_epoch-498.pt
2024-11-25 17:43:51.550 INFO: Loaded model from epoch 498
2024-11-25 17:43:51.551 INFO: Evaluating train ...
2024-11-25 17:43:51.873 INFO: Evaluating valid ...
2024-11-25 17:43:58.917 INFO: 
+-------------+--------------+------------------+-------------------+
| config_type | RMSE E / meV | RMSE F / meV / A | relative F RMSE % |
+-------------+--------------+------------------+-------------------+
|    train    |     1.4      |       3.2        |        0.23       |
|    valid    |     4.3      |       23.9       |        1.74       |
+-------------+--------------+------------------+-------------------+
2024-11-25 17:43:58.917 INFO: Saving model to checkpoints/uracil_run-123.model
2024-11-25 17:44:01.418 INFO: Compiling model, saving metadata to uracil_compiled.model
2024-11-25 17:44:02.626 INFO: Done
