2024-12-04 23:33:02.156 INFO: MACE version: 0.3.5
2024-12-04 23:33:02.157 INFO: Configuration: Namespace(config=None, name='AlMgCu', seed=123, log_dir='logs', model_dir='.', checkpoints_dir='checkpoints', results_dir='results', downloads_dir='downloads', device='cuda', default_dtype='float64', distributed=False, log_level='INFO', error_table='TotalRMSE', model='ScaleShiftMACE', r_max=6.0, radial_type='bessel', num_radial_basis=10, num_cutoff_basis=5, pair_repulsion=False, distance_transform='None', interaction='RealAgnosticResidualInteractionBlock', interaction_first='RealAgnosticResidualInteractionBlock', max_ell=3, correlation=3, num_interactions=2, MLP_irreps='16x0e', radial_MLP='[64, 64, 64]', hidden_irreps='128x0e + 128x1o', num_channels=128, max_L=2, gate='silu', scaling='rms_forces_scaling', avg_num_neighbors=1, compute_avg_num_neighbors=True, compute_stress=False, compute_forces=True, train_file='./dataset/train.xyz', valid_file='./dataset/valid.xyz', valid_fraction=0.1, test_file=None, test_dir=None, multi_processed_test=False, num_workers=0, pin_memory=True, atomic_numbers=None, mean=None, std=None, statistics_file=None, E0s='average', keep_isolated_atoms=False, energy_key='energy', forces_key='forces', virials_key='virials', stress_key='stress', dipole_key='dipole', charges_key='charges', loss='ef', forces_weight=1000.0, swa_forces_weight=100.0, energy_weight=1.0, swa_energy_weight=1000.0, virials_weight=1.0, swa_virials_weight=10.0, stress_weight=1.0, swa_stress_weight=10.0, dipole_weight=1.0, swa_dipole_weight=1.0, config_type_weights='{"Default":1.0}', huber_delta=0.01, optimizer='adam', beta=0.9, batch_size=5, valid_batch_size=5, lr=0.005, swa_lr=0.001, weight_decay=1e-08, amsgrad=True, scheduler='ReduceLROnPlateau', lr_factor=0.8, scheduler_patience=5, lr_scheduler_gamma=0.9993, swa=False, start_swa=None, ema=True, ema_decay=0.995, max_num_epochs=100, patience=2048, foundation_model='/home/l6eub2ic/whcs-share31/wangchen/mace/MPtrj/2024-01-07-mace-128-L2_epoch-199.model', foundation_model_readout=True, eval_interval=2, keep_checkpoints=False, save_all_checkpoints=False, restart_latest=False, save_cpu=True, clip_grad=100.0, wandb=False, wandb_dir=None, wandb_project='', wandb_entity='', wandb_name='', wandb_log_hypers=['num_channels', 'max_L', 'correlation', 'lr', 'swa_lr', 'weight_decay', 'batch_size', 'max_num_epochs', 'start_swa', 'energy_weight', 'forces_weight'])
2024-12-04 23:33:02.294 INFO: CUDA version: 11.8, CUDA device: 0
2024-12-04 23:33:02.830 INFO: Error accessing Git repository: /home/l6eub2ic/whcs-share31/wangchen/mace/inorganic/AlMgCu/finetune
2024-12-04 23:33:06.794 INFO: Using foundation model /home/l6eub2ic/whcs-share31/wangchen/mace/MPtrj/2024-01-07-mace-128-L2_epoch-199.model as initial checkpoint.
2024-12-04 23:33:19.961 INFO: Since ASE version 3.23.0b1, using energy_key 'energy' is no longer safe when communicating between MACE and ASE. We recommend using a different key, rewriting energies to 'REF_energy'. You need to use --energy_key='REF_energy', to tell the key name chosen.
2024-12-04 23:33:24.176 INFO: Since ASE version 3.23.0b1, using forces_key 'forces' is no longer safe when communicating between MACE and ASE. We recommend using a different key, rewriting energies to 'REF_forces'. You need to use --forces_key='REF_forces', to tell the key name chosen.
2024-12-04 23:33:28.421 INFO: Since ASE version 3.23.0b1, using stress_key 'stress' is no longer safe when communicating between MACE and ASE. We recommend using a different key, rewriting energies to 'REF_stress'. You need to use --stress_key='REF_stress', to tell the key name chosen.
2024-12-04 23:33:29.099 INFO: Loaded 24252 training configurations from './dataset/train.xyz'
2024-12-04 23:33:30.749 INFO: Since ASE version 3.23.0b1, using energy_key 'energy' is no longer safe when communicating between MACE and ASE. We recommend using a different key, rewriting energies to 'REF_energy'. You need to use --energy_key='REF_energy', to tell the key name chosen.
2024-12-04 23:33:30.950 INFO: Since ASE version 3.23.0b1, using forces_key 'forces' is no longer safe when communicating between MACE and ASE. We recommend using a different key, rewriting energies to 'REF_forces'. You need to use --forces_key='REF_forces', to tell the key name chosen.
2024-12-04 23:33:31.159 INFO: Since ASE version 3.23.0b1, using stress_key 'stress' is no longer safe when communicating between MACE and ASE. We recommend using a different key, rewriting energies to 'REF_stress'. You need to use --stress_key='REF_stress', to tell the key name chosen.
2024-12-04 23:33:31.195 INFO: Loaded 1145 validation configurations from './dataset/valid.xyz'
2024-12-04 23:33:31.196 INFO: Total number of configurations: train=24252, valid=1145, tests=[]
2024-12-04 23:33:31.321 INFO: AtomicNumberTable: (12, 13, 29)
2024-12-04 23:33:31.322 INFO: Atomic Energies not in training file, using command line argument E0s
2024-12-04 23:33:31.322 INFO: Computing average Atomic Energies using least squares regression
2024-12-04 23:33:31.525 INFO: Atomic energies: [-1.3846370640293428, -3.481960931054591, -3.242739255618435]
2024-12-04 23:33:59.420 INFO: EnergyForcesLoss(energy_weight=1.000, forces_weight=1000.000)
2024-12-04 23:34:12.272 INFO: Average number of neighbors: 64.28298642096887
2024-12-04 23:34:12.273 INFO: Selected the following outputs: {'energy': True, 'forces': True, 'virials': False, 'stress': False, 'dipoles': False}
2024-12-04 23:34:24.393 INFO: Building model
2024-12-04 23:34:49.890 INFO: ScaleShiftMACE(
  (node_embedding): LinearNodeEmbeddingBlock(
    (linear): Linear(3x0e -> 128x0e | 384 weights)
  )
  (radial_embedding): RadialEmbeddingBlock(
    (bessel_fn): BesselBasis(r_max=6.0, num_basis=10, trainable=True)
    (cutoff_fn): PolynomialCutoff(p=5.0, r_max=6.0)
  )
  (spherical_harmonics): SphericalHarmonics()
  (atomic_energies_fn): AtomicEnergiesBlock(energies=[-1.3846, -3.4820, -3.2427])
  (interactions): ModuleList(
    (0): RealAgnosticResidualInteractionBlock(
      (linear_up): Linear(128x0e -> 128x0e | 16384 weights)
      (conv_tp): TensorProduct(128x0e x 1x0e+1x1o+1x2e+1x3o -> 128x0e+128x1o+128x2e+128x3o | 512 paths | 512 weights)
      (conv_tp_weights): FullyConnectedNet[10, 64, 64, 64, 512]
      (linear): Linear(128x0e+128x1o+128x2e+128x3o -> 128x0e+128x1o+128x2e+128x3o | 65536 weights)
      (skip_tp): FullyConnectedTensorProduct(128x0e x 3x0e -> 128x0e+128x1o+128x2e | 49152 paths | 49152 weights)
      (reshape): reshape_irreps()
    )
    (1): RealAgnosticResidualInteractionBlock(
      (linear_up): Linear(128x0e+128x1o+128x2e -> 128x0e+128x1o+128x2e | 49152 weights)
      (conv_tp): TensorProduct(128x0e+128x1o+128x2e x 1x0e+1x1o+1x2e+1x3o -> 384x0e+640x1o+640x2e+512x3o | 2176 paths | 2176 weights)
      (conv_tp_weights): FullyConnectedNet[10, 64, 64, 64, 2176]
      (linear): Linear(384x0e+640x1o+640x2e+512x3o -> 128x0e+128x1o+128x2e+128x3o | 278528 weights)
      (skip_tp): FullyConnectedTensorProduct(128x0e+128x1o+128x2e x 3x0e -> 128x0e | 49152 paths | 49152 weights)
      (reshape): reshape_irreps()
    )
  )
  (products): ModuleList(
    (0): EquivariantProductBasisBlock(
      (symmetric_contractions): SymmetricContraction(
        (contractions): ModuleList(
          (0): Contraction(
            (contractions_weighting): ModuleList(
              (0-1): 2 x GraphModule()
            )
            (contractions_features): ModuleList(
              (0-1): 2 x GraphModule()
            )
            (weights): ParameterList(
                (0): Parameter containing: [torch.float64 of size 3x4x128 (GPU 0)]
                (1): Parameter containing: [torch.float64 of size 3x1x128 (GPU 0)]
            )
            (graph_opt_main): GraphModule()
          )
          (1): Contraction(
            (contractions_weighting): ModuleList(
              (0-1): 2 x GraphModule()
            )
            (contractions_features): ModuleList(
              (0-1): 2 x GraphModule()
            )
            (weights): ParameterList(
                (0): Parameter containing: [torch.float64 of size 3x6x128 (GPU 0)]
                (1): Parameter containing: [torch.float64 of size 3x1x128 (GPU 0)]
            )
            (graph_opt_main): GraphModule()
          )
          (2): Contraction(
            (contractions_weighting): ModuleList(
              (0-1): 2 x GraphModule()
            )
            (contractions_features): ModuleList(
              (0-1): 2 x GraphModule()
            )
            (weights): ParameterList(
                (0): Parameter containing: [torch.float64 of size 3x7x128 (GPU 0)]
                (1): Parameter containing: [torch.float64 of size 3x1x128 (GPU 0)]
            )
            (graph_opt_main): GraphModule()
          )
        )
      )
      (linear): Linear(128x0e+128x1o+128x2e -> 128x0e+128x1o+128x2e | 49152 weights)
    )
    (1): EquivariantProductBasisBlock(
      (symmetric_contractions): SymmetricContraction(
        (contractions): ModuleList(
          (0): Contraction(
            (contractions_weighting): ModuleList(
              (0-1): 2 x GraphModule()
            )
            (contractions_features): ModuleList(
              (0-1): 2 x GraphModule()
            )
            (weights): ParameterList(
                (0): Parameter containing: [torch.float64 of size 3x4x128 (GPU 0)]
                (1): Parameter containing: [torch.float64 of size 3x1x128 (GPU 0)]
            )
            (graph_opt_main): GraphModule()
          )
        )
      )
      (linear): Linear(128x0e -> 128x0e | 16384 weights)
    )
  )
  (readouts): ModuleList(
    (0): LinearReadoutBlock(
      (linear): Linear(128x0e+128x1o+128x2e -> 1x0e | 128 weights)
    )
    (1): NonLinearReadoutBlock(
      (linear_1): Linear(128x0e -> 16x0e | 2048 weights)
      (non_linearity): Activation [x] (16x0e -> 16x0e)
      (linear_2): Linear(16x0e -> 1x0e | 16 weights)
    )
  )
  (scale_shift): ScaleShiftBlock(scale=0.804154, shift=0.164097)
)
2024-12-04 23:34:49.898 INFO: Number of parameters: 837530
2024-12-04 23:34:49.898 INFO: Optimizer: Adam (
Parameter Group 0
    amsgrad: True
    betas: (0.9, 0.999)
    capturable: False
    differentiable: False
    eps: 1e-08
    foreach: None
    fused: None
    lr: 0.005
    maximize: False
    name: embedding
    weight_decay: 0.0

Parameter Group 1
    amsgrad: True
    betas: (0.9, 0.999)
    capturable: False
    differentiable: False
    eps: 1e-08
    foreach: None
    fused: None
    lr: 0.005
    maximize: False
    name: interactions_decay
    weight_decay: 1e-08

Parameter Group 2
    amsgrad: True
    betas: (0.9, 0.999)
    capturable: False
    differentiable: False
    eps: 1e-08
    foreach: None
    fused: None
    lr: 0.005
    maximize: False
    name: interactions_no_decay
    weight_decay: 0.0

Parameter Group 3
    amsgrad: True
    betas: (0.9, 0.999)
    capturable: False
    differentiable: False
    eps: 1e-08
    foreach: None
    fused: None
    lr: 0.005
    maximize: False
    name: products
    weight_decay: 1e-08

Parameter Group 4
    amsgrad: True
    betas: (0.9, 0.999)
    capturable: False
    differentiable: False
    eps: 1e-08
    foreach: None
    fused: None
    lr: 0.005
    maximize: False
    name: readouts
    weight_decay: 0.0
)
2024-12-04 23:34:49.899 INFO: Using gradient clipping with tolerance=100.000
2024-12-04 23:34:49.899 INFO: Started training
2024-12-04 23:35:20.356 INFO: Epoch None: loss=452.2385, RMSE_E=19945.0 meV, RMSE_F=227.9 meV / A
2024-12-04 23:48:00.509 INFO: Epoch 0: loss=0.3759, RMSE_E=169.5 meV, RMSE_F=17.9 meV / A
2024-12-05 00:12:29.328 INFO: Epoch 2: loss=0.2637, RMSE_E=124.8 meV, RMSE_F=15.1 meV / A
2024-12-05 00:36:55.761 INFO: Epoch 4: loss=0.2190, RMSE_E=122.8 meV, RMSE_F=13.7 meV / A
2024-12-05 01:01:23.306 INFO: Epoch 6: loss=0.1971, RMSE_E=92.5 meV, RMSE_F=13.2 meV / A
2024-12-05 01:25:48.433 INFO: Epoch 8: loss=0.1802, RMSE_E=90.1 meV, RMSE_F=12.6 meV / A
2024-12-05 01:50:12.557 INFO: Epoch 10: loss=0.1727, RMSE_E=104.5 meV, RMSE_F=12.2 meV / A
2024-12-05 02:14:39.013 INFO: Epoch 12: loss=0.1600, RMSE_E=72.5 meV, RMSE_F=11.9 meV / A
2024-12-05 02:39:04.309 INFO: Epoch 14: loss=0.1551, RMSE_E=66.1 meV, RMSE_F=11.8 meV / A
2024-12-05 03:03:27.995 INFO: Epoch 16: loss=0.1504, RMSE_E=67.4 meV, RMSE_F=11.6 meV / A
2024-12-05 03:27:49.888 INFO: Epoch 18: loss=0.1442, RMSE_E=60.9 meV, RMSE_F=11.4 meV / A
2024-12-05 03:52:25.821 INFO: Epoch 20: loss=0.1461, RMSE_E=76.8 meV, RMSE_F=11.4 meV / A
2024-12-05 04:16:46.962 INFO: Epoch 22: loss=0.1389, RMSE_E=73.8 meV, RMSE_F=11.1 meV / A
2024-12-05 04:41:09.444 INFO: Epoch 24: loss=0.1361, RMSE_E=60.8 meV, RMSE_F=11.1 meV / A
2024-12-05 05:05:33.251 INFO: Epoch 26: loss=0.1332, RMSE_E=63.6 meV, RMSE_F=10.9 meV / A
2024-12-05 05:29:56.206 INFO: Epoch 28: loss=0.1321, RMSE_E=53.4 meV, RMSE_F=10.9 meV / A
2024-12-05 05:54:28.310 INFO: Epoch 30: loss=0.1332, RMSE_E=80.0 meV, RMSE_F=10.8 meV / A
2024-12-05 06:19:00.272 INFO: Epoch 32: loss=0.1320, RMSE_E=61.4 meV, RMSE_F=10.9 meV / A
2024-12-05 06:43:33.786 INFO: Epoch 34: loss=0.1292, RMSE_E=66.3 meV, RMSE_F=10.7 meV / A
2024-12-05 07:08:14.695 INFO: Epoch 36: loss=0.1250, RMSE_E=54.2 meV, RMSE_F=10.6 meV / A
2024-12-05 07:32:49.636 INFO: Epoch 38: loss=0.1239, RMSE_E=54.2 meV, RMSE_F=10.6 meV / A
2024-12-05 07:57:18.727 INFO: Epoch 40: loss=0.1233, RMSE_E=65.4 meV, RMSE_F=10.5 meV / A
2024-12-05 08:22:02.083 INFO: Epoch 42: loss=0.1220, RMSE_E=54.8 meV, RMSE_F=10.5 meV / A
2024-12-05 08:46:43.464 INFO: Epoch 44: loss=0.1196, RMSE_E=55.8 meV, RMSE_F=10.4 meV / A
2024-12-05 09:11:25.171 INFO: Epoch 46: loss=0.1191, RMSE_E=53.0 meV, RMSE_F=10.4 meV / A
2024-12-05 09:36:06.424 INFO: Epoch 48: loss=0.1175, RMSE_E=54.2 meV, RMSE_F=10.3 meV / A
2024-12-05 10:00:43.287 INFO: Epoch 50: loss=0.1180, RMSE_E=53.1 meV, RMSE_F=10.3 meV / A
2024-12-05 10:25:15.437 INFO: Epoch 52: loss=0.1190, RMSE_E=60.7 meV, RMSE_F=10.3 meV / A
2024-12-05 10:49:49.102 INFO: Epoch 54: loss=0.1177, RMSE_E=59.1 meV, RMSE_F=10.3 meV / A
2024-12-05 11:14:19.983 INFO: Epoch 56: loss=0.1160, RMSE_E=57.7 meV, RMSE_F=10.2 meV / A
2024-12-05 11:38:55.181 INFO: Epoch 58: loss=0.1137, RMSE_E=50.7 meV, RMSE_F=10.2 meV / A
2024-12-05 12:03:24.040 INFO: Epoch 60: loss=0.1131, RMSE_E=51.0 meV, RMSE_F=10.1 meV / A
2024-12-05 12:27:52.827 INFO: Epoch 62: loss=0.1130, RMSE_E=44.0 meV, RMSE_F=10.2 meV / A
2024-12-05 12:52:28.389 INFO: Epoch 64: loss=0.1121, RMSE_E=53.3 meV, RMSE_F=10.1 meV / A
2024-12-05 13:17:05.064 INFO: Epoch 66: loss=0.1121, RMSE_E=54.1 meV, RMSE_F=10.1 meV / A
2024-12-05 13:41:32.278 INFO: Epoch 68: loss=0.1113, RMSE_E=50.0 meV, RMSE_F=10.1 meV / A
2024-12-05 14:06:12.821 INFO: Epoch 70: loss=0.1121, RMSE_E=58.0 meV, RMSE_F=10.0 meV / A
2024-12-05 14:30:51.435 INFO: Epoch 72: loss=0.1107, RMSE_E=47.5 meV, RMSE_F=10.0 meV / A
2024-12-05 14:55:27.614 INFO: Epoch 74: loss=0.1104, RMSE_E=50.4 meV, RMSE_F=10.0 meV / A
2024-12-05 15:20:02.698 INFO: Epoch 76: loss=0.1096, RMSE_E=53.0 meV, RMSE_F=10.0 meV / A
2024-12-05 15:44:41.657 INFO: Epoch 78: loss=0.1098, RMSE_E=51.0 meV, RMSE_F=10.0 meV / A
2024-12-05 16:09:14.667 INFO: Epoch 80: loss=0.1098, RMSE_E=51.6 meV, RMSE_F=10.0 meV / A
2024-12-05 16:33:48.224 INFO: Epoch 82: loss=0.1097, RMSE_E=42.5 meV, RMSE_F=10.0 meV / A
2024-12-05 16:58:21.297 INFO: Epoch 84: loss=0.1088, RMSE_E=57.3 meV, RMSE_F=9.9 meV / A
2024-12-05 17:22:54.949 INFO: Epoch 86: loss=0.1092, RMSE_E=47.1 meV, RMSE_F=10.0 meV / A
2024-12-05 17:47:25.405 INFO: Epoch 88: loss=0.1085, RMSE_E=43.4 meV, RMSE_F=10.0 meV / A
2024-12-05 18:12:06.133 INFO: Epoch 90: loss=0.1093, RMSE_E=46.5 meV, RMSE_F=10.0 meV / A
2024-12-05 18:36:40.292 INFO: Epoch 92: loss=0.1082, RMSE_E=48.8 meV, RMSE_F=9.9 meV / A
2024-12-05 19:01:22.724 INFO: Epoch 94: loss=0.1086, RMSE_E=46.6 meV, RMSE_F=9.9 meV / A
2024-12-05 19:25:57.529 INFO: Epoch 96: loss=0.1078, RMSE_E=48.6 meV, RMSE_F=9.9 meV / A
2024-12-05 19:50:43.276 INFO: Epoch 98: loss=0.1085, RMSE_E=48.3 meV, RMSE_F=9.9 meV / A
2024-12-05 20:02:59.418 INFO: Training complete
2024-12-05 20:02:59.419 INFO: Computing metrics for training, validation, and test sets
2024-12-05 20:02:59.422 INFO: Loading checkpoint: checkpoints/AlMgCu_run-123_epoch-96.pt
2024-12-05 20:03:01.764 INFO: Loaded model from epoch 96
2024-12-05 20:03:01.765 INFO: Evaluating train ...
2024-12-05 20:20:50.952 INFO: Evaluating valid ...
2024-12-05 20:21:06.759 INFO: 
+-------------+--------------+------------------+-------------------+
| config_type | RMSE E / meV | RMSE F / meV / A | relative F RMSE % |
+-------------+--------------+------------------+-------------------+
|    train    |     62.2     |       9.7        |        1.36       |
|    valid    |     48.6     |       9.9        |        1.57       |
+-------------+--------------+------------------+-------------------+
2024-12-05 20:21:06.759 INFO: Saving model to checkpoints/AlMgCu_run-123.model
2024-12-05 20:21:08.979 INFO: Compiling model, saving metadata to AlMgCu_compiled.model
2024-12-05 20:21:10.610 INFO: Done
