2024-06-29 22:52:00.564 INFO: MACE version: 0.3.5
2024-06-29 22:52:00.565 INFO: Configuration: Namespace(config=None, name='3BPA-L2', seed=123, log_dir='logs', model_dir='.', checkpoints_dir='checkpoints', results_dir='results', downloads_dir='downloads', device='cuda', default_dtype='float64', distributed=False, log_level='INFO', error_table='TotalRMSE', model='ScaleShiftMACE', r_max=5.0, radial_type='bessel', num_radial_basis=8, num_cutoff_basis=5, pair_repulsion=False, distance_transform='None', interaction='RealAgnosticResidualInteractionBlock', interaction_first='RealAgnosticResidualInteractionBlock', max_ell=3, correlation=3, num_interactions=2, MLP_irreps='16x0e', radial_MLP='[64, 64, 64]', hidden_irreps='128x0e + 128x1o', num_channels=256, max_L=2, gate='silu', scaling='rms_forces_scaling', avg_num_neighbors=1, compute_avg_num_neighbors=True, compute_stress=False, compute_forces=True, train_file='./dataset/train_300K.xyz', valid_file=None, valid_fraction=0.1, test_file='./dataset/test_300K.xyz', test_dir=None, multi_processed_test=False, num_workers=0, pin_memory=True, atomic_numbers=None, mean=None, std=None, statistics_file=None, E0s='{1:-13.587222780835477, 6:-1029.4889999855063, 7:-1484.9814568572233, 8:-2041.9816003861047}', keep_isolated_atoms=False, energy_key='energy', forces_key='forces', virials_key='virials', stress_key='stress', dipole_key='dipole', charges_key='charges', loss='ef', forces_weight=1000.0, swa_forces_weight=100.0, energy_weight=1.0, swa_energy_weight=1000.0, virials_weight=1.0, swa_virials_weight=10.0, stress_weight=1.0, swa_stress_weight=10.0, dipole_weight=1.0, swa_dipole_weight=1.0, config_type_weights='{"Default":1.0}', huber_delta=0.01, optimizer='adam', beta=0.9, batch_size=5, valid_batch_size=5, lr=0.01, swa_lr=0.001, weight_decay=5e-07, amsgrad=True, scheduler='ReduceLROnPlateau', lr_factor=0.8, scheduler_patience=50, lr_scheduler_gamma=0.9993, swa=False, start_swa=None, ema=True, ema_decay=0.99, max_num_epochs=1500, patience=2048, foundation_model=None, foundation_model_readout=True, eval_interval=2, keep_checkpoints=False, save_all_checkpoints=False, restart_latest=False, save_cpu=False, clip_grad=10.0, wandb=False, wandb_dir=None, wandb_project='', wandb_entity='', wandb_name='', wandb_log_hypers=['num_channels', 'max_L', 'correlation', 'lr', 'swa_lr', 'weight_decay', 'batch_size', 'max_num_epochs', 'start_swa', 'energy_weight', 'forces_weight'])
2024-06-29 22:52:00.846 INFO: CUDA version: 11.8, CUDA device: 0
2024-06-29 22:52:01.478 INFO: Error accessing Git repository: /gpfs/home/whuustcgroup/qxming/work/mace/model/3BPA
2024-06-29 22:52:01.685 INFO: Since ASE version 3.23.0b1, using energy_key 'energy' is no longer safe when communicating between MACE and ASE. We recommend using a different key, rewriting energies to 'REF_energy'. You need to use --energy_key='REF_energy', to tell the key name chosen.
2024-06-29 22:52:01.741 INFO: Since ASE version 3.23.0b1, using forces_key 'forces' is no longer safe when communicating between MACE and ASE. We recommend using a different key, rewriting energies to 'REF_forces'. You need to use --forces_key='REF_forces', to tell the key name chosen.
2024-06-29 22:52:01.795 INFO: Since ASE version 3.23.0b1, using stress_key 'stress' is no longer safe when communicating between MACE and ASE. We recommend using a different key, rewriting energies to 'REF_stress'. You need to use --stress_key='REF_stress', to tell the key name chosen.
2024-06-29 22:52:01.805 INFO: Loaded 500 training configurations from './dataset/train_300K.xyz'
2024-06-29 22:52:01.805 INFO: Using random 10.0% of training set for validation
2024-06-29 22:52:02.337 INFO: Since ASE version 3.23.0b1, using energy_key 'energy' is no longer safe when communicating between MACE and ASE. We recommend using a different key, rewriting energies to 'REF_energy'. You need to use --energy_key='REF_energy', to tell the key name chosen.
2024-06-29 22:52:02.519 INFO: Since ASE version 3.23.0b1, using forces_key 'forces' is no longer safe when communicating between MACE and ASE. We recommend using a different key, rewriting energies to 'REF_forces'. You need to use --forces_key='REF_forces', to tell the key name chosen.
2024-06-29 22:52:02.706 INFO: Since ASE version 3.23.0b1, using stress_key 'stress' is no longer safe when communicating between MACE and ASE. We recommend using a different key, rewriting energies to 'REF_stress'. You need to use --stress_key='REF_stress', to tell the key name chosen.
2024-06-29 22:52:02.738 INFO: Loaded 1669 test configurations from './dataset/test_300K.xyz'
2024-06-29 22:52:02.738 INFO: Total number of configurations: train=450, valid=50, tests=[Default: 1669]
2024-06-29 22:52:02.740 INFO: AtomicNumberTable: (1, 6, 7, 8)
2024-06-29 22:52:02.740 INFO: Atomic Energies not in training file, using command line argument E0s
2024-06-29 22:52:02.740 INFO: Atomic energies: [-13.587222780835477, -1029.4889999855063, -1484.9814568572233, -2041.9816003861047]
2024-06-29 22:52:03.229 INFO: EnergyForcesLoss(energy_weight=1.000, forces_weight=1000.000)
2024-06-29 22:52:13.450 INFO: Average number of neighbors: 16.714567901234567
2024-06-29 22:52:13.451 INFO: Selected the following outputs: {'energy': True, 'forces': True, 'virials': False, 'stress': False, 'dipoles': False}
2024-06-29 22:52:13.746 INFO: Building model
2024-06-29 22:52:13.754 INFO: Hidden irreps: 256x0e+256x1o+256x2e
2024-06-29 22:52:15.719 INFO: ScaleShiftMACE(
  (node_embedding): LinearNodeEmbeddingBlock(
    (linear): Linear(4x0e -> 256x0e | 1024 weights)
  )
  (radial_embedding): RadialEmbeddingBlock(
    (bessel_fn): BesselBasis(r_max=5.0, num_basis=8, trainable=False)
    (cutoff_fn): PolynomialCutoff(p=5.0, r_max=5.0)
  )
  (spherical_harmonics): SphericalHarmonics()
  (atomic_energies_fn): AtomicEnergiesBlock(energies=[-13.5872, -1029.4890, -1484.9815, -2041.9816])
  (interactions): ModuleList(
    (0): RealAgnosticResidualInteractionBlock(
      (linear_up): Linear(256x0e -> 256x0e | 65536 weights)
      (conv_tp): TensorProduct(256x0e x 1x0e+1x1o+1x2e+1x3o -> 256x0e+256x1o+256x2e+256x3o | 1024 paths | 1024 weights)
      (conv_tp_weights): FullyConnectedNet[8, 64, 64, 64, 1024]
      (linear): Linear(256x0e+256x1o+256x2e+256x3o -> 256x0e+256x1o+256x2e+256x3o | 262144 weights)
      (skip_tp): FullyConnectedTensorProduct(256x0e x 4x0e -> 256x0e+256x1o+256x2e | 262144 paths | 262144 weights)
      (reshape): reshape_irreps()
    )
    (1): RealAgnosticResidualInteractionBlock(
      (linear_up): Linear(256x0e+256x1o+256x2e -> 256x0e+256x1o+256x2e | 196608 weights)
      (conv_tp): TensorProduct(256x0e+256x1o+256x2e x 1x0e+1x1o+1x2e+1x3o -> 768x0e+1280x1o+1280x2e+1024x3o | 4352 paths | 4352 weights)
      (conv_tp_weights): FullyConnectedNet[8, 64, 64, 64, 4352]
      (linear): Linear(768x0e+1280x1o+1280x2e+1024x3o -> 256x0e+256x1o+256x2e+256x3o | 1114112 weights)
      (skip_tp): FullyConnectedTensorProduct(256x0e+256x1o+256x2e x 4x0e -> 256x0e | 262144 paths | 262144 weights)
      (reshape): reshape_irreps()
    )
  )
  (products): ModuleList(
    (0): EquivariantProductBasisBlock(
      (symmetric_contractions): SymmetricContraction(
        (contractions): ModuleList(
          (0): Contraction(
            (contractions_weighting): ModuleList(
              (0-1): 2 x GraphModule()
            )
            (contractions_features): ModuleList(
              (0-1): 2 x GraphModule()
            )
            (weights): ParameterList(
                (0): Parameter containing: [torch.float64 of size 4x4x256 (cuda:0)]
                (1): Parameter containing: [torch.float64 of size 4x1x256 (cuda:0)]
            )
            (graph_opt_main): GraphModule()
          )
          (1): Contraction(
            (contractions_weighting): ModuleList(
              (0-1): 2 x GraphModule()
            )
            (contractions_features): ModuleList(
              (0-1): 2 x GraphModule()
            )
            (weights): ParameterList(
                (0): Parameter containing: [torch.float64 of size 4x6x256 (cuda:0)]
                (1): Parameter containing: [torch.float64 of size 4x1x256 (cuda:0)]
            )
            (graph_opt_main): GraphModule()
          )
          (2): Contraction(
            (contractions_weighting): ModuleList(
              (0-1): 2 x GraphModule()
            )
            (contractions_features): ModuleList(
              (0-1): 2 x GraphModule()
            )
            (weights): ParameterList(
                (0): Parameter containing: [torch.float64 of size 4x7x256 (cuda:0)]
                (1): Parameter containing: [torch.float64 of size 4x1x256 (cuda:0)]
            )
            (graph_opt_main): GraphModule()
          )
        )
      )
      (linear): Linear(256x0e+256x1o+256x2e -> 256x0e+256x1o+256x2e | 196608 weights)
    )
    (1): EquivariantProductBasisBlock(
      (symmetric_contractions): SymmetricContraction(
        (contractions): ModuleList(
          (0): Contraction(
            (contractions_weighting): ModuleList(
              (0-1): 2 x GraphModule()
            )
            (contractions_features): ModuleList(
              (0-1): 2 x GraphModule()
            )
            (weights): ParameterList(
                (0): Parameter containing: [torch.float64 of size 4x4x256 (cuda:0)]
                (1): Parameter containing: [torch.float64 of size 4x1x256 (cuda:0)]
            )
            (graph_opt_main): GraphModule()
          )
        )
      )
      (linear): Linear(256x0e -> 256x0e | 65536 weights)
    )
  )
  (readouts): ModuleList(
    (0): LinearReadoutBlock(
      (linear): Linear(256x0e+256x1o+256x2e -> 1x0e | 256 weights)
    )
    (1): NonLinearReadoutBlock(
      (linear_1): Linear(256x0e -> 16x0e | 4096 weights)
      (non_linearity): Activation [x] (16x0e -> 16x0e)
      (linear_2): Linear(16x0e -> 1x0e | 16 weights)
    )
  )
  (scale_shift): ScaleShiftBlock(scale=0.946102, shift=-4.873118)
)
2024-06-29 22:52:15.723 INFO: Number of parameters: 2983184
2024-06-29 22:52:15.723 INFO: Optimizer: Adam (
Parameter Group 0
    amsgrad: True
    betas: (0.9, 0.999)
    capturable: False
    differentiable: False
    eps: 1e-08
    foreach: None
    fused: None
    lr: 0.01
    maximize: False
    name: embedding
    weight_decay: 0.0

Parameter Group 1
    amsgrad: True
    betas: (0.9, 0.999)
    capturable: False
    differentiable: False
    eps: 1e-08
    foreach: None
    fused: None
    lr: 0.01
    maximize: False
    name: interactions_decay
    weight_decay: 5e-07

Parameter Group 2
    amsgrad: True
    betas: (0.9, 0.999)
    capturable: False
    differentiable: False
    eps: 1e-08
    foreach: None
    fused: None
    lr: 0.01
    maximize: False
    name: interactions_no_decay
    weight_decay: 0.0

Parameter Group 3
    amsgrad: True
    betas: (0.9, 0.999)
    capturable: False
    differentiable: False
    eps: 1e-08
    foreach: None
    fused: None
    lr: 0.01
    maximize: False
    name: products
    weight_decay: 5e-07

Parameter Group 4
    amsgrad: True
    betas: (0.9, 0.999)
    capturable: False
    differentiable: False
    eps: 1e-08
    foreach: None
    fused: None
    lr: 0.01
    maximize: False
    name: readouts
    weight_decay: 0.0
)
2024-06-29 22:52:15.723 INFO: Using gradient clipping with tolerance=10.000
2024-06-29 22:52:15.723 INFO: Started training
2024-06-29 22:52:29.868 INFO: Epoch None: loss=953.5085, RMSE_E=4529.1 meV, RMSE_F=965.9 meV / A
2024-06-29 22:52:49.882 INFO: Epoch 0: loss=58.0622, RMSE_E=469.5 meV, RMSE_F=240.5 meV / A
2024-06-29 22:53:08.792 INFO: Epoch 2: loss=10.1213, RMSE_E=60.4 meV, RMSE_F=100.6 meV / A
2024-06-29 22:53:27.932 INFO: Epoch 4: loss=5.2875, RMSE_E=63.7 meV, RMSE_F=72.7 meV / A
2024-06-29 22:53:46.856 INFO: Epoch 6: loss=3.5146, RMSE_E=30.6 meV, RMSE_F=59.3 meV / A
2024-06-29 22:54:05.757 INFO: Epoch 8: loss=2.6591, RMSE_E=32.2 meV, RMSE_F=51.6 meV / A
2024-06-29 22:54:24.628 INFO: Epoch 10: loss=2.1073, RMSE_E=39.1 meV, RMSE_F=45.9 meV / A
2024-06-29 22:54:43.512 INFO: Epoch 12: loss=1.7086, RMSE_E=26.4 meV, RMSE_F=41.3 meV / A
2024-06-29 22:55:02.382 INFO: Epoch 14: loss=1.3914, RMSE_E=29.6 meV, RMSE_F=37.3 meV / A
2024-06-29 22:55:21.252 INFO: Epoch 16: loss=1.1629, RMSE_E=48.5 meV, RMSE_F=34.1 meV / A
2024-06-29 22:55:40.125 INFO: Epoch 18: loss=1.0596, RMSE_E=29.1 meV, RMSE_F=32.5 meV / A
2024-06-29 22:55:58.966 INFO: Epoch 20: loss=0.9186, RMSE_E=22.7 meV, RMSE_F=30.3 meV / A
2024-06-29 22:56:17.793 INFO: Epoch 22: loss=0.8619, RMSE_E=24.7 meV, RMSE_F=29.3 meV / A
2024-06-29 22:56:36.653 INFO: Epoch 24: loss=0.7663, RMSE_E=23.2 meV, RMSE_F=27.7 meV / A
2024-06-29 22:56:55.521 INFO: Epoch 26: loss=0.6930, RMSE_E=20.5 meV, RMSE_F=26.3 meV / A
2024-06-29 22:57:14.351 INFO: Epoch 28: loss=0.6372, RMSE_E=18.4 meV, RMSE_F=25.2 meV / A
2024-06-29 22:57:33.197 INFO: Epoch 30: loss=0.5954, RMSE_E=18.3 meV, RMSE_F=24.4 meV / A
2024-06-29 22:57:52.041 INFO: Epoch 32: loss=0.5670, RMSE_E=16.2 meV, RMSE_F=23.8 meV / A
2024-06-29 22:58:10.913 INFO: Epoch 34: loss=0.5250, RMSE_E=18.0 meV, RMSE_F=22.9 meV / A
2024-06-29 22:58:29.778 INFO: Epoch 36: loss=0.5190, RMSE_E=18.8 meV, RMSE_F=22.8 meV / A
2024-06-29 22:58:48.615 INFO: Epoch 38: loss=0.4911, RMSE_E=18.1 meV, RMSE_F=22.2 meV / A
2024-06-29 22:59:07.485 INFO: Epoch 40: loss=0.4576, RMSE_E=14.5 meV, RMSE_F=21.4 meV / A
2024-06-29 22:59:26.327 INFO: Epoch 42: loss=0.4331, RMSE_E=13.9 meV, RMSE_F=20.8 meV / A
2024-06-29 22:59:45.174 INFO: Epoch 44: loss=0.4213, RMSE_E=21.2 meV, RMSE_F=20.5 meV / A
2024-06-29 23:00:04.019 INFO: Epoch 46: loss=0.4016, RMSE_E=15.1 meV, RMSE_F=20.0 meV / A
2024-06-29 23:00:22.894 INFO: Epoch 48: loss=0.3777, RMSE_E=15.9 meV, RMSE_F=19.4 meV / A
2024-06-29 23:00:41.758 INFO: Epoch 50: loss=0.3656, RMSE_E=13.0 meV, RMSE_F=19.1 meV / A
2024-06-29 23:01:00.571 INFO: Epoch 52: loss=0.3640, RMSE_E=14.3 meV, RMSE_F=19.1 meV / A
2024-06-29 23:01:19.430 INFO: Epoch 54: loss=0.3459, RMSE_E=13.0 meV, RMSE_F=18.6 meV / A
2024-06-29 23:01:38.288 INFO: Epoch 56: loss=0.3428, RMSE_E=12.9 meV, RMSE_F=18.5 meV / A
2024-06-29 23:01:57.166 INFO: Epoch 58: loss=0.3287, RMSE_E=12.8 meV, RMSE_F=18.1 meV / A
2024-06-29 23:02:16.028 INFO: Epoch 60: loss=0.3226, RMSE_E=12.8 meV, RMSE_F=18.0 meV / A
2024-06-29 23:02:34.905 INFO: Epoch 62: loss=0.3155, RMSE_E=12.8 meV, RMSE_F=17.8 meV / A
2024-06-29 23:02:53.777 INFO: Epoch 64: loss=0.3047, RMSE_E=12.2 meV, RMSE_F=17.5 meV / A
2024-06-29 23:03:12.628 INFO: Epoch 66: loss=0.3042, RMSE_E=12.5 meV, RMSE_F=17.4 meV / A
2024-06-29 23:03:31.475 INFO: Epoch 68: loss=0.2905, RMSE_E=11.4 meV, RMSE_F=17.0 meV / A
2024-06-29 23:03:50.331 INFO: Epoch 70: loss=0.2837, RMSE_E=10.9 meV, RMSE_F=16.8 meV / A
2024-06-29 23:04:09.205 INFO: Epoch 72: loss=0.2723, RMSE_E=10.4 meV, RMSE_F=16.5 meV / A
2024-06-29 23:04:28.403 INFO: Epoch 74: loss=0.2754, RMSE_E=11.5 meV, RMSE_F=16.6 meV / A
2024-06-29 23:04:47.171 INFO: Epoch 76: loss=0.2645, RMSE_E=11.5 meV, RMSE_F=16.3 meV / A
2024-06-29 23:05:06.048 INFO: Epoch 78: loss=0.2528, RMSE_E=10.3 meV, RMSE_F=15.9 meV / A
2024-06-29 23:05:25.009 INFO: Epoch 80: loss=0.2484, RMSE_E=11.3 meV, RMSE_F=15.8 meV / A
2024-06-29 23:05:44.122 INFO: Epoch 82: loss=0.2458, RMSE_E=11.0 meV, RMSE_F=15.7 meV / A
2024-06-29 23:06:03.033 INFO: Epoch 84: loss=0.2353, RMSE_E=11.1 meV, RMSE_F=15.3 meV / A
2024-06-29 23:06:22.177 INFO: Epoch 86: loss=0.2293, RMSE_E=9.5 meV, RMSE_F=15.1 meV / A
2024-06-29 23:06:41.052 INFO: Epoch 88: loss=0.2321, RMSE_E=9.6 meV, RMSE_F=15.2 meV / A
2024-06-29 23:06:59.843 INFO: Epoch 90: loss=0.2317, RMSE_E=9.5 meV, RMSE_F=15.2 meV / A
2024-06-29 23:07:18.607 INFO: Epoch 92: loss=0.2244, RMSE_E=10.8 meV, RMSE_F=15.0 meV / A
2024-06-29 23:07:37.494 INFO: Epoch 94: loss=0.2193, RMSE_E=9.6 meV, RMSE_F=14.8 meV / A
2024-06-29 23:07:56.381 INFO: Epoch 96: loss=0.2216, RMSE_E=8.8 meV, RMSE_F=14.9 meV / A
2024-06-29 23:08:15.172 INFO: Epoch 98: loss=0.2157, RMSE_E=8.9 meV, RMSE_F=14.7 meV / A
2024-06-29 23:08:34.056 INFO: Epoch 100: loss=0.2124, RMSE_E=8.5 meV, RMSE_F=14.6 meV / A
2024-06-29 23:08:52.930 INFO: Epoch 102: loss=0.2069, RMSE_E=9.9 meV, RMSE_F=14.4 meV / A
2024-06-29 23:09:11.822 INFO: Epoch 104: loss=0.2050, RMSE_E=8.8 meV, RMSE_F=14.3 meV / A
2024-06-29 23:09:30.702 INFO: Epoch 106: loss=0.2024, RMSE_E=8.3 meV, RMSE_F=14.2 meV / A
2024-06-29 23:09:49.576 INFO: Epoch 108: loss=0.2011, RMSE_E=8.6 meV, RMSE_F=14.2 meV / A
2024-06-29 23:10:08.456 INFO: Epoch 110: loss=0.1971, RMSE_E=8.7 meV, RMSE_F=14.0 meV / A
2024-06-29 23:10:27.330 INFO: Epoch 112: loss=0.1917, RMSE_E=8.1 meV, RMSE_F=13.8 meV / A
2024-06-29 23:10:46.212 INFO: Epoch 114: loss=0.1864, RMSE_E=7.6 meV, RMSE_F=13.6 meV / A
2024-06-29 23:11:05.068 INFO: Epoch 116: loss=0.1847, RMSE_E=7.6 meV, RMSE_F=13.6 meV / A
2024-06-29 23:11:23.915 INFO: Epoch 118: loss=0.1831, RMSE_E=8.0 meV, RMSE_F=13.5 meV / A
2024-06-29 23:11:42.885 INFO: Epoch 120: loss=0.1852, RMSE_E=7.9 meV, RMSE_F=13.6 meV / A
2024-06-29 23:12:01.665 INFO: Epoch 122: loss=0.1810, RMSE_E=7.6 meV, RMSE_F=13.4 meV / A
2024-06-29 23:12:20.717 INFO: Epoch 124: loss=0.1795, RMSE_E=7.6 meV, RMSE_F=13.4 meV / A
2024-06-29 23:12:39.561 INFO: Epoch 126: loss=0.1757, RMSE_E=6.9 meV, RMSE_F=13.3 meV / A
2024-06-29 23:12:58.449 INFO: Epoch 128: loss=0.1724, RMSE_E=7.1 meV, RMSE_F=13.1 meV / A
2024-06-29 23:13:17.303 INFO: Epoch 130: loss=0.1724, RMSE_E=6.6 meV, RMSE_F=13.1 meV / A
2024-06-29 23:13:36.163 INFO: Epoch 132: loss=0.1717, RMSE_E=6.5 meV, RMSE_F=13.1 meV / A
2024-06-29 23:13:55.050 INFO: Epoch 134: loss=0.1690, RMSE_E=6.8 meV, RMSE_F=13.0 meV / A
2024-06-29 23:14:13.900 INFO: Epoch 136: loss=0.1677, RMSE_E=6.5 meV, RMSE_F=12.9 meV / A
2024-06-29 23:14:32.771 INFO: Epoch 138: loss=0.1660, RMSE_E=6.5 meV, RMSE_F=12.9 meV / A
2024-06-29 23:14:51.631 INFO: Epoch 140: loss=0.1616, RMSE_E=6.7 meV, RMSE_F=12.7 meV / A
2024-06-29 23:15:10.491 INFO: Epoch 142: loss=0.1621, RMSE_E=6.5 meV, RMSE_F=12.7 meV / A
2024-06-29 23:15:29.242 INFO: Epoch 144: loss=0.1577, RMSE_E=6.2 meV, RMSE_F=12.6 meV / A
2024-06-29 23:15:48.080 INFO: Epoch 146: loss=0.1557, RMSE_E=6.5 meV, RMSE_F=12.5 meV / A
2024-06-29 23:16:06.912 INFO: Epoch 148: loss=0.1564, RMSE_E=6.3 meV, RMSE_F=12.5 meV / A
2024-06-29 23:16:25.645 INFO: Epoch 150: loss=0.1559, RMSE_E=5.8 meV, RMSE_F=12.5 meV / A
2024-06-29 23:16:44.403 INFO: Epoch 152: loss=0.1566, RMSE_E=5.8 meV, RMSE_F=12.5 meV / A
2024-06-29 23:17:03.135 INFO: Epoch 154: loss=0.1539, RMSE_E=5.7 meV, RMSE_F=12.4 meV / A
2024-06-29 23:17:22.127 INFO: Epoch 156: loss=0.1533, RMSE_E=6.2 meV, RMSE_F=12.4 meV / A
2024-06-29 23:17:41.273 INFO: Epoch 158: loss=0.1499, RMSE_E=5.9 meV, RMSE_F=12.2 meV / A
2024-06-29 23:18:00.205 INFO: Epoch 160: loss=0.1494, RMSE_E=6.0 meV, RMSE_F=12.2 meV / A
2024-06-29 23:18:19.120 INFO: Epoch 162: loss=0.1510, RMSE_E=5.7 meV, RMSE_F=12.3 meV / A
2024-06-29 23:18:37.922 INFO: Epoch 164: loss=0.1513, RMSE_E=5.4 meV, RMSE_F=12.3 meV / A
2024-06-29 23:18:56.695 INFO: Epoch 166: loss=0.1495, RMSE_E=5.9 meV, RMSE_F=12.2 meV / A
2024-06-29 23:19:15.459 INFO: Epoch 168: loss=0.1494, RMSE_E=5.8 meV, RMSE_F=12.2 meV / A
2024-06-29 23:19:34.323 INFO: Epoch 170: loss=0.1470, RMSE_E=5.7 meV, RMSE_F=12.1 meV / A
2024-06-29 23:19:53.207 INFO: Epoch 172: loss=0.1451, RMSE_E=5.6 meV, RMSE_F=12.0 meV / A
2024-06-29 23:20:12.069 INFO: Epoch 174: loss=0.1431, RMSE_E=5.5 meV, RMSE_F=12.0 meV / A
2024-06-29 23:20:30.938 INFO: Epoch 176: loss=0.1414, RMSE_E=5.3 meV, RMSE_F=11.9 meV / A
2024-06-29 23:20:49.789 INFO: Epoch 178: loss=0.1437, RMSE_E=5.3 meV, RMSE_F=12.0 meV / A
2024-06-29 23:21:08.594 INFO: Epoch 180: loss=0.1419, RMSE_E=5.3 meV, RMSE_F=11.9 meV / A
2024-06-29 23:21:27.373 INFO: Epoch 182: loss=0.1424, RMSE_E=5.3 meV, RMSE_F=11.9 meV / A
2024-06-29 23:21:46.159 INFO: Epoch 184: loss=0.1425, RMSE_E=5.1 meV, RMSE_F=11.9 meV / A
2024-06-29 23:22:04.939 INFO: Epoch 186: loss=0.1402, RMSE_E=4.9 meV, RMSE_F=11.8 meV / A
2024-06-29 23:22:23.820 INFO: Epoch 188: loss=0.1367, RMSE_E=4.8 meV, RMSE_F=11.7 meV / A
2024-06-29 23:22:42.704 INFO: Epoch 190: loss=0.1357, RMSE_E=4.8 meV, RMSE_F=11.6 meV / A
2024-06-29 23:23:01.607 INFO: Epoch 192: loss=0.1340, RMSE_E=4.8 meV, RMSE_F=11.6 meV / A
2024-06-29 23:23:20.480 INFO: Epoch 194: loss=0.1350, RMSE_E=4.8 meV, RMSE_F=11.6 meV / A
2024-06-29 23:23:39.248 INFO: Epoch 196: loss=0.1349, RMSE_E=4.9 meV, RMSE_F=11.6 meV / A
2024-06-29 23:23:57.995 INFO: Epoch 198: loss=0.1333, RMSE_E=4.7 meV, RMSE_F=11.5 meV / A
2024-06-29 23:24:17.077 INFO: Epoch 200: loss=0.1315, RMSE_E=4.6 meV, RMSE_F=11.5 meV / A
2024-06-29 23:24:35.984 INFO: Epoch 202: loss=0.1359, RMSE_E=4.7 meV, RMSE_F=11.7 meV / A
2024-06-29 23:24:54.774 INFO: Epoch 204: loss=0.1354, RMSE_E=5.0 meV, RMSE_F=11.6 meV / A
2024-06-29 23:25:13.520 INFO: Epoch 206: loss=0.1336, RMSE_E=4.7 meV, RMSE_F=11.6 meV / A
2024-06-29 23:25:32.290 INFO: Epoch 208: loss=0.1356, RMSE_E=4.4 meV, RMSE_F=11.6 meV / A
2024-06-29 23:25:51.088 INFO: Epoch 210: loss=0.1331, RMSE_E=4.6 meV, RMSE_F=11.5 meV / A
2024-06-29 23:26:09.875 INFO: Epoch 212: loss=0.1317, RMSE_E=4.7 meV, RMSE_F=11.5 meV / A
2024-06-29 23:26:28.666 INFO: Epoch 214: loss=0.1312, RMSE_E=4.5 meV, RMSE_F=11.5 meV / A
2024-06-29 23:26:47.565 INFO: Epoch 216: loss=0.1309, RMSE_E=4.6 meV, RMSE_F=11.4 meV / A
2024-06-29 23:27:06.426 INFO: Epoch 218: loss=0.1296, RMSE_E=4.7 meV, RMSE_F=11.4 meV / A
2024-06-29 23:27:25.390 INFO: Epoch 220: loss=0.1286, RMSE_E=4.5 meV, RMSE_F=11.3 meV / A
2024-06-29 23:27:44.313 INFO: Epoch 222: loss=0.1289, RMSE_E=4.4 meV, RMSE_F=11.4 meV / A
2024-06-29 23:28:03.092 INFO: Epoch 224: loss=0.1266, RMSE_E=4.3 meV, RMSE_F=11.3 meV / A
2024-06-29 23:28:21.975 INFO: Epoch 226: loss=0.1262, RMSE_E=4.4 meV, RMSE_F=11.2 meV / A
2024-06-29 23:28:40.844 INFO: Epoch 228: loss=0.1260, RMSE_E=4.4 meV, RMSE_F=11.2 meV / A
2024-06-29 23:28:59.739 INFO: Epoch 230: loss=0.1257, RMSE_E=4.4 meV, RMSE_F=11.2 meV / A
2024-06-29 23:29:18.611 INFO: Epoch 232: loss=0.1265, RMSE_E=4.3 meV, RMSE_F=11.2 meV / A
2024-06-29 23:29:37.380 INFO: Epoch 234: loss=0.1260, RMSE_E=4.1 meV, RMSE_F=11.2 meV / A
2024-06-29 23:29:56.150 INFO: Epoch 236: loss=0.1240, RMSE_E=4.1 meV, RMSE_F=11.1 meV / A
2024-06-29 23:30:15.053 INFO: Epoch 238: loss=0.1239, RMSE_E=4.2 meV, RMSE_F=11.1 meV / A
2024-06-29 23:30:33.957 INFO: Epoch 240: loss=0.1242, RMSE_E=4.2 meV, RMSE_F=11.1 meV / A
2024-06-29 23:30:52.726 INFO: Epoch 242: loss=0.1245, RMSE_E=4.0 meV, RMSE_F=11.2 meV / A
2024-06-29 23:31:11.535 INFO: Epoch 244: loss=0.1241, RMSE_E=4.2 meV, RMSE_F=11.1 meV / A
2024-06-29 23:31:30.323 INFO: Epoch 246: loss=0.1232, RMSE_E=4.1 meV, RMSE_F=11.1 meV / A
2024-06-29 23:31:49.204 INFO: Epoch 248: loss=0.1238, RMSE_E=4.1 meV, RMSE_F=11.1 meV / A
2024-06-29 23:32:08.024 INFO: Epoch 250: loss=0.1219, RMSE_E=4.1 meV, RMSE_F=11.0 meV / A
2024-06-29 23:32:26.916 INFO: Epoch 252: loss=0.1209, RMSE_E=4.0 meV, RMSE_F=11.0 meV / A
2024-06-29 23:32:45.994 INFO: Epoch 254: loss=0.1199, RMSE_E=3.9 meV, RMSE_F=10.9 meV / A
2024-06-29 23:33:04.854 INFO: Epoch 256: loss=0.1188, RMSE_E=4.0 meV, RMSE_F=10.9 meV / A
2024-06-29 23:33:23.731 INFO: Epoch 258: loss=0.1212, RMSE_E=3.8 meV, RMSE_F=11.0 meV / A
2024-06-29 23:33:42.498 INFO: Epoch 260: loss=0.1210, RMSE_E=3.9 meV, RMSE_F=11.0 meV / A
2024-06-29 23:34:01.273 INFO: Epoch 262: loss=0.1210, RMSE_E=4.0 meV, RMSE_F=11.0 meV / A
2024-06-29 23:34:20.025 INFO: Epoch 264: loss=0.1212, RMSE_E=3.8 meV, RMSE_F=11.0 meV / A
2024-06-29 23:34:38.782 INFO: Epoch 266: loss=0.1204, RMSE_E=4.0 meV, RMSE_F=11.0 meV / A
2024-06-29 23:34:57.541 INFO: Epoch 268: loss=0.1176, RMSE_E=4.0 meV, RMSE_F=10.8 meV / A
2024-06-29 23:35:16.435 INFO: Epoch 270: loss=0.1169, RMSE_E=3.9 meV, RMSE_F=10.8 meV / A
2024-06-29 23:35:35.326 INFO: Epoch 272: loss=0.1176, RMSE_E=3.7 meV, RMSE_F=10.8 meV / A
2024-06-29 23:35:54.093 INFO: Epoch 274: loss=0.1182, RMSE_E=4.0 meV, RMSE_F=10.9 meV / A
2024-06-29 23:36:12.861 INFO: Epoch 276: loss=0.1167, RMSE_E=3.8 meV, RMSE_F=10.8 meV / A
2024-06-29 23:36:31.741 INFO: Epoch 278: loss=0.1165, RMSE_E=3.8 meV, RMSE_F=10.8 meV / A
2024-06-29 23:36:50.621 INFO: Epoch 280: loss=0.1158, RMSE_E=3.7 meV, RMSE_F=10.8 meV / A
2024-06-29 23:37:09.486 INFO: Epoch 282: loss=0.1164, RMSE_E=3.8 meV, RMSE_F=10.8 meV / A
2024-06-29 23:37:28.255 INFO: Epoch 284: loss=0.1164, RMSE_E=3.7 meV, RMSE_F=10.8 meV / A
2024-06-29 23:37:47.059 INFO: Epoch 286: loss=0.1186, RMSE_E=3.6 meV, RMSE_F=10.9 meV / A
2024-06-29 23:38:05.832 INFO: Epoch 288: loss=0.1161, RMSE_E=3.7 meV, RMSE_F=10.8 meV / A
2024-06-29 23:38:24.610 INFO: Epoch 290: loss=0.1163, RMSE_E=3.6 meV, RMSE_F=10.8 meV / A
2024-06-29 23:38:43.382 INFO: Epoch 292: loss=0.1157, RMSE_E=3.6 meV, RMSE_F=10.8 meV / A
2024-06-29 23:39:02.260 INFO: Epoch 294: loss=0.1166, RMSE_E=3.8 meV, RMSE_F=10.8 meV / A
2024-06-29 23:39:21.046 INFO: Epoch 296: loss=0.1158, RMSE_E=3.7 meV, RMSE_F=10.8 meV / A
2024-06-29 23:39:39.802 INFO: Epoch 298: loss=0.1142, RMSE_E=3.6 meV, RMSE_F=10.7 meV / A
2024-06-29 23:39:58.682 INFO: Epoch 300: loss=0.1160, RMSE_E=3.6 meV, RMSE_F=10.8 meV / A
2024-06-29 23:40:17.443 INFO: Epoch 302: loss=0.1151, RMSE_E=3.7 meV, RMSE_F=10.7 meV / A
2024-06-29 23:40:36.209 INFO: Epoch 304: loss=0.1158, RMSE_E=3.6 meV, RMSE_F=10.8 meV / A
2024-06-29 23:40:54.951 INFO: Epoch 306: loss=0.1153, RMSE_E=3.7 meV, RMSE_F=10.7 meV / A
2024-06-29 23:41:13.742 INFO: Epoch 308: loss=0.1143, RMSE_E=3.5 meV, RMSE_F=10.7 meV / A
2024-06-29 23:41:32.548 INFO: Epoch 310: loss=0.1153, RMSE_E=3.6 meV, RMSE_F=10.7 meV / A
2024-06-29 23:41:51.314 INFO: Epoch 312: loss=0.1137, RMSE_E=3.4 meV, RMSE_F=10.7 meV / A
2024-06-29 23:42:10.209 INFO: Epoch 314: loss=0.1136, RMSE_E=3.4 meV, RMSE_F=10.7 meV / A
2024-06-29 23:42:29.116 INFO: Epoch 316: loss=0.1125, RMSE_E=3.5 meV, RMSE_F=10.6 meV / A
2024-06-29 23:42:48.000 INFO: Epoch 318: loss=0.1131, RMSE_E=3.5 meV, RMSE_F=10.6 meV / A
2024-06-29 23:43:06.793 INFO: Epoch 320: loss=0.1123, RMSE_E=3.5 meV, RMSE_F=10.6 meV / A
2024-06-29 23:43:25.697 INFO: Epoch 322: loss=0.1115, RMSE_E=3.4 meV, RMSE_F=10.6 meV / A
2024-06-29 23:43:44.559 INFO: Epoch 324: loss=0.1120, RMSE_E=3.4 meV, RMSE_F=10.6 meV / A
2024-06-29 23:44:03.334 INFO: Epoch 326: loss=0.1112, RMSE_E=3.5 meV, RMSE_F=10.5 meV / A
2024-06-29 23:44:22.219 INFO: Epoch 328: loss=0.1126, RMSE_E=3.5 meV, RMSE_F=10.6 meV / A
2024-06-29 23:44:41.002 INFO: Epoch 330: loss=0.1126, RMSE_E=3.3 meV, RMSE_F=10.6 meV / A
2024-06-29 23:44:59.773 INFO: Epoch 332: loss=0.1124, RMSE_E=3.4 meV, RMSE_F=10.6 meV / A
2024-06-29 23:45:18.545 INFO: Epoch 334: loss=0.1120, RMSE_E=3.5 meV, RMSE_F=10.6 meV / A
2024-06-29 23:45:37.293 INFO: Epoch 336: loss=0.1112, RMSE_E=3.4 meV, RMSE_F=10.5 meV / A
2024-06-29 23:45:56.076 INFO: Epoch 338: loss=0.1108, RMSE_E=3.4 meV, RMSE_F=10.5 meV / A
2024-06-29 23:46:14.950 INFO: Epoch 340: loss=0.1112, RMSE_E=3.3 meV, RMSE_F=10.5 meV / A
2024-06-29 23:46:33.725 INFO: Epoch 342: loss=0.1101, RMSE_E=3.3 meV, RMSE_F=10.5 meV / A
2024-06-29 23:46:52.616 INFO: Epoch 344: loss=0.1101, RMSE_E=3.4 meV, RMSE_F=10.5 meV / A
2024-06-29 23:47:11.395 INFO: Epoch 346: loss=0.1103, RMSE_E=3.4 meV, RMSE_F=10.5 meV / A
2024-06-29 23:47:30.195 INFO: Epoch 348: loss=0.1097, RMSE_E=3.3 meV, RMSE_F=10.5 meV / A
2024-06-29 23:47:49.089 INFO: Epoch 350: loss=0.1095, RMSE_E=3.4 meV, RMSE_F=10.5 meV / A
2024-06-29 23:48:07.976 INFO: Epoch 352: loss=0.1092, RMSE_E=3.4 meV, RMSE_F=10.4 meV / A
2024-06-29 23:48:26.869 INFO: Epoch 354: loss=0.1097, RMSE_E=3.5 meV, RMSE_F=10.5 meV / A
2024-06-29 23:48:45.625 INFO: Epoch 356: loss=0.1083, RMSE_E=3.4 meV, RMSE_F=10.4 meV / A
2024-06-29 23:49:04.532 INFO: Epoch 358: loss=0.1080, RMSE_E=3.3 meV, RMSE_F=10.4 meV / A
2024-06-29 23:49:23.422 INFO: Epoch 360: loss=0.1091, RMSE_E=3.2 meV, RMSE_F=10.4 meV / A
2024-06-29 23:49:42.210 INFO: Epoch 362: loss=0.1099, RMSE_E=3.2 meV, RMSE_F=10.5 meV / A
2024-06-29 23:50:01.000 INFO: Epoch 364: loss=0.1092, RMSE_E=3.3 meV, RMSE_F=10.5 meV / A
2024-06-29 23:50:19.786 INFO: Epoch 366: loss=0.1078, RMSE_E=3.2 meV, RMSE_F=10.4 meV / A
2024-06-29 23:50:38.665 INFO: Epoch 368: loss=0.1084, RMSE_E=3.3 meV, RMSE_F=10.4 meV / A
2024-06-29 23:50:57.423 INFO: Epoch 370: loss=0.1081, RMSE_E=3.4 meV, RMSE_F=10.4 meV / A
2024-06-29 23:51:16.185 INFO: Epoch 372: loss=0.1089, RMSE_E=3.4 meV, RMSE_F=10.4 meV / A
2024-06-29 23:51:34.972 INFO: Epoch 374: loss=0.1089, RMSE_E=3.2 meV, RMSE_F=10.4 meV / A
2024-06-29 23:51:53.753 INFO: Epoch 376: loss=0.1087, RMSE_E=3.3 meV, RMSE_F=10.4 meV / A
2024-06-29 23:52:12.523 INFO: Epoch 378: loss=0.1075, RMSE_E=3.3 meV, RMSE_F=10.4 meV / A
2024-06-29 23:52:31.400 INFO: Epoch 380: loss=0.1077, RMSE_E=3.4 meV, RMSE_F=10.4 meV / A
2024-06-29 23:52:50.195 INFO: Epoch 382: loss=0.1082, RMSE_E=3.2 meV, RMSE_F=10.4 meV / A
2024-06-29 23:53:08.986 INFO: Epoch 384: loss=0.1087, RMSE_E=3.3 meV, RMSE_F=10.4 meV / A
2024-06-29 23:53:27.778 INFO: Epoch 386: loss=0.1075, RMSE_E=3.2 meV, RMSE_F=10.4 meV / A
2024-06-29 23:53:46.589 INFO: Epoch 388: loss=0.1070, RMSE_E=3.1 meV, RMSE_F=10.3 meV / A
2024-06-29 23:54:05.471 INFO: Epoch 390: loss=0.1068, RMSE_E=3.3 meV, RMSE_F=10.3 meV / A
2024-06-29 23:54:24.352 INFO: Epoch 392: loss=0.1070, RMSE_E=3.2 meV, RMSE_F=10.3 meV / A
2024-06-29 23:54:43.118 INFO: Epoch 394: loss=0.1072, RMSE_E=3.3 meV, RMSE_F=10.4 meV / A
2024-06-29 23:55:01.882 INFO: Epoch 396: loss=0.1096, RMSE_E=3.3 meV, RMSE_F=10.5 meV / A
2024-06-29 23:55:20.672 INFO: Epoch 398: loss=0.1073, RMSE_E=3.3 meV, RMSE_F=10.4 meV / A
2024-06-29 23:55:39.416 INFO: Epoch 400: loss=0.1086, RMSE_E=3.4 meV, RMSE_F=10.4 meV / A
2024-06-29 23:55:58.209 INFO: Epoch 402: loss=0.1083, RMSE_E=3.3 meV, RMSE_F=10.4 meV / A
2024-06-29 23:56:16.988 INFO: Epoch 404: loss=0.1088, RMSE_E=3.2 meV, RMSE_F=10.4 meV / A
2024-06-29 23:56:35.786 INFO: Epoch 406: loss=0.1100, RMSE_E=3.2 meV, RMSE_F=10.5 meV / A
2024-06-29 23:56:54.581 INFO: Epoch 408: loss=0.1103, RMSE_E=3.3 meV, RMSE_F=10.5 meV / A
2024-06-29 23:57:13.370 INFO: Epoch 410: loss=0.1096, RMSE_E=3.0 meV, RMSE_F=10.5 meV / A
2024-06-29 23:57:32.151 INFO: Epoch 412: loss=0.1096, RMSE_E=3.3 meV, RMSE_F=10.5 meV / A
2024-06-29 23:57:51.166 INFO: Epoch 414: loss=0.1106, RMSE_E=3.3 meV, RMSE_F=10.5 meV / A
2024-06-29 23:58:09.947 INFO: Epoch 416: loss=0.1093, RMSE_E=3.3 meV, RMSE_F=10.5 meV / A
2024-06-29 23:58:28.742 INFO: Epoch 418: loss=0.1077, RMSE_E=3.2 meV, RMSE_F=10.4 meV / A
2024-06-29 23:58:47.540 INFO: Epoch 420: loss=0.1083, RMSE_E=3.2 meV, RMSE_F=10.4 meV / A
2024-06-29 23:59:06.324 INFO: Epoch 422: loss=0.1064, RMSE_E=3.2 meV, RMSE_F=10.3 meV / A
2024-06-29 23:59:25.492 INFO: Epoch 424: loss=0.1079, RMSE_E=3.1 meV, RMSE_F=10.4 meV / A
2024-06-29 23:59:44.265 INFO: Epoch 426: loss=0.1080, RMSE_E=3.1 meV, RMSE_F=10.4 meV / A
2024-06-30 00:00:03.062 INFO: Epoch 428: loss=0.1062, RMSE_E=3.1 meV, RMSE_F=10.3 meV / A
2024-06-30 00:00:22.052 INFO: Epoch 430: loss=0.1062, RMSE_E=3.0 meV, RMSE_F=10.3 meV / A
2024-06-30 00:00:40.956 INFO: Epoch 432: loss=0.1076, RMSE_E=3.2 meV, RMSE_F=10.4 meV / A
2024-06-30 00:00:59.748 INFO: Epoch 434: loss=0.1057, RMSE_E=3.2 meV, RMSE_F=10.3 meV / A
2024-06-30 00:01:18.620 INFO: Epoch 436: loss=0.1070, RMSE_E=3.1 meV, RMSE_F=10.3 meV / A
2024-06-30 00:01:37.405 INFO: Epoch 438: loss=0.1062, RMSE_E=3.2 meV, RMSE_F=10.3 meV / A
2024-06-30 00:01:56.175 INFO: Epoch 440: loss=0.1051, RMSE_E=3.2 meV, RMSE_F=10.3 meV / A
2024-06-30 00:02:15.054 INFO: Epoch 442: loss=0.1054, RMSE_E=3.2 meV, RMSE_F=10.3 meV / A
2024-06-30 00:02:33.850 INFO: Epoch 444: loss=0.1057, RMSE_E=3.2 meV, RMSE_F=10.3 meV / A
2024-06-30 00:02:52.639 INFO: Epoch 446: loss=0.1063, RMSE_E=3.0 meV, RMSE_F=10.3 meV / A
2024-06-30 00:03:11.403 INFO: Epoch 448: loss=0.1067, RMSE_E=3.3 meV, RMSE_F=10.3 meV / A
2024-06-30 00:03:30.187 INFO: Epoch 450: loss=0.1068, RMSE_E=3.2 meV, RMSE_F=10.3 meV / A
2024-06-30 00:03:48.944 INFO: Epoch 452: loss=0.1059, RMSE_E=3.2 meV, RMSE_F=10.3 meV / A
2024-06-30 00:04:07.709 INFO: Epoch 454: loss=0.1086, RMSE_E=3.2 meV, RMSE_F=10.4 meV / A
2024-06-30 00:04:26.531 INFO: Epoch 456: loss=0.1060, RMSE_E=3.1 meV, RMSE_F=10.3 meV / A
2024-06-30 00:04:45.328 INFO: Epoch 458: loss=0.1042, RMSE_E=3.2 meV, RMSE_F=10.2 meV / A
2024-06-30 00:05:04.198 INFO: Epoch 460: loss=0.1055, RMSE_E=3.2 meV, RMSE_F=10.3 meV / A
2024-06-30 00:05:22.974 INFO: Epoch 462: loss=0.1044, RMSE_E=3.2 meV, RMSE_F=10.2 meV / A
2024-06-30 00:05:41.728 INFO: Epoch 464: loss=0.1047, RMSE_E=3.1 meV, RMSE_F=10.2 meV / A
2024-06-30 00:06:00.496 INFO: Epoch 466: loss=0.1043, RMSE_E=3.2 meV, RMSE_F=10.2 meV / A
2024-06-30 00:06:19.253 INFO: Epoch 468: loss=0.1034, RMSE_E=3.1 meV, RMSE_F=10.2 meV / A
2024-06-30 00:06:38.137 INFO: Epoch 470: loss=0.1041, RMSE_E=3.1 meV, RMSE_F=10.2 meV / A
2024-06-30 00:06:56.877 INFO: Epoch 472: loss=0.1049, RMSE_E=3.1 meV, RMSE_F=10.2 meV / A
2024-06-30 00:07:15.654 INFO: Epoch 474: loss=0.1043, RMSE_E=3.0 meV, RMSE_F=10.2 meV / A
2024-06-30 00:07:34.430 INFO: Epoch 476: loss=0.1045, RMSE_E=3.1 meV, RMSE_F=10.2 meV / A
2024-06-30 00:07:53.185 INFO: Epoch 478: loss=0.1054, RMSE_E=3.2 meV, RMSE_F=10.3 meV / A
2024-06-30 00:08:11.976 INFO: Epoch 480: loss=0.1053, RMSE_E=3.2 meV, RMSE_F=10.3 meV / A
2024-06-30 00:08:30.756 INFO: Epoch 482: loss=0.1045, RMSE_E=3.2 meV, RMSE_F=10.2 meV / A
2024-06-30 00:08:49.517 INFO: Epoch 484: loss=0.1049, RMSE_E=3.0 meV, RMSE_F=10.2 meV / A
2024-06-30 00:09:08.338 INFO: Epoch 486: loss=0.1035, RMSE_E=3.0 meV, RMSE_F=10.2 meV / A
2024-06-30 00:09:27.213 INFO: Epoch 488: loss=0.1043, RMSE_E=2.9 meV, RMSE_F=10.2 meV / A
2024-06-30 00:09:46.001 INFO: Epoch 490: loss=0.1034, RMSE_E=3.0 meV, RMSE_F=10.2 meV / A
2024-06-30 00:10:04.771 INFO: Epoch 492: loss=0.1040, RMSE_E=2.9 meV, RMSE_F=10.2 meV / A
2024-06-30 00:10:23.554 INFO: Epoch 494: loss=0.1035, RMSE_E=2.9 meV, RMSE_F=10.2 meV / A
2024-06-30 00:10:42.335 INFO: Epoch 496: loss=0.1037, RMSE_E=3.0 meV, RMSE_F=10.2 meV / A
2024-06-30 00:11:01.109 INFO: Epoch 498: loss=0.1040, RMSE_E=3.1 meV, RMSE_F=10.2 meV / A
2024-06-30 00:11:19.874 INFO: Epoch 500: loss=0.1048, RMSE_E=3.2 meV, RMSE_F=10.2 meV / A
2024-06-30 00:11:38.653 INFO: Epoch 502: loss=0.1030, RMSE_E=3.1 meV, RMSE_F=10.1 meV / A
2024-06-30 00:11:57.550 INFO: Epoch 504: loss=0.1039, RMSE_E=3.1 meV, RMSE_F=10.2 meV / A
2024-06-30 00:12:16.335 INFO: Epoch 506: loss=0.1040, RMSE_E=3.1 meV, RMSE_F=10.2 meV / A
2024-06-30 00:12:35.332 INFO: Epoch 508: loss=0.1033, RMSE_E=3.2 meV, RMSE_F=10.2 meV / A
2024-06-30 00:12:54.075 INFO: Epoch 510: loss=0.1056, RMSE_E=3.1 meV, RMSE_F=10.3 meV / A
2024-06-30 00:13:12.874 INFO: Epoch 512: loss=0.1044, RMSE_E=3.1 meV, RMSE_F=10.2 meV / A
2024-06-30 00:13:31.629 INFO: Epoch 514: loss=0.1056, RMSE_E=3.1 meV, RMSE_F=10.3 meV / A
2024-06-30 00:13:50.414 INFO: Epoch 516: loss=0.1040, RMSE_E=3.1 meV, RMSE_F=10.2 meV / A
2024-06-30 00:14:09.168 INFO: Epoch 518: loss=0.1032, RMSE_E=3.1 meV, RMSE_F=10.2 meV / A
2024-06-30 00:14:27.939 INFO: Epoch 520: loss=0.1081, RMSE_E=3.4 meV, RMSE_F=10.4 meV / A
2024-06-30 00:14:46.729 INFO: Epoch 522: loss=0.1066, RMSE_E=3.2 meV, RMSE_F=10.3 meV / A
2024-06-30 00:15:05.468 INFO: Epoch 524: loss=0.1055, RMSE_E=3.4 meV, RMSE_F=10.3 meV / A
2024-06-30 00:15:24.238 INFO: Epoch 526: loss=0.1087, RMSE_E=3.2 meV, RMSE_F=10.4 meV / A
2024-06-30 00:15:43.018 INFO: Epoch 528: loss=0.1081, RMSE_E=3.1 meV, RMSE_F=10.4 meV / A
2024-06-30 00:16:01.791 INFO: Epoch 530: loss=0.1064, RMSE_E=3.2 meV, RMSE_F=10.3 meV / A
2024-06-30 00:16:20.535 INFO: Epoch 532: loss=0.1062, RMSE_E=3.2 meV, RMSE_F=10.3 meV / A
2024-06-30 00:16:39.280 INFO: Epoch 534: loss=0.1068, RMSE_E=3.2 meV, RMSE_F=10.3 meV / A
2024-06-30 00:16:58.044 INFO: Epoch 536: loss=0.1043, RMSE_E=3.1 meV, RMSE_F=10.2 meV / A
2024-06-30 00:17:16.819 INFO: Epoch 538: loss=0.1051, RMSE_E=3.1 meV, RMSE_F=10.3 meV / A
2024-06-30 00:17:35.570 INFO: Epoch 540: loss=0.1043, RMSE_E=3.0 meV, RMSE_F=10.2 meV / A
2024-06-30 00:17:54.332 INFO: Epoch 542: loss=0.1034, RMSE_E=2.9 meV, RMSE_F=10.2 meV / A
2024-06-30 00:18:13.120 INFO: Epoch 544: loss=0.1035, RMSE_E=3.0 meV, RMSE_F=10.2 meV / A
2024-06-30 00:18:32.064 INFO: Epoch 546: loss=0.1044, RMSE_E=3.0 meV, RMSE_F=10.2 meV / A
2024-06-30 00:18:50.840 INFO: Epoch 548: loss=0.1054, RMSE_E=2.9 meV, RMSE_F=10.3 meV / A
2024-06-30 00:19:09.599 INFO: Epoch 550: loss=0.1039, RMSE_E=2.9 meV, RMSE_F=10.2 meV / A
2024-06-30 00:19:28.407 INFO: Epoch 552: loss=0.1035, RMSE_E=2.9 meV, RMSE_F=10.2 meV / A
2024-06-30 00:19:47.072 INFO: Epoch 554: loss=0.1028, RMSE_E=3.0 meV, RMSE_F=10.1 meV / A
2024-06-30 00:20:05.877 INFO: Epoch 556: loss=0.1020, RMSE_E=2.9 meV, RMSE_F=10.1 meV / A
2024-06-30 00:20:24.750 INFO: Epoch 558: loss=0.1020, RMSE_E=3.0 meV, RMSE_F=10.1 meV / A
2024-06-30 00:20:43.547 INFO: Epoch 560: loss=0.1023, RMSE_E=2.9 meV, RMSE_F=10.1 meV / A
2024-06-30 00:21:02.246 INFO: Epoch 562: loss=0.1021, RMSE_E=2.9 meV, RMSE_F=10.1 meV / A
2024-06-30 00:21:21.039 INFO: Epoch 564: loss=0.1018, RMSE_E=2.9 meV, RMSE_F=10.1 meV / A
2024-06-30 00:21:39.907 INFO: Epoch 566: loss=0.1012, RMSE_E=2.9 meV, RMSE_F=10.1 meV / A
2024-06-30 00:21:58.774 INFO: Epoch 568: loss=0.1016, RMSE_E=2.8 meV, RMSE_F=10.1 meV / A
2024-06-30 00:22:17.515 INFO: Epoch 570: loss=0.1008, RMSE_E=2.8 meV, RMSE_F=10.0 meV / A
2024-06-30 00:22:36.376 INFO: Epoch 572: loss=0.1009, RMSE_E=2.8 meV, RMSE_F=10.0 meV / A
2024-06-30 00:22:55.138 INFO: Epoch 574: loss=0.1008, RMSE_E=2.8 meV, RMSE_F=10.0 meV / A
2024-06-30 00:23:13.999 INFO: Epoch 576: loss=0.1002, RMSE_E=2.8 meV, RMSE_F=10.0 meV / A
2024-06-30 00:23:32.867 INFO: Epoch 578: loss=0.1007, RMSE_E=2.9 meV, RMSE_F=10.0 meV / A
2024-06-30 00:23:51.631 INFO: Epoch 580: loss=0.1008, RMSE_E=2.8 meV, RMSE_F=10.0 meV / A
2024-06-30 00:24:10.384 INFO: Epoch 582: loss=0.1008, RMSE_E=2.8 meV, RMSE_F=10.0 meV / A
2024-06-30 00:24:29.141 INFO: Epoch 584: loss=0.1002, RMSE_E=2.8 meV, RMSE_F=10.0 meV / A
2024-06-30 00:24:47.885 INFO: Epoch 586: loss=0.1001, RMSE_E=2.8 meV, RMSE_F=10.0 meV / A
2024-06-30 00:25:06.775 INFO: Epoch 588: loss=0.0995, RMSE_E=2.7 meV, RMSE_F=10.0 meV / A
2024-06-30 00:25:25.642 INFO: Epoch 590: loss=0.0994, RMSE_E=2.7 meV, RMSE_F=10.0 meV / A
2024-06-30 00:25:44.536 INFO: Epoch 592: loss=0.0994, RMSE_E=2.7 meV, RMSE_F=10.0 meV / A
2024-06-30 00:26:03.446 INFO: Epoch 594: loss=0.0993, RMSE_E=2.8 meV, RMSE_F=10.0 meV / A
2024-06-30 00:26:22.354 INFO: Epoch 596: loss=0.0997, RMSE_E=2.7 meV, RMSE_F=10.0 meV / A
2024-06-30 00:26:41.121 INFO: Epoch 598: loss=0.0994, RMSE_E=2.7 meV, RMSE_F=10.0 meV / A
2024-06-30 00:26:59.898 INFO: Epoch 600: loss=0.0996, RMSE_E=2.7 meV, RMSE_F=10.0 meV / A
2024-06-30 00:27:18.669 INFO: Epoch 602: loss=0.0996, RMSE_E=2.7 meV, RMSE_F=10.0 meV / A
2024-06-30 00:27:37.439 INFO: Epoch 604: loss=0.0993, RMSE_E=2.7 meV, RMSE_F=10.0 meV / A
2024-06-30 00:27:56.199 INFO: Epoch 606: loss=0.0988, RMSE_E=2.7 meV, RMSE_F=9.9 meV / A
2024-06-30 00:28:15.079 INFO: Epoch 608: loss=0.0983, RMSE_E=2.6 meV, RMSE_F=9.9 meV / A
2024-06-30 00:28:33.941 INFO: Epoch 610: loss=0.0987, RMSE_E=2.6 meV, RMSE_F=9.9 meV / A
2024-06-30 00:28:52.721 INFO: Epoch 612: loss=0.0986, RMSE_E=2.7 meV, RMSE_F=9.9 meV / A
2024-06-30 00:29:11.497 INFO: Epoch 614: loss=0.0984, RMSE_E=2.6 meV, RMSE_F=9.9 meV / A
2024-06-30 00:29:30.263 INFO: Epoch 616: loss=0.0981, RMSE_E=2.6 meV, RMSE_F=9.9 meV / A
2024-06-30 00:29:49.110 INFO: Epoch 618: loss=0.0982, RMSE_E=2.6 meV, RMSE_F=9.9 meV / A
2024-06-30 00:30:07.870 INFO: Epoch 620: loss=0.0979, RMSE_E=2.7 meV, RMSE_F=9.9 meV / A
2024-06-30 00:30:26.756 INFO: Epoch 622: loss=0.0975, RMSE_E=2.6 meV, RMSE_F=9.9 meV / A
2024-06-30 00:30:45.648 INFO: Epoch 624: loss=0.0973, RMSE_E=2.6 meV, RMSE_F=9.9 meV / A
2024-06-30 00:31:04.534 INFO: Epoch 626: loss=0.0973, RMSE_E=2.7 meV, RMSE_F=9.9 meV / A
2024-06-30 00:31:23.439 INFO: Epoch 628: loss=0.0969, RMSE_E=2.7 meV, RMSE_F=9.8 meV / A
2024-06-30 00:31:42.341 INFO: Epoch 630: loss=0.0972, RMSE_E=2.6 meV, RMSE_F=9.9 meV / A
2024-06-30 00:32:01.124 INFO: Epoch 632: loss=0.0973, RMSE_E=2.6 meV, RMSE_F=9.9 meV / A
2024-06-30 00:32:19.911 INFO: Epoch 634: loss=0.0974, RMSE_E=2.6 meV, RMSE_F=9.9 meV / A
2024-06-30 00:32:38.681 INFO: Epoch 636: loss=0.0972, RMSE_E=2.6 meV, RMSE_F=9.9 meV / A
2024-06-30 00:32:57.466 INFO: Epoch 638: loss=0.0972, RMSE_E=2.6 meV, RMSE_F=9.9 meV / A
2024-06-30 00:33:16.261 INFO: Epoch 640: loss=0.0970, RMSE_E=2.7 meV, RMSE_F=9.8 meV / A
2024-06-30 00:33:35.042 INFO: Epoch 642: loss=0.0965, RMSE_E=2.6 meV, RMSE_F=9.8 meV / A
2024-06-30 00:33:53.905 INFO: Epoch 644: loss=0.0962, RMSE_E=2.5 meV, RMSE_F=9.8 meV / A
2024-06-30 00:34:12.781 INFO: Epoch 646: loss=0.0967, RMSE_E=2.6 meV, RMSE_F=9.8 meV / A
2024-06-30 00:34:31.579 INFO: Epoch 648: loss=0.0968, RMSE_E=2.6 meV, RMSE_F=9.8 meV / A
2024-06-30 00:34:50.353 INFO: Epoch 650: loss=0.0963, RMSE_E=2.6 meV, RMSE_F=9.8 meV / A
2024-06-30 00:35:09.155 INFO: Epoch 652: loss=0.0965, RMSE_E=2.6 meV, RMSE_F=9.8 meV / A
2024-06-30 00:35:27.945 INFO: Epoch 654: loss=0.0966, RMSE_E=2.6 meV, RMSE_F=9.8 meV / A
2024-06-30 00:35:46.723 INFO: Epoch 656: loss=0.0959, RMSE_E=2.6 meV, RMSE_F=9.8 meV / A
2024-06-30 00:36:05.595 INFO: Epoch 658: loss=0.0961, RMSE_E=2.6 meV, RMSE_F=9.8 meV / A
2024-06-30 00:36:24.384 INFO: Epoch 660: loss=0.0966, RMSE_E=2.6 meV, RMSE_F=9.8 meV / A
2024-06-30 00:36:43.190 INFO: Epoch 662: loss=0.0965, RMSE_E=2.5 meV, RMSE_F=9.8 meV / A
2024-06-30 00:37:01.989 INFO: Epoch 664: loss=0.0963, RMSE_E=2.6 meV, RMSE_F=9.8 meV / A
2024-06-30 00:37:20.754 INFO: Epoch 666: loss=0.0956, RMSE_E=2.5 meV, RMSE_F=9.8 meV / A
2024-06-30 00:37:39.621 INFO: Epoch 668: loss=0.0955, RMSE_E=2.6 meV, RMSE_F=9.8 meV / A
2024-06-30 00:37:58.510 INFO: Epoch 670: loss=0.0955, RMSE_E=2.6 meV, RMSE_F=9.8 meV / A
2024-06-30 00:38:17.523 INFO: Epoch 672: loss=0.0960, RMSE_E=2.5 meV, RMSE_F=9.8 meV / A
2024-06-30 00:38:36.289 INFO: Epoch 674: loss=0.0964, RMSE_E=2.6 meV, RMSE_F=9.8 meV / A
2024-06-30 00:38:55.060 INFO: Epoch 676: loss=0.0961, RMSE_E=2.6 meV, RMSE_F=9.8 meV / A
2024-06-30 00:39:13.841 INFO: Epoch 678: loss=0.0961, RMSE_E=2.5 meV, RMSE_F=9.8 meV / A
2024-06-30 00:39:32.631 INFO: Epoch 680: loss=0.0963, RMSE_E=2.5 meV, RMSE_F=9.8 meV / A
2024-06-30 00:39:51.427 INFO: Epoch 682: loss=0.0951, RMSE_E=2.6 meV, RMSE_F=9.8 meV / A
2024-06-30 00:40:10.322 INFO: Epoch 684: loss=0.0950, RMSE_E=2.6 meV, RMSE_F=9.7 meV / A
2024-06-30 00:40:29.209 INFO: Epoch 686: loss=0.0956, RMSE_E=2.6 meV, RMSE_F=9.8 meV / A
2024-06-30 00:40:48.004 INFO: Epoch 688: loss=0.0962, RMSE_E=2.6 meV, RMSE_F=9.8 meV / A
2024-06-30 00:41:06.772 INFO: Epoch 690: loss=0.0954, RMSE_E=2.6 meV, RMSE_F=9.8 meV / A
2024-06-30 00:41:25.548 INFO: Epoch 692: loss=0.0960, RMSE_E=2.6 meV, RMSE_F=9.8 meV / A
2024-06-30 00:41:44.331 INFO: Epoch 694: loss=0.0951, RMSE_E=2.6 meV, RMSE_F=9.8 meV / A
2024-06-30 00:42:03.107 INFO: Epoch 696: loss=0.0954, RMSE_E=2.6 meV, RMSE_F=9.8 meV / A
2024-06-30 00:42:21.890 INFO: Epoch 698: loss=0.0952, RMSE_E=2.5 meV, RMSE_F=9.8 meV / A
2024-06-30 00:42:40.679 INFO: Epoch 700: loss=0.0951, RMSE_E=2.5 meV, RMSE_F=9.8 meV / A
2024-06-30 00:42:59.496 INFO: Epoch 702: loss=0.0950, RMSE_E=2.5 meV, RMSE_F=9.7 meV / A
2024-06-30 00:43:18.293 INFO: Epoch 704: loss=0.0952, RMSE_E=2.5 meV, RMSE_F=9.8 meV / A
2024-06-30 00:43:37.072 INFO: Epoch 706: loss=0.0951, RMSE_E=2.6 meV, RMSE_F=9.8 meV / A
2024-06-30 00:43:55.864 INFO: Epoch 708: loss=0.0961, RMSE_E=2.6 meV, RMSE_F=9.8 meV / A
2024-06-30 00:44:14.660 INFO: Epoch 710: loss=0.0952, RMSE_E=2.7 meV, RMSE_F=9.8 meV / A
2024-06-30 00:44:33.455 INFO: Epoch 712: loss=0.0950, RMSE_E=2.7 meV, RMSE_F=9.7 meV / A
2024-06-30 00:44:52.353 INFO: Epoch 714: loss=0.0953, RMSE_E=2.6 meV, RMSE_F=9.8 meV / A
2024-06-30 00:45:11.147 INFO: Epoch 716: loss=0.0952, RMSE_E=2.6 meV, RMSE_F=9.8 meV / A
2024-06-30 00:45:29.910 INFO: Epoch 718: loss=0.0949, RMSE_E=2.5 meV, RMSE_F=9.7 meV / A
2024-06-30 00:45:48.793 INFO: Epoch 720: loss=0.0946, RMSE_E=2.6 meV, RMSE_F=9.7 meV / A
2024-06-30 00:46:07.688 INFO: Epoch 722: loss=0.0950, RMSE_E=2.6 meV, RMSE_F=9.7 meV / A
2024-06-30 00:46:26.473 INFO: Epoch 724: loss=0.0944, RMSE_E=2.6 meV, RMSE_F=9.7 meV / A
2024-06-30 00:46:45.338 INFO: Epoch 726: loss=0.0944, RMSE_E=2.6 meV, RMSE_F=9.7 meV / A
2024-06-30 00:47:04.130 INFO: Epoch 728: loss=0.0943, RMSE_E=2.5 meV, RMSE_F=9.7 meV / A
2024-06-30 00:47:23.047 INFO: Epoch 730: loss=0.0954, RMSE_E=2.5 meV, RMSE_F=9.8 meV / A
2024-06-30 00:47:41.834 INFO: Epoch 732: loss=0.0952, RMSE_E=2.5 meV, RMSE_F=9.8 meV / A
2024-06-30 00:48:00.608 INFO: Epoch 734: loss=0.0946, RMSE_E=2.5 meV, RMSE_F=9.7 meV / A
2024-06-30 00:48:19.409 INFO: Epoch 736: loss=0.0946, RMSE_E=2.5 meV, RMSE_F=9.7 meV / A
2024-06-30 00:48:38.184 INFO: Epoch 738: loss=0.0944, RMSE_E=2.5 meV, RMSE_F=9.7 meV / A
2024-06-30 00:48:56.979 INFO: Epoch 740: loss=0.0945, RMSE_E=2.6 meV, RMSE_F=9.7 meV / A
2024-06-30 00:49:15.708 INFO: Epoch 742: loss=0.0952, RMSE_E=2.6 meV, RMSE_F=9.8 meV / A
2024-06-30 00:49:34.491 INFO: Epoch 744: loss=0.0945, RMSE_E=2.6 meV, RMSE_F=9.7 meV / A
2024-06-30 00:49:53.255 INFO: Epoch 746: loss=0.0951, RMSE_E=2.6 meV, RMSE_F=9.8 meV / A
2024-06-30 00:50:12.033 INFO: Epoch 748: loss=0.0949, RMSE_E=2.6 meV, RMSE_F=9.7 meV / A
2024-06-30 00:50:30.825 INFO: Epoch 750: loss=0.0946, RMSE_E=2.5 meV, RMSE_F=9.7 meV / A
2024-06-30 00:50:49.606 INFO: Epoch 752: loss=0.0938, RMSE_E=2.5 meV, RMSE_F=9.7 meV / A
2024-06-30 00:51:08.506 INFO: Epoch 754: loss=0.0938, RMSE_E=2.7 meV, RMSE_F=9.7 meV / A
2024-06-30 00:51:27.298 INFO: Epoch 756: loss=0.0937, RMSE_E=2.6 meV, RMSE_F=9.7 meV / A
2024-06-30 00:51:46.204 INFO: Epoch 758: loss=0.0941, RMSE_E=2.6 meV, RMSE_F=9.7 meV / A
2024-06-30 00:52:05.006 INFO: Epoch 760: loss=0.0942, RMSE_E=2.6 meV, RMSE_F=9.7 meV / A
2024-06-30 00:52:23.776 INFO: Epoch 762: loss=0.0947, RMSE_E=2.6 meV, RMSE_F=9.7 meV / A
2024-06-30 00:52:42.546 INFO: Epoch 764: loss=0.0940, RMSE_E=2.6 meV, RMSE_F=9.7 meV / A
2024-06-30 00:53:01.312 INFO: Epoch 766: loss=0.0943, RMSE_E=2.6 meV, RMSE_F=9.7 meV / A
2024-06-30 00:53:20.097 INFO: Epoch 768: loss=0.0943, RMSE_E=2.5 meV, RMSE_F=9.7 meV / A
2024-06-30 00:53:38.883 INFO: Epoch 770: loss=0.0937, RMSE_E=2.6 meV, RMSE_F=9.7 meV / A
2024-06-30 00:53:57.754 INFO: Epoch 772: loss=0.0942, RMSE_E=2.5 meV, RMSE_F=9.7 meV / A
2024-06-30 00:54:16.523 INFO: Epoch 774: loss=0.0940, RMSE_E=2.5 meV, RMSE_F=9.7 meV / A
2024-06-30 00:54:35.293 INFO: Epoch 776: loss=0.0940, RMSE_E=2.6 meV, RMSE_F=9.7 meV / A
2024-06-30 00:54:54.056 INFO: Epoch 778: loss=0.0945, RMSE_E=2.6 meV, RMSE_F=9.7 meV / A
2024-06-30 00:55:12.844 INFO: Epoch 780: loss=0.0941, RMSE_E=2.5 meV, RMSE_F=9.7 meV / A
2024-06-30 00:55:31.630 INFO: Epoch 782: loss=0.0936, RMSE_E=2.5 meV, RMSE_F=9.7 meV / A
2024-06-30 00:55:50.580 INFO: Epoch 784: loss=0.0936, RMSE_E=2.5 meV, RMSE_F=9.7 meV / A
2024-06-30 00:56:09.499 INFO: Epoch 786: loss=0.0942, RMSE_E=2.5 meV, RMSE_F=9.7 meV / A
2024-06-30 00:56:28.286 INFO: Epoch 788: loss=0.0941, RMSE_E=2.5 meV, RMSE_F=9.7 meV / A
2024-06-30 00:56:47.069 INFO: Epoch 790: loss=0.0941, RMSE_E=2.5 meV, RMSE_F=9.7 meV / A
2024-06-30 00:57:05.859 INFO: Epoch 792: loss=0.0937, RMSE_E=2.4 meV, RMSE_F=9.7 meV / A
2024-06-30 00:57:24.634 INFO: Epoch 794: loss=0.0932, RMSE_E=2.5 meV, RMSE_F=9.7 meV / A
2024-06-30 00:57:43.519 INFO: Epoch 796: loss=0.0941, RMSE_E=2.5 meV, RMSE_F=9.7 meV / A
2024-06-30 00:58:02.326 INFO: Epoch 798: loss=0.0940, RMSE_E=2.5 meV, RMSE_F=9.7 meV / A
2024-06-30 00:58:21.117 INFO: Epoch 800: loss=0.0939, RMSE_E=2.5 meV, RMSE_F=9.7 meV / A
2024-06-30 00:58:39.871 INFO: Epoch 802: loss=0.0940, RMSE_E=2.6 meV, RMSE_F=9.7 meV / A
2024-06-30 00:58:58.645 INFO: Epoch 804: loss=0.0944, RMSE_E=2.5 meV, RMSE_F=9.7 meV / A
2024-06-30 00:59:17.457 INFO: Epoch 806: loss=0.0953, RMSE_E=2.5 meV, RMSE_F=9.8 meV / A
2024-06-30 00:59:36.246 INFO: Epoch 808: loss=0.0951, RMSE_E=2.5 meV, RMSE_F=9.8 meV / A
2024-06-30 00:59:55.021 INFO: Epoch 810: loss=0.0952, RMSE_E=2.5 meV, RMSE_F=9.8 meV / A
2024-06-30 01:00:13.797 INFO: Epoch 812: loss=0.0959, RMSE_E=2.6 meV, RMSE_F=9.8 meV / A
2024-06-30 01:00:32.572 INFO: Epoch 814: loss=0.0955, RMSE_E=2.6 meV, RMSE_F=9.8 meV / A
2024-06-30 01:00:51.404 INFO: Epoch 816: loss=0.0951, RMSE_E=2.6 meV, RMSE_F=9.8 meV / A
2024-06-30 01:01:10.210 INFO: Epoch 818: loss=0.0946, RMSE_E=2.5 meV, RMSE_F=9.7 meV / A
2024-06-30 01:01:29.007 INFO: Epoch 820: loss=0.0936, RMSE_E=2.5 meV, RMSE_F=9.7 meV / A
2024-06-30 01:01:47.780 INFO: Epoch 822: loss=0.0934, RMSE_E=2.5 meV, RMSE_F=9.7 meV / A
2024-06-30 01:02:06.562 INFO: Epoch 824: loss=0.0933, RMSE_E=2.5 meV, RMSE_F=9.7 meV / A
2024-06-30 01:02:25.331 INFO: Epoch 826: loss=0.0932, RMSE_E=2.6 meV, RMSE_F=9.7 meV / A
2024-06-30 01:02:44.124 INFO: Epoch 828: loss=0.0938, RMSE_E=2.5 meV, RMSE_F=9.7 meV / A
2024-06-30 01:03:02.894 INFO: Epoch 830: loss=0.0935, RMSE_E=2.6 meV, RMSE_F=9.7 meV / A
2024-06-30 01:03:21.683 INFO: Epoch 832: loss=0.0937, RMSE_E=2.5 meV, RMSE_F=9.7 meV / A
2024-06-30 01:03:40.449 INFO: Epoch 834: loss=0.0942, RMSE_E=2.5 meV, RMSE_F=9.7 meV / A
2024-06-30 01:03:59.223 INFO: Epoch 836: loss=0.0943, RMSE_E=2.5 meV, RMSE_F=9.7 meV / A
2024-06-30 01:04:18.040 INFO: Epoch 838: loss=0.0941, RMSE_E=2.5 meV, RMSE_F=9.7 meV / A
2024-06-30 01:04:36.847 INFO: Epoch 840: loss=0.0941, RMSE_E=2.5 meV, RMSE_F=9.7 meV / A
2024-06-30 01:04:55.629 INFO: Epoch 842: loss=0.0940, RMSE_E=2.4 meV, RMSE_F=9.7 meV / A
2024-06-30 01:05:14.411 INFO: Epoch 844: loss=0.0934, RMSE_E=2.5 meV, RMSE_F=9.7 meV / A
2024-06-30 01:05:33.178 INFO: Epoch 846: loss=0.0937, RMSE_E=2.5 meV, RMSE_F=9.7 meV / A
2024-06-30 01:05:51.980 INFO: Epoch 848: loss=0.0932, RMSE_E=2.5 meV, RMSE_F=9.7 meV / A
2024-06-30 01:06:10.754 INFO: Epoch 850: loss=0.0929, RMSE_E=2.4 meV, RMSE_F=9.6 meV / A
2024-06-30 01:06:29.653 INFO: Epoch 852: loss=0.0931, RMSE_E=2.4 meV, RMSE_F=9.6 meV / A
2024-06-30 01:06:48.440 INFO: Epoch 854: loss=0.0934, RMSE_E=2.5 meV, RMSE_F=9.7 meV / A
2024-06-30 01:07:07.206 INFO: Epoch 856: loss=0.0932, RMSE_E=2.5 meV, RMSE_F=9.7 meV / A
2024-06-30 01:07:25.988 INFO: Epoch 858: loss=0.0930, RMSE_E=2.5 meV, RMSE_F=9.6 meV / A
2024-06-30 01:07:44.768 INFO: Epoch 860: loss=0.0930, RMSE_E=2.5 meV, RMSE_F=9.6 meV / A
2024-06-30 01:08:03.527 INFO: Epoch 862: loss=0.0927, RMSE_E=2.5 meV, RMSE_F=9.6 meV / A
2024-06-30 01:08:22.422 INFO: Epoch 864: loss=0.0926, RMSE_E=2.4 meV, RMSE_F=9.6 meV / A
2024-06-30 01:08:41.296 INFO: Epoch 866: loss=0.0925, RMSE_E=2.4 meV, RMSE_F=9.6 meV / A
2024-06-30 01:09:00.195 INFO: Epoch 868: loss=0.0925, RMSE_E=2.4 meV, RMSE_F=9.6 meV / A
2024-06-30 01:09:19.108 INFO: Epoch 870: loss=0.0926, RMSE_E=2.4 meV, RMSE_F=9.6 meV / A
2024-06-30 01:09:37.883 INFO: Epoch 872: loss=0.0923, RMSE_E=2.4 meV, RMSE_F=9.6 meV / A
2024-06-30 01:09:56.759 INFO: Epoch 874: loss=0.0924, RMSE_E=2.4 meV, RMSE_F=9.6 meV / A
2024-06-30 01:10:15.544 INFO: Epoch 876: loss=0.0927, RMSE_E=2.4 meV, RMSE_F=9.6 meV / A
2024-06-30 01:10:34.322 INFO: Epoch 878: loss=0.0926, RMSE_E=2.4 meV, RMSE_F=9.6 meV / A
2024-06-30 01:10:53.096 INFO: Epoch 880: loss=0.0929, RMSE_E=2.4 meV, RMSE_F=9.6 meV / A
2024-06-30 01:11:11.883 INFO: Epoch 882: loss=0.0924, RMSE_E=2.4 meV, RMSE_F=9.6 meV / A
2024-06-30 01:11:30.666 INFO: Epoch 884: loss=0.0922, RMSE_E=2.4 meV, RMSE_F=9.6 meV / A
2024-06-30 01:11:49.557 INFO: Epoch 886: loss=0.0924, RMSE_E=2.4 meV, RMSE_F=9.6 meV / A
2024-06-30 01:12:08.347 INFO: Epoch 888: loss=0.0922, RMSE_E=2.4 meV, RMSE_F=9.6 meV / A
2024-06-30 01:12:27.216 INFO: Epoch 890: loss=0.0920, RMSE_E=2.4 meV, RMSE_F=9.6 meV / A
2024-06-30 01:12:46.088 INFO: Epoch 892: loss=0.0919, RMSE_E=2.4 meV, RMSE_F=9.6 meV / A
2024-06-30 01:13:04.974 INFO: Epoch 894: loss=0.0923, RMSE_E=2.4 meV, RMSE_F=9.6 meV / A
2024-06-30 01:13:23.749 INFO: Epoch 896: loss=0.0923, RMSE_E=2.4 meV, RMSE_F=9.6 meV / A
2024-06-30 01:13:42.519 INFO: Epoch 898: loss=0.0921, RMSE_E=2.4 meV, RMSE_F=9.6 meV / A
2024-06-30 01:14:01.282 INFO: Epoch 900: loss=0.0919, RMSE_E=2.4 meV, RMSE_F=9.6 meV / A
2024-06-30 01:14:20.157 INFO: Epoch 902: loss=0.0921, RMSE_E=2.4 meV, RMSE_F=9.6 meV / A
2024-06-30 01:14:38.942 INFO: Epoch 904: loss=0.0918, RMSE_E=2.3 meV, RMSE_F=9.6 meV / A
2024-06-30 01:14:57.813 INFO: Epoch 906: loss=0.0916, RMSE_E=2.4 meV, RMSE_F=9.6 meV / A
2024-06-30 01:15:16.710 INFO: Epoch 908: loss=0.0915, RMSE_E=2.4 meV, RMSE_F=9.6 meV / A
2024-06-30 01:15:35.585 INFO: Epoch 910: loss=0.0916, RMSE_E=2.3 meV, RMSE_F=9.6 meV / A
2024-06-30 01:15:54.354 INFO: Epoch 912: loss=0.0913, RMSE_E=2.3 meV, RMSE_F=9.6 meV / A
2024-06-30 01:16:13.241 INFO: Epoch 914: loss=0.0914, RMSE_E=2.4 meV, RMSE_F=9.6 meV / A
2024-06-30 01:16:32.020 INFO: Epoch 916: loss=0.0919, RMSE_E=2.3 meV, RMSE_F=9.6 meV / A
2024-06-30 01:16:50.818 INFO: Epoch 918: loss=0.0914, RMSE_E=2.4 meV, RMSE_F=9.6 meV / A
2024-06-30 01:17:09.613 INFO: Epoch 920: loss=0.0912, RMSE_E=2.4 meV, RMSE_F=9.6 meV / A
2024-06-30 01:17:28.498 INFO: Epoch 922: loss=0.0912, RMSE_E=2.3 meV, RMSE_F=9.5 meV / A
2024-06-30 01:17:47.368 INFO: Epoch 924: loss=0.0912, RMSE_E=2.3 meV, RMSE_F=9.6 meV / A
2024-06-30 01:18:06.168 INFO: Epoch 926: loss=0.0912, RMSE_E=2.3 meV, RMSE_F=9.6 meV / A
2024-06-30 01:18:24.947 INFO: Epoch 928: loss=0.0917, RMSE_E=2.4 meV, RMSE_F=9.6 meV / A
2024-06-30 01:18:43.722 INFO: Epoch 930: loss=0.0913, RMSE_E=2.4 meV, RMSE_F=9.6 meV / A
2024-06-30 01:19:02.509 INFO: Epoch 932: loss=0.0913, RMSE_E=2.3 meV, RMSE_F=9.6 meV / A
2024-06-30 01:19:21.310 INFO: Epoch 934: loss=0.0913, RMSE_E=2.3 meV, RMSE_F=9.6 meV / A
2024-06-30 01:19:40.104 INFO: Epoch 936: loss=0.0913, RMSE_E=2.3 meV, RMSE_F=9.6 meV / A
2024-06-30 01:19:58.899 INFO: Epoch 938: loss=0.0916, RMSE_E=2.3 meV, RMSE_F=9.6 meV / A
2024-06-30 01:20:17.665 INFO: Epoch 940: loss=0.0915, RMSE_E=2.3 meV, RMSE_F=9.6 meV / A
2024-06-30 01:20:36.438 INFO: Epoch 942: loss=0.0915, RMSE_E=2.3 meV, RMSE_F=9.6 meV / A
2024-06-30 01:20:55.220 INFO: Epoch 944: loss=0.0911, RMSE_E=2.3 meV, RMSE_F=9.5 meV / A
2024-06-30 01:21:14.101 INFO: Epoch 946: loss=0.0910, RMSE_E=2.3 meV, RMSE_F=9.5 meV / A
2024-06-30 01:21:32.986 INFO: Epoch 948: loss=0.0912, RMSE_E=2.3 meV, RMSE_F=9.5 meV / A
2024-06-30 01:21:51.769 INFO: Epoch 950: loss=0.0910, RMSE_E=2.3 meV, RMSE_F=9.5 meV / A
2024-06-30 01:22:10.636 INFO: Epoch 952: loss=0.0910, RMSE_E=2.3 meV, RMSE_F=9.5 meV / A
2024-06-30 01:22:29.376 INFO: Epoch 954: loss=0.0909, RMSE_E=2.3 meV, RMSE_F=9.5 meV / A
2024-06-30 01:22:48.222 INFO: Epoch 956: loss=0.0910, RMSE_E=2.3 meV, RMSE_F=9.5 meV / A
2024-06-30 01:23:06.977 INFO: Epoch 958: loss=0.0909, RMSE_E=2.3 meV, RMSE_F=9.5 meV / A
2024-06-30 01:23:25.733 INFO: Epoch 960: loss=0.0909, RMSE_E=2.3 meV, RMSE_F=9.5 meV / A
2024-06-30 01:23:44.498 INFO: Epoch 962: loss=0.0908, RMSE_E=2.3 meV, RMSE_F=9.5 meV / A
2024-06-30 01:24:03.351 INFO: Epoch 964: loss=0.0911, RMSE_E=2.3 meV, RMSE_F=9.5 meV / A
2024-06-30 01:24:22.133 INFO: Epoch 966: loss=0.0908, RMSE_E=2.3 meV, RMSE_F=9.5 meV / A
2024-06-30 01:24:41.006 INFO: Epoch 968: loss=0.0912, RMSE_E=2.3 meV, RMSE_F=9.6 meV / A
2024-06-30 01:24:59.770 INFO: Epoch 970: loss=0.0908, RMSE_E=2.3 meV, RMSE_F=9.5 meV / A
2024-06-30 01:25:18.514 INFO: Epoch 972: loss=0.0908, RMSE_E=2.3 meV, RMSE_F=9.5 meV / A
2024-06-30 01:25:37.357 INFO: Epoch 974: loss=0.0904, RMSE_E=2.3 meV, RMSE_F=9.5 meV / A
2024-06-30 01:25:56.239 INFO: Epoch 976: loss=0.0908, RMSE_E=2.3 meV, RMSE_F=9.5 meV / A
2024-06-30 01:26:14.996 INFO: Epoch 978: loss=0.0910, RMSE_E=2.3 meV, RMSE_F=9.5 meV / A
2024-06-30 01:26:33.765 INFO: Epoch 980: loss=0.0910, RMSE_E=2.3 meV, RMSE_F=9.5 meV / A
2024-06-30 01:26:52.521 INFO: Epoch 982: loss=0.0908, RMSE_E=2.3 meV, RMSE_F=9.5 meV / A
2024-06-30 01:27:11.296 INFO: Epoch 984: loss=0.0904, RMSE_E=2.3 meV, RMSE_F=9.5 meV / A
2024-06-30 01:27:30.103 INFO: Epoch 986: loss=0.0907, RMSE_E=2.3 meV, RMSE_F=9.5 meV / A
2024-06-30 01:27:48.872 INFO: Epoch 988: loss=0.0907, RMSE_E=2.3 meV, RMSE_F=9.5 meV / A
2024-06-30 01:28:07.646 INFO: Epoch 990: loss=0.0905, RMSE_E=2.3 meV, RMSE_F=9.5 meV / A
2024-06-30 01:28:26.411 INFO: Epoch 992: loss=0.0905, RMSE_E=2.3 meV, RMSE_F=9.5 meV / A
2024-06-30 01:28:45.170 INFO: Epoch 994: loss=0.0907, RMSE_E=2.3 meV, RMSE_F=9.5 meV / A
2024-06-30 01:29:03.962 INFO: Epoch 996: loss=0.0905, RMSE_E=2.3 meV, RMSE_F=9.5 meV / A
2024-06-30 01:29:22.742 INFO: Epoch 998: loss=0.0902, RMSE_E=2.3 meV, RMSE_F=9.5 meV / A
2024-06-30 01:29:41.638 INFO: Epoch 1000: loss=0.0906, RMSE_E=2.3 meV, RMSE_F=9.5 meV / A
2024-06-30 01:30:00.453 INFO: Epoch 1002: loss=0.0906, RMSE_E=2.3 meV, RMSE_F=9.5 meV / A
2024-06-30 01:30:19.245 INFO: Epoch 1004: loss=0.0904, RMSE_E=2.3 meV, RMSE_F=9.5 meV / A
2024-06-30 01:30:38.042 INFO: Epoch 1006: loss=0.0902, RMSE_E=2.3 meV, RMSE_F=9.5 meV / A
2024-06-30 01:30:56.946 INFO: Epoch 1008: loss=0.0901, RMSE_E=2.3 meV, RMSE_F=9.5 meV / A
2024-06-30 01:31:15.844 INFO: Epoch 1010: loss=0.0905, RMSE_E=2.3 meV, RMSE_F=9.5 meV / A
2024-06-30 01:31:34.639 INFO: Epoch 1012: loss=0.0907, RMSE_E=2.3 meV, RMSE_F=9.5 meV / A
2024-06-30 01:31:53.423 INFO: Epoch 1014: loss=0.0903, RMSE_E=2.3 meV, RMSE_F=9.5 meV / A
2024-06-30 01:32:12.210 INFO: Epoch 1016: loss=0.0905, RMSE_E=2.3 meV, RMSE_F=9.5 meV / A
2024-06-30 01:32:31.009 INFO: Epoch 1018: loss=0.0903, RMSE_E=2.3 meV, RMSE_F=9.5 meV / A
2024-06-30 01:32:49.768 INFO: Epoch 1020: loss=0.0904, RMSE_E=2.3 meV, RMSE_F=9.5 meV / A
2024-06-30 01:33:08.572 INFO: Epoch 1022: loss=0.0905, RMSE_E=2.2 meV, RMSE_F=9.5 meV / A
2024-06-30 01:33:27.366 INFO: Epoch 1024: loss=0.0901, RMSE_E=2.2 meV, RMSE_F=9.5 meV / A
2024-06-30 01:33:46.287 INFO: Epoch 1026: loss=0.0901, RMSE_E=2.3 meV, RMSE_F=9.5 meV / A
2024-06-30 01:34:05.184 INFO: Epoch 1028: loss=0.0900, RMSE_E=2.3 meV, RMSE_F=9.5 meV / A
2024-06-30 01:34:24.083 INFO: Epoch 1030: loss=0.0900, RMSE_E=2.3 meV, RMSE_F=9.5 meV / A
2024-06-30 01:34:42.956 INFO: Epoch 1032: loss=0.0907, RMSE_E=2.3 meV, RMSE_F=9.5 meV / A
2024-06-30 01:35:01.724 INFO: Epoch 1034: loss=0.0903, RMSE_E=2.3 meV, RMSE_F=9.5 meV / A
2024-06-30 01:35:20.538 INFO: Epoch 1036: loss=0.0901, RMSE_E=2.2 meV, RMSE_F=9.5 meV / A
2024-06-30 01:35:39.306 INFO: Epoch 1038: loss=0.0901, RMSE_E=2.3 meV, RMSE_F=9.5 meV / A
2024-06-30 01:35:58.096 INFO: Epoch 1040: loss=0.0903, RMSE_E=2.3 meV, RMSE_F=9.5 meV / A
2024-06-30 01:36:16.875 INFO: Epoch 1042: loss=0.0904, RMSE_E=2.2 meV, RMSE_F=9.5 meV / A
2024-06-30 01:36:35.655 INFO: Epoch 1044: loss=0.0901, RMSE_E=2.2 meV, RMSE_F=9.5 meV / A
2024-06-30 01:36:54.435 INFO: Epoch 1046: loss=0.0903, RMSE_E=2.2 meV, RMSE_F=9.5 meV / A
2024-06-30 01:37:13.216 INFO: Epoch 1048: loss=0.0898, RMSE_E=2.2 meV, RMSE_F=9.5 meV / A
2024-06-30 01:37:32.116 INFO: Epoch 1050: loss=0.0894, RMSE_E=2.3 meV, RMSE_F=9.5 meV / A
2024-06-30 01:37:51.004 INFO: Epoch 1052: loss=0.0898, RMSE_E=2.3 meV, RMSE_F=9.5 meV / A
2024-06-30 01:38:09.822 INFO: Epoch 1054: loss=0.0898, RMSE_E=2.3 meV, RMSE_F=9.5 meV / A
2024-06-30 01:38:28.607 INFO: Epoch 1056: loss=0.0900, RMSE_E=2.3 meV, RMSE_F=9.5 meV / A
2024-06-30 01:38:47.398 INFO: Epoch 1058: loss=0.0907, RMSE_E=2.3 meV, RMSE_F=9.5 meV / A
2024-06-30 01:39:06.183 INFO: Epoch 1060: loss=0.0906, RMSE_E=2.3 meV, RMSE_F=9.5 meV / A
2024-06-30 01:39:24.964 INFO: Epoch 1062: loss=0.0903, RMSE_E=2.3 meV, RMSE_F=9.5 meV / A
2024-06-30 01:39:43.746 INFO: Epoch 1064: loss=0.0904, RMSE_E=2.2 meV, RMSE_F=9.5 meV / A
2024-06-30 01:40:02.543 INFO: Epoch 1066: loss=0.0900, RMSE_E=2.2 meV, RMSE_F=9.5 meV / A
2024-06-30 01:40:21.347 INFO: Epoch 1068: loss=0.0891, RMSE_E=2.3 meV, RMSE_F=9.4 meV / A
2024-06-30 01:40:40.230 INFO: Epoch 1070: loss=0.0890, RMSE_E=2.3 meV, RMSE_F=9.4 meV / A
2024-06-30 01:40:59.116 INFO: Epoch 1072: loss=0.0898, RMSE_E=2.2 meV, RMSE_F=9.5 meV / A
2024-06-30 01:41:17.929 INFO: Epoch 1074: loss=0.0897, RMSE_E=2.2 meV, RMSE_F=9.5 meV / A
2024-06-30 01:41:36.730 INFO: Epoch 1076: loss=0.0896, RMSE_E=2.3 meV, RMSE_F=9.5 meV / A
2024-06-30 01:41:55.549 INFO: Epoch 1078: loss=0.0895, RMSE_E=2.3 meV, RMSE_F=9.5 meV / A
2024-06-30 01:42:14.341 INFO: Epoch 1080: loss=0.0898, RMSE_E=2.2 meV, RMSE_F=9.5 meV / A
2024-06-30 01:42:33.136 INFO: Epoch 1082: loss=0.0894, RMSE_E=2.3 meV, RMSE_F=9.5 meV / A
2024-06-30 01:42:51.935 INFO: Epoch 1084: loss=0.0898, RMSE_E=2.2 meV, RMSE_F=9.5 meV / A
2024-06-30 01:43:10.724 INFO: Epoch 1086: loss=0.0899, RMSE_E=2.2 meV, RMSE_F=9.5 meV / A
2024-06-30 01:43:29.524 INFO: Epoch 1088: loss=0.0896, RMSE_E=2.2 meV, RMSE_F=9.5 meV / A
2024-06-30 01:43:48.315 INFO: Epoch 1090: loss=0.0899, RMSE_E=2.3 meV, RMSE_F=9.5 meV / A
2024-06-30 01:44:07.096 INFO: Epoch 1092: loss=0.0897, RMSE_E=2.2 meV, RMSE_F=9.5 meV / A
2024-06-30 01:44:25.891 INFO: Epoch 1094: loss=0.0892, RMSE_E=2.3 meV, RMSE_F=9.4 meV / A
2024-06-30 01:44:44.678 INFO: Epoch 1096: loss=0.0894, RMSE_E=2.3 meV, RMSE_F=9.5 meV / A
2024-06-30 01:45:03.470 INFO: Epoch 1098: loss=0.0892, RMSE_E=2.3 meV, RMSE_F=9.4 meV / A
2024-06-30 01:45:22.235 INFO: Epoch 1100: loss=0.0896, RMSE_E=2.2 meV, RMSE_F=9.5 meV / A
2024-06-30 01:45:41.027 INFO: Epoch 1102: loss=0.0895, RMSE_E=2.2 meV, RMSE_F=9.5 meV / A
2024-06-30 01:45:59.836 INFO: Epoch 1104: loss=0.0894, RMSE_E=2.2 meV, RMSE_F=9.5 meV / A
2024-06-30 01:46:18.647 INFO: Epoch 1106: loss=0.0901, RMSE_E=2.3 meV, RMSE_F=9.5 meV / A
2024-06-30 01:46:37.414 INFO: Epoch 1108: loss=0.0901, RMSE_E=2.2 meV, RMSE_F=9.5 meV / A
2024-06-30 01:46:56.192 INFO: Epoch 1110: loss=0.0900, RMSE_E=2.3 meV, RMSE_F=9.5 meV / A
2024-06-30 01:47:14.984 INFO: Epoch 1112: loss=0.0897, RMSE_E=2.3 meV, RMSE_F=9.5 meV / A
2024-06-30 01:47:33.765 INFO: Epoch 1114: loss=0.0895, RMSE_E=2.3 meV, RMSE_F=9.5 meV / A
2024-06-30 01:47:52.553 INFO: Epoch 1116: loss=0.0893, RMSE_E=2.3 meV, RMSE_F=9.5 meV / A
2024-06-30 01:48:11.337 INFO: Epoch 1118: loss=0.0897, RMSE_E=2.3 meV, RMSE_F=9.5 meV / A
2024-06-30 01:48:30.126 INFO: Epoch 1120: loss=0.0895, RMSE_E=2.3 meV, RMSE_F=9.5 meV / A
2024-06-30 01:48:48.903 INFO: Epoch 1122: loss=0.0893, RMSE_E=2.2 meV, RMSE_F=9.4 meV / A
2024-06-30 01:49:07.690 INFO: Epoch 1124: loss=0.0891, RMSE_E=2.3 meV, RMSE_F=9.4 meV / A
2024-06-30 01:49:26.463 INFO: Epoch 1126: loss=0.0892, RMSE_E=2.2 meV, RMSE_F=9.4 meV / A
2024-06-30 01:49:45.202 INFO: Epoch 1128: loss=0.0893, RMSE_E=2.3 meV, RMSE_F=9.5 meV / A
2024-06-30 01:50:03.976 INFO: Epoch 1130: loss=0.0891, RMSE_E=2.3 meV, RMSE_F=9.4 meV / A
2024-06-30 01:50:22.782 INFO: Epoch 1132: loss=0.0892, RMSE_E=2.2 meV, RMSE_F=9.4 meV / A
2024-06-30 01:50:41.571 INFO: Epoch 1134: loss=0.0895, RMSE_E=2.2 meV, RMSE_F=9.5 meV / A
2024-06-30 01:51:00.353 INFO: Epoch 1136: loss=0.0895, RMSE_E=2.2 meV, RMSE_F=9.5 meV / A
2024-06-30 01:51:19.122 INFO: Epoch 1138: loss=0.0896, RMSE_E=2.3 meV, RMSE_F=9.5 meV / A
2024-06-30 01:51:37.906 INFO: Epoch 1140: loss=0.0895, RMSE_E=2.2 meV, RMSE_F=9.5 meV / A
2024-06-30 01:51:56.699 INFO: Epoch 1142: loss=0.0893, RMSE_E=2.3 meV, RMSE_F=9.4 meV / A
2024-06-30 01:52:15.495 INFO: Epoch 1144: loss=0.0893, RMSE_E=2.2 meV, RMSE_F=9.5 meV / A
2024-06-30 01:52:34.255 INFO: Epoch 1146: loss=0.0894, RMSE_E=2.2 meV, RMSE_F=9.5 meV / A
2024-06-30 01:52:53.020 INFO: Epoch 1148: loss=0.0893, RMSE_E=2.2 meV, RMSE_F=9.5 meV / A
2024-06-30 01:53:11.890 INFO: Epoch 1150: loss=0.0893, RMSE_E=2.2 meV, RMSE_F=9.4 meV / A
2024-06-30 01:53:30.700 INFO: Epoch 1152: loss=0.0892, RMSE_E=2.2 meV, RMSE_F=9.4 meV / A
2024-06-30 01:53:49.506 INFO: Epoch 1154: loss=0.0894, RMSE_E=2.2 meV, RMSE_F=9.5 meV / A
2024-06-30 01:54:08.311 INFO: Epoch 1156: loss=0.0894, RMSE_E=2.2 meV, RMSE_F=9.5 meV / A
2024-06-30 01:54:27.137 INFO: Epoch 1158: loss=0.0893, RMSE_E=2.2 meV, RMSE_F=9.4 meV / A
2024-06-30 01:54:45.915 INFO: Epoch 1160: loss=0.0894, RMSE_E=2.2 meV, RMSE_F=9.5 meV / A
2024-06-30 01:55:04.703 INFO: Epoch 1162: loss=0.0893, RMSE_E=2.2 meV, RMSE_F=9.5 meV / A
2024-06-30 01:55:23.472 INFO: Epoch 1164: loss=0.0894, RMSE_E=2.2 meV, RMSE_F=9.5 meV / A
2024-06-30 01:55:42.249 INFO: Epoch 1166: loss=0.0892, RMSE_E=2.2 meV, RMSE_F=9.4 meV / A
2024-06-30 01:56:01.026 INFO: Epoch 1168: loss=0.0891, RMSE_E=2.2 meV, RMSE_F=9.4 meV / A
2024-06-30 01:56:19.782 INFO: Epoch 1170: loss=0.0892, RMSE_E=2.2 meV, RMSE_F=9.4 meV / A
2024-06-30 01:56:38.580 INFO: Epoch 1172: loss=0.0890, RMSE_E=2.2 meV, RMSE_F=9.4 meV / A
2024-06-30 01:56:57.350 INFO: Epoch 1174: loss=0.0891, RMSE_E=2.2 meV, RMSE_F=9.4 meV / A
2024-06-30 01:57:16.124 INFO: Epoch 1176: loss=0.0890, RMSE_E=2.2 meV, RMSE_F=9.4 meV / A
2024-06-30 01:57:34.926 INFO: Epoch 1178: loss=0.0890, RMSE_E=2.2 meV, RMSE_F=9.4 meV / A
2024-06-30 01:57:53.704 INFO: Epoch 1180: loss=0.0890, RMSE_E=2.2 meV, RMSE_F=9.4 meV / A
2024-06-30 01:58:12.499 INFO: Epoch 1182: loss=0.0891, RMSE_E=2.2 meV, RMSE_F=9.4 meV / A
2024-06-30 01:58:31.265 INFO: Epoch 1184: loss=0.0891, RMSE_E=2.2 meV, RMSE_F=9.4 meV / A
2024-06-30 01:58:50.023 INFO: Epoch 1186: loss=0.0890, RMSE_E=2.2 meV, RMSE_F=9.4 meV / A
2024-06-30 01:59:08.791 INFO: Epoch 1188: loss=0.0890, RMSE_E=2.2 meV, RMSE_F=9.4 meV / A
2024-06-30 01:59:27.589 INFO: Epoch 1190: loss=0.0891, RMSE_E=2.2 meV, RMSE_F=9.4 meV / A
2024-06-30 01:59:46.378 INFO: Epoch 1192: loss=0.0891, RMSE_E=2.2 meV, RMSE_F=9.4 meV / A
2024-06-30 02:00:05.148 INFO: Epoch 1194: loss=0.0889, RMSE_E=2.2 meV, RMSE_F=9.4 meV / A
2024-06-30 02:00:24.062 INFO: Epoch 1196: loss=0.0889, RMSE_E=2.2 meV, RMSE_F=9.4 meV / A
2024-06-30 02:00:42.923 INFO: Epoch 1198: loss=0.0889, RMSE_E=2.2 meV, RMSE_F=9.4 meV / A
2024-06-30 02:01:01.746 INFO: Epoch 1200: loss=0.0888, RMSE_E=2.2 meV, RMSE_F=9.4 meV / A
2024-06-30 02:01:20.667 INFO: Epoch 1202: loss=0.0888, RMSE_E=2.2 meV, RMSE_F=9.4 meV / A
2024-06-30 02:01:39.449 INFO: Epoch 1204: loss=0.0888, RMSE_E=2.2 meV, RMSE_F=9.4 meV / A
2024-06-30 02:01:58.235 INFO: Epoch 1206: loss=0.0888, RMSE_E=2.2 meV, RMSE_F=9.4 meV / A
2024-06-30 02:02:17.017 INFO: Epoch 1208: loss=0.0888, RMSE_E=2.2 meV, RMSE_F=9.4 meV / A
2024-06-30 02:02:35.921 INFO: Epoch 1210: loss=0.0889, RMSE_E=2.2 meV, RMSE_F=9.4 meV / A
2024-06-30 02:02:54.712 INFO: Epoch 1212: loss=0.0888, RMSE_E=2.2 meV, RMSE_F=9.4 meV / A
2024-06-30 02:03:13.488 INFO: Epoch 1214: loss=0.0888, RMSE_E=2.2 meV, RMSE_F=9.4 meV / A
2024-06-30 02:03:32.286 INFO: Epoch 1216: loss=0.0888, RMSE_E=2.2 meV, RMSE_F=9.4 meV / A
2024-06-30 02:03:51.159 INFO: Epoch 1218: loss=0.0887, RMSE_E=2.2 meV, RMSE_F=9.4 meV / A
2024-06-30 02:04:10.071 INFO: Epoch 1220: loss=0.0886, RMSE_E=2.2 meV, RMSE_F=9.4 meV / A
2024-06-30 02:04:28.967 INFO: Epoch 1222: loss=0.0887, RMSE_E=2.2 meV, RMSE_F=9.4 meV / A
2024-06-30 02:04:47.743 INFO: Epoch 1224: loss=0.0887, RMSE_E=2.2 meV, RMSE_F=9.4 meV / A
2024-06-30 02:05:06.533 INFO: Epoch 1226: loss=0.0887, RMSE_E=2.2 meV, RMSE_F=9.4 meV / A
2024-06-30 02:05:25.336 INFO: Epoch 1228: loss=0.0886, RMSE_E=2.2 meV, RMSE_F=9.4 meV / A
2024-06-30 02:05:44.208 INFO: Epoch 1230: loss=0.0886, RMSE_E=2.2 meV, RMSE_F=9.4 meV / A
2024-06-30 02:06:03.000 INFO: Epoch 1232: loss=0.0886, RMSE_E=2.1 meV, RMSE_F=9.4 meV / A
2024-06-30 02:06:21.774 INFO: Epoch 1234: loss=0.0887, RMSE_E=2.2 meV, RMSE_F=9.4 meV / A
2024-06-30 02:06:40.548 INFO: Epoch 1236: loss=0.0887, RMSE_E=2.2 meV, RMSE_F=9.4 meV / A
2024-06-30 02:06:59.346 INFO: Epoch 1238: loss=0.0887, RMSE_E=2.2 meV, RMSE_F=9.4 meV / A
2024-06-30 02:07:18.129 INFO: Epoch 1240: loss=0.0886, RMSE_E=2.2 meV, RMSE_F=9.4 meV / A
2024-06-30 02:07:36.921 INFO: Epoch 1242: loss=0.0886, RMSE_E=2.2 meV, RMSE_F=9.4 meV / A
2024-06-30 02:07:55.686 INFO: Epoch 1244: loss=0.0886, RMSE_E=2.2 meV, RMSE_F=9.4 meV / A
2024-06-30 02:08:14.578 INFO: Epoch 1246: loss=0.0886, RMSE_E=2.2 meV, RMSE_F=9.4 meV / A
2024-06-30 02:08:33.487 INFO: Epoch 1248: loss=0.0888, RMSE_E=2.2 meV, RMSE_F=9.4 meV / A
2024-06-30 02:08:52.265 INFO: Epoch 1250: loss=0.0887, RMSE_E=2.2 meV, RMSE_F=9.4 meV / A
2024-06-30 02:09:11.061 INFO: Epoch 1252: loss=0.0887, RMSE_E=2.2 meV, RMSE_F=9.4 meV / A
2024-06-30 02:09:29.848 INFO: Epoch 1254: loss=0.0887, RMSE_E=2.2 meV, RMSE_F=9.4 meV / A
2024-06-30 02:09:48.623 INFO: Epoch 1256: loss=0.0886, RMSE_E=2.1 meV, RMSE_F=9.4 meV / A
2024-06-30 02:10:07.408 INFO: Epoch 1258: loss=0.0886, RMSE_E=2.1 meV, RMSE_F=9.4 meV / A
2024-06-30 02:10:26.212 INFO: Epoch 1260: loss=0.0887, RMSE_E=2.2 meV, RMSE_F=9.4 meV / A
2024-06-30 02:10:44.994 INFO: Epoch 1262: loss=0.0887, RMSE_E=2.2 meV, RMSE_F=9.4 meV / A
2024-06-30 02:11:03.777 INFO: Epoch 1264: loss=0.0884, RMSE_E=2.2 meV, RMSE_F=9.4 meV / A
2024-06-30 02:11:22.695 INFO: Epoch 1266: loss=0.0883, RMSE_E=2.1 meV, RMSE_F=9.4 meV / A
2024-06-30 02:11:41.577 INFO: Epoch 1268: loss=0.0885, RMSE_E=2.2 meV, RMSE_F=9.4 meV / A
2024-06-30 02:12:00.375 INFO: Epoch 1270: loss=0.0885, RMSE_E=2.2 meV, RMSE_F=9.4 meV / A
2024-06-30 02:12:19.149 INFO: Epoch 1272: loss=0.0885, RMSE_E=2.1 meV, RMSE_F=9.4 meV / A
2024-06-30 02:12:37.909 INFO: Epoch 1274: loss=0.0886, RMSE_E=2.2 meV, RMSE_F=9.4 meV / A
2024-06-30 02:12:56.677 INFO: Epoch 1276: loss=0.0885, RMSE_E=2.1 meV, RMSE_F=9.4 meV / A
2024-06-30 02:13:15.463 INFO: Epoch 1278: loss=0.0885, RMSE_E=2.1 meV, RMSE_F=9.4 meV / A
2024-06-30 02:13:34.259 INFO: Epoch 1280: loss=0.0885, RMSE_E=2.1 meV, RMSE_F=9.4 meV / A
2024-06-30 02:13:53.027 INFO: Epoch 1282: loss=0.0884, RMSE_E=2.1 meV, RMSE_F=9.4 meV / A
2024-06-30 02:14:11.794 INFO: Epoch 1284: loss=0.0885, RMSE_E=2.1 meV, RMSE_F=9.4 meV / A
2024-06-30 02:14:30.573 INFO: Epoch 1286: loss=0.0885, RMSE_E=2.1 meV, RMSE_F=9.4 meV / A
2024-06-30 02:14:49.328 INFO: Epoch 1288: loss=0.0884, RMSE_E=2.1 meV, RMSE_F=9.4 meV / A
2024-06-30 02:15:08.142 INFO: Epoch 1290: loss=0.0884, RMSE_E=2.1 meV, RMSE_F=9.4 meV / A
2024-06-30 02:15:26.925 INFO: Epoch 1292: loss=0.0885, RMSE_E=2.1 meV, RMSE_F=9.4 meV / A
2024-06-30 02:15:45.690 INFO: Epoch 1294: loss=0.0885, RMSE_E=2.2 meV, RMSE_F=9.4 meV / A
2024-06-30 02:16:04.496 INFO: Epoch 1296: loss=0.0885, RMSE_E=2.1 meV, RMSE_F=9.4 meV / A
2024-06-30 02:16:23.293 INFO: Epoch 1298: loss=0.0884, RMSE_E=2.1 meV, RMSE_F=9.4 meV / A
2024-06-30 02:16:42.081 INFO: Epoch 1300: loss=0.0885, RMSE_E=2.2 meV, RMSE_F=9.4 meV / A
2024-06-30 02:17:00.859 INFO: Epoch 1302: loss=0.0884, RMSE_E=2.1 meV, RMSE_F=9.4 meV / A
2024-06-30 02:17:19.749 INFO: Epoch 1304: loss=0.0885, RMSE_E=2.1 meV, RMSE_F=9.4 meV / A
2024-06-30 02:17:38.531 INFO: Epoch 1306: loss=0.0884, RMSE_E=2.2 meV, RMSE_F=9.4 meV / A
2024-06-30 02:17:57.332 INFO: Epoch 1308: loss=0.0885, RMSE_E=2.1 meV, RMSE_F=9.4 meV / A
2024-06-30 02:18:16.123 INFO: Epoch 1310: loss=0.0883, RMSE_E=2.1 meV, RMSE_F=9.4 meV / A
2024-06-30 02:18:35.014 INFO: Epoch 1312: loss=0.0884, RMSE_E=2.1 meV, RMSE_F=9.4 meV / A
2024-06-30 02:18:53.800 INFO: Epoch 1314: loss=0.0882, RMSE_E=2.1 meV, RMSE_F=9.4 meV / A
2024-06-30 02:19:12.686 INFO: Epoch 1316: loss=0.0883, RMSE_E=2.1 meV, RMSE_F=9.4 meV / A
2024-06-30 02:19:31.449 INFO: Epoch 1318: loss=0.0883, RMSE_E=2.1 meV, RMSE_F=9.4 meV / A
2024-06-30 02:19:50.246 INFO: Epoch 1320: loss=0.0883, RMSE_E=2.1 meV, RMSE_F=9.4 meV / A
2024-06-30 02:20:09.026 INFO: Epoch 1322: loss=0.0885, RMSE_E=2.1 meV, RMSE_F=9.4 meV / A
2024-06-30 02:20:27.803 INFO: Epoch 1324: loss=0.0883, RMSE_E=2.1 meV, RMSE_F=9.4 meV / A
2024-06-30 02:20:46.572 INFO: Epoch 1326: loss=0.0884, RMSE_E=2.1 meV, RMSE_F=9.4 meV / A
2024-06-30 02:21:05.370 INFO: Epoch 1328: loss=0.0882, RMSE_E=2.1 meV, RMSE_F=9.4 meV / A
2024-06-30 02:21:24.268 INFO: Epoch 1330: loss=0.0882, RMSE_E=2.1 meV, RMSE_F=9.4 meV / A
2024-06-30 02:21:43.040 INFO: Epoch 1332: loss=0.0882, RMSE_E=2.1 meV, RMSE_F=9.4 meV / A
2024-06-30 02:22:01.825 INFO: Epoch 1334: loss=0.0885, RMSE_E=2.1 meV, RMSE_F=9.4 meV / A
2024-06-30 02:22:20.612 INFO: Epoch 1336: loss=0.0882, RMSE_E=2.1 meV, RMSE_F=9.4 meV / A
2024-06-30 02:22:39.387 INFO: Epoch 1338: loss=0.0882, RMSE_E=2.1 meV, RMSE_F=9.4 meV / A
2024-06-30 02:22:58.182 INFO: Epoch 1340: loss=0.0881, RMSE_E=2.1 meV, RMSE_F=9.4 meV / A
2024-06-30 02:23:17.066 INFO: Epoch 1342: loss=0.0882, RMSE_E=2.1 meV, RMSE_F=9.4 meV / A
2024-06-30 02:23:35.852 INFO: Epoch 1344: loss=0.0881, RMSE_E=2.1 meV, RMSE_F=9.4 meV / A
2024-06-30 02:23:54.742 INFO: Epoch 1346: loss=0.0883, RMSE_E=2.1 meV, RMSE_F=9.4 meV / A
2024-06-30 02:24:13.527 INFO: Epoch 1348: loss=0.0882, RMSE_E=2.1 meV, RMSE_F=9.4 meV / A
2024-06-30 02:24:32.318 INFO: Epoch 1350: loss=0.0881, RMSE_E=2.1 meV, RMSE_F=9.4 meV / A
2024-06-30 02:24:51.092 INFO: Epoch 1352: loss=0.0882, RMSE_E=2.1 meV, RMSE_F=9.4 meV / A
2024-06-30 02:25:09.859 INFO: Epoch 1354: loss=0.0881, RMSE_E=2.1 meV, RMSE_F=9.4 meV / A
2024-06-30 02:25:28.618 INFO: Epoch 1356: loss=0.0882, RMSE_E=2.1 meV, RMSE_F=9.4 meV / A
2024-06-30 02:25:47.372 INFO: Epoch 1358: loss=0.0882, RMSE_E=2.1 meV, RMSE_F=9.4 meV / A
2024-06-30 02:26:06.124 INFO: Epoch 1360: loss=0.0883, RMSE_E=2.1 meV, RMSE_F=9.4 meV / A
2024-06-30 02:26:24.920 INFO: Epoch 1362: loss=0.0882, RMSE_E=2.1 meV, RMSE_F=9.4 meV / A
2024-06-30 02:26:43.718 INFO: Epoch 1364: loss=0.0881, RMSE_E=2.1 meV, RMSE_F=9.4 meV / A
2024-06-30 02:27:02.519 INFO: Epoch 1366: loss=0.0883, RMSE_E=2.1 meV, RMSE_F=9.4 meV / A
2024-06-30 02:27:21.330 INFO: Epoch 1368: loss=0.0882, RMSE_E=2.1 meV, RMSE_F=9.4 meV / A
2024-06-30 02:27:40.114 INFO: Epoch 1370: loss=0.0880, RMSE_E=2.1 meV, RMSE_F=9.4 meV / A
2024-06-30 02:27:58.995 INFO: Epoch 1372: loss=0.0881, RMSE_E=2.1 meV, RMSE_F=9.4 meV / A
2024-06-30 02:28:17.760 INFO: Epoch 1374: loss=0.0880, RMSE_E=2.1 meV, RMSE_F=9.4 meV / A
2024-06-30 02:28:36.543 INFO: Epoch 1376: loss=0.0882, RMSE_E=2.1 meV, RMSE_F=9.4 meV / A
2024-06-30 02:28:55.339 INFO: Epoch 1378: loss=0.0881, RMSE_E=2.1 meV, RMSE_F=9.4 meV / A
2024-06-30 02:29:14.141 INFO: Epoch 1380: loss=0.0881, RMSE_E=2.1 meV, RMSE_F=9.4 meV / A
2024-06-30 02:29:32.951 INFO: Epoch 1382: loss=0.0880, RMSE_E=2.1 meV, RMSE_F=9.4 meV / A
2024-06-30 02:29:51.840 INFO: Epoch 1384: loss=0.0881, RMSE_E=2.1 meV, RMSE_F=9.4 meV / A
2024-06-30 02:30:10.629 INFO: Epoch 1386: loss=0.0880, RMSE_E=2.1 meV, RMSE_F=9.4 meV / A
2024-06-30 02:30:29.410 INFO: Epoch 1388: loss=0.0881, RMSE_E=2.1 meV, RMSE_F=9.4 meV / A
2024-06-30 02:30:48.218 INFO: Epoch 1390: loss=0.0879, RMSE_E=2.1 meV, RMSE_F=9.4 meV / A
2024-06-30 02:31:07.131 INFO: Epoch 1392: loss=0.0878, RMSE_E=2.1 meV, RMSE_F=9.4 meV / A
2024-06-30 02:31:25.999 INFO: Epoch 1394: loss=0.0879, RMSE_E=2.1 meV, RMSE_F=9.4 meV / A
2024-06-30 02:31:44.764 INFO: Epoch 1396: loss=0.0880, RMSE_E=2.1 meV, RMSE_F=9.4 meV / A
2024-06-30 02:32:03.523 INFO: Epoch 1398: loss=0.0880, RMSE_E=2.1 meV, RMSE_F=9.4 meV / A
2024-06-30 02:32:22.302 INFO: Epoch 1400: loss=0.0880, RMSE_E=2.1 meV, RMSE_F=9.4 meV / A
2024-06-30 02:32:41.068 INFO: Epoch 1402: loss=0.0881, RMSE_E=2.1 meV, RMSE_F=9.4 meV / A
2024-06-30 02:32:59.840 INFO: Epoch 1404: loss=0.0879, RMSE_E=2.1 meV, RMSE_F=9.4 meV / A
2024-06-30 02:33:18.600 INFO: Epoch 1406: loss=0.0879, RMSE_E=2.1 meV, RMSE_F=9.4 meV / A
2024-06-30 02:33:37.382 INFO: Epoch 1408: loss=0.0880, RMSE_E=2.1 meV, RMSE_F=9.4 meV / A
2024-06-30 02:33:56.134 INFO: Epoch 1410: loss=0.0881, RMSE_E=2.1 meV, RMSE_F=9.4 meV / A
2024-06-30 02:34:14.901 INFO: Epoch 1412: loss=0.0879, RMSE_E=2.1 meV, RMSE_F=9.4 meV / A
2024-06-30 02:34:33.669 INFO: Epoch 1414: loss=0.0880, RMSE_E=2.1 meV, RMSE_F=9.4 meV / A
2024-06-30 02:34:52.452 INFO: Epoch 1416: loss=0.0880, RMSE_E=2.1 meV, RMSE_F=9.4 meV / A
2024-06-30 02:35:11.223 INFO: Epoch 1418: loss=0.0880, RMSE_E=2.1 meV, RMSE_F=9.4 meV / A
2024-06-30 02:35:29.987 INFO: Epoch 1420: loss=0.0880, RMSE_E=2.1 meV, RMSE_F=9.4 meV / A
2024-06-30 02:35:48.758 INFO: Epoch 1422: loss=0.0880, RMSE_E=2.1 meV, RMSE_F=9.4 meV / A
2024-06-30 02:36:07.539 INFO: Epoch 1424: loss=0.0878, RMSE_E=2.1 meV, RMSE_F=9.4 meV / A
2024-06-30 02:36:26.335 INFO: Epoch 1426: loss=0.0880, RMSE_E=2.1 meV, RMSE_F=9.4 meV / A
2024-06-30 02:36:45.112 INFO: Epoch 1428: loss=0.0880, RMSE_E=2.1 meV, RMSE_F=9.4 meV / A
2024-06-30 02:37:03.885 INFO: Epoch 1430: loss=0.0881, RMSE_E=2.1 meV, RMSE_F=9.4 meV / A
2024-06-30 02:37:22.650 INFO: Epoch 1432: loss=0.0880, RMSE_E=2.1 meV, RMSE_F=9.4 meV / A
2024-06-30 02:37:41.419 INFO: Epoch 1434: loss=0.0880, RMSE_E=2.1 meV, RMSE_F=9.4 meV / A
2024-06-30 02:38:00.204 INFO: Epoch 1436: loss=0.0880, RMSE_E=2.1 meV, RMSE_F=9.4 meV / A
2024-06-30 02:38:19.129 INFO: Epoch 1438: loss=0.0879, RMSE_E=2.1 meV, RMSE_F=9.4 meV / A
2024-06-30 02:38:37.920 INFO: Epoch 1440: loss=0.0879, RMSE_E=2.1 meV, RMSE_F=9.4 meV / A
2024-06-30 02:38:56.698 INFO: Epoch 1442: loss=0.0880, RMSE_E=2.1 meV, RMSE_F=9.4 meV / A
2024-06-30 02:39:15.477 INFO: Epoch 1444: loss=0.0880, RMSE_E=2.1 meV, RMSE_F=9.4 meV / A
2024-06-30 02:39:34.254 INFO: Epoch 1446: loss=0.0880, RMSE_E=2.1 meV, RMSE_F=9.4 meV / A
2024-06-30 02:39:53.040 INFO: Epoch 1448: loss=0.0879, RMSE_E=2.1 meV, RMSE_F=9.4 meV / A
2024-06-30 02:40:11.815 INFO: Epoch 1450: loss=0.0879, RMSE_E=2.1 meV, RMSE_F=9.4 meV / A
2024-06-30 02:40:30.571 INFO: Epoch 1452: loss=0.0880, RMSE_E=2.1 meV, RMSE_F=9.4 meV / A
2024-06-30 02:40:49.343 INFO: Epoch 1454: loss=0.0879, RMSE_E=2.1 meV, RMSE_F=9.4 meV / A
2024-06-30 02:41:08.137 INFO: Epoch 1456: loss=0.0880, RMSE_E=2.1 meV, RMSE_F=9.4 meV / A
2024-06-30 02:41:26.961 INFO: Epoch 1458: loss=0.0879, RMSE_E=2.1 meV, RMSE_F=9.4 meV / A
2024-06-30 02:41:45.762 INFO: Epoch 1460: loss=0.0878, RMSE_E=2.1 meV, RMSE_F=9.4 meV / A
2024-06-30 02:42:04.552 INFO: Epoch 1462: loss=0.0880, RMSE_E=2.1 meV, RMSE_F=9.4 meV / A
2024-06-30 02:42:23.330 INFO: Epoch 1464: loss=0.0880, RMSE_E=2.1 meV, RMSE_F=9.4 meV / A
2024-06-30 02:42:42.089 INFO: Epoch 1466: loss=0.0879, RMSE_E=2.1 meV, RMSE_F=9.4 meV / A
2024-06-30 02:43:00.881 INFO: Epoch 1468: loss=0.0879, RMSE_E=2.1 meV, RMSE_F=9.4 meV / A
2024-06-30 02:43:19.681 INFO: Epoch 1470: loss=0.0878, RMSE_E=2.1 meV, RMSE_F=9.4 meV / A
2024-06-30 02:43:38.585 INFO: Epoch 1472: loss=0.0878, RMSE_E=2.1 meV, RMSE_F=9.4 meV / A
2024-06-30 02:43:57.468 INFO: Epoch 1474: loss=0.0878, RMSE_E=2.1 meV, RMSE_F=9.4 meV / A
2024-06-30 02:44:16.370 INFO: Epoch 1476: loss=0.0878, RMSE_E=2.1 meV, RMSE_F=9.4 meV / A
2024-06-30 02:44:35.152 INFO: Epoch 1478: loss=0.0879, RMSE_E=2.1 meV, RMSE_F=9.4 meV / A
2024-06-30 02:44:53.928 INFO: Epoch 1480: loss=0.0878, RMSE_E=2.1 meV, RMSE_F=9.4 meV / A
2024-06-30 02:45:12.714 INFO: Epoch 1482: loss=0.0878, RMSE_E=2.1 meV, RMSE_F=9.4 meV / A
2024-06-30 02:45:31.510 INFO: Epoch 1484: loss=0.0877, RMSE_E=2.1 meV, RMSE_F=9.4 meV / A
2024-06-30 02:45:50.403 INFO: Epoch 1486: loss=0.0877, RMSE_E=2.1 meV, RMSE_F=9.4 meV / A
2024-06-30 02:46:09.193 INFO: Epoch 1488: loss=0.0878, RMSE_E=2.1 meV, RMSE_F=9.4 meV / A
2024-06-30 02:46:27.967 INFO: Epoch 1490: loss=0.0878, RMSE_E=2.1 meV, RMSE_F=9.4 meV / A
2024-06-30 02:46:46.778 INFO: Epoch 1492: loss=0.0879, RMSE_E=2.1 meV, RMSE_F=9.4 meV / A
2024-06-30 02:47:05.586 INFO: Epoch 1494: loss=0.0878, RMSE_E=2.1 meV, RMSE_F=9.4 meV / A
2024-06-30 02:47:24.382 INFO: Epoch 1496: loss=0.0877, RMSE_E=2.1 meV, RMSE_F=9.4 meV / A
2024-06-30 02:47:43.278 INFO: Epoch 1498: loss=0.0878, RMSE_E=2.1 meV, RMSE_F=9.4 meV / A
2024-06-30 02:47:52.487 INFO: Training complete
2024-06-30 02:47:52.487 INFO: Computing metrics for training, validation, and test sets
2024-06-30 02:47:53.262 INFO: Loading checkpoint: checkpoints/3BPA-L2_run-123_epoch-1496.pt
2024-06-30 02:47:53.400 INFO: Loaded model from epoch 1496
2024-06-30 02:47:53.401 INFO: Evaluating train ...
2024-06-30 02:47:57.983 INFO: Evaluating valid ...
2024-06-30 02:47:58.470 INFO: Evaluating Default ...
2024-06-30 02:48:17.801 INFO: 
+-------------+--------------+------------------+-------------------+
| config_type | RMSE E / meV | RMSE F / meV / A | relative F RMSE % |
+-------------+--------------+------------------+-------------------+
|    train    |     1.4      |       1.1        |        0.11       |
|    valid    |     2.1      |       9.4        |        0.97       |
|   Default   |     2.4      |       9.9        |        1.03       |
+-------------+--------------+------------------+-------------------+
2024-06-30 02:48:17.801 INFO: Saving model to checkpoints/3BPA-L2_run-123.model
2024-06-30 02:48:17.980 INFO: Compiling model, saving metadata to 3BPA-L2_compiled.model
2024-06-30 02:48:18.731 INFO: Done
