2024-11-25 16:57:56.932 INFO: MACE version: 0.3.5
2024-11-25 16:57:56.933 INFO: Configuration: Namespace(config=None, name='azobenzene', seed=123, log_dir='logs', model_dir='.', checkpoints_dir='checkpoints', results_dir='results', downloads_dir='downloads', device='cuda', default_dtype='float64', distributed=False, log_level='INFO', error_table='TotalRMSE', model='MACE', r_max=5.0, radial_type='bessel', num_radial_basis=8, num_cutoff_basis=5, pair_repulsion=False, distance_transform='None', interaction='RealAgnosticResidualInteractionBlock', interaction_first='RealAgnosticResidualInteractionBlock', max_ell=3, correlation=3, num_interactions=2, MLP_irreps='16x0e', radial_MLP='[64, 64, 64]', hidden_irreps='128x0e + 128x1o', num_channels=128, max_L=1, gate='silu', scaling='rms_forces_scaling', avg_num_neighbors=1, compute_avg_num_neighbors=True, compute_stress=False, compute_forces=True, train_file='./dataset/train.xyz', valid_file='./dataset/valid.xyz', valid_fraction=0.1, test_file=None, test_dir=None, multi_processed_test=False, num_workers=0, pin_memory=True, atomic_numbers=None, mean=None, std=None, statistics_file=None, E0s='average', keep_isolated_atoms=False, energy_key='energy', forces_key='forces', virials_key='virials', stress_key='stress', dipole_key='dipole', charges_key='charges', loss='ef', forces_weight=1000.0, swa_forces_weight=100.0, energy_weight=1.0, swa_energy_weight=1000.0, virials_weight=1.0, swa_virials_weight=10.0, stress_weight=1.0, swa_stress_weight=10.0, dipole_weight=1.0, swa_dipole_weight=1.0, config_type_weights='{"Default":1.0}', huber_delta=0.01, optimizer='adam', beta=0.9, batch_size=5, valid_batch_size=5, lr=0.005, swa_lr=0.001, weight_decay=1e-08, amsgrad=True, scheduler='ReduceLROnPlateau', lr_factor=0.8, scheduler_patience=5, lr_scheduler_gamma=0.9993, swa=False, start_swa=None, ema=True, ema_decay=0.995, max_num_epochs=500, patience=2048, foundation_model='/home/l6eub2ic/whcs-share31/wangchen/mace/MPtrj/MACE-OFF23_medium.model', foundation_model_readout=True, eval_interval=2, keep_checkpoints=False, save_all_checkpoints=False, restart_latest=False, save_cpu=True, clip_grad=100.0, wandb=False, wandb_dir=None, wandb_project='', wandb_entity='', wandb_name='', wandb_log_hypers=['num_channels', 'max_L', 'correlation', 'lr', 'swa_lr', 'weight_decay', 'batch_size', 'max_num_epochs', 'start_swa', 'energy_weight', 'forces_weight'])
2024-11-25 16:57:57.089 INFO: CUDA version: 11.8, CUDA device: 0
2024-11-25 16:57:57.548 INFO: Error accessing Git repository: /home/l6eub2ic/whcs-share31/wangchen/mace/organic/azobenzene/finetune
2024-11-25 16:57:59.578 INFO: Using foundation model /home/l6eub2ic/whcs-share31/wangchen/mace/MPtrj/MACE-OFF23_medium.model as initial checkpoint.
2024-11-25 16:57:59.638 INFO: Since ASE version 3.23.0b1, using energy_key 'energy' is no longer safe when communicating between MACE and ASE. We recommend using a different key, rewriting energies to 'REF_energy'. You need to use --energy_key='REF_energy', to tell the key name chosen.
2024-11-25 16:57:59.648 INFO: Since ASE version 3.23.0b1, using forces_key 'forces' is no longer safe when communicating between MACE and ASE. We recommend using a different key, rewriting energies to 'REF_forces'. You need to use --forces_key='REF_forces', to tell the key name chosen.
2024-11-25 16:57:59.657 INFO: Since ASE version 3.23.0b1, using stress_key 'stress' is no longer safe when communicating between MACE and ASE. We recommend using a different key, rewriting energies to 'REF_stress'. You need to use --stress_key='REF_stress', to tell the key name chosen.
2024-11-25 16:57:59.659 INFO: Loaded 50 training configurations from './dataset/train.xyz'
2024-11-25 16:58:00.417 INFO: Since ASE version 3.23.0b1, using energy_key 'energy' is no longer safe when communicating between MACE and ASE. We recommend using a different key, rewriting energies to 'REF_energy'. You need to use --energy_key='REF_energy', to tell the key name chosen.
2024-11-25 16:58:00.587 INFO: Since ASE version 3.23.0b1, using forces_key 'forces' is no longer safe when communicating between MACE and ASE. We recommend using a different key, rewriting energies to 'REF_forces'. You need to use --forces_key='REF_forces', to tell the key name chosen.
2024-11-25 16:58:00.758 INFO: Since ASE version 3.23.0b1, using stress_key 'stress' is no longer safe when communicating between MACE and ASE. We recommend using a different key, rewriting energies to 'REF_stress'. You need to use --stress_key='REF_stress', to tell the key name chosen.
2024-11-25 16:58:00.784 INFO: Loaded 950 validation configurations from './dataset/valid.xyz'
2024-11-25 16:58:00.785 INFO: Total number of configurations: train=50, valid=950, tests=[]
2024-11-25 16:58:00.790 INFO: AtomicNumberTable: (1, 6, 7)
2024-11-25 16:58:00.790 INFO: Atomic Energies not in training file, using command line argument E0s
2024-11-25 16:58:00.790 INFO: Computing average Atomic Energies using least squares regression
2024-11-25 16:58:00.798 INFO: Atomic energies: [-627.1544648093148, -752.5853577711774, -125.43089296186294]
2024-11-25 16:58:01.372 INFO: EnergyForcesLoss(energy_weight=1.000, forces_weight=1000.000)
2024-11-25 16:58:01.400 INFO: Average number of neighbors: 13.736666666666666
2024-11-25 16:58:01.400 INFO: Selected the following outputs: {'energy': True, 'forces': True, 'virials': False, 'stress': False, 'dipoles': False}
2024-11-25 16:58:01.426 INFO: Building model
2024-11-25 16:58:07.126 INFO: ScaleShiftMACE(
  (node_embedding): LinearNodeEmbeddingBlock(
    (linear): Linear(3x0e -> 128x0e | 384 weights)
  )
  (radial_embedding): RadialEmbeddingBlock(
    (bessel_fn): BesselBasis(r_max=5.0, num_basis=8, trainable=True)
    (cutoff_fn): PolynomialCutoff(p=5.0, r_max=5.0)
  )
  (spherical_harmonics): SphericalHarmonics()
  (atomic_energies_fn): AtomicEnergiesBlock(energies=[-627.1545, -752.5854, -125.4309])
  (interactions): ModuleList(
    (0): RealAgnosticInteractionBlock(
      (linear_up): Linear(128x0e -> 128x0e | 16384 weights)
      (conv_tp): TensorProduct(128x0e x 1x0e+1x1o+1x2e+1x3o -> 128x0e+128x1o+128x2e+128x3o | 512 paths | 512 weights)
      (conv_tp_weights): FullyConnectedNet[8, 64, 64, 64, 512]
      (linear): Linear(128x0e+128x1o+128x2e+128x3o -> 128x0e+128x1o+128x2e+128x3o | 65536 weights)
      (skip_tp): FullyConnectedTensorProduct(128x0e+128x1o+128x2e+128x3o x 3x0e -> 128x0e+128x1o+128x2e+128x3o | 196608 paths | 196608 weights)
      (reshape): reshape_irreps()
    )
    (1): RealAgnosticResidualInteractionBlock(
      (linear_up): Linear(128x0e+128x1o -> 128x0e+128x1o | 32768 weights)
      (conv_tp): TensorProduct(128x0e+128x1o x 1x0e+1x1o+1x2e+1x3o -> 256x0e+384x1o+384x2e+256x3o | 1280 paths | 1280 weights)
      (conv_tp_weights): FullyConnectedNet[8, 64, 64, 64, 1280]
      (linear): Linear(256x0e+384x1o+384x2e+256x3o -> 128x0e+128x1o+128x2e+128x3o | 163840 weights)
      (skip_tp): FullyConnectedTensorProduct(128x0e+128x1o x 3x0e -> 128x0e | 49152 paths | 49152 weights)
      (reshape): reshape_irreps()
    )
  )
  (products): ModuleList(
    (0): EquivariantProductBasisBlock(
      (symmetric_contractions): SymmetricContraction(
        (contractions): ModuleList(
          (0): Contraction(
            (contractions_weighting): ModuleList(
              (0-1): 2 x GraphModule()
            )
            (contractions_features): ModuleList(
              (0-1): 2 x GraphModule()
            )
            (weights): ParameterList(
                (0): Parameter containing: [torch.float64 of size 3x4x128 (GPU 0)]
                (1): Parameter containing: [torch.float64 of size 3x1x128 (GPU 0)]
            )
            (graph_opt_main): GraphModule()
          )
          (1): Contraction(
            (contractions_weighting): ModuleList(
              (0-1): 2 x GraphModule()
            )
            (contractions_features): ModuleList(
              (0-1): 2 x GraphModule()
            )
            (weights): ParameterList(
                (0): Parameter containing: [torch.float64 of size 3x6x128 (GPU 0)]
                (1): Parameter containing: [torch.float64 of size 3x1x128 (GPU 0)]
            )
            (graph_opt_main): GraphModule()
          )
        )
      )
      (linear): Linear(128x0e+128x1o -> 128x0e+128x1o | 32768 weights)
    )
    (1): EquivariantProductBasisBlock(
      (symmetric_contractions): SymmetricContraction(
        (contractions): ModuleList(
          (0): Contraction(
            (contractions_weighting): ModuleList(
              (0-1): 2 x GraphModule()
            )
            (contractions_features): ModuleList(
              (0-1): 2 x GraphModule()
            )
            (weights): ParameterList(
                (0): Parameter containing: [torch.float64 of size 3x4x128 (GPU 0)]
                (1): Parameter containing: [torch.float64 of size 3x1x128 (GPU 0)]
            )
            (graph_opt_main): GraphModule()
          )
        )
      )
      (linear): Linear(128x0e -> 128x0e | 16384 weights)
    )
  )
  (readouts): ModuleList(
    (0): LinearReadoutBlock(
      (linear): Linear(128x0e+128x1o -> 1x0e | 128 weights)
    )
    (1): NonLinearReadoutBlock(
      (linear_1): Linear(128x0e -> 16x0e | 2048 weights)
      (non_linearity): Activation [x] (16x0e -> 16x0e)
      (linear_2): Linear(16x0e -> 1x0e | 16 weights)
    )
  )
  (scale_shift): ScaleShiftBlock(scale=1.088502, shift=0.000000)
)
2024-11-25 16:58:07.128 INFO: Number of parameters: 751896
2024-11-25 16:58:07.128 INFO: Optimizer: Adam (
Parameter Group 0
    amsgrad: True
    betas: (0.9, 0.999)
    capturable: False
    differentiable: False
    eps: 1e-08
    foreach: None
    fused: None
    lr: 0.005
    maximize: False
    name: embedding
    weight_decay: 0.0

Parameter Group 1
    amsgrad: True
    betas: (0.9, 0.999)
    capturable: False
    differentiable: False
    eps: 1e-08
    foreach: None
    fused: None
    lr: 0.005
    maximize: False
    name: interactions_decay
    weight_decay: 1e-08

Parameter Group 2
    amsgrad: True
    betas: (0.9, 0.999)
    capturable: False
    differentiable: False
    eps: 1e-08
    foreach: None
    fused: None
    lr: 0.005
    maximize: False
    name: interactions_no_decay
    weight_decay: 0.0

Parameter Group 3
    amsgrad: True
    betas: (0.9, 0.999)
    capturable: False
    differentiable: False
    eps: 1e-08
    foreach: None
    fused: None
    lr: 0.005
    maximize: False
    name: products
    weight_decay: 1e-08

Parameter Group 4
    amsgrad: True
    betas: (0.9, 0.999)
    capturable: False
    differentiable: False
    eps: 1e-08
    foreach: None
    fused: None
    lr: 0.005
    maximize: False
    name: readouts
    weight_decay: 0.0
)
2024-11-25 16:58:07.129 INFO: Using gradient clipping with tolerance=100.000
2024-11-25 16:58:07.129 INFO: Started training
2024-11-25 16:58:24.548 INFO: Epoch None: loss=14468.4931, RMSE_E=119339.0 meV, RMSE_F=476.1 meV / A
2024-11-25 16:58:41.969 INFO: Epoch 0: loss=7509.1334, RMSE_E=85855.7 meV, RMSE_F=371.4 meV / A
2024-11-25 16:58:50.633 INFO: Epoch 2: loss=205.1774, RMSE_E=5118.8 meV, RMSE_F=423.1 meV / A
2024-11-25 16:59:00.803 INFO: Epoch 4: loss=36.2960, RMSE_E=831.7 meV, RMSE_F=188.7 meV / A
2024-11-25 16:59:11.093 INFO: Epoch 6: loss=17.8986, RMSE_E=477.5 meV, RMSE_F=132.9 meV / A
2024-11-25 16:59:21.023 INFO: Epoch 8: loss=11.3950, RMSE_E=119.9 meV, RMSE_F=106.7 meV / A
2024-11-25 16:59:29.607 INFO: Epoch 10: loss=8.7382, RMSE_E=299.2 meV, RMSE_F=93.0 meV / A
2024-11-25 16:59:38.223 INFO: Epoch 12: loss=7.4275, RMSE_E=324.5 meV, RMSE_F=85.6 meV / A
2024-11-25 16:59:46.964 INFO: Epoch 14: loss=5.9183, RMSE_E=155.6 meV, RMSE_F=76.8 meV / A
2024-11-25 16:59:57.211 INFO: Epoch 16: loss=4.8976, RMSE_E=72.1 meV, RMSE_F=69.9 meV / A
2024-11-25 17:00:06.570 INFO: Epoch 18: loss=4.2343, RMSE_E=66.3 meV, RMSE_F=65.0 meV / A
2024-11-25 17:00:17.113 INFO: Epoch 20: loss=3.7306, RMSE_E=88.2 meV, RMSE_F=61.0 meV / A
2024-11-25 17:00:27.623 INFO: Epoch 22: loss=3.3266, RMSE_E=83.2 meV, RMSE_F=57.6 meV / A
2024-11-25 17:00:36.843 INFO: Epoch 24: loss=3.0378, RMSE_E=88.2 meV, RMSE_F=55.0 meV / A
2024-11-25 17:00:47.121 INFO: Epoch 26: loss=2.8107, RMSE_E=92.1 meV, RMSE_F=52.9 meV / A
2024-11-25 17:00:57.651 INFO: Epoch 28: loss=2.6024, RMSE_E=86.9 meV, RMSE_F=50.9 meV / A
2024-11-25 17:01:07.130 INFO: Epoch 30: loss=2.4259, RMSE_E=82.5 meV, RMSE_F=49.2 meV / A
2024-11-25 17:01:16.281 INFO: Epoch 32: loss=2.2687, RMSE_E=57.3 meV, RMSE_F=47.6 meV / A
2024-11-25 17:01:26.092 INFO: Epoch 34: loss=2.1314, RMSE_E=44.5 meV, RMSE_F=46.1 meV / A
2024-11-25 17:01:36.751 INFO: Epoch 36: loss=1.9826, RMSE_E=48.5 meV, RMSE_F=44.5 meV / A
2024-11-25 17:01:46.231 INFO: Epoch 38: loss=1.8765, RMSE_E=35.8 meV, RMSE_F=43.3 meV / A
2024-11-25 17:01:56.879 INFO: Epoch 40: loss=1.7630, RMSE_E=46.2 meV, RMSE_F=42.0 meV / A
2024-11-25 17:02:06.286 INFO: Epoch 42: loss=1.6722, RMSE_E=46.1 meV, RMSE_F=40.9 meV / A
2024-11-25 17:02:17.215 INFO: Epoch 44: loss=1.6011, RMSE_E=39.7 meV, RMSE_F=40.0 meV / A
2024-11-25 17:02:28.364 INFO: Epoch 46: loss=1.5358, RMSE_E=30.8 meV, RMSE_F=39.2 meV / A
2024-11-25 17:02:38.810 INFO: Epoch 48: loss=1.4767, RMSE_E=34.3 meV, RMSE_F=38.4 meV / A
2024-11-25 17:02:49.515 INFO: Epoch 50: loss=1.4208, RMSE_E=37.3 meV, RMSE_F=37.7 meV / A
2024-11-25 17:03:00.159 INFO: Epoch 52: loss=1.3725, RMSE_E=29.2 meV, RMSE_F=37.0 meV / A
2024-11-25 17:03:10.623 INFO: Epoch 54: loss=1.3303, RMSE_E=27.0 meV, RMSE_F=36.5 meV / A
2024-11-25 17:03:21.404 INFO: Epoch 56: loss=1.2876, RMSE_E=21.1 meV, RMSE_F=35.9 meV / A
2024-11-25 17:03:30.764 INFO: Epoch 58: loss=1.2499, RMSE_E=19.8 meV, RMSE_F=35.3 meV / A
2024-11-25 17:03:41.711 INFO: Epoch 60: loss=1.2154, RMSE_E=22.6 meV, RMSE_F=34.9 meV / A
2024-11-25 17:03:51.972 INFO: Epoch 62: loss=1.1838, RMSE_E=19.2 meV, RMSE_F=34.4 meV / A
2024-11-25 17:04:02.143 INFO: Epoch 64: loss=1.1582, RMSE_E=17.4 meV, RMSE_F=34.0 meV / A
2024-11-25 17:04:12.210 INFO: Epoch 66: loss=1.1378, RMSE_E=19.4 meV, RMSE_F=33.7 meV / A
2024-11-25 17:04:22.107 INFO: Epoch 68: loss=1.1145, RMSE_E=18.2 meV, RMSE_F=33.4 meV / A
2024-11-25 17:04:30.737 INFO: Epoch 70: loss=1.0914, RMSE_E=16.3 meV, RMSE_F=33.0 meV / A
2024-11-25 17:04:39.392 INFO: Epoch 72: loss=1.0723, RMSE_E=16.3 meV, RMSE_F=32.7 meV / A
2024-11-25 17:04:49.106 INFO: Epoch 74: loss=1.0503, RMSE_E=17.0 meV, RMSE_F=32.4 meV / A
2024-11-25 17:04:59.677 INFO: Epoch 76: loss=1.0309, RMSE_E=17.5 meV, RMSE_F=32.1 meV / A
2024-11-25 17:05:08.996 INFO: Epoch 78: loss=1.0135, RMSE_E=17.0 meV, RMSE_F=31.8 meV / A
2024-11-25 17:05:18.949 INFO: Epoch 80: loss=0.9979, RMSE_E=17.0 meV, RMSE_F=31.6 meV / A
2024-11-25 17:05:28.670 INFO: Epoch 82: loss=0.9823, RMSE_E=18.8 meV, RMSE_F=31.3 meV / A
2024-11-25 17:05:39.013 INFO: Epoch 84: loss=0.9694, RMSE_E=16.1 meV, RMSE_F=31.1 meV / A
2024-11-25 17:05:48.352 INFO: Epoch 86: loss=0.9558, RMSE_E=18.3 meV, RMSE_F=30.9 meV / A
2024-11-25 17:05:58.345 INFO: Epoch 88: loss=0.9434, RMSE_E=15.6 meV, RMSE_F=30.7 meV / A
2024-11-25 17:06:07.767 INFO: Epoch 90: loss=0.9307, RMSE_E=16.6 meV, RMSE_F=30.5 meV / A
2024-11-25 17:06:17.552 INFO: Epoch 92: loss=0.9189, RMSE_E=17.1 meV, RMSE_F=30.3 meV / A
2024-11-25 17:06:28.278 INFO: Epoch 94: loss=0.9079, RMSE_E=15.8 meV, RMSE_F=30.1 meV / A
2024-11-25 17:06:38.298 INFO: Epoch 96: loss=0.8983, RMSE_E=16.0 meV, RMSE_F=30.0 meV / A
2024-11-25 17:06:48.017 INFO: Epoch 98: loss=0.8887, RMSE_E=14.7 meV, RMSE_F=29.8 meV / A
2024-11-25 17:06:57.519 INFO: Epoch 100: loss=0.8798, RMSE_E=15.6 meV, RMSE_F=29.7 meV / A
2024-11-25 17:07:06.926 INFO: Epoch 102: loss=0.8717, RMSE_E=14.8 meV, RMSE_F=29.5 meV / A
2024-11-25 17:07:16.112 INFO: Epoch 104: loss=0.8655, RMSE_E=15.5 meV, RMSE_F=29.4 meV / A
2024-11-25 17:07:26.146 INFO: Epoch 106: loss=0.8561, RMSE_E=17.2 meV, RMSE_F=29.3 meV / A
2024-11-25 17:07:36.103 INFO: Epoch 108: loss=0.8475, RMSE_E=17.7 meV, RMSE_F=29.1 meV / A
2024-11-25 17:07:45.168 INFO: Epoch 110: loss=0.8402, RMSE_E=18.8 meV, RMSE_F=29.0 meV / A
2024-11-25 17:07:55.272 INFO: Epoch 112: loss=0.8338, RMSE_E=19.0 meV, RMSE_F=28.9 meV / A
2024-11-25 17:08:04.833 INFO: Epoch 114: loss=0.8265, RMSE_E=18.4 meV, RMSE_F=28.7 meV / A
2024-11-25 17:08:13.901 INFO: Epoch 116: loss=0.8194, RMSE_E=17.7 meV, RMSE_F=28.6 meV / A
2024-11-25 17:08:23.085 INFO: Epoch 118: loss=0.8136, RMSE_E=16.5 meV, RMSE_F=28.5 meV / A
2024-11-25 17:08:32.782 INFO: Epoch 120: loss=0.8074, RMSE_E=16.1 meV, RMSE_F=28.4 meV / A
2024-11-25 17:08:42.056 INFO: Epoch 122: loss=0.8021, RMSE_E=16.3 meV, RMSE_F=28.3 meV / A
2024-11-25 17:08:52.316 INFO: Epoch 124: loss=0.7969, RMSE_E=16.4 meV, RMSE_F=28.2 meV / A
2024-11-25 17:09:02.831 INFO: Epoch 126: loss=0.7915, RMSE_E=14.9 meV, RMSE_F=28.1 meV / A
2024-11-25 17:09:12.411 INFO: Epoch 128: loss=0.7855, RMSE_E=13.7 meV, RMSE_F=28.0 meV / A
2024-11-25 17:09:23.460 INFO: Epoch 130: loss=0.7805, RMSE_E=14.0 meV, RMSE_F=27.9 meV / A
2024-11-25 17:09:31.504 INFO: Epoch 132: loss=0.7759, RMSE_E=13.8 meV, RMSE_F=27.9 meV / A
2024-11-25 17:09:40.946 INFO: Epoch 134: loss=0.7709, RMSE_E=12.5 meV, RMSE_F=27.8 meV / A
2024-11-25 17:09:50.647 INFO: Epoch 136: loss=0.7656, RMSE_E=13.0 meV, RMSE_F=27.7 meV / A
2024-11-25 17:09:59.967 INFO: Epoch 138: loss=0.7600, RMSE_E=12.5 meV, RMSE_F=27.6 meV / A
2024-11-25 17:10:10.512 INFO: Epoch 140: loss=0.7553, RMSE_E=12.3 meV, RMSE_F=27.5 meV / A
2024-11-25 17:10:19.612 INFO: Epoch 142: loss=0.7512, RMSE_E=12.2 meV, RMSE_F=27.4 meV / A
2024-11-25 17:10:29.512 INFO: Epoch 144: loss=0.7473, RMSE_E=12.1 meV, RMSE_F=27.3 meV / A
2024-11-25 17:10:38.743 INFO: Epoch 146: loss=0.7430, RMSE_E=11.8 meV, RMSE_F=27.3 meV / A
2024-11-25 17:10:48.759 INFO: Epoch 148: loss=0.7394, RMSE_E=11.1 meV, RMSE_F=27.2 meV / A
2024-11-25 17:10:57.810 INFO: Epoch 150: loss=0.7359, RMSE_E=11.2 meV, RMSE_F=27.1 meV / A
2024-11-25 17:11:07.734 INFO: Epoch 152: loss=0.7323, RMSE_E=10.9 meV, RMSE_F=27.1 meV / A
2024-11-25 17:11:17.112 INFO: Epoch 154: loss=0.7286, RMSE_E=11.1 meV, RMSE_F=27.0 meV / A
2024-11-25 17:11:27.915 INFO: Epoch 156: loss=0.7242, RMSE_E=10.7 meV, RMSE_F=26.9 meV / A
2024-11-25 17:11:37.426 INFO: Epoch 158: loss=0.7208, RMSE_E=10.3 meV, RMSE_F=26.8 meV / A
2024-11-25 17:11:47.715 INFO: Epoch 160: loss=0.7180, RMSE_E=10.5 meV, RMSE_F=26.8 meV / A
2024-11-25 17:11:57.609 INFO: Epoch 162: loss=0.7152, RMSE_E=10.5 meV, RMSE_F=26.7 meV / A
2024-11-25 17:12:08.027 INFO: Epoch 164: loss=0.7122, RMSE_E=10.3 meV, RMSE_F=26.7 meV / A
2024-11-25 17:12:17.741 INFO: Epoch 166: loss=0.7092, RMSE_E=10.6 meV, RMSE_F=26.6 meV / A
2024-11-25 17:12:28.199 INFO: Epoch 168: loss=0.7063, RMSE_E=10.0 meV, RMSE_F=26.6 meV / A
2024-11-25 17:12:37.986 INFO: Epoch 170: loss=0.7039, RMSE_E=9.9 meV, RMSE_F=26.5 meV / A
2024-11-25 17:12:47.817 INFO: Epoch 172: loss=0.7007, RMSE_E=10.2 meV, RMSE_F=26.5 meV / A
2024-11-25 17:12:58.295 INFO: Epoch 174: loss=0.6976, RMSE_E=10.2 meV, RMSE_F=26.4 meV / A
2024-11-25 17:13:07.650 INFO: Epoch 176: loss=0.6957, RMSE_E=10.2 meV, RMSE_F=26.4 meV / A
2024-11-25 17:13:18.277 INFO: Epoch 178: loss=0.6931, RMSE_E=10.2 meV, RMSE_F=26.3 meV / A
2024-11-25 17:13:28.385 INFO: Epoch 180: loss=0.6899, RMSE_E=10.4 meV, RMSE_F=26.3 meV / A
2024-11-25 17:13:38.038 INFO: Epoch 182: loss=0.6881, RMSE_E=10.1 meV, RMSE_F=26.2 meV / A
2024-11-25 17:13:48.612 INFO: Epoch 184: loss=0.6846, RMSE_E=9.8 meV, RMSE_F=26.2 meV / A
2024-11-25 17:13:58.506 INFO: Epoch 186: loss=0.6826, RMSE_E=10.2 meV, RMSE_F=26.1 meV / A
2024-11-25 17:14:08.597 INFO: Epoch 188: loss=0.6805, RMSE_E=10.7 meV, RMSE_F=26.1 meV / A
2024-11-25 17:14:18.614 INFO: Epoch 190: loss=0.6777, RMSE_E=10.9 meV, RMSE_F=26.0 meV / A
2024-11-25 17:14:28.720 INFO: Epoch 192: loss=0.6752, RMSE_E=10.1 meV, RMSE_F=26.0 meV / A
2024-11-25 17:14:37.375 INFO: Epoch 194: loss=0.6722, RMSE_E=10.2 meV, RMSE_F=25.9 meV / A
2024-11-25 17:14:48.693 INFO: Epoch 196: loss=0.6690, RMSE_E=10.3 meV, RMSE_F=25.9 meV / A
2024-11-25 17:14:58.958 INFO: Epoch 198: loss=0.6663, RMSE_E=10.2 meV, RMSE_F=25.8 meV / A
2024-11-25 17:15:09.162 INFO: Epoch 200: loss=0.6633, RMSE_E=10.3 meV, RMSE_F=25.8 meV / A
2024-11-25 17:15:19.128 INFO: Epoch 202: loss=0.6599, RMSE_E=10.2 meV, RMSE_F=25.7 meV / A
2024-11-25 17:15:28.266 INFO: Epoch 204: loss=0.6573, RMSE_E=9.9 meV, RMSE_F=25.6 meV / A
2024-11-25 17:15:38.219 INFO: Epoch 206: loss=0.6549, RMSE_E=9.9 meV, RMSE_F=25.6 meV / A
2024-11-25 17:15:47.479 INFO: Epoch 208: loss=0.6525, RMSE_E=9.9 meV, RMSE_F=25.5 meV / A
2024-11-25 17:15:57.784 INFO: Epoch 210: loss=0.6499, RMSE_E=9.8 meV, RMSE_F=25.5 meV / A
2024-11-25 17:16:07.881 INFO: Epoch 212: loss=0.6476, RMSE_E=9.7 meV, RMSE_F=25.4 meV / A
2024-11-25 17:16:17.680 INFO: Epoch 214: loss=0.6452, RMSE_E=9.9 meV, RMSE_F=25.4 meV / A
2024-11-25 17:16:28.134 INFO: Epoch 216: loss=0.6429, RMSE_E=9.6 meV, RMSE_F=25.4 meV / A
2024-11-25 17:16:38.118 INFO: Epoch 218: loss=0.6405, RMSE_E=9.8 meV, RMSE_F=25.3 meV / A
2024-11-25 17:16:48.479 INFO: Epoch 220: loss=0.6384, RMSE_E=9.4 meV, RMSE_F=25.3 meV / A
2024-11-25 17:16:58.111 INFO: Epoch 222: loss=0.6363, RMSE_E=10.0 meV, RMSE_F=25.2 meV / A
2024-11-25 17:17:08.626 INFO: Epoch 224: loss=0.6338, RMSE_E=9.1 meV, RMSE_F=25.2 meV / A
2024-11-25 17:17:18.688 INFO: Epoch 226: loss=0.6324, RMSE_E=9.1 meV, RMSE_F=25.1 meV / A
2024-11-25 17:17:28.798 INFO: Epoch 228: loss=0.6308, RMSE_E=9.1 meV, RMSE_F=25.1 meV / A
2024-11-25 17:17:38.587 INFO: Epoch 230: loss=0.6288, RMSE_E=9.1 meV, RMSE_F=25.1 meV / A
2024-11-25 17:17:48.766 INFO: Epoch 232: loss=0.6271, RMSE_E=9.0 meV, RMSE_F=25.0 meV / A
2024-11-25 17:17:58.778 INFO: Epoch 234: loss=0.6253, RMSE_E=8.9 meV, RMSE_F=25.0 meV / A
2024-11-25 17:18:08.939 INFO: Epoch 236: loss=0.6238, RMSE_E=8.9 meV, RMSE_F=25.0 meV / A
2024-11-25 17:18:18.844 INFO: Epoch 238: loss=0.6221, RMSE_E=8.5 meV, RMSE_F=24.9 meV / A
2024-11-25 17:18:29.179 INFO: Epoch 240: loss=0.6207, RMSE_E=8.7 meV, RMSE_F=24.9 meV / A
2024-11-25 17:18:38.340 INFO: Epoch 242: loss=0.6189, RMSE_E=8.5 meV, RMSE_F=24.9 meV / A
2024-11-25 17:18:49.109 INFO: Epoch 244: loss=0.6177, RMSE_E=8.3 meV, RMSE_F=24.9 meV / A
2024-11-25 17:18:59.040 INFO: Epoch 246: loss=0.6168, RMSE_E=8.3 meV, RMSE_F=24.8 meV / A
2024-11-25 17:19:10.258 INFO: Epoch 248: loss=0.6146, RMSE_E=8.5 meV, RMSE_F=24.8 meV / A
2024-11-25 17:19:19.979 INFO: Epoch 250: loss=0.6126, RMSE_E=8.4 meV, RMSE_F=24.7 meV / A
2024-11-25 17:19:30.425 INFO: Epoch 252: loss=0.6110, RMSE_E=8.1 meV, RMSE_F=24.7 meV / A
2024-11-25 17:19:39.108 INFO: Epoch 254: loss=0.6089, RMSE_E=8.6 meV, RMSE_F=24.7 meV / A
2024-11-25 17:19:47.775 INFO: Epoch 256: loss=0.6072, RMSE_E=8.2 meV, RMSE_F=24.6 meV / A
2024-11-25 17:19:56.476 INFO: Epoch 258: loss=0.6054, RMSE_E=8.4 meV, RMSE_F=24.6 meV / A
2024-11-25 17:20:06.351 INFO: Epoch 260: loss=0.6034, RMSE_E=8.1 meV, RMSE_F=24.6 meV / A
2024-11-25 17:20:16.774 INFO: Epoch 262: loss=0.6015, RMSE_E=8.2 meV, RMSE_F=24.5 meV / A
2024-11-25 17:20:26.650 INFO: Epoch 264: loss=0.6000, RMSE_E=7.9 meV, RMSE_F=24.5 meV / A
2024-11-25 17:20:36.745 INFO: Epoch 266: loss=0.5986, RMSE_E=8.1 meV, RMSE_F=24.5 meV / A
2024-11-25 17:20:46.641 INFO: Epoch 268: loss=0.5969, RMSE_E=7.9 meV, RMSE_F=24.4 meV / A
2024-11-25 17:20:56.398 INFO: Epoch 270: loss=0.5953, RMSE_E=7.8 meV, RMSE_F=24.4 meV / A
2024-11-25 17:21:06.561 INFO: Epoch 272: loss=0.5934, RMSE_E=7.9 meV, RMSE_F=24.4 meV / A
2024-11-25 17:21:16.999 INFO: Epoch 274: loss=0.5919, RMSE_E=7.8 meV, RMSE_F=24.3 meV / A
2024-11-25 17:21:26.922 INFO: Epoch 276: loss=0.5907, RMSE_E=7.9 meV, RMSE_F=24.3 meV / A
2024-11-25 17:21:37.071 INFO: Epoch 278: loss=0.5896, RMSE_E=7.9 meV, RMSE_F=24.3 meV / A
2024-11-25 17:21:46.244 INFO: Epoch 280: loss=0.5882, RMSE_E=7.6 meV, RMSE_F=24.3 meV / A
2024-11-25 17:21:55.547 INFO: Epoch 282: loss=0.5869, RMSE_E=7.7 meV, RMSE_F=24.2 meV / A
2024-11-25 17:22:06.245 INFO: Epoch 284: loss=0.5861, RMSE_E=7.6 meV, RMSE_F=24.2 meV / A
2024-11-25 17:22:16.263 INFO: Epoch 286: loss=0.5853, RMSE_E=7.6 meV, RMSE_F=24.2 meV / A
2024-11-25 17:22:26.104 INFO: Epoch 288: loss=0.5846, RMSE_E=7.5 meV, RMSE_F=24.2 meV / A
2024-11-25 17:22:36.380 INFO: Epoch 290: loss=0.5837, RMSE_E=7.4 meV, RMSE_F=24.2 meV / A
2024-11-25 17:22:46.377 INFO: Epoch 292: loss=0.5825, RMSE_E=7.4 meV, RMSE_F=24.1 meV / A
2024-11-25 17:22:55.635 INFO: Epoch 294: loss=0.5815, RMSE_E=7.4 meV, RMSE_F=24.1 meV / A
2024-11-25 17:23:05.076 INFO: Epoch 296: loss=0.5803, RMSE_E=7.4 meV, RMSE_F=24.1 meV / A
2024-11-25 17:23:14.366 INFO: Epoch 298: loss=0.5792, RMSE_E=7.3 meV, RMSE_F=24.1 meV / A
2024-11-25 17:23:24.016 INFO: Epoch 300: loss=0.5781, RMSE_E=7.3 meV, RMSE_F=24.0 meV / A
2024-11-25 17:23:34.049 INFO: Epoch 302: loss=0.5771, RMSE_E=7.3 meV, RMSE_F=24.0 meV / A
2024-11-25 17:23:44.206 INFO: Epoch 304: loss=0.5759, RMSE_E=7.2 meV, RMSE_F=24.0 meV / A
2024-11-25 17:23:54.083 INFO: Epoch 306: loss=0.5749, RMSE_E=7.2 meV, RMSE_F=24.0 meV / A
2024-11-25 17:24:03.764 INFO: Epoch 308: loss=0.5738, RMSE_E=7.3 meV, RMSE_F=24.0 meV / A
2024-11-25 17:24:13.722 INFO: Epoch 310: loss=0.5729, RMSE_E=7.2 meV, RMSE_F=23.9 meV / A
2024-11-25 17:24:22.962 INFO: Epoch 312: loss=0.5722, RMSE_E=7.2 meV, RMSE_F=23.9 meV / A
2024-11-25 17:24:32.487 INFO: Epoch 314: loss=0.5710, RMSE_E=7.2 meV, RMSE_F=23.9 meV / A
2024-11-25 17:24:41.103 INFO: Epoch 316: loss=0.5703, RMSE_E=7.2 meV, RMSE_F=23.9 meV / A
2024-11-25 17:24:50.874 INFO: Epoch 318: loss=0.5692, RMSE_E=7.2 meV, RMSE_F=23.9 meV / A
2024-11-25 17:25:01.071 INFO: Epoch 320: loss=0.5683, RMSE_E=7.1 meV, RMSE_F=23.8 meV / A
2024-11-25 17:25:11.146 INFO: Epoch 322: loss=0.5673, RMSE_E=7.2 meV, RMSE_F=23.8 meV / A
2024-11-25 17:25:21.103 INFO: Epoch 324: loss=0.5661, RMSE_E=7.1 meV, RMSE_F=23.8 meV / A
2024-11-25 17:25:30.372 INFO: Epoch 326: loss=0.5653, RMSE_E=7.1 meV, RMSE_F=23.8 meV / A
2024-11-25 17:25:40.197 INFO: Epoch 328: loss=0.5642, RMSE_E=7.0 meV, RMSE_F=23.8 meV / A
2024-11-25 17:25:50.432 INFO: Epoch 330: loss=0.5632, RMSE_E=7.0 meV, RMSE_F=23.7 meV / A
2024-11-25 17:26:00.471 INFO: Epoch 332: loss=0.5623, RMSE_E=7.0 meV, RMSE_F=23.7 meV / A
2024-11-25 17:26:10.506 INFO: Epoch 334: loss=0.5617, RMSE_E=7.0 meV, RMSE_F=23.7 meV / A
2024-11-25 17:26:20.884 INFO: Epoch 336: loss=0.5607, RMSE_E=6.9 meV, RMSE_F=23.7 meV / A
2024-11-25 17:26:31.126 INFO: Epoch 338: loss=0.5603, RMSE_E=7.0 meV, RMSE_F=23.7 meV / A
2024-11-25 17:26:41.028 INFO: Epoch 340: loss=0.5593, RMSE_E=7.0 meV, RMSE_F=23.6 meV / A
2024-11-25 17:26:51.988 INFO: Epoch 342: loss=0.5584, RMSE_E=6.9 meV, RMSE_F=23.6 meV / A
2024-11-25 17:27:02.373 INFO: Epoch 344: loss=0.5578, RMSE_E=6.9 meV, RMSE_F=23.6 meV / A
2024-11-25 17:27:11.885 INFO: Epoch 346: loss=0.5569, RMSE_E=6.9 meV, RMSE_F=23.6 meV / A
2024-11-25 17:27:21.834 INFO: Epoch 348: loss=0.5562, RMSE_E=6.9 meV, RMSE_F=23.6 meV / A
2024-11-25 17:27:31.616 INFO: Epoch 350: loss=0.5557, RMSE_E=6.9 meV, RMSE_F=23.6 meV / A
2024-11-25 17:27:41.553 INFO: Epoch 352: loss=0.5551, RMSE_E=6.8 meV, RMSE_F=23.6 meV / A
2024-11-25 17:27:51.143 INFO: Epoch 354: loss=0.5544, RMSE_E=6.8 meV, RMSE_F=23.5 meV / A
2024-11-25 17:28:00.993 INFO: Epoch 356: loss=0.5538, RMSE_E=6.8 meV, RMSE_F=23.5 meV / A
2024-11-25 17:28:10.917 INFO: Epoch 358: loss=0.5532, RMSE_E=6.9 meV, RMSE_F=23.5 meV / A
2024-11-25 17:28:21.106 INFO: Epoch 360: loss=0.5528, RMSE_E=6.8 meV, RMSE_F=23.5 meV / A
2024-11-25 17:28:31.223 INFO: Epoch 362: loss=0.5521, RMSE_E=6.7 meV, RMSE_F=23.5 meV / A
2024-11-25 17:28:41.755 INFO: Epoch 364: loss=0.5514, RMSE_E=6.8 meV, RMSE_F=23.5 meV / A
2024-11-25 17:28:52.461 INFO: Epoch 366: loss=0.5509, RMSE_E=6.8 meV, RMSE_F=23.5 meV / A
2024-11-25 17:29:02.665 INFO: Epoch 368: loss=0.5502, RMSE_E=6.8 meV, RMSE_F=23.5 meV / A
2024-11-25 17:29:12.582 INFO: Epoch 370: loss=0.5495, RMSE_E=6.8 meV, RMSE_F=23.4 meV / A
2024-11-25 17:29:22.497 INFO: Epoch 372: loss=0.5488, RMSE_E=6.8 meV, RMSE_F=23.4 meV / A
2024-11-25 17:29:32.711 INFO: Epoch 374: loss=0.5483, RMSE_E=6.7 meV, RMSE_F=23.4 meV / A
2024-11-25 17:29:41.727 INFO: Epoch 376: loss=0.5477, RMSE_E=6.7 meV, RMSE_F=23.4 meV / A
2024-11-25 17:29:49.770 INFO: Epoch 378: loss=0.5471, RMSE_E=6.7 meV, RMSE_F=23.4 meV / A
2024-11-25 17:29:59.070 INFO: Epoch 380: loss=0.5465, RMSE_E=6.6 meV, RMSE_F=23.4 meV / A
2024-11-25 17:30:09.469 INFO: Epoch 382: loss=0.5461, RMSE_E=6.7 meV, RMSE_F=23.4 meV / A
2024-11-25 17:30:19.375 INFO: Epoch 384: loss=0.5457, RMSE_E=6.7 meV, RMSE_F=23.4 meV / A
2024-11-25 17:30:29.247 INFO: Epoch 386: loss=0.5452, RMSE_E=6.7 meV, RMSE_F=23.3 meV / A
2024-11-25 17:30:39.960 INFO: Epoch 388: loss=0.5447, RMSE_E=6.6 meV, RMSE_F=23.3 meV / A
2024-11-25 17:30:50.177 INFO: Epoch 390: loss=0.5443, RMSE_E=6.6 meV, RMSE_F=23.3 meV / A
2024-11-25 17:30:59.946 INFO: Epoch 392: loss=0.5437, RMSE_E=6.6 meV, RMSE_F=23.3 meV / A
2024-11-25 17:31:10.302 INFO: Epoch 394: loss=0.5432, RMSE_E=6.6 meV, RMSE_F=23.3 meV / A
2024-11-25 17:31:20.200 INFO: Epoch 396: loss=0.5424, RMSE_E=6.6 meV, RMSE_F=23.3 meV / A
2024-11-25 17:31:29.844 INFO: Epoch 398: loss=0.5418, RMSE_E=6.7 meV, RMSE_F=23.3 meV / A
2024-11-25 17:31:39.745 INFO: Epoch 400: loss=0.5411, RMSE_E=6.6 meV, RMSE_F=23.3 meV / A
2024-11-25 17:31:48.866 INFO: Epoch 402: loss=0.5405, RMSE_E=6.6 meV, RMSE_F=23.2 meV / A
2024-11-25 17:31:58.289 INFO: Epoch 404: loss=0.5400, RMSE_E=6.6 meV, RMSE_F=23.2 meV / A
2024-11-25 17:32:07.169 INFO: Epoch 406: loss=0.5393, RMSE_E=6.6 meV, RMSE_F=23.2 meV / A
2024-11-25 17:32:16.047 INFO: Epoch 408: loss=0.5387, RMSE_E=6.6 meV, RMSE_F=23.2 meV / A
2024-11-25 17:32:25.037 INFO: Epoch 410: loss=0.5379, RMSE_E=6.5 meV, RMSE_F=23.2 meV / A
2024-11-25 17:32:34.917 INFO: Epoch 412: loss=0.5372, RMSE_E=6.6 meV, RMSE_F=23.2 meV / A
2024-11-25 17:32:44.150 INFO: Epoch 414: loss=0.5365, RMSE_E=6.6 meV, RMSE_F=23.2 meV / A
2024-11-25 17:32:53.848 INFO: Epoch 416: loss=0.5360, RMSE_E=6.5 meV, RMSE_F=23.2 meV / A
2024-11-25 17:33:03.646 INFO: Epoch 418: loss=0.5353, RMSE_E=6.6 meV, RMSE_F=23.1 meV / A
2024-11-25 17:33:12.532 INFO: Epoch 420: loss=0.5347, RMSE_E=6.6 meV, RMSE_F=23.1 meV / A
2024-11-25 17:33:21.665 INFO: Epoch 422: loss=0.5342, RMSE_E=6.5 meV, RMSE_F=23.1 meV / A
2024-11-25 17:33:31.113 INFO: Epoch 424: loss=0.5338, RMSE_E=6.5 meV, RMSE_F=23.1 meV / A
2024-11-25 17:33:41.309 INFO: Epoch 426: loss=0.5334, RMSE_E=6.5 meV, RMSE_F=23.1 meV / A
2024-11-25 17:33:50.934 INFO: Epoch 428: loss=0.5331, RMSE_E=6.5 meV, RMSE_F=23.1 meV / A
2024-11-25 17:34:01.082 INFO: Epoch 430: loss=0.5326, RMSE_E=6.5 meV, RMSE_F=23.1 meV / A
2024-11-25 17:34:10.149 INFO: Epoch 432: loss=0.5324, RMSE_E=6.5 meV, RMSE_F=23.1 meV / A
2024-11-25 17:34:20.135 INFO: Epoch 434: loss=0.5320, RMSE_E=6.5 meV, RMSE_F=23.1 meV / A
2024-11-25 17:34:29.693 INFO: Epoch 436: loss=0.5315, RMSE_E=6.5 meV, RMSE_F=23.1 meV / A
2024-11-25 17:34:40.225 INFO: Epoch 438: loss=0.5310, RMSE_E=6.4 meV, RMSE_F=23.0 meV / A
2024-11-25 17:34:49.020 INFO: Epoch 440: loss=0.5303, RMSE_E=6.5 meV, RMSE_F=23.0 meV / A
2024-11-25 17:34:57.391 INFO: Epoch 442: loss=0.5297, RMSE_E=6.5 meV, RMSE_F=23.0 meV / A
2024-11-25 17:35:05.464 INFO: Epoch 444: loss=0.5294, RMSE_E=6.4 meV, RMSE_F=23.0 meV / A
2024-11-25 17:35:13.678 INFO: Epoch 446: loss=0.5288, RMSE_E=6.4 meV, RMSE_F=23.0 meV / A
2024-11-25 17:35:23.983 INFO: Epoch 448: loss=0.5283, RMSE_E=6.4 meV, RMSE_F=23.0 meV / A
2024-11-25 17:35:33.805 INFO: Epoch 450: loss=0.5278, RMSE_E=6.5 meV, RMSE_F=23.0 meV / A
2024-11-25 17:35:43.149 INFO: Epoch 452: loss=0.5272, RMSE_E=6.4 meV, RMSE_F=23.0 meV / A
2024-11-25 17:35:52.846 INFO: Epoch 454: loss=0.5267, RMSE_E=6.4 meV, RMSE_F=22.9 meV / A
2024-11-25 17:36:03.456 INFO: Epoch 456: loss=0.5263, RMSE_E=6.4 meV, RMSE_F=22.9 meV / A
2024-11-25 17:36:13.772 INFO: Epoch 458: loss=0.5260, RMSE_E=6.4 meV, RMSE_F=22.9 meV / A
2024-11-25 17:36:23.527 INFO: Epoch 460: loss=0.5255, RMSE_E=6.4 meV, RMSE_F=22.9 meV / A
2024-11-25 17:36:33.681 INFO: Epoch 462: loss=0.5250, RMSE_E=6.4 meV, RMSE_F=22.9 meV / A
2024-11-25 17:36:44.053 INFO: Epoch 464: loss=0.5247, RMSE_E=6.4 meV, RMSE_F=22.9 meV / A
2024-11-25 17:36:53.870 INFO: Epoch 466: loss=0.5243, RMSE_E=6.4 meV, RMSE_F=22.9 meV / A
2024-11-25 17:37:02.942 INFO: Epoch 468: loss=0.5239, RMSE_E=6.4 meV, RMSE_F=22.9 meV / A
2024-11-25 17:37:12.350 INFO: Epoch 470: loss=0.5235, RMSE_E=6.4 meV, RMSE_F=22.9 meV / A
2024-11-25 17:37:22.811 INFO: Epoch 472: loss=0.5231, RMSE_E=6.4 meV, RMSE_F=22.9 meV / A
2024-11-25 17:37:33.001 INFO: Epoch 474: loss=0.5227, RMSE_E=6.4 meV, RMSE_F=22.9 meV / A
2024-11-25 17:37:43.206 INFO: Epoch 476: loss=0.5221, RMSE_E=6.4 meV, RMSE_F=22.8 meV / A
2024-11-25 17:37:52.616 INFO: Epoch 478: loss=0.5218, RMSE_E=6.4 meV, RMSE_F=22.8 meV / A
2024-11-25 17:38:02.510 INFO: Epoch 480: loss=0.5212, RMSE_E=6.3 meV, RMSE_F=22.8 meV / A
2024-11-25 17:38:12.677 INFO: Epoch 482: loss=0.5209, RMSE_E=6.4 meV, RMSE_F=22.8 meV / A
2024-11-25 17:38:23.368 INFO: Epoch 484: loss=0.5207, RMSE_E=6.4 meV, RMSE_F=22.8 meV / A
2024-11-25 17:38:32.447 INFO: Epoch 486: loss=0.5202, RMSE_E=6.3 meV, RMSE_F=22.8 meV / A
2024-11-25 17:38:42.739 INFO: Epoch 488: loss=0.5201, RMSE_E=6.3 meV, RMSE_F=22.8 meV / A
2024-11-25 17:38:53.301 INFO: Epoch 490: loss=0.5196, RMSE_E=6.3 meV, RMSE_F=22.8 meV / A
2024-11-25 17:39:03.461 INFO: Epoch 492: loss=0.5194, RMSE_E=6.3 meV, RMSE_F=22.8 meV / A
2024-11-25 17:39:13.312 INFO: Epoch 494: loss=0.5189, RMSE_E=6.3 meV, RMSE_F=22.8 meV / A
2024-11-25 17:39:23.192 INFO: Epoch 496: loss=0.5182, RMSE_E=6.3 meV, RMSE_F=22.8 meV / A
2024-11-25 17:39:33.011 INFO: Epoch 498: loss=0.5176, RMSE_E=6.3 meV, RMSE_F=22.7 meV / A
2024-11-25 17:39:35.346 INFO: Training complete
2024-11-25 17:39:35.346 INFO: Computing metrics for training, validation, and test sets
2024-11-25 17:39:35.348 INFO: Loading checkpoint: checkpoints/azobenzene_run-123_epoch-498.pt
2024-11-25 17:39:35.927 INFO: Loaded model from epoch 498
2024-11-25 17:39:35.927 INFO: Evaluating train ...
2024-11-25 17:39:36.231 INFO: Evaluating valid ...
2024-11-25 17:39:43.039 INFO: 
+-------------+--------------+------------------+-------------------+
| config_type | RMSE E / meV | RMSE F / meV / A | relative F RMSE % |
+-------------+--------------+------------------+-------------------+
|    train    |     3.6      |       5.4        |        0.41       |
|    valid    |     6.3      |       22.7       |        1.76       |
+-------------+--------------+------------------+-------------------+
2024-11-25 17:39:43.039 INFO: Saving model to checkpoints/azobenzene_run-123.model
2024-11-25 17:39:43.419 INFO: Compiling model, saving metadata to azobenzene_compiled.model
2024-11-25 17:39:44.536 INFO: Done
