AtomGraphSequential(
  (edge_embedding): EdgeEmbedding(
    (basis_function): BesselBasis()
    (cutoff_function): XPLORCutoff()
    (spherical): SphericalEncoding(
      (sph): SphericalHarmonics()
    )
  )
  (onehot_idx_to_onehot): OnehotEmbedding()
  (onehot_to_feature_x): IrrepsLinear(
    (linear): Linear(89x0e -> 128x0e | 11392 weights)
  )
  (0_self_connection_intro): SelfConnectionLinearIntro(
    (linear): Linear(128x0e -> 224x0e+64x1e+32x2e | 28672 weights)
  )
  (0_self_interaction_1): IrrepsLinear(
    (linear): Linear(128x0e -> 128x0e | 16384 weights)
  )
  (0_convolution): IrrepsConvolution(
    (convolution): TensorProduct(128x0e x 1x0e+1x1e+1x2e -> 128x0e+128x1e+128x2e | 384 paths | 384 weights)
    (weight_nn): FullyConnectedNet[8, 64, 64, 384]
  )
  (0_self_interaction_2): IrrepsLinear(
    (linear): Linear(128x0e+128x1e+128x2e -> 224x0e+64x1e+32x2e | 40960 weights)
  )
  (0_self_connection_outro): SelfConnectionOutro()
  (0_equivariant_gate): EquivariantGate(
    (gate): Gate (224x0e+64x1e+32x2e -> 128x0e+64x1e+32x2e)
  )
  (1_self_connection_intro): SelfConnectionLinearIntro(
    (linear): Linear(128x0e+64x1e+32x2e -> 224x0e+64x1e+32x2e | 33792 weights)
  )
  (1_self_interaction_1): IrrepsLinear(
    (linear): Linear(128x0e+64x1e+32x2e -> 128x0e+64x1e+32x2e | 21504 weights)
  )
  (1_convolution): IrrepsConvolution(
    (convolution): TensorProduct(128x0e+64x1e+32x2e x 1x0e+1x1e+1x2e -> 224x0e+384x1e+352x2e | 960 paths | 960 weights)
    (weight_nn): FullyConnectedNet[8, 64, 64, 960]
  )
  (1_self_interaction_2): IrrepsLinear(
    (linear): Linear(224x0e+384x1e+352x2e -> 224x0e+64x1e+32x2e | 86016 weights)
  )
  (1_self_connection_outro): SelfConnectionOutro()
  (1_equivariant_gate): EquivariantGate(
    (gate): Gate (224x0e+64x1e+32x2e -> 128x0e+64x1e+32x2e)
  )
  (2_self_connection_intro): SelfConnectionLinearIntro(
    (linear): Linear(128x0e+64x1e+32x2e -> 224x0e+64x1e+32x2e | 33792 weights)
  )
  (2_self_interaction_1): IrrepsLinear(
    (linear): Linear(128x0e+64x1e+32x2e -> 128x0e+64x1e+32x2e | 21504 weights)
  )
  (2_convolution): IrrepsConvolution(
    (convolution): TensorProduct(128x0e+64x1e+32x2e x 1x0e+1x1e+1x2e -> 224x0e+384x1e+352x2e | 960 paths | 960 weights)
    (weight_nn): FullyConnectedNet[8, 64, 64, 960]
  )
  (2_self_interaction_2): IrrepsLinear(
    (linear): Linear(224x0e+384x1e+352x2e -> 224x0e+64x1e+32x2e | 86016 weights)
  )
  (2_self_connection_outro): SelfConnectionOutro()
  (2_equivariant_gate): EquivariantGate(
    (gate): Gate (224x0e+64x1e+32x2e -> 128x0e+64x1e+32x2e)
  )
  (3_self_connection_intro): SelfConnectionLinearIntro(
    (linear): Linear(128x0e+64x1e+32x2e -> 224x0e+64x1e+32x2e | 33792 weights)
  )
  (3_self_interaction_1): IrrepsLinear(
    (linear): Linear(128x0e+64x1e+32x2e -> 128x0e+64x1e+32x2e | 21504 weights)
  )
  (3_convolution): IrrepsConvolution(
    (convolution): TensorProduct(128x0e+64x1e+32x2e x 1x0e+1x1e+1x2e -> 224x0e+384x1e+352x2e | 960 paths | 960 weights)
    (weight_nn): FullyConnectedNet[8, 64, 64, 960]
  )
  (3_self_interaction_2): IrrepsLinear(
    (linear): Linear(224x0e+384x1e+352x2e -> 224x0e+64x1e+32x2e | 86016 weights)
  )
  (3_self_connection_outro): SelfConnectionOutro()
  (3_equivariant_gate): EquivariantGate(
    (gate): Gate (224x0e+64x1e+32x2e -> 128x0e+64x1e+32x2e)
  )
  (4_self_connection_intro): SelfConnectionLinearIntro(
    (linear): Linear(128x0e+64x1e+32x2e -> 128x0e | 16384 weights)
  )
  (4_self_interaction_1): IrrepsLinear(
    (linear): Linear(128x0e+64x1e+32x2e -> 128x0e+64x1e+32x2e | 21504 weights)
  )
  (4_convolution): IrrepsConvolution(
    (convolution): TensorProduct(128x0e+64x1e+32x2e x 1x0e+1x1e+1x2e -> 224x0e | 224 paths | 224 weights)
    (weight_nn): FullyConnectedNet[8, 64, 64, 224]
  )
  (4_self_interaction_2): IrrepsLinear(
    (linear): Linear(224x0e -> 128x0e | 28672 weights)
  )
  (4_self_connection_outro): SelfConnectionOutro()
  (4_equivariant_gate): EquivariantGate(
    (gate): Gate (128x0e -> 128x0e)
  )
  (reduce_input_to_hidden): IrrepsLinear(
    (linear): Linear(128x0e -> 64x0e | 8192 weights)
  )
  (reduce_hidden_to_energy): IrrepsLinear(
    (linear): Linear(64x0e -> 1x0e | 64 weights)
  )
  (rescale_atomic_energy): SpeciesWiseRescale()
  (reduce_total_enegy): AtomReduce()
  (force_output): ForceStressOutputFromEdge()
)
# graphs for training: 6449
# graphs for validation: 276
[(Energy, 1.0), (Force, 1.0)]
Adam (
Parameter Group 0
    amsgrad: False
    betas: (0.9, 0.999)
    capturable: False
    differentiable: False
    eps: 1e-08
    foreach: None
    fused: None
    initial_lr: 0.004
    lr: 0.004
    maximize: False
    weight_decay: 0
)
<torch.optim.lr_scheduler.LinearLR object at 0x7fbecdda2c20>
Energy_RMSE (eV/atom): nan
Force_RMSE (eV/Å): nan
Energy_MAE (eV/atom): nan
Force_MAE (eV/Å): nan
Energy_Loss: nan
Force_Loss: nan
TotalLoss: nan
SevenNet: Scalable EquVariance-Enabled Neural Network
version 0.10.2, Tue Mar 25 00:42:46 2025
this file: None
reading yaml config...
                ****
              ********                                   .
              *//////,  ..                               .            ,*.
               ,,***.         ..                        ,          ********.                                  ./,
             .      .                ..   /////.       .,       . */////////                               /////////.
        .&@&/        .                  .(((((((..     /           *//////*.  ...                         *((((((((((.
     @@@@@@@@@@*    @@@@@@@@@@  @@@@@    *((@@@@@     (     %@@@@@@@@@@  .@@@@@@     ..@@@@.   @@@@@@*    .(@@@@@(((*
    @@@@@.          @@@@         @@@@@ .   @@@@@      #     %@@@@         @@@@@@@@     @@@@(,  @@@@@@@@.    @@@@@(*.
    %@@@@@@@&       @@@@@@@@@@    @@@@@   @@@@@      #  ., .%@@@@@@@@@    @@@@@@@@@@   @@@@,   @@@@@@@@@@   @@@@@
    ,(%@@@@@@@@@    @@@@@@@@@@     @@@@@ @@@@&       (//////%@@@@@@@@@    @@@@  @@@@@@ @@@@  . @@@@@  @@@@@.@@@@@
        .   @@@@@   @@@@ .       .  @@@@@@@@%   . . ( .////,%@@@@         @@@@    @@@@@@@@@    @@@@@    @@@@@@@@@
    (@@@@@@@@@@@    @@@@@@@@@@**.    @@@@@@*       *.      .%@@@@@@@@@@   @@@@    . @@@@@@@    @@@@@     .@@@@@@@
     @@@@@@@@@.     @@@@@@@@@@///,    @@@@.      . /        %@@@@@@@@@@   @@@@***,    @@@@@    @@@@@        @@@@@
           .           //////////*.               /           .            .*******...             . ,.
          .&&&&&...     ,//////*.       ...////.  /            ,*/.     .   ,////,               .,/////
          &@@@@@@                         ,(/((, *           ,((((((.                              .***.
           ,/@(,                            ..   *            ,((((*
                                                ,
                                               .
Epoch 1/50  Learning rate: 0.004000
------------------------------------------------------------------------------------------------------------------------
       Energy_RMSE (eV/atom)   Force_RMSE (eV/Å)   Energy_MAE (eV/atom)   Force_MAE (eV/Å)   Energy_Loss   Force_Loss   TotalLoss  
-----------------------------------------------------------------------------------------------------------------------------------
Train               0.061535            0.156493               0.036133           0.060435      0.000315     0.000558    0.000873
Valid               0.017993            0.125348               0.013631           0.049348      0.000095     0.000467    0.000562
Epoch 1 elapsed: 0:03:34.37
Epoch 2/50  Learning rate: 0.003920
------------------------------------------------------------------------------------------------------------------------
       Energy_RMSE (eV/atom)   Force_RMSE (eV/Å)   Energy_MAE (eV/atom)   Force_MAE (eV/Å)   Energy_Loss   Force_Loss   TotalLoss  
-----------------------------------------------------------------------------------------------------------------------------------
Train               0.037709            0.123422               0.025081           0.049113      0.000206     0.000445    0.000651
Valid               0.031147            0.107383               0.021748           0.043233      0.000173     0.000394    0.000567
Epoch 2 elapsed: 0:03:27.71
Epoch 3/50  Learning rate: 0.003840
------------------------------------------------------------------------------------------------------------------------
       Energy_RMSE (eV/atom)   Force_RMSE (eV/Å)   Energy_MAE (eV/atom)   Force_MAE (eV/Å)   Energy_Loss   Force_Loss   TotalLoss  
-----------------------------------------------------------------------------------------------------------------------------------
Train               0.032851            0.115181               0.021562           0.045831      0.000172     0.000413    0.000585
Valid               0.034403            0.107160               0.024784           0.043125      0.000204     0.000370    0.000575
Epoch 3 elapsed: 0:03:26.73
Epoch 4/50  Learning rate: 0.003760
------------------------------------------------------------------------------------------------------------------------
       Energy_RMSE (eV/atom)   Force_RMSE (eV/Å)   Energy_MAE (eV/atom)   Force_MAE (eV/Å)   Energy_Loss   Force_Loss   TotalLoss  
-----------------------------------------------------------------------------------------------------------------------------------
Train               0.029767            0.109331               0.019503           0.043655      0.000152     0.000389    0.000541
Valid               0.021449            0.106011               0.016827           0.041614      0.000126     0.000364    0.000490
Epoch 4 elapsed: 0:02:57.17
Epoch 5/50  Learning rate: 0.003680
------------------------------------------------------------------------------------------------------------------------
       Energy_RMSE (eV/atom)   Force_RMSE (eV/Å)   Energy_MAE (eV/atom)   Force_MAE (eV/Å)   Energy_Loss   Force_Loss   TotalLoss  
-----------------------------------------------------------------------------------------------------------------------------------
Train               0.029482            0.106248               0.019777           0.042414      0.000154     0.000377    0.000531
Valid               0.030002            0.115746               0.027160           0.045783      0.000224     0.000434    0.000658
Epoch 5 elapsed: 0:02:47.00
Epoch 6/50  Learning rate: 0.003600
------------------------------------------------------------------------------------------------------------------------
       Energy_RMSE (eV/atom)   Force_RMSE (eV/Å)   Energy_MAE (eV/atom)   Force_MAE (eV/Å)   Energy_Loss   Force_Loss   TotalLoss  
-----------------------------------------------------------------------------------------------------------------------------------
Train               0.029189            0.105323               0.018701           0.041719      0.000144     0.000369    0.000513
Valid               0.036418            0.094726               0.031210           0.037723      0.000264     0.000340    0.000604
Epoch 6 elapsed: 0:02:41.89
Epoch 7/50  Learning rate: 0.003520
------------------------------------------------------------------------------------------------------------------------
       Energy_RMSE (eV/atom)   Force_RMSE (eV/Å)   Energy_MAE (eV/atom)   Force_MAE (eV/Å)   Energy_Loss   Force_Loss   TotalLoss  
-----------------------------------------------------------------------------------------------------------------------------------
Train               0.026423            0.102391               0.017522           0.040687      0.000133     0.000361    0.000493
Valid               0.034717            0.096475               0.030933           0.038244      0.000261     0.000342    0.000603
Epoch 7 elapsed: 0:02:55.30
Epoch 8/50  Learning rate: 0.003440
------------------------------------------------------------------------------------------------------------------------
       Energy_RMSE (eV/atom)   Force_RMSE (eV/Å)   Energy_MAE (eV/atom)   Force_MAE (eV/Å)   Energy_Loss   Force_Loss   TotalLoss  
-----------------------------------------------------------------------------------------------------------------------------------
Train               0.022409            0.098616               0.015229           0.039141      0.000111     0.000344    0.000455
Valid               0.030195            0.100677               0.020735           0.040062      0.000163     0.000350    0.000513
Epoch 8 elapsed: 0:03:05.73
Epoch 9/50  Learning rate: 0.003360
------------------------------------------------------------------------------------------------------------------------
       Energy_RMSE (eV/atom)   Force_RMSE (eV/Å)   Energy_MAE (eV/atom)   Force_MAE (eV/Å)   Energy_Loss   Force_Loss   TotalLoss  
-----------------------------------------------------------------------------------------------------------------------------------
Train               0.023156            0.097887               0.015731           0.038875      0.000116     0.000342    0.000457
Valid               0.011960            0.088686               0.009071           0.034788      0.000051     0.000297    0.000348
Epoch 9 elapsed: 0:02:33.71
Epoch 10/50  Learning rate: 0.003280
------------------------------------------------------------------------------------------------------------------------
       Energy_RMSE (eV/atom)   Force_RMSE (eV/Å)   Energy_MAE (eV/atom)   Force_MAE (eV/Å)   Energy_Loss   Force_Loss   TotalLoss  
-----------------------------------------------------------------------------------------------------------------------------------
Train               0.021318            0.094866               0.013541           0.037647      0.000096     0.000329    0.000424
Valid               0.033925            0.095452               0.027039           0.037313      0.000229     0.000311    0.000540
Epoch 10 elapsed: 0:03:05.75
Epoch 11/50  Learning rate: 0.003200
------------------------------------------------------------------------------------------------------------------------
       Energy_RMSE (eV/atom)   Force_RMSE (eV/Å)   Energy_MAE (eV/atom)   Force_MAE (eV/Å)   Energy_Loss   Force_Loss   TotalLoss  
-----------------------------------------------------------------------------------------------------------------------------------
Train               0.024725            0.096017               0.016153           0.038004      0.000120     0.000333    0.000453
Valid               0.036039            0.100178               0.025622           0.039662      0.000216     0.000364    0.000580
Epoch 11 elapsed: 0:03:00.97
Epoch 12/50  Learning rate: 0.003120
------------------------------------------------------------------------------------------------------------------------
       Energy_RMSE (eV/atom)   Force_RMSE (eV/Å)   Energy_MAE (eV/atom)   Force_MAE (eV/Å)   Energy_Loss   Force_Loss   TotalLoss  
-----------------------------------------------------------------------------------------------------------------------------------
Train               0.021848            0.094485               0.014222           0.037414      0.000102     0.000328    0.000430
Valid               0.023749            0.098494               0.017686           0.038278      0.000135     0.000357    0.000492
Epoch 12 elapsed: 0:02:51.61
Epoch 13/50  Learning rate: 0.003040
------------------------------------------------------------------------------------------------------------------------
       Energy_RMSE (eV/atom)   Force_RMSE (eV/Å)   Energy_MAE (eV/atom)   Force_MAE (eV/Å)   Energy_Loss   Force_Loss   TotalLoss  
-----------------------------------------------------------------------------------------------------------------------------------
Train               0.019315            0.092619               0.013043           0.036646      0.000090     0.000319    0.000409
Valid               0.016455            0.090434               0.013167           0.035840      0.000087     0.000311    0.000399
Epoch 13 elapsed: 0:03:22.59
Epoch 14/50  Learning rate: 0.002960
------------------------------------------------------------------------------------------------------------------------
       Energy_RMSE (eV/atom)   Force_RMSE (eV/Å)   Energy_MAE (eV/atom)   Force_MAE (eV/Å)   Energy_Loss   Force_Loss   TotalLoss  
-----------------------------------------------------------------------------------------------------------------------------------
Train               0.019581            0.091841               0.013112           0.036306      0.000091     0.000316    0.000407
Valid               0.024340            0.084165               0.017402           0.032858      0.000129     0.000281    0.000409
Epoch 14 elapsed: 0:03:23.88
Epoch 15/50  Learning rate: 0.002880
------------------------------------------------------------------------------------------------------------------------
       Energy_RMSE (eV/atom)   Force_RMSE (eV/Å)   Energy_MAE (eV/atom)   Force_MAE (eV/Å)   Energy_Loss   Force_Loss   TotalLoss  
-----------------------------------------------------------------------------------------------------------------------------------
Train               0.018220            0.089317               0.012124           0.035309      0.000082     0.000305    0.000387
Valid               0.011158            0.089412               0.008759           0.035194      0.000050     0.000297    0.000347
Epoch 15 elapsed: 0:03:24.15
Epoch 16/50  Learning rate: 0.002800
------------------------------------------------------------------------------------------------------------------------
       Energy_RMSE (eV/atom)   Force_RMSE (eV/Å)   Energy_MAE (eV/atom)   Force_MAE (eV/Å)   Energy_Loss   Force_Loss   TotalLoss  
-----------------------------------------------------------------------------------------------------------------------------------
Train               0.017447            0.088361               0.011743           0.034957      0.000078     0.000303    0.000381
Valid               0.010748            0.088477               0.008219           0.034610      0.000045     0.000300    0.000345
Epoch 16 elapsed: 0:03:22.97
Epoch 17/50  Learning rate: 0.002720
------------------------------------------------------------------------------------------------------------------------
       Energy_RMSE (eV/atom)   Force_RMSE (eV/Å)   Energy_MAE (eV/atom)   Force_MAE (eV/Å)   Energy_Loss   Force_Loss   TotalLoss  
-----------------------------------------------------------------------------------------------------------------------------------
Train               0.017937            0.087238               0.012013           0.034419      0.000081     0.000297    0.000378
Valid               0.013399            0.087228               0.010671           0.033993      0.000066     0.000293    0.000359
Epoch 17 elapsed: 0:03:24.40
Epoch 18/50  Learning rate: 0.002640
------------------------------------------------------------------------------------------------------------------------
       Energy_RMSE (eV/atom)   Force_RMSE (eV/Å)   Energy_MAE (eV/atom)   Force_MAE (eV/Å)   Energy_Loss   Force_Loss   TotalLoss  
-----------------------------------------------------------------------------------------------------------------------------------
Train               0.016709            0.086915               0.010971           0.034261      0.000071     0.000296    0.000367
Valid               0.021817            0.093308               0.012124           0.036601      0.000081     0.000331    0.000412
Epoch 18 elapsed: 0:03:12.00
Epoch 19/50  Learning rate: 0.002560
------------------------------------------------------------------------------------------------------------------------
       Energy_RMSE (eV/atom)   Force_RMSE (eV/Å)   Energy_MAE (eV/atom)   Force_MAE (eV/Å)   Energy_Loss   Force_Loss   TotalLoss  
-----------------------------------------------------------------------------------------------------------------------------------
Train               0.015315            0.086418               0.010041           0.033952      0.000063     0.000293    0.000356
Valid               0.018076            0.084661               0.009583           0.033145      0.000060     0.000279    0.000340
Epoch 19 elapsed: 0:03:02.56
Epoch 20/50  Learning rate: 0.002480
------------------------------------------------------------------------------------------------------------------------
       Energy_RMSE (eV/atom)   Force_RMSE (eV/Å)   Energy_MAE (eV/atom)   Force_MAE (eV/Å)   Energy_Loss   Force_Loss   TotalLoss  
-----------------------------------------------------------------------------------------------------------------------------------
Train               0.015357            0.085852               0.010100           0.033683      0.000064     0.000290    0.000354
Valid               0.014503            0.084656               0.011790           0.033104      0.000075     0.000279    0.000354
Epoch 20 elapsed: 0:02:52.81
Epoch 21/50  Learning rate: 0.002400
------------------------------------------------------------------------------------------------------------------------
       Energy_RMSE (eV/atom)   Force_RMSE (eV/Å)   Energy_MAE (eV/atom)   Force_MAE (eV/Å)   Energy_Loss   Force_Loss   TotalLoss  
-----------------------------------------------------------------------------------------------------------------------------------
Train               0.015477            0.084934               0.010441           0.033394      0.000067     0.000287    0.000354
Valid               0.011295            0.087921               0.008999           0.034095      0.000051     0.000293    0.000344
Epoch 21 elapsed: 0:03:10.90
Epoch 22/50  Learning rate: 0.002320
------------------------------------------------------------------------------------------------------------------------
       Energy_RMSE (eV/atom)   Force_RMSE (eV/Å)   Energy_MAE (eV/atom)   Force_MAE (eV/Å)   Energy_Loss   Force_Loss   TotalLoss  
-----------------------------------------------------------------------------------------------------------------------------------
Train               0.014446            0.083294               0.009841           0.032698      0.000061     0.000280    0.000341
Valid               0.013720            0.087747               0.010371           0.034329      0.000066     0.000290    0.000356
Epoch 22 elapsed: 0:03:25.36
Epoch 23/50  Learning rate: 0.002240
------------------------------------------------------------------------------------------------------------------------
       Energy_RMSE (eV/atom)   Force_RMSE (eV/Å)   Energy_MAE (eV/atom)   Force_MAE (eV/Å)   Energy_Loss   Force_Loss   TotalLoss  
-----------------------------------------------------------------------------------------------------------------------------------
Train               0.014670            0.083028               0.009649           0.032559      0.000059     0.000279    0.000338
Valid               0.009995            0.079799               0.007415           0.031016      0.000039     0.000250    0.000289
Epoch 23 elapsed: 0:03:24.51
Epoch 24/50  Learning rate: 0.002160
------------------------------------------------------------------------------------------------------------------------
       Energy_RMSE (eV/atom)   Force_RMSE (eV/Å)   Energy_MAE (eV/atom)   Force_MAE (eV/Å)   Energy_Loss   Force_Loss   TotalLoss  
-----------------------------------------------------------------------------------------------------------------------------------
Train               0.013000            0.082100               0.008882           0.032127      0.000052     0.000275    0.000328
Valid               0.010736            0.081878               0.008172           0.031805      0.000043     0.000270    0.000313
Epoch 24 elapsed: 0:03:07.15
Epoch 25/50  Learning rate: 0.002080
------------------------------------------------------------------------------------------------------------------------
       Energy_RMSE (eV/atom)   Force_RMSE (eV/Å)   Energy_MAE (eV/atom)   Force_MAE (eV/Å)   Energy_Loss   Force_Loss   TotalLoss  
-----------------------------------------------------------------------------------------------------------------------------------
Train               0.014259            0.081621               0.009339           0.031947      0.000057     0.000273    0.000330
Valid               0.011554            0.080582               0.008642           0.031269      0.000049     0.000257    0.000306
Epoch 25 elapsed: 0:02:57.58
Epoch 26/50  Learning rate: 0.002000
------------------------------------------------------------------------------------------------------------------------
       Energy_RMSE (eV/atom)   Force_RMSE (eV/Å)   Energy_MAE (eV/atom)   Force_MAE (eV/Å)   Energy_Loss   Force_Loss   TotalLoss  
-----------------------------------------------------------------------------------------------------------------------------------
Train               0.011888            0.080270               0.007998           0.031352      0.000045     0.000267    0.000312
Valid               0.019323            0.079893               0.013676           0.030819      0.000100     0.000250    0.000350
Epoch 26 elapsed: 0:02:57.33
Epoch 27/50  Learning rate: 0.001920
------------------------------------------------------------------------------------------------------------------------
       Energy_RMSE (eV/atom)   Force_RMSE (eV/Å)   Energy_MAE (eV/atom)   Force_MAE (eV/Å)   Energy_Loss   Force_Loss   TotalLoss  
-----------------------------------------------------------------------------------------------------------------------------------
Train               0.012179            0.079801               0.008117           0.031141      0.000046     0.000265    0.000311
Valid               0.009353            0.078718               0.007467           0.030487      0.000037     0.000246    0.000283
Epoch 27 elapsed: 0:03:05.10
Epoch 28/50  Learning rate: 0.001840
------------------------------------------------------------------------------------------------------------------------
       Energy_RMSE (eV/atom)   Force_RMSE (eV/Å)   Energy_MAE (eV/atom)   Force_MAE (eV/Å)   Energy_Loss   Force_Loss   TotalLoss  
-----------------------------------------------------------------------------------------------------------------------------------
Train               0.012691            0.079683               0.008508           0.031110      0.000049     0.000263    0.000313
Valid               0.006463            0.082525               0.005015           0.032020      0.000020     0.000263    0.000282
Epoch 28 elapsed: 0:02:41.29
Epoch 29/50  Learning rate: 0.001760
------------------------------------------------------------------------------------------------------------------------
       Energy_RMSE (eV/atom)   Force_RMSE (eV/Å)   Energy_MAE (eV/atom)   Force_MAE (eV/Å)   Energy_Loss   Force_Loss   TotalLoss  
-----------------------------------------------------------------------------------------------------------------------------------
Train               0.011819            0.078769               0.008021           0.030628      0.000045     0.000260    0.000305
Valid               0.009054            0.078129               0.006680           0.029880      0.000031     0.000241    0.000272
Epoch 29 elapsed: 0:03:08.14
Epoch 30/50  Learning rate: 0.001680
------------------------------------------------------------------------------------------------------------------------
       Energy_RMSE (eV/atom)   Force_RMSE (eV/Å)   Energy_MAE (eV/atom)   Force_MAE (eV/Å)   Energy_Loss   Force_Loss   TotalLoss  
-----------------------------------------------------------------------------------------------------------------------------------
Train               0.012046            0.078440               0.008081           0.030500      0.000046     0.000259    0.000305
Valid               0.005055            0.076753               0.003747           0.029404      0.000011     0.000236    0.000248
Epoch 30 elapsed: 0:02:59.79
Epoch 31/50  Learning rate: 0.001600
------------------------------------------------------------------------------------------------------------------------
       Energy_RMSE (eV/atom)   Force_RMSE (eV/Å)   Energy_MAE (eV/atom)   Force_MAE (eV/Å)   Energy_Loss   Force_Loss   TotalLoss  
-----------------------------------------------------------------------------------------------------------------------------------
Train               0.009765            0.077666               0.006802           0.030170      0.000035     0.000255    0.000289
Valid               0.011831            0.080925               0.008283           0.031294      0.000048     0.000258    0.000306
Epoch 31 elapsed: 0:03:21.45
Epoch 32/50  Learning rate: 0.001520
------------------------------------------------------------------------------------------------------------------------
       Energy_RMSE (eV/atom)   Force_RMSE (eV/Å)   Energy_MAE (eV/atom)   Force_MAE (eV/Å)   Energy_Loss   Force_Loss   TotalLoss  
-----------------------------------------------------------------------------------------------------------------------------------
Train               0.009923            0.077263               0.006737           0.030018      0.000034     0.000254    0.000289
Valid               0.006682            0.077330               0.004821           0.029800      0.000020     0.000241    0.000261
Epoch 32 elapsed: 0:03:28.08
Epoch 33/50  Learning rate: 0.001440
------------------------------------------------------------------------------------------------------------------------
       Energy_RMSE (eV/atom)   Force_RMSE (eV/Å)   Energy_MAE (eV/atom)   Force_MAE (eV/Å)   Energy_Loss   Force_Loss   TotalLoss  
-----------------------------------------------------------------------------------------------------------------------------------
Train               0.009156            0.076300               0.006338           0.029547      0.000031     0.000250    0.000281
Valid               0.008758            0.076739               0.005745           0.029449      0.000026     0.000235    0.000261
Epoch 33 elapsed: 0:03:10.36
Epoch 34/50  Learning rate: 0.001360
------------------------------------------------------------------------------------------------------------------------
       Energy_RMSE (eV/atom)   Force_RMSE (eV/Å)   Energy_MAE (eV/atom)   Force_MAE (eV/Å)   Energy_Loss   Force_Loss   TotalLoss  
-----------------------------------------------------------------------------------------------------------------------------------
Train               0.009144            0.076327               0.006412           0.029531      0.000031     0.000248    0.000280
Valid               0.004986            0.077324               0.003776           0.029651      0.000012     0.000238    0.000250
Epoch 34 elapsed: 0:03:01.06
Epoch 35/50  Learning rate: 0.001280
------------------------------------------------------------------------------------------------------------------------
       Energy_RMSE (eV/atom)   Force_RMSE (eV/Å)   Energy_MAE (eV/atom)   Force_MAE (eV/Å)   Energy_Loss   Force_Loss   TotalLoss  
-----------------------------------------------------------------------------------------------------------------------------------
Train               0.008980            0.075572               0.006156           0.029171      0.000030     0.000245    0.000274
Valid               0.010262            0.075898               0.008645           0.029034      0.000044     0.000231    0.000276
Epoch 35 elapsed: 0:02:50.25
Epoch 36/50  Learning rate: 0.001200
------------------------------------------------------------------------------------------------------------------------
       Energy_RMSE (eV/atom)   Force_RMSE (eV/Å)   Energy_MAE (eV/atom)   Force_MAE (eV/Å)   Energy_Loss   Force_Loss   TotalLoss  
-----------------------------------------------------------------------------------------------------------------------------------
Train               0.008000            0.074950               0.005534           0.028853      0.000025     0.000242    0.000267
Valid               0.006495            0.077461               0.003599           0.029520      0.000013     0.000237    0.000250
Epoch 36 elapsed: 0:03:29.70
Epoch 37/50  Learning rate: 0.001120
------------------------------------------------------------------------------------------------------------------------
       Energy_RMSE (eV/atom)   Force_RMSE (eV/Å)   Energy_MAE (eV/atom)   Force_MAE (eV/Å)   Energy_Loss   Force_Loss   TotalLoss  
-----------------------------------------------------------------------------------------------------------------------------------
Train               0.008342            0.074972               0.005810           0.028875      0.000027     0.000243    0.000270
Valid               0.009613            0.077212               0.006518           0.029429      0.000032     0.000235    0.000268
Epoch 37 elapsed: 0:03:26.44
Epoch 38/50  Learning rate: 0.001040
------------------------------------------------------------------------------------------------------------------------
       Energy_RMSE (eV/atom)   Force_RMSE (eV/Å)   Energy_MAE (eV/atom)   Force_MAE (eV/Å)   Energy_Loss   Force_Loss   TotalLoss  
-----------------------------------------------------------------------------------------------------------------------------------
Train               0.007770            0.074144               0.005423           0.028482      0.000024     0.000239    0.000262
Valid               0.006886            0.075429               0.005306           0.028756      0.000021     0.000230    0.000251
Epoch 38 elapsed: 0:03:29.62
Epoch 39/50  Learning rate: 0.000960
------------------------------------------------------------------------------------------------------------------------
       Energy_RMSE (eV/atom)   Force_RMSE (eV/Å)   Energy_MAE (eV/atom)   Force_MAE (eV/Å)   Energy_Loss   Force_Loss   TotalLoss  
-----------------------------------------------------------------------------------------------------------------------------------
Train               0.006958            0.073632               0.004975           0.028223      0.000020     0.000236    0.000257
Valid               0.004358            0.075381               0.003227           0.028654      0.000009     0.000226    0.000235
Epoch 39 elapsed: 0:03:30.03
Epoch 40/50  Learning rate: 0.000880
------------------------------------------------------------------------------------------------------------------------
       Energy_RMSE (eV/atom)   Force_RMSE (eV/Å)   Energy_MAE (eV/atom)   Force_MAE (eV/Å)   Energy_Loss   Force_Loss   TotalLoss  
-----------------------------------------------------------------------------------------------------------------------------------
Train               0.006726            0.073469               0.004750           0.028145      0.000019     0.000234    0.000254
Valid               0.007594            0.075781               0.005150           0.028908      0.000023     0.000233    0.000256
Epoch 40 elapsed: 0:03:29.09
Epoch 41/50  Learning rate: 0.000800
------------------------------------------------------------------------------------------------------------------------
       Energy_RMSE (eV/atom)   Force_RMSE (eV/Å)   Energy_MAE (eV/atom)   Force_MAE (eV/Å)   Energy_Loss   Force_Loss   TotalLoss  
-----------------------------------------------------------------------------------------------------------------------------------
Train               0.006630            0.072988               0.004605           0.027883      0.000018     0.000233    0.000251
Valid               0.005298            0.075223               0.004136           0.028665      0.000013     0.000226    0.000239
Epoch 41 elapsed: 0:03:11.85
Epoch 42/50  Learning rate: 0.000720
------------------------------------------------------------------------------------------------------------------------
       Energy_RMSE (eV/atom)   Force_RMSE (eV/Å)   Energy_MAE (eV/atom)   Force_MAE (eV/Å)   Energy_Loss   Force_Loss   TotalLoss  
-----------------------------------------------------------------------------------------------------------------------------------
Train               0.005671            0.072572               0.004102           0.027691      0.000014     0.000231    0.000245
Valid               0.007430            0.075385               0.006229           0.028674      0.000025     0.000228    0.000254
Epoch 42 elapsed: 0:02:51.70
Epoch 43/50  Learning rate: 0.000640
------------------------------------------------------------------------------------------------------------------------
       Energy_RMSE (eV/atom)   Force_RMSE (eV/Å)   Energy_MAE (eV/atom)   Force_MAE (eV/Å)   Energy_Loss   Force_Loss   TotalLoss  
-----------------------------------------------------------------------------------------------------------------------------------
Train               0.005442            0.072398               0.003910           0.027566      0.000013     0.000230    0.000244
Valid               0.006745            0.074793               0.004616           0.028482      0.000018     0.000225    0.000243
Epoch 43 elapsed: 0:02:58.40
Epoch 44/50  Learning rate: 0.000560
------------------------------------------------------------------------------------------------------------------------
       Energy_RMSE (eV/atom)   Force_RMSE (eV/Å)   Energy_MAE (eV/atom)   Force_MAE (eV/Å)   Energy_Loss   Force_Loss   TotalLoss  
-----------------------------------------------------------------------------------------------------------------------------------
Train               0.005268            0.072143               0.003867           0.027457      0.000013     0.000229    0.000242
Valid               0.004431            0.074720               0.003225           0.028344      0.000009     0.000223    0.000232
Epoch 44 elapsed: 0:02:59.73
Epoch 45/50  Learning rate: 0.000480
------------------------------------------------------------------------------------------------------------------------
       Energy_RMSE (eV/atom)   Force_RMSE (eV/Å)   Energy_MAE (eV/atom)   Force_MAE (eV/Å)   Energy_Loss   Force_Loss   TotalLoss  
-----------------------------------------------------------------------------------------------------------------------------------
Train               0.004837            0.071744               0.003529           0.027242      0.000011     0.000227    0.000238
Valid               0.003828            0.074851               0.002820           0.028320      0.000007     0.000223    0.000230
Epoch 45 elapsed: 0:03:01.82
Epoch 46/50  Learning rate: 0.000400
------------------------------------------------------------------------------------------------------------------------
       Energy_RMSE (eV/atom)   Force_RMSE (eV/Å)   Energy_MAE (eV/atom)   Force_MAE (eV/Å)   Energy_Loss   Force_Loss   TotalLoss  
-----------------------------------------------------------------------------------------------------------------------------------
Train               0.004754            0.071495               0.003395           0.027102      0.000010     0.000225    0.000236
Valid               0.006740            0.074380               0.005842           0.028103      0.000023     0.000221    0.000243
Epoch 46 elapsed: 0:03:12.83
Epoch 47/50  Learning rate: 0.000320
------------------------------------------------------------------------------------------------------------------------
       Energy_RMSE (eV/atom)   Force_RMSE (eV/Å)   Energy_MAE (eV/atom)   Force_MAE (eV/Å)   Energy_Loss   Force_Loss   TotalLoss  
-----------------------------------------------------------------------------------------------------------------------------------
Train               0.004143            0.071220               0.003033           0.026945      0.000008     0.000224    0.000232
Valid               0.003732            0.074299               0.002720           0.028150      0.000007     0.000221    0.000228
Epoch 47 elapsed: 0:02:55.87
Epoch 48/50  Learning rate: 0.000240
------------------------------------------------------------------------------------------------------------------------
       Energy_RMSE (eV/atom)   Force_RMSE (eV/Å)   Energy_MAE (eV/atom)   Force_MAE (eV/Å)   Energy_Loss   Force_Loss   TotalLoss  
-----------------------------------------------------------------------------------------------------------------------------------
Train               0.003736            0.071019               0.002727           0.026831      0.000007     0.000223    0.000229
Valid               0.003374            0.074428               0.002425           0.028099      0.000006     0.000221    0.000226
Epoch 48 elapsed: 0:02:51.88
Epoch 49/50  Learning rate: 0.000160
------------------------------------------------------------------------------------------------------------------------
       Energy_RMSE (eV/atom)   Force_RMSE (eV/Å)   Energy_MAE (eV/atom)   Force_MAE (eV/Å)   Energy_Loss   Force_Loss   TotalLoss  
-----------------------------------------------------------------------------------------------------------------------------------
Train               0.003496            0.070809               0.002538           0.026712      0.000006     0.000221    0.000227
Valid               0.003470            0.074429               0.002407           0.028093      0.000006     0.000220    0.000226
Epoch 49 elapsed: 0:02:58.13
Epoch 50/50  Learning rate: 0.000080
------------------------------------------------------------------------------------------------------------------------
       Energy_RMSE (eV/atom)   Force_RMSE (eV/Å)   Energy_MAE (eV/atom)   Force_MAE (eV/Å)   Energy_Loss   Force_Loss   TotalLoss  
-----------------------------------------------------------------------------------------------------------------------------------
Train               0.003262            0.070659               0.002325           0.026612      0.000005     0.000220    0.000226
Valid               0.003393            0.074141               0.002347           0.027961      0.000005     0.000219    0.000224
Epoch 50 elapsed: 0:02:54.06
