2025-03-28 02:49:31.943 INFO: MACE version: 0.3.5
2025-03-28 02:49:31.943 INFO: Configuration: Namespace(config=None, name='AcAc', seed=42, log_dir='logs', model_dir='.', checkpoints_dir='checkpoints', results_dir='results', downloads_dir='downloads', device='cuda', default_dtype='float64', distributed=False, log_level='INFO', error_table='TotalRMSE', model='MACE', r_max=5.0, radial_type='bessel', num_radial_basis=8, num_cutoff_basis=5, pair_repulsion=False, distance_transform='None', interaction='RealAgnosticResidualInteractionBlock', interaction_first='RealAgnosticResidualInteractionBlock', max_ell=3, correlation=3, num_interactions=2, MLP_irreps='16x0e', radial_MLP='[64, 64, 64]', hidden_irreps='128x0e + 128x1o', num_channels=128, max_L=1, gate='silu', scaling='rms_forces_scaling', avg_num_neighbors=1, compute_avg_num_neighbors=True, compute_stress=False, compute_forces=True, train_file='./dataset/train_300K.xyz', valid_file=None, valid_fraction=0.1, test_file='./dataset/test_MD_300K.xyz', test_dir=None, multi_processed_test=False, num_workers=0, pin_memory=True, atomic_numbers=None, mean=None, std=None, statistics_file=None, E0s='average', keep_isolated_atoms=False, energy_key='energy', forces_key='forces', virials_key='virials', stress_key='stress', dipole_key='dipole', charges_key='charges', loss='ef', forces_weight=1000.0, swa_forces_weight=100.0, energy_weight=1.0, swa_energy_weight=1000.0, virials_weight=1.0, swa_virials_weight=10.0, stress_weight=1.0, swa_stress_weight=10.0, dipole_weight=1.0, swa_dipole_weight=1.0, config_type_weights='{"Default":1.0}', huber_delta=0.01, optimizer='adam', beta=0.9, batch_size=5, valid_batch_size=5, lr=0.005, swa_lr=0.001, weight_decay=1e-08, amsgrad=True, scheduler='ReduceLROnPlateau', lr_factor=0.8, scheduler_patience=5, lr_scheduler_gamma=0.9993, swa=False, start_swa=None, ema=True, ema_decay=0.995, max_num_epochs=500, patience=2048, foundation_model='/share/home/wangchen/work/mace/MPtrj/MACE-OFF23_medium.model', foundation_model_readout=True, eval_interval=2, keep_checkpoints=False, save_all_checkpoints=False, restart_latest=False, save_cpu=True, clip_grad=100.0, wandb=False, wandb_dir=None, wandb_project='', wandb_entity='', wandb_name='', wandb_log_hypers=['num_channels', 'max_L', 'correlation', 'lr', 'swa_lr', 'weight_decay', 'batch_size', 'max_num_epochs', 'start_swa', 'energy_weight', 'forces_weight'])
2025-03-28 02:49:32.035 INFO: CUDA version: 11.8, CUDA device: 0
2025-03-28 02:49:32.101 INFO: Error accessing Git repository: /share/home/wangchen/work/mace/organic/AcAc/LoRA_42
2025-03-28 02:49:32.385 INFO: Using foundation model /share/home/wangchen/work/mace/MPtrj/MACE-OFF23_medium.model as initial checkpoint.
2025-03-28 02:49:32.541 INFO: Since ASE version 3.23.0b1, using energy_key 'energy' is no longer safe when communicating between MACE and ASE. We recommend using a different key, rewriting energies to 'REF_energy'. You need to use --energy_key='REF_energy', to tell the key name chosen.
2025-03-28 02:49:32.596 INFO: Since ASE version 3.23.0b1, using forces_key 'forces' is no longer safe when communicating between MACE and ASE. We recommend using a different key, rewriting energies to 'REF_forces'. You need to use --forces_key='REF_forces', to tell the key name chosen.
2025-03-28 02:49:32.652 INFO: Since ASE version 3.23.0b1, using stress_key 'stress' is no longer safe when communicating between MACE and ASE. We recommend using a different key, rewriting energies to 'REF_stress'. You need to use --stress_key='REF_stress', to tell the key name chosen.
2025-03-28 02:49:32.659 INFO: Loaded 500 training configurations from './dataset/train_300K.xyz'
2025-03-28 02:49:32.660 INFO: Using random 10.0% of training set for validation
2025-03-28 02:49:32.827 INFO: Since ASE version 3.23.0b1, using energy_key 'energy' is no longer safe when communicating between MACE and ASE. We recommend using a different key, rewriting energies to 'REF_energy'. You need to use --energy_key='REF_energy', to tell the key name chosen.
2025-03-28 02:49:32.900 INFO: Since ASE version 3.23.0b1, using forces_key 'forces' is no longer safe when communicating between MACE and ASE. We recommend using a different key, rewriting energies to 'REF_forces'. You need to use --forces_key='REF_forces', to tell the key name chosen.
2025-03-28 02:49:32.973 INFO: Since ASE version 3.23.0b1, using stress_key 'stress' is no longer safe when communicating between MACE and ASE. We recommend using a different key, rewriting energies to 'REF_stress'. You need to use --stress_key='REF_stress', to tell the key name chosen.
2025-03-28 02:49:32.984 INFO: Loaded 650 test configurations from './dataset/test_MD_300K.xyz'
2025-03-28 02:49:32.984 INFO: Total number of configurations: train=450, valid=50, tests=[300K_MD: 650]
2025-03-28 02:49:32.985 INFO: AtomicNumberTable: (1, 6, 8)
2025-03-28 02:49:32.985 INFO: Atomic Energies not in training file, using command line argument E0s
2025-03-28 02:49:32.985 INFO: Computing average Atomic Energies using least squares regression
2025-03-28 02:49:32.988 INFO: Atomic energies: [-807.8611237583636, -504.91320234897444, -201.96528093959105]
2025-03-28 02:49:33.194 INFO: EnergyForcesLoss(energy_weight=1.000, forces_weight=1000.000)
2025-03-28 02:49:33.320 INFO: Average number of neighbors: 12.133333333333333
2025-03-28 02:49:33.320 INFO: Selected the following outputs: {'energy': True, 'forces': True, 'virials': False, 'stress': False, 'dipoles': False}
2025-03-28 02:49:33.454 INFO: Building model
2025-03-28 02:49:35.181 INFO: Number of trainable parameters: 175880
2025-03-28 02:49:35.184 INFO: ScaleShiftMACE(
  (node_embedding): LinearNodeEmbeddingBlock(
    (linear): Linear(3x0e -> 128x0e | 384 weights | 2096 LoRA_weights)
  )
  (radial_embedding): RadialEmbeddingBlock(
    (bessel_fn): BesselBasis(r_max=5.0, num_basis=8, trainable=True)
    (cutoff_fn): PolynomialCutoff(p=5.0, r_max=5.0)
  )
  (spherical_harmonics): SphericalHarmonics()
  (atomic_energies_fn): AtomicEnergiesBlock(energies=[-807.8611, -504.9132, -201.9653])
  (interactions): ModuleList(
    (0): RealAgnosticInteractionBlock(
      (linear_up): Linear(128x0e -> 128x0e | 16384 weights | 4096 LoRA_weights)
      (conv_tp): TensorProduct(128x0e x 1x0e+1x1o+1x2e+1x3o -> 128x0e+128x1o+128x2e+128x3o | 512 paths | 512 weights | 0 LoRA_weights)
      (conv_tp_weights): FullyConnectedNet[8, 64, 64, 64, 512]
      (linear): Linear(128x0e+128x1o+128x2e+128x3o -> 128x0e+128x1o+128x2e+128x3o | 65536 weights | 16384 LoRA_weights)
      (skip_tp): FullyConnectedTensorProduct(128x0e+128x1o+128x2e+128x3o x 3x0e -> 128x0e+128x1o+128x2e+128x3o | 196608 paths | 196608 weights | 32768 LoRA_weights)
      (reshape): reshape_irreps()
    )
    (1): RealAgnosticResidualInteractionBlock(
      (linear_up): Linear(128x0e+128x1o -> 128x0e+128x1o | 32768 weights | 8192 LoRA_weights)
      (conv_tp): TensorProduct(128x0e+128x1o x 1x0e+1x1o+1x2e+1x3o -> 256x0e+384x1o+384x2e+256x3o | 1280 paths | 1280 weights | 0 LoRA_weights)
      (conv_tp_weights): FullyConnectedNet[8, 64, 64, 64, 1280]
      (linear): Linear(256x0e+384x1o+384x2e+256x3o -> 128x0e+128x1o+128x2e+128x3o | 163840 weights | 28672 LoRA_weights)
      (skip_tp): FullyConnectedTensorProduct(128x0e+128x1o x 3x0e -> 128x0e | 49152 paths | 49152 weights | 8192 LoRA_weights)
      (reshape): reshape_irreps()
    )
  )
  (products): ModuleList(
    (0): EquivariantProductBasisBlock(
      (symmetric_contractions): SymmetricContraction(
        (contractions): ModuleList(
          (0): Contraction(
            (contractions_weighting): ModuleList(
              (0-1): 2 x GraphModule()
            )
            (contractions_features): ModuleList(
              (0-1): 2 x GraphModule()
            )
            (weights): ParameterList(
                (0): Parameter containing: [torch.float64 of size 3x4x128 (cuda:0)]
                (1): Parameter containing: [torch.float64 of size 3x1x128 (cuda:0)]
            )
            (graph_opt_main): GraphModule()
            (LoRA_weight): ParameterList(
                (0): Parameter containing: [torch.float64 of size 3x23x16 (cuda:0)]
                (1): Parameter containing: [torch.float64 of size 16x128 (cuda:0)]
            )
          )
          (1): Contraction(
            (contractions_weighting): ModuleList(
              (0-1): 2 x GraphModule()
            )
            (contractions_features): ModuleList(
              (0-1): 2 x GraphModule()
            )
            (weights): ParameterList(
                (0): Parameter containing: [torch.float64 of size 3x6x128 (cuda:0)]
                (1): Parameter containing: [torch.float64 of size 3x1x128 (cuda:0)]
            )
            (graph_opt_main): GraphModule()
            (LoRA_weight): ParameterList(
                (0): Parameter containing: [torch.float64 of size 3x51x16 (cuda:0)]
                (1): Parameter containing: [torch.float64 of size 16x128 (cuda:0)]
            )
          )
        )
      )
      (linear): Linear(128x0e+128x1o -> 128x0e+128x1o | 32768 weights | 8192 LoRA_weights)
    )
    (1): EquivariantProductBasisBlock(
      (symmetric_contractions): SymmetricContraction(
        (contractions): ModuleList(
          (0): Contraction(
            (contractions_weighting): ModuleList(
              (0-1): 2 x GraphModule()
            )
            (contractions_features): ModuleList(
              (0-1): 2 x GraphModule()
            )
            (weights): ParameterList(
                (0): Parameter containing: [torch.float64 of size 3x4x128 (cuda:0)]
                (1): Parameter containing: [torch.float64 of size 3x1x128 (cuda:0)]
            )
            (graph_opt_main): GraphModule()
            (LoRA_weight): ParameterList(
                (0): Parameter containing: [torch.float64 of size 3x23x16 (cuda:0)]
                (1): Parameter containing: [torch.float64 of size 16x128 (cuda:0)]
            )
          )
        )
      )
      (linear): Linear(128x0e -> 128x0e | 16384 weights | 4096 LoRA_weights)
    )
  )
  (readouts): ModuleList(
    (0): LinearReadoutBlock(
      (linear): Linear(128x0e+128x1o -> 1x0e | 128 weights | 2064 LoRA_weights)
    )
    (1): NonLinearReadoutBlock(
      (linear_1): Linear(128x0e -> 16x0e | 2048 weights | 2304 LoRA_weights)
      (non_linearity): Activation [x] (16x0e -> 16x0e)
      (linear_2): Linear(16x0e -> 1x0e | 16 weights | 272 LoRA_weights)
    )
  )
  (scale_shift): ScaleShiftBlock(scale=1.088502, shift=0.000000)
)
2025-03-28 02:49:35.187 INFO: Number of parameters: 921240
2025-03-28 02:49:35.188 INFO: Optimizer: Adam (
Parameter Group 0
    amsgrad: True
    betas: (0.9, 0.999)
    capturable: False
    differentiable: False
    eps: 1e-08
    foreach: None
    fused: None
    lr: 0.005
    maximize: False
    name: embedding
    weight_decay: 0.0

Parameter Group 1
    amsgrad: True
    betas: (0.9, 0.999)
    capturable: False
    differentiable: False
    eps: 1e-08
    foreach: None
    fused: None
    lr: 0.005
    maximize: False
    name: interactions_decay
    weight_decay: 1e-08

Parameter Group 2
    amsgrad: True
    betas: (0.9, 0.999)
    capturable: False
    differentiable: False
    eps: 1e-08
    foreach: None
    fused: None
    lr: 0.005
    maximize: False
    name: interactions_no_decay
    weight_decay: 0.0

Parameter Group 3
    amsgrad: True
    betas: (0.9, 0.999)
    capturable: False
    differentiable: False
    eps: 1e-08
    foreach: None
    fused: None
    lr: 0.005
    maximize: False
    name: products
    weight_decay: 1e-08

Parameter Group 4
    amsgrad: True
    betas: (0.9, 0.999)
    capturable: False
    differentiable: False
    eps: 1e-08
    foreach: None
    fused: None
    lr: 0.005
    maximize: False
    name: readouts
    weight_decay: 0.0
)
2025-03-28 02:49:35.188 INFO: Using gradient clipping with tolerance=100.000
2025-03-28 02:49:35.188 INFO: Started training
2025-03-28 02:49:42.931 INFO: Epoch None: loss=4609.0024, RMSE_E=66303.8 meV, RMSE_F=461.3 meV / A
2025-03-28 02:50:02.493 INFO: Epoch 0: loss=1.9278, RMSE_E=114.7 meV, RMSE_F=43.8 meV / A
2025-03-28 02:50:21.877 INFO: Epoch 2: loss=0.5041, RMSE_E=10.0 meV, RMSE_F=22.4 meV / A
2025-03-28 02:50:40.866 INFO: Epoch 4: loss=0.2982, RMSE_E=48.7 meV, RMSE_F=17.2 meV / A
2025-03-28 02:50:59.893 INFO: Epoch 6: loss=0.2215, RMSE_E=92.6 meV, RMSE_F=14.6 meV / A
2025-03-28 02:51:18.962 INFO: Epoch 8: loss=0.1538, RMSE_E=48.2 meV, RMSE_F=12.3 meV / A
2025-03-28 02:51:37.841 INFO: Epoch 10: loss=0.1282, RMSE_E=23.2 meV, RMSE_F=11.3 meV / A
2025-03-28 02:51:56.535 INFO: Epoch 12: loss=0.1092, RMSE_E=18.0 meV, RMSE_F=10.4 meV / A
2025-03-28 02:52:15.490 INFO: Epoch 14: loss=0.1027, RMSE_E=20.4 meV, RMSE_F=10.1 meV / A
2025-03-28 02:52:34.487 INFO: Epoch 16: loss=0.0920, RMSE_E=17.0 meV, RMSE_F=9.6 meV / A
2025-03-28 02:52:53.547 INFO: Epoch 18: loss=0.0828, RMSE_E=12.5 meV, RMSE_F=9.1 meV / A
2025-03-28 02:53:12.657 INFO: Epoch 20: loss=0.0760, RMSE_E=8.4 meV, RMSE_F=8.7 meV / A
2025-03-28 02:53:31.808 INFO: Epoch 22: loss=0.0694, RMSE_E=6.2 meV, RMSE_F=8.3 meV / A
2025-03-28 02:53:50.896 INFO: Epoch 24: loss=0.0656, RMSE_E=6.0 meV, RMSE_F=8.1 meV / A
2025-03-28 02:54:09.977 INFO: Epoch 26: loss=0.0629, RMSE_E=5.2 meV, RMSE_F=7.9 meV / A
2025-03-28 02:54:29.086 INFO: Epoch 28: loss=0.0614, RMSE_E=5.5 meV, RMSE_F=7.8 meV / A
2025-03-28 02:54:48.166 INFO: Epoch 30: loss=0.0578, RMSE_E=4.0 meV, RMSE_F=7.6 meV / A
2025-03-28 02:55:07.300 INFO: Epoch 32: loss=0.0541, RMSE_E=3.9 meV, RMSE_F=7.4 meV / A
2025-03-28 02:55:26.383 INFO: Epoch 34: loss=0.0513, RMSE_E=2.6 meV, RMSE_F=7.2 meV / A
2025-03-28 02:55:45.529 INFO: Epoch 36: loss=0.0493, RMSE_E=2.6 meV, RMSE_F=7.0 meV / A
2025-03-28 02:56:04.564 INFO: Epoch 38: loss=0.0475, RMSE_E=2.0 meV, RMSE_F=6.9 meV / A
2025-03-28 02:56:23.606 INFO: Epoch 40: loss=0.0448, RMSE_E=1.7 meV, RMSE_F=6.7 meV / A
2025-03-28 02:56:42.613 INFO: Epoch 42: loss=0.0443, RMSE_E=1.4 meV, RMSE_F=6.7 meV / A
2025-03-28 02:57:01.589 INFO: Epoch 44: loss=0.0435, RMSE_E=1.4 meV, RMSE_F=6.6 meV / A
2025-03-28 02:57:20.605 INFO: Epoch 46: loss=0.0427, RMSE_E=1.4 meV, RMSE_F=6.5 meV / A
2025-03-28 02:57:39.513 INFO: Epoch 48: loss=0.0415, RMSE_E=1.7 meV, RMSE_F=6.4 meV / A
2025-03-28 02:57:58.444 INFO: Epoch 50: loss=0.0409, RMSE_E=1.2 meV, RMSE_F=6.4 meV / A
2025-03-28 02:58:17.455 INFO: Epoch 52: loss=0.0400, RMSE_E=1.2 meV, RMSE_F=6.3 meV / A
2025-03-28 02:58:36.487 INFO: Epoch 54: loss=0.0396, RMSE_E=1.3 meV, RMSE_F=6.3 meV / A
2025-03-28 02:58:55.482 INFO: Epoch 56: loss=0.0389, RMSE_E=1.4 meV, RMSE_F=6.2 meV / A
2025-03-28 02:59:14.472 INFO: Epoch 58: loss=0.0377, RMSE_E=1.2 meV, RMSE_F=6.1 meV / A
2025-03-28 02:59:33.433 INFO: Epoch 60: loss=0.0370, RMSE_E=1.1 meV, RMSE_F=6.1 meV / A
2025-03-28 02:59:52.453 INFO: Epoch 62: loss=0.0364, RMSE_E=1.1 meV, RMSE_F=6.0 meV / A
2025-03-28 03:00:11.312 INFO: Epoch 64: loss=0.0352, RMSE_E=1.1 meV, RMSE_F=5.9 meV / A
2025-03-28 03:00:30.182 INFO: Epoch 66: loss=0.0346, RMSE_E=1.0 meV, RMSE_F=5.9 meV / A
2025-03-28 03:00:49.021 INFO: Epoch 68: loss=0.0347, RMSE_E=1.2 meV, RMSE_F=5.9 meV / A
2025-03-28 03:01:07.905 INFO: Epoch 70: loss=0.0342, RMSE_E=0.9 meV, RMSE_F=5.9 meV / A
2025-03-28 03:01:26.830 INFO: Epoch 72: loss=0.0337, RMSE_E=1.2 meV, RMSE_F=5.8 meV / A
2025-03-28 03:01:46.004 INFO: Epoch 74: loss=0.0332, RMSE_E=1.0 meV, RMSE_F=5.8 meV / A
2025-03-28 03:02:04.890 INFO: Epoch 76: loss=0.0327, RMSE_E=0.9 meV, RMSE_F=5.7 meV / A
2025-03-28 03:02:23.779 INFO: Epoch 78: loss=0.0320, RMSE_E=0.9 meV, RMSE_F=5.7 meV / A
2025-03-28 03:02:42.608 INFO: Epoch 80: loss=0.0318, RMSE_E=1.0 meV, RMSE_F=5.6 meV / A
2025-03-28 03:03:01.515 INFO: Epoch 82: loss=0.0314, RMSE_E=1.0 meV, RMSE_F=5.6 meV / A
2025-03-28 03:03:20.489 INFO: Epoch 84: loss=0.0311, RMSE_E=0.9 meV, RMSE_F=5.6 meV / A
2025-03-28 03:03:39.436 INFO: Epoch 86: loss=0.0303, RMSE_E=0.9 meV, RMSE_F=5.5 meV / A
2025-03-28 03:03:58.263 INFO: Epoch 88: loss=0.0301, RMSE_E=0.9 meV, RMSE_F=5.5 meV / A
2025-03-28 03:04:17.223 INFO: Epoch 90: loss=0.0297, RMSE_E=0.8 meV, RMSE_F=5.5 meV / A
2025-03-28 03:04:36.221 INFO: Epoch 92: loss=0.0294, RMSE_E=0.8 meV, RMSE_F=5.4 meV / A
2025-03-28 03:04:55.131 INFO: Epoch 94: loss=0.0292, RMSE_E=0.9 meV, RMSE_F=5.4 meV / A
2025-03-28 03:05:14.101 INFO: Epoch 96: loss=0.0290, RMSE_E=0.8 meV, RMSE_F=5.4 meV / A
2025-03-28 03:05:32.927 INFO: Epoch 98: loss=0.0288, RMSE_E=0.9 meV, RMSE_F=5.4 meV / A
2025-03-28 03:05:51.931 INFO: Epoch 100: loss=0.0286, RMSE_E=0.8 meV, RMSE_F=5.3 meV / A
2025-03-28 03:06:10.904 INFO: Epoch 102: loss=0.0281, RMSE_E=0.9 meV, RMSE_F=5.3 meV / A
2025-03-28 03:06:29.938 INFO: Epoch 104: loss=0.0278, RMSE_E=1.1 meV, RMSE_F=5.3 meV / A
2025-03-28 03:06:48.970 INFO: Epoch 106: loss=0.0274, RMSE_E=0.8 meV, RMSE_F=5.2 meV / A
2025-03-28 03:07:08.094 INFO: Epoch 108: loss=0.0275, RMSE_E=0.8 meV, RMSE_F=5.2 meV / A
2025-03-28 03:07:26.962 INFO: Epoch 110: loss=0.0271, RMSE_E=0.8 meV, RMSE_F=5.2 meV / A
2025-03-28 03:07:46.029 INFO: Epoch 112: loss=0.0265, RMSE_E=0.8 meV, RMSE_F=5.2 meV / A
2025-03-28 03:08:05.083 INFO: Epoch 114: loss=0.0265, RMSE_E=0.8 meV, RMSE_F=5.1 meV / A
2025-03-28 03:08:24.066 INFO: Epoch 116: loss=0.0264, RMSE_E=0.8 meV, RMSE_F=5.1 meV / A
2025-03-28 03:08:43.300 INFO: Epoch 118: loss=0.0264, RMSE_E=1.0 meV, RMSE_F=5.1 meV / A
2025-03-28 03:09:02.383 INFO: Epoch 120: loss=0.0263, RMSE_E=0.8 meV, RMSE_F=5.1 meV / A
2025-03-28 03:09:21.579 INFO: Epoch 122: loss=0.0258, RMSE_E=0.8 meV, RMSE_F=5.1 meV / A
2025-03-28 03:09:40.774 INFO: Epoch 124: loss=0.0256, RMSE_E=0.8 meV, RMSE_F=5.1 meV / A
2025-03-28 03:09:59.904 INFO: Epoch 126: loss=0.0254, RMSE_E=0.7 meV, RMSE_F=5.0 meV / A
2025-03-28 03:10:19.087 INFO: Epoch 128: loss=0.0253, RMSE_E=0.7 meV, RMSE_F=5.0 meV / A
2025-03-28 03:10:38.123 INFO: Epoch 130: loss=0.0252, RMSE_E=0.7 meV, RMSE_F=5.0 meV / A
2025-03-28 03:10:57.263 INFO: Epoch 132: loss=0.0248, RMSE_E=0.8 meV, RMSE_F=5.0 meV / A
2025-03-28 03:11:16.426 INFO: Epoch 134: loss=0.0246, RMSE_E=0.7 meV, RMSE_F=5.0 meV / A
2025-03-28 03:11:35.612 INFO: Epoch 136: loss=0.0247, RMSE_E=0.8 meV, RMSE_F=5.0 meV / A
2025-03-28 03:11:54.571 INFO: Epoch 138: loss=0.0244, RMSE_E=0.7 meV, RMSE_F=4.9 meV / A
2025-03-28 03:12:13.763 INFO: Epoch 140: loss=0.0243, RMSE_E=0.7 meV, RMSE_F=4.9 meV / A
2025-03-28 03:12:32.803 INFO: Epoch 142: loss=0.0240, RMSE_E=0.7 meV, RMSE_F=4.9 meV / A
2025-03-28 03:12:51.808 INFO: Epoch 144: loss=0.0239, RMSE_E=0.7 meV, RMSE_F=4.9 meV / A
2025-03-28 03:13:10.747 INFO: Epoch 146: loss=0.0239, RMSE_E=0.7 meV, RMSE_F=4.9 meV / A
2025-03-28 03:13:29.657 INFO: Epoch 148: loss=0.0237, RMSE_E=0.8 meV, RMSE_F=4.9 meV / A
2025-03-28 03:13:48.571 INFO: Epoch 150: loss=0.0233, RMSE_E=0.7 meV, RMSE_F=4.8 meV / A
2025-03-28 03:14:07.518 INFO: Epoch 152: loss=0.0234, RMSE_E=0.7 meV, RMSE_F=4.8 meV / A
2025-03-28 03:14:26.254 INFO: Epoch 154: loss=0.0232, RMSE_E=0.8 meV, RMSE_F=4.8 meV / A
2025-03-28 03:14:44.955 INFO: Epoch 156: loss=0.0233, RMSE_E=0.8 meV, RMSE_F=4.8 meV / A
2025-03-28 03:15:03.593 INFO: Epoch 158: loss=0.0234, RMSE_E=0.8 meV, RMSE_F=4.8 meV / A
2025-03-28 03:15:22.463 INFO: Epoch 160: loss=0.0231, RMSE_E=0.7 meV, RMSE_F=4.8 meV / A
2025-03-28 03:15:41.410 INFO: Epoch 162: loss=0.0228, RMSE_E=0.7 meV, RMSE_F=4.8 meV / A
2025-03-28 03:16:00.369 INFO: Epoch 164: loss=0.0227, RMSE_E=0.7 meV, RMSE_F=4.8 meV / A
2025-03-28 03:16:19.211 INFO: Epoch 166: loss=0.0226, RMSE_E=0.7 meV, RMSE_F=4.8 meV / A
2025-03-28 03:16:38.183 INFO: Epoch 168: loss=0.0226, RMSE_E=0.7 meV, RMSE_F=4.8 meV / A
2025-03-28 03:16:57.042 INFO: Epoch 170: loss=0.0227, RMSE_E=0.7 meV, RMSE_F=4.8 meV / A
2025-03-28 03:17:15.697 INFO: Epoch 172: loss=0.0227, RMSE_E=0.7 meV, RMSE_F=4.8 meV / A
2025-03-28 03:17:34.438 INFO: Epoch 174: loss=0.0227, RMSE_E=0.7 meV, RMSE_F=4.8 meV / A
2025-03-28 03:17:53.127 INFO: Epoch 176: loss=0.0224, RMSE_E=0.7 meV, RMSE_F=4.7 meV / A
2025-03-28 03:18:12.084 INFO: Epoch 178: loss=0.0223, RMSE_E=0.7 meV, RMSE_F=4.7 meV / A
2025-03-28 03:18:30.937 INFO: Epoch 180: loss=0.0221, RMSE_E=0.7 meV, RMSE_F=4.7 meV / A
2025-03-28 03:18:49.946 INFO: Epoch 182: loss=0.0219, RMSE_E=0.7 meV, RMSE_F=4.7 meV / A
2025-03-28 03:19:08.821 INFO: Epoch 184: loss=0.0216, RMSE_E=0.7 meV, RMSE_F=4.6 meV / A
2025-03-28 03:19:27.686 INFO: Epoch 186: loss=0.0215, RMSE_E=0.7 meV, RMSE_F=4.6 meV / A
2025-03-28 03:19:46.582 INFO: Epoch 188: loss=0.0215, RMSE_E=0.7 meV, RMSE_F=4.6 meV / A
2025-03-28 03:20:05.530 INFO: Epoch 190: loss=0.0215, RMSE_E=0.7 meV, RMSE_F=4.6 meV / A
2025-03-28 03:20:24.345 INFO: Epoch 192: loss=0.0212, RMSE_E=0.7 meV, RMSE_F=4.6 meV / A
2025-03-28 03:20:43.337 INFO: Epoch 194: loss=0.0214, RMSE_E=0.7 meV, RMSE_F=4.6 meV / A
2025-03-28 03:21:02.090 INFO: Epoch 196: loss=0.0211, RMSE_E=0.6 meV, RMSE_F=4.6 meV / A
2025-03-28 03:21:20.994 INFO: Epoch 198: loss=0.0210, RMSE_E=0.7 meV, RMSE_F=4.6 meV / A
2025-03-28 03:21:39.934 INFO: Epoch 200: loss=0.0209, RMSE_E=0.7 meV, RMSE_F=4.6 meV / A
2025-03-28 03:21:58.655 INFO: Epoch 202: loss=0.0208, RMSE_E=0.6 meV, RMSE_F=4.6 meV / A
2025-03-28 03:22:17.418 INFO: Epoch 204: loss=0.0209, RMSE_E=0.6 meV, RMSE_F=4.6 meV / A
2025-03-28 03:22:36.084 INFO: Epoch 206: loss=0.0207, RMSE_E=0.6 meV, RMSE_F=4.5 meV / A
2025-03-28 03:22:54.857 INFO: Epoch 208: loss=0.0206, RMSE_E=0.7 meV, RMSE_F=4.5 meV / A
2025-03-28 03:23:13.668 INFO: Epoch 210: loss=0.0205, RMSE_E=0.6 meV, RMSE_F=4.5 meV / A
2025-03-28 03:23:32.561 INFO: Epoch 212: loss=0.0205, RMSE_E=0.6 meV, RMSE_F=4.5 meV / A
2025-03-28 03:23:51.479 INFO: Epoch 214: loss=0.0203, RMSE_E=0.7 meV, RMSE_F=4.5 meV / A
2025-03-28 03:24:10.479 INFO: Epoch 216: loss=0.0202, RMSE_E=0.7 meV, RMSE_F=4.5 meV / A
2025-03-28 03:24:29.404 INFO: Epoch 218: loss=0.0203, RMSE_E=0.6 meV, RMSE_F=4.5 meV / A
2025-03-28 03:24:48.259 INFO: Epoch 220: loss=0.0203, RMSE_E=0.6 meV, RMSE_F=4.5 meV / A
2025-03-28 03:25:06.973 INFO: Epoch 222: loss=0.0201, RMSE_E=0.6 meV, RMSE_F=4.5 meV / A
2025-03-28 03:25:25.720 INFO: Epoch 224: loss=0.0200, RMSE_E=0.6 meV, RMSE_F=4.5 meV / A
2025-03-28 03:25:44.546 INFO: Epoch 226: loss=0.0198, RMSE_E=0.6 meV, RMSE_F=4.5 meV / A
2025-03-28 03:26:03.517 INFO: Epoch 228: loss=0.0197, RMSE_E=0.6 meV, RMSE_F=4.4 meV / A
2025-03-28 03:26:22.420 INFO: Epoch 230: loss=0.0199, RMSE_E=0.6 meV, RMSE_F=4.5 meV / A
2025-03-28 03:26:41.203 INFO: Epoch 232: loss=0.0197, RMSE_E=0.6 meV, RMSE_F=4.4 meV / A
2025-03-28 03:27:00.030 INFO: Epoch 234: loss=0.0197, RMSE_E=0.6 meV, RMSE_F=4.4 meV / A
2025-03-28 03:27:18.911 INFO: Epoch 236: loss=0.0197, RMSE_E=0.6 meV, RMSE_F=4.4 meV / A
2025-03-28 03:27:37.608 INFO: Epoch 238: loss=0.0196, RMSE_E=0.6 meV, RMSE_F=4.4 meV / A
2025-03-28 03:27:56.443 INFO: Epoch 240: loss=0.0195, RMSE_E=0.6 meV, RMSE_F=4.4 meV / A
2025-03-28 03:28:15.365 INFO: Epoch 242: loss=0.0195, RMSE_E=0.6 meV, RMSE_F=4.4 meV / A
2025-03-28 03:28:34.226 INFO: Epoch 244: loss=0.0196, RMSE_E=0.6 meV, RMSE_F=4.4 meV / A
2025-03-28 03:28:52.951 INFO: Epoch 246: loss=0.0196, RMSE_E=0.6 meV, RMSE_F=4.4 meV / A
2025-03-28 03:29:11.764 INFO: Epoch 248: loss=0.0195, RMSE_E=0.6 meV, RMSE_F=4.4 meV / A
2025-03-28 03:29:30.480 INFO: Epoch 250: loss=0.0194, RMSE_E=0.6 meV, RMSE_F=4.4 meV / A
2025-03-28 03:29:49.314 INFO: Epoch 252: loss=0.0193, RMSE_E=0.6 meV, RMSE_F=4.4 meV / A
2025-03-28 03:30:08.147 INFO: Epoch 254: loss=0.0193, RMSE_E=0.6 meV, RMSE_F=4.4 meV / A
2025-03-28 03:30:27.000 INFO: Epoch 256: loss=0.0193, RMSE_E=0.6 meV, RMSE_F=4.4 meV / A
2025-03-28 03:30:45.891 INFO: Epoch 258: loss=0.0191, RMSE_E=0.6 meV, RMSE_F=4.4 meV / A
2025-03-28 03:31:04.795 INFO: Epoch 260: loss=0.0190, RMSE_E=0.6 meV, RMSE_F=4.4 meV / A
2025-03-28 03:31:23.524 INFO: Epoch 262: loss=0.0189, RMSE_E=0.6 meV, RMSE_F=4.3 meV / A
2025-03-28 03:31:42.355 INFO: Epoch 264: loss=0.0189, RMSE_E=0.6 meV, RMSE_F=4.3 meV / A
2025-03-28 03:32:01.003 INFO: Epoch 266: loss=0.0189, RMSE_E=0.6 meV, RMSE_F=4.3 meV / A
2025-03-28 03:32:19.847 INFO: Epoch 268: loss=0.0188, RMSE_E=0.6 meV, RMSE_F=4.3 meV / A
2025-03-28 03:32:38.675 INFO: Epoch 270: loss=0.0188, RMSE_E=0.6 meV, RMSE_F=4.3 meV / A
2025-03-28 03:32:57.344 INFO: Epoch 272: loss=0.0187, RMSE_E=0.6 meV, RMSE_F=4.3 meV / A
2025-03-28 03:33:16.207 INFO: Epoch 274: loss=0.0187, RMSE_E=0.6 meV, RMSE_F=4.3 meV / A
2025-03-28 03:33:34.970 INFO: Epoch 276: loss=0.0187, RMSE_E=0.6 meV, RMSE_F=4.3 meV / A
2025-03-28 03:33:53.610 INFO: Epoch 278: loss=0.0188, RMSE_E=0.6 meV, RMSE_F=4.3 meV / A
2025-03-28 03:34:12.255 INFO: Epoch 280: loss=0.0187, RMSE_E=0.6 meV, RMSE_F=4.3 meV / A
2025-03-28 03:34:31.015 INFO: Epoch 282: loss=0.0186, RMSE_E=0.6 meV, RMSE_F=4.3 meV / A
2025-03-28 03:34:49.887 INFO: Epoch 284: loss=0.0186, RMSE_E=0.6 meV, RMSE_F=4.3 meV / A
2025-03-28 03:35:08.706 INFO: Epoch 286: loss=0.0186, RMSE_E=0.6 meV, RMSE_F=4.3 meV / A
2025-03-28 03:35:27.686 INFO: Epoch 288: loss=0.0186, RMSE_E=0.6 meV, RMSE_F=4.3 meV / A
2025-03-28 03:35:46.719 INFO: Epoch 290: loss=0.0185, RMSE_E=0.6 meV, RMSE_F=4.3 meV / A
2025-03-28 03:36:05.566 INFO: Epoch 292: loss=0.0185, RMSE_E=0.6 meV, RMSE_F=4.3 meV / A
2025-03-28 03:36:24.408 INFO: Epoch 294: loss=0.0184, RMSE_E=0.6 meV, RMSE_F=4.3 meV / A
2025-03-28 03:36:43.302 INFO: Epoch 296: loss=0.0185, RMSE_E=0.6 meV, RMSE_F=4.3 meV / A
2025-03-28 03:37:02.134 INFO: Epoch 298: loss=0.0184, RMSE_E=0.6 meV, RMSE_F=4.3 meV / A
2025-03-28 03:37:21.067 INFO: Epoch 300: loss=0.0184, RMSE_E=0.6 meV, RMSE_F=4.3 meV / A
2025-03-28 03:37:39.845 INFO: Epoch 302: loss=0.0183, RMSE_E=0.6 meV, RMSE_F=4.3 meV / A
2025-03-28 03:37:58.725 INFO: Epoch 304: loss=0.0182, RMSE_E=0.6 meV, RMSE_F=4.3 meV / A
2025-03-28 03:38:17.551 INFO: Epoch 306: loss=0.0181, RMSE_E=0.6 meV, RMSE_F=4.2 meV / A
2025-03-28 03:38:36.526 INFO: Epoch 308: loss=0.0181, RMSE_E=0.6 meV, RMSE_F=4.3 meV / A
2025-03-28 03:38:55.269 INFO: Epoch 310: loss=0.0182, RMSE_E=0.6 meV, RMSE_F=4.3 meV / A
2025-03-28 03:39:13.981 INFO: Epoch 312: loss=0.0182, RMSE_E=0.6 meV, RMSE_F=4.3 meV / A
2025-03-28 03:39:32.734 INFO: Epoch 314: loss=0.0182, RMSE_E=0.6 meV, RMSE_F=4.3 meV / A
2025-03-28 03:39:51.435 INFO: Epoch 316: loss=0.0181, RMSE_E=0.6 meV, RMSE_F=4.3 meV / A
2025-03-28 03:40:10.245 INFO: Epoch 318: loss=0.0180, RMSE_E=0.6 meV, RMSE_F=4.2 meV / A
2025-03-28 03:40:29.231 INFO: Epoch 320: loss=0.0180, RMSE_E=0.6 meV, RMSE_F=4.2 meV / A
2025-03-28 03:40:48.059 INFO: Epoch 322: loss=0.0180, RMSE_E=0.6 meV, RMSE_F=4.2 meV / A
2025-03-28 03:41:06.905 INFO: Epoch 324: loss=0.0180, RMSE_E=0.6 meV, RMSE_F=4.2 meV / A
2025-03-28 03:41:25.709 INFO: Epoch 326: loss=0.0179, RMSE_E=0.6 meV, RMSE_F=4.2 meV / A
2025-03-28 03:41:44.493 INFO: Epoch 328: loss=0.0179, RMSE_E=0.6 meV, RMSE_F=4.2 meV / A
2025-03-28 03:42:03.415 INFO: Epoch 330: loss=0.0179, RMSE_E=0.6 meV, RMSE_F=4.2 meV / A
2025-03-28 03:42:22.288 INFO: Epoch 332: loss=0.0178, RMSE_E=0.6 meV, RMSE_F=4.2 meV / A
2025-03-28 03:42:41.312 INFO: Epoch 334: loss=0.0178, RMSE_E=0.6 meV, RMSE_F=4.2 meV / A
2025-03-28 03:43:00.149 INFO: Epoch 336: loss=0.0178, RMSE_E=0.6 meV, RMSE_F=4.2 meV / A
2025-03-28 03:43:18.987 INFO: Epoch 338: loss=0.0178, RMSE_E=0.6 meV, RMSE_F=4.2 meV / A
2025-03-28 03:43:37.705 INFO: Epoch 340: loss=0.0177, RMSE_E=0.6 meV, RMSE_F=4.2 meV / A
2025-03-28 03:43:56.563 INFO: Epoch 342: loss=0.0178, RMSE_E=0.6 meV, RMSE_F=4.2 meV / A
2025-03-28 03:44:15.185 INFO: Epoch 344: loss=0.0177, RMSE_E=0.6 meV, RMSE_F=4.2 meV / A
2025-03-28 03:44:34.073 INFO: Epoch 346: loss=0.0177, RMSE_E=0.6 meV, RMSE_F=4.2 meV / A
2025-03-28 03:44:52.935 INFO: Epoch 348: loss=0.0176, RMSE_E=0.6 meV, RMSE_F=4.2 meV / A
2025-03-28 03:45:11.802 INFO: Epoch 350: loss=0.0177, RMSE_E=0.6 meV, RMSE_F=4.2 meV / A
2025-03-28 03:45:30.581 INFO: Epoch 352: loss=0.0177, RMSE_E=0.6 meV, RMSE_F=4.2 meV / A
2025-03-28 03:45:49.394 INFO: Epoch 354: loss=0.0175, RMSE_E=0.6 meV, RMSE_F=4.2 meV / A
2025-03-28 03:46:08.242 INFO: Epoch 356: loss=0.0175, RMSE_E=0.6 meV, RMSE_F=4.2 meV / A
2025-03-28 03:46:27.136 INFO: Epoch 358: loss=0.0175, RMSE_E=0.6 meV, RMSE_F=4.2 meV / A
2025-03-28 03:46:45.875 INFO: Epoch 360: loss=0.0175, RMSE_E=0.6 meV, RMSE_F=4.2 meV / A
2025-03-28 03:47:04.628 INFO: Epoch 362: loss=0.0174, RMSE_E=0.6 meV, RMSE_F=4.2 meV / A
2025-03-28 03:47:23.426 INFO: Epoch 364: loss=0.0175, RMSE_E=0.6 meV, RMSE_F=4.2 meV / A
2025-03-28 03:47:42.156 INFO: Epoch 366: loss=0.0175, RMSE_E=0.6 meV, RMSE_F=4.2 meV / A
2025-03-28 03:48:00.807 INFO: Epoch 368: loss=0.0174, RMSE_E=0.6 meV, RMSE_F=4.2 meV / A
2025-03-28 03:48:19.608 INFO: Epoch 370: loss=0.0174, RMSE_E=0.6 meV, RMSE_F=4.2 meV / A
2025-03-28 03:48:38.319 INFO: Epoch 372: loss=0.0174, RMSE_E=0.6 meV, RMSE_F=4.2 meV / A
2025-03-28 03:48:57.252 INFO: Epoch 374: loss=0.0174, RMSE_E=0.6 meV, RMSE_F=4.2 meV / A
2025-03-28 03:49:16.324 INFO: Epoch 376: loss=0.0174, RMSE_E=0.6 meV, RMSE_F=4.2 meV / A
2025-03-28 03:49:35.221 INFO: Epoch 378: loss=0.0174, RMSE_E=0.6 meV, RMSE_F=4.2 meV / A
2025-03-28 03:49:53.901 INFO: Epoch 380: loss=0.0173, RMSE_E=0.6 meV, RMSE_F=4.2 meV / A
2025-03-28 03:50:12.792 INFO: Epoch 382: loss=0.0174, RMSE_E=0.6 meV, RMSE_F=4.2 meV / A
2025-03-28 03:50:31.580 INFO: Epoch 384: loss=0.0173, RMSE_E=0.6 meV, RMSE_F=4.2 meV / A
2025-03-28 03:50:50.483 INFO: Epoch 386: loss=0.0173, RMSE_E=0.6 meV, RMSE_F=4.2 meV / A
2025-03-28 03:51:09.252 INFO: Epoch 388: loss=0.0173, RMSE_E=0.6 meV, RMSE_F=4.2 meV / A
2025-03-28 03:51:28.019 INFO: Epoch 390: loss=0.0172, RMSE_E=0.6 meV, RMSE_F=4.2 meV / A
2025-03-28 03:51:46.915 INFO: Epoch 392: loss=0.0173, RMSE_E=0.6 meV, RMSE_F=4.2 meV / A
2025-03-28 03:52:05.696 INFO: Epoch 394: loss=0.0172, RMSE_E=0.6 meV, RMSE_F=4.1 meV / A
2025-03-28 03:52:24.478 INFO: Epoch 396: loss=0.0172, RMSE_E=0.6 meV, RMSE_F=4.1 meV / A
2025-03-28 03:52:43.273 INFO: Epoch 398: loss=0.0172, RMSE_E=0.6 meV, RMSE_F=4.1 meV / A
2025-03-28 03:53:02.165 INFO: Epoch 400: loss=0.0171, RMSE_E=0.6 meV, RMSE_F=4.1 meV / A
2025-03-28 03:53:21.199 INFO: Epoch 402: loss=0.0171, RMSE_E=0.6 meV, RMSE_F=4.1 meV / A
2025-03-28 03:53:40.186 INFO: Epoch 404: loss=0.0171, RMSE_E=0.6 meV, RMSE_F=4.1 meV / A
2025-03-28 03:53:59.070 INFO: Epoch 406: loss=0.0171, RMSE_E=0.6 meV, RMSE_F=4.1 meV / A
2025-03-28 03:54:17.790 INFO: Epoch 408: loss=0.0170, RMSE_E=0.6 meV, RMSE_F=4.1 meV / A
2025-03-28 03:54:36.675 INFO: Epoch 410: loss=0.0171, RMSE_E=0.6 meV, RMSE_F=4.1 meV / A
2025-03-28 03:54:55.419 INFO: Epoch 412: loss=0.0170, RMSE_E=0.6 meV, RMSE_F=4.1 meV / A
2025-03-28 03:55:14.232 INFO: Epoch 414: loss=0.0170, RMSE_E=0.6 meV, RMSE_F=4.1 meV / A
2025-03-28 03:55:33.081 INFO: Epoch 416: loss=0.0169, RMSE_E=0.6 meV, RMSE_F=4.1 meV / A
2025-03-28 03:55:51.811 INFO: Epoch 418: loss=0.0169, RMSE_E=0.6 meV, RMSE_F=4.1 meV / A
2025-03-28 03:56:10.636 INFO: Epoch 420: loss=0.0169, RMSE_E=0.6 meV, RMSE_F=4.1 meV / A
2025-03-28 03:56:29.505 INFO: Epoch 422: loss=0.0169, RMSE_E=0.6 meV, RMSE_F=4.1 meV / A
2025-03-28 03:56:48.346 INFO: Epoch 424: loss=0.0169, RMSE_E=0.6 meV, RMSE_F=4.1 meV / A
2025-03-28 03:57:07.102 INFO: Epoch 426: loss=0.0169, RMSE_E=0.6 meV, RMSE_F=4.1 meV / A
2025-03-28 03:57:25.831 INFO: Epoch 428: loss=0.0169, RMSE_E=0.6 meV, RMSE_F=4.1 meV / A
2025-03-28 03:57:44.621 INFO: Epoch 430: loss=0.0169, RMSE_E=0.6 meV, RMSE_F=4.1 meV / A
2025-03-28 03:58:03.256 INFO: Epoch 432: loss=0.0168, RMSE_E=0.6 meV, RMSE_F=4.1 meV / A
2025-03-28 03:58:22.116 INFO: Epoch 434: loss=0.0168, RMSE_E=0.6 meV, RMSE_F=4.1 meV / A
2025-03-28 03:58:41.037 INFO: Epoch 436: loss=0.0169, RMSE_E=0.6 meV, RMSE_F=4.1 meV / A
2025-03-28 03:58:59.681 INFO: Epoch 438: loss=0.0168, RMSE_E=0.6 meV, RMSE_F=4.1 meV / A
2025-03-28 03:59:18.416 INFO: Epoch 440: loss=0.0168, RMSE_E=0.6 meV, RMSE_F=4.1 meV / A
2025-03-28 03:59:37.413 INFO: Epoch 442: loss=0.0167, RMSE_E=0.5 meV, RMSE_F=4.1 meV / A
2025-03-28 03:59:56.270 INFO: Epoch 444: loss=0.0168, RMSE_E=0.6 meV, RMSE_F=4.1 meV / A
2025-03-28 04:00:14.944 INFO: Epoch 446: loss=0.0168, RMSE_E=0.6 meV, RMSE_F=4.1 meV / A
2025-03-28 04:00:33.712 INFO: Epoch 448: loss=0.0167, RMSE_E=0.6 meV, RMSE_F=4.1 meV / A
2025-03-28 04:00:52.618 INFO: Epoch 450: loss=0.0167, RMSE_E=0.5 meV, RMSE_F=4.1 meV / A
2025-03-28 04:01:11.487 INFO: Epoch 452: loss=0.0167, RMSE_E=0.6 meV, RMSE_F=4.1 meV / A
2025-03-28 04:01:30.379 INFO: Epoch 454: loss=0.0167, RMSE_E=0.6 meV, RMSE_F=4.1 meV / A
2025-03-28 04:01:49.241 INFO: Epoch 456: loss=0.0167, RMSE_E=0.6 meV, RMSE_F=4.1 meV / A
2025-03-28 04:02:08.127 INFO: Epoch 458: loss=0.0167, RMSE_E=0.6 meV, RMSE_F=4.1 meV / A
2025-03-28 04:02:27.061 INFO: Epoch 460: loss=0.0167, RMSE_E=0.6 meV, RMSE_F=4.1 meV / A
2025-03-28 04:02:45.854 INFO: Epoch 462: loss=0.0166, RMSE_E=0.6 meV, RMSE_F=4.1 meV / A
2025-03-28 04:03:04.758 INFO: Epoch 464: loss=0.0166, RMSE_E=0.6 meV, RMSE_F=4.1 meV / A
2025-03-28 04:03:23.680 INFO: Epoch 466: loss=0.0166, RMSE_E=0.6 meV, RMSE_F=4.1 meV / A
2025-03-28 04:03:42.597 INFO: Epoch 468: loss=0.0166, RMSE_E=0.6 meV, RMSE_F=4.1 meV / A
2025-03-28 04:04:01.442 INFO: Epoch 470: loss=0.0166, RMSE_E=0.6 meV, RMSE_F=4.1 meV / A
2025-03-28 04:04:20.288 INFO: Epoch 472: loss=0.0166, RMSE_E=0.6 meV, RMSE_F=4.1 meV / A
2025-03-28 04:04:39.074 INFO: Epoch 474: loss=0.0165, RMSE_E=0.6 meV, RMSE_F=4.1 meV / A
2025-03-28 04:04:57.881 INFO: Epoch 476: loss=0.0165, RMSE_E=0.5 meV, RMSE_F=4.1 meV / A
2025-03-28 04:05:16.666 INFO: Epoch 478: loss=0.0165, RMSE_E=0.5 meV, RMSE_F=4.1 meV / A
2025-03-28 04:05:35.427 INFO: Epoch 480: loss=0.0165, RMSE_E=0.6 meV, RMSE_F=4.1 meV / A
2025-03-28 04:05:54.275 INFO: Epoch 482: loss=0.0165, RMSE_E=0.5 meV, RMSE_F=4.1 meV / A
2025-03-28 04:06:13.208 INFO: Epoch 484: loss=0.0164, RMSE_E=0.6 meV, RMSE_F=4.1 meV / A
2025-03-28 04:06:32.097 INFO: Epoch 486: loss=0.0164, RMSE_E=0.5 meV, RMSE_F=4.1 meV / A
2025-03-28 04:06:51.033 INFO: Epoch 488: loss=0.0164, RMSE_E=0.6 meV, RMSE_F=4.0 meV / A
2025-03-28 04:07:10.006 INFO: Epoch 490: loss=0.0164, RMSE_E=0.6 meV, RMSE_F=4.0 meV / A
2025-03-28 04:07:28.793 INFO: Epoch 492: loss=0.0164, RMSE_E=0.6 meV, RMSE_F=4.0 meV / A
2025-03-28 04:07:47.662 INFO: Epoch 494: loss=0.0164, RMSE_E=0.5 meV, RMSE_F=4.0 meV / A
2025-03-28 04:08:06.390 INFO: Epoch 496: loss=0.0164, RMSE_E=0.5 meV, RMSE_F=4.0 meV / A
2025-03-28 04:08:25.110 INFO: Epoch 498: loss=0.0163, RMSE_E=0.5 meV, RMSE_F=4.0 meV / A
2025-03-28 04:08:34.442 INFO: Training complete
2025-03-28 04:08:34.443 INFO: Computing metrics for training, validation, and test sets
2025-03-28 04:08:34.694 INFO: Loading checkpoint: checkpoints/AcAc_run-42_epoch-498.pt
2025-03-28 04:08:34.756 INFO: Loaded model from epoch 498
2025-03-28 04:08:34.757 INFO: Evaluating train ...
2025-03-28 04:08:39.577 INFO: Evaluating valid ...
2025-03-28 04:08:40.100 INFO: Evaluating 300K_MD ...
2025-03-28 04:08:47.616 INFO: 
+-------------+--------------+------------------+-------------------+
| config_type | RMSE E / meV | RMSE F / meV / A | relative F RMSE % |
+-------------+--------------+------------------+-------------------+
|    train    |     0.5      |       2.6        |        0.24       |
|    valid    |     0.5      |       4.0        |        0.39       |
|   300K_MD   |     0.8      |       4.5        |        0.43       |
+-------------+--------------+------------------+-------------------+
2025-03-28 04:08:47.616 INFO: Saving model to checkpoints/AcAc_run-42.model
2025-03-28 04:08:47.975 INFO: Compiling model, saving metadata to AcAc_compiled.model
2025-03-28 04:08:48.778 INFO: Done
