2024-12-30 12:00:46.875 INFO: MACE version: 0.3.5
2024-12-30 12:00:46.911 INFO: Configuration: Namespace(config=None, name='H2O', seed=123, log_dir='logs', model_dir='.', checkpoints_dir='checkpoints', results_dir='results', downloads_dir='downloads', device='cuda', default_dtype='float64', distributed=False, log_level='INFO', error_table='TotalRMSE', model='ScaleShiftMACE', r_max=6.0, radial_type='bessel', num_radial_basis=10, num_cutoff_basis=5, pair_repulsion=False, distance_transform='None', interaction='RealAgnosticResidualInteractionBlock', interaction_first='RealAgnosticResidualInteractionBlock', max_ell=3, correlation=3, num_interactions=2, MLP_irreps='16x0e', radial_MLP='[64, 64, 64]', hidden_irreps='128x0e + 128x1o', num_channels=128, max_L=2, gate='silu', scaling='rms_forces_scaling', avg_num_neighbors=1, compute_avg_num_neighbors=True, compute_stress=False, compute_forces=True, train_file='./dataset/train.xyz', valid_file='./dataset/valid.xyz', valid_fraction=0.1, test_file=None, test_dir=None, multi_processed_test=False, num_workers=0, pin_memory=True, atomic_numbers=None, mean=None, std=None, statistics_file=None, E0s='average', keep_isolated_atoms=False, energy_key='energy', forces_key='forces', virials_key='virials', stress_key='stress', dipole_key='dipole', charges_key='charges', loss='ef', forces_weight=1000.0, swa_forces_weight=100.0, energy_weight=1.0, swa_energy_weight=1000.0, virials_weight=1.0, swa_virials_weight=10.0, stress_weight=1.0, swa_stress_weight=10.0, dipole_weight=1.0, swa_dipole_weight=1.0, config_type_weights='{"Default":1.0}', huber_delta=0.01, optimizer='adam', beta=0.9, batch_size=1, valid_batch_size=1, lr=0.005, swa_lr=0.001, weight_decay=1e-08, amsgrad=True, scheduler='ReduceLROnPlateau', lr_factor=0.8, scheduler_patience=5, lr_scheduler_gamma=0.9993, swa=False, start_swa=None, ema=True, ema_decay=0.995, max_num_epochs=20, patience=2048, foundation_model='/share/home/wangchen/work/mace/MPtrj/2024-01-07-mace-128-L2_epoch-199.model', foundation_model_readout=True, eval_interval=1, keep_checkpoints=False, save_all_checkpoints=False, restart_latest=False, save_cpu=True, clip_grad=100.0, wandb=False, wandb_dir=None, wandb_project='', wandb_entity='', wandb_name='', wandb_log_hypers=['num_channels', 'max_L', 'correlation', 'lr', 'swa_lr', 'weight_decay', 'batch_size', 'max_num_epochs', 'start_swa', 'energy_weight', 'forces_weight'])
2024-12-30 12:00:46.999 INFO: CUDA version: 11.8, CUDA device: 0
2024-12-30 12:00:47.050 INFO: Error accessing Git repository: /share/home/wangchen/work/mace/inorganic/H2O/finetune
2024-12-30 12:00:47.404 INFO: Using foundation model /share/home/wangchen/work/mace/MPtrj/2024-01-07-mace-128-L2_epoch-199.model as initial checkpoint.
2024-12-30 12:01:12.489 INFO: Since ASE version 3.23.0b1, using energy_key 'energy' is no longer safe when communicating between MACE and ASE. We recommend using a different key, rewriting energies to 'REF_energy'. You need to use --energy_key='REF_energy', to tell the key name chosen.
2024-12-30 12:01:17.135 INFO: Since ASE version 3.23.0b1, using forces_key 'forces' is no longer safe when communicating between MACE and ASE. We recommend using a different key, rewriting energies to 'REF_forces'. You need to use --forces_key='REF_forces', to tell the key name chosen.
2024-12-30 12:01:21.968 INFO: Since ASE version 3.23.0b1, using stress_key 'stress' is no longer safe when communicating between MACE and ASE. We recommend using a different key, rewriting energies to 'REF_stress'. You need to use --stress_key='REF_stress', to tell the key name chosen.
2024-12-30 12:01:23.727 INFO: Loaded 46077 training configurations from './dataset/train.xyz'
2024-12-30 12:01:25.364 INFO: Since ASE version 3.23.0b1, using energy_key 'energy' is no longer safe when communicating between MACE and ASE. We recommend using a different key, rewriting energies to 'REF_energy'. You need to use --energy_key='REF_energy', to tell the key name chosen.
2024-12-30 12:01:25.604 INFO: Since ASE version 3.23.0b1, using forces_key 'forces' is no longer safe when communicating between MACE and ASE. We recommend using a different key, rewriting energies to 'REF_forces'. You need to use --forces_key='REF_forces', to tell the key name chosen.
2024-12-30 12:01:25.898 INFO: Since ASE version 3.23.0b1, using stress_key 'stress' is no longer safe when communicating between MACE and ASE. We recommend using a different key, rewriting energies to 'REF_stress'. You need to use --stress_key='REF_stress', to tell the key name chosen.
2024-12-30 12:01:26.004 INFO: Loaded 2342 validation configurations from './dataset/valid.xyz'
2024-12-30 12:01:26.012 INFO: Total number of configurations: train=46077, valid=2342, tests=[]
2024-12-30 12:01:26.665 INFO: AtomicNumberTable: (1, 8)
2024-12-30 12:01:26.668 INFO: Atomic Energies not in training file, using command line argument E0s
2024-12-30 12:01:26.671 INFO: Computing average Atomic Energies using least squares regression
2024-12-30 12:01:26.848 INFO: Atomic energies: [-6.355977380289888, -3.1779886901449492]
2024-12-30 12:24:16.040 INFO: EnergyForcesLoss(energy_weight=1.000, forces_weight=1000.000)
2024-12-30 12:25:37.614 INFO: Average number of neighbors: 142.63454407126375
2024-12-30 12:25:37.626 INFO: Selected the following outputs: {'energy': True, 'forces': True, 'virials': False, 'stress': False, 'dipoles': False}
2024-12-30 12:26:55.088 INFO: Building model
2024-12-30 12:48:41.501 INFO: ScaleShiftMACE(
  (node_embedding): LinearNodeEmbeddingBlock(
    (linear): Linear(2x0e -> 128x0e | 256 weights)
  )
  (radial_embedding): RadialEmbeddingBlock(
    (bessel_fn): BesselBasis(r_max=6.0, num_basis=10, trainable=True)
    (cutoff_fn): PolynomialCutoff(p=5.0, r_max=6.0)
  )
  (spherical_harmonics): SphericalHarmonics()
  (atomic_energies_fn): AtomicEnergiesBlock(energies=[-6.3560, -3.1780])
  (interactions): ModuleList(
    (0): RealAgnosticResidualInteractionBlock(
      (linear_up): Linear(128x0e -> 128x0e | 16384 weights)
      (conv_tp): TensorProduct(128x0e x 1x0e+1x1o+1x2e+1x3o -> 128x0e+128x1o+128x2e+128x3o | 512 paths | 512 weights)
      (conv_tp_weights): FullyConnectedNet[10, 64, 64, 64, 512]
      (linear): Linear(128x0e+128x1o+128x2e+128x3o -> 128x0e+128x1o+128x2e+128x3o | 65536 weights)
      (skip_tp): FullyConnectedTensorProduct(128x0e x 2x0e -> 128x0e+128x1o+128x2e | 32768 paths | 32768 weights)
      (reshape): reshape_irreps()
    )
    (1): RealAgnosticResidualInteractionBlock(
      (linear_up): Linear(128x0e+128x1o+128x2e -> 128x0e+128x1o+128x2e | 49152 weights)
      (conv_tp): TensorProduct(128x0e+128x1o+128x2e x 1x0e+1x1o+1x2e+1x3o -> 384x0e+640x1o+640x2e+512x3o | 2176 paths | 2176 weights)
      (conv_tp_weights): FullyConnectedNet[10, 64, 64, 64, 2176]
      (linear): Linear(384x0e+640x1o+640x2e+512x3o -> 128x0e+128x1o+128x2e+128x3o | 278528 weights)
      (skip_tp): FullyConnectedTensorProduct(128x0e+128x1o+128x2e x 2x0e -> 128x0e | 32768 paths | 32768 weights)
      (reshape): reshape_irreps()
    )
  )
  (products): ModuleList(
    (0): EquivariantProductBasisBlock(
      (symmetric_contractions): SymmetricContraction(
        (contractions): ModuleList(
          (0): Contraction(
            (contractions_weighting): ModuleList(
              (0-1): 2 x GraphModule()
            )
            (contractions_features): ModuleList(
              (0-1): 2 x GraphModule()
            )
            (weights): ParameterList(
                (0): Parameter containing: [torch.float64 of size 2x4x128 (cuda:0)]
                (1): Parameter containing: [torch.float64 of size 2x1x128 (cuda:0)]
            )
            (graph_opt_main): GraphModule()
          )
          (1): Contraction(
            (contractions_weighting): ModuleList(
              (0-1): 2 x GraphModule()
            )
            (contractions_features): ModuleList(
              (0-1): 2 x GraphModule()
            )
            (weights): ParameterList(
                (0): Parameter containing: [torch.float64 of size 2x6x128 (cuda:0)]
                (1): Parameter containing: [torch.float64 of size 2x1x128 (cuda:0)]
            )
            (graph_opt_main): GraphModule()
          )
          (2): Contraction(
            (contractions_weighting): ModuleList(
              (0-1): 2 x GraphModule()
            )
            (contractions_features): ModuleList(
              (0-1): 2 x GraphModule()
            )
            (weights): ParameterList(
                (0): Parameter containing: [torch.float64 of size 2x7x128 (cuda:0)]
                (1): Parameter containing: [torch.float64 of size 2x1x128 (cuda:0)]
            )
            (graph_opt_main): GraphModule()
          )
        )
      )
      (linear): Linear(128x0e+128x1o+128x2e -> 128x0e+128x1o+128x2e | 49152 weights)
    )
    (1): EquivariantProductBasisBlock(
      (symmetric_contractions): SymmetricContraction(
        (contractions): ModuleList(
          (0): Contraction(
            (contractions_weighting): ModuleList(
              (0-1): 2 x GraphModule()
            )
            (contractions_features): ModuleList(
              (0-1): 2 x GraphModule()
            )
            (weights): ParameterList(
                (0): Parameter containing: [torch.float64 of size 2x4x128 (cuda:0)]
                (1): Parameter containing: [torch.float64 of size 2x1x128 (cuda:0)]
            )
            (graph_opt_main): GraphModule()
          )
        )
      )
      (linear): Linear(128x0e -> 128x0e | 16384 weights)
    )
  )
  (readouts): ModuleList(
    (0): LinearReadoutBlock(
      (linear): Linear(128x0e+128x1o+128x2e -> 1x0e | 128 weights)
    )
    (1): NonLinearReadoutBlock(
      (linear_1): Linear(128x0e -> 16x0e | 2048 weights)
      (non_linearity): Activation [x] (16x0e -> 16x0e)
      (linear_2): Linear(16x0e -> 1x0e | 16 weights)
    )
  )
  (scale_shift): ScaleShiftBlock(scale=0.804154, shift=0.164097)
)
2024-12-30 12:48:41.571 INFO: Number of parameters: 780698
2024-12-30 12:48:41.575 INFO: Optimizer: Adam (
Parameter Group 0
    amsgrad: True
    betas: (0.9, 0.999)
    capturable: False
    differentiable: False
    eps: 1e-08
    foreach: None
    fused: None
    lr: 0.005
    maximize: False
    name: embedding
    weight_decay: 0.0

Parameter Group 1
    amsgrad: True
    betas: (0.9, 0.999)
    capturable: False
    differentiable: False
    eps: 1e-08
    foreach: None
    fused: None
    lr: 0.005
    maximize: False
    name: interactions_decay
    weight_decay: 1e-08

Parameter Group 2
    amsgrad: True
    betas: (0.9, 0.999)
    capturable: False
    differentiable: False
    eps: 1e-08
    foreach: None
    fused: None
    lr: 0.005
    maximize: False
    name: interactions_no_decay
    weight_decay: 0.0

Parameter Group 3
    amsgrad: True
    betas: (0.9, 0.999)
    capturable: False
    differentiable: False
    eps: 1e-08
    foreach: None
    fused: None
    lr: 0.005
    maximize: False
    name: products
    weight_decay: 1e-08

Parameter Group 4
    amsgrad: True
    betas: (0.9, 0.999)
    capturable: False
    differentiable: False
    eps: 1e-08
    foreach: None
    fused: None
    lr: 0.005
    maximize: False
    name: readouts
    weight_decay: 0.0
)
2024-12-30 12:48:41.579 INFO: Using gradient clipping with tolerance=100.000
2024-12-30 12:48:41.582 INFO: Started training
2024-12-30 12:55:33.241 INFO: Epoch None: loss=8513.2657, RMSE_E=23789.9 meV, RMSE_F=1924.9 meV / A
2024-12-30 17:24:25.721 INFO: Epoch 0: loss=1.3123, RMSE_E=354.1 meV, RMSE_F=37.1 meV / A
2024-12-30 21:50:23.910 INFO: Epoch 1: loss=0.9648, RMSE_E=321.2 meV, RMSE_F=31.4 meV / A
2024-12-31 02:15:22.370 INFO: Epoch 2: loss=0.8112, RMSE_E=273.4 meV, RMSE_F=28.7 meV / A
2024-12-31 06:40:50.142 INFO: Epoch 3: loss=0.7034, RMSE_E=220.7 meV, RMSE_F=26.9 meV / A
2025-01-13 23:18:24.393 INFO: Epoch 4: loss=0.6030, RMSE_E=163.0 meV, RMSE_F=25.5 meV / A
2025-01-14 03:55:42.692 INFO: Epoch 5: loss=0.6166, RMSE_E=186.2 meV, RMSE_F=25.6 meV / A
2025-01-14 08:30:55.665 INFO: Epoch 6: loss=0.5486, RMSE_E=183.3 meV, RMSE_F=24.2 meV / A
2025-01-14 13:07:24.629 INFO: Epoch 7: loss=0.5413, RMSE_E=149.0 meV, RMSE_F=24.1 meV / A
2025-01-14 17:53:19.651 INFO: Epoch 8: loss=0.5220, RMSE_E=222.7 meV, RMSE_F=23.2 meV / A
2025-01-14 22:43:53.289 INFO: Epoch 9: loss=0.4513, RMSE_E=113.6 meV, RMSE_F=22.3 meV / A
2025-01-15 03:24:07.269 INFO: Epoch 10: loss=0.4542, RMSE_E=136.3 meV, RMSE_F=22.3 meV / A
2025-01-15 08:01:42.884 INFO: Epoch 11: loss=0.4635, RMSE_E=209.3 meV, RMSE_F=21.7 meV / A
2025-01-15 12:47:52.007 INFO: Epoch 12: loss=0.4180, RMSE_E=145.2 meV, RMSE_F=21.2 meV / A
2025-01-15 17:43:19.204 INFO: Epoch 13: loss=0.4150, RMSE_E=165.3 meV, RMSE_F=21.0 meV / A
2025-01-15 22:33:28.179 INFO: Epoch 14: loss=0.4452, RMSE_E=233.1 meV, RMSE_F=21.0 meV / A
2025-01-16 03:16:02.706 INFO: Epoch 15: loss=0.4020, RMSE_E=160.6 meV, RMSE_F=20.6 meV / A
2025-01-16 07:59:50.374 INFO: Epoch 16: loss=0.4037, RMSE_E=174.1 meV, RMSE_F=20.8 meV / A
2025-01-16 12:44:05.963 INFO: Epoch 17: loss=0.4243, RMSE_E=191.3 meV, RMSE_F=21.0 meV / A
2025-01-16 17:27:19.058 INFO: Epoch 18: loss=0.3604, RMSE_E=122.0 meV, RMSE_F=19.9 meV / A
2025-01-16 22:11:39.482 INFO: Epoch 19: loss=0.3687, RMSE_E=116.4 meV, RMSE_F=20.0 meV / A
2025-01-16 23:12:51.496 INFO: Training complete
2025-01-16 23:12:51.502 INFO: Computing metrics for training, validation, and test sets
2025-01-16 23:12:51.507 INFO: Loading checkpoint: checkpoints/H2O_run-123_epoch-17.pt
2025-01-16 23:12:51.562 INFO: Loaded model from epoch 17
2025-01-16 23:12:51.569 INFO: Evaluating train ...
2025-01-17 12:46:03.922 INFO: Evaluating valid ...
2025-01-17 12:51:54.060 INFO: 
+-------------+--------------+------------------+-------------------+
| config_type | RMSE E / meV | RMSE F / meV / A | relative F RMSE % |
+-------------+--------------+------------------+-------------------+
|    train    |    130.5     |       19.7       |        1.70       |
|    valid    |    122.0     |       19.9       |        1.72       |
+-------------+--------------+------------------+-------------------+
2025-01-17 12:51:54.147 INFO: Saving model to checkpoints/H2O_run-123.model
2025-01-17 12:51:57.286 INFO: Compiling model, saving metadata to H2O_compiled.model
2025-01-17 12:52:02.696 INFO: Done
