2024-11-06 11:44:04.043 INFO: MACE version: 0.3.5
2024-11-06 11:44:04.043 INFO: Configuration: Namespace(config=None, name='AgAu', seed=123, log_dir='logs', model_dir='.', checkpoints_dir='checkpoints', results_dir='results', downloads_dir='downloads', device='cuda', default_dtype='float64', distributed=False, log_level='INFO', error_table='TotalRMSE', model='ScaleShiftMACE', r_max=6.0, radial_type='bessel', num_radial_basis=10, num_cutoff_basis=5, pair_repulsion=False, distance_transform='None', interaction='RealAgnosticResidualInteractionBlock', interaction_first='RealAgnosticResidualInteractionBlock', max_ell=3, correlation=3, num_interactions=2, MLP_irreps='16x0e', radial_MLP='[64, 64, 64]', hidden_irreps='128x0e + 128x1o', num_channels=128, max_L=2, gate='silu', scaling='rms_forces_scaling', avg_num_neighbors=1, compute_avg_num_neighbors=True, compute_stress=False, compute_forces=True, train_file='./dataset/train.xyz', valid_file='./dataset/valid.xyz', valid_fraction=0.1, test_file=None, test_dir=None, multi_processed_test=False, num_workers=0, pin_memory=True, atomic_numbers=None, mean=None, std=None, statistics_file=None, E0s='average', keep_isolated_atoms=False, energy_key='energy', forces_key='forces', virials_key='virials', stress_key='stress', dipole_key='dipole', charges_key='charges', loss='ef', forces_weight=1000.0, swa_forces_weight=100.0, energy_weight=1.0, swa_energy_weight=1000.0, virials_weight=1.0, swa_virials_weight=10.0, stress_weight=1.0, swa_stress_weight=10.0, dipole_weight=1.0, swa_dipole_weight=1.0, config_type_weights='{"Default":1.0}', huber_delta=0.01, optimizer='adam', beta=0.9, batch_size=5, valid_batch_size=5, lr=0.005, swa_lr=0.001, weight_decay=1e-08, amsgrad=True, scheduler='ReduceLROnPlateau', lr_factor=0.8, scheduler_patience=5, lr_scheduler_gamma=0.9993, swa=False, start_swa=None, ema=True, ema_decay=0.995, max_num_epochs=1000, patience=2048, foundation_model='/share/home/wangchen/work/mace/MPtrj/2024-01-07-mace-128-L2_epoch-199.model', foundation_model_readout=True, eval_interval=2, keep_checkpoints=False, save_all_checkpoints=False, restart_latest=False, save_cpu=True, clip_grad=100.0, wandb=False, wandb_dir=None, wandb_project='', wandb_entity='', wandb_name='', wandb_log_hypers=['num_channels', 'max_L', 'correlation', 'lr', 'swa_lr', 'weight_decay', 'batch_size', 'max_num_epochs', 'start_swa', 'energy_weight', 'forces_weight'])
2024-11-06 11:44:04.188 INFO: CUDA version: 11.8, CUDA device: 0
2024-11-06 11:44:04.237 INFO: Error accessing Git repository: /share/home/wangchen/work/mace/AgAu/L2_finetune
2024-11-06 11:44:04.763 INFO: Using foundation model /share/home/wangchen/work/mace/MPtrj/2024-01-07-mace-128-L2_epoch-199.model as initial checkpoint.
2024-11-06 11:44:08.626 INFO: Since ASE version 3.23.0b1, using energy_key 'energy' is no longer safe when communicating between MACE and ASE. We recommend using a different key, rewriting energies to 'REF_energy'. You need to use --energy_key='REF_energy', to tell the key name chosen.
2024-11-06 11:44:10.233 INFO: Since ASE version 3.23.0b1, using forces_key 'forces' is no longer safe when communicating between MACE and ASE. We recommend using a different key, rewriting energies to 'REF_forces'. You need to use --forces_key='REF_forces', to tell the key name chosen.
2024-11-06 11:44:11.852 INFO: Since ASE version 3.23.0b1, using stress_key 'stress' is no longer safe when communicating between MACE and ASE. We recommend using a different key, rewriting energies to 'REF_stress'. You need to use --stress_key='REF_stress', to tell the key name chosen.
2024-11-06 11:44:12.133 INFO: Loaded 16791 training configurations from './dataset/train.xyz'
2024-11-06 11:44:12.321 INFO: Since ASE version 3.23.0b1, using energy_key 'energy' is no longer safe when communicating between MACE and ASE. We recommend using a different key, rewriting energies to 'REF_energy'. You need to use --energy_key='REF_energy', to tell the key name chosen.
2024-11-06 11:44:12.400 INFO: Since ASE version 3.23.0b1, using forces_key 'forces' is no longer safe when communicating between MACE and ASE. We recommend using a different key, rewriting energies to 'REF_forces'. You need to use --forces_key='REF_forces', to tell the key name chosen.
2024-11-06 11:44:12.479 INFO: Since ASE version 3.23.0b1, using stress_key 'stress' is no longer safe when communicating between MACE and ASE. We recommend using a different key, rewriting energies to 'REF_stress'. You need to use --stress_key='REF_stress', to tell the key name chosen.
2024-11-06 11:44:12.490 INFO: Loaded 817 validation configurations from './dataset/valid.xyz'
2024-11-06 11:44:12.491 INFO: Total number of configurations: train=16791, valid=817, tests=[]
2024-11-06 11:44:12.532 INFO: AtomicNumberTable: (47, 79)
2024-11-06 11:44:12.532 INFO: Atomic Energies not in training file, using command line argument E0s
2024-11-06 11:44:12.532 INFO: Computing average Atomic Energies using least squares regression
2024-11-06 11:44:12.578 INFO: Atomic energies: [-2.287313658989494, -2.271768042231156]
2024-11-06 11:44:27.287 INFO: EnergyForcesLoss(energy_weight=1.000, forces_weight=1000.000)
2024-11-06 11:44:32.119 INFO: Average number of neighbors: 52.342346281372244
2024-11-06 11:44:32.120 INFO: Selected the following outputs: {'energy': True, 'forces': True, 'virials': False, 'stress': False, 'dipoles': False}
2024-11-06 11:44:36.835 INFO: Building model
2024-11-06 11:44:43.038 INFO: ScaleShiftMACE(
  (node_embedding): LinearNodeEmbeddingBlock(
    (linear): Linear(2x0e -> 128x0e | 256 weights)
  )
  (radial_embedding): RadialEmbeddingBlock(
    (bessel_fn): BesselBasis(r_max=6.0, num_basis=10, trainable=True)
    (cutoff_fn): PolynomialCutoff(p=5.0, r_max=6.0)
  )
  (spherical_harmonics): SphericalHarmonics()
  (atomic_energies_fn): AtomicEnergiesBlock(energies=[-2.2873, -2.2718])
  (interactions): ModuleList(
    (0): RealAgnosticResidualInteractionBlock(
      (linear_up): Linear(128x0e -> 128x0e | 16384 weights)
      (conv_tp): TensorProduct(128x0e x 1x0e+1x1o+1x2e+1x3o -> 128x0e+128x1o+128x2e+128x3o | 512 paths | 512 weights)
      (conv_tp_weights): FullyConnectedNet[10, 64, 64, 64, 512]
      (linear): Linear(128x0e+128x1o+128x2e+128x3o -> 128x0e+128x1o+128x2e+128x3o | 65536 weights)
      (skip_tp): FullyConnectedTensorProduct(128x0e x 2x0e -> 128x0e+128x1o+128x2e | 32768 paths | 32768 weights)
      (reshape): reshape_irreps()
    )
    (1): RealAgnosticResidualInteractionBlock(
      (linear_up): Linear(128x0e+128x1o+128x2e -> 128x0e+128x1o+128x2e | 49152 weights)
      (conv_tp): TensorProduct(128x0e+128x1o+128x2e x 1x0e+1x1o+1x2e+1x3o -> 384x0e+640x1o+640x2e+512x3o | 2176 paths | 2176 weights)
      (conv_tp_weights): FullyConnectedNet[10, 64, 64, 64, 2176]
      (linear): Linear(384x0e+640x1o+640x2e+512x3o -> 128x0e+128x1o+128x2e+128x3o | 278528 weights)
      (skip_tp): FullyConnectedTensorProduct(128x0e+128x1o+128x2e x 2x0e -> 128x0e | 32768 paths | 32768 weights)
      (reshape): reshape_irreps()
    )
  )
  (products): ModuleList(
    (0): EquivariantProductBasisBlock(
      (symmetric_contractions): SymmetricContraction(
        (contractions): ModuleList(
          (0): Contraction(
            (contractions_weighting): ModuleList(
              (0-1): 2 x GraphModule()
            )
            (contractions_features): ModuleList(
              (0-1): 2 x GraphModule()
            )
            (weights): ParameterList(
                (0): Parameter containing: [torch.float64 of size 2x4x128 (cuda:0)]
                (1): Parameter containing: [torch.float64 of size 2x1x128 (cuda:0)]
            )
            (graph_opt_main): GraphModule()
          )
          (1): Contraction(
            (contractions_weighting): ModuleList(
              (0-1): 2 x GraphModule()
            )
            (contractions_features): ModuleList(
              (0-1): 2 x GraphModule()
            )
            (weights): ParameterList(
                (0): Parameter containing: [torch.float64 of size 2x6x128 (cuda:0)]
                (1): Parameter containing: [torch.float64 of size 2x1x128 (cuda:0)]
            )
            (graph_opt_main): GraphModule()
          )
          (2): Contraction(
            (contractions_weighting): ModuleList(
              (0-1): 2 x GraphModule()
            )
            (contractions_features): ModuleList(
              (0-1): 2 x GraphModule()
            )
            (weights): ParameterList(
                (0): Parameter containing: [torch.float64 of size 2x7x128 (cuda:0)]
                (1): Parameter containing: [torch.float64 of size 2x1x128 (cuda:0)]
            )
            (graph_opt_main): GraphModule()
          )
        )
      )
      (linear): Linear(128x0e+128x1o+128x2e -> 128x0e+128x1o+128x2e | 49152 weights)
    )
    (1): EquivariantProductBasisBlock(
      (symmetric_contractions): SymmetricContraction(
        (contractions): ModuleList(
          (0): Contraction(
            (contractions_weighting): ModuleList(
              (0-1): 2 x GraphModule()
            )
            (contractions_features): ModuleList(
              (0-1): 2 x GraphModule()
            )
            (weights): ParameterList(
                (0): Parameter containing: [torch.float64 of size 2x4x128 (cuda:0)]
                (1): Parameter containing: [torch.float64 of size 2x1x128 (cuda:0)]
            )
            (graph_opt_main): GraphModule()
          )
        )
      )
      (linear): Linear(128x0e -> 128x0e | 16384 weights)
    )
  )
  (readouts): ModuleList(
    (0): LinearReadoutBlock(
      (linear): Linear(128x0e+128x1o+128x2e -> 1x0e | 128 weights)
    )
    (1): NonLinearReadoutBlock(
      (linear_1): Linear(128x0e -> 16x0e | 2048 weights)
      (non_linearity): Activation [x] (16x0e -> 16x0e)
      (linear_2): Linear(16x0e -> 1x0e | 16 weights)
    )
  )
  (scale_shift): ScaleShiftBlock(scale=0.804154, shift=0.164097)
)
2024-11-06 11:44:43.040 INFO: Number of parameters: 780698
2024-11-06 11:44:43.041 INFO: Optimizer: Adam (
Parameter Group 0
    amsgrad: True
    betas: (0.9, 0.999)
    capturable: False
    differentiable: False
    eps: 1e-08
    foreach: None
    fused: None
    lr: 0.005
    maximize: False
    name: embedding
    weight_decay: 0.0

Parameter Group 1
    amsgrad: True
    betas: (0.9, 0.999)
    capturable: False
    differentiable: False
    eps: 1e-08
    foreach: None
    fused: None
    lr: 0.005
    maximize: False
    name: interactions_decay
    weight_decay: 1e-08

Parameter Group 2
    amsgrad: True
    betas: (0.9, 0.999)
    capturable: False
    differentiable: False
    eps: 1e-08
    foreach: None
    fused: None
    lr: 0.005
    maximize: False
    name: interactions_no_decay
    weight_decay: 0.0

Parameter Group 3
    amsgrad: True
    betas: (0.9, 0.999)
    capturable: False
    differentiable: False
    eps: 1e-08
    foreach: None
    fused: None
    lr: 0.005
    maximize: False
    name: products
    weight_decay: 1e-08

Parameter Group 4
    amsgrad: True
    betas: (0.9, 0.999)
    capturable: False
    differentiable: False
    eps: 1e-08
    foreach: None
    fused: None
    lr: 0.005
    maximize: False
    name: readouts
    weight_decay: 0.0
)
2024-11-06 11:44:43.041 INFO: Using gradient clipping with tolerance=100.000
2024-11-06 11:44:43.041 INFO: Started training
2024-11-06 11:44:58.981 INFO: Epoch None: loss=627.0399, RMSE_E=6691.8 meV, RMSE_F=530.6 meV / A
2024-11-06 11:51:45.287 INFO: Epoch 0: loss=30.2488, RMSE_E=1595.2 meV, RMSE_F=114.1 meV / A
2024-11-06 12:04:50.113 INFO: Epoch 2: loss=23.4982, RMSE_E=519.8 meV, RMSE_F=105.3 meV / A
2024-11-06 12:18:08.454 INFO: Epoch 4: loss=2.5076, RMSE_E=495.3 meV, RMSE_F=35.4 meV / A
2024-11-06 12:31:18.722 INFO: Epoch 6: loss=2.0266, RMSE_E=207.2 meV, RMSE_F=33.1 meV / A
2024-11-06 12:44:08.367 INFO: Epoch 8: loss=2.5473, RMSE_E=179.1 meV, RMSE_F=37.1 meV / A
2024-11-06 12:56:55.011 INFO: Epoch 10: loss=4.3335, RMSE_E=314.8 meV, RMSE_F=46.6 meV / A
2024-11-06 13:09:37.123 INFO: Epoch 12: loss=3.7545, RMSE_E=312.5 meV, RMSE_F=42.0 meV / A
2024-11-06 13:22:20.640 INFO: Epoch 14: loss=0.8746, RMSE_E=166.5 meV, RMSE_F=21.7 meV / A
2024-11-06 13:35:04.001 INFO: Epoch 16: loss=0.9198, RMSE_E=132.8 meV, RMSE_F=22.9 meV / A
2024-11-06 13:47:56.025 INFO: Epoch 18: loss=1.9848, RMSE_E=156.4 meV, RMSE_F=31.5 meV / A
2024-11-06 14:00:43.168 INFO: Epoch 20: loss=3.6921, RMSE_E=469.4 meV, RMSE_F=42.3 meV / A
2024-11-06 14:13:33.036 INFO: Epoch 22: loss=0.8691, RMSE_E=103.6 meV, RMSE_F=21.4 meV / A
2024-11-06 14:26:23.073 INFO: Epoch 24: loss=1.4775, RMSE_E=110.5 meV, RMSE_F=27.9 meV / A
2024-11-06 14:39:16.168 INFO: Epoch 26: loss=0.9720, RMSE_E=122.5 meV, RMSE_F=23.0 meV / A
2024-11-06 14:52:05.284 INFO: Epoch 28: loss=1.1168, RMSE_E=194.4 meV, RMSE_F=24.8 meV / A
2024-11-06 15:04:56.579 INFO: Epoch 30: loss=0.6317, RMSE_E=149.6 meV, RMSE_F=18.3 meV / A
2024-11-06 15:17:45.107 INFO: Epoch 32: loss=1.8121, RMSE_E=103.1 meV, RMSE_F=30.7 meV / A
2024-11-06 15:30:37.116 INFO: Epoch 34: loss=0.5027, RMSE_E=111.6 meV, RMSE_F=16.8 meV / A
2024-11-06 15:43:24.188 INFO: Epoch 36: loss=1.0064, RMSE_E=112.6 meV, RMSE_F=22.9 meV / A
2024-11-06 15:56:12.277 INFO: Epoch 38: loss=0.7547, RMSE_E=155.4 meV, RMSE_F=19.8 meV / A
2024-11-06 16:08:53.337 INFO: Epoch 40: loss=1.4344, RMSE_E=153.9 meV, RMSE_F=26.6 meV / A
2024-11-06 16:21:34.222 INFO: Epoch 42: loss=0.3634, RMSE_E=87.4 meV, RMSE_F=14.6 meV / A
2024-11-06 16:34:13.905 INFO: Epoch 44: loss=0.4306, RMSE_E=89.7 meV, RMSE_F=16.0 meV / A
2024-11-06 16:47:12.556 INFO: Epoch 46: loss=1.1118, RMSE_E=84.6 meV, RMSE_F=23.4 meV / A
2024-11-06 17:00:29.849 INFO: Epoch 48: loss=0.6486, RMSE_E=178.1 meV, RMSE_F=18.1 meV / A
2024-11-06 17:14:26.368 INFO: Epoch 50: loss=0.4584, RMSE_E=83.4 meV, RMSE_F=16.0 meV / A
2024-11-06 17:28:45.843 INFO: Epoch 52: loss=0.6073, RMSE_E=86.5 meV, RMSE_F=18.5 meV / A
2024-11-06 17:42:45.115 INFO: Epoch 54: loss=0.4711, RMSE_E=76.4 meV, RMSE_F=16.6 meV / A
2024-11-06 17:55:33.748 INFO: Epoch 56: loss=0.3347, RMSE_E=98.1 meV, RMSE_F=13.9 meV / A
2024-11-06 18:08:24.053 INFO: Epoch 58: loss=0.3331, RMSE_E=81.1 meV, RMSE_F=14.0 meV / A
2024-11-06 18:21:17.571 INFO: Epoch 60: loss=0.2660, RMSE_E=79.4 meV, RMSE_F=12.9 meV / A
2024-11-06 18:34:06.547 INFO: Epoch 62: loss=0.6914, RMSE_E=74.3 meV, RMSE_F=19.3 meV / A
2024-11-06 18:46:58.613 INFO: Epoch 64: loss=0.4007, RMSE_E=90.3 meV, RMSE_F=15.3 meV / A
2024-11-06 18:59:48.131 INFO: Epoch 66: loss=0.3170, RMSE_E=78.6 meV, RMSE_F=13.9 meV / A
2024-11-06 19:12:35.409 INFO: Epoch 68: loss=0.3366, RMSE_E=74.5 meV, RMSE_F=14.2 meV / A
2024-11-06 19:25:16.528 INFO: Epoch 70: loss=0.2899, RMSE_E=93.7 meV, RMSE_F=13.2 meV / A
2024-11-06 19:37:57.561 INFO: Epoch 72: loss=0.3722, RMSE_E=75.5 meV, RMSE_F=14.6 meV / A
2024-11-06 19:50:41.914 INFO: Epoch 74: loss=0.2293, RMSE_E=82.0 meV, RMSE_F=12.1 meV / A
2024-11-06 20:03:29.768 INFO: Epoch 76: loss=0.2746, RMSE_E=81.6 meV, RMSE_F=13.0 meV / A
2024-11-06 20:16:15.337 INFO: Epoch 78: loss=0.3945, RMSE_E=79.9 meV, RMSE_F=15.2 meV / A
2024-11-06 20:28:54.619 INFO: Epoch 80: loss=0.3688, RMSE_E=92.5 meV, RMSE_F=14.7 meV / A
2024-11-06 20:41:44.208 INFO: Epoch 82: loss=0.2546, RMSE_E=71.0 meV, RMSE_F=12.5 meV / A
2024-11-06 20:54:36.734 INFO: Epoch 84: loss=0.3488, RMSE_E=80.9 meV, RMSE_F=14.1 meV / A
2024-11-06 21:07:26.540 INFO: Epoch 86: loss=0.2589, RMSE_E=72.1 meV, RMSE_F=12.6 meV / A
2024-11-06 21:20:09.305 INFO: Epoch 88: loss=0.2433, RMSE_E=73.5 meV, RMSE_F=12.3 meV / A
2024-11-06 21:32:55.356 INFO: Epoch 90: loss=0.3587, RMSE_E=88.3 meV, RMSE_F=14.4 meV / A
2024-11-06 21:45:45.788 INFO: Epoch 92: loss=0.3380, RMSE_E=88.4 meV, RMSE_F=14.1 meV / A
2024-11-06 21:58:31.627 INFO: Epoch 94: loss=0.1964, RMSE_E=71.3 meV, RMSE_F=11.4 meV / A
2024-11-06 22:11:20.588 INFO: Epoch 96: loss=0.2575, RMSE_E=87.2 meV, RMSE_F=12.6 meV / A
2024-11-06 22:24:13.285 INFO: Epoch 98: loss=0.3618, RMSE_E=69.2 meV, RMSE_F=14.3 meV / A
2024-11-06 22:37:12.674 INFO: Epoch 100: loss=0.2856, RMSE_E=84.5 meV, RMSE_F=13.0 meV / A
2024-11-06 22:50:06.792 INFO: Epoch 102: loss=0.3645, RMSE_E=67.5 meV, RMSE_F=14.5 meV / A
2024-11-06 23:03:04.970 INFO: Epoch 104: loss=0.2611, RMSE_E=70.4 meV, RMSE_F=12.7 meV / A
2024-11-06 23:15:54.450 INFO: Epoch 106: loss=0.2119, RMSE_E=68.0 meV, RMSE_F=11.7 meV / A
2024-11-06 23:28:46.760 INFO: Epoch 108: loss=0.2089, RMSE_E=70.2 meV, RMSE_F=11.6 meV / A
2024-11-06 23:41:35.552 INFO: Epoch 110: loss=0.1920, RMSE_E=67.3 meV, RMSE_F=11.3 meV / A
2024-11-06 23:54:15.452 INFO: Epoch 112: loss=0.1975, RMSE_E=66.4 meV, RMSE_F=11.4 meV / A
2024-11-07 00:06:58.880 INFO: Epoch 114: loss=0.2590, RMSE_E=67.8 meV, RMSE_F=12.6 meV / A
2024-11-07 00:19:53.115 INFO: Epoch 116: loss=0.2505, RMSE_E=65.7 meV, RMSE_F=12.4 meV / A
2024-11-07 00:32:40.472 INFO: Epoch 118: loss=0.2564, RMSE_E=65.1 meV, RMSE_F=12.6 meV / A
2024-11-07 00:45:29.855 INFO: Epoch 120: loss=0.2311, RMSE_E=65.6 meV, RMSE_F=12.0 meV / A
2024-11-07 00:58:18.475 INFO: Epoch 122: loss=0.3535, RMSE_E=64.9 meV, RMSE_F=14.1 meV / A
2024-11-07 01:11:10.921 INFO: Epoch 124: loss=0.3622, RMSE_E=72.5 meV, RMSE_F=14.3 meV / A
2024-11-07 01:23:56.291 INFO: Epoch 126: loss=0.2316, RMSE_E=66.6 meV, RMSE_F=12.0 meV / A
2024-11-07 01:36:41.188 INFO: Epoch 128: loss=0.2731, RMSE_E=64.1 meV, RMSE_F=12.8 meV / A
2024-11-07 01:49:29.325 INFO: Epoch 130: loss=0.2618, RMSE_E=64.5 meV, RMSE_F=12.6 meV / A
2024-11-07 02:02:20.615 INFO: Epoch 132: loss=0.2745, RMSE_E=64.8 meV, RMSE_F=12.9 meV / A
2024-11-07 02:15:05.859 INFO: Epoch 134: loss=0.3177, RMSE_E=65.6 meV, RMSE_F=13.6 meV / A
2024-11-07 02:27:52.284 INFO: Epoch 136: loss=0.2453, RMSE_E=64.7 meV, RMSE_F=12.3 meV / A
2024-11-07 02:40:42.319 INFO: Epoch 138: loss=0.2444, RMSE_E=67.6 meV, RMSE_F=12.2 meV / A
2024-11-07 02:53:29.926 INFO: Epoch 140: loss=0.2261, RMSE_E=63.7 meV, RMSE_F=11.9 meV / A
2024-11-07 03:06:20.980 INFO: Epoch 142: loss=0.2837, RMSE_E=63.7 meV, RMSE_F=13.0 meV / A
2024-11-07 03:19:10.046 INFO: Epoch 144: loss=0.1975, RMSE_E=67.5 meV, RMSE_F=11.4 meV / A
2024-11-07 03:31:56.923 INFO: Epoch 146: loss=0.2501, RMSE_E=65.1 meV, RMSE_F=12.4 meV / A
2024-11-07 03:44:43.945 INFO: Epoch 148: loss=0.2503, RMSE_E=63.3 meV, RMSE_F=12.4 meV / A
2024-11-07 03:57:30.302 INFO: Epoch 150: loss=0.3013, RMSE_E=65.2 meV, RMSE_F=13.3 meV / A
2024-11-07 04:10:11.102 INFO: Epoch 152: loss=0.2447, RMSE_E=63.9 meV, RMSE_F=12.3 meV / A
2024-11-07 04:22:50.345 INFO: Epoch 154: loss=0.2754, RMSE_E=62.7 meV, RMSE_F=12.9 meV / A
2024-11-07 04:35:30.593 INFO: Epoch 156: loss=0.2458, RMSE_E=62.9 meV, RMSE_F=12.3 meV / A
2024-11-07 04:48:10.210 INFO: Epoch 158: loss=0.2875, RMSE_E=63.3 meV, RMSE_F=13.1 meV / A
2024-11-07 05:00:49.557 INFO: Epoch 160: loss=0.2425, RMSE_E=63.3 meV, RMSE_F=12.3 meV / A
2024-11-07 05:13:41.200 INFO: Epoch 162: loss=0.2512, RMSE_E=63.0 meV, RMSE_F=12.5 meV / A
2024-11-07 05:26:26.659 INFO: Epoch 164: loss=0.2166, RMSE_E=65.3 meV, RMSE_F=11.8 meV / A
2024-11-07 05:39:18.673 INFO: Epoch 166: loss=0.2565, RMSE_E=62.8 meV, RMSE_F=12.5 meV / A
2024-11-07 05:52:02.305 INFO: Epoch 168: loss=0.2596, RMSE_E=62.6 meV, RMSE_F=12.6 meV / A
2024-11-07 06:04:49.778 INFO: Epoch 170: loss=0.2591, RMSE_E=63.0 meV, RMSE_F=12.6 meV / A
2024-11-07 06:17:44.367 INFO: Epoch 172: loss=0.2326, RMSE_E=63.8 meV, RMSE_F=12.1 meV / A
2024-11-07 06:30:27.879 INFO: Epoch 174: loss=0.2469, RMSE_E=62.7 meV, RMSE_F=12.3 meV / A
2024-11-07 06:43:18.861 INFO: Epoch 176: loss=0.2499, RMSE_E=62.7 meV, RMSE_F=12.4 meV / A
2024-11-07 06:56:04.156 INFO: Epoch 178: loss=0.2631, RMSE_E=62.5 meV, RMSE_F=12.6 meV / A
2024-11-07 07:08:43.857 INFO: Epoch 180: loss=0.2734, RMSE_E=62.3 meV, RMSE_F=12.8 meV / A
2024-11-07 07:21:23.669 INFO: Epoch 182: loss=0.2675, RMSE_E=62.7 meV, RMSE_F=12.7 meV / A
2024-11-07 07:34:04.351 INFO: Epoch 184: loss=0.2696, RMSE_E=62.5 meV, RMSE_F=12.8 meV / A
2024-11-07 07:46:55.248 INFO: Epoch 186: loss=0.2556, RMSE_E=62.7 meV, RMSE_F=12.5 meV / A
2024-11-07 07:59:47.597 INFO: Epoch 188: loss=0.2532, RMSE_E=62.6 meV, RMSE_F=12.5 meV / A
2024-11-07 08:12:34.161 INFO: Epoch 190: loss=0.2613, RMSE_E=62.8 meV, RMSE_F=12.6 meV / A
2024-11-07 08:25:27.070 INFO: Epoch 192: loss=0.2694, RMSE_E=62.1 meV, RMSE_F=12.8 meV / A
2024-11-07 08:38:19.387 INFO: Epoch 194: loss=0.2456, RMSE_E=63.5 meV, RMSE_F=12.3 meV / A
2024-11-07 08:51:09.956 INFO: Epoch 196: loss=0.2511, RMSE_E=62.7 meV, RMSE_F=12.4 meV / A
2024-11-07 09:04:04.136 INFO: Epoch 198: loss=0.2615, RMSE_E=62.7 meV, RMSE_F=12.6 meV / A
2024-11-24 22:34:04.978 INFO: Training complete
2024-11-24 22:34:04.979 INFO: Computing metrics for training, validation, and test sets
2024-11-24 22:34:04.984 INFO: Loading checkpoint: checkpoints/AgAu_run-123_epoch-110.pt
2024-11-24 22:34:05.085 INFO: Loaded model from epoch 110
2024-11-24 22:34:05.086 INFO: Evaluating train ...
2024-11-24 22:40:50.367 INFO: Evaluating valid ...
2024-11-24 22:41:01.182 INFO: 
+-------------+--------------+------------------+-------------------+
| config_type | RMSE E / meV | RMSE F / meV / A | relative F RMSE % |
+-------------+--------------+------------------+-------------------+
|    train    |     80.2     |       14.0       |        1.11       |
|    valid    |     67.3     |       11.3       |        1.02       |
+-------------+--------------+------------------+-------------------+
2024-11-24 22:41:01.182 INFO: Saving model to checkpoints/AgAu_run-123.model
2024-11-24 22:41:01.638 INFO: Compiling model, saving metadata to AgAu_compiled.model
2024-11-24 22:41:03.506 INFO: Done
