2024-12-04 23:33:10.115 INFO: MACE version: 0.3.5
2024-12-04 23:33:10.116 INFO: Configuration: Namespace(config=None, name='Cu', seed=123, log_dir='logs', model_dir='.', checkpoints_dir='checkpoints', results_dir='results', downloads_dir='downloads', device='cuda', default_dtype='float64', distributed=False, log_level='INFO', error_table='TotalRMSE', model='ScaleShiftMACE', r_max=6.0, radial_type='bessel', num_radial_basis=10, num_cutoff_basis=5, pair_repulsion=False, distance_transform='None', interaction='RealAgnosticResidualInteractionBlock', interaction_first='RealAgnosticResidualInteractionBlock', max_ell=3, correlation=3, num_interactions=2, MLP_irreps='16x0e', radial_MLP='[64, 64, 64]', hidden_irreps='128x0e + 128x1o', num_channels=128, max_L=2, gate='silu', scaling='rms_forces_scaling', avg_num_neighbors=1, compute_avg_num_neighbors=True, compute_stress=False, compute_forces=True, train_file='./dataset/train.xyz', valid_file='./dataset/valid.xyz', valid_fraction=0.1, test_file=None, test_dir=None, multi_processed_test=False, num_workers=0, pin_memory=True, atomic_numbers=None, mean=None, std=None, statistics_file=None, E0s='average', keep_isolated_atoms=False, energy_key='energy', forces_key='forces', virials_key='virials', stress_key='stress', dipole_key='dipole', charges_key='charges', loss='ef', forces_weight=1000.0, swa_forces_weight=100.0, energy_weight=1.0, swa_energy_weight=1000.0, virials_weight=1.0, swa_virials_weight=10.0, stress_weight=1.0, swa_stress_weight=10.0, dipole_weight=1.0, swa_dipole_weight=1.0, config_type_weights='{"Default":1.0}', huber_delta=0.01, optimizer='adam', beta=0.9, batch_size=5, valid_batch_size=5, lr=0.005, swa_lr=0.001, weight_decay=1e-08, amsgrad=True, scheduler='ReduceLROnPlateau', lr_factor=0.8, scheduler_patience=5, lr_scheduler_gamma=0.9993, swa=False, start_swa=None, ema=True, ema_decay=0.995, max_num_epochs=200, patience=2048, foundation_model='/home/l6eub2ic/whcs-share31/wangchen/mace/MPtrj/2024-01-07-mace-128-L2_epoch-199.model', foundation_model_readout=True, eval_interval=2, keep_checkpoints=False, save_all_checkpoints=False, restart_latest=False, save_cpu=True, clip_grad=100.0, wandb=False, wandb_dir=None, wandb_project='', wandb_entity='', wandb_name='', wandb_log_hypers=['num_channels', 'max_L', 'correlation', 'lr', 'swa_lr', 'weight_decay', 'batch_size', 'max_num_epochs', 'start_swa', 'energy_weight', 'forces_weight'])
2024-12-04 23:33:10.232 INFO: CUDA version: 11.8, CUDA device: 0
2024-12-04 23:33:10.768 INFO: Error accessing Git repository: /home/l6eub2ic/whcs-share31/wangchen/mace/inorganic/Cu/finetune
2024-12-04 23:33:13.461 INFO: Using foundation model /home/l6eub2ic/whcs-share31/wangchen/mace/MPtrj/2024-01-07-mace-128-L2_epoch-199.model as initial checkpoint.
2024-12-04 23:33:22.710 INFO: Since ASE version 3.23.0b1, using energy_key 'energy' is no longer safe when communicating between MACE and ASE. We recommend using a different key, rewriting energies to 'REF_energy'. You need to use --energy_key='REF_energy', to tell the key name chosen.
2024-12-04 23:33:25.265 INFO: Since ASE version 3.23.0b1, using forces_key 'forces' is no longer safe when communicating between MACE and ASE. We recommend using a different key, rewriting energies to 'REF_forces'. You need to use --forces_key='REF_forces', to tell the key name chosen.
2024-12-04 23:33:27.812 INFO: Since ASE version 3.23.0b1, using stress_key 'stress' is no longer safe when communicating between MACE and ASE. We recommend using a different key, rewriting energies to 'REF_stress'. You need to use --stress_key='REF_stress', to tell the key name chosen.
2024-12-04 23:33:28.231 INFO: Loaded 14596 training configurations from './dataset/train.xyz'
2024-12-04 23:33:29.474 INFO: Since ASE version 3.23.0b1, using energy_key 'energy' is no longer safe when communicating between MACE and ASE. We recommend using a different key, rewriting energies to 'REF_energy'. You need to use --energy_key='REF_energy', to tell the key name chosen.
2024-12-04 23:33:29.614 INFO: Since ASE version 3.23.0b1, using forces_key 'forces' is no longer safe when communicating between MACE and ASE. We recommend using a different key, rewriting energies to 'REF_forces'. You need to use --forces_key='REF_forces', to tell the key name chosen.
2024-12-04 23:33:29.751 INFO: Since ASE version 3.23.0b1, using stress_key 'stress' is no longer safe when communicating between MACE and ASE. We recommend using a different key, rewriting energies to 'REF_stress'. You need to use --stress_key='REF_stress', to tell the key name chosen.
2024-12-04 23:33:29.773 INFO: Loaded 770 validation configurations from './dataset/valid.xyz'
2024-12-04 23:33:29.774 INFO: Total number of configurations: train=14596, valid=770, tests=[]
2024-12-04 23:33:29.840 INFO: AtomicNumberTable: (29,)
2024-12-04 23:33:29.841 INFO: Atomic Energies not in training file, using command line argument E0s
2024-12-04 23:33:29.841 INFO: Computing average Atomic Energies using least squares regression
2024-12-04 23:33:29.890 INFO: Atomic energies: [-3.241957874607279]
2024-12-04 23:33:48.129 INFO: EnergyForcesLoss(energy_weight=1.000, forces_weight=1000.000)
2024-12-04 23:33:55.108 INFO: Average number of neighbors: 76.3977245492098
2024-12-04 23:33:55.108 INFO: Selected the following outputs: {'energy': True, 'forces': True, 'virials': False, 'stress': False, 'dipoles': False}
2024-12-04 23:34:02.603 INFO: Building model
2024-12-04 23:34:17.985 INFO: ScaleShiftMACE(
  (node_embedding): LinearNodeEmbeddingBlock(
    (linear): Linear(1x0e -> 128x0e | 128 weights)
  )
  (radial_embedding): RadialEmbeddingBlock(
    (bessel_fn): BesselBasis(r_max=6.0, num_basis=10, trainable=True)
    (cutoff_fn): PolynomialCutoff(p=5.0, r_max=6.0)
  )
  (spherical_harmonics): SphericalHarmonics()
  (atomic_energies_fn): AtomicEnergiesBlock(energies=[-3.2420])
  (interactions): ModuleList(
    (0): RealAgnosticResidualInteractionBlock(
      (linear_up): Linear(128x0e -> 128x0e | 16384 weights)
      (conv_tp): TensorProduct(128x0e x 1x0e+1x1o+1x2e+1x3o -> 128x0e+128x1o+128x2e+128x3o | 512 paths | 512 weights)
      (conv_tp_weights): FullyConnectedNet[10, 64, 64, 64, 512]
      (linear): Linear(128x0e+128x1o+128x2e+128x3o -> 128x0e+128x1o+128x2e+128x3o | 65536 weights)
      (skip_tp): FullyConnectedTensorProduct(128x0e x 1x0e -> 128x0e+128x1o+128x2e | 16384 paths | 16384 weights)
      (reshape): reshape_irreps()
    )
    (1): RealAgnosticResidualInteractionBlock(
      (linear_up): Linear(128x0e+128x1o+128x2e -> 128x0e+128x1o+128x2e | 49152 weights)
      (conv_tp): TensorProduct(128x0e+128x1o+128x2e x 1x0e+1x1o+1x2e+1x3o -> 384x0e+640x1o+640x2e+512x3o | 2176 paths | 2176 weights)
      (conv_tp_weights): FullyConnectedNet[10, 64, 64, 64, 2176]
      (linear): Linear(384x0e+640x1o+640x2e+512x3o -> 128x0e+128x1o+128x2e+128x3o | 278528 weights)
      (skip_tp): FullyConnectedTensorProduct(128x0e+128x1o+128x2e x 1x0e -> 128x0e | 16384 paths | 16384 weights)
      (reshape): reshape_irreps()
    )
  )
  (products): ModuleList(
    (0): EquivariantProductBasisBlock(
      (symmetric_contractions): SymmetricContraction(
        (contractions): ModuleList(
          (0): Contraction(
            (contractions_weighting): ModuleList(
              (0-1): 2 x GraphModule()
            )
            (contractions_features): ModuleList(
              (0-1): 2 x GraphModule()
            )
            (weights): ParameterList(
                (0): Parameter containing: [torch.float64 of size 1x4x128 (GPU 0)]
                (1): Parameter containing: [torch.float64 of size 1x1x128 (GPU 0)]
            )
            (graph_opt_main): GraphModule()
          )
          (1): Contraction(
            (contractions_weighting): ModuleList(
              (0-1): 2 x GraphModule()
            )
            (contractions_features): ModuleList(
              (0-1): 2 x GraphModule()
            )
            (weights): ParameterList(
                (0): Parameter containing: [torch.float64 of size 1x6x128 (GPU 0)]
                (1): Parameter containing: [torch.float64 of size 1x1x128 (GPU 0)]
            )
            (graph_opt_main): GraphModule()
          )
          (2): Contraction(
            (contractions_weighting): ModuleList(
              (0-1): 2 x GraphModule()
            )
            (contractions_features): ModuleList(
              (0-1): 2 x GraphModule()
            )
            (weights): ParameterList(
                (0): Parameter containing: [torch.float64 of size 1x7x128 (GPU 0)]
                (1): Parameter containing: [torch.float64 of size 1x1x128 (GPU 0)]
            )
            (graph_opt_main): GraphModule()
          )
        )
      )
      (linear): Linear(128x0e+128x1o+128x2e -> 128x0e+128x1o+128x2e | 49152 weights)
    )
    (1): EquivariantProductBasisBlock(
      (symmetric_contractions): SymmetricContraction(
        (contractions): ModuleList(
          (0): Contraction(
            (contractions_weighting): ModuleList(
              (0-1): 2 x GraphModule()
            )
            (contractions_features): ModuleList(
              (0-1): 2 x GraphModule()
            )
            (weights): ParameterList(
                (0): Parameter containing: [torch.float64 of size 1x4x128 (GPU 0)]
                (1): Parameter containing: [torch.float64 of size 1x1x128 (GPU 0)]
            )
            (graph_opt_main): GraphModule()
          )
        )
      )
      (linear): Linear(128x0e -> 128x0e | 16384 weights)
    )
  )
  (readouts): ModuleList(
    (0): LinearReadoutBlock(
      (linear): Linear(128x0e+128x1o+128x2e -> 1x0e | 128 weights)
    )
    (1): NonLinearReadoutBlock(
      (linear_1): Linear(128x0e -> 16x0e | 2048 weights)
      (non_linearity): Activation [x] (16x0e -> 16x0e)
      (linear_2): Linear(16x0e -> 1x0e | 16 weights)
    )
  )
  (scale_shift): ScaleShiftBlock(scale=0.804154, shift=0.164097)
)
2024-12-04 23:34:17.988 INFO: Number of parameters: 723866
2024-12-04 23:34:17.988 INFO: Optimizer: Adam (
Parameter Group 0
    amsgrad: True
    betas: (0.9, 0.999)
    capturable: False
    differentiable: False
    eps: 1e-08
    foreach: None
    fused: None
    lr: 0.005
    maximize: False
    name: embedding
    weight_decay: 0.0

Parameter Group 1
    amsgrad: True
    betas: (0.9, 0.999)
    capturable: False
    differentiable: False
    eps: 1e-08
    foreach: None
    fused: None
    lr: 0.005
    maximize: False
    name: interactions_decay
    weight_decay: 1e-08

Parameter Group 2
    amsgrad: True
    betas: (0.9, 0.999)
    capturable: False
    differentiable: False
    eps: 1e-08
    foreach: None
    fused: None
    lr: 0.005
    maximize: False
    name: interactions_no_decay
    weight_decay: 0.0

Parameter Group 3
    amsgrad: True
    betas: (0.9, 0.999)
    capturable: False
    differentiable: False
    eps: 1e-08
    foreach: None
    fused: None
    lr: 0.005
    maximize: False
    name: products
    weight_decay: 1e-08

Parameter Group 4
    amsgrad: True
    betas: (0.9, 0.999)
    capturable: False
    differentiable: False
    eps: 1e-08
    foreach: None
    fused: None
    lr: 0.005
    maximize: False
    name: readouts
    weight_decay: 0.0
)
2024-12-04 23:34:17.988 INFO: Using gradient clipping with tolerance=100.000
2024-12-04 23:34:17.988 INFO: Started training
2024-12-04 23:34:43.264 INFO: Epoch None: loss=102.9763, RMSE_E=7785.1 meV, RMSE_F=190.3 meV / A
2024-12-04 23:42:58.213 INFO: Epoch 0: loss=0.2072, RMSE_E=73.6 meV, RMSE_F=13.2 meV / A
2024-12-04 23:58:42.120 INFO: Epoch 2: loss=0.1196, RMSE_E=40.9 meV, RMSE_F=10.2 meV / A
2024-12-05 00:14:36.845 INFO: Epoch 4: loss=0.1024, RMSE_E=38.0 meV, RMSE_F=9.4 meV / A
2024-12-05 00:30:28.990 INFO: Epoch 6: loss=0.0912, RMSE_E=43.5 meV, RMSE_F=8.8 meV / A
2024-12-05 00:46:32.930 INFO: Epoch 8: loss=0.0828, RMSE_E=27.7 meV, RMSE_F=8.4 meV / A
2024-12-05 01:02:23.146 INFO: Epoch 10: loss=0.0779, RMSE_E=28.3 meV, RMSE_F=8.2 meV / A
2024-12-05 01:18:18.047 INFO: Epoch 12: loss=0.0740, RMSE_E=41.8 meV, RMSE_F=8.0 meV / A
2024-12-05 01:34:11.043 INFO: Epoch 14: loss=0.0690, RMSE_E=22.1 meV, RMSE_F=7.7 meV / A
2024-12-05 01:50:01.351 INFO: Epoch 16: loss=0.0665, RMSE_E=21.5 meV, RMSE_F=7.6 meV / A
2024-12-05 02:05:56.073 INFO: Epoch 18: loss=0.0624, RMSE_E=19.4 meV, RMSE_F=7.4 meV / A
2024-12-05 02:21:52.284 INFO: Epoch 20: loss=0.0612, RMSE_E=25.2 meV, RMSE_F=7.3 meV / A
2024-12-05 02:37:45.811 INFO: Epoch 22: loss=0.0624, RMSE_E=41.0 meV, RMSE_F=7.3 meV / A
2024-12-05 02:53:34.070 INFO: Epoch 24: loss=0.0579, RMSE_E=17.8 meV, RMSE_F=7.1 meV / A
2024-12-05 03:09:24.320 INFO: Epoch 26: loss=0.0552, RMSE_E=18.3 meV, RMSE_F=6.9 meV / A
2024-12-05 03:25:18.445 INFO: Epoch 28: loss=0.0549, RMSE_E=25.9 meV, RMSE_F=6.9 meV / A
2024-12-05 03:41:13.726 INFO: Epoch 30: loss=0.0525, RMSE_E=15.1 meV, RMSE_F=6.8 meV / A
2024-12-05 03:57:11.570 INFO: Epoch 32: loss=0.0518, RMSE_E=19.5 meV, RMSE_F=6.7 meV / A
2024-12-05 04:13:05.852 INFO: Epoch 34: loss=0.0519, RMSE_E=21.8 meV, RMSE_F=6.7 meV / A
2024-12-05 04:29:00.274 INFO: Epoch 36: loss=0.0504, RMSE_E=14.7 meV, RMSE_F=6.6 meV / A
2024-12-05 04:44:54.514 INFO: Epoch 38: loss=0.0525, RMSE_E=40.5 meV, RMSE_F=6.7 meV / A
2024-12-05 05:00:47.205 INFO: Epoch 40: loss=0.0530, RMSE_E=17.5 meV, RMSE_F=6.8 meV / A
2024-12-05 05:16:36.513 INFO: Epoch 42: loss=0.0482, RMSE_E=18.6 meV, RMSE_F=6.5 meV / A
2024-12-05 05:32:28.228 INFO: Epoch 44: loss=0.0476, RMSE_E=15.9 meV, RMSE_F=6.5 meV / A
2024-12-05 05:48:22.550 INFO: Epoch 46: loss=0.0475, RMSE_E=21.1 meV, RMSE_F=6.4 meV / A
2024-12-05 06:04:20.018 INFO: Epoch 48: loss=0.0468, RMSE_E=23.3 meV, RMSE_F=6.4 meV / A
2024-12-05 06:20:10.324 INFO: Epoch 50: loss=0.0466, RMSE_E=14.7 meV, RMSE_F=6.4 meV / A
2024-12-05 06:36:02.564 INFO: Epoch 52: loss=0.0460, RMSE_E=19.2 meV, RMSE_F=6.3 meV / A
2024-12-05 06:51:56.016 INFO: Epoch 54: loss=0.0432, RMSE_E=13.0 meV, RMSE_F=6.1 meV / A
2024-12-05 07:07:47.873 INFO: Epoch 56: loss=0.0438, RMSE_E=13.7 meV, RMSE_F=6.2 meV / A
2024-12-05 07:23:35.341 INFO: Epoch 58: loss=0.0454, RMSE_E=19.9 meV, RMSE_F=6.3 meV / A
2024-12-05 07:39:30.977 INFO: Epoch 60: loss=0.0432, RMSE_E=13.0 meV, RMSE_F=6.1 meV / A
2024-12-05 07:55:32.853 INFO: Epoch 62: loss=0.0412, RMSE_E=12.2 meV, RMSE_F=6.0 meV / A
2024-12-05 08:11:28.145 INFO: Epoch 64: loss=0.0409, RMSE_E=10.9 meV, RMSE_F=6.0 meV / A
2024-12-05 08:27:23.858 INFO: Epoch 66: loss=0.0402, RMSE_E=10.9 meV, RMSE_F=5.9 meV / A
2024-12-05 08:43:13.865 INFO: Epoch 68: loss=0.0402, RMSE_E=11.7 meV, RMSE_F=5.9 meV / A
2024-12-05 08:59:03.317 INFO: Epoch 70: loss=0.0398, RMSE_E=10.8 meV, RMSE_F=5.9 meV / A
2024-12-05 09:14:55.052 INFO: Epoch 72: loss=0.0394, RMSE_E=10.7 meV, RMSE_F=5.9 meV / A
2024-12-05 09:30:50.020 INFO: Epoch 74: loss=0.0393, RMSE_E=11.6 meV, RMSE_F=5.9 meV / A
2024-12-05 09:46:44.678 INFO: Epoch 76: loss=0.0390, RMSE_E=10.6 meV, RMSE_F=5.8 meV / A
2024-12-05 10:02:37.383 INFO: Epoch 78: loss=0.0391, RMSE_E=11.8 meV, RMSE_F=5.9 meV / A
2024-12-05 10:18:27.857 INFO: Epoch 80: loss=0.0391, RMSE_E=11.6 meV, RMSE_F=5.8 meV / A
2024-12-05 10:34:17.489 INFO: Epoch 82: loss=0.0385, RMSE_E=11.0 meV, RMSE_F=5.8 meV / A
2024-12-05 10:50:13.632 INFO: Epoch 84: loss=0.0379, RMSE_E=10.4 meV, RMSE_F=5.8 meV / A
2024-12-05 11:06:05.786 INFO: Epoch 86: loss=0.0380, RMSE_E=10.6 meV, RMSE_F=5.8 meV / A
2024-12-05 11:22:03.333 INFO: Epoch 88: loss=0.0378, RMSE_E=11.2 meV, RMSE_F=5.7 meV / A
2024-12-05 11:37:55.740 INFO: Epoch 90: loss=0.0375, RMSE_E=10.6 meV, RMSE_F=5.7 meV / A
2024-12-05 11:53:50.228 INFO: Epoch 92: loss=0.0376, RMSE_E=11.8 meV, RMSE_F=5.7 meV / A
2024-12-05 12:09:41.253 INFO: Epoch 94: loss=0.0374, RMSE_E=10.7 meV, RMSE_F=5.7 meV / A
2024-12-05 12:25:30.106 INFO: Epoch 96: loss=0.0373, RMSE_E=10.7 meV, RMSE_F=5.7 meV / A
2024-12-05 12:41:18.382 INFO: Epoch 98: loss=0.0375, RMSE_E=10.9 meV, RMSE_F=5.7 meV / A
2024-12-05 12:57:12.223 INFO: Epoch 100: loss=0.0372, RMSE_E=11.5 meV, RMSE_F=5.7 meV / A
2024-12-05 13:13:05.781 INFO: Epoch 102: loss=0.0368, RMSE_E=10.5 meV, RMSE_F=5.7 meV / A
2024-12-05 13:28:58.580 INFO: Epoch 104: loss=0.0366, RMSE_E=10.2 meV, RMSE_F=5.7 meV / A
2024-12-05 13:44:59.032 INFO: Epoch 106: loss=0.0366, RMSE_E=10.6 meV, RMSE_F=5.7 meV / A
2024-12-05 14:00:55.728 INFO: Epoch 108: loss=0.0363, RMSE_E=10.3 meV, RMSE_F=5.6 meV / A
2024-12-05 14:16:49.936 INFO: Epoch 110: loss=0.0365, RMSE_E=11.3 meV, RMSE_F=5.6 meV / A
2024-12-05 14:32:39.794 INFO: Epoch 112: loss=0.0363, RMSE_E=11.2 meV, RMSE_F=5.6 meV / A
2024-12-05 14:48:29.386 INFO: Epoch 114: loss=0.0364, RMSE_E=15.2 meV, RMSE_F=5.6 meV / A
2024-12-05 15:04:25.606 INFO: Epoch 116: loss=0.0362, RMSE_E=10.5 meV, RMSE_F=5.6 meV / A
2024-12-05 15:20:13.642 INFO: Epoch 118: loss=0.0359, RMSE_E=10.6 meV, RMSE_F=5.6 meV / A
2024-12-05 15:36:02.972 INFO: Epoch 120: loss=0.0359, RMSE_E=10.5 meV, RMSE_F=5.6 meV / A
2024-12-05 15:51:54.223 INFO: Epoch 122: loss=0.0356, RMSE_E=10.4 meV, RMSE_F=5.6 meV / A
2024-12-05 16:07:55.114 INFO: Epoch 124: loss=0.0364, RMSE_E=16.5 meV, RMSE_F=5.6 meV / A
2024-12-05 16:23:43.529 INFO: Epoch 126: loss=0.0356, RMSE_E=10.3 meV, RMSE_F=5.6 meV / A
2024-12-05 16:39:34.817 INFO: Epoch 128: loss=0.0354, RMSE_E=10.7 meV, RMSE_F=5.6 meV / A
2024-12-05 16:55:23.474 INFO: Epoch 130: loss=0.0355, RMSE_E=10.8 meV, RMSE_F=5.6 meV / A
2024-12-05 17:11:15.924 INFO: Epoch 132: loss=0.0354, RMSE_E=9.7 meV, RMSE_F=5.6 meV / A
2024-12-05 17:27:05.524 INFO: Epoch 134: loss=0.0349, RMSE_E=10.2 meV, RMSE_F=5.5 meV / A
2024-12-05 17:42:57.093 INFO: Epoch 136: loss=0.0355, RMSE_E=9.8 meV, RMSE_F=5.6 meV / A
2024-12-05 17:58:50.979 INFO: Epoch 138: loss=0.0353, RMSE_E=10.3 meV, RMSE_F=5.6 meV / A
2024-12-05 18:14:41.537 INFO: Epoch 140: loss=0.0352, RMSE_E=15.0 meV, RMSE_F=5.5 meV / A
2024-12-05 18:30:28.829 INFO: Epoch 142: loss=0.0346, RMSE_E=9.5 meV, RMSE_F=5.5 meV / A
2024-12-05 18:46:18.177 INFO: Epoch 144: loss=0.0345, RMSE_E=9.8 meV, RMSE_F=5.5 meV / A
2024-12-05 19:02:12.330 INFO: Epoch 146: loss=0.0346, RMSE_E=10.5 meV, RMSE_F=5.5 meV / A
2024-12-05 19:17:59.669 INFO: Epoch 148: loss=0.0343, RMSE_E=9.6 meV, RMSE_F=5.5 meV / A
2024-12-05 19:33:51.457 INFO: Epoch 150: loss=0.0341, RMSE_E=9.5 meV, RMSE_F=5.5 meV / A
2024-12-05 19:49:35.885 INFO: Epoch 152: loss=0.0344, RMSE_E=9.8 meV, RMSE_F=5.5 meV / A
2024-12-05 20:05:48.297 INFO: Epoch 154: loss=0.0342, RMSE_E=9.5 meV, RMSE_F=5.5 meV / A
2024-12-05 20:22:04.134 INFO: Epoch 156: loss=0.0342, RMSE_E=9.6 meV, RMSE_F=5.5 meV / A
2024-12-05 20:37:57.975 INFO: Epoch 158: loss=0.0340, RMSE_E=9.6 meV, RMSE_F=5.5 meV / A
2024-12-05 20:53:49.666 INFO: Epoch 160: loss=0.0340, RMSE_E=9.4 meV, RMSE_F=5.5 meV / A
2024-12-05 21:09:37.091 INFO: Epoch 162: loss=0.0339, RMSE_E=9.3 meV, RMSE_F=5.4 meV / A
2024-12-05 21:25:26.146 INFO: Epoch 164: loss=0.0341, RMSE_E=9.5 meV, RMSE_F=5.5 meV / A
2024-12-05 21:41:13.592 INFO: Epoch 166: loss=0.0335, RMSE_E=9.4 meV, RMSE_F=5.4 meV / A
2024-12-05 21:57:07.160 INFO: Epoch 168: loss=0.0337, RMSE_E=9.5 meV, RMSE_F=5.4 meV / A
2024-12-05 22:12:54.266 INFO: Epoch 170: loss=0.0337, RMSE_E=9.5 meV, RMSE_F=5.4 meV / A
2024-12-05 22:28:41.876 INFO: Epoch 172: loss=0.0335, RMSE_E=9.2 meV, RMSE_F=5.4 meV / A
2024-12-05 22:44:33.892 INFO: Epoch 174: loss=0.0336, RMSE_E=9.2 meV, RMSE_F=5.4 meV / A
2024-12-05 23:00:31.489 INFO: Epoch 176: loss=0.0336, RMSE_E=9.4 meV, RMSE_F=5.4 meV / A
2024-12-05 23:16:20.699 INFO: Epoch 178: loss=0.0336, RMSE_E=9.5 meV, RMSE_F=5.4 meV / A
2024-12-05 23:32:07.896 INFO: Epoch 180: loss=0.0334, RMSE_E=9.4 meV, RMSE_F=5.4 meV / A
2024-12-05 23:48:00.942 INFO: Epoch 182: loss=0.0335, RMSE_E=9.2 meV, RMSE_F=5.4 meV / A
2024-12-06 00:03:48.198 INFO: Epoch 184: loss=0.0333, RMSE_E=9.3 meV, RMSE_F=5.4 meV / A
2024-12-06 00:19:35.358 INFO: Epoch 186: loss=0.0334, RMSE_E=9.3 meV, RMSE_F=5.4 meV / A
2024-12-06 00:35:31.375 INFO: Epoch 188: loss=0.0332, RMSE_E=9.1 meV, RMSE_F=5.4 meV / A
2024-12-06 00:51:27.947 INFO: Epoch 190: loss=0.0332, RMSE_E=9.4 meV, RMSE_F=5.4 meV / A
2024-12-06 01:07:18.367 INFO: Epoch 192: loss=0.0333, RMSE_E=9.3 meV, RMSE_F=5.4 meV / A
2024-12-06 01:23:09.316 INFO: Epoch 194: loss=0.0333, RMSE_E=9.4 meV, RMSE_F=5.4 meV / A
2024-12-06 01:38:59.605 INFO: Epoch 196: loss=0.0331, RMSE_E=9.1 meV, RMSE_F=5.4 meV / A
2024-12-06 01:54:47.863 INFO: Epoch 198: loss=0.0332, RMSE_E=9.0 meV, RMSE_F=5.4 meV / A
2024-12-06 02:02:38.821 INFO: Training complete
2024-12-06 02:02:38.821 INFO: Computing metrics for training, validation, and test sets
2024-12-06 02:02:38.824 INFO: Loading checkpoint: checkpoints/Cu_run-123_epoch-196.pt
2024-12-06 02:02:40.925 INFO: Loaded model from epoch 196
2024-12-06 02:02:40.926 INFO: Evaluating train ...
2024-12-06 02:10:33.280 INFO: Evaluating valid ...
2024-12-06 02:10:44.490 INFO: 
+-------------+--------------+------------------+-------------------+
| config_type | RMSE E / meV | RMSE F / meV / A | relative F RMSE % |
+-------------+--------------+------------------+-------------------+
|    train    |     9.3      |       4.8        |        0.60       |
|    valid    |     9.1      |       5.4        |        0.70       |
+-------------+--------------+------------------+-------------------+
2024-12-06 02:10:44.491 INFO: Saving model to checkpoints/Cu_run-123.model
2024-12-06 02:10:46.633 INFO: Compiling model, saving metadata to Cu_compiled.model
2024-12-06 02:10:48.427 INFO: Done
