2024-11-25 16:58:22.396 INFO: MACE version: 0.3.5
2024-11-25 16:58:22.396 INFO: Configuration: Namespace(config=None, name='naphthalene', seed=123, log_dir='logs', model_dir='.', checkpoints_dir='checkpoints', results_dir='results', downloads_dir='downloads', device='cuda', default_dtype='float64', distributed=False, log_level='INFO', error_table='TotalRMSE', model='MACE', r_max=5.0, radial_type='bessel', num_radial_basis=8, num_cutoff_basis=5, pair_repulsion=False, distance_transform='None', interaction='RealAgnosticResidualInteractionBlock', interaction_first='RealAgnosticResidualInteractionBlock', max_ell=3, correlation=3, num_interactions=2, MLP_irreps='16x0e', radial_MLP='[64, 64, 64]', hidden_irreps='128x0e + 128x1o', num_channels=128, max_L=1, gate='silu', scaling='rms_forces_scaling', avg_num_neighbors=1, compute_avg_num_neighbors=True, compute_stress=False, compute_forces=True, train_file='./dataset/train.xyz', valid_file='./dataset/valid.xyz', valid_fraction=0.1, test_file=None, test_dir=None, multi_processed_test=False, num_workers=0, pin_memory=True, atomic_numbers=None, mean=None, std=None, statistics_file=None, E0s='average', keep_isolated_atoms=False, energy_key='energy', forces_key='forces', virials_key='virials', stress_key='stress', dipole_key='dipole', charges_key='charges', loss='ef', forces_weight=1000.0, swa_forces_weight=100.0, energy_weight=1.0, swa_energy_weight=1000.0, virials_weight=1.0, swa_virials_weight=10.0, stress_weight=1.0, swa_stress_weight=10.0, dipole_weight=1.0, swa_dipole_weight=1.0, config_type_weights='{"Default":1.0}', huber_delta=0.01, optimizer='adam', beta=0.9, batch_size=5, valid_batch_size=5, lr=0.005, swa_lr=0.001, weight_decay=1e-08, amsgrad=True, scheduler='ReduceLROnPlateau', lr_factor=0.8, scheduler_patience=5, lr_scheduler_gamma=0.9993, swa=False, start_swa=None, ema=True, ema_decay=0.995, max_num_epochs=500, patience=2048, foundation_model='/home/l6eub2ic/whcs-share31/wangchen/mace/MPtrj/MACE-OFF23_medium.model', foundation_model_readout=True, eval_interval=2, keep_checkpoints=False, save_all_checkpoints=False, restart_latest=False, save_cpu=True, clip_grad=100.0, wandb=False, wandb_dir=None, wandb_project='', wandb_entity='', wandb_name='', wandb_log_hypers=['num_channels', 'max_L', 'correlation', 'lr', 'swa_lr', 'weight_decay', 'batch_size', 'max_num_epochs', 'start_swa', 'energy_weight', 'forces_weight'])
2024-11-25 16:58:22.536 INFO: CUDA version: 11.8, CUDA device: 0
2024-11-25 16:58:22.941 INFO: Error accessing Git repository: /home/l6eub2ic/whcs-share31/wangchen/mace/organic/naphthalene/finetune
2024-11-25 16:58:26.444 INFO: Using foundation model /home/l6eub2ic/whcs-share31/wangchen/mace/MPtrj/MACE-OFF23_medium.model as initial checkpoint.
2024-11-25 16:58:26.503 INFO: Since ASE version 3.23.0b1, using energy_key 'energy' is no longer safe when communicating between MACE and ASE. We recommend using a different key, rewriting energies to 'REF_energy'. You need to use --energy_key='REF_energy', to tell the key name chosen.
2024-11-25 16:58:26.513 INFO: Since ASE version 3.23.0b1, using forces_key 'forces' is no longer safe when communicating between MACE and ASE. We recommend using a different key, rewriting energies to 'REF_forces'. You need to use --forces_key='REF_forces', to tell the key name chosen.
2024-11-25 16:58:26.523 INFO: Since ASE version 3.23.0b1, using stress_key 'stress' is no longer safe when communicating between MACE and ASE. We recommend using a different key, rewriting energies to 'REF_stress'. You need to use --stress_key='REF_stress', to tell the key name chosen.
2024-11-25 16:58:26.525 INFO: Loaded 50 training configurations from './dataset/train.xyz'
2024-11-25 16:58:27.961 INFO: Since ASE version 3.23.0b1, using energy_key 'energy' is no longer safe when communicating between MACE and ASE. We recommend using a different key, rewriting energies to 'REF_energy'. You need to use --energy_key='REF_energy', to tell the key name chosen.
2024-11-25 16:58:28.133 INFO: Since ASE version 3.23.0b1, using forces_key 'forces' is no longer safe when communicating between MACE and ASE. We recommend using a different key, rewriting energies to 'REF_forces'. You need to use --forces_key='REF_forces', to tell the key name chosen.
2024-11-25 16:58:28.305 INFO: Since ASE version 3.23.0b1, using stress_key 'stress' is no longer safe when communicating between MACE and ASE. We recommend using a different key, rewriting energies to 'REF_stress'. You need to use --stress_key='REF_stress', to tell the key name chosen.
2024-11-25 16:58:28.329 INFO: Loaded 950 validation configurations from './dataset/valid.xyz'
2024-11-25 16:58:28.329 INFO: Total number of configurations: train=50, valid=950, tests=[]
2024-11-25 16:58:28.333 INFO: AtomicNumberTable: (1, 6)
2024-11-25 16:58:28.333 INFO: Atomic Energies not in training file, using command line argument E0s
2024-11-25 16:58:28.334 INFO: Computing average Atomic Energies using least squares regression
2024-11-25 16:58:28.336 INFO: Atomic energies: [-511.1418772867314, -638.9273466084144]
2024-11-25 16:58:28.888 INFO: EnergyForcesLoss(energy_weight=1.000, forces_weight=1000.000)
2024-11-25 16:58:28.913 INFO: Average number of neighbors: 14.184444444444445
2024-11-25 16:58:28.913 INFO: Selected the following outputs: {'energy': True, 'forces': True, 'virials': False, 'stress': False, 'dipoles': False}
2024-11-25 16:58:28.936 INFO: Building model
2024-11-25 16:58:33.546 INFO: ScaleShiftMACE(
  (node_embedding): LinearNodeEmbeddingBlock(
    (linear): Linear(2x0e -> 128x0e | 256 weights)
  )
  (radial_embedding): RadialEmbeddingBlock(
    (bessel_fn): BesselBasis(r_max=5.0, num_basis=8, trainable=True)
    (cutoff_fn): PolynomialCutoff(p=5.0, r_max=5.0)
  )
  (spherical_harmonics): SphericalHarmonics()
  (atomic_energies_fn): AtomicEnergiesBlock(energies=[-511.1419, -638.9273])
  (interactions): ModuleList(
    (0): RealAgnosticInteractionBlock(
      (linear_up): Linear(128x0e -> 128x0e | 16384 weights)
      (conv_tp): TensorProduct(128x0e x 1x0e+1x1o+1x2e+1x3o -> 128x0e+128x1o+128x2e+128x3o | 512 paths | 512 weights)
      (conv_tp_weights): FullyConnectedNet[8, 64, 64, 64, 512]
      (linear): Linear(128x0e+128x1o+128x2e+128x3o -> 128x0e+128x1o+128x2e+128x3o | 65536 weights)
      (skip_tp): FullyConnectedTensorProduct(128x0e+128x1o+128x2e+128x3o x 2x0e -> 128x0e+128x1o+128x2e+128x3o | 131072 paths | 131072 weights)
      (reshape): reshape_irreps()
    )
    (1): RealAgnosticResidualInteractionBlock(
      (linear_up): Linear(128x0e+128x1o -> 128x0e+128x1o | 32768 weights)
      (conv_tp): TensorProduct(128x0e+128x1o x 1x0e+1x1o+1x2e+1x3o -> 256x0e+384x1o+384x2e+256x3o | 1280 paths | 1280 weights)
      (conv_tp_weights): FullyConnectedNet[8, 64, 64, 64, 1280]
      (linear): Linear(256x0e+384x1o+384x2e+256x3o -> 128x0e+128x1o+128x2e+128x3o | 163840 weights)
      (skip_tp): FullyConnectedTensorProduct(128x0e+128x1o x 2x0e -> 128x0e | 32768 paths | 32768 weights)
      (reshape): reshape_irreps()
    )
  )
  (products): ModuleList(
    (0): EquivariantProductBasisBlock(
      (symmetric_contractions): SymmetricContraction(
        (contractions): ModuleList(
          (0): Contraction(
            (contractions_weighting): ModuleList(
              (0-1): 2 x GraphModule()
            )
            (contractions_features): ModuleList(
              (0-1): 2 x GraphModule()
            )
            (weights): ParameterList(
                (0): Parameter containing: [torch.float64 of size 2x4x128 (GPU 0)]
                (1): Parameter containing: [torch.float64 of size 2x1x128 (GPU 0)]
            )
            (graph_opt_main): GraphModule()
          )
          (1): Contraction(
            (contractions_weighting): ModuleList(
              (0-1): 2 x GraphModule()
            )
            (contractions_features): ModuleList(
              (0-1): 2 x GraphModule()
            )
            (weights): ParameterList(
                (0): Parameter containing: [torch.float64 of size 2x6x128 (GPU 0)]
                (1): Parameter containing: [torch.float64 of size 2x1x128 (GPU 0)]
            )
            (graph_opt_main): GraphModule()
          )
        )
      )
      (linear): Linear(128x0e+128x1o -> 128x0e+128x1o | 32768 weights)
    )
    (1): EquivariantProductBasisBlock(
      (symmetric_contractions): SymmetricContraction(
        (contractions): ModuleList(
          (0): Contraction(
            (contractions_weighting): ModuleList(
              (0-1): 2 x GraphModule()
            )
            (contractions_features): ModuleList(
              (0-1): 2 x GraphModule()
            )
            (weights): ParameterList(
                (0): Parameter containing: [torch.float64 of size 2x4x128 (GPU 0)]
                (1): Parameter containing: [torch.float64 of size 2x1x128 (GPU 0)]
            )
            (graph_opt_main): GraphModule()
          )
        )
      )
      (linear): Linear(128x0e -> 128x0e | 16384 weights)
    )
  )
  (readouts): ModuleList(
    (0): LinearReadoutBlock(
      (linear): Linear(128x0e+128x1o -> 1x0e | 128 weights)
    )
    (1): NonLinearReadoutBlock(
      (linear_1): Linear(128x0e -> 16x0e | 2048 weights)
      (non_linearity): Activation [x] (16x0e -> 16x0e)
      (linear_2): Linear(16x0e -> 1x0e | 16 weights)
    )
  )
  (scale_shift): ScaleShiftBlock(scale=1.088502, shift=0.000000)
)
2024-11-25 16:58:33.548 INFO: Number of parameters: 655256
2024-11-25 16:58:33.548 INFO: Optimizer: Adam (
Parameter Group 0
    amsgrad: True
    betas: (0.9, 0.999)
    capturable: False
    differentiable: False
    eps: 1e-08
    foreach: None
    fused: None
    lr: 0.005
    maximize: False
    name: embedding
    weight_decay: 0.0

Parameter Group 1
    amsgrad: True
    betas: (0.9, 0.999)
    capturable: False
    differentiable: False
    eps: 1e-08
    foreach: None
    fused: None
    lr: 0.005
    maximize: False
    name: interactions_decay
    weight_decay: 1e-08

Parameter Group 2
    amsgrad: True
    betas: (0.9, 0.999)
    capturable: False
    differentiable: False
    eps: 1e-08
    foreach: None
    fused: None
    lr: 0.005
    maximize: False
    name: interactions_no_decay
    weight_decay: 0.0

Parameter Group 3
    amsgrad: True
    betas: (0.9, 0.999)
    capturable: False
    differentiable: False
    eps: 1e-08
    foreach: None
    fused: None
    lr: 0.005
    maximize: False
    name: products
    weight_decay: 1e-08

Parameter Group 4
    amsgrad: True
    betas: (0.9, 0.999)
    capturable: False
    differentiable: False
    eps: 1e-08
    foreach: None
    fused: None
    lr: 0.005
    maximize: False
    name: readouts
    weight_decay: 0.0
)
2024-11-25 16:58:33.548 INFO: Using gradient clipping with tolerance=100.000
2024-11-25 16:58:33.548 INFO: Started training
2024-11-25 16:58:51.619 INFO: Epoch None: loss=8663.4212, RMSE_E=92335.3 meV, RMSE_F=371.0 meV / A
2024-11-25 16:59:09.235 INFO: Epoch 0: loss=4430.1249, RMSE_E=65542.7 meV, RMSE_F=366.4 meV / A
2024-11-25 16:59:18.814 INFO: Epoch 2: loss=217.6028, RMSE_E=7966.8 meV, RMSE_F=392.6 meV / A
2024-11-25 16:59:29.164 INFO: Epoch 4: loss=33.4403, RMSE_E=1325.3 meV, RMSE_F=178.0 meV / A
2024-11-25 16:59:39.984 INFO: Epoch 6: loss=12.1736, RMSE_E=144.0 meV, RMSE_F=110.2 meV / A
2024-11-25 16:59:50.490 INFO: Epoch 8: loss=6.4786, RMSE_E=334.9 meV, RMSE_F=79.8 meV / A
2024-11-25 17:00:00.163 INFO: Epoch 10: loss=4.9750, RMSE_E=118.6 meV, RMSE_F=70.4 meV / A
2024-11-25 17:00:10.573 INFO: Epoch 12: loss=3.5251, RMSE_E=120.2 meV, RMSE_F=59.3 meV / A
2024-11-25 17:00:20.687 INFO: Epoch 14: loss=2.7821, RMSE_E=85.2 meV, RMSE_F=52.7 meV / A
2024-11-25 17:00:31.243 INFO: Epoch 16: loss=2.3931, RMSE_E=131.2 meV, RMSE_F=48.7 meV / A
2024-11-25 17:00:41.871 INFO: Epoch 18: loss=2.0558, RMSE_E=113.8 meV, RMSE_F=45.2 meV / A
2024-11-25 17:00:51.945 INFO: Epoch 20: loss=1.7708, RMSE_E=42.3 meV, RMSE_F=42.1 meV / A
2024-11-25 17:01:02.335 INFO: Epoch 22: loss=1.5692, RMSE_E=41.4 meV, RMSE_F=39.6 meV / A
2024-11-25 17:01:12.593 INFO: Epoch 24: loss=1.4099, RMSE_E=59.2 meV, RMSE_F=37.5 meV / A
2024-11-25 17:01:23.361 INFO: Epoch 26: loss=1.2660, RMSE_E=45.2 meV, RMSE_F=35.6 meV / A
2024-11-25 17:01:34.019 INFO: Epoch 28: loss=1.1514, RMSE_E=41.6 meV, RMSE_F=33.9 meV / A
2024-11-25 17:01:43.437 INFO: Epoch 30: loss=1.0532, RMSE_E=21.0 meV, RMSE_F=32.4 meV / A
2024-11-25 17:01:52.289 INFO: Epoch 32: loss=0.9859, RMSE_E=47.9 meV, RMSE_F=31.4 meV / A
2024-11-25 17:02:01.268 INFO: Epoch 34: loss=0.9109, RMSE_E=39.5 meV, RMSE_F=30.2 meV / A
2024-11-25 17:02:10.879 INFO: Epoch 36: loss=0.8466, RMSE_E=39.4 meV, RMSE_F=29.1 meV / A
2024-11-25 17:02:22.043 INFO: Epoch 38: loss=0.7922, RMSE_E=33.7 meV, RMSE_F=28.1 meV / A
2024-11-25 17:02:32.683 INFO: Epoch 40: loss=0.7428, RMSE_E=45.0 meV, RMSE_F=27.2 meV / A
2024-11-25 17:02:43.785 INFO: Epoch 42: loss=0.6994, RMSE_E=40.2 meV, RMSE_F=26.4 meV / A
2024-11-25 17:02:55.157 INFO: Epoch 44: loss=0.6628, RMSE_E=24.8 meV, RMSE_F=25.7 meV / A
2024-11-25 17:03:06.290 INFO: Epoch 46: loss=0.6324, RMSE_E=33.8 meV, RMSE_F=25.1 meV / A
2024-11-25 17:03:16.509 INFO: Epoch 48: loss=0.5956, RMSE_E=21.5 meV, RMSE_F=24.4 meV / A
2024-11-25 17:03:27.589 INFO: Epoch 50: loss=0.5687, RMSE_E=23.1 meV, RMSE_F=23.8 meV / A
2024-11-25 17:03:38.068 INFO: Epoch 52: loss=0.5423, RMSE_E=22.3 meV, RMSE_F=23.3 meV / A
2024-11-25 17:03:49.423 INFO: Epoch 54: loss=0.5161, RMSE_E=19.2 meV, RMSE_F=22.7 meV / A
2024-11-25 17:04:00.324 INFO: Epoch 56: loss=0.4969, RMSE_E=20.2 meV, RMSE_F=22.3 meV / A
2024-11-25 17:04:11.619 INFO: Epoch 58: loss=0.4761, RMSE_E=16.4 meV, RMSE_F=21.8 meV / A
2024-11-25 17:04:22.123 INFO: Epoch 60: loss=0.4573, RMSE_E=15.4 meV, RMSE_F=21.4 meV / A
2024-11-25 17:04:32.939 INFO: Epoch 62: loss=0.4402, RMSE_E=17.2 meV, RMSE_F=21.0 meV / A
2024-11-25 17:04:42.525 INFO: Epoch 64: loss=0.4246, RMSE_E=14.1 meV, RMSE_F=20.6 meV / A
2024-11-25 17:04:53.260 INFO: Epoch 66: loss=0.4113, RMSE_E=12.3 meV, RMSE_F=20.3 meV / A
2024-11-25 17:05:03.742 INFO: Epoch 68: loss=0.3991, RMSE_E=11.2 meV, RMSE_F=20.0 meV / A
2024-11-25 17:05:14.122 INFO: Epoch 70: loss=0.3881, RMSE_E=10.0 meV, RMSE_F=19.7 meV / A
2024-11-25 17:05:25.485 INFO: Epoch 72: loss=0.3795, RMSE_E=11.9 meV, RMSE_F=19.5 meV / A
2024-11-25 17:05:36.132 INFO: Epoch 74: loss=0.3681, RMSE_E=12.0 meV, RMSE_F=19.2 meV / A
2024-11-25 17:05:46.752 INFO: Epoch 76: loss=0.3592, RMSE_E=11.9 meV, RMSE_F=18.9 meV / A
2024-11-25 17:05:56.763 INFO: Epoch 78: loss=0.3501, RMSE_E=11.1 meV, RMSE_F=18.7 meV / A
2024-11-25 17:06:07.509 INFO: Epoch 80: loss=0.3420, RMSE_E=9.2 meV, RMSE_F=18.5 meV / A
2024-11-25 17:06:18.071 INFO: Epoch 82: loss=0.3329, RMSE_E=10.7 meV, RMSE_F=18.2 meV / A
2024-11-25 17:06:28.849 INFO: Epoch 84: loss=0.3268, RMSE_E=10.6 meV, RMSE_F=18.1 meV / A
2024-11-25 17:06:39.039 INFO: Epoch 86: loss=0.3207, RMSE_E=9.8 meV, RMSE_F=17.9 meV / A
2024-11-25 17:06:47.588 INFO: Epoch 88: loss=0.3141, RMSE_E=10.4 meV, RMSE_F=17.7 meV / A
2024-11-25 17:06:57.420 INFO: Epoch 90: loss=0.3086, RMSE_E=10.0 meV, RMSE_F=17.6 meV / A
2024-11-25 17:07:08.502 INFO: Epoch 92: loss=0.3031, RMSE_E=9.6 meV, RMSE_F=17.4 meV / A
2024-11-25 17:07:19.215 INFO: Epoch 94: loss=0.2970, RMSE_E=11.2 meV, RMSE_F=17.2 meV / A
2024-11-25 17:07:30.210 INFO: Epoch 96: loss=0.2929, RMSE_E=10.9 meV, RMSE_F=17.1 meV / A
2024-11-25 17:07:41.090 INFO: Epoch 98: loss=0.2891, RMSE_E=10.0 meV, RMSE_F=17.0 meV / A
2024-11-25 17:07:51.586 INFO: Epoch 100: loss=0.2841, RMSE_E=9.4 meV, RMSE_F=16.9 meV / A
2024-11-25 17:08:02.057 INFO: Epoch 102: loss=0.2799, RMSE_E=10.4 meV, RMSE_F=16.7 meV / A
2024-11-25 17:08:12.357 INFO: Epoch 104: loss=0.2755, RMSE_E=9.5 meV, RMSE_F=16.6 meV / A
2024-11-25 17:08:22.798 INFO: Epoch 106: loss=0.2716, RMSE_E=10.1 meV, RMSE_F=16.5 meV / A
2024-11-25 17:08:33.201 INFO: Epoch 108: loss=0.2688, RMSE_E=9.7 meV, RMSE_F=16.4 meV / A
2024-11-25 17:08:43.528 INFO: Epoch 110: loss=0.2662, RMSE_E=9.5 meV, RMSE_F=16.3 meV / A
2024-11-25 17:08:53.623 INFO: Epoch 112: loss=0.2634, RMSE_E=11.0 meV, RMSE_F=16.2 meV / A
2024-11-25 17:09:04.213 INFO: Epoch 114: loss=0.2604, RMSE_E=11.2 meV, RMSE_F=16.1 meV / A
2024-11-25 17:09:14.982 INFO: Epoch 116: loss=0.2571, RMSE_E=11.4 meV, RMSE_F=16.0 meV / A
2024-11-25 17:09:26.361 INFO: Epoch 118: loss=0.2545, RMSE_E=12.6 meV, RMSE_F=15.9 meV / A
2024-11-25 17:09:36.702 INFO: Epoch 120: loss=0.2525, RMSE_E=12.8 meV, RMSE_F=15.9 meV / A
2024-11-25 17:09:46.490 INFO: Epoch 122: loss=0.2493, RMSE_E=12.8 meV, RMSE_F=15.8 meV / A
2024-11-25 17:09:56.649 INFO: Epoch 124: loss=0.2461, RMSE_E=11.7 meV, RMSE_F=15.7 meV / A
2024-11-25 17:10:06.492 INFO: Epoch 126: loss=0.2429, RMSE_E=11.1 meV, RMSE_F=15.6 meV / A
2024-11-25 17:10:17.133 INFO: Epoch 128: loss=0.2402, RMSE_E=11.2 meV, RMSE_F=15.5 meV / A
2024-11-25 17:10:28.072 INFO: Epoch 130: loss=0.2381, RMSE_E=11.2 meV, RMSE_F=15.4 meV / A
2024-11-25 17:10:37.579 INFO: Epoch 132: loss=0.2356, RMSE_E=9.7 meV, RMSE_F=15.3 meV / A
2024-11-25 17:10:48.454 INFO: Epoch 134: loss=0.2334, RMSE_E=9.9 meV, RMSE_F=15.3 meV / A
2024-11-25 17:10:58.616 INFO: Epoch 136: loss=0.2312, RMSE_E=10.3 meV, RMSE_F=15.2 meV / A
2024-11-25 17:11:10.118 INFO: Epoch 138: loss=0.2292, RMSE_E=9.8 meV, RMSE_F=15.1 meV / A
2024-11-25 17:11:20.241 INFO: Epoch 140: loss=0.2271, RMSE_E=9.9 meV, RMSE_F=15.1 meV / A
2024-11-25 17:11:30.033 INFO: Epoch 142: loss=0.2250, RMSE_E=9.5 meV, RMSE_F=15.0 meV / A
2024-11-25 17:11:40.154 INFO: Epoch 144: loss=0.2230, RMSE_E=8.7 meV, RMSE_F=14.9 meV / A
2024-11-25 17:11:48.572 INFO: Epoch 146: loss=0.2209, RMSE_E=7.5 meV, RMSE_F=14.9 meV / A
2024-11-25 17:11:57.015 INFO: Epoch 148: loss=0.2192, RMSE_E=7.6 meV, RMSE_F=14.8 meV / A
2024-11-25 17:12:07.951 INFO: Epoch 150: loss=0.2175, RMSE_E=7.6 meV, RMSE_F=14.7 meV / A
2024-11-25 17:12:18.356 INFO: Epoch 152: loss=0.2160, RMSE_E=7.0 meV, RMSE_F=14.7 meV / A
2024-11-25 17:12:28.735 INFO: Epoch 154: loss=0.2144, RMSE_E=7.2 meV, RMSE_F=14.6 meV / A
2024-11-25 17:12:38.856 INFO: Epoch 156: loss=0.2126, RMSE_E=6.8 meV, RMSE_F=14.6 meV / A
2024-11-25 17:12:48.418 INFO: Epoch 158: loss=0.2111, RMSE_E=6.3 meV, RMSE_F=14.5 meV / A
2024-11-25 17:12:58.874 INFO: Epoch 160: loss=0.2096, RMSE_E=5.7 meV, RMSE_F=14.5 meV / A
2024-11-25 17:13:09.083 INFO: Epoch 162: loss=0.2081, RMSE_E=5.9 meV, RMSE_F=14.4 meV / A
2024-11-25 17:13:19.070 INFO: Epoch 164: loss=0.2067, RMSE_E=6.3 meV, RMSE_F=14.4 meV / A
2024-11-25 17:13:29.223 INFO: Epoch 166: loss=0.2055, RMSE_E=6.0 meV, RMSE_F=14.3 meV / A
2024-11-25 17:13:39.783 INFO: Epoch 168: loss=0.2044, RMSE_E=6.0 meV, RMSE_F=14.3 meV / A
2024-11-25 17:13:49.782 INFO: Epoch 170: loss=0.2033, RMSE_E=5.1 meV, RMSE_F=14.3 meV / A
2024-11-25 17:14:00.475 INFO: Epoch 172: loss=0.2024, RMSE_E=5.3 meV, RMSE_F=14.2 meV / A
2024-11-25 17:14:11.110 INFO: Epoch 174: loss=0.2012, RMSE_E=5.0 meV, RMSE_F=14.2 meV / A
2024-11-25 17:14:21.254 INFO: Epoch 176: loss=0.2002, RMSE_E=5.0 meV, RMSE_F=14.1 meV / A
2024-11-25 17:14:31.175 INFO: Epoch 178: loss=0.1993, RMSE_E=4.7 meV, RMSE_F=14.1 meV / A
2024-11-25 17:14:41.502 INFO: Epoch 180: loss=0.1984, RMSE_E=5.0 meV, RMSE_F=14.1 meV / A
2024-11-25 17:14:52.273 INFO: Epoch 182: loss=0.1972, RMSE_E=4.8 meV, RMSE_F=14.0 meV / A
2024-11-25 17:15:02.585 INFO: Epoch 184: loss=0.1962, RMSE_E=4.7 meV, RMSE_F=14.0 meV / A
2024-11-25 17:15:12.051 INFO: Epoch 186: loss=0.1950, RMSE_E=4.6 meV, RMSE_F=14.0 meV / A
2024-11-25 17:15:23.136 INFO: Epoch 188: loss=0.1941, RMSE_E=4.6 meV, RMSE_F=13.9 meV / A
2024-11-25 17:15:33.509 INFO: Epoch 190: loss=0.1932, RMSE_E=4.9 meV, RMSE_F=13.9 meV / A
2024-11-25 17:15:43.703 INFO: Epoch 192: loss=0.1923, RMSE_E=4.6 meV, RMSE_F=13.9 meV / A
2024-11-25 17:15:54.396 INFO: Epoch 194: loss=0.1912, RMSE_E=4.6 meV, RMSE_F=13.8 meV / A
2024-11-25 17:16:05.004 INFO: Epoch 196: loss=0.1901, RMSE_E=4.4 meV, RMSE_F=13.8 meV / A
2024-11-25 17:16:15.658 INFO: Epoch 198: loss=0.1888, RMSE_E=4.3 meV, RMSE_F=13.7 meV / A
2024-11-25 17:16:25.915 INFO: Epoch 200: loss=0.1878, RMSE_E=4.3 meV, RMSE_F=13.7 meV / A
2024-11-25 17:16:35.711 INFO: Epoch 202: loss=0.1870, RMSE_E=4.6 meV, RMSE_F=13.7 meV / A
2024-11-25 17:16:45.983 INFO: Epoch 204: loss=0.1860, RMSE_E=4.2 meV, RMSE_F=13.6 meV / A
2024-11-25 17:16:56.301 INFO: Epoch 206: loss=0.1853, RMSE_E=4.2 meV, RMSE_F=13.6 meV / A
2024-11-25 17:17:07.887 INFO: Epoch 208: loss=0.1844, RMSE_E=4.4 meV, RMSE_F=13.6 meV / A
2024-11-25 17:17:18.619 INFO: Epoch 210: loss=0.1837, RMSE_E=4.4 meV, RMSE_F=13.6 meV / A
2024-11-25 17:17:27.028 INFO: Epoch 212: loss=0.1825, RMSE_E=4.4 meV, RMSE_F=13.5 meV / A
2024-11-25 17:17:35.438 INFO: Epoch 214: loss=0.1818, RMSE_E=4.0 meV, RMSE_F=13.5 meV / A
2024-11-25 17:17:44.027 INFO: Epoch 216: loss=0.1807, RMSE_E=4.3 meV, RMSE_F=13.4 meV / A
2024-11-25 17:17:52.497 INFO: Epoch 218: loss=0.1799, RMSE_E=4.6 meV, RMSE_F=13.4 meV / A
2024-11-25 17:18:03.213 INFO: Epoch 220: loss=0.1793, RMSE_E=4.4 meV, RMSE_F=13.4 meV / A
2024-11-25 17:18:13.597 INFO: Epoch 222: loss=0.1785, RMSE_E=4.6 meV, RMSE_F=13.4 meV / A
2024-11-25 17:18:23.771 INFO: Epoch 224: loss=0.1777, RMSE_E=4.2 meV, RMSE_F=13.3 meV / A
2024-11-25 17:18:33.514 INFO: Epoch 226: loss=0.1769, RMSE_E=4.3 meV, RMSE_F=13.3 meV / A
2024-11-25 17:18:43.528 INFO: Epoch 228: loss=0.1764, RMSE_E=4.1 meV, RMSE_F=13.3 meV / A
2024-11-25 17:18:53.777 INFO: Epoch 230: loss=0.1758, RMSE_E=4.0 meV, RMSE_F=13.3 meV / A
2024-11-25 17:19:04.805 INFO: Epoch 232: loss=0.1752, RMSE_E=3.7 meV, RMSE_F=13.2 meV / A
2024-11-25 17:19:14.884 INFO: Epoch 234: loss=0.1745, RMSE_E=3.6 meV, RMSE_F=13.2 meV / A
2024-11-25 17:19:24.890 INFO: Epoch 236: loss=0.1739, RMSE_E=3.7 meV, RMSE_F=13.2 meV / A
2024-11-25 17:19:35.366 INFO: Epoch 238: loss=0.1732, RMSE_E=4.2 meV, RMSE_F=13.2 meV / A
2024-11-25 17:19:45.604 INFO: Epoch 240: loss=0.1725, RMSE_E=3.6 meV, RMSE_F=13.1 meV / A
2024-11-25 17:19:55.659 INFO: Epoch 242: loss=0.1719, RMSE_E=3.9 meV, RMSE_F=13.1 meV / A
2024-11-25 17:20:05.930 INFO: Epoch 244: loss=0.1712, RMSE_E=3.5 meV, RMSE_F=13.1 meV / A
2024-11-25 17:20:16.027 INFO: Epoch 246: loss=0.1707, RMSE_E=3.6 meV, RMSE_F=13.1 meV / A
2024-11-25 17:20:26.180 INFO: Epoch 248: loss=0.1699, RMSE_E=3.8 meV, RMSE_F=13.0 meV / A
2024-11-25 17:20:36.770 INFO: Epoch 250: loss=0.1694, RMSE_E=3.7 meV, RMSE_F=13.0 meV / A
2024-11-25 17:20:47.627 INFO: Epoch 252: loss=0.1690, RMSE_E=3.6 meV, RMSE_F=13.0 meV / A
2024-11-25 17:20:58.749 INFO: Epoch 254: loss=0.1682, RMSE_E=3.5 meV, RMSE_F=13.0 meV / A
2024-11-25 17:21:09.305 INFO: Epoch 256: loss=0.1676, RMSE_E=3.5 meV, RMSE_F=12.9 meV / A
2024-11-25 17:21:19.996 INFO: Epoch 258: loss=0.1670, RMSE_E=3.5 meV, RMSE_F=12.9 meV / A
2024-11-25 17:21:30.939 INFO: Epoch 260: loss=0.1663, RMSE_E=3.3 meV, RMSE_F=12.9 meV / A
2024-11-25 17:21:41.432 INFO: Epoch 262: loss=0.1657, RMSE_E=3.6 meV, RMSE_F=12.9 meV / A
2024-11-25 17:21:51.497 INFO: Epoch 264: loss=0.1651, RMSE_E=3.2 meV, RMSE_F=12.8 meV / A
2024-11-25 17:22:00.061 INFO: Epoch 266: loss=0.1645, RMSE_E=3.5 meV, RMSE_F=12.8 meV / A
2024-11-25 17:22:11.311 INFO: Epoch 268: loss=0.1640, RMSE_E=3.2 meV, RMSE_F=12.8 meV / A
2024-11-25 17:22:21.488 INFO: Epoch 270: loss=0.1636, RMSE_E=3.3 meV, RMSE_F=12.8 meV / A
2024-11-25 17:22:33.445 INFO: Epoch 272: loss=0.1630, RMSE_E=3.3 meV, RMSE_F=12.8 meV / A
2024-11-25 17:22:44.101 INFO: Epoch 274: loss=0.1628, RMSE_E=3.2 meV, RMSE_F=12.8 meV / A
2024-11-25 17:22:54.040 INFO: Epoch 276: loss=0.1624, RMSE_E=3.0 meV, RMSE_F=12.7 meV / A
2024-11-25 17:23:04.197 INFO: Epoch 278: loss=0.1622, RMSE_E=3.1 meV, RMSE_F=12.7 meV / A
2024-11-25 17:23:14.170 INFO: Epoch 280: loss=0.1618, RMSE_E=3.0 meV, RMSE_F=12.7 meV / A
2024-11-25 17:23:23.845 INFO: Epoch 282: loss=0.1614, RMSE_E=3.1 meV, RMSE_F=12.7 meV / A
2024-11-25 17:23:34.590 INFO: Epoch 284: loss=0.1609, RMSE_E=3.1 meV, RMSE_F=12.7 meV / A
2024-11-25 17:23:45.095 INFO: Epoch 286: loss=0.1606, RMSE_E=3.3 meV, RMSE_F=12.7 meV / A
2024-11-25 17:23:54.968 INFO: Epoch 288: loss=0.1601, RMSE_E=3.2 meV, RMSE_F=12.7 meV / A
2024-11-25 17:24:05.417 INFO: Epoch 290: loss=0.1597, RMSE_E=3.1 meV, RMSE_F=12.6 meV / A
2024-11-25 17:24:15.157 INFO: Epoch 292: loss=0.1592, RMSE_E=3.1 meV, RMSE_F=12.6 meV / A
2024-11-25 17:24:25.020 INFO: Epoch 294: loss=0.1590, RMSE_E=3.0 meV, RMSE_F=12.6 meV / A
2024-11-25 17:24:35.824 INFO: Epoch 296: loss=0.1587, RMSE_E=2.9 meV, RMSE_F=12.6 meV / A
2024-11-25 17:24:46.464 INFO: Epoch 298: loss=0.1584, RMSE_E=2.9 meV, RMSE_F=12.6 meV / A
2024-11-25 17:24:57.706 INFO: Epoch 300: loss=0.1580, RMSE_E=2.9 meV, RMSE_F=12.6 meV / A
2024-11-25 17:25:08.001 INFO: Epoch 302: loss=0.1576, RMSE_E=3.1 meV, RMSE_F=12.6 meV / A
2024-11-25 17:25:19.071 INFO: Epoch 304: loss=0.1572, RMSE_E=3.2 meV, RMSE_F=12.5 meV / A
2024-11-25 17:25:29.828 INFO: Epoch 306: loss=0.1566, RMSE_E=3.0 meV, RMSE_F=12.5 meV / A
2024-11-25 17:25:40.791 INFO: Epoch 308: loss=0.1562, RMSE_E=2.9 meV, RMSE_F=12.5 meV / A
2024-11-25 17:25:51.846 INFO: Epoch 310: loss=0.1559, RMSE_E=3.0 meV, RMSE_F=12.5 meV / A
2024-11-25 17:26:02.400 INFO: Epoch 312: loss=0.1556, RMSE_E=2.9 meV, RMSE_F=12.5 meV / A
2024-11-25 17:26:13.156 INFO: Epoch 314: loss=0.1552, RMSE_E=3.0 meV, RMSE_F=12.5 meV / A
2024-11-25 17:26:23.282 INFO: Epoch 316: loss=0.1548, RMSE_E=3.0 meV, RMSE_F=12.4 meV / A
2024-11-25 17:26:34.225 INFO: Epoch 318: loss=0.1545, RMSE_E=2.9 meV, RMSE_F=12.4 meV / A
2024-11-25 17:26:44.495 INFO: Epoch 320: loss=0.1541, RMSE_E=2.8 meV, RMSE_F=12.4 meV / A
2024-11-25 17:26:54.863 INFO: Epoch 322: loss=0.1539, RMSE_E=2.8 meV, RMSE_F=12.4 meV / A
2024-11-25 17:27:06.198 INFO: Epoch 324: loss=0.1537, RMSE_E=2.9 meV, RMSE_F=12.4 meV / A
2024-11-25 17:27:16.429 INFO: Epoch 326: loss=0.1534, RMSE_E=2.8 meV, RMSE_F=12.4 meV / A
2024-11-25 17:27:26.821 INFO: Epoch 328: loss=0.1532, RMSE_E=2.8 meV, RMSE_F=12.4 meV / A
2024-11-25 17:27:37.918 INFO: Epoch 330: loss=0.1529, RMSE_E=2.7 meV, RMSE_F=12.4 meV / A
2024-11-25 17:27:48.320 INFO: Epoch 332: loss=0.1527, RMSE_E=2.6 meV, RMSE_F=12.4 meV / A
2024-11-25 17:27:58.456 INFO: Epoch 334: loss=0.1524, RMSE_E=3.1 meV, RMSE_F=12.3 meV / A
2024-11-25 17:28:08.800 INFO: Epoch 336: loss=0.1524, RMSE_E=2.8 meV, RMSE_F=12.3 meV / A
2024-11-25 17:28:18.553 INFO: Epoch 338: loss=0.1522, RMSE_E=2.9 meV, RMSE_F=12.3 meV / A
2024-11-25 17:28:28.373 INFO: Epoch 340: loss=0.1518, RMSE_E=2.7 meV, RMSE_F=12.3 meV / A
2024-11-25 17:28:38.804 INFO: Epoch 342: loss=0.1516, RMSE_E=2.8 meV, RMSE_F=12.3 meV / A
2024-11-25 17:28:48.612 INFO: Epoch 344: loss=0.1513, RMSE_E=2.9 meV, RMSE_F=12.3 meV / A
2024-11-25 17:28:58.746 INFO: Epoch 346: loss=0.1511, RMSE_E=2.7 meV, RMSE_F=12.3 meV / A
2024-11-25 17:29:08.653 INFO: Epoch 348: loss=0.1507, RMSE_E=3.0 meV, RMSE_F=12.3 meV / A
2024-11-25 17:29:19.182 INFO: Epoch 350: loss=0.1504, RMSE_E=2.7 meV, RMSE_F=12.3 meV / A
2024-11-25 17:29:29.395 INFO: Epoch 352: loss=0.1501, RMSE_E=2.7 meV, RMSE_F=12.2 meV / A
2024-11-25 17:29:40.493 INFO: Epoch 354: loss=0.1497, RMSE_E=2.5 meV, RMSE_F=12.2 meV / A
2024-11-25 17:29:50.554 INFO: Epoch 356: loss=0.1497, RMSE_E=3.3 meV, RMSE_F=12.2 meV / A
2024-11-25 17:30:01.619 INFO: Epoch 358: loss=0.1497, RMSE_E=2.7 meV, RMSE_F=12.2 meV / A
2024-11-25 17:30:12.155 INFO: Epoch 360: loss=0.1496, RMSE_E=2.8 meV, RMSE_F=12.2 meV / A
2024-11-25 17:30:22.542 INFO: Epoch 362: loss=0.1491, RMSE_E=2.8 meV, RMSE_F=12.2 meV / A
2024-11-25 17:30:32.543 INFO: Epoch 364: loss=0.1486, RMSE_E=3.0 meV, RMSE_F=12.2 meV / A
2024-11-25 17:30:42.249 INFO: Epoch 366: loss=0.1482, RMSE_E=2.8 meV, RMSE_F=12.2 meV / A
2024-11-25 17:30:53.267 INFO: Epoch 368: loss=0.1478, RMSE_E=2.7 meV, RMSE_F=12.2 meV / A
2024-11-25 17:31:04.040 INFO: Epoch 370: loss=0.1474, RMSE_E=2.8 meV, RMSE_F=12.1 meV / A
2024-11-25 17:31:15.327 INFO: Epoch 372: loss=0.1470, RMSE_E=2.7 meV, RMSE_F=12.1 meV / A
2024-11-25 17:31:26.286 INFO: Epoch 374: loss=0.1466, RMSE_E=2.7 meV, RMSE_F=12.1 meV / A
2024-11-25 17:31:37.769 INFO: Epoch 376: loss=0.1464, RMSE_E=2.8 meV, RMSE_F=12.1 meV / A
2024-11-25 17:31:47.999 INFO: Epoch 378: loss=0.1461, RMSE_E=2.7 meV, RMSE_F=12.1 meV / A
2024-11-25 17:31:57.605 INFO: Epoch 380: loss=0.1455, RMSE_E=2.9 meV, RMSE_F=12.1 meV / A
2024-11-25 17:32:08.374 INFO: Epoch 382: loss=0.1452, RMSE_E=2.5 meV, RMSE_F=12.1 meV / A
2024-11-25 17:32:19.015 INFO: Epoch 384: loss=0.1451, RMSE_E=2.8 meV, RMSE_F=12.0 meV / A
2024-11-25 17:32:29.208 INFO: Epoch 386: loss=0.1448, RMSE_E=2.6 meV, RMSE_F=12.0 meV / A
2024-11-25 17:32:38.111 INFO: Epoch 388: loss=0.1446, RMSE_E=2.9 meV, RMSE_F=12.0 meV / A
2024-11-25 17:32:48.709 INFO: Epoch 390: loss=0.1445, RMSE_E=2.6 meV, RMSE_F=12.0 meV / A
2024-11-25 17:32:59.045 INFO: Epoch 392: loss=0.1441, RMSE_E=2.6 meV, RMSE_F=12.0 meV / A
2024-11-25 17:33:09.770 INFO: Epoch 394: loss=0.1438, RMSE_E=2.7 meV, RMSE_F=12.0 meV / A
2024-11-25 17:33:20.909 INFO: Epoch 396: loss=0.1436, RMSE_E=2.6 meV, RMSE_F=12.0 meV / A
2024-11-25 17:33:31.834 INFO: Epoch 398: loss=0.1434, RMSE_E=2.8 meV, RMSE_F=12.0 meV / A
2024-11-25 17:33:42.920 INFO: Epoch 400: loss=0.1430, RMSE_E=2.7 meV, RMSE_F=12.0 meV / A
2024-11-25 17:33:53.206 INFO: Epoch 402: loss=0.1428, RMSE_E=2.7 meV, RMSE_F=11.9 meV / A
2024-11-25 17:34:03.531 INFO: Epoch 404: loss=0.1425, RMSE_E=2.7 meV, RMSE_F=11.9 meV / A
2024-11-25 17:34:13.496 INFO: Epoch 406: loss=0.1421, RMSE_E=2.5 meV, RMSE_F=11.9 meV / A
2024-11-25 17:34:24.158 INFO: Epoch 408: loss=0.1420, RMSE_E=2.8 meV, RMSE_F=11.9 meV / A
2024-11-25 17:34:34.645 INFO: Epoch 410: loss=0.1418, RMSE_E=2.6 meV, RMSE_F=11.9 meV / A
2024-11-25 17:34:45.154 INFO: Epoch 412: loss=0.1416, RMSE_E=2.6 meV, RMSE_F=11.9 meV / A
2024-11-25 17:34:55.725 INFO: Epoch 414: loss=0.1416, RMSE_E=2.6 meV, RMSE_F=11.9 meV / A
2024-11-25 17:35:05.843 INFO: Epoch 416: loss=0.1415, RMSE_E=2.7 meV, RMSE_F=11.9 meV / A
2024-11-25 17:35:15.785 INFO: Epoch 418: loss=0.1413, RMSE_E=2.7 meV, RMSE_F=11.9 meV / A
2024-11-25 17:35:25.789 INFO: Epoch 420: loss=0.1411, RMSE_E=2.6 meV, RMSE_F=11.9 meV / A
2024-11-25 17:35:36.428 INFO: Epoch 422: loss=0.1409, RMSE_E=2.6 meV, RMSE_F=11.9 meV / A
2024-11-25 17:35:47.286 INFO: Epoch 424: loss=0.1407, RMSE_E=2.7 meV, RMSE_F=11.9 meV / A
2024-11-25 17:35:57.326 INFO: Epoch 426: loss=0.1406, RMSE_E=2.5 meV, RMSE_F=11.9 meV / A
2024-11-25 17:36:07.147 INFO: Epoch 428: loss=0.1405, RMSE_E=2.5 meV, RMSE_F=11.9 meV / A
2024-11-25 17:36:17.150 INFO: Epoch 430: loss=0.1402, RMSE_E=2.6 meV, RMSE_F=11.8 meV / A
2024-11-25 17:36:28.530 INFO: Epoch 432: loss=0.1401, RMSE_E=2.5 meV, RMSE_F=11.8 meV / A
2024-11-25 17:36:37.657 INFO: Epoch 434: loss=0.1399, RMSE_E=2.5 meV, RMSE_F=11.8 meV / A
2024-11-25 17:36:47.929 INFO: Epoch 436: loss=0.1398, RMSE_E=2.4 meV, RMSE_F=11.8 meV / A
2024-11-25 17:36:58.608 INFO: Epoch 438: loss=0.1397, RMSE_E=2.5 meV, RMSE_F=11.8 meV / A
2024-11-25 17:37:07.158 INFO: Epoch 440: loss=0.1397, RMSE_E=2.6 meV, RMSE_F=11.8 meV / A
2024-11-25 17:37:18.071 INFO: Epoch 442: loss=0.1396, RMSE_E=2.6 meV, RMSE_F=11.8 meV / A
2024-11-25 17:37:28.909 INFO: Epoch 444: loss=0.1395, RMSE_E=2.5 meV, RMSE_F=11.8 meV / A
2024-11-25 17:37:37.484 INFO: Epoch 446: loss=0.1393, RMSE_E=2.4 meV, RMSE_F=11.8 meV / A
2024-11-25 17:37:48.598 INFO: Epoch 448: loss=0.1390, RMSE_E=2.5 meV, RMSE_F=11.8 meV / A
2024-11-25 17:37:59.169 INFO: Epoch 450: loss=0.1388, RMSE_E=2.5 meV, RMSE_F=11.8 meV / A
2024-11-25 17:38:09.539 INFO: Epoch 452: loss=0.1387, RMSE_E=2.5 meV, RMSE_F=11.8 meV / A
2024-11-25 17:38:20.247 INFO: Epoch 454: loss=0.1385, RMSE_E=2.5 meV, RMSE_F=11.8 meV / A
2024-11-25 17:38:31.982 INFO: Epoch 456: loss=0.1384, RMSE_E=2.5 meV, RMSE_F=11.8 meV / A
2024-11-25 17:38:42.665 INFO: Epoch 458: loss=0.1381, RMSE_E=2.6 meV, RMSE_F=11.7 meV / A
2024-11-25 17:38:53.706 INFO: Epoch 460: loss=0.1379, RMSE_E=2.5 meV, RMSE_F=11.7 meV / A
2024-11-25 17:39:04.466 INFO: Epoch 462: loss=0.1377, RMSE_E=2.6 meV, RMSE_F=11.7 meV / A
2024-11-25 17:39:15.712 INFO: Epoch 464: loss=0.1374, RMSE_E=2.5 meV, RMSE_F=11.7 meV / A
2024-11-25 17:39:26.264 INFO: Epoch 466: loss=0.1373, RMSE_E=2.4 meV, RMSE_F=11.7 meV / A
2024-11-25 17:39:36.656 INFO: Epoch 468: loss=0.1372, RMSE_E=2.5 meV, RMSE_F=11.7 meV / A
2024-11-25 17:39:47.250 INFO: Epoch 470: loss=0.1370, RMSE_E=2.5 meV, RMSE_F=11.7 meV / A
2024-11-25 17:39:57.058 INFO: Epoch 472: loss=0.1367, RMSE_E=2.4 meV, RMSE_F=11.7 meV / A
2024-11-25 17:40:08.054 INFO: Epoch 474: loss=0.1366, RMSE_E=2.5 meV, RMSE_F=11.7 meV / A
2024-11-25 17:40:19.274 INFO: Epoch 476: loss=0.1363, RMSE_E=2.6 meV, RMSE_F=11.7 meV / A
2024-11-25 17:40:29.666 INFO: Epoch 478: loss=0.1362, RMSE_E=2.5 meV, RMSE_F=11.7 meV / A
2024-11-25 17:40:40.543 INFO: Epoch 480: loss=0.1361, RMSE_E=2.5 meV, RMSE_F=11.7 meV / A
2024-11-25 17:40:50.865 INFO: Epoch 482: loss=0.1361, RMSE_E=2.5 meV, RMSE_F=11.7 meV / A
2024-11-25 17:41:01.568 INFO: Epoch 484: loss=0.1360, RMSE_E=2.5 meV, RMSE_F=11.7 meV / A
2024-11-25 17:41:12.609 INFO: Epoch 486: loss=0.1358, RMSE_E=2.5 meV, RMSE_F=11.7 meV / A
2024-11-25 17:41:23.059 INFO: Epoch 488: loss=0.1357, RMSE_E=2.5 meV, RMSE_F=11.6 meV / A
2024-11-25 17:41:33.455 INFO: Epoch 490: loss=0.1356, RMSE_E=2.4 meV, RMSE_F=11.6 meV / A
2024-11-25 17:41:44.798 INFO: Epoch 492: loss=0.1355, RMSE_E=2.5 meV, RMSE_F=11.6 meV / A
2024-11-25 17:41:55.795 INFO: Epoch 494: loss=0.1353, RMSE_E=2.4 meV, RMSE_F=11.6 meV / A
2024-11-25 17:42:04.957 INFO: Epoch 496: loss=0.1351, RMSE_E=2.5 meV, RMSE_F=11.6 meV / A
2024-11-25 17:42:15.331 INFO: Epoch 498: loss=0.1350, RMSE_E=2.4 meV, RMSE_F=11.6 meV / A
2024-11-25 17:42:17.869 INFO: Training complete
2024-11-25 17:42:17.869 INFO: Computing metrics for training, validation, and test sets
2024-11-25 17:42:17.871 INFO: Loading checkpoint: checkpoints/naphthalene_run-123_epoch-498.pt
2024-11-25 17:42:18.506 INFO: Loaded model from epoch 498
2024-11-25 17:42:18.507 INFO: Evaluating train ...
2024-11-25 17:42:18.846 INFO: Evaluating valid ...
2024-11-25 17:42:26.303 INFO: 
+-------------+--------------+------------------+-------------------+
| config_type | RMSE E / meV | RMSE F / meV / A | relative F RMSE % |
+-------------+--------------+------------------+-------------------+
|    train    |     1.2      |       3.8        |        0.29       |
|    valid    |     2.4      |       11.6       |        0.89       |
+-------------+--------------+------------------+-------------------+
2024-11-25 17:42:26.303 INFO: Saving model to checkpoints/naphthalene_run-123.model
2024-11-25 17:42:27.471 INFO: Compiling model, saving metadata to naphthalene_compiled.model
2024-11-25 17:42:28.963 INFO: Done
