2024-12-06 11:25:28.728 INFO: MACE version: 0.3.5
2024-12-06 11:25:28.729 INFO: Configuration: Namespace(config=None, name='HfO2', seed=123, log_dir='logs', model_dir='.', checkpoints_dir='checkpoints', results_dir='results', downloads_dir='downloads', device='cuda', default_dtype='float64', distributed=False, log_level='INFO', error_table='TotalRMSE', model='ScaleShiftMACE', r_max=6.0, radial_type='bessel', num_radial_basis=10, num_cutoff_basis=5, pair_repulsion=False, distance_transform='None', interaction='RealAgnosticResidualInteractionBlock', interaction_first='RealAgnosticResidualInteractionBlock', max_ell=3, correlation=3, num_interactions=2, MLP_irreps='16x0e', radial_MLP='[64, 64, 64]', hidden_irreps='128x0e + 128x1o', num_channels=128, max_L=2, gate='silu', scaling='rms_forces_scaling', avg_num_neighbors=1, compute_avg_num_neighbors=True, compute_stress=False, compute_forces=True, train_file='./dataset/train.xyz', valid_file='./dataset/valid.xyz', valid_fraction=0.1, test_file=None, test_dir=None, multi_processed_test=False, num_workers=0, pin_memory=True, atomic_numbers=None, mean=None, std=None, statistics_file=None, E0s='average', keep_isolated_atoms=False, energy_key='energy', forces_key='forces', virials_key='virials', stress_key='stress', dipole_key='dipole', charges_key='charges', loss='ef', forces_weight=1000.0, swa_forces_weight=100.0, energy_weight=1.0, swa_energy_weight=1000.0, virials_weight=1.0, swa_virials_weight=10.0, stress_weight=1.0, swa_stress_weight=10.0, dipole_weight=1.0, swa_dipole_weight=1.0, config_type_weights='{"Default":1.0}', huber_delta=0.01, optimizer='adam', beta=0.9, batch_size=5, valid_batch_size=5, lr=0.005, swa_lr=0.001, weight_decay=1e-08, amsgrad=True, scheduler='ReduceLROnPlateau', lr_factor=0.8, scheduler_patience=5, lr_scheduler_gamma=0.9993, swa=False, start_swa=None, ema=True, ema_decay=0.995, max_num_epochs=200, patience=2048, foundation_model='/home/l6eub2ic/whcs-share31/wangchen/mace/MPtrj/2024-01-07-mace-128-L2_epoch-199.model', foundation_model_readout=True, eval_interval=2, keep_checkpoints=False, save_all_checkpoints=False, restart_latest=False, save_cpu=True, clip_grad=100.0, wandb=False, wandb_dir=None, wandb_project='', wandb_entity='', wandb_name='', wandb_log_hypers=['num_channels', 'max_L', 'correlation', 'lr', 'swa_lr', 'weight_decay', 'batch_size', 'max_num_epochs', 'start_swa', 'energy_weight', 'forces_weight'])
2024-12-06 11:25:28.866 INFO: CUDA version: 11.8, CUDA device: 0
2024-12-06 11:25:29.394 INFO: Error accessing Git repository: /home/l6eub2ic/whcs-share31/wangchen/mace/inorganic/HfO2/finetune
2024-12-06 11:25:32.364 INFO: Using foundation model /home/l6eub2ic/whcs-share31/wangchen/mace/MPtrj/2024-01-07-mace-128-L2_epoch-199.model as initial checkpoint.
2024-12-06 11:25:57.062 INFO: Since ASE version 3.23.0b1, using energy_key 'energy' is no longer safe when communicating between MACE and ASE. We recommend using a different key, rewriting energies to 'REF_energy'. You need to use --energy_key='REF_energy', to tell the key name chosen.
2024-12-06 11:26:02.150 INFO: Since ASE version 3.23.0b1, using forces_key 'forces' is no longer safe when communicating between MACE and ASE. We recommend using a different key, rewriting energies to 'REF_forces'. You need to use --forces_key='REF_forces', to tell the key name chosen.
2024-12-06 11:26:07.355 INFO: Since ASE version 3.23.0b1, using stress_key 'stress' is no longer safe when communicating between MACE and ASE. We recommend using a different key, rewriting energies to 'REF_stress'. You need to use --stress_key='REF_stress', to tell the key name chosen.
2024-12-06 11:26:08.968 INFO: Loaded 27660 training configurations from './dataset/train.xyz'
2024-12-06 11:26:10.650 INFO: Since ASE version 3.23.0b1, using energy_key 'energy' is no longer safe when communicating between MACE and ASE. We recommend using a different key, rewriting energies to 'REF_energy'. You need to use --energy_key='REF_energy', to tell the key name chosen.
2024-12-06 11:26:10.825 INFO: Since ASE version 3.23.0b1, using forces_key 'forces' is no longer safe when communicating between MACE and ASE. We recommend using a different key, rewriting energies to 'REF_forces'. You need to use --forces_key='REF_forces', to tell the key name chosen.
2024-12-06 11:26:10.999 INFO: Since ASE version 3.23.0b1, using stress_key 'stress' is no longer safe when communicating between MACE and ASE. We recommend using a different key, rewriting energies to 'REF_stress'. You need to use --stress_key='REF_stress', to tell the key name chosen.
2024-12-06 11:26:11.045 INFO: Loaded 917 validation configurations from './dataset/valid.xyz'
2024-12-06 11:26:11.046 INFO: Total number of configurations: train=27660, valid=917, tests=[]
2024-12-06 11:26:11.572 INFO: AtomicNumberTable: (8, 72)
2024-12-06 11:26:11.572 INFO: Atomic Energies not in training file, using command line argument E0s
2024-12-06 11:26:11.572 INFO: Computing average Atomic Energies using least squares regression
2024-12-06 11:26:11.732 INFO: Atomic energies: [-11.674562753937806, -5.837281376969189]
2024-12-06 11:30:07.113 INFO: EnergyForcesLoss(energy_weight=1.000, forces_weight=1000.000)
2024-12-06 11:30:35.295 INFO: Average number of neighbors: 77.92574415521813
2024-12-06 11:30:35.299 INFO: Selected the following outputs: {'energy': True, 'forces': True, 'virials': False, 'stress': False, 'dipoles': False}
2024-12-06 11:30:59.371 INFO: Building model
2024-12-06 11:31:06.779 INFO: ScaleShiftMACE(
  (node_embedding): LinearNodeEmbeddingBlock(
    (linear): Linear(2x0e -> 128x0e | 256 weights)
  )
  (radial_embedding): RadialEmbeddingBlock(
    (bessel_fn): BesselBasis(r_max=6.0, num_basis=10, trainable=True)
    (cutoff_fn): PolynomialCutoff(p=5.0, r_max=6.0)
  )
  (spherical_harmonics): SphericalHarmonics()
  (atomic_energies_fn): AtomicEnergiesBlock(energies=[-11.6746, -5.8373])
  (interactions): ModuleList(
    (0): RealAgnosticResidualInteractionBlock(
      (linear_up): Linear(128x0e -> 128x0e | 16384 weights)
      (conv_tp): TensorProduct(128x0e x 1x0e+1x1o+1x2e+1x3o -> 128x0e+128x1o+128x2e+128x3o | 512 paths | 512 weights)
      (conv_tp_weights): FullyConnectedNet[10, 64, 64, 64, 512]
      (linear): Linear(128x0e+128x1o+128x2e+128x3o -> 128x0e+128x1o+128x2e+128x3o | 65536 weights)
      (skip_tp): FullyConnectedTensorProduct(128x0e x 2x0e -> 128x0e+128x1o+128x2e | 32768 paths | 32768 weights)
      (reshape): reshape_irreps()
    )
    (1): RealAgnosticResidualInteractionBlock(
      (linear_up): Linear(128x0e+128x1o+128x2e -> 128x0e+128x1o+128x2e | 49152 weights)
      (conv_tp): TensorProduct(128x0e+128x1o+128x2e x 1x0e+1x1o+1x2e+1x3o -> 384x0e+640x1o+640x2e+512x3o | 2176 paths | 2176 weights)
      (conv_tp_weights): FullyConnectedNet[10, 64, 64, 64, 2176]
      (linear): Linear(384x0e+640x1o+640x2e+512x3o -> 128x0e+128x1o+128x2e+128x3o | 278528 weights)
      (skip_tp): FullyConnectedTensorProduct(128x0e+128x1o+128x2e x 2x0e -> 128x0e | 32768 paths | 32768 weights)
      (reshape): reshape_irreps()
    )
  )
  (products): ModuleList(
    (0): EquivariantProductBasisBlock(
      (symmetric_contractions): SymmetricContraction(
        (contractions): ModuleList(
          (0): Contraction(
            (contractions_weighting): ModuleList(
              (0-1): 2 x GraphModule()
            )
            (contractions_features): ModuleList(
              (0-1): 2 x GraphModule()
            )
            (weights): ParameterList(
                (0): Parameter containing: [torch.float64 of size 2x4x128 (GPU 0)]
                (1): Parameter containing: [torch.float64 of size 2x1x128 (GPU 0)]
            )
            (graph_opt_main): GraphModule()
          )
          (1): Contraction(
            (contractions_weighting): ModuleList(
              (0-1): 2 x GraphModule()
            )
            (contractions_features): ModuleList(
              (0-1): 2 x GraphModule()
            )
            (weights): ParameterList(
                (0): Parameter containing: [torch.float64 of size 2x6x128 (GPU 0)]
                (1): Parameter containing: [torch.float64 of size 2x1x128 (GPU 0)]
            )
            (graph_opt_main): GraphModule()
          )
          (2): Contraction(
            (contractions_weighting): ModuleList(
              (0-1): 2 x GraphModule()
            )
            (contractions_features): ModuleList(
              (0-1): 2 x GraphModule()
            )
            (weights): ParameterList(
                (0): Parameter containing: [torch.float64 of size 2x7x128 (GPU 0)]
                (1): Parameter containing: [torch.float64 of size 2x1x128 (GPU 0)]
            )
            (graph_opt_main): GraphModule()
          )
        )
      )
      (linear): Linear(128x0e+128x1o+128x2e -> 128x0e+128x1o+128x2e | 49152 weights)
    )
    (1): EquivariantProductBasisBlock(
      (symmetric_contractions): SymmetricContraction(
        (contractions): ModuleList(
          (0): Contraction(
            (contractions_weighting): ModuleList(
              (0-1): 2 x GraphModule()
            )
            (contractions_features): ModuleList(
              (0-1): 2 x GraphModule()
            )
            (weights): ParameterList(
                (0): Parameter containing: [torch.float64 of size 2x4x128 (GPU 0)]
                (1): Parameter containing: [torch.float64 of size 2x1x128 (GPU 0)]
            )
            (graph_opt_main): GraphModule()
          )
        )
      )
      (linear): Linear(128x0e -> 128x0e | 16384 weights)
    )
  )
  (readouts): ModuleList(
    (0): LinearReadoutBlock(
      (linear): Linear(128x0e+128x1o+128x2e -> 1x0e | 128 weights)
    )
    (1): NonLinearReadoutBlock(
      (linear_1): Linear(128x0e -> 16x0e | 2048 weights)
      (non_linearity): Activation [x] (16x0e -> 16x0e)
      (linear_2): Linear(16x0e -> 1x0e | 16 weights)
    )
  )
  (scale_shift): ScaleShiftBlock(scale=0.804154, shift=0.164097)
)
2024-12-06 11:31:06.784 INFO: Number of parameters: 780698
2024-12-06 11:31:06.784 INFO: Optimizer: Adam (
Parameter Group 0
    amsgrad: True
    betas: (0.9, 0.999)
    capturable: False
    differentiable: False
    eps: 1e-08
    foreach: None
    fused: None
    lr: 0.005
    maximize: False
    name: embedding
    weight_decay: 0.0

Parameter Group 1
    amsgrad: True
    betas: (0.9, 0.999)
    capturable: False
    differentiable: False
    eps: 1e-08
    foreach: None
    fused: None
    lr: 0.005
    maximize: False
    name: interactions_decay
    weight_decay: 1e-08

Parameter Group 2
    amsgrad: True
    betas: (0.9, 0.999)
    capturable: False
    differentiable: False
    eps: 1e-08
    foreach: None
    fused: None
    lr: 0.005
    maximize: False
    name: interactions_no_decay
    weight_decay: 0.0

Parameter Group 3
    amsgrad: True
    betas: (0.9, 0.999)
    capturable: False
    differentiable: False
    eps: 1e-08
    foreach: None
    fused: None
    lr: 0.005
    maximize: False
    name: products
    weight_decay: 1e-08

Parameter Group 4
    amsgrad: True
    betas: (0.9, 0.999)
    capturable: False
    differentiable: False
    eps: 1e-08
    foreach: None
    fused: None
    lr: 0.005
    maximize: False
    name: readouts
    weight_decay: 0.0
)
2024-12-06 11:31:06.784 INFO: Using gradient clipping with tolerance=100.000
2024-12-06 11:31:06.784 INFO: Started training
2024-12-06 11:31:50.645 INFO: Epoch None: loss=3775.2536, RMSE_E=61032.6 meV, RMSE_F=223.8 meV / A
2024-12-06 12:25:24.271 INFO: Epoch 0: loss=2.5542, RMSE_E=134.0 meV, RMSE_F=50.4 meV / A
2024-12-06 14:11:40.407 INFO: Epoch 2: loss=1.7925, RMSE_E=87.3 meV, RMSE_F=42.2 meV / A
2024-12-06 15:58:03.844 INFO: Epoch 4: loss=1.5708, RMSE_E=69.8 meV, RMSE_F=39.6 meV / A
2024-12-06 17:44:19.714 INFO: Epoch 6: loss=1.4633, RMSE_E=66.5 meV, RMSE_F=38.2 meV / A
2024-12-06 19:30:35.805 INFO: Epoch 8: loss=1.3870, RMSE_E=76.2 meV, RMSE_F=37.2 meV / A
2024-12-06 21:16:50.963 INFO: Epoch 10: loss=1.3323, RMSE_E=71.1 meV, RMSE_F=36.4 meV / A
2024-12-06 23:03:05.653 INFO: Epoch 12: loss=1.2918, RMSE_E=57.5 meV, RMSE_F=35.9 meV / A
2024-12-07 00:49:19.022 INFO: Epoch 14: loss=1.2630, RMSE_E=61.9 meV, RMSE_F=35.5 meV / A
2024-12-07 02:35:32.212 INFO: Epoch 16: loss=1.2369, RMSE_E=63.5 meV, RMSE_F=35.1 meV / A
2024-12-07 04:21:44.671 INFO: Epoch 18: loss=1.2119, RMSE_E=58.9 meV, RMSE_F=34.8 meV / A
2024-12-07 06:08:01.640 INFO: Epoch 20: loss=1.1933, RMSE_E=56.1 meV, RMSE_F=34.5 meV / A
2024-12-07 07:54:14.925 INFO: Epoch 22: loss=1.1758, RMSE_E=59.9 meV, RMSE_F=34.2 meV / A
2024-12-07 09:40:33.404 INFO: Epoch 24: loss=1.1621, RMSE_E=55.3 meV, RMSE_F=34.0 meV / A
2024-12-07 11:26:47.255 INFO: Epoch 26: loss=1.1459, RMSE_E=53.8 meV, RMSE_F=33.8 meV / A
2024-12-07 13:13:03.587 INFO: Epoch 28: loss=1.1376, RMSE_E=68.3 meV, RMSE_F=33.7 meV / A
2024-12-07 14:59:20.362 INFO: Epoch 30: loss=1.1228, RMSE_E=57.5 meV, RMSE_F=33.5 meV / A
2024-12-07 16:45:33.771 INFO: Epoch 32: loss=1.1140, RMSE_E=58.3 meV, RMSE_F=33.3 meV / A
2024-12-07 18:31:46.048 INFO: Epoch 34: loss=1.1070, RMSE_E=55.3 meV, RMSE_F=33.2 meV / A
2024-12-07 20:17:59.039 INFO: Epoch 36: loss=1.0978, RMSE_E=53.7 meV, RMSE_F=33.1 meV / A
2024-12-07 22:04:31.440 INFO: Epoch 38: loss=1.0910, RMSE_E=56.1 meV, RMSE_F=33.0 meV / A
2024-12-07 23:51:25.758 INFO: Epoch 40: loss=1.0786, RMSE_E=52.3 meV, RMSE_F=32.8 meV / A
2024-12-08 01:38:15.837 INFO: Epoch 42: loss=1.0730, RMSE_E=51.2 meV, RMSE_F=32.7 meV / A
2024-12-08 03:25:01.739 INFO: Epoch 44: loss=1.0690, RMSE_E=57.2 meV, RMSE_F=32.6 meV / A
2024-12-08 05:11:54.371 INFO: Epoch 46: loss=1.0620, RMSE_E=50.9 meV, RMSE_F=32.5 meV / A
2024-12-08 06:58:41.973 INFO: Epoch 48: loss=1.0556, RMSE_E=55.3 meV, RMSE_F=32.4 meV / A
2024-12-08 08:45:32.398 INFO: Epoch 50: loss=1.0503, RMSE_E=52.2 meV, RMSE_F=32.4 meV / A
2024-12-08 10:32:19.745 INFO: Epoch 52: loss=1.0433, RMSE_E=49.8 meV, RMSE_F=32.3 meV / A
2024-12-08 12:19:09.948 INFO: Epoch 54: loss=1.0403, RMSE_E=51.9 meV, RMSE_F=32.2 meV / A
2024-12-08 14:05:59.391 INFO: Epoch 56: loss=1.0366, RMSE_E=54.0 meV, RMSE_F=32.1 meV / A
2024-12-08 15:52:54.600 INFO: Epoch 58: loss=1.0333, RMSE_E=52.3 meV, RMSE_F=32.1 meV / A
2024-12-08 17:39:43.061 INFO: Epoch 60: loss=1.0269, RMSE_E=50.6 meV, RMSE_F=32.0 meV / A
2024-12-08 19:26:34.363 INFO: Epoch 62: loss=1.0246, RMSE_E=51.8 meV, RMSE_F=32.0 meV / A
2024-12-08 21:13:24.814 INFO: Epoch 64: loss=1.0179, RMSE_E=50.6 meV, RMSE_F=31.9 meV / A
2024-12-08 23:00:13.506 INFO: Epoch 66: loss=1.0139, RMSE_E=48.7 meV, RMSE_F=31.8 meV / A
2024-12-09 00:47:00.333 INFO: Epoch 68: loss=1.0133, RMSE_E=52.3 meV, RMSE_F=31.8 meV / A
2024-12-09 02:33:49.504 INFO: Epoch 70: loss=1.0079, RMSE_E=48.6 meV, RMSE_F=31.7 meV / A
2024-12-09 04:20:11.022 INFO: Epoch 72: loss=1.0074, RMSE_E=52.4 meV, RMSE_F=31.7 meV / A
2024-12-09 06:06:26.310 INFO: Epoch 74: loss=1.0019, RMSE_E=50.6 meV, RMSE_F=31.6 meV / A
2024-12-09 07:52:39.748 INFO: Epoch 76: loss=1.0006, RMSE_E=49.6 meV, RMSE_F=31.6 meV / A
2024-12-09 09:38:57.741 INFO: Epoch 78: loss=0.9976, RMSE_E=52.7 meV, RMSE_F=31.5 meV / A
2024-12-09 11:25:16.026 INFO: Epoch 80: loss=0.9947, RMSE_E=50.8 meV, RMSE_F=31.5 meV / A
2024-12-09 13:11:33.092 INFO: Epoch 82: loss=0.9926, RMSE_E=58.5 meV, RMSE_F=31.4 meV / A
2024-12-09 14:57:51.216 INFO: Epoch 84: loss=0.9903, RMSE_E=61.0 meV, RMSE_F=31.4 meV / A
2024-12-09 16:44:11.599 INFO: Epoch 86: loss=0.9869, RMSE_E=51.0 meV, RMSE_F=31.4 meV / A
2024-12-09 18:30:28.844 INFO: Epoch 88: loss=0.9833, RMSE_E=47.1 meV, RMSE_F=31.3 meV / A
2024-12-09 20:16:44.902 INFO: Epoch 90: loss=0.9814, RMSE_E=50.5 meV, RMSE_F=31.3 meV / A
2024-12-09 22:02:59.616 INFO: Epoch 92: loss=0.9778, RMSE_E=47.8 meV, RMSE_F=31.2 meV / A
2024-12-09 23:49:15.712 INFO: Epoch 94: loss=0.9759, RMSE_E=54.2 meV, RMSE_F=31.2 meV / A
2024-12-10 01:35:28.546 INFO: Epoch 96: loss=0.9729, RMSE_E=48.8 meV, RMSE_F=31.1 meV / A
2024-12-10 03:21:42.955 INFO: Epoch 98: loss=0.9735, RMSE_E=61.1 meV, RMSE_F=31.1 meV / A
2024-12-10 05:07:57.461 INFO: Epoch 100: loss=0.9696, RMSE_E=48.5 meV, RMSE_F=31.1 meV / A
2024-12-10 06:54:12.643 INFO: Epoch 102: loss=0.9681, RMSE_E=47.7 meV, RMSE_F=31.1 meV / A
2024-12-10 08:41:19.665 INFO: Epoch 104: loss=0.9669, RMSE_E=50.9 meV, RMSE_F=31.1 meV / A
2024-12-10 10:28:30.076 INFO: Epoch 106: loss=0.9631, RMSE_E=48.1 meV, RMSE_F=31.0 meV / A
2024-12-10 12:15:41.779 INFO: Epoch 108: loss=0.9613, RMSE_E=49.1 meV, RMSE_F=31.0 meV / A
2024-12-10 14:03:05.787 INFO: Epoch 110: loss=0.9596, RMSE_E=49.6 meV, RMSE_F=30.9 meV / A
2024-12-10 15:50:20.684 INFO: Epoch 112: loss=0.9583, RMSE_E=49.2 meV, RMSE_F=30.9 meV / A
2024-12-10 17:37:38.394 INFO: Epoch 114: loss=0.9568, RMSE_E=58.7 meV, RMSE_F=30.9 meV / A
2024-12-10 19:24:53.527 INFO: Epoch 116: loss=0.9536, RMSE_E=50.5 meV, RMSE_F=30.8 meV / A
2024-12-10 21:12:15.718 INFO: Epoch 118: loss=0.9522, RMSE_E=47.1 meV, RMSE_F=30.8 meV / A
2024-12-10 22:59:30.812 INFO: Epoch 120: loss=0.9523, RMSE_E=50.1 meV, RMSE_F=30.8 meV / A
2024-12-11 00:45:52.929 INFO: Epoch 122: loss=0.9508, RMSE_E=53.6 meV, RMSE_F=30.8 meV / A
2024-12-11 02:32:09.822 INFO: Epoch 124: loss=0.9469, RMSE_E=47.3 meV, RMSE_F=30.7 meV / A
2024-12-11 04:18:26.365 INFO: Epoch 126: loss=0.9473, RMSE_E=48.2 meV, RMSE_F=30.7 meV / A
2024-12-11 06:04:41.136 INFO: Epoch 128: loss=0.9429, RMSE_E=49.6 meV, RMSE_F=30.7 meV / A
2024-12-11 07:50:57.824 INFO: Epoch 130: loss=0.9434, RMSE_E=48.4 meV, RMSE_F=30.7 meV / A
2024-12-11 09:37:13.210 INFO: Epoch 132: loss=0.9414, RMSE_E=47.5 meV, RMSE_F=30.6 meV / A
2024-12-11 11:23:48.665 INFO: Epoch 134: loss=0.9380, RMSE_E=46.5 meV, RMSE_F=30.6 meV / A
2024-12-11 13:10:22.078 INFO: Epoch 136: loss=0.9398, RMSE_E=60.8 meV, RMSE_F=30.6 meV / A
2024-12-11 14:57:08.642 INFO: Epoch 138: loss=0.9370, RMSE_E=46.3 meV, RMSE_F=30.6 meV / A
2024-12-11 16:44:07.689 INFO: Epoch 140: loss=0.9366, RMSE_E=47.5 meV, RMSE_F=30.6 meV / A
2024-12-11 18:31:04.508 INFO: Epoch 142: loss=0.9339, RMSE_E=49.7 meV, RMSE_F=30.5 meV / A
2024-12-11 20:18:00.649 INFO: Epoch 144: loss=0.9338, RMSE_E=48.2 meV, RMSE_F=30.5 meV / A
2024-12-11 22:05:03.243 INFO: Epoch 146: loss=0.9310, RMSE_E=46.1 meV, RMSE_F=30.5 meV / A
2024-12-11 23:52:05.783 INFO: Epoch 148: loss=0.9317, RMSE_E=51.2 meV, RMSE_F=30.5 meV / A
2024-12-12 01:38:25.354 INFO: Epoch 150: loss=0.9292, RMSE_E=46.5 meV, RMSE_F=30.4 meV / A
2024-12-12 03:25:32.297 INFO: Epoch 152: loss=0.9264, RMSE_E=47.3 meV, RMSE_F=30.4 meV / A
2024-12-12 05:11:54.585 INFO: Epoch 154: loss=0.9252, RMSE_E=46.7 meV, RMSE_F=30.4 meV / A
2024-12-12 06:58:01.624 INFO: Epoch 156: loss=0.9251, RMSE_E=46.2 meV, RMSE_F=30.4 meV / A
2024-12-12 08:44:08.480 INFO: Epoch 158: loss=0.9230, RMSE_E=47.3 meV, RMSE_F=30.3 meV / A
2024-12-12 10:30:16.309 INFO: Epoch 160: loss=0.9220, RMSE_E=45.6 meV, RMSE_F=30.3 meV / A
2024-12-12 12:16:26.870 INFO: Epoch 162: loss=0.9212, RMSE_E=47.0 meV, RMSE_F=30.3 meV / A
2024-12-12 14:03:10.387 INFO: Epoch 164: loss=0.9175, RMSE_E=49.1 meV, RMSE_F=30.2 meV / A
2024-12-12 15:49:52.647 INFO: Epoch 166: loss=0.9186, RMSE_E=47.5 meV, RMSE_F=30.3 meV / A
2024-12-12 17:36:34.736 INFO: Epoch 168: loss=0.9163, RMSE_E=46.9 meV, RMSE_F=30.2 meV / A
2024-12-12 19:22:55.822 INFO: Epoch 170: loss=0.9155, RMSE_E=46.5 meV, RMSE_F=30.2 meV / A
2024-12-12 21:09:05.534 INFO: Epoch 172: loss=0.9148, RMSE_E=46.9 meV, RMSE_F=30.2 meV / A
2024-12-12 22:55:13.727 INFO: Epoch 174: loss=0.9142, RMSE_E=48.4 meV, RMSE_F=30.2 meV / A
2024-12-13 00:41:20.316 INFO: Epoch 176: loss=0.9115, RMSE_E=45.9 meV, RMSE_F=30.2 meV / A
2024-12-13 02:27:28.853 INFO: Epoch 178: loss=0.9109, RMSE_E=47.4 meV, RMSE_F=30.1 meV / A
2024-12-13 04:13:39.744 INFO: Epoch 180: loss=0.9101, RMSE_E=46.0 meV, RMSE_F=30.1 meV / A
2024-12-13 06:00:18.294 INFO: Epoch 182: loss=0.9085, RMSE_E=46.9 meV, RMSE_F=30.1 meV / A
2024-12-13 07:47:00.304 INFO: Epoch 184: loss=0.9081, RMSE_E=47.6 meV, RMSE_F=30.1 meV / A
2024-12-13 09:33:12.197 INFO: Epoch 186: loss=0.9073, RMSE_E=47.2 meV, RMSE_F=30.1 meV / A
2024-12-13 11:19:19.166 INFO: Epoch 188: loss=0.9063, RMSE_E=50.6 meV, RMSE_F=30.1 meV / A
2024-12-13 13:05:24.530 INFO: Epoch 190: loss=0.9060, RMSE_E=46.1 meV, RMSE_F=30.1 meV / A
2024-12-13 14:51:31.669 INFO: Epoch 192: loss=0.9030, RMSE_E=50.0 meV, RMSE_F=30.0 meV / A
2024-12-13 16:37:46.546 INFO: Epoch 194: loss=0.9013, RMSE_E=45.6 meV, RMSE_F=30.0 meV / A
2024-12-13 18:24:31.362 INFO: Epoch 196: loss=0.9017, RMSE_E=48.6 meV, RMSE_F=30.0 meV / A
2024-12-13 20:11:17.971 INFO: Epoch 198: loss=0.9016, RMSE_E=49.6 meV, RMSE_F=30.0 meV / A
2024-12-13 21:04:25.079 INFO: Training complete
2024-12-13 21:04:25.079 INFO: Computing metrics for training, validation, and test sets
2024-12-13 21:04:25.083 INFO: Loading checkpoint: checkpoints/HfO2_run-123_epoch-194.pt
2024-12-13 21:04:26.739 INFO: Loaded model from epoch 194
2024-12-13 21:04:26.739 INFO: Evaluating train ...
2024-12-13 21:37:44.411 INFO: Evaluating valid ...
2024-12-13 21:38:17.620 INFO: 
+-------------+--------------+------------------+-------------------+
| config_type | RMSE E / meV | RMSE F / meV / A | relative F RMSE % |
+-------------+--------------+------------------+-------------------+
|    train    |     45.8     |       29.1       |        1.47       |
|    valid    |     45.6     |       30.0       |        1.53       |
+-------------+--------------+------------------+-------------------+
2024-12-13 21:38:17.621 INFO: Saving model to checkpoints/HfO2_run-123.model
2024-12-13 21:38:19.353 INFO: Compiling model, saving metadata to HfO2_compiled.model
2024-12-13 21:38:21.013 INFO: Done
