2024-11-25 15:07:57.143 INFO: MACE version: 0.3.5
2024-11-25 15:07:57.143 INFO: Configuration: Namespace(config=None, name='paracetamol', seed=123, log_dir='logs', model_dir='.', checkpoints_dir='checkpoints', results_dir='results', downloads_dir='downloads', device='cuda', default_dtype='float64', distributed=False, log_level='INFO', error_table='TotalRMSE', model='MACE', r_max=5.0, radial_type='bessel', num_radial_basis=8, num_cutoff_basis=5, pair_repulsion=False, distance_transform='None', interaction='RealAgnosticResidualInteractionBlock', interaction_first='RealAgnosticResidualInteractionBlock', max_ell=3, correlation=3, num_interactions=2, MLP_irreps='16x0e', radial_MLP='[64, 64, 64]', hidden_irreps='128x0e + 128x1o', num_channels=128, max_L=1, gate='silu', scaling='rms_forces_scaling', avg_num_neighbors=1, compute_avg_num_neighbors=True, compute_stress=False, compute_forces=True, train_file='./dataset/train.xyz', valid_file='./dataset/valid.xyz', valid_fraction=0.1, test_file=None, test_dir=None, multi_processed_test=False, num_workers=0, pin_memory=True, atomic_numbers=None, mean=None, std=None, statistics_file=None, E0s='average', keep_isolated_atoms=False, energy_key='energy', forces_key='forces', virials_key='virials', stress_key='stress', dipole_key='dipole', charges_key='charges', loss='ef', forces_weight=1000.0, swa_forces_weight=100.0, energy_weight=1.0, swa_energy_weight=1000.0, virials_weight=1.0, swa_virials_weight=10.0, stress_weight=1.0, swa_stress_weight=10.0, dipole_weight=1.0, swa_dipole_weight=1.0, config_type_weights='{"Default":1.0}', huber_delta=0.01, optimizer='adam', beta=0.9, batch_size=5, valid_batch_size=5, lr=0.005, swa_lr=0.001, weight_decay=1e-08, amsgrad=True, scheduler='ReduceLROnPlateau', lr_factor=0.8, scheduler_patience=5, lr_scheduler_gamma=0.9993, swa=False, start_swa=None, ema=True, ema_decay=0.995, max_num_epochs=500, patience=2048, foundation_model='/home/l6eub2ic/whcs-share31/wangchen/mace/MPtrj/MACE-OFF23_medium.model', foundation_model_readout=True, eval_interval=2, keep_checkpoints=False, save_all_checkpoints=False, restart_latest=False, save_cpu=True, clip_grad=100.0, wandb=False, wandb_dir=None, wandb_project='', wandb_entity='', wandb_name='', wandb_log_hypers=['num_channels', 'max_L', 'correlation', 'lr', 'swa_lr', 'weight_decay', 'batch_size', 'max_num_epochs', 'start_swa', 'energy_weight', 'forces_weight'])
2024-11-25 15:07:57.300 INFO: CUDA version: 11.8, CUDA device: 0
2024-11-25 15:07:57.937 INFO: Error accessing Git repository: /home/l6eub2ic/whcs-share31/wangchen/mace/organic/paracetamol/LoRA
2024-11-25 15:08:00.883 INFO: Using foundation model /home/l6eub2ic/whcs-share31/wangchen/mace/MPtrj/MACE-OFF23_medium.model as initial checkpoint.
2024-11-25 15:08:00.947 INFO: Since ASE version 3.23.0b1, using energy_key 'energy' is no longer safe when communicating between MACE and ASE. We recommend using a different key, rewriting energies to 'REF_energy'. You need to use --energy_key='REF_energy', to tell the key name chosen.
2024-11-25 15:08:00.957 INFO: Since ASE version 3.23.0b1, using forces_key 'forces' is no longer safe when communicating between MACE and ASE. We recommend using a different key, rewriting energies to 'REF_forces'. You need to use --forces_key='REF_forces', to tell the key name chosen.
2024-11-25 15:08:00.967 INFO: Since ASE version 3.23.0b1, using stress_key 'stress' is no longer safe when communicating between MACE and ASE. We recommend using a different key, rewriting energies to 'REF_stress'. You need to use --stress_key='REF_stress', to tell the key name chosen.
2024-11-25 15:08:00.968 INFO: Loaded 50 training configurations from './dataset/train.xyz'
2024-11-25 15:08:02.357 INFO: Since ASE version 3.23.0b1, using energy_key 'energy' is no longer safe when communicating between MACE and ASE. We recommend using a different key, rewriting energies to 'REF_energy'. You need to use --energy_key='REF_energy', to tell the key name chosen.
2024-11-25 15:08:02.527 INFO: Since ASE version 3.23.0b1, using forces_key 'forces' is no longer safe when communicating between MACE and ASE. We recommend using a different key, rewriting energies to 'REF_forces'. You need to use --forces_key='REF_forces', to tell the key name chosen.
2024-11-25 15:08:02.697 INFO: Since ASE version 3.23.0b1, using stress_key 'stress' is no longer safe when communicating between MACE and ASE. We recommend using a different key, rewriting energies to 'REF_stress'. You need to use --stress_key='REF_stress', to tell the key name chosen.
2024-11-25 15:08:02.723 INFO: Loaded 950 validation configurations from './dataset/valid.xyz'
2024-11-25 15:08:02.724 INFO: Total number of configurations: train=50, valid=950, tests=[]
2024-11-25 15:08:02.729 INFO: AtomicNumberTable: (1, 6, 7, 8)
2024-11-25 15:08:02.729 INFO: Atomic Energies not in training file, using command line argument E0s
2024-11-25 15:08:02.729 INFO: Computing average Atomic Energies using least squares regression
2024-11-25 15:08:02.736 INFO: Atomic energies: [-839.9461503478685, -746.6188003092161, -93.32735003865201, -186.65470007730403]
2024-11-25 15:08:03.268 INFO: EnergyForcesLoss(energy_weight=1.000, forces_weight=1000.000)
2024-11-25 15:08:03.299 INFO: Average number of neighbors: 13.842
2024-11-25 15:08:03.300 INFO: Selected the following outputs: {'energy': True, 'forces': True, 'virials': False, 'stress': False, 'dipoles': False}
2024-11-25 15:08:03.322 INFO: Building model
2024-11-25 15:08:11.934 INFO: Number of trainable parameters: 189864
2024-11-25 15:08:11.937 INFO: ScaleShiftMACE(
  (node_embedding): LinearNodeEmbeddingBlock(
    (linear): Linear(4x0e -> 128x0e | 512 weights) | 2112 LoRA_weights)
  )
  (radial_embedding): RadialEmbeddingBlock(
    (bessel_fn): BesselBasis(r_max=5.0, num_basis=8, trainable=True)
    (cutoff_fn): PolynomialCutoff(p=5.0, r_max=5.0)
  )
  (spherical_harmonics): SphericalHarmonics()
  (atomic_energies_fn): AtomicEnergiesBlock(energies=[-839.9462, -746.6188, -93.3274, -186.6547])
  (interactions): ModuleList(
    (0): RealAgnosticInteractionBlock(
      (linear_up): Linear(128x0e -> 128x0e | 16384 weights) | 4096 LoRA_weights)
      (conv_tp): TensorProduct(128x0e x 1x0e+1x1o+1x2e+1x3o -> 128x0e+128x1o+128x2e+128x3o | 512 paths | 512 weights | 0 LoRA_weights)
      (conv_tp_weights): FullyConnectedNet[8, 64, 64, 64, 512]
      (linear): Linear(128x0e+128x1o+128x2e+128x3o -> 128x0e+128x1o+128x2e+128x3o | 65536 weights) | 16384 LoRA_weights)
      (skip_tp): FullyConnectedTensorProduct(128x0e+128x1o+128x2e+128x3o x 4x0e -> 128x0e+128x1o+128x2e+128x3o | 262144 paths | 262144 weights | 40960 LoRA_weights)
      (reshape): reshape_irreps()
    )
    (1): RealAgnosticResidualInteractionBlock(
      (linear_up): Linear(128x0e+128x1o -> 128x0e+128x1o | 32768 weights) | 8192 LoRA_weights)
      (conv_tp): TensorProduct(128x0e+128x1o x 1x0e+1x1o+1x2e+1x3o -> 256x0e+384x1o+384x2e+256x3o | 1280 paths | 1280 weights | 0 LoRA_weights)
      (conv_tp_weights): FullyConnectedNet[8, 64, 64, 64, 1280]
      (linear): Linear(256x0e+384x1o+384x2e+256x3o -> 128x0e+128x1o+128x2e+128x3o | 163840 weights) | 28672 LoRA_weights)
      (skip_tp): FullyConnectedTensorProduct(128x0e+128x1o x 4x0e -> 128x0e | 65536 paths | 65536 weights | 10240 LoRA_weights)
      (reshape): reshape_irreps()
    )
  )
  (products): ModuleList(
    (0): EquivariantProductBasisBlock(
      (symmetric_contractions): SymmetricContraction(
        (contractions): ModuleList(
          (0): Contraction(
            (contractions_weighting): ModuleList(
              (0-1): 2 x GraphModule()
            )
            (contractions_features): ModuleList(
              (0-1): 2 x GraphModule()
            )
            (weights): ParameterList(
                (0): Parameter containing: [torch.float64 of size 4x4x128 (GPU 0)]
                (1): Parameter containing: [torch.float64 of size 4x1x128 (GPU 0)]
            )
            (graph_opt_main): GraphModule()
            (LoRA_weight): ParameterList(
                (0): Parameter containing: [torch.float64 of size 4x23x16 (GPU 0)]
                (1): Parameter containing: [torch.float64 of size 16x128 (GPU 0)]
            )
          )
          (1): Contraction(
            (contractions_weighting): ModuleList(
              (0-1): 2 x GraphModule()
            )
            (contractions_features): ModuleList(
              (0-1): 2 x GraphModule()
            )
            (weights): ParameterList(
                (0): Parameter containing: [torch.float64 of size 4x6x128 (GPU 0)]
                (1): Parameter containing: [torch.float64 of size 4x1x128 (GPU 0)]
            )
            (graph_opt_main): GraphModule()
            (LoRA_weight): ParameterList(
                (0): Parameter containing: [torch.float64 of size 4x51x16 (GPU 0)]
                (1): Parameter containing: [torch.float64 of size 16x128 (GPU 0)]
            )
          )
        )
      )
      (linear): Linear(128x0e+128x1o -> 128x0e+128x1o | 32768 weights) | 8192 LoRA_weights)
    )
    (1): EquivariantProductBasisBlock(
      (symmetric_contractions): SymmetricContraction(
        (contractions): ModuleList(
          (0): Contraction(
            (contractions_weighting): ModuleList(
              (0-1): 2 x GraphModule()
            )
            (contractions_features): ModuleList(
              (0-1): 2 x GraphModule()
            )
            (weights): ParameterList(
                (0): Parameter containing: [torch.float64 of size 4x4x128 (GPU 0)]
                (1): Parameter containing: [torch.float64 of size 4x1x128 (GPU 0)]
            )
            (graph_opt_main): GraphModule()
            (LoRA_weight): ParameterList(
                (0): Parameter containing: [torch.float64 of size 4x23x16 (GPU 0)]
                (1): Parameter containing: [torch.float64 of size 16x128 (GPU 0)]
            )
          )
        )
      )
      (linear): Linear(128x0e -> 128x0e | 16384 weights) | 4096 LoRA_weights)
    )
  )
  (readouts): ModuleList(
    (0): LinearReadoutBlock(
      (linear): Linear(128x0e+128x1o -> 1x0e | 128 weights) | 2064 LoRA_weights)
    )
    (1): NonLinearReadoutBlock(
      (linear_1): Linear(128x0e -> 16x0e | 2048 weights) | 2304 LoRA_weights)
      (non_linearity): Activation [x] (16x0e -> 16x0e)
      (linear_2): Linear(16x0e -> 1x0e | 16 weights) | 272 LoRA_weights)
    )
  )
  (scale_shift): ScaleShiftBlock(scale=1.088502, shift=0.000000)
)
2024-11-25 15:08:11.940 INFO: Number of parameters: 1029688
2024-11-25 15:08:11.941 INFO: Optimizer: Adam (
Parameter Group 0
    amsgrad: True
    betas: (0.9, 0.999)
    capturable: False
    differentiable: False
    eps: 1e-08
    foreach: None
    fused: None
    lr: 0.005
    maximize: False
    name: embedding
    weight_decay: 0.0

Parameter Group 1
    amsgrad: True
    betas: (0.9, 0.999)
    capturable: False
    differentiable: False
    eps: 1e-08
    foreach: None
    fused: None
    lr: 0.005
    maximize: False
    name: interactions_decay
    weight_decay: 1e-08

Parameter Group 2
    amsgrad: True
    betas: (0.9, 0.999)
    capturable: False
    differentiable: False
    eps: 1e-08
    foreach: None
    fused: None
    lr: 0.005
    maximize: False
    name: interactions_no_decay
    weight_decay: 0.0

Parameter Group 3
    amsgrad: True
    betas: (0.9, 0.999)
    capturable: False
    differentiable: False
    eps: 1e-08
    foreach: None
    fused: None
    lr: 0.005
    maximize: False
    name: products
    weight_decay: 1e-08

Parameter Group 4
    amsgrad: True
    betas: (0.9, 0.999)
    capturable: False
    differentiable: False
    eps: 1e-08
    foreach: None
    fused: None
    lr: 0.005
    maximize: False
    name: readouts
    weight_decay: 0.0
)
2024-11-25 15:08:11.941 INFO: Using gradient clipping with tolerance=100.000
2024-11-25 15:08:11.941 INFO: Started training
2024-11-25 15:08:30.298 INFO: Epoch None: loss=9136.2696, RMSE_E=94589.8 meV, RMSE_F=434.8 meV / A
2024-11-25 15:08:48.996 INFO: Epoch 0: loss=756.9706, RMSE_E=18858.5 meV, RMSE_F=633.5 meV / A
2024-11-25 15:09:00.913 INFO: Epoch 2: loss=43.3078, RMSE_E=150.0 meV, RMSE_F=208.1 meV / A
2024-11-25 15:09:12.967 INFO: Epoch 4: loss=16.4251, RMSE_E=770.4 meV, RMSE_F=125.8 meV / A
2024-11-25 15:09:24.807 INFO: Epoch 6: loss=7.8848, RMSE_E=246.2 meV, RMSE_F=88.5 meV / A
2024-11-25 15:09:36.521 INFO: Epoch 8: loss=5.2123, RMSE_E=203.5 meV, RMSE_F=71.9 meV / A
2024-11-25 15:09:48.958 INFO: Epoch 10: loss=3.9068, RMSE_E=97.4 meV, RMSE_F=62.4 meV / A
2024-11-25 15:09:58.220 INFO: Epoch 12: loss=3.1038, RMSE_E=95.2 meV, RMSE_F=55.6 meV / A
2024-11-25 15:10:07.805 INFO: Epoch 14: loss=2.6307, RMSE_E=63.7 meV, RMSE_F=51.3 meV / A
2024-11-25 15:10:17.090 INFO: Epoch 16: loss=2.3771, RMSE_E=65.0 meV, RMSE_F=48.7 meV / A
2024-11-25 15:10:27.871 INFO: Epoch 18: loss=2.1138, RMSE_E=32.5 meV, RMSE_F=46.0 meV / A
2024-11-25 15:10:39.933 INFO: Epoch 20: loss=1.8455, RMSE_E=57.1 meV, RMSE_F=42.9 meV / A
2024-11-25 15:10:52.371 INFO: Epoch 22: loss=1.7423, RMSE_E=30.1 meV, RMSE_F=41.7 meV / A
2024-11-25 15:11:02.874 INFO: Epoch 24: loss=1.5795, RMSE_E=38.2 meV, RMSE_F=39.7 meV / A
2024-11-25 15:11:14.402 INFO: Epoch 26: loss=1.4999, RMSE_E=73.0 meV, RMSE_F=38.7 meV / A
2024-11-25 15:11:24.593 INFO: Epoch 28: loss=1.4127, RMSE_E=39.8 meV, RMSE_F=37.6 meV / A
2024-11-25 15:11:36.633 INFO: Epoch 30: loss=1.3536, RMSE_E=92.2 meV, RMSE_F=36.7 meV / A
2024-11-25 15:11:48.669 INFO: Epoch 32: loss=1.2977, RMSE_E=81.2 meV, RMSE_F=35.9 meV / A
2024-11-25 15:12:00.555 INFO: Epoch 34: loss=1.2493, RMSE_E=78.6 meV, RMSE_F=35.3 meV / A
2024-11-25 15:12:12.859 INFO: Epoch 36: loss=1.2239, RMSE_E=68.0 meV, RMSE_F=34.9 meV / A
2024-11-25 15:12:24.811 INFO: Epoch 38: loss=1.1861, RMSE_E=48.7 meV, RMSE_F=34.4 meV / A
2024-11-25 15:12:35.258 INFO: Epoch 40: loss=1.1424, RMSE_E=53.3 meV, RMSE_F=33.8 meV / A
2024-11-25 15:12:46.631 INFO: Epoch 42: loss=1.1021, RMSE_E=21.7 meV, RMSE_F=33.2 meV / A
2024-11-25 15:12:59.067 INFO: Epoch 44: loss=1.0800, RMSE_E=35.1 meV, RMSE_F=32.8 meV / A
2024-11-25 15:13:09.483 INFO: Epoch 46: loss=1.0409, RMSE_E=29.4 meV, RMSE_F=32.2 meV / A
2024-11-25 15:13:20.782 INFO: Epoch 48: loss=1.0099, RMSE_E=38.7 meV, RMSE_F=31.8 meV / A
2024-11-25 15:13:33.039 INFO: Epoch 50: loss=0.9662, RMSE_E=34.9 meV, RMSE_F=31.1 meV / A
2024-11-25 15:13:45.221 INFO: Epoch 52: loss=0.9249, RMSE_E=36.0 meV, RMSE_F=30.4 meV / A
2024-11-25 15:13:57.332 INFO: Epoch 54: loss=0.8998, RMSE_E=28.2 meV, RMSE_F=30.0 meV / A
2024-11-25 15:14:09.246 INFO: Epoch 56: loss=0.8796, RMSE_E=19.3 meV, RMSE_F=29.7 meV / A
2024-11-25 15:14:21.416 INFO: Epoch 58: loss=0.8596, RMSE_E=24.8 meV, RMSE_F=29.3 meV / A
2024-11-25 15:14:33.485 INFO: Epoch 60: loss=0.8518, RMSE_E=29.3 meV, RMSE_F=29.2 meV / A
2024-11-25 15:14:43.922 INFO: Epoch 62: loss=0.8337, RMSE_E=35.9 meV, RMSE_F=28.9 meV / A
2024-11-25 15:14:55.883 INFO: Epoch 64: loss=0.8142, RMSE_E=34.9 meV, RMSE_F=28.5 meV / A
2024-11-25 15:15:07.774 INFO: Epoch 66: loss=0.7929, RMSE_E=23.1 meV, RMSE_F=28.1 meV / A
2024-11-25 15:15:17.974 INFO: Epoch 68: loss=0.7780, RMSE_E=33.3 meV, RMSE_F=27.9 meV / A
2024-11-25 15:15:30.041 INFO: Epoch 70: loss=0.7620, RMSE_E=26.5 meV, RMSE_F=27.6 meV / A
2024-11-25 15:15:41.945 INFO: Epoch 72: loss=0.7479, RMSE_E=25.1 meV, RMSE_F=27.3 meV / A
2024-11-25 15:15:53.914 INFO: Epoch 74: loss=0.7413, RMSE_E=26.1 meV, RMSE_F=27.2 meV / A
2024-11-25 15:16:04.303 INFO: Epoch 76: loss=0.7312, RMSE_E=29.0 meV, RMSE_F=27.0 meV / A
2024-11-25 15:16:16.136 INFO: Epoch 78: loss=0.7245, RMSE_E=28.4 meV, RMSE_F=26.9 meV / A
2024-11-25 15:16:28.123 INFO: Epoch 80: loss=0.7164, RMSE_E=25.6 meV, RMSE_F=26.8 meV / A
2024-11-25 15:16:40.285 INFO: Epoch 82: loss=0.7108, RMSE_E=34.4 meV, RMSE_F=26.6 meV / A
2024-11-25 15:16:52.237 INFO: Epoch 84: loss=0.7004, RMSE_E=41.8 meV, RMSE_F=26.4 meV / A
2024-11-25 15:17:04.495 INFO: Epoch 86: loss=0.6907, RMSE_E=36.9 meV, RMSE_F=26.3 meV / A
2024-11-25 15:17:16.119 INFO: Epoch 88: loss=0.6809, RMSE_E=34.7 meV, RMSE_F=26.1 meV / A
2024-11-25 15:17:28.693 INFO: Epoch 90: loss=0.6760, RMSE_E=34.0 meV, RMSE_F=26.0 meV / A
2024-11-25 15:17:40.393 INFO: Epoch 92: loss=0.6719, RMSE_E=30.0 meV, RMSE_F=25.9 meV / A
2024-11-25 15:17:50.832 INFO: Epoch 94: loss=0.6663, RMSE_E=27.3 meV, RMSE_F=25.8 meV / A
2024-11-25 15:18:00.675 INFO: Epoch 96: loss=0.6601, RMSE_E=26.8 meV, RMSE_F=25.7 meV / A
2024-11-25 15:18:12.963 INFO: Epoch 98: loss=0.6527, RMSE_E=22.9 meV, RMSE_F=25.5 meV / A
2024-11-25 15:18:25.039 INFO: Epoch 100: loss=0.6462, RMSE_E=31.5 meV, RMSE_F=25.4 meV / A
2024-11-25 15:18:34.759 INFO: Epoch 102: loss=0.6366, RMSE_E=26.4 meV, RMSE_F=25.2 meV / A
2024-11-25 15:18:47.017 INFO: Epoch 104: loss=0.6281, RMSE_E=28.3 meV, RMSE_F=25.0 meV / A
2024-11-25 15:18:59.036 INFO: Epoch 106: loss=0.6269, RMSE_E=25.7 meV, RMSE_F=25.0 meV / A
2024-11-25 15:19:09.653 INFO: Epoch 108: loss=0.6224, RMSE_E=28.4 meV, RMSE_F=24.9 meV / A
2024-11-25 15:19:22.374 INFO: Epoch 110: loss=0.6183, RMSE_E=30.6 meV, RMSE_F=24.8 meV / A
2024-11-25 15:19:32.417 INFO: Epoch 112: loss=0.6150, RMSE_E=28.9 meV, RMSE_F=24.8 meV / A
2024-11-25 15:19:44.402 INFO: Epoch 114: loss=0.6109, RMSE_E=29.4 meV, RMSE_F=24.7 meV / A
2024-11-25 15:19:56.547 INFO: Epoch 116: loss=0.6064, RMSE_E=29.3 meV, RMSE_F=24.6 meV / A
2024-11-25 15:20:08.378 INFO: Epoch 118: loss=0.6018, RMSE_E=29.8 meV, RMSE_F=24.5 meV / A
2024-11-25 15:20:17.550 INFO: Epoch 120: loss=0.5995, RMSE_E=29.8 meV, RMSE_F=24.5 meV / A
2024-11-25 15:20:27.651 INFO: Epoch 122: loss=0.5950, RMSE_E=29.1 meV, RMSE_F=24.4 meV / A
2024-11-25 15:20:39.421 INFO: Epoch 124: loss=0.5937, RMSE_E=29.9 meV, RMSE_F=24.3 meV / A
2024-11-25 15:20:51.493 INFO: Epoch 126: loss=0.5936, RMSE_E=30.4 meV, RMSE_F=24.3 meV / A
2024-11-25 15:21:01.952 INFO: Epoch 128: loss=0.5909, RMSE_E=34.8 meV, RMSE_F=24.3 meV / A
2024-11-25 15:21:13.500 INFO: Epoch 130: loss=0.5879, RMSE_E=35.9 meV, RMSE_F=24.2 meV / A
2024-11-25 15:21:25.971 INFO: Epoch 132: loss=0.5852, RMSE_E=38.3 meV, RMSE_F=24.2 meV / A
2024-11-25 15:21:36.160 INFO: Epoch 134: loss=0.5817, RMSE_E=36.7 meV, RMSE_F=24.1 meV / A
2024-11-25 15:21:47.984 INFO: Epoch 136: loss=0.5808, RMSE_E=37.5 meV, RMSE_F=24.1 meV / A
2024-11-25 15:21:59.923 INFO: Epoch 138: loss=0.5801, RMSE_E=35.6 meV, RMSE_F=24.1 meV / A
2024-11-25 15:22:12.093 INFO: Epoch 140: loss=0.5786, RMSE_E=33.9 meV, RMSE_F=24.0 meV / A
2024-11-25 15:22:22.940 INFO: Epoch 142: loss=0.5768, RMSE_E=33.9 meV, RMSE_F=24.0 meV / A
2024-11-25 15:22:35.305 INFO: Epoch 144: loss=0.5733, RMSE_E=33.1 meV, RMSE_F=23.9 meV / A
2024-11-25 15:22:45.811 INFO: Epoch 146: loss=0.5706, RMSE_E=31.1 meV, RMSE_F=23.9 meV / A
2024-11-25 15:22:58.018 INFO: Epoch 148: loss=0.5693, RMSE_E=29.4 meV, RMSE_F=23.8 meV / A
2024-11-25 15:23:10.358 INFO: Epoch 150: loss=0.5662, RMSE_E=27.7 meV, RMSE_F=23.8 meV / A
2024-11-25 15:23:21.103 INFO: Epoch 152: loss=0.5632, RMSE_E=27.1 meV, RMSE_F=23.7 meV / A
2024-11-25 15:23:33.614 INFO: Epoch 154: loss=0.5610, RMSE_E=27.1 meV, RMSE_F=23.7 meV / A
2024-11-25 15:23:43.474 INFO: Epoch 156: loss=0.5589, RMSE_E=26.2 meV, RMSE_F=23.6 meV / A
2024-11-25 15:23:55.654 INFO: Epoch 158: loss=0.5556, RMSE_E=25.1 meV, RMSE_F=23.6 meV / A
2024-11-25 15:24:06.126 INFO: Epoch 160: loss=0.5537, RMSE_E=24.3 meV, RMSE_F=23.5 meV / A
2024-11-25 15:24:17.782 INFO: Epoch 162: loss=0.5518, RMSE_E=23.6 meV, RMSE_F=23.5 meV / A
2024-11-25 15:24:30.202 INFO: Epoch 164: loss=0.5503, RMSE_E=22.3 meV, RMSE_F=23.4 meV / A
2024-11-25 15:24:42.157 INFO: Epoch 166: loss=0.5492, RMSE_E=21.8 meV, RMSE_F=23.4 meV / A
2024-11-25 15:24:52.088 INFO: Epoch 168: loss=0.5470, RMSE_E=20.9 meV, RMSE_F=23.4 meV / A
2024-11-25 15:25:04.099 INFO: Epoch 170: loss=0.5448, RMSE_E=19.9 meV, RMSE_F=23.3 meV / A
2024-11-25 15:25:14.170 INFO: Epoch 172: loss=0.5429, RMSE_E=18.8 meV, RMSE_F=23.3 meV / A
2024-11-25 15:25:26.206 INFO: Epoch 174: loss=0.5416, RMSE_E=18.0 meV, RMSE_F=23.3 meV / A
2024-11-25 15:25:36.208 INFO: Epoch 176: loss=0.5411, RMSE_E=17.1 meV, RMSE_F=23.3 meV / A
2024-11-25 15:25:48.217 INFO: Epoch 178: loss=0.5405, RMSE_E=16.0 meV, RMSE_F=23.2 meV / A
2024-11-25 15:26:00.094 INFO: Epoch 180: loss=0.5398, RMSE_E=15.4 meV, RMSE_F=23.2 meV / A
2024-11-25 15:26:12.392 INFO: Epoch 182: loss=0.5387, RMSE_E=14.1 meV, RMSE_F=23.2 meV / A
2024-11-25 15:26:24.152 INFO: Epoch 184: loss=0.5370, RMSE_E=14.4 meV, RMSE_F=23.2 meV / A
2024-11-25 15:26:36.619 INFO: Epoch 186: loss=0.5356, RMSE_E=13.8 meV, RMSE_F=23.1 meV / A
2024-11-25 15:26:47.053 INFO: Epoch 188: loss=0.5340, RMSE_E=12.9 meV, RMSE_F=23.1 meV / A
2024-11-25 15:26:58.529 INFO: Epoch 190: loss=0.5322, RMSE_E=12.8 meV, RMSE_F=23.1 meV / A
2024-11-25 15:27:10.694 INFO: Epoch 192: loss=0.5319, RMSE_E=13.4 meV, RMSE_F=23.1 meV / A
2024-11-25 15:27:19.978 INFO: Epoch 194: loss=0.5297, RMSE_E=13.0 meV, RMSE_F=23.0 meV / A
2024-11-25 15:27:29.967 INFO: Epoch 196: loss=0.5278, RMSE_E=12.8 meV, RMSE_F=23.0 meV / A
2024-11-25 15:27:41.822 INFO: Epoch 198: loss=0.5265, RMSE_E=12.5 meV, RMSE_F=22.9 meV / A
2024-11-25 15:27:54.025 INFO: Epoch 200: loss=0.5259, RMSE_E=12.5 meV, RMSE_F=22.9 meV / A
2024-11-25 15:28:04.141 INFO: Epoch 202: loss=0.5246, RMSE_E=11.8 meV, RMSE_F=22.9 meV / A
2024-11-25 15:28:16.341 INFO: Epoch 204: loss=0.5252, RMSE_E=11.7 meV, RMSE_F=22.9 meV / A
2024-11-25 15:28:25.541 INFO: Epoch 206: loss=0.5257, RMSE_E=11.5 meV, RMSE_F=22.9 meV / A
2024-11-25 15:28:35.066 INFO: Epoch 208: loss=0.5250, RMSE_E=11.1 meV, RMSE_F=22.9 meV / A
2024-11-25 15:28:44.439 INFO: Epoch 210: loss=0.5245, RMSE_E=11.7 meV, RMSE_F=22.9 meV / A
2024-11-25 15:28:54.803 INFO: Epoch 212: loss=0.5239, RMSE_E=10.9 meV, RMSE_F=22.9 meV / A
2024-11-25 15:29:04.609 INFO: Epoch 214: loss=0.5228, RMSE_E=11.0 meV, RMSE_F=22.9 meV / A
2024-11-25 15:29:14.832 INFO: Epoch 216: loss=0.5215, RMSE_E=10.6 meV, RMSE_F=22.8 meV / A
2024-11-25 15:29:26.704 INFO: Epoch 218: loss=0.5206, RMSE_E=10.2 meV, RMSE_F=22.8 meV / A
2024-11-25 15:29:38.846 INFO: Epoch 220: loss=0.5190, RMSE_E=10.0 meV, RMSE_F=22.8 meV / A
2024-11-25 15:29:48.743 INFO: Epoch 222: loss=0.5182, RMSE_E=9.8 meV, RMSE_F=22.8 meV / A
2024-11-25 15:30:00.658 INFO: Epoch 224: loss=0.5173, RMSE_E=9.5 meV, RMSE_F=22.7 meV / A
2024-11-25 15:30:11.009 INFO: Epoch 226: loss=0.5162, RMSE_E=9.1 meV, RMSE_F=22.7 meV / A
2024-11-25 15:30:22.142 INFO: Epoch 228: loss=0.5156, RMSE_E=9.1 meV, RMSE_F=22.7 meV / A
2024-11-25 15:30:33.879 INFO: Epoch 230: loss=0.5147, RMSE_E=8.6 meV, RMSE_F=22.7 meV / A
2024-11-25 15:30:44.013 INFO: Epoch 232: loss=0.5140, RMSE_E=8.5 meV, RMSE_F=22.7 meV / A
2024-11-25 15:30:56.075 INFO: Epoch 234: loss=0.5131, RMSE_E=8.2 meV, RMSE_F=22.7 meV / A
2024-11-25 15:31:06.103 INFO: Epoch 236: loss=0.5121, RMSE_E=8.0 meV, RMSE_F=22.6 meV / A
2024-11-25 15:31:18.073 INFO: Epoch 238: loss=0.5118, RMSE_E=8.0 meV, RMSE_F=22.6 meV / A
2024-11-25 15:31:28.200 INFO: Epoch 240: loss=0.5110, RMSE_E=7.7 meV, RMSE_F=22.6 meV / A
2024-11-25 15:31:40.438 INFO: Epoch 242: loss=0.5103, RMSE_E=7.9 meV, RMSE_F=22.6 meV / A
2024-11-25 15:31:52.194 INFO: Epoch 244: loss=0.5097, RMSE_E=7.6 meV, RMSE_F=22.6 meV / A
2024-11-25 15:32:04.522 INFO: Epoch 246: loss=0.5088, RMSE_E=7.5 meV, RMSE_F=22.6 meV / A
2024-11-25 15:32:16.506 INFO: Epoch 248: loss=0.5081, RMSE_E=7.4 meV, RMSE_F=22.5 meV / A
2024-11-25 15:32:28.794 INFO: Epoch 250: loss=0.5073, RMSE_E=7.4 meV, RMSE_F=22.5 meV / A
2024-11-25 15:32:38.876 INFO: Epoch 252: loss=0.5065, RMSE_E=7.2 meV, RMSE_F=22.5 meV / A
2024-11-25 15:32:50.734 INFO: Epoch 254: loss=0.5058, RMSE_E=7.2 meV, RMSE_F=22.5 meV / A
2024-11-25 15:33:00.742 INFO: Epoch 256: loss=0.5051, RMSE_E=7.1 meV, RMSE_F=22.5 meV / A
2024-11-25 15:33:12.626 INFO: Epoch 258: loss=0.5044, RMSE_E=7.1 meV, RMSE_F=22.5 meV / A
2024-11-25 15:33:23.146 INFO: Epoch 260: loss=0.5036, RMSE_E=7.0 meV, RMSE_F=22.4 meV / A
2024-11-25 15:33:35.023 INFO: Epoch 262: loss=0.5031, RMSE_E=7.0 meV, RMSE_F=22.4 meV / A
2024-11-25 15:33:47.044 INFO: Epoch 264: loss=0.5026, RMSE_E=6.9 meV, RMSE_F=22.4 meV / A
2024-11-25 15:33:57.168 INFO: Epoch 266: loss=0.5021, RMSE_E=6.9 meV, RMSE_F=22.4 meV / A
2024-11-25 15:34:09.436 INFO: Epoch 268: loss=0.5015, RMSE_E=6.8 meV, RMSE_F=22.4 meV / A
2024-11-25 15:34:19.336 INFO: Epoch 270: loss=0.5011, RMSE_E=6.9 meV, RMSE_F=22.4 meV / A
2024-11-25 15:34:31.486 INFO: Epoch 272: loss=0.5004, RMSE_E=6.8 meV, RMSE_F=22.4 meV / A
2024-11-25 15:34:41.648 INFO: Epoch 274: loss=0.5000, RMSE_E=6.9 meV, RMSE_F=22.4 meV / A
2024-11-25 15:34:54.504 INFO: Epoch 276: loss=0.4997, RMSE_E=6.8 meV, RMSE_F=22.4 meV / A
2024-11-25 15:35:04.533 INFO: Epoch 278: loss=0.4994, RMSE_E=6.7 meV, RMSE_F=22.3 meV / A
2024-11-25 15:35:16.205 INFO: Epoch 280: loss=0.4989, RMSE_E=6.7 meV, RMSE_F=22.3 meV / A
2024-11-25 15:35:25.369 INFO: Epoch 282: loss=0.4983, RMSE_E=6.7 meV, RMSE_F=22.3 meV / A
2024-11-25 15:35:34.647 INFO: Epoch 284: loss=0.4978, RMSE_E=6.7 meV, RMSE_F=22.3 meV / A
2024-11-25 15:35:45.398 INFO: Epoch 286: loss=0.4972, RMSE_E=6.7 meV, RMSE_F=22.3 meV / A
2024-11-25 15:35:55.960 INFO: Epoch 288: loss=0.4967, RMSE_E=6.7 meV, RMSE_F=22.3 meV / A
2024-11-25 15:36:07.717 INFO: Epoch 290: loss=0.4963, RMSE_E=6.7 meV, RMSE_F=22.3 meV / A
2024-11-25 15:36:17.812 INFO: Epoch 292: loss=0.4957, RMSE_E=6.6 meV, RMSE_F=22.3 meV / A
2024-11-25 15:36:27.951 INFO: Epoch 294: loss=0.4952, RMSE_E=6.6 meV, RMSE_F=22.3 meV / A
2024-11-25 15:36:40.014 INFO: Epoch 296: loss=0.4947, RMSE_E=6.6 meV, RMSE_F=22.2 meV / A
2024-11-25 15:36:50.261 INFO: Epoch 298: loss=0.4943, RMSE_E=6.6 meV, RMSE_F=22.2 meV / A
2024-11-25 15:37:02.397 INFO: Epoch 300: loss=0.4938, RMSE_E=6.6 meV, RMSE_F=22.2 meV / A
2024-11-25 15:37:12.649 INFO: Epoch 302: loss=0.4935, RMSE_E=6.6 meV, RMSE_F=22.2 meV / A
2024-11-25 15:37:25.543 INFO: Epoch 304: loss=0.4929, RMSE_E=6.6 meV, RMSE_F=22.2 meV / A
2024-11-25 15:37:35.463 INFO: Epoch 306: loss=0.4927, RMSE_E=6.6 meV, RMSE_F=22.2 meV / A
2024-11-25 15:37:47.420 INFO: Epoch 308: loss=0.4922, RMSE_E=6.6 meV, RMSE_F=22.2 meV / A
2024-11-25 15:37:59.865 INFO: Epoch 310: loss=0.4918, RMSE_E=6.6 meV, RMSE_F=22.2 meV / A
2024-11-25 15:38:10.623 INFO: Epoch 312: loss=0.4916, RMSE_E=6.6 meV, RMSE_F=22.2 meV / A
2024-11-25 15:38:20.252 INFO: Epoch 314: loss=0.4914, RMSE_E=6.6 meV, RMSE_F=22.2 meV / A
2024-11-25 15:38:33.088 INFO: Epoch 316: loss=0.4910, RMSE_E=6.6 meV, RMSE_F=22.2 meV / A
2024-11-25 15:38:44.052 INFO: Epoch 318: loss=0.4907, RMSE_E=6.6 meV, RMSE_F=22.2 meV / A
2024-11-25 15:38:56.954 INFO: Epoch 320: loss=0.4906, RMSE_E=6.6 meV, RMSE_F=22.1 meV / A
2024-11-25 15:39:06.423 INFO: Epoch 322: loss=0.4902, RMSE_E=6.5 meV, RMSE_F=22.1 meV / A
2024-11-25 15:39:19.090 INFO: Epoch 324: loss=0.4898, RMSE_E=6.6 meV, RMSE_F=22.1 meV / A
2024-11-25 15:39:29.498 INFO: Epoch 326: loss=0.4895, RMSE_E=6.5 meV, RMSE_F=22.1 meV / A
2024-11-25 15:39:41.487 INFO: Epoch 328: loss=0.4890, RMSE_E=6.5 meV, RMSE_F=22.1 meV / A
2024-11-25 15:39:51.939 INFO: Epoch 330: loss=0.4885, RMSE_E=6.5 meV, RMSE_F=22.1 meV / A
2024-11-25 15:40:04.240 INFO: Epoch 332: loss=0.4880, RMSE_E=6.5 meV, RMSE_F=22.1 meV / A
2024-11-25 15:40:14.173 INFO: Epoch 334: loss=0.4877, RMSE_E=6.5 meV, RMSE_F=22.1 meV / A
2024-11-25 15:40:24.980 INFO: Epoch 336: loss=0.4874, RMSE_E=6.5 meV, RMSE_F=22.1 meV / A
2024-11-25 15:40:37.122 INFO: Epoch 338: loss=0.4871, RMSE_E=6.5 meV, RMSE_F=22.1 meV / A
2024-11-25 15:40:48.026 INFO: Epoch 340: loss=0.4867, RMSE_E=6.5 meV, RMSE_F=22.1 meV / A
2024-11-25 15:41:00.192 INFO: Epoch 342: loss=0.4865, RMSE_E=6.5 meV, RMSE_F=22.1 meV / A
2024-11-25 15:41:10.515 INFO: Epoch 344: loss=0.4862, RMSE_E=6.5 meV, RMSE_F=22.0 meV / A
2024-11-25 15:41:22.837 INFO: Epoch 346: loss=0.4859, RMSE_E=6.5 meV, RMSE_F=22.0 meV / A
2024-11-25 15:41:33.117 INFO: Epoch 348: loss=0.4856, RMSE_E=6.5 meV, RMSE_F=22.0 meV / A
2024-11-25 15:41:46.072 INFO: Epoch 350: loss=0.4853, RMSE_E=6.4 meV, RMSE_F=22.0 meV / A
2024-11-25 15:41:56.973 INFO: Epoch 352: loss=0.4851, RMSE_E=6.4 meV, RMSE_F=22.0 meV / A
2024-11-25 15:42:07.284 INFO: Epoch 354: loss=0.4849, RMSE_E=6.5 meV, RMSE_F=22.0 meV / A
2024-11-25 15:42:20.089 INFO: Epoch 356: loss=0.4846, RMSE_E=6.4 meV, RMSE_F=22.0 meV / A
2024-11-25 15:42:29.858 INFO: Epoch 358: loss=0.4843, RMSE_E=6.4 meV, RMSE_F=22.0 meV / A
2024-11-25 15:42:42.156 INFO: Epoch 360: loss=0.4840, RMSE_E=6.4 meV, RMSE_F=22.0 meV / A
2024-11-25 15:42:51.909 INFO: Epoch 362: loss=0.4838, RMSE_E=6.4 meV, RMSE_F=22.0 meV / A
2024-11-25 15:43:03.791 INFO: Epoch 364: loss=0.4837, RMSE_E=6.4 meV, RMSE_F=22.0 meV / A
2024-11-25 15:43:16.064 INFO: Epoch 366: loss=0.4834, RMSE_E=6.4 meV, RMSE_F=22.0 meV / A
2024-11-25 15:43:26.170 INFO: Epoch 368: loss=0.4832, RMSE_E=6.4 meV, RMSE_F=22.0 meV / A
2024-11-25 15:43:38.290 INFO: Epoch 370: loss=0.4829, RMSE_E=6.4 meV, RMSE_F=22.0 meV / A
2024-11-25 15:43:50.111 INFO: Epoch 372: loss=0.4826, RMSE_E=6.4 meV, RMSE_F=22.0 meV / A
2024-11-25 15:44:02.237 INFO: Epoch 374: loss=0.4822, RMSE_E=6.4 meV, RMSE_F=22.0 meV / A
2024-11-25 15:44:12.652 INFO: Epoch 376: loss=0.4820, RMSE_E=6.4 meV, RMSE_F=22.0 meV / A
2024-11-25 15:44:24.699 INFO: Epoch 378: loss=0.4817, RMSE_E=6.4 meV, RMSE_F=21.9 meV / A
2024-11-25 15:44:36.390 INFO: Epoch 380: loss=0.4813, RMSE_E=6.4 meV, RMSE_F=21.9 meV / A
2024-11-25 15:44:46.711 INFO: Epoch 382: loss=0.4810, RMSE_E=6.4 meV, RMSE_F=21.9 meV / A
2024-11-25 15:44:58.725 INFO: Epoch 384: loss=0.4806, RMSE_E=6.4 meV, RMSE_F=21.9 meV / A
2024-11-25 15:45:10.865 INFO: Epoch 386: loss=0.4804, RMSE_E=6.4 meV, RMSE_F=21.9 meV / A
2024-11-25 15:45:21.202 INFO: Epoch 388: loss=0.4802, RMSE_E=6.4 meV, RMSE_F=21.9 meV / A
2024-11-25 15:45:30.310 INFO: Epoch 390: loss=0.4801, RMSE_E=6.3 meV, RMSE_F=21.9 meV / A
2024-11-25 15:45:39.502 INFO: Epoch 392: loss=0.4799, RMSE_E=6.4 meV, RMSE_F=21.9 meV / A
2024-11-25 15:45:48.626 INFO: Epoch 394: loss=0.4798, RMSE_E=6.4 meV, RMSE_F=21.9 meV / A
2024-11-25 15:45:59.823 INFO: Epoch 396: loss=0.4798, RMSE_E=6.3 meV, RMSE_F=21.9 meV / A
2024-11-25 15:46:09.154 INFO: Epoch 398: loss=0.4796, RMSE_E=6.3 meV, RMSE_F=21.9 meV / A
2024-11-25 15:46:21.491 INFO: Epoch 400: loss=0.4797, RMSE_E=6.3 meV, RMSE_F=21.9 meV / A
2024-11-25 15:46:30.701 INFO: Epoch 402: loss=0.4796, RMSE_E=6.3 meV, RMSE_F=21.9 meV / A
2024-11-25 15:46:40.690 INFO: Epoch 404: loss=0.4794, RMSE_E=6.3 meV, RMSE_F=21.9 meV / A
2024-11-25 15:46:52.494 INFO: Epoch 406: loss=0.4793, RMSE_E=6.4 meV, RMSE_F=21.9 meV / A
2024-11-25 15:47:02.413 INFO: Epoch 408: loss=0.4791, RMSE_E=6.3 meV, RMSE_F=21.9 meV / A
2024-11-25 15:47:14.464 INFO: Epoch 410: loss=0.4789, RMSE_E=6.4 meV, RMSE_F=21.9 meV / A
2024-11-25 15:47:24.281 INFO: Epoch 412: loss=0.4789, RMSE_E=6.3 meV, RMSE_F=21.9 meV / A
2024-11-25 15:47:36.662 INFO: Epoch 414: loss=0.4787, RMSE_E=6.3 meV, RMSE_F=21.9 meV / A
2024-11-25 15:47:46.541 INFO: Epoch 416: loss=0.4785, RMSE_E=6.3 meV, RMSE_F=21.9 meV / A
2024-11-25 15:47:58.923 INFO: Epoch 418: loss=0.4783, RMSE_E=6.3 meV, RMSE_F=21.9 meV / A
2024-11-25 15:48:08.696 INFO: Epoch 420: loss=0.4781, RMSE_E=6.3 meV, RMSE_F=21.9 meV / A
2024-11-25 15:48:20.472 INFO: Epoch 422: loss=0.4779, RMSE_E=6.3 meV, RMSE_F=21.9 meV / A
2024-11-25 15:48:33.020 INFO: Epoch 424: loss=0.4777, RMSE_E=6.3 meV, RMSE_F=21.9 meV / A
2024-11-25 15:48:43.122 INFO: Epoch 426: loss=0.4775, RMSE_E=6.3 meV, RMSE_F=21.9 meV / A
2024-11-25 15:48:55.408 INFO: Epoch 428: loss=0.4773, RMSE_E=6.3 meV, RMSE_F=21.8 meV / A
2024-11-25 15:49:05.460 INFO: Epoch 430: loss=0.4772, RMSE_E=6.3 meV, RMSE_F=21.8 meV / A
2024-11-25 15:49:16.785 INFO: Epoch 432: loss=0.4770, RMSE_E=6.3 meV, RMSE_F=21.8 meV / A
2024-11-25 15:49:28.819 INFO: Epoch 434: loss=0.4769, RMSE_E=6.3 meV, RMSE_F=21.8 meV / A
2024-11-25 15:49:41.266 INFO: Epoch 436: loss=0.4767, RMSE_E=6.3 meV, RMSE_F=21.8 meV / A
2024-11-25 15:49:51.381 INFO: Epoch 438: loss=0.4765, RMSE_E=6.3 meV, RMSE_F=21.8 meV / A
2024-11-25 15:50:03.776 INFO: Epoch 440: loss=0.4763, RMSE_E=6.3 meV, RMSE_F=21.8 meV / A
2024-11-25 15:50:13.346 INFO: Epoch 442: loss=0.4761, RMSE_E=6.3 meV, RMSE_F=21.8 meV / A
2024-11-25 15:50:25.499 INFO: Epoch 444: loss=0.4759, RMSE_E=6.3 meV, RMSE_F=21.8 meV / A
2024-11-25 15:50:34.492 INFO: Epoch 446: loss=0.4757, RMSE_E=6.3 meV, RMSE_F=21.8 meV / A
2024-11-25 15:50:44.463 INFO: Epoch 448: loss=0.4754, RMSE_E=6.3 meV, RMSE_F=21.8 meV / A
2024-11-25 15:50:56.553 INFO: Epoch 450: loss=0.4752, RMSE_E=6.2 meV, RMSE_F=21.8 meV / A
2024-11-25 15:51:06.775 INFO: Epoch 452: loss=0.4753, RMSE_E=6.3 meV, RMSE_F=21.8 meV / A
2024-11-25 15:51:15.822 INFO: Epoch 454: loss=0.4753, RMSE_E=6.3 meV, RMSE_F=21.8 meV / A
2024-11-25 15:51:24.940 INFO: Epoch 456: loss=0.4750, RMSE_E=6.3 meV, RMSE_F=21.8 meV / A
2024-11-25 15:51:37.275 INFO: Epoch 458: loss=0.4747, RMSE_E=6.3 meV, RMSE_F=21.8 meV / A
2024-11-25 15:51:47.302 INFO: Epoch 460: loss=0.4744, RMSE_E=6.3 meV, RMSE_F=21.8 meV / A
2024-11-25 15:51:59.345 INFO: Epoch 462: loss=0.4743, RMSE_E=6.3 meV, RMSE_F=21.8 meV / A
2024-11-25 15:52:11.037 INFO: Epoch 464: loss=0.4742, RMSE_E=6.2 meV, RMSE_F=21.8 meV / A
2024-11-25 15:52:20.947 INFO: Epoch 466: loss=0.4740, RMSE_E=6.2 meV, RMSE_F=21.8 meV / A
2024-11-25 15:52:33.075 INFO: Epoch 468: loss=0.4738, RMSE_E=6.3 meV, RMSE_F=21.8 meV / A
2024-11-25 15:52:43.170 INFO: Epoch 470: loss=0.4737, RMSE_E=6.2 meV, RMSE_F=21.8 meV / A
2024-11-25 15:52:55.513 INFO: Epoch 472: loss=0.4736, RMSE_E=6.2 meV, RMSE_F=21.8 meV / A
2024-11-25 15:53:06.106 INFO: Epoch 474: loss=0.4734, RMSE_E=6.2 meV, RMSE_F=21.8 meV / A
2024-11-25 15:53:17.859 INFO: Epoch 476: loss=0.4732, RMSE_E=6.3 meV, RMSE_F=21.8 meV / A
2024-11-25 15:53:30.469 INFO: Epoch 478: loss=0.4730, RMSE_E=6.2 meV, RMSE_F=21.7 meV / A
2024-11-25 15:53:40.509 INFO: Epoch 480: loss=0.4728, RMSE_E=6.2 meV, RMSE_F=21.7 meV / A
2024-11-25 15:53:52.429 INFO: Epoch 482: loss=0.4727, RMSE_E=6.2 meV, RMSE_F=21.7 meV / A
2024-11-25 15:54:02.912 INFO: Epoch 484: loss=0.4724, RMSE_E=6.2 meV, RMSE_F=21.7 meV / A
2024-11-25 15:54:14.822 INFO: Epoch 486: loss=0.4721, RMSE_E=6.2 meV, RMSE_F=21.7 meV / A
2024-11-25 15:54:25.052 INFO: Epoch 488: loss=0.4720, RMSE_E=6.2 meV, RMSE_F=21.7 meV / A
2024-11-25 15:54:34.411 INFO: Epoch 490: loss=0.4719, RMSE_E=6.2 meV, RMSE_F=21.7 meV / A
2024-11-25 15:54:43.472 INFO: Epoch 492: loss=0.4718, RMSE_E=6.2 meV, RMSE_F=21.7 meV / A
2024-11-25 15:54:56.295 INFO: Epoch 494: loss=0.4718, RMSE_E=6.2 meV, RMSE_F=21.7 meV / A
2024-11-25 15:55:06.562 INFO: Epoch 496: loss=0.4718, RMSE_E=6.2 meV, RMSE_F=21.7 meV / A
2024-11-25 15:55:18.004 INFO: Epoch 498: loss=0.4717, RMSE_E=6.2 meV, RMSE_F=21.7 meV / A
2024-11-25 15:55:21.996 INFO: Training complete
2024-11-25 15:55:21.996 INFO: Computing metrics for training, validation, and test sets
2024-11-25 15:55:21.998 INFO: Loading checkpoint: checkpoints/paracetamol_run-123_epoch-498.pt
2024-11-25 15:55:22.847 INFO: Loaded model from epoch 498
2024-11-25 15:55:22.848 INFO: Evaluating train ...
2024-11-25 15:55:23.199 INFO: Evaluating valid ...
2024-11-25 15:55:30.703 INFO: 
+-------------+--------------+------------------+-------------------+
| config_type | RMSE E / meV | RMSE F / meV / A | relative F RMSE % |
+-------------+--------------+------------------+-------------------+
|    train    |     3.6      |       2.7        |        0.22       |
|    valid    |     6.2      |       21.7       |        1.69       |
+-------------+--------------+------------------+-------------------+
2024-11-25 15:55:30.703 INFO: Saving model to checkpoints/paracetamol_run-123.model
2024-11-25 15:55:34.583 INFO: Compiling model, saving metadata to paracetamol_compiled.model
2024-11-25 15:55:36.623 INFO: Done
