2025-03-28 01:34:46.569 INFO: MACE version: 0.3.5
2025-03-28 01:34:46.569 INFO: Configuration: Namespace(config=None, name='3BPA', seed=2024, log_dir='logs', model_dir='.', checkpoints_dir='checkpoints', results_dir='results', downloads_dir='downloads', device='cuda', default_dtype='float64', distributed=False, log_level='INFO', error_table='TotalRMSE', model='MACE', r_max=5.0, radial_type='bessel', num_radial_basis=8, num_cutoff_basis=5, pair_repulsion=False, distance_transform='None', interaction='RealAgnosticResidualInteractionBlock', interaction_first='RealAgnosticResidualInteractionBlock', max_ell=3, correlation=3, num_interactions=2, MLP_irreps='16x0e', radial_MLP='[64, 64, 64]', hidden_irreps='128x0e + 128x1o', num_channels=128, max_L=1, gate='silu', scaling='rms_forces_scaling', avg_num_neighbors=1, compute_avg_num_neighbors=True, compute_stress=False, compute_forces=True, train_file='./dataset/train_300K.xyz', valid_file=None, valid_fraction=0.1, test_file='./dataset/test_300K.xyz', test_dir=None, multi_processed_test=False, num_workers=0, pin_memory=True, atomic_numbers=None, mean=None, std=None, statistics_file=None, E0s='average', keep_isolated_atoms=False, energy_key='energy', forces_key='forces', virials_key='virials', stress_key='stress', dipole_key='dipole', charges_key='charges', loss='ef', forces_weight=1000.0, swa_forces_weight=100.0, energy_weight=1.0, swa_energy_weight=1000.0, virials_weight=1.0, swa_virials_weight=10.0, stress_weight=1.0, swa_stress_weight=10.0, dipole_weight=1.0, swa_dipole_weight=1.0, config_type_weights='{"Default":1.0}', huber_delta=0.01, optimizer='adam', beta=0.9, batch_size=5, valid_batch_size=5, lr=0.005, swa_lr=0.001, weight_decay=1e-08, amsgrad=True, scheduler='ReduceLROnPlateau', lr_factor=0.8, scheduler_patience=5, lr_scheduler_gamma=0.9993, swa=False, start_swa=None, ema=True, ema_decay=0.995, max_num_epochs=500, patience=2048, foundation_model='/share/home/wangchen/work/mace/MPtrj/MACE-OFF23_medium.model', foundation_model_readout=True, eval_interval=2, keep_checkpoints=False, save_all_checkpoints=False, restart_latest=False, save_cpu=True, clip_grad=100.0, wandb=False, wandb_dir=None, wandb_project='', wandb_entity='', wandb_name='', wandb_log_hypers=['num_channels', 'max_L', 'correlation', 'lr', 'swa_lr', 'weight_decay', 'batch_size', 'max_num_epochs', 'start_swa', 'energy_weight', 'forces_weight'])
2025-03-28 01:34:46.650 INFO: CUDA version: 11.8, CUDA device: 0
2025-03-28 01:34:47.107 INFO: Error accessing Git repository: /share/home/wangchen/work/mace/organic/3BPA/LoRA_2024
2025-03-28 01:34:47.371 INFO: Using foundation model /share/home/wangchen/work/mace/MPtrj/MACE-OFF23_medium.model as initial checkpoint.
2025-03-28 01:34:47.531 INFO: Since ASE version 3.23.0b1, using energy_key 'energy' is no longer safe when communicating between MACE and ASE. We recommend using a different key, rewriting energies to 'REF_energy'. You need to use --energy_key='REF_energy', to tell the key name chosen.
2025-03-28 01:34:47.588 INFO: Since ASE version 3.23.0b1, using forces_key 'forces' is no longer safe when communicating between MACE and ASE. We recommend using a different key, rewriting energies to 'REF_forces'. You need to use --forces_key='REF_forces', to tell the key name chosen.
2025-03-28 01:34:47.643 INFO: Since ASE version 3.23.0b1, using stress_key 'stress' is no longer safe when communicating between MACE and ASE. We recommend using a different key, rewriting energies to 'REF_stress'. You need to use --stress_key='REF_stress', to tell the key name chosen.
2025-03-28 01:34:47.652 INFO: Loaded 500 training configurations from './dataset/train_300K.xyz'
2025-03-28 01:34:47.652 INFO: Using random 10.0% of training set for validation
2025-03-28 01:34:48.086 INFO: Since ASE version 3.23.0b1, using energy_key 'energy' is no longer safe when communicating between MACE and ASE. We recommend using a different key, rewriting energies to 'REF_energy'. You need to use --energy_key='REF_energy', to tell the key name chosen.
2025-03-28 01:34:48.268 INFO: Since ASE version 3.23.0b1, using forces_key 'forces' is no longer safe when communicating between MACE and ASE. We recommend using a different key, rewriting energies to 'REF_forces'. You need to use --forces_key='REF_forces', to tell the key name chosen.
2025-03-28 01:34:48.455 INFO: Since ASE version 3.23.0b1, using stress_key 'stress' is no longer safe when communicating between MACE and ASE. We recommend using a different key, rewriting energies to 'REF_stress'. You need to use --stress_key='REF_stress', to tell the key name chosen.
2025-03-28 01:34:48.485 INFO: Loaded 1669 test configurations from './dataset/test_300K.xyz'
2025-03-28 01:34:48.485 INFO: Total number of configurations: train=450, valid=50, tests=[Default: 1669]
2025-03-28 01:34:48.487 INFO: AtomicNumberTable: (1, 6, 7, 8)
2025-03-28 01:34:48.487 INFO: Atomic Energies not in training file, using command line argument E0s
2025-03-28 01:34:48.487 INFO: Computing average Atomic Energies using least squares regression
2025-03-28 01:34:48.586 INFO: Atomic energies: [-723.2941818544216, -723.2941818544216, -120.54903030907032, -60.27451515453516]
2025-03-28 01:34:48.934 INFO: EnergyForcesLoss(energy_weight=1.000, forces_weight=1000.000)
2025-03-28 01:34:49.059 INFO: Average number of neighbors: 16.707489711934155
2025-03-28 01:34:49.059 INFO: Selected the following outputs: {'energy': True, 'forces': True, 'virials': False, 'stress': False, 'dipoles': False}
2025-03-28 01:34:49.187 INFO: Building model
2025-03-28 01:34:50.519 INFO: Number of trainable parameters: 189864
2025-03-28 01:34:50.521 INFO: ScaleShiftMACE(
  (node_embedding): LinearNodeEmbeddingBlock(
    (linear): Linear(4x0e -> 128x0e | 512 weights | 2112 LoRA_weights)
  )
  (radial_embedding): RadialEmbeddingBlock(
    (bessel_fn): BesselBasis(r_max=5.0, num_basis=8, trainable=True)
    (cutoff_fn): PolynomialCutoff(p=5.0, r_max=5.0)
  )
  (spherical_harmonics): SphericalHarmonics()
  (atomic_energies_fn): AtomicEnergiesBlock(energies=[-723.2942, -723.2942, -120.5490, -60.2745])
  (interactions): ModuleList(
    (0): RealAgnosticInteractionBlock(
      (linear_up): Linear(128x0e -> 128x0e | 16384 weights | 4096 LoRA_weights)
      (conv_tp): TensorProduct(128x0e x 1x0e+1x1o+1x2e+1x3o -> 128x0e+128x1o+128x2e+128x3o | 512 paths | 512 weights | 0 LoRA_weights)
      (conv_tp_weights): FullyConnectedNet[8, 64, 64, 64, 512]
      (linear): Linear(128x0e+128x1o+128x2e+128x3o -> 128x0e+128x1o+128x2e+128x3o | 65536 weights | 16384 LoRA_weights)
      (skip_tp): FullyConnectedTensorProduct(128x0e+128x1o+128x2e+128x3o x 4x0e -> 128x0e+128x1o+128x2e+128x3o | 262144 paths | 262144 weights | 40960 LoRA_weights)
      (reshape): reshape_irreps()
    )
    (1): RealAgnosticResidualInteractionBlock(
      (linear_up): Linear(128x0e+128x1o -> 128x0e+128x1o | 32768 weights | 8192 LoRA_weights)
      (conv_tp): TensorProduct(128x0e+128x1o x 1x0e+1x1o+1x2e+1x3o -> 256x0e+384x1o+384x2e+256x3o | 1280 paths | 1280 weights | 0 LoRA_weights)
      (conv_tp_weights): FullyConnectedNet[8, 64, 64, 64, 1280]
      (linear): Linear(256x0e+384x1o+384x2e+256x3o -> 128x0e+128x1o+128x2e+128x3o | 163840 weights | 28672 LoRA_weights)
      (skip_tp): FullyConnectedTensorProduct(128x0e+128x1o x 4x0e -> 128x0e | 65536 paths | 65536 weights | 10240 LoRA_weights)
      (reshape): reshape_irreps()
    )
  )
  (products): ModuleList(
    (0): EquivariantProductBasisBlock(
      (symmetric_contractions): SymmetricContraction(
        (contractions): ModuleList(
          (0): Contraction(
            (contractions_weighting): ModuleList(
              (0-1): 2 x GraphModule()
            )
            (contractions_features): ModuleList(
              (0-1): 2 x GraphModule()
            )
            (weights): ParameterList(
                (0): Parameter containing: [torch.float64 of size 4x4x128 (cuda:0)]
                (1): Parameter containing: [torch.float64 of size 4x1x128 (cuda:0)]
            )
            (graph_opt_main): GraphModule()
            (LoRA_weight): ParameterList(
                (0): Parameter containing: [torch.float64 of size 4x23x16 (cuda:0)]
                (1): Parameter containing: [torch.float64 of size 16x128 (cuda:0)]
            )
          )
          (1): Contraction(
            (contractions_weighting): ModuleList(
              (0-1): 2 x GraphModule()
            )
            (contractions_features): ModuleList(
              (0-1): 2 x GraphModule()
            )
            (weights): ParameterList(
                (0): Parameter containing: [torch.float64 of size 4x6x128 (cuda:0)]
                (1): Parameter containing: [torch.float64 of size 4x1x128 (cuda:0)]
            )
            (graph_opt_main): GraphModule()
            (LoRA_weight): ParameterList(
                (0): Parameter containing: [torch.float64 of size 4x51x16 (cuda:0)]
                (1): Parameter containing: [torch.float64 of size 16x128 (cuda:0)]
            )
          )
        )
      )
      (linear): Linear(128x0e+128x1o -> 128x0e+128x1o | 32768 weights | 8192 LoRA_weights)
    )
    (1): EquivariantProductBasisBlock(
      (symmetric_contractions): SymmetricContraction(
        (contractions): ModuleList(
          (0): Contraction(
            (contractions_weighting): ModuleList(
              (0-1): 2 x GraphModule()
            )
            (contractions_features): ModuleList(
              (0-1): 2 x GraphModule()
            )
            (weights): ParameterList(
                (0): Parameter containing: [torch.float64 of size 4x4x128 (cuda:0)]
                (1): Parameter containing: [torch.float64 of size 4x1x128 (cuda:0)]
            )
            (graph_opt_main): GraphModule()
            (LoRA_weight): ParameterList(
                (0): Parameter containing: [torch.float64 of size 4x23x16 (cuda:0)]
                (1): Parameter containing: [torch.float64 of size 16x128 (cuda:0)]
            )
          )
        )
      )
      (linear): Linear(128x0e -> 128x0e | 16384 weights | 4096 LoRA_weights)
    )
  )
  (readouts): ModuleList(
    (0): LinearReadoutBlock(
      (linear): Linear(128x0e+128x1o -> 1x0e | 128 weights | 2064 LoRA_weights)
    )
    (1): NonLinearReadoutBlock(
      (linear_1): Linear(128x0e -> 16x0e | 2048 weights | 2304 LoRA_weights)
      (non_linearity): Activation [x] (16x0e -> 16x0e)
      (linear_2): Linear(16x0e -> 1x0e | 16 weights | 272 LoRA_weights)
    )
  )
  (scale_shift): ScaleShiftBlock(scale=1.088502, shift=0.000000)
)
2025-03-28 01:34:50.524 INFO: Number of parameters: 1029688
2025-03-28 01:34:50.524 INFO: Optimizer: Adam (
Parameter Group 0
    amsgrad: True
    betas: (0.9, 0.999)
    capturable: False
    differentiable: False
    eps: 1e-08
    foreach: None
    fused: None
    lr: 0.005
    maximize: False
    name: embedding
    weight_decay: 0.0

Parameter Group 1
    amsgrad: True
    betas: (0.9, 0.999)
    capturable: False
    differentiable: False
    eps: 1e-08
    foreach: None
    fused: None
    lr: 0.005
    maximize: False
    name: interactions_decay
    weight_decay: 1e-08

Parameter Group 2
    amsgrad: True
    betas: (0.9, 0.999)
    capturable: False
    differentiable: False
    eps: 1e-08
    foreach: None
    fused: None
    lr: 0.005
    maximize: False
    name: interactions_no_decay
    weight_decay: 0.0

Parameter Group 3
    amsgrad: True
    betas: (0.9, 0.999)
    capturable: False
    differentiable: False
    eps: 1e-08
    foreach: None
    fused: None
    lr: 0.005
    maximize: False
    name: products
    weight_decay: 1e-08

Parameter Group 4
    amsgrad: True
    betas: (0.9, 0.999)
    capturable: False
    differentiable: False
    eps: 1e-08
    foreach: None
    fused: None
    lr: 0.005
    maximize: False
    name: readouts
    weight_decay: 0.0
)
2025-03-28 01:34:50.524 INFO: Using gradient clipping with tolerance=100.000
2025-03-28 01:34:50.524 INFO: Started training
2025-03-28 01:34:57.973 INFO: Epoch None: loss=17285.5891, RMSE_E=131416.7 meV, RMSE_F=123.4 meV / A
2025-03-28 01:35:17.245 INFO: Epoch 0: loss=3.4054, RMSE_E=229.1 meV, RMSE_F=57.9 meV / A
2025-03-28 01:35:35.756 INFO: Epoch 2: loss=0.8075, RMSE_E=40.1 meV, RMSE_F=28.4 meV / A
2025-03-28 01:35:54.400 INFO: Epoch 4: loss=0.5444, RMSE_E=18.9 meV, RMSE_F=23.3 meV / A
2025-03-28 01:36:13.006 INFO: Epoch 6: loss=0.3987, RMSE_E=108.7 meV, RMSE_F=19.7 meV / A
2025-03-28 01:36:31.603 INFO: Epoch 8: loss=0.3142, RMSE_E=74.8 meV, RMSE_F=17.6 meV / A
2025-03-28 01:36:50.200 INFO: Epoch 10: loss=0.2537, RMSE_E=49.4 meV, RMSE_F=15.9 meV / A
2025-03-28 01:37:08.747 INFO: Epoch 12: loss=0.2172, RMSE_E=30.6 meV, RMSE_F=14.7 meV / A
2025-03-28 01:37:27.232 INFO: Epoch 14: loss=0.1871, RMSE_E=21.4 meV, RMSE_F=13.7 meV / A
2025-03-28 01:37:45.811 INFO: Epoch 16: loss=0.1644, RMSE_E=16.7 meV, RMSE_F=12.8 meV / A
2025-03-28 01:38:04.400 INFO: Epoch 18: loss=0.1528, RMSE_E=17.3 meV, RMSE_F=12.3 meV / A
2025-03-28 01:38:22.938 INFO: Epoch 20: loss=0.1422, RMSE_E=14.3 meV, RMSE_F=11.9 meV / A
2025-03-28 01:38:41.540 INFO: Epoch 22: loss=0.1337, RMSE_E=12.3 meV, RMSE_F=11.6 meV / A
2025-03-28 01:39:00.094 INFO: Epoch 24: loss=0.1264, RMSE_E=10.5 meV, RMSE_F=11.2 meV / A
2025-03-28 01:39:18.719 INFO: Epoch 26: loss=0.1197, RMSE_E=9.3 meV, RMSE_F=10.9 meV / A
2025-03-28 01:39:37.318 INFO: Epoch 28: loss=0.1149, RMSE_E=7.7 meV, RMSE_F=10.7 meV / A
2025-03-28 01:39:55.969 INFO: Epoch 30: loss=0.1110, RMSE_E=7.6 meV, RMSE_F=10.5 meV / A
2025-03-28 01:40:14.554 INFO: Epoch 32: loss=0.1074, RMSE_E=6.9 meV, RMSE_F=10.4 meV / A
2025-03-28 01:40:33.090 INFO: Epoch 34: loss=0.1046, RMSE_E=6.0 meV, RMSE_F=10.2 meV / A
2025-03-28 01:40:51.783 INFO: Epoch 36: loss=0.1029, RMSE_E=5.9 meV, RMSE_F=10.1 meV / A
2025-03-28 01:41:10.398 INFO: Epoch 38: loss=0.1007, RMSE_E=5.3 meV, RMSE_F=10.0 meV / A
2025-03-28 01:41:28.749 INFO: Epoch 40: loss=0.0975, RMSE_E=4.8 meV, RMSE_F=9.9 meV / A
2025-03-28 01:41:47.302 INFO: Epoch 42: loss=0.0956, RMSE_E=4.7 meV, RMSE_F=9.8 meV / A
2025-03-28 01:42:05.833 INFO: Epoch 44: loss=0.0937, RMSE_E=4.4 meV, RMSE_F=9.7 meV / A
2025-03-28 01:42:24.412 INFO: Epoch 46: loss=0.0924, RMSE_E=4.6 meV, RMSE_F=9.6 meV / A
2025-03-28 01:42:43.037 INFO: Epoch 48: loss=0.0907, RMSE_E=4.7 meV, RMSE_F=9.5 meV / A
2025-03-28 01:43:01.651 INFO: Epoch 50: loss=0.0902, RMSE_E=4.4 meV, RMSE_F=9.5 meV / A
2025-03-28 01:43:20.205 INFO: Epoch 52: loss=0.0901, RMSE_E=4.3 meV, RMSE_F=9.5 meV / A
2025-03-28 01:43:38.820 INFO: Epoch 54: loss=0.0887, RMSE_E=4.2 meV, RMSE_F=9.4 meV / A
2025-03-28 01:43:57.411 INFO: Epoch 56: loss=0.0878, RMSE_E=4.0 meV, RMSE_F=9.4 meV / A
2025-03-28 01:44:16.065 INFO: Epoch 58: loss=0.0869, RMSE_E=3.9 meV, RMSE_F=9.3 meV / A
2025-03-28 01:44:34.701 INFO: Epoch 60: loss=0.0862, RMSE_E=3.7 meV, RMSE_F=9.3 meV / A
2025-03-28 01:44:53.432 INFO: Epoch 62: loss=0.0857, RMSE_E=3.9 meV, RMSE_F=9.3 meV / A
2025-03-28 01:45:12.061 INFO: Epoch 64: loss=0.0839, RMSE_E=3.9 meV, RMSE_F=9.2 meV / A
2025-03-28 01:45:30.752 INFO: Epoch 66: loss=0.0831, RMSE_E=3.6 meV, RMSE_F=9.1 meV / A
2025-03-28 01:45:49.415 INFO: Epoch 68: loss=0.0822, RMSE_E=3.5 meV, RMSE_F=9.1 meV / A
2025-03-28 01:46:08.113 INFO: Epoch 70: loss=0.0817, RMSE_E=3.5 meV, RMSE_F=9.0 meV / A
2025-03-28 01:46:26.680 INFO: Epoch 72: loss=0.0814, RMSE_E=3.5 meV, RMSE_F=9.0 meV / A
2025-03-28 01:46:45.321 INFO: Epoch 74: loss=0.0799, RMSE_E=3.4 meV, RMSE_F=8.9 meV / A
2025-03-28 01:47:03.847 INFO: Epoch 76: loss=0.0796, RMSE_E=3.4 meV, RMSE_F=8.9 meV / A
2025-03-28 01:47:22.593 INFO: Epoch 78: loss=0.0792, RMSE_E=3.6 meV, RMSE_F=8.9 meV / A
2025-03-28 01:47:41.106 INFO: Epoch 80: loss=0.0784, RMSE_E=3.6 meV, RMSE_F=8.9 meV / A
2025-03-28 01:47:59.751 INFO: Epoch 82: loss=0.0778, RMSE_E=3.6 meV, RMSE_F=8.8 meV / A
2025-03-28 01:48:18.441 INFO: Epoch 84: loss=0.0771, RMSE_E=3.5 meV, RMSE_F=8.8 meV / A
2025-03-28 01:48:37.067 INFO: Epoch 86: loss=0.0771, RMSE_E=3.6 meV, RMSE_F=8.8 meV / A
2025-03-28 01:48:55.501 INFO: Epoch 88: loss=0.0762, RMSE_E=3.4 meV, RMSE_F=8.7 meV / A
2025-03-28 01:49:14.070 INFO: Epoch 90: loss=0.0759, RMSE_E=3.4 meV, RMSE_F=8.7 meV / A
2025-03-28 01:49:32.629 INFO: Epoch 92: loss=0.0754, RMSE_E=3.3 meV, RMSE_F=8.7 meV / A
2025-03-28 01:49:51.272 INFO: Epoch 94: loss=0.0748, RMSE_E=3.3 meV, RMSE_F=8.6 meV / A
2025-03-28 01:50:09.951 INFO: Epoch 96: loss=0.0744, RMSE_E=3.2 meV, RMSE_F=8.6 meV / A
2025-03-28 01:50:28.614 INFO: Epoch 98: loss=0.0742, RMSE_E=3.3 meV, RMSE_F=8.6 meV / A
2025-03-28 01:50:47.149 INFO: Epoch 100: loss=0.0743, RMSE_E=3.3 meV, RMSE_F=8.6 meV / A
2025-03-28 01:51:05.653 INFO: Epoch 102: loss=0.0741, RMSE_E=3.2 meV, RMSE_F=8.6 meV / A
2025-03-28 01:51:24.294 INFO: Epoch 104: loss=0.0732, RMSE_E=3.2 meV, RMSE_F=8.6 meV / A
2025-03-28 01:51:42.999 INFO: Epoch 106: loss=0.0727, RMSE_E=3.3 meV, RMSE_F=8.5 meV / A
2025-03-28 01:52:01.729 INFO: Epoch 108: loss=0.0719, RMSE_E=3.3 meV, RMSE_F=8.5 meV / A
2025-03-28 01:52:20.430 INFO: Epoch 110: loss=0.0717, RMSE_E=3.2 meV, RMSE_F=8.5 meV / A
2025-03-28 01:52:38.980 INFO: Epoch 112: loss=0.0710, RMSE_E=3.2 meV, RMSE_F=8.4 meV / A
2025-03-28 01:52:57.580 INFO: Epoch 114: loss=0.0709, RMSE_E=3.3 meV, RMSE_F=8.4 meV / A
2025-03-28 01:53:16.022 INFO: Epoch 116: loss=0.0710, RMSE_E=3.3 meV, RMSE_F=8.4 meV / A
2025-03-28 01:53:34.523 INFO: Epoch 118: loss=0.0705, RMSE_E=3.3 meV, RMSE_F=8.4 meV / A
2025-03-28 01:53:53.150 INFO: Epoch 120: loss=0.0703, RMSE_E=3.4 meV, RMSE_F=8.4 meV / A
2025-03-28 01:54:11.630 INFO: Epoch 122: loss=0.0700, RMSE_E=3.4 meV, RMSE_F=8.4 meV / A
2025-03-28 01:54:30.242 INFO: Epoch 124: loss=0.0699, RMSE_E=3.2 meV, RMSE_F=8.4 meV / A
2025-03-28 01:54:48.811 INFO: Epoch 126: loss=0.0699, RMSE_E=3.4 meV, RMSE_F=8.4 meV / A
2025-03-28 01:55:07.427 INFO: Epoch 128: loss=0.0694, RMSE_E=3.3 meV, RMSE_F=8.3 meV / A
2025-03-28 01:55:25.980 INFO: Epoch 130: loss=0.0695, RMSE_E=3.3 meV, RMSE_F=8.3 meV / A
2025-03-28 01:55:44.539 INFO: Epoch 132: loss=0.0693, RMSE_E=3.2 meV, RMSE_F=8.3 meV / A
2025-03-28 01:56:03.140 INFO: Epoch 134: loss=0.0689, RMSE_E=3.2 meV, RMSE_F=8.3 meV / A
2025-03-28 01:56:21.716 INFO: Epoch 136: loss=0.0684, RMSE_E=3.2 meV, RMSE_F=8.3 meV / A
2025-03-28 01:56:40.224 INFO: Epoch 138: loss=0.0681, RMSE_E=3.3 meV, RMSE_F=8.3 meV / A
2025-03-28 01:56:58.772 INFO: Epoch 140: loss=0.0679, RMSE_E=3.3 meV, RMSE_F=8.2 meV / A
2025-03-28 01:57:17.253 INFO: Epoch 142: loss=0.0677, RMSE_E=3.2 meV, RMSE_F=8.2 meV / A
2025-03-28 01:57:35.778 INFO: Epoch 144: loss=0.0676, RMSE_E=3.2 meV, RMSE_F=8.2 meV / A
2025-03-28 01:57:54.370 INFO: Epoch 146: loss=0.0674, RMSE_E=3.2 meV, RMSE_F=8.2 meV / A
2025-03-28 01:58:12.958 INFO: Epoch 148: loss=0.0673, RMSE_E=3.1 meV, RMSE_F=8.2 meV / A
2025-03-28 01:58:31.478 INFO: Epoch 150: loss=0.0672, RMSE_E=3.1 meV, RMSE_F=8.2 meV / A
2025-03-28 01:58:50.089 INFO: Epoch 152: loss=0.0669, RMSE_E=3.2 meV, RMSE_F=8.2 meV / A
2025-03-28 01:59:08.510 INFO: Epoch 154: loss=0.0662, RMSE_E=3.3 meV, RMSE_F=8.1 meV / A
2025-03-28 01:59:27.096 INFO: Epoch 156: loss=0.0664, RMSE_E=3.3 meV, RMSE_F=8.1 meV / A
2025-03-28 01:59:45.529 INFO: Epoch 158: loss=0.0662, RMSE_E=3.2 meV, RMSE_F=8.1 meV / A
2025-03-28 02:00:04.049 INFO: Epoch 160: loss=0.0661, RMSE_E=3.1 meV, RMSE_F=8.1 meV / A
2025-03-28 02:00:22.530 INFO: Epoch 162: loss=0.0660, RMSE_E=3.1 meV, RMSE_F=8.1 meV / A
2025-03-28 02:00:41.082 INFO: Epoch 164: loss=0.0661, RMSE_E=3.1 meV, RMSE_F=8.1 meV / A
2025-03-28 02:00:59.550 INFO: Epoch 166: loss=0.0656, RMSE_E=3.2 meV, RMSE_F=8.1 meV / A
2025-03-28 02:01:18.320 INFO: Epoch 168: loss=0.0654, RMSE_E=3.1 meV, RMSE_F=8.1 meV / A
2025-03-28 02:01:36.981 INFO: Epoch 170: loss=0.0651, RMSE_E=3.2 meV, RMSE_F=8.1 meV / A
2025-03-28 02:01:55.637 INFO: Epoch 172: loss=0.0648, RMSE_E=3.1 meV, RMSE_F=8.0 meV / A
2025-03-28 02:02:14.282 INFO: Epoch 174: loss=0.0645, RMSE_E=3.1 meV, RMSE_F=8.0 meV / A
2025-03-28 02:02:33.011 INFO: Epoch 176: loss=0.0649, RMSE_E=3.0 meV, RMSE_F=8.1 meV / A
2025-03-28 02:02:51.586 INFO: Epoch 178: loss=0.0648, RMSE_E=3.0 meV, RMSE_F=8.1 meV / A
2025-03-28 02:03:10.355 INFO: Epoch 180: loss=0.0643, RMSE_E=3.0 meV, RMSE_F=8.0 meV / A
2025-03-28 02:03:29.101 INFO: Epoch 182: loss=0.0638, RMSE_E=3.0 meV, RMSE_F=8.0 meV / A
2025-03-28 02:03:47.774 INFO: Epoch 184: loss=0.0640, RMSE_E=3.0 meV, RMSE_F=8.0 meV / A
2025-03-28 02:04:06.229 INFO: Epoch 186: loss=0.0639, RMSE_E=3.1 meV, RMSE_F=8.0 meV / A
2025-03-28 02:04:24.797 INFO: Epoch 188: loss=0.0638, RMSE_E=3.0 meV, RMSE_F=8.0 meV / A
2025-03-28 02:04:43.479 INFO: Epoch 190: loss=0.0635, RMSE_E=3.0 meV, RMSE_F=8.0 meV / A
2025-03-28 02:05:02.251 INFO: Epoch 192: loss=0.0635, RMSE_E=3.1 meV, RMSE_F=8.0 meV / A
2025-03-28 02:05:21.058 INFO: Epoch 194: loss=0.0634, RMSE_E=3.1 meV, RMSE_F=8.0 meV / A
2025-03-28 02:05:39.798 INFO: Epoch 196: loss=0.0631, RMSE_E=3.1 meV, RMSE_F=7.9 meV / A
2025-03-28 02:05:58.577 INFO: Epoch 198: loss=0.0631, RMSE_E=3.0 meV, RMSE_F=7.9 meV / A
2025-03-28 02:06:17.321 INFO: Epoch 200: loss=0.0627, RMSE_E=3.0 meV, RMSE_F=7.9 meV / A
2025-03-28 02:06:36.164 INFO: Epoch 202: loss=0.0626, RMSE_E=3.0 meV, RMSE_F=7.9 meV / A
2025-03-28 02:06:54.968 INFO: Epoch 204: loss=0.0627, RMSE_E=2.9 meV, RMSE_F=7.9 meV / A
2025-03-28 02:07:13.619 INFO: Epoch 206: loss=0.0625, RMSE_E=2.9 meV, RMSE_F=7.9 meV / A
2025-03-28 02:07:32.333 INFO: Epoch 208: loss=0.0626, RMSE_E=2.9 meV, RMSE_F=7.9 meV / A
2025-03-28 02:07:51.042 INFO: Epoch 210: loss=0.0625, RMSE_E=3.0 meV, RMSE_F=7.9 meV / A
2025-03-28 02:08:09.733 INFO: Epoch 212: loss=0.0623, RMSE_E=3.0 meV, RMSE_F=7.9 meV / A
2025-03-28 02:08:28.430 INFO: Epoch 214: loss=0.0622, RMSE_E=3.0 meV, RMSE_F=7.9 meV / A
2025-03-28 02:08:47.108 INFO: Epoch 216: loss=0.0622, RMSE_E=3.0 meV, RMSE_F=7.9 meV / A
2025-03-28 02:09:05.816 INFO: Epoch 218: loss=0.0621, RMSE_E=3.0 meV, RMSE_F=7.9 meV / A
2025-03-28 02:09:24.584 INFO: Epoch 220: loss=0.0621, RMSE_E=3.0 meV, RMSE_F=7.9 meV / A
2025-03-28 02:09:43.381 INFO: Epoch 222: loss=0.0620, RMSE_E=3.0 meV, RMSE_F=7.9 meV / A
2025-03-28 02:10:02.045 INFO: Epoch 224: loss=0.0620, RMSE_E=3.0 meV, RMSE_F=7.9 meV / A
2025-03-28 02:10:20.562 INFO: Epoch 226: loss=0.0617, RMSE_E=3.0 meV, RMSE_F=7.9 meV / A
2025-03-28 02:10:39.165 INFO: Epoch 228: loss=0.0612, RMSE_E=2.9 meV, RMSE_F=7.8 meV / A
2025-03-28 02:10:57.785 INFO: Epoch 230: loss=0.0610, RMSE_E=2.9 meV, RMSE_F=7.8 meV / A
2025-03-28 02:11:16.525 INFO: Epoch 232: loss=0.0609, RMSE_E=2.9 meV, RMSE_F=7.8 meV / A
2025-03-28 02:11:35.287 INFO: Epoch 234: loss=0.0608, RMSE_E=2.8 meV, RMSE_F=7.8 meV / A
2025-03-28 02:11:54.061 INFO: Epoch 236: loss=0.0610, RMSE_E=2.9 meV, RMSE_F=7.8 meV / A
2025-03-28 02:12:12.724 INFO: Epoch 238: loss=0.0609, RMSE_E=2.8 meV, RMSE_F=7.8 meV / A
2025-03-28 02:12:31.404 INFO: Epoch 240: loss=0.0609, RMSE_E=2.9 meV, RMSE_F=7.8 meV / A
2025-03-28 02:12:50.106 INFO: Epoch 242: loss=0.0609, RMSE_E=2.9 meV, RMSE_F=7.8 meV / A
2025-03-28 02:13:08.808 INFO: Epoch 244: loss=0.0609, RMSE_E=3.0 meV, RMSE_F=7.8 meV / A
2025-03-28 02:13:27.421 INFO: Epoch 246: loss=0.0607, RMSE_E=3.0 meV, RMSE_F=7.8 meV / A
2025-03-28 02:13:46.185 INFO: Epoch 248: loss=0.0606, RMSE_E=3.0 meV, RMSE_F=7.8 meV / A
2025-03-28 02:14:04.987 INFO: Epoch 250: loss=0.0604, RMSE_E=2.9 meV, RMSE_F=7.8 meV / A
2025-03-28 02:14:23.753 INFO: Epoch 252: loss=0.0605, RMSE_E=3.0 meV, RMSE_F=7.8 meV / A
2025-03-28 02:14:42.427 INFO: Epoch 254: loss=0.0604, RMSE_E=2.9 meV, RMSE_F=7.8 meV / A
2025-03-28 02:15:01.184 INFO: Epoch 256: loss=0.0604, RMSE_E=2.9 meV, RMSE_F=7.8 meV / A
2025-03-28 02:15:19.767 INFO: Epoch 258: loss=0.0605, RMSE_E=2.9 meV, RMSE_F=7.8 meV / A
2025-03-28 02:15:38.356 INFO: Epoch 260: loss=0.0602, RMSE_E=2.9 meV, RMSE_F=7.8 meV / A
2025-03-28 02:15:57.080 INFO: Epoch 262: loss=0.0599, RMSE_E=2.9 meV, RMSE_F=7.7 meV / A
2025-03-28 02:16:15.707 INFO: Epoch 264: loss=0.0597, RMSE_E=2.9 meV, RMSE_F=7.7 meV / A
2025-03-28 02:16:34.362 INFO: Epoch 266: loss=0.0597, RMSE_E=2.9 meV, RMSE_F=7.7 meV / A
2025-03-28 02:16:52.965 INFO: Epoch 268: loss=0.0597, RMSE_E=3.0 meV, RMSE_F=7.7 meV / A
2025-03-28 02:17:11.641 INFO: Epoch 270: loss=0.0596, RMSE_E=2.9 meV, RMSE_F=7.7 meV / A
2025-03-28 02:17:30.426 INFO: Epoch 272: loss=0.0595, RMSE_E=2.9 meV, RMSE_F=7.7 meV / A
2025-03-28 02:17:49.200 INFO: Epoch 274: loss=0.0594, RMSE_E=2.9 meV, RMSE_F=7.7 meV / A
2025-03-28 02:18:08.042 INFO: Epoch 276: loss=0.0594, RMSE_E=2.9 meV, RMSE_F=7.7 meV / A
2025-03-28 02:18:26.864 INFO: Epoch 278: loss=0.0593, RMSE_E=2.9 meV, RMSE_F=7.7 meV / A
2025-03-28 02:18:45.581 INFO: Epoch 280: loss=0.0592, RMSE_E=2.9 meV, RMSE_F=7.7 meV / A
2025-03-28 02:19:04.331 INFO: Epoch 282: loss=0.0594, RMSE_E=2.9 meV, RMSE_F=7.7 meV / A
2025-03-28 02:19:22.938 INFO: Epoch 284: loss=0.0593, RMSE_E=2.9 meV, RMSE_F=7.7 meV / A
2025-03-28 02:19:41.513 INFO: Epoch 286: loss=0.0592, RMSE_E=2.9 meV, RMSE_F=7.7 meV / A
2025-03-28 02:20:00.103 INFO: Epoch 288: loss=0.0592, RMSE_E=2.9 meV, RMSE_F=7.7 meV / A
2025-03-28 02:20:18.753 INFO: Epoch 290: loss=0.0590, RMSE_E=2.9 meV, RMSE_F=7.7 meV / A
2025-03-28 02:20:37.443 INFO: Epoch 292: loss=0.0590, RMSE_E=2.8 meV, RMSE_F=7.7 meV / A
2025-03-28 02:20:56.102 INFO: Epoch 294: loss=0.0591, RMSE_E=2.8 meV, RMSE_F=7.7 meV / A
2025-03-28 02:21:14.702 INFO: Epoch 296: loss=0.0591, RMSE_E=2.8 meV, RMSE_F=7.7 meV / A
2025-03-28 02:21:33.218 INFO: Epoch 298: loss=0.0591, RMSE_E=2.8 meV, RMSE_F=7.7 meV / A
2025-03-28 02:21:51.878 INFO: Epoch 300: loss=0.0589, RMSE_E=2.8 meV, RMSE_F=7.7 meV / A
2025-03-28 02:22:10.669 INFO: Epoch 302: loss=0.0588, RMSE_E=2.8 meV, RMSE_F=7.7 meV / A
2025-03-28 02:22:29.479 INFO: Epoch 304: loss=0.0589, RMSE_E=2.9 meV, RMSE_F=7.7 meV / A
2025-03-28 02:22:48.185 INFO: Epoch 306: loss=0.0587, RMSE_E=2.8 meV, RMSE_F=7.7 meV / A
2025-03-28 02:23:06.932 INFO: Epoch 308: loss=0.0587, RMSE_E=2.9 meV, RMSE_F=7.7 meV / A
2025-03-28 02:23:25.669 INFO: Epoch 310: loss=0.0588, RMSE_E=2.8 meV, RMSE_F=7.7 meV / A
2025-03-28 02:23:44.366 INFO: Epoch 312: loss=0.0588, RMSE_E=2.8 meV, RMSE_F=7.7 meV / A
2025-03-28 02:24:02.986 INFO: Epoch 314: loss=0.0587, RMSE_E=2.8 meV, RMSE_F=7.7 meV / A
2025-03-28 02:24:21.715 INFO: Epoch 316: loss=0.0586, RMSE_E=2.8 meV, RMSE_F=7.7 meV / A
2025-03-28 02:24:40.530 INFO: Epoch 318: loss=0.0586, RMSE_E=2.8 meV, RMSE_F=7.7 meV / A
2025-03-28 02:24:59.115 INFO: Epoch 320: loss=0.0586, RMSE_E=2.8 meV, RMSE_F=7.7 meV / A
2025-03-28 02:25:17.689 INFO: Epoch 322: loss=0.0586, RMSE_E=2.8 meV, RMSE_F=7.7 meV / A
2025-03-28 02:25:36.333 INFO: Epoch 324: loss=0.0585, RMSE_E=2.8 meV, RMSE_F=7.6 meV / A
2025-03-28 02:25:55.023 INFO: Epoch 326: loss=0.0585, RMSE_E=2.8 meV, RMSE_F=7.6 meV / A
2025-03-28 02:26:13.707 INFO: Epoch 328: loss=0.0584, RMSE_E=2.8 meV, RMSE_F=7.6 meV / A
2025-03-28 02:26:32.471 INFO: Epoch 330: loss=0.0584, RMSE_E=2.8 meV, RMSE_F=7.6 meV / A
2025-03-28 02:26:51.176 INFO: Epoch 332: loss=0.0583, RMSE_E=2.8 meV, RMSE_F=7.6 meV / A
2025-03-28 02:27:10.017 INFO: Epoch 334: loss=0.0582, RMSE_E=2.8 meV, RMSE_F=7.6 meV / A
2025-03-28 02:27:28.891 INFO: Epoch 336: loss=0.0582, RMSE_E=2.8 meV, RMSE_F=7.6 meV / A
2025-03-28 02:27:47.695 INFO: Epoch 338: loss=0.0581, RMSE_E=2.8 meV, RMSE_F=7.6 meV / A
2025-03-28 02:28:06.414 INFO: Epoch 340: loss=0.0582, RMSE_E=2.8 meV, RMSE_F=7.6 meV / A
2025-03-28 02:28:25.048 INFO: Epoch 342: loss=0.0582, RMSE_E=2.8 meV, RMSE_F=7.6 meV / A
2025-03-28 02:28:43.762 INFO: Epoch 344: loss=0.0582, RMSE_E=2.8 meV, RMSE_F=7.6 meV / A
2025-03-28 02:29:02.539 INFO: Epoch 346: loss=0.0582, RMSE_E=2.8 meV, RMSE_F=7.6 meV / A
2025-03-28 02:29:21.282 INFO: Epoch 348: loss=0.0581, RMSE_E=2.8 meV, RMSE_F=7.6 meV / A
2025-03-28 02:29:40.087 INFO: Epoch 350: loss=0.0581, RMSE_E=2.8 meV, RMSE_F=7.6 meV / A
2025-03-28 02:29:58.747 INFO: Epoch 352: loss=0.0580, RMSE_E=2.8 meV, RMSE_F=7.6 meV / A
2025-03-28 02:30:17.467 INFO: Epoch 354: loss=0.0580, RMSE_E=2.8 meV, RMSE_F=7.6 meV / A
2025-03-28 02:30:36.210 INFO: Epoch 356: loss=0.0579, RMSE_E=2.8 meV, RMSE_F=7.6 meV / A
2025-03-28 02:30:54.960 INFO: Epoch 358: loss=0.0579, RMSE_E=2.8 meV, RMSE_F=7.6 meV / A
2025-03-28 02:31:13.785 INFO: Epoch 360: loss=0.0579, RMSE_E=2.8 meV, RMSE_F=7.6 meV / A
2025-03-28 02:31:32.653 INFO: Epoch 362: loss=0.0579, RMSE_E=2.8 meV, RMSE_F=7.6 meV / A
2025-03-28 02:31:51.375 INFO: Epoch 364: loss=0.0578, RMSE_E=2.8 meV, RMSE_F=7.6 meV / A
2025-03-28 02:32:10.163 INFO: Epoch 366: loss=0.0578, RMSE_E=2.8 meV, RMSE_F=7.6 meV / A
2025-03-28 02:32:28.860 INFO: Epoch 368: loss=0.0578, RMSE_E=2.8 meV, RMSE_F=7.6 meV / A
2025-03-28 02:32:47.542 INFO: Epoch 370: loss=0.0578, RMSE_E=2.8 meV, RMSE_F=7.6 meV / A
2025-03-28 02:33:06.230 INFO: Epoch 372: loss=0.0578, RMSE_E=2.8 meV, RMSE_F=7.6 meV / A
2025-03-28 02:33:24.871 INFO: Epoch 374: loss=0.0578, RMSE_E=2.8 meV, RMSE_F=7.6 meV / A
2025-03-28 02:33:43.519 INFO: Epoch 376: loss=0.0578, RMSE_E=2.8 meV, RMSE_F=7.6 meV / A
2025-03-28 02:34:02.203 INFO: Epoch 378: loss=0.0577, RMSE_E=2.8 meV, RMSE_F=7.6 meV / A
2025-03-28 02:34:20.870 INFO: Epoch 380: loss=0.0577, RMSE_E=2.8 meV, RMSE_F=7.6 meV / A
2025-03-28 02:34:39.545 INFO: Epoch 382: loss=0.0577, RMSE_E=2.8 meV, RMSE_F=7.6 meV / A
2025-03-28 02:34:58.219 INFO: Epoch 384: loss=0.0577, RMSE_E=2.8 meV, RMSE_F=7.6 meV / A
2025-03-28 02:35:16.857 INFO: Epoch 386: loss=0.0577, RMSE_E=2.8 meV, RMSE_F=7.6 meV / A
2025-03-28 02:35:35.450 INFO: Epoch 388: loss=0.0577, RMSE_E=2.8 meV, RMSE_F=7.6 meV / A
2025-03-28 02:35:54.028 INFO: Epoch 390: loss=0.0577, RMSE_E=2.8 meV, RMSE_F=7.6 meV / A
2025-03-28 02:36:12.722 INFO: Epoch 392: loss=0.0576, RMSE_E=2.8 meV, RMSE_F=7.6 meV / A
2025-03-28 02:36:31.515 INFO: Epoch 394: loss=0.0576, RMSE_E=2.8 meV, RMSE_F=7.6 meV / A
2025-03-28 02:36:50.121 INFO: Epoch 396: loss=0.0576, RMSE_E=2.7 meV, RMSE_F=7.6 meV / A
2025-03-28 02:37:08.713 INFO: Epoch 398: loss=0.0576, RMSE_E=2.8 meV, RMSE_F=7.6 meV / A
2025-03-28 02:37:27.291 INFO: Epoch 400: loss=0.0576, RMSE_E=2.8 meV, RMSE_F=7.6 meV / A
2025-03-28 02:37:45.905 INFO: Epoch 402: loss=0.0576, RMSE_E=2.8 meV, RMSE_F=7.6 meV / A
2025-03-28 02:38:04.719 INFO: Epoch 404: loss=0.0576, RMSE_E=2.8 meV, RMSE_F=7.6 meV / A
2025-03-28 02:38:23.392 INFO: Epoch 406: loss=0.0576, RMSE_E=2.8 meV, RMSE_F=7.6 meV / A
2025-03-28 02:38:42.037 INFO: Epoch 408: loss=0.0576, RMSE_E=2.8 meV, RMSE_F=7.6 meV / A
2025-03-28 02:39:00.823 INFO: Epoch 410: loss=0.0576, RMSE_E=2.7 meV, RMSE_F=7.6 meV / A
2025-03-28 02:39:19.571 INFO: Epoch 412: loss=0.0576, RMSE_E=2.7 meV, RMSE_F=7.6 meV / A
2025-03-28 02:39:38.314 INFO: Epoch 414: loss=0.0576, RMSE_E=2.8 meV, RMSE_F=7.6 meV / A
2025-03-28 02:39:57.033 INFO: Epoch 416: loss=0.0575, RMSE_E=2.8 meV, RMSE_F=7.6 meV / A
2025-03-28 02:40:15.822 INFO: Epoch 418: loss=0.0576, RMSE_E=2.8 meV, RMSE_F=7.6 meV / A
2025-03-28 02:40:34.503 INFO: Epoch 420: loss=0.0576, RMSE_E=2.7 meV, RMSE_F=7.6 meV / A
2025-03-28 02:40:53.234 INFO: Epoch 422: loss=0.0575, RMSE_E=2.8 meV, RMSE_F=7.6 meV / A
2025-03-28 02:41:11.950 INFO: Epoch 424: loss=0.0575, RMSE_E=2.7 meV, RMSE_F=7.6 meV / A
2025-03-28 02:41:30.638 INFO: Epoch 426: loss=0.0575, RMSE_E=2.8 meV, RMSE_F=7.6 meV / A
2025-03-28 02:41:49.267 INFO: Epoch 428: loss=0.0575, RMSE_E=2.8 meV, RMSE_F=7.6 meV / A
2025-03-28 02:42:07.737 INFO: Epoch 430: loss=0.0575, RMSE_E=2.7 meV, RMSE_F=7.6 meV / A
2025-03-28 02:42:26.405 INFO: Epoch 432: loss=0.0575, RMSE_E=2.7 meV, RMSE_F=7.6 meV / A
2025-03-28 02:42:44.890 INFO: Epoch 434: loss=0.0575, RMSE_E=2.8 meV, RMSE_F=7.6 meV / A
2025-03-28 02:43:03.672 INFO: Epoch 436: loss=0.0575, RMSE_E=2.7 meV, RMSE_F=7.6 meV / A
2025-03-28 02:43:22.383 INFO: Epoch 438: loss=0.0575, RMSE_E=2.7 meV, RMSE_F=7.6 meV / A
2025-03-28 02:43:41.108 INFO: Epoch 440: loss=0.0575, RMSE_E=2.7 meV, RMSE_F=7.6 meV / A
2025-03-28 02:43:59.930 INFO: Epoch 442: loss=0.0575, RMSE_E=2.8 meV, RMSE_F=7.6 meV / A
2025-03-28 02:44:18.662 INFO: Epoch 444: loss=0.0575, RMSE_E=2.8 meV, RMSE_F=7.6 meV / A
2025-03-28 02:44:37.300 INFO: Epoch 446: loss=0.0574, RMSE_E=2.8 meV, RMSE_F=7.6 meV / A
2025-03-28 02:44:56.013 INFO: Epoch 448: loss=0.0574, RMSE_E=2.8 meV, RMSE_F=7.6 meV / A
2025-03-28 02:45:14.642 INFO: Epoch 450: loss=0.0575, RMSE_E=2.8 meV, RMSE_F=7.6 meV / A
2025-03-28 02:45:33.283 INFO: Epoch 452: loss=0.0575, RMSE_E=2.7 meV, RMSE_F=7.6 meV / A
2025-03-28 02:45:51.949 INFO: Epoch 454: loss=0.0575, RMSE_E=2.7 meV, RMSE_F=7.6 meV / A
2025-03-28 02:46:10.647 INFO: Epoch 456: loss=0.0574, RMSE_E=2.7 meV, RMSE_F=7.6 meV / A
2025-03-28 02:46:29.320 INFO: Epoch 458: loss=0.0574, RMSE_E=2.7 meV, RMSE_F=7.6 meV / A
2025-03-28 02:46:47.955 INFO: Epoch 460: loss=0.0575, RMSE_E=2.7 meV, RMSE_F=7.6 meV / A
2025-03-28 02:47:06.619 INFO: Epoch 462: loss=0.0575, RMSE_E=2.7 meV, RMSE_F=7.6 meV / A
2025-03-28 02:47:25.397 INFO: Epoch 464: loss=0.0575, RMSE_E=2.8 meV, RMSE_F=7.6 meV / A
2025-03-28 02:47:43.896 INFO: Epoch 466: loss=0.0574, RMSE_E=2.7 meV, RMSE_F=7.6 meV / A
2025-03-28 02:48:02.472 INFO: Epoch 468: loss=0.0574, RMSE_E=2.8 meV, RMSE_F=7.6 meV / A
2025-03-28 02:48:21.265 INFO: Epoch 470: loss=0.0574, RMSE_E=2.7 meV, RMSE_F=7.6 meV / A
2025-03-28 02:48:39.893 INFO: Epoch 472: loss=0.0574, RMSE_E=2.7 meV, RMSE_F=7.6 meV / A
2025-03-28 02:48:58.555 INFO: Epoch 474: loss=0.0574, RMSE_E=2.7 meV, RMSE_F=7.6 meV / A
2025-03-28 02:49:17.258 INFO: Epoch 476: loss=0.0574, RMSE_E=2.8 meV, RMSE_F=7.6 meV / A
2025-03-28 02:49:36.014 INFO: Epoch 478: loss=0.0574, RMSE_E=2.8 meV, RMSE_F=7.6 meV / A
2025-03-28 02:49:54.678 INFO: Epoch 480: loss=0.0574, RMSE_E=2.8 meV, RMSE_F=7.6 meV / A
2025-03-28 02:50:13.250 INFO: Epoch 482: loss=0.0574, RMSE_E=2.7 meV, RMSE_F=7.6 meV / A
2025-03-28 02:50:31.842 INFO: Epoch 484: loss=0.0574, RMSE_E=2.8 meV, RMSE_F=7.6 meV / A
2025-03-28 02:50:50.534 INFO: Epoch 486: loss=0.0574, RMSE_E=2.8 meV, RMSE_F=7.6 meV / A
2025-03-28 02:51:09.162 INFO: Epoch 488: loss=0.0574, RMSE_E=2.7 meV, RMSE_F=7.6 meV / A
2025-03-28 02:51:27.989 INFO: Epoch 490: loss=0.0575, RMSE_E=2.8 meV, RMSE_F=7.6 meV / A
2025-03-28 02:51:46.623 INFO: Epoch 492: loss=0.0574, RMSE_E=2.7 meV, RMSE_F=7.6 meV / A
2025-03-28 02:52:05.241 INFO: Epoch 494: loss=0.0574, RMSE_E=2.7 meV, RMSE_F=7.6 meV / A
2025-03-28 02:52:23.963 INFO: Epoch 496: loss=0.0574, RMSE_E=2.8 meV, RMSE_F=7.6 meV / A
2025-03-28 02:52:42.654 INFO: Epoch 498: loss=0.0574, RMSE_E=2.7 meV, RMSE_F=7.6 meV / A
2025-03-28 02:52:51.794 INFO: Training complete
2025-03-28 02:52:51.795 INFO: Computing metrics for training, validation, and test sets
2025-03-28 02:52:52.479 INFO: Loading checkpoint: checkpoints/3BPA_run-2024_epoch-488.pt
2025-03-28 02:52:52.544 INFO: Loaded model from epoch 488
2025-03-28 02:52:52.545 INFO: Evaluating train ...
2025-03-28 02:52:57.239 INFO: Evaluating valid ...
2025-03-28 02:52:57.751 INFO: Evaluating Default ...
2025-03-28 02:53:17.325 INFO: 
+-------------+--------------+------------------+-------------------+
| config_type | RMSE E / meV | RMSE F / meV / A | relative F RMSE % |
+-------------+--------------+------------------+-------------------+
|    train    |     2.6      |       3.4        |        0.36       |
|    valid    |     2.7      |       7.6        |        0.82       |
|   Default   |     3.0      |       7.5        |        0.78       |
+-------------+--------------+------------------+-------------------+
2025-03-28 02:53:17.325 INFO: Saving model to checkpoints/3BPA_run-2024.model
2025-03-28 02:53:17.654 INFO: Compiling model, saving metadata to 3BPA_compiled.model
2025-03-28 02:53:18.536 INFO: Done
