2024-12-06 11:25:53.372 INFO: MACE version: 0.3.5
2024-12-06 11:25:53.372 INFO: Configuration: Namespace(config=None, name='W', seed=123, log_dir='logs', model_dir='.', checkpoints_dir='checkpoints', results_dir='results', downloads_dir='downloads', device='cuda', default_dtype='float64', distributed=False, log_level='INFO', error_table='TotalRMSE', model='ScaleShiftMACE', r_max=6.0, radial_type='bessel', num_radial_basis=10, num_cutoff_basis=5, pair_repulsion=False, distance_transform='None', interaction='RealAgnosticResidualInteractionBlock', interaction_first='RealAgnosticResidualInteractionBlock', max_ell=3, correlation=3, num_interactions=2, MLP_irreps='16x0e', radial_MLP='[64, 64, 64]', hidden_irreps='128x0e + 128x1o', num_channels=128, max_L=2, gate='silu', scaling='rms_forces_scaling', avg_num_neighbors=1, compute_avg_num_neighbors=True, compute_stress=False, compute_forces=True, train_file='./dataset/train.xyz', valid_file='./dataset/valid.xyz', valid_fraction=0.1, test_file=None, test_dir=None, multi_processed_test=False, num_workers=0, pin_memory=True, atomic_numbers=None, mean=None, std=None, statistics_file=None, E0s='average', keep_isolated_atoms=False, energy_key='energy', forces_key='forces', virials_key='virials', stress_key='stress', dipole_key='dipole', charges_key='charges', loss='ef', forces_weight=1000.0, swa_forces_weight=100.0, energy_weight=1.0, swa_energy_weight=1000.0, virials_weight=1.0, swa_virials_weight=10.0, stress_weight=1.0, swa_stress_weight=10.0, dipole_weight=1.0, swa_dipole_weight=1.0, config_type_weights='{"Default":1.0}', huber_delta=0.01, optimizer='adam', beta=0.9, batch_size=5, valid_batch_size=5, lr=0.005, swa_lr=0.001, weight_decay=1e-08, amsgrad=True, scheduler='ReduceLROnPlateau', lr_factor=0.8, scheduler_patience=5, lr_scheduler_gamma=0.9993, swa=False, start_swa=None, ema=True, ema_decay=0.995, max_num_epochs=200, patience=2048, foundation_model='/home/l6eub2ic/whcs-share31/wangchen/mace/MPtrj/2024-01-07-mace-128-L2_epoch-199.model', foundation_model_readout=True, eval_interval=2, keep_checkpoints=False, save_all_checkpoints=False, restart_latest=False, save_cpu=True, clip_grad=100.0, wandb=False, wandb_dir=None, wandb_project='', wandb_entity='', wandb_name='', wandb_log_hypers=['num_channels', 'max_L', 'correlation', 'lr', 'swa_lr', 'weight_decay', 'batch_size', 'max_num_epochs', 'start_swa', 'energy_weight', 'forces_weight'])
2024-12-06 11:25:53.509 INFO: CUDA version: 11.8, CUDA device: 0
2024-12-06 11:25:54.067 INFO: Error accessing Git repository: /home/l6eub2ic/whcs-share31/wangchen/mace/inorganic/W/finetune
2024-12-06 11:25:58.377 INFO: Using foundation model /home/l6eub2ic/whcs-share31/wangchen/mace/MPtrj/2024-01-07-mace-128-L2_epoch-199.model as initial checkpoint.
2024-12-06 11:26:24.452 INFO: Since ASE version 3.23.0b1, using energy_key 'energy' is no longer safe when communicating between MACE and ASE. We recommend using a different key, rewriting energies to 'REF_energy'. You need to use --energy_key='REF_energy', to tell the key name chosen.
2024-12-06 11:26:31.872 INFO: Since ASE version 3.23.0b1, using forces_key 'forces' is no longer safe when communicating between MACE and ASE. We recommend using a different key, rewriting energies to 'REF_forces'. You need to use --forces_key='REF_forces', to tell the key name chosen.
2024-12-06 11:26:39.401 INFO: Since ASE version 3.23.0b1, using stress_key 'stress' is no longer safe when communicating between MACE and ASE. We recommend using a different key, rewriting energies to 'REF_stress'. You need to use --stress_key='REF_stress', to tell the key name chosen.
2024-12-06 11:26:40.641 INFO: Loaded 42297 training configurations from './dataset/train.xyz'
2024-12-06 11:26:44.084 INFO: Since ASE version 3.23.0b1, using energy_key 'energy' is no longer safe when communicating between MACE and ASE. We recommend using a different key, rewriting energies to 'REF_energy'. You need to use --energy_key='REF_energy', to tell the key name chosen.
2024-12-06 11:26:44.456 INFO: Since ASE version 3.23.0b1, using forces_key 'forces' is no longer safe when communicating between MACE and ASE. We recommend using a different key, rewriting energies to 'REF_forces'. You need to use --forces_key='REF_forces', to tell the key name chosen.
2024-12-06 11:26:44.834 INFO: Since ASE version 3.23.0b1, using stress_key 'stress' is no longer safe when communicating between MACE and ASE. We recommend using a different key, rewriting energies to 'REF_stress'. You need to use --stress_key='REF_stress', to tell the key name chosen.
2024-12-06 11:26:44.894 INFO: Loaded 2100 validation configurations from './dataset/valid.xyz'
2024-12-06 11:26:44.895 INFO: Total number of configurations: train=42297, valid=2100, tests=[]
2024-12-06 11:26:45.130 INFO: AtomicNumberTable: (74,)
2024-12-06 11:26:45.131 INFO: Atomic Energies not in training file, using command line argument E0s
2024-12-06 11:26:45.131 INFO: Computing average Atomic Energies using least squares regression
2024-12-06 11:26:45.267 INFO: Atomic energies: [-12.555612678272986]
2024-12-06 11:27:38.394 INFO: EnergyForcesLoss(energy_weight=1.000, forces_weight=1000.000)
2024-12-06 11:28:02.257 INFO: Average number of neighbors: 55.00836143260731
2024-12-06 11:28:02.258 INFO: Selected the following outputs: {'energy': True, 'forces': True, 'virials': False, 'stress': False, 'dipoles': False}
2024-12-06 11:28:25.269 INFO: Building model
2024-12-06 11:28:40.554 INFO: ScaleShiftMACE(
  (node_embedding): LinearNodeEmbeddingBlock(
    (linear): Linear(1x0e -> 128x0e | 128 weights)
  )
  (radial_embedding): RadialEmbeddingBlock(
    (bessel_fn): BesselBasis(r_max=6.0, num_basis=10, trainable=True)
    (cutoff_fn): PolynomialCutoff(p=5.0, r_max=6.0)
  )
  (spherical_harmonics): SphericalHarmonics()
  (atomic_energies_fn): AtomicEnergiesBlock(energies=[-12.5556])
  (interactions): ModuleList(
    (0): RealAgnosticResidualInteractionBlock(
      (linear_up): Linear(128x0e -> 128x0e | 16384 weights)
      (conv_tp): TensorProduct(128x0e x 1x0e+1x1o+1x2e+1x3o -> 128x0e+128x1o+128x2e+128x3o | 512 paths | 512 weights)
      (conv_tp_weights): FullyConnectedNet[10, 64, 64, 64, 512]
      (linear): Linear(128x0e+128x1o+128x2e+128x3o -> 128x0e+128x1o+128x2e+128x3o | 65536 weights)
      (skip_tp): FullyConnectedTensorProduct(128x0e x 1x0e -> 128x0e+128x1o+128x2e | 16384 paths | 16384 weights)
      (reshape): reshape_irreps()
    )
    (1): RealAgnosticResidualInteractionBlock(
      (linear_up): Linear(128x0e+128x1o+128x2e -> 128x0e+128x1o+128x2e | 49152 weights)
      (conv_tp): TensorProduct(128x0e+128x1o+128x2e x 1x0e+1x1o+1x2e+1x3o -> 384x0e+640x1o+640x2e+512x3o | 2176 paths | 2176 weights)
      (conv_tp_weights): FullyConnectedNet[10, 64, 64, 64, 2176]
      (linear): Linear(384x0e+640x1o+640x2e+512x3o -> 128x0e+128x1o+128x2e+128x3o | 278528 weights)
      (skip_tp): FullyConnectedTensorProduct(128x0e+128x1o+128x2e x 1x0e -> 128x0e | 16384 paths | 16384 weights)
      (reshape): reshape_irreps()
    )
  )
  (products): ModuleList(
    (0): EquivariantProductBasisBlock(
      (symmetric_contractions): SymmetricContraction(
        (contractions): ModuleList(
          (0): Contraction(
            (contractions_weighting): ModuleList(
              (0-1): 2 x GraphModule()
            )
            (contractions_features): ModuleList(
              (0-1): 2 x GraphModule()
            )
            (weights): ParameterList(
                (0): Parameter containing: [torch.float64 of size 1x4x128 (GPU 0)]
                (1): Parameter containing: [torch.float64 of size 1x1x128 (GPU 0)]
            )
            (graph_opt_main): GraphModule()
          )
          (1): Contraction(
            (contractions_weighting): ModuleList(
              (0-1): 2 x GraphModule()
            )
            (contractions_features): ModuleList(
              (0-1): 2 x GraphModule()
            )
            (weights): ParameterList(
                (0): Parameter containing: [torch.float64 of size 1x6x128 (GPU 0)]
                (1): Parameter containing: [torch.float64 of size 1x1x128 (GPU 0)]
            )
            (graph_opt_main): GraphModule()
          )
          (2): Contraction(
            (contractions_weighting): ModuleList(
              (0-1): 2 x GraphModule()
            )
            (contractions_features): ModuleList(
              (0-1): 2 x GraphModule()
            )
            (weights): ParameterList(
                (0): Parameter containing: [torch.float64 of size 1x7x128 (GPU 0)]
                (1): Parameter containing: [torch.float64 of size 1x1x128 (GPU 0)]
            )
            (graph_opt_main): GraphModule()
          )
        )
      )
      (linear): Linear(128x0e+128x1o+128x2e -> 128x0e+128x1o+128x2e | 49152 weights)
    )
    (1): EquivariantProductBasisBlock(
      (symmetric_contractions): SymmetricContraction(
        (contractions): ModuleList(
          (0): Contraction(
            (contractions_weighting): ModuleList(
              (0-1): 2 x GraphModule()
            )
            (contractions_features): ModuleList(
              (0-1): 2 x GraphModule()
            )
            (weights): ParameterList(
                (0): Parameter containing: [torch.float64 of size 1x4x128 (GPU 0)]
                (1): Parameter containing: [torch.float64 of size 1x1x128 (GPU 0)]
            )
            (graph_opt_main): GraphModule()
          )
        )
      )
      (linear): Linear(128x0e -> 128x0e | 16384 weights)
    )
  )
  (readouts): ModuleList(
    (0): LinearReadoutBlock(
      (linear): Linear(128x0e+128x1o+128x2e -> 1x0e | 128 weights)
    )
    (1): NonLinearReadoutBlock(
      (linear_1): Linear(128x0e -> 16x0e | 2048 weights)
      (non_linearity): Activation [x] (16x0e -> 16x0e)
      (linear_2): Linear(16x0e -> 1x0e | 16 weights)
    )
  )
  (scale_shift): ScaleShiftBlock(scale=0.804154, shift=0.164097)
)
2024-12-06 11:28:40.558 INFO: Number of parameters: 723866
2024-12-06 11:28:40.558 INFO: Optimizer: Adam (
Parameter Group 0
    amsgrad: True
    betas: (0.9, 0.999)
    capturable: False
    differentiable: False
    eps: 1e-08
    foreach: None
    fused: None
    lr: 0.005
    maximize: False
    name: embedding
    weight_decay: 0.0

Parameter Group 1
    amsgrad: True
    betas: (0.9, 0.999)
    capturable: False
    differentiable: False
    eps: 1e-08
    foreach: None
    fused: None
    lr: 0.005
    maximize: False
    name: interactions_decay
    weight_decay: 1e-08

Parameter Group 2
    amsgrad: True
    betas: (0.9, 0.999)
    capturable: False
    differentiable: False
    eps: 1e-08
    foreach: None
    fused: None
    lr: 0.005
    maximize: False
    name: interactions_no_decay
    weight_decay: 0.0

Parameter Group 3
    amsgrad: True
    betas: (0.9, 0.999)
    capturable: False
    differentiable: False
    eps: 1e-08
    foreach: None
    fused: None
    lr: 0.005
    maximize: False
    name: products
    weight_decay: 1e-08

Parameter Group 4
    amsgrad: True
    betas: (0.9, 0.999)
    capturable: False
    differentiable: False
    eps: 1e-08
    foreach: None
    fused: None
    lr: 0.005
    maximize: False
    name: readouts
    weight_decay: 0.0
)
2024-12-06 11:28:40.558 INFO: Using gradient clipping with tolerance=100.000
2024-12-06 11:28:40.558 INFO: Started training
2024-12-06 11:29:27.818 INFO: Epoch None: loss=10637.0003, RMSE_E=98851.0 meV, RMSE_F=893.6 meV / A
2024-12-06 11:54:22.151 INFO: Epoch 0: loss=15.2870, RMSE_E=326.5 meV, RMSE_F=127.1 meV / A
2024-12-06 12:43:32.685 INFO: Epoch 2: loss=10.7294, RMSE_E=123.9 meV, RMSE_F=108.9 meV / A
2024-12-06 13:33:05.213 INFO: Epoch 4: loss=9.4001, RMSE_E=109.6 meV, RMSE_F=102.9 meV / A
2024-12-06 14:23:02.090 INFO: Epoch 6: loss=8.6669, RMSE_E=107.2 meV, RMSE_F=99.1 meV / A
2024-12-06 15:13:31.300 INFO: Epoch 8: loss=8.1465, RMSE_E=117.1 meV, RMSE_F=96.4 meV / A
2024-12-06 16:04:32.294 INFO: Epoch 10: loss=7.8878, RMSE_E=113.6 meV, RMSE_F=95.0 meV / A
2024-12-06 16:55:55.840 INFO: Epoch 12: loss=7.6440, RMSE_E=96.5 meV, RMSE_F=93.7 meV / A
2024-12-06 17:48:05.289 INFO: Epoch 14: loss=7.4485, RMSE_E=95.2 meV, RMSE_F=92.7 meV / A
2024-12-06 18:40:04.325 INFO: Epoch 16: loss=7.3444, RMSE_E=101.4 meV, RMSE_F=92.1 meV / A
2024-12-06 19:32:49.825 INFO: Epoch 18: loss=7.2205, RMSE_E=91.9 meV, RMSE_F=91.5 meV / A
2024-12-06 20:26:02.256 INFO: Epoch 20: loss=7.1652, RMSE_E=87.7 meV, RMSE_F=91.1 meV / A
2024-12-06 21:19:44.621 INFO: Epoch 22: loss=7.0716, RMSE_E=84.4 meV, RMSE_F=90.4 meV / A
2024-12-06 22:13:53.569 INFO: Epoch 24: loss=6.9630, RMSE_E=93.7 meV, RMSE_F=90.0 meV / A
2024-12-06 23:08:15.614 INFO: Epoch 26: loss=6.9437, RMSE_E=91.0 meV, RMSE_F=89.9 meV / A
2024-12-07 00:03:15.455 INFO: Epoch 28: loss=6.8695, RMSE_E=84.8 meV, RMSE_F=89.4 meV / A
2024-12-07 00:58:37.979 INFO: Epoch 30: loss=6.8134, RMSE_E=84.3 meV, RMSE_F=89.3 meV / A
2024-12-07 01:55:03.452 INFO: Epoch 32: loss=6.7995, RMSE_E=83.2 meV, RMSE_F=89.2 meV / A
2024-12-07 02:51:16.672 INFO: Epoch 34: loss=6.8138, RMSE_E=84.5 meV, RMSE_F=89.3 meV / A
2024-12-07 03:48:10.179 INFO: Epoch 36: loss=6.7564, RMSE_E=84.2 meV, RMSE_F=89.0 meV / A
2024-12-07 04:45:24.212 INFO: Epoch 38: loss=6.7184, RMSE_E=90.2 meV, RMSE_F=88.7 meV / A
2024-12-07 05:44:04.480 INFO: Epoch 40: loss=6.6550, RMSE_E=76.8 meV, RMSE_F=88.4 meV / A
2024-12-07 06:42:17.310 INFO: Epoch 42: loss=6.6505, RMSE_E=77.1 meV, RMSE_F=88.2 meV / A
2024-12-07 07:41:18.877 INFO: Epoch 44: loss=6.6407, RMSE_E=78.4 meV, RMSE_F=88.3 meV / A
2024-12-07 08:40:27.508 INFO: Epoch 46: loss=6.6296, RMSE_E=80.5 meV, RMSE_F=88.2 meV / A
2024-12-07 09:40:21.161 INFO: Epoch 48: loss=6.5942, RMSE_E=77.6 meV, RMSE_F=88.1 meV / A
2024-12-07 10:40:36.324 INFO: Epoch 50: loss=6.5961, RMSE_E=80.4 meV, RMSE_F=88.1 meV / A
2024-12-07 11:41:28.627 INFO: Epoch 52: loss=6.5890, RMSE_E=76.7 meV, RMSE_F=88.1 meV / A
2024-12-07 12:43:52.007 INFO: Epoch 54: loss=6.6036, RMSE_E=81.2 meV, RMSE_F=88.0 meV / A
2024-12-07 13:46:25.024 INFO: Epoch 56: loss=6.5876, RMSE_E=82.7 meV, RMSE_F=88.0 meV / A
2024-12-07 14:49:21.952 INFO: Epoch 58: loss=6.5690, RMSE_E=77.4 meV, RMSE_F=87.9 meV / A
2024-12-07 15:53:18.607 INFO: Epoch 60: loss=6.5867, RMSE_E=78.5 meV, RMSE_F=88.0 meV / A
2024-12-07 16:57:51.738 INFO: Epoch 62: loss=6.5727, RMSE_E=79.4 meV, RMSE_F=87.8 meV / A
2024-12-07 18:02:56.509 INFO: Epoch 64: loss=6.5337, RMSE_E=76.6 meV, RMSE_F=87.8 meV / A
2024-12-07 19:07:49.186 INFO: Epoch 66: loss=6.5424, RMSE_E=82.2 meV, RMSE_F=87.7 meV / A
2024-12-07 20:13:23.065 INFO: Epoch 68: loss=6.5395, RMSE_E=76.9 meV, RMSE_F=87.9 meV / A
2024-12-07 21:19:24.837 INFO: Epoch 70: loss=6.5598, RMSE_E=75.8 meV, RMSE_F=88.0 meV / A
2024-12-07 22:31:37.651 INFO: Epoch 72: loss=6.4712, RMSE_E=72.0 meV, RMSE_F=87.5 meV / A
2024-12-07 23:41:41.437 INFO: Epoch 74: loss=6.4574, RMSE_E=77.5 meV, RMSE_F=87.5 meV / A
2024-12-08 00:48:45.342 INFO: Epoch 76: loss=6.5416, RMSE_E=74.2 meV, RMSE_F=87.8 meV / A
2024-12-08 01:55:49.749 INFO: Epoch 78: loss=6.5185, RMSE_E=76.3 meV, RMSE_F=87.8 meV / A
2024-12-08 03:04:45.533 INFO: Epoch 80: loss=6.4742, RMSE_E=73.1 meV, RMSE_F=87.6 meV / A
2024-12-08 04:13:14.310 INFO: Epoch 82: loss=6.4633, RMSE_E=74.6 meV, RMSE_F=87.5 meV / A
2024-12-08 05:22:49.013 INFO: Epoch 84: loss=6.4957, RMSE_E=73.4 meV, RMSE_F=87.6 meV / A
2024-12-08 06:33:17.620 INFO: Epoch 86: loss=6.4914, RMSE_E=76.5 meV, RMSE_F=87.7 meV / A
2024-12-08 07:43:50.321 INFO: Epoch 88: loss=6.4002, RMSE_E=73.9 meV, RMSE_F=87.2 meV / A
2024-12-08 08:55:49.496 INFO: Epoch 90: loss=6.4495, RMSE_E=71.4 meV, RMSE_F=87.5 meV / A
2024-12-08 10:07:29.648 INFO: Epoch 92: loss=6.4472, RMSE_E=71.5 meV, RMSE_F=87.4 meV / A
2024-12-08 11:20:07.090 INFO: Epoch 94: loss=6.4269, RMSE_E=73.9 meV, RMSE_F=87.4 meV / A
2024-12-08 12:33:06.041 INFO: Epoch 96: loss=6.4727, RMSE_E=74.1 meV, RMSE_F=87.6 meV / A
2024-12-08 13:47:13.130 INFO: Epoch 98: loss=6.4894, RMSE_E=72.0 meV, RMSE_F=87.7 meV / A
2024-12-08 15:01:54.293 INFO: Epoch 100: loss=6.4251, RMSE_E=72.1 meV, RMSE_F=87.3 meV / A
2024-12-08 16:17:41.782 INFO: Epoch 102: loss=6.4630, RMSE_E=72.1 meV, RMSE_F=87.5 meV / A
2024-12-08 17:33:00.503 INFO: Epoch 104: loss=6.4803, RMSE_E=74.0 meV, RMSE_F=87.6 meV / A
2024-12-08 18:49:18.206 INFO: Epoch 106: loss=6.4534, RMSE_E=71.2 meV, RMSE_F=87.5 meV / A
2024-12-08 20:05:02.266 INFO: Epoch 108: loss=6.4532, RMSE_E=71.1 meV, RMSE_F=87.5 meV / A
2024-12-08 21:22:26.702 INFO: Epoch 110: loss=6.4388, RMSE_E=70.4 meV, RMSE_F=87.4 meV / A
2024-12-08 22:39:34.819 INFO: Epoch 112: loss=6.4272, RMSE_E=72.1 meV, RMSE_F=87.3 meV / A
2024-12-08 23:58:48.779 INFO: Epoch 114: loss=6.4757, RMSE_E=73.7 meV, RMSE_F=87.6 meV / A
2024-12-09 01:20:59.531 INFO: Epoch 116: loss=6.4700, RMSE_E=70.8 meV, RMSE_F=87.6 meV / A
2024-12-09 02:41:45.759 INFO: Epoch 118: loss=6.4475, RMSE_E=71.3 meV, RMSE_F=87.4 meV / A
2024-12-09 04:00:17.235 INFO: Epoch 120: loss=6.4819, RMSE_E=70.5 meV, RMSE_F=87.7 meV / A
2024-12-09 05:20:51.932 INFO: Epoch 122: loss=6.4450, RMSE_E=74.0 meV, RMSE_F=87.5 meV / A
2024-12-09 06:41:26.353 INFO: Epoch 124: loss=6.4706, RMSE_E=70.1 meV, RMSE_F=87.6 meV / A
2024-12-09 08:02:07.718 INFO: Epoch 126: loss=6.4748, RMSE_E=70.5 meV, RMSE_F=87.6 meV / A
2024-12-09 09:25:32.524 INFO: Epoch 128: loss=6.4634, RMSE_E=72.6 meV, RMSE_F=87.6 meV / A
2024-12-09 10:48:26.204 INFO: Epoch 130: loss=6.4673, RMSE_E=70.9 meV, RMSE_F=87.6 meV / A
2024-12-09 12:10:55.727 INFO: Epoch 132: loss=6.4671, RMSE_E=70.9 meV, RMSE_F=87.6 meV / A
2024-12-09 13:34:32.814 INFO: Epoch 134: loss=6.4605, RMSE_E=74.0 meV, RMSE_F=87.6 meV / A
2024-12-09 14:56:47.154 INFO: Epoch 136: loss=6.4776, RMSE_E=70.3 meV, RMSE_F=87.6 meV / A
2024-12-09 16:19:07.821 INFO: Epoch 138: loss=6.4684, RMSE_E=70.6 meV, RMSE_F=87.6 meV / A
2024-12-09 17:43:21.072 INFO: Epoch 140: loss=6.4800, RMSE_E=69.7 meV, RMSE_F=87.7 meV / A
2024-12-09 19:08:47.486 INFO: Epoch 142: loss=6.4679, RMSE_E=69.1 meV, RMSE_F=87.6 meV / A
2024-12-09 20:34:50.264 INFO: Epoch 144: loss=6.4785, RMSE_E=71.1 meV, RMSE_F=87.7 meV / A
2024-12-09 22:05:06.134 INFO: Epoch 146: loss=6.4783, RMSE_E=69.7 meV, RMSE_F=87.7 meV / A
2024-12-09 23:30:37.033 INFO: Epoch 148: loss=6.4787, RMSE_E=71.8 meV, RMSE_F=87.7 meV / A
2024-12-10 00:56:58.959 INFO: Epoch 150: loss=6.4662, RMSE_E=70.4 meV, RMSE_F=87.6 meV / A
2024-12-10 02:25:52.074 INFO: Epoch 152: loss=6.5029, RMSE_E=69.7 meV, RMSE_F=87.8 meV / A
2024-12-10 03:52:49.402 INFO: Epoch 154: loss=6.4641, RMSE_E=68.9 meV, RMSE_F=87.6 meV / A
2024-12-10 05:22:19.128 INFO: Epoch 156: loss=6.4753, RMSE_E=69.9 meV, RMSE_F=87.7 meV / A
2024-12-10 06:50:51.679 INFO: Epoch 158: loss=6.4882, RMSE_E=71.3 meV, RMSE_F=87.8 meV / A
2024-12-10 08:17:36.071 INFO: Epoch 160: loss=6.4845, RMSE_E=70.8 meV, RMSE_F=87.7 meV / A
2024-12-10 09:49:50.811 INFO: Epoch 162: loss=6.4855, RMSE_E=69.5 meV, RMSE_F=87.8 meV / A
2024-12-10 11:18:44.629 INFO: Epoch 164: loss=6.4827, RMSE_E=70.3 meV, RMSE_F=87.7 meV / A
2024-12-10 12:50:18.467 INFO: Epoch 166: loss=6.4833, RMSE_E=69.6 meV, RMSE_F=87.7 meV / A
2024-12-10 14:25:16.796 INFO: Epoch 168: loss=6.4845, RMSE_E=69.7 meV, RMSE_F=87.8 meV / A
2024-12-10 16:00:04.196 INFO: Epoch 170: loss=6.4878, RMSE_E=69.8 meV, RMSE_F=87.8 meV / A
2024-12-10 17:30:29.209 INFO: Epoch 172: loss=6.4762, RMSE_E=70.0 meV, RMSE_F=87.7 meV / A
2024-12-10 19:04:00.221 INFO: Epoch 174: loss=6.4898, RMSE_E=70.7 meV, RMSE_F=87.8 meV / A
2024-12-10 20:39:01.849 INFO: Epoch 176: loss=6.4866, RMSE_E=70.1 meV, RMSE_F=87.8 meV / A
2024-12-10 22:19:15.280 INFO: Epoch 178: loss=6.4872, RMSE_E=70.4 meV, RMSE_F=87.8 meV / A
2024-12-10 23:55:02.717 INFO: Epoch 180: loss=6.4790, RMSE_E=69.7 meV, RMSE_F=87.7 meV / A
2024-12-11 01:29:41.852 INFO: Epoch 182: loss=6.4877, RMSE_E=70.9 meV, RMSE_F=87.8 meV / A
2024-12-11 03:06:40.890 INFO: Epoch 184: loss=6.4905, RMSE_E=69.9 meV, RMSE_F=87.8 meV / A
2024-12-11 04:44:02.667 INFO: Epoch 186: loss=6.4874, RMSE_E=69.9 meV, RMSE_F=87.8 meV / A
2024-12-11 06:19:47.239 INFO: Epoch 188: loss=6.4922, RMSE_E=69.9 meV, RMSE_F=87.8 meV / A
2024-12-11 07:57:02.949 INFO: Epoch 190: loss=6.5010, RMSE_E=69.9 meV, RMSE_F=87.9 meV / A
2024-12-11 09:35:42.375 INFO: Epoch 192: loss=6.4886, RMSE_E=70.9 meV, RMSE_F=87.8 meV / A
2024-12-11 11:17:53.524 INFO: Epoch 194: loss=6.4901, RMSE_E=70.2 meV, RMSE_F=87.8 meV / A
2024-12-11 12:56:37.510 INFO: Epoch 196: loss=6.4971, RMSE_E=70.4 meV, RMSE_F=87.8 meV / A
2024-12-11 14:37:47.600 INFO: Epoch 198: loss=6.4966, RMSE_E=69.9 meV, RMSE_F=87.8 meV / A
2024-12-11 15:26:10.106 INFO: Training complete
2024-12-11 15:26:10.106 INFO: Computing metrics for training, validation, and test sets
2024-12-11 15:26:10.110 INFO: Loading checkpoint: checkpoints/W_run-123_epoch-88.pt
2024-12-11 15:26:12.952 INFO: Loaded model from epoch 88
2024-12-11 15:26:12.953 INFO: Evaluating train ...
2024-12-11 16:29:58.169 INFO: Evaluating valid ...
2024-12-11 16:30:41.065 INFO: 
+-------------+--------------+------------------+-------------------+
| config_type | RMSE E / meV | RMSE F / meV / A | relative F RMSE % |
+-------------+--------------+------------------+-------------------+
|    train    |     72.4     |       71.2       |        3.71       |
|    valid    |     73.9     |       87.2       |        4.40       |
+-------------+--------------+------------------+-------------------+
2024-12-11 16:30:41.065 INFO: Saving model to checkpoints/W_run-123.model
2024-12-11 16:30:43.207 INFO: Compiling model, saving metadata to W_compiled.model
2024-12-11 16:30:44.679 INFO: Done
