2024-12-04 23:33:17.990 INFO: MACE version: 0.3.5
2024-12-04 23:33:17.990 INFO: Configuration: Namespace(config=None, name='Sn', seed=123, log_dir='logs', model_dir='.', checkpoints_dir='checkpoints', results_dir='results', downloads_dir='downloads', device='cuda', default_dtype='float64', distributed=False, log_level='INFO', error_table='TotalRMSE', model='ScaleShiftMACE', r_max=6.0, radial_type='bessel', num_radial_basis=10, num_cutoff_basis=5, pair_repulsion=False, distance_transform='None', interaction='RealAgnosticResidualInteractionBlock', interaction_first='RealAgnosticResidualInteractionBlock', max_ell=3, correlation=3, num_interactions=2, MLP_irreps='16x0e', radial_MLP='[64, 64, 64]', hidden_irreps='128x0e + 128x1o', num_channels=128, max_L=2, gate='silu', scaling='rms_forces_scaling', avg_num_neighbors=1, compute_avg_num_neighbors=True, compute_stress=False, compute_forces=True, train_file='./dataset/train.xyz', valid_file='./dataset/valid.xyz', valid_fraction=0.1, test_file=None, test_dir=None, multi_processed_test=False, num_workers=0, pin_memory=True, atomic_numbers=None, mean=None, std=None, statistics_file=None, E0s='average', keep_isolated_atoms=False, energy_key='energy', forces_key='forces', virials_key='virials', stress_key='stress', dipole_key='dipole', charges_key='charges', loss='ef', forces_weight=1000.0, swa_forces_weight=100.0, energy_weight=1.0, swa_energy_weight=1000.0, virials_weight=1.0, swa_virials_weight=10.0, stress_weight=1.0, swa_stress_weight=10.0, dipole_weight=1.0, swa_dipole_weight=1.0, config_type_weights='{"Default":1.0}', huber_delta=0.01, optimizer='adam', beta=0.9, batch_size=5, valid_batch_size=5, lr=0.005, swa_lr=0.001, weight_decay=1e-08, amsgrad=True, scheduler='ReduceLROnPlateau', lr_factor=0.8, scheduler_patience=5, lr_scheduler_gamma=0.9993, swa=False, start_swa=None, ema=True, ema_decay=0.995, max_num_epochs=100, patience=2048, foundation_model='/home/l6eub2ic/whcs-share31/wangchen/mace/MPtrj/2024-01-07-mace-128-L2_epoch-199.model', foundation_model_readout=True, eval_interval=2, keep_checkpoints=False, save_all_checkpoints=False, restart_latest=False, save_cpu=True, clip_grad=100.0, wandb=False, wandb_dir=None, wandb_project='', wandb_entity='', wandb_name='', wandb_log_hypers=['num_channels', 'max_L', 'correlation', 'lr', 'swa_lr', 'weight_decay', 'batch_size', 'max_num_epochs', 'start_swa', 'energy_weight', 'forces_weight'])
2024-12-04 23:33:18.128 INFO: CUDA version: 11.8, CUDA device: 0
2024-12-04 23:33:18.641 INFO: Error accessing Git repository: /home/l6eub2ic/whcs-share31/wangchen/mace/inorganic/Sn/finetune
2024-12-04 23:33:20.153 INFO: Using foundation model /home/l6eub2ic/whcs-share31/wangchen/mace/MPtrj/2024-01-07-mace-128-L2_epoch-199.model as initial checkpoint.
2024-12-04 23:33:24.010 INFO: Since ASE version 3.23.0b1, using energy_key 'energy' is no longer safe when communicating between MACE and ASE. We recommend using a different key, rewriting energies to 'REF_energy'. You need to use --energy_key='REF_energy', to tell the key name chosen.
2024-12-04 23:33:25.118 INFO: Since ASE version 3.23.0b1, using forces_key 'forces' is no longer safe when communicating between MACE and ASE. We recommend using a different key, rewriting energies to 'REF_forces'. You need to use --forces_key='REF_forces', to tell the key name chosen.
2024-12-04 23:33:26.239 INFO: Since ASE version 3.23.0b1, using stress_key 'stress' is no longer safe when communicating between MACE and ASE. We recommend using a different key, rewriting energies to 'REF_stress'. You need to use --stress_key='REF_stress', to tell the key name chosen.
2024-12-04 23:33:26.411 INFO: Loaded 6449 training configurations from './dataset/train.xyz'
2024-12-04 23:33:26.539 INFO: Since ASE version 3.23.0b1, using energy_key 'energy' is no longer safe when communicating between MACE and ASE. We recommend using a different key, rewriting energies to 'REF_energy'. You need to use --energy_key='REF_energy', to tell the key name chosen.
2024-12-04 23:33:26.587 INFO: Since ASE version 3.23.0b1, using forces_key 'forces' is no longer safe when communicating between MACE and ASE. We recommend using a different key, rewriting energies to 'REF_forces'. You need to use --forces_key='REF_forces', to tell the key name chosen.
2024-12-04 23:33:26.636 INFO: Since ASE version 3.23.0b1, using stress_key 'stress' is no longer safe when communicating between MACE and ASE. We recommend using a different key, rewriting energies to 'REF_stress'. You need to use --stress_key='REF_stress', to tell the key name chosen.
2024-12-04 23:33:26.643 INFO: Loaded 276 validation configurations from './dataset/valid.xyz'
2024-12-04 23:33:26.644 INFO: Total number of configurations: train=6449, valid=276, tests=[]
2024-12-04 23:33:26.670 INFO: AtomicNumberTable: (50,)
2024-12-04 23:33:26.670 INFO: Atomic Energies not in training file, using command line argument E0s
2024-12-04 23:33:26.670 INFO: Computing average Atomic Energies using least squares regression
2024-12-04 23:33:26.696 INFO: Atomic energies: [-35.13398721767647]
2024-12-04 23:33:32.796 INFO: EnergyForcesLoss(energy_weight=1.000, forces_weight=1000.000)
2024-12-04 23:33:35.836 INFO: Average number of neighbors: 39.46603739002933
2024-12-04 23:33:35.837 INFO: Selected the following outputs: {'energy': True, 'forces': True, 'virials': False, 'stress': False, 'dipoles': False}
2024-12-04 23:33:38.751 INFO: Building model
2024-12-04 23:33:51.339 INFO: ScaleShiftMACE(
  (node_embedding): LinearNodeEmbeddingBlock(
    (linear): Linear(1x0e -> 128x0e | 128 weights)
  )
  (radial_embedding): RadialEmbeddingBlock(
    (bessel_fn): BesselBasis(r_max=6.0, num_basis=10, trainable=True)
    (cutoff_fn): PolynomialCutoff(p=5.0, r_max=6.0)
  )
  (spherical_harmonics): SphericalHarmonics()
  (atomic_energies_fn): AtomicEnergiesBlock(energies=[-35.1340])
  (interactions): ModuleList(
    (0): RealAgnosticResidualInteractionBlock(
      (linear_up): Linear(128x0e -> 128x0e | 16384 weights)
      (conv_tp): TensorProduct(128x0e x 1x0e+1x1o+1x2e+1x3o -> 128x0e+128x1o+128x2e+128x3o | 512 paths | 512 weights)
      (conv_tp_weights): FullyConnectedNet[10, 64, 64, 64, 512]
      (linear): Linear(128x0e+128x1o+128x2e+128x3o -> 128x0e+128x1o+128x2e+128x3o | 65536 weights)
      (skip_tp): FullyConnectedTensorProduct(128x0e x 1x0e -> 128x0e+128x1o+128x2e | 16384 paths | 16384 weights)
      (reshape): reshape_irreps()
    )
    (1): RealAgnosticResidualInteractionBlock(
      (linear_up): Linear(128x0e+128x1o+128x2e -> 128x0e+128x1o+128x2e | 49152 weights)
      (conv_tp): TensorProduct(128x0e+128x1o+128x2e x 1x0e+1x1o+1x2e+1x3o -> 384x0e+640x1o+640x2e+512x3o | 2176 paths | 2176 weights)
      (conv_tp_weights): FullyConnectedNet[10, 64, 64, 64, 2176]
      (linear): Linear(384x0e+640x1o+640x2e+512x3o -> 128x0e+128x1o+128x2e+128x3o | 278528 weights)
      (skip_tp): FullyConnectedTensorProduct(128x0e+128x1o+128x2e x 1x0e -> 128x0e | 16384 paths | 16384 weights)
      (reshape): reshape_irreps()
    )
  )
  (products): ModuleList(
    (0): EquivariantProductBasisBlock(
      (symmetric_contractions): SymmetricContraction(
        (contractions): ModuleList(
          (0): Contraction(
            (contractions_weighting): ModuleList(
              (0-1): 2 x GraphModule()
            )
            (contractions_features): ModuleList(
              (0-1): 2 x GraphModule()
            )
            (weights): ParameterList(
                (0): Parameter containing: [torch.float64 of size 1x4x128 (GPU 0)]
                (1): Parameter containing: [torch.float64 of size 1x1x128 (GPU 0)]
            )
            (graph_opt_main): GraphModule()
          )
          (1): Contraction(
            (contractions_weighting): ModuleList(
              (0-1): 2 x GraphModule()
            )
            (contractions_features): ModuleList(
              (0-1): 2 x GraphModule()
            )
            (weights): ParameterList(
                (0): Parameter containing: [torch.float64 of size 1x6x128 (GPU 0)]
                (1): Parameter containing: [torch.float64 of size 1x1x128 (GPU 0)]
            )
            (graph_opt_main): GraphModule()
          )
          (2): Contraction(
            (contractions_weighting): ModuleList(
              (0-1): 2 x GraphModule()
            )
            (contractions_features): ModuleList(
              (0-1): 2 x GraphModule()
            )
            (weights): ParameterList(
                (0): Parameter containing: [torch.float64 of size 1x7x128 (GPU 0)]
                (1): Parameter containing: [torch.float64 of size 1x1x128 (GPU 0)]
            )
            (graph_opt_main): GraphModule()
          )
        )
      )
      (linear): Linear(128x0e+128x1o+128x2e -> 128x0e+128x1o+128x2e | 49152 weights)
    )
    (1): EquivariantProductBasisBlock(
      (symmetric_contractions): SymmetricContraction(
        (contractions): ModuleList(
          (0): Contraction(
            (contractions_weighting): ModuleList(
              (0-1): 2 x GraphModule()
            )
            (contractions_features): ModuleList(
              (0-1): 2 x GraphModule()
            )
            (weights): ParameterList(
                (0): Parameter containing: [torch.float64 of size 1x4x128 (GPU 0)]
                (1): Parameter containing: [torch.float64 of size 1x1x128 (GPU 0)]
            )
            (graph_opt_main): GraphModule()
          )
        )
      )
      (linear): Linear(128x0e -> 128x0e | 16384 weights)
    )
  )
  (readouts): ModuleList(
    (0): LinearReadoutBlock(
      (linear): Linear(128x0e+128x1o+128x2e -> 1x0e | 128 weights)
    )
    (1): NonLinearReadoutBlock(
      (linear_1): Linear(128x0e -> 16x0e | 2048 weights)
      (non_linearity): Activation [x] (16x0e -> 16x0e)
      (linear_2): Linear(16x0e -> 1x0e | 16 weights)
    )
  )
  (scale_shift): ScaleShiftBlock(scale=0.804154, shift=0.164097)
)
2024-12-04 23:33:51.342 INFO: Number of parameters: 723866
2024-12-04 23:33:51.342 INFO: Optimizer: Adam (
Parameter Group 0
    amsgrad: True
    betas: (0.9, 0.999)
    capturable: False
    differentiable: False
    eps: 1e-08
    foreach: None
    fused: None
    lr: 0.005
    maximize: False
    name: embedding
    weight_decay: 0.0

Parameter Group 1
    amsgrad: True
    betas: (0.9, 0.999)
    capturable: False
    differentiable: False
    eps: 1e-08
    foreach: None
    fused: None
    lr: 0.005
    maximize: False
    name: interactions_decay
    weight_decay: 1e-08

Parameter Group 2
    amsgrad: True
    betas: (0.9, 0.999)
    capturable: False
    differentiable: False
    eps: 1e-08
    foreach: None
    fused: None
    lr: 0.005
    maximize: False
    name: interactions_no_decay
    weight_decay: 0.0

Parameter Group 3
    amsgrad: True
    betas: (0.9, 0.999)
    capturable: False
    differentiable: False
    eps: 1e-08
    foreach: None
    fused: None
    lr: 0.005
    maximize: False
    name: products
    weight_decay: 1e-08

Parameter Group 4
    amsgrad: True
    betas: (0.9, 0.999)
    capturable: False
    differentiable: False
    eps: 1e-08
    foreach: None
    fused: None
    lr: 0.005
    maximize: False
    name: readouts
    weight_decay: 0.0
)
2024-12-04 23:33:51.342 INFO: Using gradient clipping with tolerance=100.000
2024-12-04 23:33:51.343 INFO: Started training
2024-12-04 23:34:06.194 INFO: Epoch None: loss=162.4344, RMSE_E=11280.5 meV, RMSE_F=164.9 meV / A
2024-12-04 23:36:59.361 INFO: Epoch 0: loss=2.2005, RMSE_E=237.0 meV, RMSE_F=48.4 meV / A
2024-12-04 23:42:27.266 INFO: Epoch 2: loss=1.5680, RMSE_E=160.6 meV, RMSE_F=41.1 meV / A
2024-12-04 23:47:49.630 INFO: Epoch 4: loss=1.3606, RMSE_E=126.0 meV, RMSE_F=38.6 meV / A
2024-12-04 23:53:14.298 INFO: Epoch 6: loss=1.2563, RMSE_E=121.3 meV, RMSE_F=37.1 meV / A
2024-12-04 23:58:37.682 INFO: Epoch 8: loss=1.2046, RMSE_E=111.5 meV, RMSE_F=36.3 meV / A
2024-12-05 00:04:01.696 INFO: Epoch 10: loss=1.1400, RMSE_E=96.7 meV, RMSE_F=35.3 meV / A
2024-12-05 00:09:27.104 INFO: Epoch 12: loss=1.0957, RMSE_E=95.7 meV, RMSE_F=34.8 meV / A
2024-12-05 00:14:49.657 INFO: Epoch 14: loss=1.0559, RMSE_E=88.5 meV, RMSE_F=34.2 meV / A
2024-12-05 00:20:13.887 INFO: Epoch 16: loss=1.0272, RMSE_E=81.6 meV, RMSE_F=33.8 meV / A
2024-12-05 00:25:40.252 INFO: Epoch 18: loss=1.0076, RMSE_E=81.7 meV, RMSE_F=33.5 meV / A
2024-12-05 00:31:06.272 INFO: Epoch 20: loss=0.9978, RMSE_E=77.3 meV, RMSE_F=33.2 meV / A
2024-12-05 00:36:30.362 INFO: Epoch 22: loss=0.9882, RMSE_E=80.0 meV, RMSE_F=33.1 meV / A
2024-12-05 00:41:54.589 INFO: Epoch 24: loss=0.9785, RMSE_E=84.2 meV, RMSE_F=32.9 meV / A
2024-12-05 00:47:18.499 INFO: Epoch 26: loss=0.9711, RMSE_E=87.9 meV, RMSE_F=32.8 meV / A
2024-12-05 00:52:43.011 INFO: Epoch 28: loss=0.9529, RMSE_E=76.0 meV, RMSE_F=32.6 meV / A
2024-12-05 00:58:06.534 INFO: Epoch 30: loss=0.9497, RMSE_E=67.5 meV, RMSE_F=32.5 meV / A
2024-12-05 01:03:32.003 INFO: Epoch 32: loss=0.9481, RMSE_E=72.9 meV, RMSE_F=32.5 meV / A
2024-12-05 01:08:56.564 INFO: Epoch 34: loss=0.9381, RMSE_E=72.4 meV, RMSE_F=32.4 meV / A
2024-12-05 01:14:22.299 INFO: Epoch 36: loss=0.9377, RMSE_E=78.8 meV, RMSE_F=32.3 meV / A
2024-12-05 01:19:46.189 INFO: Epoch 38: loss=0.9271, RMSE_E=73.5 meV, RMSE_F=32.2 meV / A
2024-12-05 01:25:11.528 INFO: Epoch 40: loss=0.9235, RMSE_E=69.1 meV, RMSE_F=32.1 meV / A
2024-12-05 01:30:35.366 INFO: Epoch 42: loss=0.9211, RMSE_E=64.2 meV, RMSE_F=32.1 meV / A
2024-12-05 01:36:04.824 INFO: Epoch 44: loss=0.9157, RMSE_E=72.3 meV, RMSE_F=31.9 meV / A
2024-12-05 01:41:28.612 INFO: Epoch 46: loss=0.9164, RMSE_E=66.8 meV, RMSE_F=31.9 meV / A
2024-12-05 01:46:50.085 INFO: Epoch 48: loss=0.9100, RMSE_E=67.8 meV, RMSE_F=31.8 meV / A
2024-12-05 01:52:13.342 INFO: Epoch 50: loss=0.9157, RMSE_E=68.1 meV, RMSE_F=31.9 meV / A
2024-12-05 01:57:33.638 INFO: Epoch 52: loss=0.9115, RMSE_E=64.0 meV, RMSE_F=31.9 meV / A
2024-12-05 02:02:55.994 INFO: Epoch 54: loss=0.9117, RMSE_E=63.3 meV, RMSE_F=31.9 meV / A
2024-12-05 02:08:18.989 INFO: Epoch 56: loss=0.9130, RMSE_E=66.9 meV, RMSE_F=31.9 meV / A
2024-12-05 02:13:39.914 INFO: Epoch 58: loss=0.9109, RMSE_E=67.5 meV, RMSE_F=31.8 meV / A
2024-12-05 02:19:02.015 INFO: Epoch 60: loss=0.8990, RMSE_E=60.9 meV, RMSE_F=31.7 meV / A
2024-12-05 02:24:27.865 INFO: Epoch 62: loss=0.9042, RMSE_E=61.3 meV, RMSE_F=31.7 meV / A
2024-12-05 02:29:51.505 INFO: Epoch 64: loss=0.9098, RMSE_E=56.3 meV, RMSE_F=31.8 meV / A
2024-12-05 02:35:15.455 INFO: Epoch 66: loss=0.9157, RMSE_E=60.9 meV, RMSE_F=31.9 meV / A
2024-12-05 02:40:37.997 INFO: Epoch 68: loss=0.9113, RMSE_E=54.5 meV, RMSE_F=31.8 meV / A
2024-12-05 02:46:00.184 INFO: Epoch 70: loss=0.9176, RMSE_E=57.5 meV, RMSE_F=31.9 meV / A
2024-12-05 02:51:23.066 INFO: Epoch 72: loss=0.9138, RMSE_E=55.0 meV, RMSE_F=31.9 meV / A
2024-12-05 02:56:44.212 INFO: Epoch 74: loss=0.9213, RMSE_E=51.8 meV, RMSE_F=32.0 meV / A
2024-12-05 03:02:06.352 INFO: Epoch 76: loss=0.9208, RMSE_E=53.3 meV, RMSE_F=32.0 meV / A
2024-12-05 03:07:29.236 INFO: Epoch 78: loss=0.9234, RMSE_E=52.8 meV, RMSE_F=32.1 meV / A
2024-12-05 03:12:50.713 INFO: Epoch 80: loss=0.9261, RMSE_E=52.2 meV, RMSE_F=32.1 meV / A
2024-12-05 03:18:13.711 INFO: Epoch 82: loss=0.9305, RMSE_E=53.1 meV, RMSE_F=32.1 meV / A
2024-12-05 03:23:36.526 INFO: Epoch 84: loss=0.9334, RMSE_E=52.0 meV, RMSE_F=32.2 meV / A
2024-12-05 03:28:57.872 INFO: Epoch 86: loss=0.9344, RMSE_E=51.6 meV, RMSE_F=32.2 meV / A
2024-12-05 03:34:19.205 INFO: Epoch 88: loss=0.9424, RMSE_E=52.4 meV, RMSE_F=32.3 meV / A
2024-12-05 03:39:42.448 INFO: Epoch 90: loss=0.9412, RMSE_E=52.7 meV, RMSE_F=32.3 meV / A
2024-12-05 03:45:05.506 INFO: Epoch 92: loss=0.9402, RMSE_E=51.2 meV, RMSE_F=32.3 meV / A
2024-12-05 03:50:32.717 INFO: Epoch 94: loss=0.9471, RMSE_E=54.5 meV, RMSE_F=32.4 meV / A
2024-12-05 03:55:54.861 INFO: Epoch 96: loss=0.9485, RMSE_E=51.9 meV, RMSE_F=32.4 meV / A
2024-12-05 04:01:18.343 INFO: Epoch 98: loss=0.9499, RMSE_E=51.8 meV, RMSE_F=32.4 meV / A
2024-12-05 04:03:58.116 INFO: Training complete
2024-12-05 04:03:58.116 INFO: Computing metrics for training, validation, and test sets
2024-12-05 04:03:58.119 INFO: Loading checkpoint: checkpoints/Sn_run-123_epoch-60.pt
2024-12-05 04:04:00.665 INFO: Loaded model from epoch 60
2024-12-05 04:04:00.666 INFO: Evaluating train ...
2024-12-05 04:06:04.082 INFO: Evaluating valid ...
2024-12-05 04:06:07.480 INFO: 
+-------------+--------------+------------------+-------------------+
| config_type | RMSE E / meV | RMSE F / meV / A | relative F RMSE % |
+-------------+--------------+------------------+-------------------+
|    train    |     58.6     |       28.0       |        3.44       |
|    valid    |     60.9     |       31.7       |        3.84       |
+-------------+--------------+------------------+-------------------+
2024-12-05 04:06:07.482 INFO: Saving model to checkpoints/Sn_run-123.model
2024-12-05 04:06:09.770 INFO: Compiling model, saving metadata to Sn_compiled.model
2024-12-05 04:06:11.246 INFO: Done
