AtomGraphSequential(
  (edge_embedding): EdgeEmbedding(
    (basis_function): BesselBasis()
    (cutoff_function): XPLORCutoff()
    (spherical): SphericalEncoding(
      (sph): SphericalHarmonics()
    )
  )
  (onehot_idx_to_onehot): OnehotEmbedding()
  (onehot_to_feature_x): IrrepsLinear(
    (linear): Linear(89x0e -> 128x0e | 11392 weights | 3472 LoRA_weights)
  )
  (0_self_connection_intro): SelfConnectionLinearIntro(
    (linear): Linear(128x0e -> 224x0e+64x1e+32x2e | 28672 weights | 5632 LoRA_weights)
  )
  (0_self_interaction_1): IrrepsLinear(
    (linear): Linear(128x0e -> 128x0e | 16384 weights | 4096 LoRA_weights)
  )
  (0_convolution): IrrepsConvolution(
    (convolution): TensorProduct(128x0e x 1x0e+1x1e+1x2e -> 128x0e+128x1e+128x2e | 384 paths | 384 weights | 0 LoRA_weights)
    (weight_nn): FullyConnectedNet[8, 64, 64, 384]
  )
  (0_self_interaction_2): IrrepsLinear(
    (linear): Linear(128x0e+128x1e+128x2e -> 224x0e+64x1e+32x2e | 40960 weights | 11264 LoRA_weights)
  )
  (0_self_connection_outro): SelfConnectionOutro()
  (0_equivariant_gate): EquivariantGate(
    (gate): Gate (224x0e+64x1e+32x2e -> 128x0e+64x1e+32x2e)
  )
  (1_self_connection_intro): SelfConnectionLinearIntro(
    (linear): Linear(128x0e+64x1e+32x2e -> 224x0e+64x1e+32x2e | 33792 weights | 8704 LoRA_weights)
  )
  (1_self_interaction_1): IrrepsLinear(
    (linear): Linear(128x0e+64x1e+32x2e -> 128x0e+64x1e+32x2e | 21504 weights | 7168 LoRA_weights)
  )
  (1_convolution): IrrepsConvolution(
    (convolution): TensorProduct(128x0e+64x1e+32x2e x 1x0e+1x1e+1x2e -> 224x0e+384x1e+352x2e | 960 paths | 960 weights | 0 LoRA_weights)
    (weight_nn): FullyConnectedNet[8, 64, 64, 960]
  )
  (1_self_interaction_2): IrrepsLinear(
    (linear): Linear(224x0e+384x1e+352x2e -> 224x0e+64x1e+32x2e | 86016 weights | 20480 LoRA_weights)
  )
  (1_self_connection_outro): SelfConnectionOutro()
  (1_equivariant_gate): EquivariantGate(
    (gate): Gate (224x0e+64x1e+32x2e -> 128x0e+64x1e+32x2e)
  )
  (2_self_connection_intro): SelfConnectionLinearIntro(
    (linear): Linear(128x0e+64x1e+32x2e -> 224x0e+64x1e+32x2e | 33792 weights | 8704 LoRA_weights)
  )
  (2_self_interaction_1): IrrepsLinear(
    (linear): Linear(128x0e+64x1e+32x2e -> 128x0e+64x1e+32x2e | 21504 weights | 7168 LoRA_weights)
  )
  (2_convolution): IrrepsConvolution(
    (convolution): TensorProduct(128x0e+64x1e+32x2e x 1x0e+1x1e+1x2e -> 224x0e+384x1e+352x2e | 960 paths | 960 weights | 0 LoRA_weights)
    (weight_nn): FullyConnectedNet[8, 64, 64, 960]
  )
  (2_self_interaction_2): IrrepsLinear(
    (linear): Linear(224x0e+384x1e+352x2e -> 224x0e+64x1e+32x2e | 86016 weights | 20480 LoRA_weights)
  )
  (2_self_connection_outro): SelfConnectionOutro()
  (2_equivariant_gate): EquivariantGate(
    (gate): Gate (224x0e+64x1e+32x2e -> 128x0e+64x1e+32x2e)
  )
  (3_self_connection_intro): SelfConnectionLinearIntro(
    (linear): Linear(128x0e+64x1e+32x2e -> 224x0e+64x1e+32x2e | 33792 weights | 8704 LoRA_weights)
  )
  (3_self_interaction_1): IrrepsLinear(
    (linear): Linear(128x0e+64x1e+32x2e -> 128x0e+64x1e+32x2e | 21504 weights | 7168 LoRA_weights)
  )
  (3_convolution): IrrepsConvolution(
    (convolution): TensorProduct(128x0e+64x1e+32x2e x 1x0e+1x1e+1x2e -> 224x0e+384x1e+352x2e | 960 paths | 960 weights | 0 LoRA_weights)
    (weight_nn): FullyConnectedNet[8, 64, 64, 960]
  )
  (3_self_interaction_2): IrrepsLinear(
    (linear): Linear(224x0e+384x1e+352x2e -> 224x0e+64x1e+32x2e | 86016 weights | 20480 LoRA_weights)
  )
  (3_self_connection_outro): SelfConnectionOutro()
  (3_equivariant_gate): EquivariantGate(
    (gate): Gate (224x0e+64x1e+32x2e -> 128x0e+64x1e+32x2e)
  )
  (4_self_connection_intro): SelfConnectionLinearIntro(
    (linear): Linear(128x0e+64x1e+32x2e -> 128x0e | 16384 weights | 4096 LoRA_weights)
  )
  (4_self_interaction_1): IrrepsLinear(
    (linear): Linear(128x0e+64x1e+32x2e -> 128x0e+64x1e+32x2e | 21504 weights | 7168 LoRA_weights)
  )
  (4_convolution): IrrepsConvolution(
    (convolution): TensorProduct(128x0e+64x1e+32x2e x 1x0e+1x1e+1x2e -> 224x0e | 224 paths | 224 weights | 0 LoRA_weights)
    (weight_nn): FullyConnectedNet[8, 64, 64, 224]
  )
  (4_self_interaction_2): IrrepsLinear(
    (linear): Linear(224x0e -> 128x0e | 28672 weights | 5632 LoRA_weights)
  )
  (4_self_connection_outro): SelfConnectionOutro()
  (4_equivariant_gate): EquivariantGate(
    (gate): Gate (128x0e -> 128x0e)
  )
  (reduce_input_to_hidden): IrrepsLinear(
    (linear): Linear(128x0e -> 64x0e | 8192 weights | 3072 LoRA_weights)
  )
  (reduce_hidden_to_energy): IrrepsLinear(
    (linear): Linear(64x0e -> 1x0e | 64 weights | 1040 LoRA_weights)
  )
  (rescale_atomic_energy): SpeciesWiseRescale()
  (reduce_total_enegy): AtomReduce()
  (force_output): ForceStressOutputFromEdge()
)
# graphs for training: 14596
# graphs for validation: 770
[(Energy, 1.0), (Force, 1.0)]
Adam (
Parameter Group 0
    amsgrad: False
    betas: (0.9, 0.999)
    capturable: False
    differentiable: False
    eps: 1e-08
    foreach: None
    fused: None
    initial_lr: 0.004
    lr: 0.004
    maximize: False
    weight_decay: 0
)
<torch.optim.lr_scheduler.LinearLR object at 0x7f6558c82170>
Energy_RMSE (eV/atom): nan
Force_RMSE (eV/Å): nan
Energy_MAE (eV/atom): nan
Force_MAE (eV/Å): nan
Energy_Loss: nan
Force_Loss: nan
TotalLoss: nan
SevenNet: Scalable EquVariance-Enabled Neural Network
version 0.10.2, Tue Mar 25 00:46:12 2025
this file: None
reading yaml config...
                ****
              ********                                   .
              *//////,  ..                               .            ,*.
               ,,***.         ..                        ,          ********.                                  ./,
             .      .                ..   /////.       .,       . */////////                               /////////.
        .&@&/        .                  .(((((((..     /           *//////*.  ...                         *((((((((((.
     @@@@@@@@@@*    @@@@@@@@@@  @@@@@    *((@@@@@     (     %@@@@@@@@@@  .@@@@@@     ..@@@@.   @@@@@@*    .(@@@@@(((*
    @@@@@.          @@@@         @@@@@ .   @@@@@      #     %@@@@         @@@@@@@@     @@@@(,  @@@@@@@@.    @@@@@(*.
    %@@@@@@@&       @@@@@@@@@@    @@@@@   @@@@@      #  ., .%@@@@@@@@@    @@@@@@@@@@   @@@@,   @@@@@@@@@@   @@@@@
    ,(%@@@@@@@@@    @@@@@@@@@@     @@@@@ @@@@&       (//////%@@@@@@@@@    @@@@  @@@@@@ @@@@  . @@@@@  @@@@@.@@@@@
        .   @@@@@   @@@@ .       .  @@@@@@@@%   . . ( .////,%@@@@         @@@@    @@@@@@@@@    @@@@@    @@@@@@@@@
    (@@@@@@@@@@@    @@@@@@@@@@**.    @@@@@@*       *.      .%@@@@@@@@@@   @@@@    . @@@@@@@    @@@@@     .@@@@@@@
     @@@@@@@@@.     @@@@@@@@@@///,    @@@@.      . /        %@@@@@@@@@@   @@@@***,    @@@@@    @@@@@        @@@@@
           .           //////////*.               /           .            .*******...             . ,.
          .&&&&&...     ,//////*.       ...////.  /            ,*/.     .   ,////,               .,/////
          &@@@@@@                         ,(/((, *           ,((((((.                              .***.
           ,/@(,                            ..   *            ,((((*
                                                ,
                                               .
Epoch 1/50  Learning rate: 0.004000
------------------------------------------------------------------------------------------------------------------------
       Energy_RMSE (eV/atom)   Force_RMSE (eV/Å)   Energy_MAE (eV/atom)   Force_MAE (eV/Å)   Energy_Loss   Force_Loss   TotalLoss  
-----------------------------------------------------------------------------------------------------------------------------------
Train               0.044028            0.101856               0.021038           0.023060      0.000169     0.000196    0.000364
Valid               0.026031            0.048347               0.015464           0.015103      0.000118     0.000124    0.000242
Epoch 1 elapsed: 0:08:01.04
Epoch 2/50  Learning rate: 0.003920
------------------------------------------------------------------------------------------------------------------------
       Energy_RMSE (eV/atom)   Force_RMSE (eV/Å)   Energy_MAE (eV/atom)   Force_MAE (eV/Å)   Energy_Loss   Force_Loss   TotalLoss  
-----------------------------------------------------------------------------------------------------------------------------------
Train               0.019542            0.053150               0.011374           0.013893      0.000076     0.000107    0.000183
Valid               0.026510            0.054703               0.015516           0.017185      0.000119     0.000148    0.000267
Epoch 2 elapsed: 0:07:52.38
Epoch 3/50  Learning rate: 0.003840
------------------------------------------------------------------------------------------------------------------------
       Energy_RMSE (eV/atom)   Force_RMSE (eV/Å)   Energy_MAE (eV/atom)   Force_MAE (eV/Å)   Energy_Loss   Force_Loss   TotalLoss  
-----------------------------------------------------------------------------------------------------------------------------------
Train               0.016393            0.048027               0.009581           0.012033      0.000060     0.000089    0.000149
Valid               0.016372            0.055386               0.009611           0.012076      0.000062     0.000099    0.000161
Epoch 3 elapsed: 0:08:02.01
Epoch 4/50  Learning rate: 0.003760
------------------------------------------------------------------------------------------------------------------------
       Energy_RMSE (eV/atom)   Force_RMSE (eV/Å)   Energy_MAE (eV/atom)   Force_MAE (eV/Å)   Energy_Loss   Force_Loss   TotalLoss  
-----------------------------------------------------------------------------------------------------------------------------------
Train               0.013312            0.040690               0.007965           0.010417      0.000046     0.000074    0.000120
Valid               0.016281            0.040940               0.013479           0.010571      0.000093     0.000084    0.000176
Epoch 4 elapsed: 0:07:57.45
Epoch 5/50  Learning rate: 0.003680
------------------------------------------------------------------------------------------------------------------------
       Energy_RMSE (eV/atom)   Force_RMSE (eV/Å)   Energy_MAE (eV/atom)   Force_MAE (eV/Å)   Energy_Loss   Force_Loss   TotalLoss  
-----------------------------------------------------------------------------------------------------------------------------------
Train               0.013902            0.038906               0.007752           0.009944      0.000045     0.000070    0.000115
Valid               0.011155            0.036747               0.005450           0.010766      0.000028     0.000081    0.000109
Epoch 5 elapsed: 0:07:59.34
Epoch 6/50  Learning rate: 0.003600
------------------------------------------------------------------------------------------------------------------------
       Energy_RMSE (eV/atom)   Force_RMSE (eV/Å)   Energy_MAE (eV/atom)   Force_MAE (eV/Å)   Energy_Loss   Force_Loss   TotalLoss  
-----------------------------------------------------------------------------------------------------------------------------------
Train               0.012042            0.034678               0.006976           0.009193      0.000038     0.000063    0.000101
Valid               0.008732            0.027416               0.004960           0.008577      0.000024     0.000062    0.000086
Epoch 6 elapsed: 0:07:58.12
Epoch 7/50  Learning rate: 0.003520
------------------------------------------------------------------------------------------------------------------------
       Energy_RMSE (eV/atom)   Force_RMSE (eV/Å)   Energy_MAE (eV/atom)   Force_MAE (eV/Å)   Energy_Loss   Force_Loss   TotalLoss  
-----------------------------------------------------------------------------------------------------------------------------------
Train               0.011395            0.032424               0.006636           0.008748      0.000035     0.000059    0.000095
Valid               0.004150            0.020248               0.002798           0.006095      0.000008     0.000040    0.000048
Epoch 7 elapsed: 0:07:59.92
Epoch 8/50  Learning rate: 0.003440
------------------------------------------------------------------------------------------------------------------------
       Energy_RMSE (eV/atom)   Force_RMSE (eV/Å)   Energy_MAE (eV/atom)   Force_MAE (eV/Å)   Energy_Loss   Force_Loss   TotalLoss  
-----------------------------------------------------------------------------------------------------------------------------------
Train               0.010432            0.030532               0.006265           0.008266      0.000032     0.000055    0.000087
Valid               0.028144            0.029297               0.017296           0.009855      0.000131     0.000072    0.000203
Epoch 8 elapsed: 0:07:59.82
Epoch 9/50  Learning rate: 0.003360
------------------------------------------------------------------------------------------------------------------------
       Energy_RMSE (eV/atom)   Force_RMSE (eV/Å)   Energy_MAE (eV/atom)   Force_MAE (eV/Å)   Energy_Loss   Force_Loss   TotalLoss  
-----------------------------------------------------------------------------------------------------------------------------------
Train               0.010584            0.030525               0.006049           0.008168      0.000031     0.000054    0.000085
Valid               0.026583            0.028410               0.020885           0.009152      0.000165     0.000068    0.000233
Epoch 9 elapsed: 0:08:01.16
Epoch 10/50  Learning rate: 0.003280
------------------------------------------------------------------------------------------------------------------------
       Energy_RMSE (eV/atom)   Force_RMSE (eV/Å)   Energy_MAE (eV/atom)   Force_MAE (eV/Å)   Energy_Loss   Force_Loss   TotalLoss  
-----------------------------------------------------------------------------------------------------------------------------------
Train               0.008806            0.028334               0.005492           0.007631      0.000026     0.000050    0.000075
Valid               0.013981            0.037588               0.008757           0.012931      0.000052     0.000100    0.000152
Epoch 10 elapsed: 0:07:59.53
Epoch 11/50  Learning rate: 0.003200
------------------------------------------------------------------------------------------------------------------------
       Energy_RMSE (eV/atom)   Force_RMSE (eV/Å)   Energy_MAE (eV/atom)   Force_MAE (eV/Å)   Energy_Loss   Force_Loss   TotalLoss  
-----------------------------------------------------------------------------------------------------------------------------------
Train               0.008866            0.027506               0.005225           0.007485      0.000024     0.000048    0.000072
Valid               0.009839            0.024545               0.004426           0.007569      0.000023     0.000052    0.000075
Epoch 11 elapsed: 0:08:01.77
Epoch 12/50  Learning rate: 0.003120
------------------------------------------------------------------------------------------------------------------------
       Energy_RMSE (eV/atom)   Force_RMSE (eV/Å)   Energy_MAE (eV/atom)   Force_MAE (eV/Å)   Energy_Loss   Force_Loss   TotalLoss  
-----------------------------------------------------------------------------------------------------------------------------------
Train               0.008499            0.026674               0.005147           0.007206      0.000024     0.000046    0.000070
Valid               0.009796            0.019524               0.004637           0.006251      0.000027     0.000040    0.000067
Epoch 12 elapsed: 0:07:57.78
Epoch 13/50  Learning rate: 0.003040
------------------------------------------------------------------------------------------------------------------------
       Energy_RMSE (eV/atom)   Force_RMSE (eV/Å)   Energy_MAE (eV/atom)   Force_MAE (eV/Å)   Energy_Loss   Force_Loss   TotalLoss  
-----------------------------------------------------------------------------------------------------------------------------------
Train               0.008262            0.025731               0.004965           0.007139      0.000022     0.000045    0.000068
Valid               0.017402            0.019653               0.010414           0.005910      0.000071     0.000038    0.000109
Epoch 13 elapsed: 0:07:57.94
Epoch 14/50  Learning rate: 0.002960
------------------------------------------------------------------------------------------------------------------------
       Energy_RMSE (eV/atom)   Force_RMSE (eV/Å)   Energy_MAE (eV/atom)   Force_MAE (eV/Å)   Energy_Loss   Force_Loss   TotalLoss  
-----------------------------------------------------------------------------------------------------------------------------------
Train               0.007842            0.025016               0.004721           0.006862      0.000021     0.000043    0.000063
Valid               0.005252            0.018037               0.004143           0.005414      0.000013     0.000035    0.000048
Epoch 14 elapsed: 0:07:54.22
Epoch 15/50  Learning rate: 0.002880
------------------------------------------------------------------------------------------------------------------------
       Energy_RMSE (eV/atom)   Force_RMSE (eV/Å)   Energy_MAE (eV/atom)   Force_MAE (eV/Å)   Energy_Loss   Force_Loss   TotalLoss  
-----------------------------------------------------------------------------------------------------------------------------------
Train               0.007519            0.023754               0.004652           0.006626      0.000020     0.000041    0.000061
Valid               0.005647            0.021691               0.003680           0.005883      0.000015     0.000040    0.000055
Epoch 15 elapsed: 0:07:52.68
Epoch 16/50  Learning rate: 0.002800
------------------------------------------------------------------------------------------------------------------------
       Energy_RMSE (eV/atom)   Force_RMSE (eV/Å)   Energy_MAE (eV/atom)   Force_MAE (eV/Å)   Energy_Loss   Force_Loss   TotalLoss  
-----------------------------------------------------------------------------------------------------------------------------------
Train               0.006809            0.022466               0.004252           0.006400      0.000017     0.000039    0.000056
Valid               0.007239            0.018661               0.005093           0.005742      0.000021     0.000035    0.000056
Epoch 16 elapsed: 0:07:57.95
Epoch 17/50  Learning rate: 0.002720
------------------------------------------------------------------------------------------------------------------------
       Energy_RMSE (eV/atom)   Force_RMSE (eV/Å)   Energy_MAE (eV/atom)   Force_MAE (eV/Å)   Energy_Loss   Force_Loss   TotalLoss  
-----------------------------------------------------------------------------------------------------------------------------------
Train               0.007539            0.022951               0.004478           0.006470      0.000019     0.000040    0.000059
Valid               0.005817            0.026195               0.005338           0.006786      0.000017     0.000046    0.000063
Epoch 17 elapsed: 0:07:57.03
Epoch 18/50  Learning rate: 0.002640
------------------------------------------------------------------------------------------------------------------------
       Energy_RMSE (eV/atom)   Force_RMSE (eV/Å)   Energy_MAE (eV/atom)   Force_MAE (eV/Å)   Energy_Loss   Force_Loss   TotalLoss  
-----------------------------------------------------------------------------------------------------------------------------------
Train               0.006506            0.021555               0.004059           0.006131      0.000016     0.000037    0.000052
Valid               0.007046            0.046126               0.006041           0.010287      0.000024     0.000085    0.000108
Epoch 18 elapsed: 0:07:54.78
Epoch 19/50  Learning rate: 0.002560
------------------------------------------------------------------------------------------------------------------------
       Energy_RMSE (eV/atom)   Force_RMSE (eV/Å)   Energy_MAE (eV/atom)   Force_MAE (eV/Å)   Energy_Loss   Force_Loss   TotalLoss  
-----------------------------------------------------------------------------------------------------------------------------------
Train               0.006410            0.021312               0.003981           0.006002      0.000016     0.000036    0.000051
Valid               0.002638            0.017723               0.001885           0.005536      0.000003     0.000034    0.000038
Epoch 19 elapsed: 0:07:57.23
Epoch 20/50  Learning rate: 0.002480
------------------------------------------------------------------------------------------------------------------------
       Energy_RMSE (eV/atom)   Force_RMSE (eV/Å)   Energy_MAE (eV/atom)   Force_MAE (eV/Å)   Energy_Loss   Force_Loss   TotalLoss  
-----------------------------------------------------------------------------------------------------------------------------------
Train               0.006155            0.020385               0.003862           0.005823      0.000014     0.000034    0.000048
Valid               0.001605            0.015437               0.001327           0.004891      0.000001     0.000029    0.000030
Epoch 20 elapsed: 0:07:58.92
Epoch 21/50  Learning rate: 0.002400
------------------------------------------------------------------------------------------------------------------------
       Energy_RMSE (eV/atom)   Force_RMSE (eV/Å)   Energy_MAE (eV/atom)   Force_MAE (eV/Å)   Energy_Loss   Force_Loss   TotalLoss  
-----------------------------------------------------------------------------------------------------------------------------------
Train               0.005963            0.020364               0.003684           0.005808      0.000014     0.000034    0.000048
Valid               0.004293            0.017260               0.003798           0.005373      0.000009     0.000033    0.000042
Epoch 21 elapsed: 0:07:59.15
Epoch 22/50  Learning rate: 0.002320
------------------------------------------------------------------------------------------------------------------------
       Energy_RMSE (eV/atom)   Force_RMSE (eV/Å)   Energy_MAE (eV/atom)   Force_MAE (eV/Å)   Energy_Loss   Force_Loss   TotalLoss  
-----------------------------------------------------------------------------------------------------------------------------------
Train               0.005505            0.019216               0.003456           0.005581      0.000012     0.000032    0.000044
Valid               0.002261            0.016040               0.001636           0.005023      0.000003     0.000031    0.000034
Epoch 22 elapsed: 0:07:59.05
Epoch 23/50  Learning rate: 0.002240
------------------------------------------------------------------------------------------------------------------------
       Energy_RMSE (eV/atom)   Force_RMSE (eV/Å)   Energy_MAE (eV/atom)   Force_MAE (eV/Å)   Energy_Loss   Force_Loss   TotalLoss  
-----------------------------------------------------------------------------------------------------------------------------------
Train               0.005698            0.019570               0.003473           0.005534      0.000012     0.000032    0.000044
Valid               0.012819            0.023050               0.006497           0.007425      0.000043     0.000049    0.000092
Epoch 23 elapsed: 0:07:59.22
Epoch 24/50  Learning rate: 0.002160
------------------------------------------------------------------------------------------------------------------------
       Energy_RMSE (eV/atom)   Force_RMSE (eV/Å)   Energy_MAE (eV/atom)   Force_MAE (eV/Å)   Energy_Loss   Force_Loss   TotalLoss  
-----------------------------------------------------------------------------------------------------------------------------------
Train               0.005516            0.018895               0.003234           0.005412      0.000011     0.000031    0.000042
Valid               0.004621            0.019465               0.003330           0.006045      0.000010     0.000040    0.000050
Epoch 24 elapsed: 0:08:02.10
Epoch 25/50  Learning rate: 0.002080
------------------------------------------------------------------------------------------------------------------------
       Energy_RMSE (eV/atom)   Force_RMSE (eV/Å)   Energy_MAE (eV/atom)   Force_MAE (eV/Å)   Energy_Loss   Force_Loss   TotalLoss  
-----------------------------------------------------------------------------------------------------------------------------------
Train               0.005243            0.018738               0.003154           0.005334      0.000011     0.000030    0.000041
Valid               0.004402            0.016161               0.002859           0.004898      0.000009     0.000030    0.000039
Epoch 25 elapsed: 0:08:00.76
Epoch 26/50  Learning rate: 0.002000
------------------------------------------------------------------------------------------------------------------------
       Energy_RMSE (eV/atom)   Force_RMSE (eV/Å)   Energy_MAE (eV/atom)   Force_MAE (eV/Å)   Energy_Loss   Force_Loss   TotalLoss  
-----------------------------------------------------------------------------------------------------------------------------------
Train               0.004819            0.017752               0.003011           0.005187      0.000010     0.000029    0.000039
Valid               0.002710            0.014875               0.001696           0.004766      0.000004     0.000028    0.000031
Epoch 26 elapsed: 0:07:59.92
Epoch 27/50  Learning rate: 0.001920
------------------------------------------------------------------------------------------------------------------------
       Energy_RMSE (eV/atom)   Force_RMSE (eV/Å)   Energy_MAE (eV/atom)   Force_MAE (eV/Å)   Energy_Loss   Force_Loss   TotalLoss  
-----------------------------------------------------------------------------------------------------------------------------------
Train               0.004877            0.017428               0.002825           0.005048      0.000009     0.000028    0.000037
Valid               0.010043            0.017606               0.005609           0.005698      0.000034     0.000035    0.000069
Epoch 27 elapsed: 0:08:00.00
Epoch 28/50  Learning rate: 0.001840
------------------------------------------------------------------------------------------------------------------------
       Energy_RMSE (eV/atom)   Force_RMSE (eV/Å)   Energy_MAE (eV/atom)   Force_MAE (eV/Å)   Energy_Loss   Force_Loss   TotalLoss  
-----------------------------------------------------------------------------------------------------------------------------------
Train               0.004808            0.017001               0.002927           0.005025      0.000009     0.000028    0.000037
Valid               0.007855            0.016546               0.006839           0.005443      0.000030     0.000033    0.000063
Epoch 28 elapsed: 0:07:58.69
Epoch 29/50  Learning rate: 0.001760
------------------------------------------------------------------------------------------------------------------------
       Energy_RMSE (eV/atom)   Force_RMSE (eV/Å)   Energy_MAE (eV/atom)   Force_MAE (eV/Å)   Energy_Loss   Force_Loss   TotalLoss  
-----------------------------------------------------------------------------------------------------------------------------------
Train               0.004237            0.016598               0.002592           0.004870      0.000008     0.000027    0.000034
Valid               0.003281            0.016114               0.001967           0.004756      0.000005     0.000029    0.000034
Epoch 29 elapsed: 0:07:58.18
Epoch 30/50  Learning rate: 0.001680
------------------------------------------------------------------------------------------------------------------------
       Energy_RMSE (eV/atom)   Force_RMSE (eV/Å)   Energy_MAE (eV/atom)   Force_MAE (eV/Å)   Energy_Loss   Force_Loss   TotalLoss  
-----------------------------------------------------------------------------------------------------------------------------------
Train               0.004124            0.016243               0.002565           0.004805      0.000007     0.000026    0.000033
Valid               0.001417            0.014776               0.001167           0.004710      0.000001     0.000027    0.000028
Epoch 30 elapsed: 0:07:56.73
Epoch 31/50  Learning rate: 0.001600
------------------------------------------------------------------------------------------------------------------------
       Energy_RMSE (eV/atom)   Force_RMSE (eV/Å)   Energy_MAE (eV/atom)   Force_MAE (eV/Å)   Energy_Loss   Force_Loss   TotalLoss  
-----------------------------------------------------------------------------------------------------------------------------------
Train               0.004105            0.015973               0.002520           0.004701      0.000007     0.000025    0.000032
Valid               0.006284            0.015018               0.005466           0.005091      0.000019     0.000029    0.000049
Epoch 31 elapsed: 0:08:01.41
Epoch 32/50  Learning rate: 0.001520
------------------------------------------------------------------------------------------------------------------------
       Energy_RMSE (eV/atom)   Force_RMSE (eV/Å)   Energy_MAE (eV/atom)   Force_MAE (eV/Å)   Energy_Loss   Force_Loss   TotalLoss  
-----------------------------------------------------------------------------------------------------------------------------------
Train               0.003726            0.015733               0.002384           0.004624      0.000006     0.000025    0.000031
Valid               0.001529            0.014231               0.001295           0.004204      0.000001     0.000025    0.000026
Epoch 32 elapsed: 0:08:03.66
Epoch 33/50  Learning rate: 0.001440
------------------------------------------------------------------------------------------------------------------------
       Energy_RMSE (eV/atom)   Force_RMSE (eV/Å)   Energy_MAE (eV/atom)   Force_MAE (eV/Å)   Energy_Loss   Force_Loss   TotalLoss  
-----------------------------------------------------------------------------------------------------------------------------------
Train               0.003500            0.015067               0.002170           0.004497      0.000005     0.000024    0.000029
Valid               0.003236            0.018952               0.002372           0.004896      0.000005     0.000031    0.000037
Epoch 33 elapsed: 0:08:00.79
Epoch 34/50  Learning rate: 0.001360
------------------------------------------------------------------------------------------------------------------------
       Energy_RMSE (eV/atom)   Force_RMSE (eV/Å)   Energy_MAE (eV/atom)   Force_MAE (eV/Å)   Energy_Loss   Force_Loss   TotalLoss  
-----------------------------------------------------------------------------------------------------------------------------------
Train               0.003510            0.014808               0.002152           0.004436      0.000005     0.000023    0.000029
Valid               0.002091            0.014179               0.001614           0.004180      0.000002     0.000024    0.000026
Epoch 34 elapsed: 0:07:58.24
Epoch 35/50  Learning rate: 0.001280
------------------------------------------------------------------------------------------------------------------------
       Energy_RMSE (eV/atom)   Force_RMSE (eV/Å)   Energy_MAE (eV/atom)   Force_MAE (eV/Å)   Energy_Loss   Force_Loss   TotalLoss  
-----------------------------------------------------------------------------------------------------------------------------------
Train               0.003231            0.014372               0.002069           0.004315      0.000005     0.000023    0.000027
Valid               0.003111            0.014901               0.001988           0.004748      0.000005     0.000027    0.000032
Epoch 35 elapsed: 0:07:58.25
Epoch 36/50  Learning rate: 0.001200
------------------------------------------------------------------------------------------------------------------------
       Energy_RMSE (eV/atom)   Force_RMSE (eV/Å)   Energy_MAE (eV/atom)   Force_MAE (eV/Å)   Energy_Loss   Force_Loss   TotalLoss  
-----------------------------------------------------------------------------------------------------------------------------------
Train               0.003174            0.014162               0.002013           0.004268      0.000005     0.000022    0.000027
Valid               0.001238            0.014599               0.000874           0.004302      0.000001     0.000026    0.000026
Epoch 36 elapsed: 0:07:54.57
Epoch 37/50  Learning rate: 0.001120
------------------------------------------------------------------------------------------------------------------------
       Energy_RMSE (eV/atom)   Force_RMSE (eV/Å)   Energy_MAE (eV/atom)   Force_MAE (eV/Å)   Energy_Loss   Force_Loss   TotalLoss  
-----------------------------------------------------------------------------------------------------------------------------------
Train               0.002923            0.013979               0.001877           0.004191      0.000004     0.000022    0.000026
Valid               0.002224            0.014324               0.001801           0.004423      0.000002     0.000026    0.000028
Epoch 37 elapsed: 0:07:56.27
Epoch 38/50  Learning rate: 0.001040
------------------------------------------------------------------------------------------------------------------------
       Energy_RMSE (eV/atom)   Force_RMSE (eV/Å)   Energy_MAE (eV/atom)   Force_MAE (eV/Å)   Energy_Loss   Force_Loss   TotalLoss  
-----------------------------------------------------------------------------------------------------------------------------------
Train               0.002567            0.013551               0.001661           0.004069      0.000003     0.000021    0.000024
Valid               0.003449            0.014139               0.002101           0.004173      0.000006     0.000024    0.000030
Epoch 38 elapsed: 0:07:54.76
Epoch 39/50  Learning rate: 0.000960
------------------------------------------------------------------------------------------------------------------------
       Energy_RMSE (eV/atom)   Force_RMSE (eV/Å)   Energy_MAE (eV/atom)   Force_MAE (eV/Å)   Energy_Loss   Force_Loss   TotalLoss  
-----------------------------------------------------------------------------------------------------------------------------------
Train               0.002624            0.013355               0.001684           0.004044      0.000003     0.000021    0.000024
Valid               0.002630            0.013360               0.002278           0.004143      0.000003     0.000023    0.000027
Epoch 39 elapsed: 0:07:58.29
Epoch 40/50  Learning rate: 0.000880
------------------------------------------------------------------------------------------------------------------------
       Energy_RMSE (eV/atom)   Force_RMSE (eV/Å)   Energy_MAE (eV/atom)   Force_MAE (eV/Å)   Energy_Loss   Force_Loss   TotalLoss  
-----------------------------------------------------------------------------------------------------------------------------------
Train               0.002362            0.012916               0.001540           0.003922      0.000003     0.000020    0.000022
Valid               0.005001            0.014068               0.002387           0.004351      0.000010     0.000025    0.000034
Epoch 40 elapsed: 0:07:59.82
Epoch 41/50  Learning rate: 0.000800
------------------------------------------------------------------------------------------------------------------------
       Energy_RMSE (eV/atom)   Force_RMSE (eV/Å)   Energy_MAE (eV/atom)   Force_MAE (eV/Å)   Energy_Loss   Force_Loss   TotalLoss  
-----------------------------------------------------------------------------------------------------------------------------------
Train               0.002167            0.012663               0.001373           0.003854      0.000002     0.000019    0.000022
Valid               0.002449            0.013221               0.002240           0.003937      0.000003     0.000022    0.000025
Epoch 41 elapsed: 0:07:56.08
Epoch 42/50  Learning rate: 0.000720
------------------------------------------------------------------------------------------------------------------------
       Energy_RMSE (eV/atom)   Force_RMSE (eV/Å)   Energy_MAE (eV/atom)   Force_MAE (eV/Å)   Energy_Loss   Force_Loss   TotalLoss  
-----------------------------------------------------------------------------------------------------------------------------------
Train               0.002193            0.012526               0.001390           0.003794      0.000002     0.000019    0.000021
Valid               0.001001            0.013847               0.000764           0.003891      0.000001     0.000023    0.000023
Epoch 42 elapsed: 0:07:59.68
Epoch 43/50  Learning rate: 0.000640
------------------------------------------------------------------------------------------------------------------------
       Energy_RMSE (eV/atom)   Force_RMSE (eV/Å)   Energy_MAE (eV/atom)   Force_MAE (eV/Å)   Energy_Loss   Force_Loss   TotalLoss  
-----------------------------------------------------------------------------------------------------------------------------------
Train               0.001855            0.012072               0.001232           0.003684      0.000002     0.000018    0.000020
Valid               0.001183            0.012680               0.000903           0.003831      0.000001     0.000021    0.000022
Epoch 43 elapsed: 0:07:53.43
Epoch 44/50  Learning rate: 0.000560
------------------------------------------------------------------------------------------------------------------------
       Energy_RMSE (eV/atom)   Force_RMSE (eV/Å)   Energy_MAE (eV/atom)   Force_MAE (eV/Å)   Energy_Loss   Force_Loss   TotalLoss  
-----------------------------------------------------------------------------------------------------------------------------------
Train               0.001613            0.011965               0.001097           0.003632      0.000001     0.000018    0.000019
Valid               0.001420            0.012752               0.001074           0.003841      0.000001     0.000022    0.000023
Epoch 44 elapsed: 0:08:05.12
Epoch 45/50  Learning rate: 0.000480
------------------------------------------------------------------------------------------------------------------------
       Energy_RMSE (eV/atom)   Force_RMSE (eV/Å)   Energy_MAE (eV/atom)   Force_MAE (eV/Å)   Energy_Loss   Force_Loss   TotalLoss  
-----------------------------------------------------------------------------------------------------------------------------------
Train               0.001589            0.011720               0.001082           0.003570      0.000001     0.000017    0.000019
Valid               0.001040            0.012541               0.000793           0.003703      0.000001     0.000021    0.000021
Epoch 45 elapsed: 0:08:01.58
Epoch 46/50  Learning rate: 0.000400
------------------------------------------------------------------------------------------------------------------------
       Energy_RMSE (eV/atom)   Force_RMSE (eV/Å)   Energy_MAE (eV/atom)   Force_MAE (eV/Å)   Energy_Loss   Force_Loss   TotalLoss  
-----------------------------------------------------------------------------------------------------------------------------------
Train               0.001252            0.011466               0.000887           0.003478      0.000001     0.000017    0.000018
Valid               0.001053            0.012410               0.000789           0.003686      0.000001     0.000021    0.000021
Epoch 46 elapsed: 0:07:57.69
Epoch 47/50  Learning rate: 0.000320
------------------------------------------------------------------------------------------------------------------------
       Energy_RMSE (eV/atom)   Force_RMSE (eV/Å)   Energy_MAE (eV/atom)   Force_MAE (eV/Å)   Energy_Loss   Force_Loss   TotalLoss  
-----------------------------------------------------------------------------------------------------------------------------------
Train               0.001184            0.011283               0.000858           0.003429      0.000001     0.000017    0.000017
Valid               0.001015            0.012667               0.000742           0.003743      0.000001     0.000021    0.000022
Epoch 47 elapsed: 0:08:03.42
Epoch 48/50  Learning rate: 0.000240
------------------------------------------------------------------------------------------------------------------------
       Energy_RMSE (eV/atom)   Force_RMSE (eV/Å)   Energy_MAE (eV/atom)   Force_MAE (eV/Å)   Energy_Loss   Force_Loss   TotalLoss  
-----------------------------------------------------------------------------------------------------------------------------------
Train               0.001087            0.011097               0.000782           0.003362      0.000001     0.000016    0.000017
Valid               0.000978            0.012227               0.000780           0.003627      0.000000     0.000020    0.000021
Epoch 48 elapsed: 0:08:01.20
Epoch 49/50  Learning rate: 0.000160
------------------------------------------------------------------------------------------------------------------------
       Energy_RMSE (eV/atom)   Force_RMSE (eV/Å)   Energy_MAE (eV/atom)   Force_MAE (eV/Å)   Energy_Loss   Force_Loss   TotalLoss  
-----------------------------------------------------------------------------------------------------------------------------------
Train               0.000943            0.010902               0.000684           0.003304      0.000000     0.000016    0.000016
Valid               0.000966            0.012307               0.000750           0.003619      0.000000     0.000020    0.000021
Epoch 49 elapsed: 0:08:00.53
Epoch 50/50  Learning rate: 0.000080
------------------------------------------------------------------------------------------------------------------------
       Energy_RMSE (eV/atom)   Force_RMSE (eV/Å)   Energy_MAE (eV/atom)   Force_MAE (eV/Å)   Energy_Loss   Force_Loss   TotalLoss  
-----------------------------------------------------------------------------------------------------------------------------------
Train               0.000829            0.010735               0.000593           0.003245      0.000000     0.000015    0.000016
Valid               0.000822            0.012233               0.000572           0.003580      0.000000     0.000020    0.000021
Epoch 50 elapsed: 0:07:59.29
