2024-12-04 01:07:23.819 INFO: MACE version: 0.3.5
2024-12-04 01:07:23.820 INFO: Configuration: Namespace(config=None, name='Sn', seed=123, log_dir='logs', model_dir='.', checkpoints_dir='checkpoints', results_dir='results', downloads_dir='downloads', device='cuda', default_dtype='float64', distributed=False, log_level='INFO', error_table='TotalRMSE', model='ScaleShiftMACE', r_max=6.0, radial_type='bessel', num_radial_basis=10, num_cutoff_basis=5, pair_repulsion=False, distance_transform='None', interaction='RealAgnosticResidualInteractionBlock', interaction_first='RealAgnosticResidualInteractionBlock', max_ell=3, correlation=3, num_interactions=2, MLP_irreps='16x0e', radial_MLP='[64, 64, 64]', hidden_irreps='128x0e + 128x1o', num_channels=128, max_L=2, gate='silu', scaling='rms_forces_scaling', avg_num_neighbors=1, compute_avg_num_neighbors=True, compute_stress=False, compute_forces=True, train_file='./dataset/train.xyz', valid_file='./dataset/valid.xyz', valid_fraction=0.1, test_file=None, test_dir=None, multi_processed_test=False, num_workers=0, pin_memory=True, atomic_numbers=None, mean=None, std=None, statistics_file=None, E0s='average', keep_isolated_atoms=False, energy_key='energy', forces_key='forces', virials_key='virials', stress_key='stress', dipole_key='dipole', charges_key='charges', loss='ef', forces_weight=1000.0, swa_forces_weight=100.0, energy_weight=1.0, swa_energy_weight=1000.0, virials_weight=1.0, swa_virials_weight=10.0, stress_weight=1.0, swa_stress_weight=10.0, dipole_weight=1.0, swa_dipole_weight=1.0, config_type_weights='{"Default":1.0}', huber_delta=0.01, optimizer='adam', beta=0.9, batch_size=5, valid_batch_size=5, lr=0.005, swa_lr=0.001, weight_decay=1e-08, amsgrad=True, scheduler='ReduceLROnPlateau', lr_factor=0.8, scheduler_patience=5, lr_scheduler_gamma=0.9993, swa=False, start_swa=None, ema=True, ema_decay=0.995, max_num_epochs=200, patience=2048, foundation_model='/home/l6eub2ic/whcs-share31/wangchen/mace/MPtrj/2024-01-07-mace-128-L2_epoch-199.model', foundation_model_readout=True, eval_interval=2, keep_checkpoints=False, save_all_checkpoints=False, restart_latest=False, save_cpu=True, clip_grad=100.0, wandb=False, wandb_dir=None, wandb_project='', wandb_entity='', wandb_name='', wandb_log_hypers=['num_channels', 'max_L', 'correlation', 'lr', 'swa_lr', 'weight_decay', 'batch_size', 'max_num_epochs', 'start_swa', 'energy_weight', 'forces_weight'])
2024-12-04 01:07:23.961 INFO: CUDA version: 11.8, CUDA device: 0
2024-12-04 01:07:24.513 INFO: Error accessing Git repository: /home/l6eub2ic/whcs-share31/wangchen/mace/inorganic/Sn/LoRA
2024-12-04 01:07:26.020 INFO: Using foundation model /home/l6eub2ic/whcs-share31/wangchen/mace/MPtrj/2024-01-07-mace-128-L2_epoch-199.model as initial checkpoint.
2024-12-04 01:07:30.329 INFO: Since ASE version 3.23.0b1, using energy_key 'energy' is no longer safe when communicating between MACE and ASE. We recommend using a different key, rewriting energies to 'REF_energy'. You need to use --energy_key='REF_energy', to tell the key name chosen.
2024-12-04 01:07:31.432 INFO: Since ASE version 3.23.0b1, using forces_key 'forces' is no longer safe when communicating between MACE and ASE. We recommend using a different key, rewriting energies to 'REF_forces'. You need to use --forces_key='REF_forces', to tell the key name chosen.
2024-12-04 01:07:32.551 INFO: Since ASE version 3.23.0b1, using stress_key 'stress' is no longer safe when communicating between MACE and ASE. We recommend using a different key, rewriting energies to 'REF_stress'. You need to use --stress_key='REF_stress', to tell the key name chosen.
2024-12-04 01:07:32.846 INFO: Loaded 6449 training configurations from './dataset/train.xyz'
2024-12-04 01:07:32.974 INFO: Since ASE version 3.23.0b1, using energy_key 'energy' is no longer safe when communicating between MACE and ASE. We recommend using a different key, rewriting energies to 'REF_energy'. You need to use --energy_key='REF_energy', to tell the key name chosen.
2024-12-04 01:07:33.023 INFO: Since ASE version 3.23.0b1, using forces_key 'forces' is no longer safe when communicating between MACE and ASE. We recommend using a different key, rewriting energies to 'REF_forces'. You need to use --forces_key='REF_forces', to tell the key name chosen.
2024-12-04 01:07:33.071 INFO: Since ASE version 3.23.0b1, using stress_key 'stress' is no longer safe when communicating between MACE and ASE. We recommend using a different key, rewriting energies to 'REF_stress'. You need to use --stress_key='REF_stress', to tell the key name chosen.
2024-12-04 01:07:33.079 INFO: Loaded 276 validation configurations from './dataset/valid.xyz'
2024-12-04 01:07:33.079 INFO: Total number of configurations: train=6449, valid=276, tests=[]
2024-12-04 01:07:33.105 INFO: AtomicNumberTable: (50,)
2024-12-04 01:07:33.106 INFO: Atomic Energies not in training file, using command line argument E0s
2024-12-04 01:07:33.106 INFO: Computing average Atomic Energies using least squares regression
2024-12-04 01:07:33.133 INFO: Atomic energies: [-35.13398721767647]
2024-12-04 01:07:39.214 INFO: EnergyForcesLoss(energy_weight=1.000, forces_weight=1000.000)
2024-12-04 01:07:42.129 INFO: Average number of neighbors: 39.46603739002933
2024-12-04 01:07:42.130 INFO: Selected the following outputs: {'energy': True, 'forces': True, 'virials': False, 'stress': False, 'dipoles': False}
2024-12-04 01:07:45.142 INFO: Building model
2024-12-04 01:07:58.436 INFO: Number of trainable parameters: 176666
2024-12-04 01:07:58.440 INFO: ScaleShiftMACE(
  (node_embedding): LinearNodeEmbeddingBlock(
    (linear): Linear(1x0e -> 128x0e | 128 weights) | 2064 LoRA_weights)
  )
  (radial_embedding): RadialEmbeddingBlock(
    (bessel_fn): BesselBasis(r_max=6.0, num_basis=10, trainable=True)
    (cutoff_fn): PolynomialCutoff(p=5.0, r_max=6.0)
  )
  (spherical_harmonics): SphericalHarmonics()
  (atomic_energies_fn): AtomicEnergiesBlock(energies=[-35.1340])
  (interactions): ModuleList(
    (0): RealAgnosticResidualInteractionBlock(
      (linear_up): Linear(128x0e -> 128x0e | 16384 weights) | 4096 LoRA_weights)
      (conv_tp): TensorProduct(128x0e x 1x0e+1x1o+1x2e+1x3o -> 128x0e+128x1o+128x2e+128x3o | 512 paths | 512 weights | 0 LoRA_weights)
      (conv_tp_weights): FullyConnectedNet[10, 64, 64, 64, 512]
      (linear): Linear(128x0e+128x1o+128x2e+128x3o -> 128x0e+128x1o+128x2e+128x3o | 65536 weights) | 16384 LoRA_weights)
      (skip_tp): FullyConnectedTensorProduct(128x0e x 1x0e -> 128x0e+128x1o+128x2e | 16384 paths | 16384 weights | 4096 LoRA_weights)
      (reshape): reshape_irreps()
    )
    (1): RealAgnosticResidualInteractionBlock(
      (linear_up): Linear(128x0e+128x1o+128x2e -> 128x0e+128x1o+128x2e | 49152 weights) | 12288 LoRA_weights)
      (conv_tp): TensorProduct(128x0e+128x1o+128x2e x 1x0e+1x1o+1x2e+1x3o -> 384x0e+640x1o+640x2e+512x3o | 2176 paths | 2176 weights | 0 LoRA_weights)
      (conv_tp_weights): FullyConnectedNet[10, 64, 64, 64, 2176]
      (linear): Linear(384x0e+640x1o+640x2e+512x3o -> 128x0e+128x1o+128x2e+128x3o | 278528 weights) | 43008 LoRA_weights)
      (skip_tp): FullyConnectedTensorProduct(128x0e+128x1o+128x2e x 1x0e -> 128x0e | 16384 paths | 16384 weights | 4096 LoRA_weights)
      (reshape): reshape_irreps()
    )
  )
  (products): ModuleList(
    (0): EquivariantProductBasisBlock(
      (symmetric_contractions): SymmetricContraction(
        (contractions): ModuleList(
          (0): Contraction(
            (contractions_weighting): ModuleList(
              (0-1): 2 x GraphModule()
            )
            (contractions_features): ModuleList(
              (0-1): 2 x GraphModule()
            )
            (weights): ParameterList(
                (0): Parameter containing: [torch.float64 of size 1x4x128 (GPU 0)]
                (1): Parameter containing: [torch.float64 of size 1x1x128 (GPU 0)]
            )
            (graph_opt_main): GraphModule()
            (LoRA_weight): ParameterList(
                (0): Parameter containing: [torch.float64 of size 1x23x16 (GPU 0)]
                (1): Parameter containing: [torch.float64 of size 16x128 (GPU 0)]
            )
          )
          (1): Contraction(
            (contractions_weighting): ModuleList(
              (0-1): 2 x GraphModule()
            )
            (contractions_features): ModuleList(
              (0-1): 2 x GraphModule()
            )
            (weights): ParameterList(
                (0): Parameter containing: [torch.float64 of size 1x6x128 (GPU 0)]
                (1): Parameter containing: [torch.float64 of size 1x1x128 (GPU 0)]
            )
            (graph_opt_main): GraphModule()
            (LoRA_weight): ParameterList(
                (0): Parameter containing: [torch.float64 of size 1x51x16 (GPU 0)]
                (1): Parameter containing: [torch.float64 of size 16x128 (GPU 0)]
            )
          )
          (2): Contraction(
            (contractions_weighting): ModuleList(
              (0-1): 2 x GraphModule()
            )
            (contractions_features): ModuleList(
              (0-1): 2 x GraphModule()
            )
            (weights): ParameterList(
                (0): Parameter containing: [torch.float64 of size 1x7x128 (GPU 0)]
                (1): Parameter containing: [torch.float64 of size 1x1x128 (GPU 0)]
            )
            (graph_opt_main): GraphModule()
            (LoRA_weight): ParameterList(
                (0): Parameter containing: [torch.float64 of size 1x65x16 (GPU 0)]
                (1): Parameter containing: [torch.float64 of size 16x128 (GPU 0)]
            )
          )
        )
      )
      (linear): Linear(128x0e+128x1o+128x2e -> 128x0e+128x1o+128x2e | 49152 weights) | 12288 LoRA_weights)
    )
    (1): EquivariantProductBasisBlock(
      (symmetric_contractions): SymmetricContraction(
        (contractions): ModuleList(
          (0): Contraction(
            (contractions_weighting): ModuleList(
              (0-1): 2 x GraphModule()
            )
            (contractions_features): ModuleList(
              (0-1): 2 x GraphModule()
            )
            (weights): ParameterList(
                (0): Parameter containing: [torch.float64 of size 1x4x128 (GPU 0)]
                (1): Parameter containing: [torch.float64 of size 1x1x128 (GPU 0)]
            )
            (graph_opt_main): GraphModule()
            (LoRA_weight): ParameterList(
                (0): Parameter containing: [torch.float64 of size 1x23x16 (GPU 0)]
                (1): Parameter containing: [torch.float64 of size 16x128 (GPU 0)]
            )
          )
        )
      )
      (linear): Linear(128x0e -> 128x0e | 16384 weights) | 4096 LoRA_weights)
    )
  )
  (readouts): ModuleList(
    (0): LinearReadoutBlock(
      (linear): Linear(128x0e+128x1o+128x2e -> 1x0e | 128 weights) | 2064 LoRA_weights)
    )
    (1): NonLinearReadoutBlock(
      (linear_1): Linear(128x0e -> 16x0e | 2048 weights) | 2304 LoRA_weights)
      (non_linearity): Activation [x] (16x0e -> 16x0e)
      (linear_2): Linear(16x0e -> 1x0e | 16 weights) | 272 LoRA_weights)
    )
  )
  (scale_shift): ScaleShiftBlock(scale=0.804154, shift=0.164097)
)
2024-12-04 01:07:58.443 INFO: Number of parameters: 897322
2024-12-04 01:07:58.443 INFO: Optimizer: Adam (
Parameter Group 0
    amsgrad: True
    betas: (0.9, 0.999)
    capturable: False
    differentiable: False
    eps: 1e-08
    foreach: None
    fused: None
    lr: 0.005
    maximize: False
    name: embedding
    weight_decay: 0.0

Parameter Group 1
    amsgrad: True
    betas: (0.9, 0.999)
    capturable: False
    differentiable: False
    eps: 1e-08
    foreach: None
    fused: None
    lr: 0.005
    maximize: False
    name: interactions_decay
    weight_decay: 1e-08

Parameter Group 2
    amsgrad: True
    betas: (0.9, 0.999)
    capturable: False
    differentiable: False
    eps: 1e-08
    foreach: None
    fused: None
    lr: 0.005
    maximize: False
    name: interactions_no_decay
    weight_decay: 0.0

Parameter Group 3
    amsgrad: True
    betas: (0.9, 0.999)
    capturable: False
    differentiable: False
    eps: 1e-08
    foreach: None
    fused: None
    lr: 0.005
    maximize: False
    name: products
    weight_decay: 1e-08

Parameter Group 4
    amsgrad: True
    betas: (0.9, 0.999)
    capturable: False
    differentiable: False
    eps: 1e-08
    foreach: None
    fused: None
    lr: 0.005
    maximize: False
    name: readouts
    weight_decay: 0.0
)
2024-12-04 01:07:58.443 INFO: Using gradient clipping with tolerance=100.000
2024-12-04 01:07:58.443 INFO: Started training
2024-12-04 01:08:12.979 INFO: Epoch None: loss=162.4344, RMSE_E=11280.5 meV, RMSE_F=164.9 meV / A
2024-12-04 01:11:11.308 INFO: Epoch 0: loss=1.8714, RMSE_E=205.4 meV, RMSE_F=44.2 meV / A
2024-12-04 01:16:46.644 INFO: Epoch 2: loss=1.2055, RMSE_E=117.0 meV, RMSE_F=35.9 meV / A
2024-12-04 01:22:20.680 INFO: Epoch 4: loss=1.0092, RMSE_E=77.0 meV, RMSE_F=33.3 meV / A
2024-12-04 01:28:00.829 INFO: Epoch 6: loss=0.9391, RMSE_E=86.3 meV, RMSE_F=32.2 meV / A
2024-12-04 01:33:40.520 INFO: Epoch 8: loss=0.8791, RMSE_E=68.1 meV, RMSE_F=31.2 meV / A
2024-12-04 01:39:24.452 INFO: Epoch 10: loss=0.8549, RMSE_E=71.2 meV, RMSE_F=30.7 meV / A
2024-12-04 01:45:05.247 INFO: Epoch 12: loss=0.8364, RMSE_E=69.6 meV, RMSE_F=30.4 meV / A
2024-12-04 01:50:45.023 INFO: Epoch 14: loss=0.8224, RMSE_E=73.2 meV, RMSE_F=30.1 meV / A
2024-12-04 01:56:25.091 INFO: Epoch 16: loss=0.8083, RMSE_E=59.1 meV, RMSE_F=29.9 meV / A
2024-12-04 02:02:05.437 INFO: Epoch 18: loss=0.8060, RMSE_E=64.0 meV, RMSE_F=29.8 meV / A
2024-12-04 02:07:44.510 INFO: Epoch 20: loss=0.7929, RMSE_E=62.2 meV, RMSE_F=29.6 meV / A
2024-12-04 02:13:24.221 INFO: Epoch 22: loss=0.7864, RMSE_E=58.8 meV, RMSE_F=29.4 meV / A
2024-12-04 02:19:04.955 INFO: Epoch 24: loss=0.7755, RMSE_E=57.0 meV, RMSE_F=29.3 meV / A
2024-12-04 02:24:46.225 INFO: Epoch 26: loss=0.7817, RMSE_E=58.0 meV, RMSE_F=29.4 meV / A
2024-12-04 02:30:24.883 INFO: Epoch 28: loss=0.7688, RMSE_E=57.3 meV, RMSE_F=29.2 meV / A
2024-12-04 02:36:05.582 INFO: Epoch 30: loss=0.7695, RMSE_E=54.8 meV, RMSE_F=29.2 meV / A
2024-12-04 02:41:44.805 INFO: Epoch 32: loss=0.7687, RMSE_E=58.1 meV, RMSE_F=29.2 meV / A
2024-12-04 02:47:23.256 INFO: Epoch 34: loss=0.7638, RMSE_E=56.0 meV, RMSE_F=29.2 meV / A
2024-12-04 02:53:00.747 INFO: Epoch 36: loss=0.7702, RMSE_E=67.7 meV, RMSE_F=29.2 meV / A
2024-12-04 02:58:37.787 INFO: Epoch 38: loss=0.7682, RMSE_E=54.3 meV, RMSE_F=29.2 meV / A
2024-12-04 03:04:16.549 INFO: Epoch 40: loss=0.7640, RMSE_E=52.9 meV, RMSE_F=29.2 meV / A
2024-12-04 03:09:53.450 INFO: Epoch 42: loss=0.7689, RMSE_E=49.5 meV, RMSE_F=29.3 meV / A
2024-12-04 03:15:31.489 INFO: Epoch 44: loss=0.7691, RMSE_E=51.2 meV, RMSE_F=29.3 meV / A
2024-12-04 03:21:08.552 INFO: Epoch 46: loss=0.7692, RMSE_E=49.6 meV, RMSE_F=29.3 meV / A
2024-12-04 03:26:44.978 INFO: Epoch 48: loss=0.7778, RMSE_E=48.2 meV, RMSE_F=29.4 meV / A
2024-12-04 03:32:20.574 INFO: Epoch 50: loss=0.7751, RMSE_E=48.2 meV, RMSE_F=29.3 meV / A
2024-12-04 03:37:56.374 INFO: Epoch 52: loss=0.7825, RMSE_E=45.8 meV, RMSE_F=29.4 meV / A
2024-12-04 03:43:32.753 INFO: Epoch 54: loss=0.7869, RMSE_E=45.6 meV, RMSE_F=29.5 meV / A
2024-12-04 03:49:10.345 INFO: Epoch 56: loss=0.7906, RMSE_E=45.8 meV, RMSE_F=29.6 meV / A
2024-12-04 03:54:48.681 INFO: Epoch 58: loss=0.7951, RMSE_E=48.4 meV, RMSE_F=29.6 meV / A
2024-12-04 04:00:20.718 INFO: Epoch 60: loss=0.8005, RMSE_E=45.0 meV, RMSE_F=29.8 meV / A
2024-12-04 04:05:50.899 INFO: Epoch 62: loss=0.8056, RMSE_E=45.3 meV, RMSE_F=29.8 meV / A
2024-12-04 04:11:22.477 INFO: Epoch 64: loss=0.8057, RMSE_E=43.8 meV, RMSE_F=29.8 meV / A
2024-12-04 04:16:54.184 INFO: Epoch 66: loss=0.8158, RMSE_E=44.3 meV, RMSE_F=29.9 meV / A
2024-12-04 04:22:26.711 INFO: Epoch 68: loss=0.8174, RMSE_E=44.8 meV, RMSE_F=29.9 meV / A
2024-12-04 04:27:56.621 INFO: Epoch 70: loss=0.8243, RMSE_E=44.4 meV, RMSE_F=30.1 meV / A
2024-12-04 04:33:27.100 INFO: Epoch 72: loss=0.8295, RMSE_E=42.4 meV, RMSE_F=30.1 meV / A
2024-12-04 04:38:56.837 INFO: Epoch 74: loss=0.8344, RMSE_E=43.2 meV, RMSE_F=30.2 meV / A
2024-12-04 04:44:29.780 INFO: Epoch 76: loss=0.8376, RMSE_E=44.8 meV, RMSE_F=30.2 meV / A
2024-12-04 04:50:07.594 INFO: Epoch 78: loss=0.8454, RMSE_E=42.7 meV, RMSE_F=30.3 meV / A
2024-12-04 04:55:44.744 INFO: Epoch 80: loss=0.8451, RMSE_E=42.7 meV, RMSE_F=30.4 meV / A
2024-12-04 05:01:23.455 INFO: Epoch 82: loss=0.8478, RMSE_E=42.8 meV, RMSE_F=30.4 meV / A
2024-12-04 05:07:02.168 INFO: Epoch 84: loss=0.8573, RMSE_E=42.6 meV, RMSE_F=30.5 meV / A
2024-12-04 05:12:40.661 INFO: Epoch 86: loss=0.8582, RMSE_E=42.5 meV, RMSE_F=30.5 meV / A
2024-12-04 05:18:19.272 INFO: Epoch 88: loss=0.8606, RMSE_E=42.9 meV, RMSE_F=30.6 meV / A
2024-12-04 05:23:59.687 INFO: Epoch 90: loss=0.8606, RMSE_E=43.4 meV, RMSE_F=30.6 meV / A
2024-12-04 05:29:37.551 INFO: Epoch 92: loss=0.8653, RMSE_E=43.2 meV, RMSE_F=30.7 meV / A
2024-12-04 05:35:16.952 INFO: Epoch 94: loss=0.8710, RMSE_E=42.6 meV, RMSE_F=30.7 meV / A
2024-12-04 05:40:56.330 INFO: Epoch 96: loss=0.8731, RMSE_E=42.3 meV, RMSE_F=30.8 meV / A
2024-12-04 05:46:36.372 INFO: Epoch 98: loss=0.8758, RMSE_E=42.6 meV, RMSE_F=30.8 meV / A
2024-12-04 10:31:22.204 INFO: Training complete
2024-12-04 10:31:22.204 INFO: Computing metrics for training, validation, and test sets
2024-12-04 10:31:22.208 INFO: Loading checkpoint: checkpoints/Sn_run-123_epoch-34.pt
2024-12-04 10:31:22.371 INFO: Loaded model from epoch 34
2024-12-04 10:31:22.372 INFO: Evaluating train ...
2024-12-04 10:33:26.225 INFO: Evaluating valid ...
2024-12-04 10:33:29.688 INFO: 
+-------------+--------------+------------------+-------------------+
| config_type | RMSE E / meV | RMSE F / meV / A | relative F RMSE % |
+-------------+--------------+------------------+-------------------+
|    train    |     53.1     |       25.0       |        3.07       |
|    valid    |     56.0     |       29.2       |        3.54       |
+-------------+--------------+------------------+-------------------+
2024-12-04 10:33:29.688 INFO: Saving model to checkpoints/Sn_run-123.model
2024-12-04 10:33:34.294 INFO: Compiling model, saving metadata to Sn_compiled.model
2024-12-04 10:33:36.258 INFO: Done
