2025-03-28 02:49:58.221 INFO: MACE version: 0.3.5
2025-03-28 02:49:58.222 INFO: Configuration: Namespace(config=None, name='AcAc', seed=2024, log_dir='logs', model_dir='.', checkpoints_dir='checkpoints', results_dir='results', downloads_dir='downloads', device='cuda', default_dtype='float64', distributed=False, log_level='INFO', error_table='TotalRMSE', model='MACE', r_max=5.0, radial_type='bessel', num_radial_basis=8, num_cutoff_basis=5, pair_repulsion=False, distance_transform='None', interaction='RealAgnosticResidualInteractionBlock', interaction_first='RealAgnosticResidualInteractionBlock', max_ell=3, correlation=3, num_interactions=2, MLP_irreps='16x0e', radial_MLP='[64, 64, 64]', hidden_irreps='128x0e + 128x1o', num_channels=128, max_L=1, gate='silu', scaling='rms_forces_scaling', avg_num_neighbors=1, compute_avg_num_neighbors=True, compute_stress=False, compute_forces=True, train_file='./dataset/train_300K.xyz', valid_file=None, valid_fraction=0.1, test_file='./dataset/test_MD_300K.xyz', test_dir=None, multi_processed_test=False, num_workers=0, pin_memory=True, atomic_numbers=None, mean=None, std=None, statistics_file=None, E0s='average', keep_isolated_atoms=False, energy_key='energy', forces_key='forces', virials_key='virials', stress_key='stress', dipole_key='dipole', charges_key='charges', loss='ef', forces_weight=1000.0, swa_forces_weight=100.0, energy_weight=1.0, swa_energy_weight=1000.0, virials_weight=1.0, swa_virials_weight=10.0, stress_weight=1.0, swa_stress_weight=10.0, dipole_weight=1.0, swa_dipole_weight=1.0, config_type_weights='{"Default":1.0}', huber_delta=0.01, optimizer='adam', beta=0.9, batch_size=5, valid_batch_size=5, lr=0.005, swa_lr=0.001, weight_decay=1e-08, amsgrad=True, scheduler='ReduceLROnPlateau', lr_factor=0.8, scheduler_patience=5, lr_scheduler_gamma=0.9993, swa=False, start_swa=None, ema=True, ema_decay=0.995, max_num_epochs=500, patience=2048, foundation_model='/share/home/wangchen/work/mace/MPtrj/MACE-OFF23_medium.model', foundation_model_readout=True, eval_interval=2, keep_checkpoints=False, save_all_checkpoints=False, restart_latest=False, save_cpu=True, clip_grad=100.0, wandb=False, wandb_dir=None, wandb_project='', wandb_entity='', wandb_name='', wandb_log_hypers=['num_channels', 'max_L', 'correlation', 'lr', 'swa_lr', 'weight_decay', 'batch_size', 'max_num_epochs', 'start_swa', 'energy_weight', 'forces_weight'])
2025-03-28 02:49:58.271 INFO: CUDA version: 11.8, CUDA device: 0
2025-03-28 02:49:58.827 INFO: Error accessing Git repository: /share/home/wangchen/work/mace/organic/AcAc/LoRA_2024
2025-03-28 02:49:59.251 INFO: Using foundation model /share/home/wangchen/work/mace/MPtrj/MACE-OFF23_medium.model as initial checkpoint.
2025-03-28 02:49:59.425 INFO: Since ASE version 3.23.0b1, using energy_key 'energy' is no longer safe when communicating between MACE and ASE. We recommend using a different key, rewriting energies to 'REF_energy'. You need to use --energy_key='REF_energy', to tell the key name chosen.
2025-03-28 02:49:59.480 INFO: Since ASE version 3.23.0b1, using forces_key 'forces' is no longer safe when communicating between MACE and ASE. We recommend using a different key, rewriting energies to 'REF_forces'. You need to use --forces_key='REF_forces', to tell the key name chosen.
2025-03-28 02:49:59.534 INFO: Since ASE version 3.23.0b1, using stress_key 'stress' is no longer safe when communicating between MACE and ASE. We recommend using a different key, rewriting energies to 'REF_stress'. You need to use --stress_key='REF_stress', to tell the key name chosen.
2025-03-28 02:49:59.542 INFO: Loaded 500 training configurations from './dataset/train_300K.xyz'
2025-03-28 02:49:59.542 INFO: Using random 10.0% of training set for validation
2025-03-28 02:49:59.706 INFO: Since ASE version 3.23.0b1, using energy_key 'energy' is no longer safe when communicating between MACE and ASE. We recommend using a different key, rewriting energies to 'REF_energy'. You need to use --energy_key='REF_energy', to tell the key name chosen.
2025-03-28 02:49:59.776 INFO: Since ASE version 3.23.0b1, using forces_key 'forces' is no longer safe when communicating between MACE and ASE. We recommend using a different key, rewriting energies to 'REF_forces'. You need to use --forces_key='REF_forces', to tell the key name chosen.
2025-03-28 02:49:59.846 INFO: Since ASE version 3.23.0b1, using stress_key 'stress' is no longer safe when communicating between MACE and ASE. We recommend using a different key, rewriting energies to 'REF_stress'. You need to use --stress_key='REF_stress', to tell the key name chosen.
2025-03-28 02:49:59.857 INFO: Loaded 650 test configurations from './dataset/test_MD_300K.xyz'
2025-03-28 02:49:59.857 INFO: Total number of configurations: train=450, valid=50, tests=[300K_MD: 650]
2025-03-28 02:49:59.858 INFO: AtomicNumberTable: (1, 6, 8)
2025-03-28 02:49:59.858 INFO: Atomic Energies not in training file, using command line argument E0s
2025-03-28 02:49:59.858 INFO: Computing average Atomic Energies using least squares regression
2025-03-28 02:49:59.960 INFO: Atomic energies: [-807.8613172623299, -504.9133232889534, -201.9653293155826]
2025-03-28 02:50:00.161 INFO: EnergyForcesLoss(energy_weight=1.000, forces_weight=1000.000)
2025-03-28 02:50:00.277 INFO: Average number of neighbors: 12.132444444444445
2025-03-28 02:50:00.277 INFO: Selected the following outputs: {'energy': True, 'forces': True, 'virials': False, 'stress': False, 'dipoles': False}
2025-03-28 02:50:00.401 INFO: Building model
2025-03-28 02:50:08.198 INFO: Number of trainable parameters: 175880
2025-03-28 02:50:08.202 INFO: ScaleShiftMACE(
  (node_embedding): LinearNodeEmbeddingBlock(
    (linear): Linear(3x0e -> 128x0e | 384 weights | 2096 LoRA_weights)
  )
  (radial_embedding): RadialEmbeddingBlock(
    (bessel_fn): BesselBasis(r_max=5.0, num_basis=8, trainable=True)
    (cutoff_fn): PolynomialCutoff(p=5.0, r_max=5.0)
  )
  (spherical_harmonics): SphericalHarmonics()
  (atomic_energies_fn): AtomicEnergiesBlock(energies=[-807.8613, -504.9133, -201.9653])
  (interactions): ModuleList(
    (0): RealAgnosticInteractionBlock(
      (linear_up): Linear(128x0e -> 128x0e | 16384 weights | 4096 LoRA_weights)
      (conv_tp): TensorProduct(128x0e x 1x0e+1x1o+1x2e+1x3o -> 128x0e+128x1o+128x2e+128x3o | 512 paths | 512 weights | 0 LoRA_weights)
      (conv_tp_weights): FullyConnectedNet[8, 64, 64, 64, 512]
      (linear): Linear(128x0e+128x1o+128x2e+128x3o -> 128x0e+128x1o+128x2e+128x3o | 65536 weights | 16384 LoRA_weights)
      (skip_tp): FullyConnectedTensorProduct(128x0e+128x1o+128x2e+128x3o x 3x0e -> 128x0e+128x1o+128x2e+128x3o | 196608 paths | 196608 weights | 32768 LoRA_weights)
      (reshape): reshape_irreps()
    )
    (1): RealAgnosticResidualInteractionBlock(
      (linear_up): Linear(128x0e+128x1o -> 128x0e+128x1o | 32768 weights | 8192 LoRA_weights)
      (conv_tp): TensorProduct(128x0e+128x1o x 1x0e+1x1o+1x2e+1x3o -> 256x0e+384x1o+384x2e+256x3o | 1280 paths | 1280 weights | 0 LoRA_weights)
      (conv_tp_weights): FullyConnectedNet[8, 64, 64, 64, 1280]
      (linear): Linear(256x0e+384x1o+384x2e+256x3o -> 128x0e+128x1o+128x2e+128x3o | 163840 weights | 28672 LoRA_weights)
      (skip_tp): FullyConnectedTensorProduct(128x0e+128x1o x 3x0e -> 128x0e | 49152 paths | 49152 weights | 8192 LoRA_weights)
      (reshape): reshape_irreps()
    )
  )
  (products): ModuleList(
    (0): EquivariantProductBasisBlock(
      (symmetric_contractions): SymmetricContraction(
        (contractions): ModuleList(
          (0): Contraction(
            (contractions_weighting): ModuleList(
              (0-1): 2 x GraphModule()
            )
            (contractions_features): ModuleList(
              (0-1): 2 x GraphModule()
            )
            (weights): ParameterList(
                (0): Parameter containing: [torch.float64 of size 3x4x128 (cuda:0)]
                (1): Parameter containing: [torch.float64 of size 3x1x128 (cuda:0)]
            )
            (graph_opt_main): GraphModule()
            (LoRA_weight): ParameterList(
                (0): Parameter containing: [torch.float64 of size 3x23x16 (cuda:0)]
                (1): Parameter containing: [torch.float64 of size 16x128 (cuda:0)]
            )
          )
          (1): Contraction(
            (contractions_weighting): ModuleList(
              (0-1): 2 x GraphModule()
            )
            (contractions_features): ModuleList(
              (0-1): 2 x GraphModule()
            )
            (weights): ParameterList(
                (0): Parameter containing: [torch.float64 of size 3x6x128 (cuda:0)]
                (1): Parameter containing: [torch.float64 of size 3x1x128 (cuda:0)]
            )
            (graph_opt_main): GraphModule()
            (LoRA_weight): ParameterList(
                (0): Parameter containing: [torch.float64 of size 3x51x16 (cuda:0)]
                (1): Parameter containing: [torch.float64 of size 16x128 (cuda:0)]
            )
          )
        )
      )
      (linear): Linear(128x0e+128x1o -> 128x0e+128x1o | 32768 weights | 8192 LoRA_weights)
    )
    (1): EquivariantProductBasisBlock(
      (symmetric_contractions): SymmetricContraction(
        (contractions): ModuleList(
          (0): Contraction(
            (contractions_weighting): ModuleList(
              (0-1): 2 x GraphModule()
            )
            (contractions_features): ModuleList(
              (0-1): 2 x GraphModule()
            )
            (weights): ParameterList(
                (0): Parameter containing: [torch.float64 of size 3x4x128 (cuda:0)]
                (1): Parameter containing: [torch.float64 of size 3x1x128 (cuda:0)]
            )
            (graph_opt_main): GraphModule()
            (LoRA_weight): ParameterList(
                (0): Parameter containing: [torch.float64 of size 3x23x16 (cuda:0)]
                (1): Parameter containing: [torch.float64 of size 16x128 (cuda:0)]
            )
          )
        )
      )
      (linear): Linear(128x0e -> 128x0e | 16384 weights | 4096 LoRA_weights)
    )
  )
  (readouts): ModuleList(
    (0): LinearReadoutBlock(
      (linear): Linear(128x0e+128x1o -> 1x0e | 128 weights | 2064 LoRA_weights)
    )
    (1): NonLinearReadoutBlock(
      (linear_1): Linear(128x0e -> 16x0e | 2048 weights | 2304 LoRA_weights)
      (non_linearity): Activation [x] (16x0e -> 16x0e)
      (linear_2): Linear(16x0e -> 1x0e | 16 weights | 272 LoRA_weights)
    )
  )
  (scale_shift): ScaleShiftBlock(scale=1.088502, shift=0.000000)
)
2025-03-28 02:50:08.205 INFO: Number of parameters: 921240
2025-03-28 02:50:08.205 INFO: Optimizer: Adam (
Parameter Group 0
    amsgrad: True
    betas: (0.9, 0.999)
    capturable: False
    differentiable: False
    eps: 1e-08
    foreach: None
    fused: None
    lr: 0.005
    maximize: False
    name: embedding
    weight_decay: 0.0

Parameter Group 1
    amsgrad: True
    betas: (0.9, 0.999)
    capturable: False
    differentiable: False
    eps: 1e-08
    foreach: None
    fused: None
    lr: 0.005
    maximize: False
    name: interactions_decay
    weight_decay: 1e-08

Parameter Group 2
    amsgrad: True
    betas: (0.9, 0.999)
    capturable: False
    differentiable: False
    eps: 1e-08
    foreach: None
    fused: None
    lr: 0.005
    maximize: False
    name: interactions_no_decay
    weight_decay: 0.0

Parameter Group 3
    amsgrad: True
    betas: (0.9, 0.999)
    capturable: False
    differentiable: False
    eps: 1e-08
    foreach: None
    fused: None
    lr: 0.005
    maximize: False
    name: products
    weight_decay: 1e-08

Parameter Group 4
    amsgrad: True
    betas: (0.9, 0.999)
    capturable: False
    differentiable: False
    eps: 1e-08
    foreach: None
    fused: None
    lr: 0.005
    maximize: False
    name: readouts
    weight_decay: 0.0
)
2025-03-28 02:50:08.205 INFO: Using gradient clipping with tolerance=100.000
2025-03-28 02:50:08.205 INFO: Started training
2025-03-28 02:50:15.894 INFO: Epoch None: loss=4608.5135, RMSE_E=66284.4 meV, RMSE_F=463.6 meV / A
2025-03-28 02:50:35.622 INFO: Epoch 0: loss=2.6464, RMSE_E=128.6 meV, RMSE_F=51.3 meV / A
2025-03-28 02:50:55.143 INFO: Epoch 2: loss=0.6508, RMSE_E=24.7 meV, RMSE_F=25.5 meV / A
2025-03-28 02:51:14.621 INFO: Epoch 4: loss=0.3392, RMSE_E=44.9 meV, RMSE_F=18.4 meV / A
2025-03-28 02:51:34.133 INFO: Epoch 6: loss=0.2323, RMSE_E=31.1 meV, RMSE_F=15.2 meV / A
2025-03-28 02:51:53.599 INFO: Epoch 8: loss=0.2010, RMSE_E=52.0 meV, RMSE_F=14.1 meV / A
2025-03-28 02:52:13.057 INFO: Epoch 10: loss=0.1771, RMSE_E=38.3 meV, RMSE_F=13.3 meV / A
2025-03-28 02:52:32.482 INFO: Epoch 12: loss=0.1492, RMSE_E=26.2 meV, RMSE_F=12.2 meV / A
2025-03-28 02:52:51.923 INFO: Epoch 14: loss=0.1256, RMSE_E=20.0 meV, RMSE_F=11.2 meV / A
2025-03-28 02:53:11.394 INFO: Epoch 16: loss=0.1139, RMSE_E=17.7 meV, RMSE_F=10.7 meV / A
2025-03-28 02:53:30.855 INFO: Epoch 18: loss=0.1033, RMSE_E=11.9 meV, RMSE_F=10.2 meV / A
2025-03-28 02:53:50.310 INFO: Epoch 20: loss=0.0953, RMSE_E=8.9 meV, RMSE_F=9.8 meV / A
2025-03-28 02:54:09.801 INFO: Epoch 22: loss=0.0910, RMSE_E=8.1 meV, RMSE_F=9.5 meV / A
2025-03-28 02:54:29.312 INFO: Epoch 24: loss=0.0892, RMSE_E=7.5 meV, RMSE_F=9.4 meV / A
2025-03-28 02:54:48.782 INFO: Epoch 26: loss=0.0835, RMSE_E=6.8 meV, RMSE_F=9.1 meV / A
2025-03-28 02:55:08.258 INFO: Epoch 28: loss=0.0795, RMSE_E=5.0 meV, RMSE_F=8.9 meV / A
2025-03-28 02:55:27.770 INFO: Epoch 30: loss=0.0754, RMSE_E=4.0 meV, RMSE_F=8.7 meV / A
2025-03-28 02:55:47.240 INFO: Epoch 32: loss=0.0718, RMSE_E=3.5 meV, RMSE_F=8.5 meV / A
2025-03-28 02:56:06.691 INFO: Epoch 34: loss=0.0687, RMSE_E=2.4 meV, RMSE_F=8.3 meV / A
2025-03-28 02:56:26.179 INFO: Epoch 36: loss=0.0650, RMSE_E=2.8 meV, RMSE_F=8.1 meV / A
2025-03-28 02:56:45.649 INFO: Epoch 38: loss=0.0633, RMSE_E=2.4 meV, RMSE_F=8.0 meV / A
2025-03-28 02:57:05.116 INFO: Epoch 40: loss=0.0619, RMSE_E=2.4 meV, RMSE_F=7.9 meV / A
2025-03-28 02:57:24.576 INFO: Epoch 42: loss=0.0617, RMSE_E=1.9 meV, RMSE_F=7.9 meV / A
2025-03-28 02:57:44.048 INFO: Epoch 44: loss=0.0592, RMSE_E=1.9 meV, RMSE_F=7.7 meV / A
2025-03-28 02:58:03.507 INFO: Epoch 46: loss=0.0590, RMSE_E=2.1 meV, RMSE_F=7.7 meV / A
2025-03-28 02:58:22.996 INFO: Epoch 48: loss=0.0566, RMSE_E=2.0 meV, RMSE_F=7.5 meV / A
2025-03-28 02:58:42.415 INFO: Epoch 50: loss=0.0555, RMSE_E=2.2 meV, RMSE_F=7.4 meV / A
2025-03-28 02:59:01.880 INFO: Epoch 52: loss=0.0553, RMSE_E=2.0 meV, RMSE_F=7.4 meV / A
2025-03-28 02:59:21.315 INFO: Epoch 54: loss=0.0542, RMSE_E=2.4 meV, RMSE_F=7.4 meV / A
2025-03-28 02:59:40.743 INFO: Epoch 56: loss=0.0532, RMSE_E=1.9 meV, RMSE_F=7.3 meV / A
2025-03-28 03:00:00.183 INFO: Epoch 58: loss=0.0519, RMSE_E=1.8 meV, RMSE_F=7.2 meV / A
2025-03-28 03:00:19.595 INFO: Epoch 60: loss=0.0509, RMSE_E=1.7 meV, RMSE_F=7.1 meV / A
2025-03-28 03:00:38.981 INFO: Epoch 62: loss=0.0492, RMSE_E=1.7 meV, RMSE_F=7.0 meV / A
2025-03-28 03:00:58.422 INFO: Epoch 64: loss=0.0483, RMSE_E=1.7 meV, RMSE_F=6.9 meV / A
2025-03-28 03:01:17.900 INFO: Epoch 66: loss=0.0483, RMSE_E=1.6 meV, RMSE_F=6.9 meV / A
2025-03-28 03:01:37.304 INFO: Epoch 68: loss=0.0476, RMSE_E=1.6 meV, RMSE_F=6.9 meV / A
2025-03-28 03:01:56.770 INFO: Epoch 70: loss=0.0472, RMSE_E=1.6 meV, RMSE_F=6.9 meV / A
2025-03-28 03:02:16.268 INFO: Epoch 72: loss=0.0460, RMSE_E=1.6 meV, RMSE_F=6.8 meV / A
2025-03-28 03:02:35.847 INFO: Epoch 74: loss=0.0445, RMSE_E=1.5 meV, RMSE_F=6.7 meV / A
2025-03-28 03:02:55.362 INFO: Epoch 76: loss=0.0442, RMSE_E=1.5 meV, RMSE_F=6.6 meV / A
2025-03-28 03:03:14.910 INFO: Epoch 78: loss=0.0442, RMSE_E=1.5 meV, RMSE_F=6.6 meV / A
2025-03-28 03:03:34.389 INFO: Epoch 80: loss=0.0427, RMSE_E=1.5 meV, RMSE_F=6.5 meV / A
2025-03-28 03:03:53.863 INFO: Epoch 82: loss=0.0426, RMSE_E=1.5 meV, RMSE_F=6.5 meV / A
2025-03-28 03:04:13.340 INFO: Epoch 84: loss=0.0425, RMSE_E=1.5 meV, RMSE_F=6.5 meV / A
2025-03-28 03:04:32.815 INFO: Epoch 86: loss=0.0426, RMSE_E=1.5 meV, RMSE_F=6.5 meV / A
2025-03-28 03:04:52.222 INFO: Epoch 88: loss=0.0424, RMSE_E=1.5 meV, RMSE_F=6.5 meV / A
2025-03-28 03:05:11.717 INFO: Epoch 90: loss=0.0416, RMSE_E=1.5 meV, RMSE_F=6.4 meV / A
2025-03-28 03:05:31.211 INFO: Epoch 92: loss=0.0409, RMSE_E=1.4 meV, RMSE_F=6.4 meV / A
2025-03-28 03:05:50.721 INFO: Epoch 94: loss=0.0410, RMSE_E=1.5 meV, RMSE_F=6.4 meV / A
2025-03-28 03:06:10.135 INFO: Epoch 96: loss=0.0400, RMSE_E=1.4 meV, RMSE_F=6.3 meV / A
2025-03-28 03:06:29.666 INFO: Epoch 98: loss=0.0400, RMSE_E=1.4 meV, RMSE_F=6.3 meV / A
2025-03-28 03:06:49.159 INFO: Epoch 100: loss=0.0394, RMSE_E=1.4 meV, RMSE_F=6.3 meV / A
2025-03-28 03:07:08.602 INFO: Epoch 102: loss=0.0388, RMSE_E=1.4 meV, RMSE_F=6.2 meV / A
2025-03-28 03:07:28.067 INFO: Epoch 104: loss=0.0380, RMSE_E=1.3 meV, RMSE_F=6.2 meV / A
2025-03-28 03:07:47.523 INFO: Epoch 106: loss=0.0382, RMSE_E=1.4 meV, RMSE_F=6.2 meV / A
2025-03-28 03:08:06.849 INFO: Epoch 108: loss=0.0379, RMSE_E=1.4 meV, RMSE_F=6.2 meV / A
2025-03-28 03:08:26.176 INFO: Epoch 110: loss=0.0372, RMSE_E=1.3 meV, RMSE_F=6.1 meV / A
2025-03-28 03:08:45.453 INFO: Epoch 112: loss=0.0369, RMSE_E=1.3 meV, RMSE_F=6.1 meV / A
2025-03-28 03:09:04.766 INFO: Epoch 114: loss=0.0369, RMSE_E=1.3 meV, RMSE_F=6.1 meV / A
2025-03-28 03:09:23.956 INFO: Epoch 116: loss=0.0366, RMSE_E=1.3 meV, RMSE_F=6.0 meV / A
2025-03-28 03:09:43.224 INFO: Epoch 118: loss=0.0365, RMSE_E=1.3 meV, RMSE_F=6.0 meV / A
2025-03-28 03:10:02.463 INFO: Epoch 120: loss=0.0360, RMSE_E=1.3 meV, RMSE_F=6.0 meV / A
2025-03-28 03:10:21.767 INFO: Epoch 122: loss=0.0358, RMSE_E=1.3 meV, RMSE_F=6.0 meV / A
2025-03-28 03:10:41.048 INFO: Epoch 124: loss=0.0351, RMSE_E=1.2 meV, RMSE_F=5.9 meV / A
2025-03-28 03:11:00.393 INFO: Epoch 126: loss=0.0345, RMSE_E=1.2 meV, RMSE_F=5.9 meV / A
2025-03-28 03:11:19.715 INFO: Epoch 128: loss=0.0342, RMSE_E=1.2 meV, RMSE_F=5.8 meV / A
2025-03-28 03:11:39.257 INFO: Epoch 130: loss=0.0340, RMSE_E=1.2 meV, RMSE_F=5.8 meV / A
2025-03-28 03:11:58.683 INFO: Epoch 132: loss=0.0340, RMSE_E=1.3 meV, RMSE_F=5.8 meV / A
2025-03-28 03:12:18.088 INFO: Epoch 134: loss=0.0341, RMSE_E=1.2 meV, RMSE_F=5.8 meV / A
2025-03-28 03:12:37.523 INFO: Epoch 136: loss=0.0335, RMSE_E=1.2 meV, RMSE_F=5.8 meV / A
2025-03-28 03:12:57.033 INFO: Epoch 138: loss=0.0333, RMSE_E=1.2 meV, RMSE_F=5.8 meV / A
2025-03-28 03:13:16.728 INFO: Epoch 140: loss=0.0333, RMSE_E=1.2 meV, RMSE_F=5.8 meV / A
2025-03-28 03:13:36.103 INFO: Epoch 142: loss=0.0332, RMSE_E=1.2 meV, RMSE_F=5.8 meV / A
2025-03-28 03:13:55.538 INFO: Epoch 144: loss=0.0330, RMSE_E=1.3 meV, RMSE_F=5.7 meV / A
2025-03-28 03:14:15.091 INFO: Epoch 146: loss=0.0327, RMSE_E=1.3 meV, RMSE_F=5.7 meV / A
2025-03-28 03:14:34.602 INFO: Epoch 148: loss=0.0325, RMSE_E=1.2 meV, RMSE_F=5.7 meV / A
2025-03-28 03:14:53.931 INFO: Epoch 150: loss=0.0323, RMSE_E=1.2 meV, RMSE_F=5.7 meV / A
2025-03-28 03:15:13.355 INFO: Epoch 152: loss=0.0321, RMSE_E=1.2 meV, RMSE_F=5.7 meV / A
2025-03-28 03:15:32.692 INFO: Epoch 154: loss=0.0317, RMSE_E=1.2 meV, RMSE_F=5.6 meV / A
2025-03-28 03:15:52.110 INFO: Epoch 156: loss=0.0318, RMSE_E=1.2 meV, RMSE_F=5.6 meV / A
2025-03-28 03:16:11.530 INFO: Epoch 158: loss=0.0317, RMSE_E=1.2 meV, RMSE_F=5.6 meV / A
2025-03-28 03:16:31.055 INFO: Epoch 160: loss=0.0316, RMSE_E=1.2 meV, RMSE_F=5.6 meV / A
2025-03-28 03:16:50.459 INFO: Epoch 162: loss=0.0315, RMSE_E=1.2 meV, RMSE_F=5.6 meV / A
2025-03-28 03:17:09.942 INFO: Epoch 164: loss=0.0314, RMSE_E=1.2 meV, RMSE_F=5.6 meV / A
2025-03-28 03:17:29.467 INFO: Epoch 166: loss=0.0316, RMSE_E=1.3 meV, RMSE_F=5.6 meV / A
2025-03-28 03:17:48.766 INFO: Epoch 168: loss=0.0313, RMSE_E=1.2 meV, RMSE_F=5.6 meV / A
2025-03-28 03:18:08.290 INFO: Epoch 170: loss=0.0308, RMSE_E=1.2 meV, RMSE_F=5.6 meV / A
2025-03-28 03:18:27.705 INFO: Epoch 172: loss=0.0307, RMSE_E=1.1 meV, RMSE_F=5.5 meV / A
2025-03-28 03:18:47.166 INFO: Epoch 174: loss=0.0302, RMSE_E=1.1 meV, RMSE_F=5.5 meV / A
2025-03-28 03:19:06.650 INFO: Epoch 176: loss=0.0300, RMSE_E=1.1 meV, RMSE_F=5.5 meV / A
2025-03-28 03:19:26.204 INFO: Epoch 178: loss=0.0298, RMSE_E=1.1 meV, RMSE_F=5.5 meV / A
2025-03-28 03:19:45.669 INFO: Epoch 180: loss=0.0299, RMSE_E=1.1 meV, RMSE_F=5.5 meV / A
2025-03-28 03:20:05.103 INFO: Epoch 182: loss=0.0301, RMSE_E=1.1 meV, RMSE_F=5.5 meV / A
2025-03-28 03:20:24.514 INFO: Epoch 184: loss=0.0297, RMSE_E=1.1 meV, RMSE_F=5.4 meV / A
2025-03-28 03:20:43.966 INFO: Epoch 186: loss=0.0294, RMSE_E=1.1 meV, RMSE_F=5.4 meV / A
2025-03-28 03:21:03.475 INFO: Epoch 188: loss=0.0296, RMSE_E=1.1 meV, RMSE_F=5.4 meV / A
2025-03-28 03:21:22.918 INFO: Epoch 190: loss=0.0293, RMSE_E=1.1 meV, RMSE_F=5.4 meV / A
2025-03-28 03:21:42.395 INFO: Epoch 192: loss=0.0291, RMSE_E=1.1 meV, RMSE_F=5.4 meV / A
2025-03-28 03:22:01.882 INFO: Epoch 194: loss=0.0293, RMSE_E=1.1 meV, RMSE_F=5.4 meV / A
2025-03-28 03:22:21.215 INFO: Epoch 196: loss=0.0292, RMSE_E=1.1 meV, RMSE_F=5.4 meV / A
2025-03-28 03:22:40.564 INFO: Epoch 198: loss=0.0290, RMSE_E=1.1 meV, RMSE_F=5.4 meV / A
2025-03-28 03:23:00.094 INFO: Epoch 200: loss=0.0287, RMSE_E=1.1 meV, RMSE_F=5.4 meV / A
2025-03-28 03:23:19.627 INFO: Epoch 202: loss=0.0290, RMSE_E=1.1 meV, RMSE_F=5.4 meV / A
2025-03-28 03:23:39.007 INFO: Epoch 204: loss=0.0290, RMSE_E=1.1 meV, RMSE_F=5.4 meV / A
2025-03-28 03:23:58.390 INFO: Epoch 206: loss=0.0290, RMSE_E=1.1 meV, RMSE_F=5.4 meV / A
2025-03-28 03:24:17.851 INFO: Epoch 208: loss=0.0291, RMSE_E=1.1 meV, RMSE_F=5.4 meV / A
2025-03-28 03:24:37.314 INFO: Epoch 210: loss=0.0289, RMSE_E=1.1 meV, RMSE_F=5.4 meV / A
2025-03-28 03:24:56.695 INFO: Epoch 212: loss=0.0284, RMSE_E=1.0 meV, RMSE_F=5.3 meV / A
2025-03-28 03:25:16.210 INFO: Epoch 214: loss=0.0283, RMSE_E=1.1 meV, RMSE_F=5.3 meV / A
2025-03-28 03:25:35.790 INFO: Epoch 216: loss=0.0280, RMSE_E=1.0 meV, RMSE_F=5.3 meV / A
2025-03-28 03:25:55.302 INFO: Epoch 218: loss=0.0278, RMSE_E=1.0 meV, RMSE_F=5.3 meV / A
2025-03-28 03:26:14.868 INFO: Epoch 220: loss=0.0278, RMSE_E=1.0 meV, RMSE_F=5.3 meV / A
2025-03-28 03:26:34.398 INFO: Epoch 222: loss=0.0275, RMSE_E=1.0 meV, RMSE_F=5.2 meV / A
2025-03-28 03:26:53.922 INFO: Epoch 224: loss=0.0275, RMSE_E=1.0 meV, RMSE_F=5.2 meV / A
2025-03-28 03:27:13.466 INFO: Epoch 226: loss=0.0275, RMSE_E=1.0 meV, RMSE_F=5.2 meV / A
2025-03-28 03:27:33.015 INFO: Epoch 228: loss=0.0273, RMSE_E=1.0 meV, RMSE_F=5.2 meV / A
2025-03-28 03:27:52.495 INFO: Epoch 230: loss=0.0272, RMSE_E=1.0 meV, RMSE_F=5.2 meV / A
2025-03-28 03:28:11.966 INFO: Epoch 232: loss=0.0271, RMSE_E=1.0 meV, RMSE_F=5.2 meV / A
2025-03-28 03:28:31.434 INFO: Epoch 234: loss=0.0270, RMSE_E=1.0 meV, RMSE_F=5.2 meV / A
2025-03-28 03:28:50.974 INFO: Epoch 236: loss=0.0268, RMSE_E=1.0 meV, RMSE_F=5.2 meV / A
2025-03-28 03:29:10.495 INFO: Epoch 238: loss=0.0267, RMSE_E=1.0 meV, RMSE_F=5.2 meV / A
2025-03-28 03:29:29.995 INFO: Epoch 240: loss=0.0268, RMSE_E=1.0 meV, RMSE_F=5.2 meV / A
2025-03-28 03:29:49.433 INFO: Epoch 242: loss=0.0268, RMSE_E=1.0 meV, RMSE_F=5.2 meV / A
2025-03-28 03:30:08.835 INFO: Epoch 244: loss=0.0270, RMSE_E=1.0 meV, RMSE_F=5.2 meV / A
2025-03-28 03:30:28.225 INFO: Epoch 246: loss=0.0268, RMSE_E=1.0 meV, RMSE_F=5.2 meV / A
2025-03-28 03:30:47.556 INFO: Epoch 248: loss=0.0266, RMSE_E=1.0 meV, RMSE_F=5.2 meV / A
2025-03-28 03:31:07.056 INFO: Epoch 250: loss=0.0265, RMSE_E=1.0 meV, RMSE_F=5.1 meV / A
2025-03-28 03:31:26.545 INFO: Epoch 252: loss=0.0263, RMSE_E=1.0 meV, RMSE_F=5.1 meV / A
2025-03-28 03:31:46.019 INFO: Epoch 254: loss=0.0263, RMSE_E=1.0 meV, RMSE_F=5.1 meV / A
2025-03-28 03:32:05.479 INFO: Epoch 256: loss=0.0263, RMSE_E=1.0 meV, RMSE_F=5.1 meV / A
2025-03-28 03:32:24.914 INFO: Epoch 258: loss=0.0263, RMSE_E=1.0 meV, RMSE_F=5.1 meV / A
2025-03-28 03:32:44.276 INFO: Epoch 260: loss=0.0262, RMSE_E=1.0 meV, RMSE_F=5.1 meV / A
2025-03-28 03:33:03.826 INFO: Epoch 262: loss=0.0262, RMSE_E=1.0 meV, RMSE_F=5.1 meV / A
2025-03-28 03:33:23.225 INFO: Epoch 264: loss=0.0261, RMSE_E=1.0 meV, RMSE_F=5.1 meV / A
2025-03-28 03:33:42.675 INFO: Epoch 266: loss=0.0259, RMSE_E=1.0 meV, RMSE_F=5.1 meV / A
2025-03-28 03:34:02.182 INFO: Epoch 268: loss=0.0258, RMSE_E=1.0 meV, RMSE_F=5.1 meV / A
2025-03-28 03:34:21.667 INFO: Epoch 270: loss=0.0257, RMSE_E=1.0 meV, RMSE_F=5.1 meV / A
2025-03-28 03:34:41.168 INFO: Epoch 272: loss=0.0257, RMSE_E=1.0 meV, RMSE_F=5.1 meV / A
2025-03-28 03:35:00.720 INFO: Epoch 274: loss=0.0257, RMSE_E=1.0 meV, RMSE_F=5.1 meV / A
2025-03-28 03:35:20.119 INFO: Epoch 276: loss=0.0256, RMSE_E=1.0 meV, RMSE_F=5.1 meV / A
2025-03-28 03:35:39.613 INFO: Epoch 278: loss=0.0255, RMSE_E=1.0 meV, RMSE_F=5.1 meV / A
2025-03-28 03:35:59.138 INFO: Epoch 280: loss=0.0256, RMSE_E=1.0 meV, RMSE_F=5.1 meV / A
2025-03-28 03:36:18.463 INFO: Epoch 282: loss=0.0254, RMSE_E=1.0 meV, RMSE_F=5.0 meV / A
2025-03-28 03:36:38.060 INFO: Epoch 284: loss=0.0253, RMSE_E=1.0 meV, RMSE_F=5.0 meV / A
2025-03-28 03:36:57.545 INFO: Epoch 286: loss=0.0254, RMSE_E=1.0 meV, RMSE_F=5.0 meV / A
2025-03-28 03:37:16.997 INFO: Epoch 288: loss=0.0254, RMSE_E=1.0 meV, RMSE_F=5.0 meV / A
2025-03-28 03:37:36.486 INFO: Epoch 290: loss=0.0254, RMSE_E=1.0 meV, RMSE_F=5.0 meV / A
2025-03-28 03:37:55.982 INFO: Epoch 292: loss=0.0253, RMSE_E=1.0 meV, RMSE_F=5.0 meV / A
2025-03-28 03:38:15.546 INFO: Epoch 294: loss=0.0252, RMSE_E=0.9 meV, RMSE_F=5.0 meV / A
2025-03-28 03:38:35.052 INFO: Epoch 296: loss=0.0251, RMSE_E=1.0 meV, RMSE_F=5.0 meV / A
2025-03-28 03:38:54.609 INFO: Epoch 298: loss=0.0249, RMSE_E=0.9 meV, RMSE_F=5.0 meV / A
2025-03-28 03:39:14.166 INFO: Epoch 300: loss=0.0249, RMSE_E=0.9 meV, RMSE_F=5.0 meV / A
2025-03-28 03:39:33.652 INFO: Epoch 302: loss=0.0249, RMSE_E=0.9 meV, RMSE_F=5.0 meV / A
2025-03-28 03:39:53.128 INFO: Epoch 304: loss=0.0249, RMSE_E=0.9 meV, RMSE_F=5.0 meV / A
2025-03-28 03:40:12.535 INFO: Epoch 306: loss=0.0249, RMSE_E=0.9 meV, RMSE_F=5.0 meV / A
2025-03-28 03:40:31.911 INFO: Epoch 308: loss=0.0249, RMSE_E=1.0 meV, RMSE_F=5.0 meV / A
2025-03-28 03:40:51.330 INFO: Epoch 310: loss=0.0249, RMSE_E=0.9 meV, RMSE_F=5.0 meV / A
2025-03-28 03:41:10.722 INFO: Epoch 312: loss=0.0248, RMSE_E=0.9 meV, RMSE_F=5.0 meV / A
2025-03-28 03:41:30.215 INFO: Epoch 314: loss=0.0248, RMSE_E=0.9 meV, RMSE_F=5.0 meV / A
2025-03-28 03:41:49.726 INFO: Epoch 316: loss=0.0248, RMSE_E=0.9 meV, RMSE_F=5.0 meV / A
2025-03-28 03:42:09.153 INFO: Epoch 318: loss=0.0247, RMSE_E=0.9 meV, RMSE_F=5.0 meV / A
2025-03-28 03:42:28.575 INFO: Epoch 320: loss=0.0246, RMSE_E=0.9 meV, RMSE_F=5.0 meV / A
2025-03-28 03:42:48.126 INFO: Epoch 322: loss=0.0246, RMSE_E=0.9 meV, RMSE_F=5.0 meV / A
2025-03-28 03:43:07.528 INFO: Epoch 324: loss=0.0246, RMSE_E=0.9 meV, RMSE_F=5.0 meV / A
2025-03-28 03:43:26.906 INFO: Epoch 326: loss=0.0246, RMSE_E=0.9 meV, RMSE_F=5.0 meV / A
2025-03-28 03:43:46.295 INFO: Epoch 328: loss=0.0246, RMSE_E=0.9 meV, RMSE_F=5.0 meV / A
2025-03-28 03:44:05.727 INFO: Epoch 330: loss=0.0245, RMSE_E=0.9 meV, RMSE_F=5.0 meV / A
2025-03-28 03:44:25.258 INFO: Epoch 332: loss=0.0244, RMSE_E=0.9 meV, RMSE_F=4.9 meV / A
2025-03-28 03:44:44.672 INFO: Epoch 334: loss=0.0244, RMSE_E=0.9 meV, RMSE_F=4.9 meV / A
2025-03-28 03:45:04.011 INFO: Epoch 336: loss=0.0243, RMSE_E=0.9 meV, RMSE_F=4.9 meV / A
2025-03-28 03:45:23.471 INFO: Epoch 338: loss=0.0243, RMSE_E=0.9 meV, RMSE_F=4.9 meV / A
2025-03-28 03:45:42.785 INFO: Epoch 340: loss=0.0243, RMSE_E=0.9 meV, RMSE_F=4.9 meV / A
2025-03-28 03:46:02.196 INFO: Epoch 342: loss=0.0243, RMSE_E=0.9 meV, RMSE_F=4.9 meV / A
2025-03-28 03:46:21.516 INFO: Epoch 344: loss=0.0242, RMSE_E=0.9 meV, RMSE_F=4.9 meV / A
2025-03-28 03:46:41.008 INFO: Epoch 346: loss=0.0242, RMSE_E=0.9 meV, RMSE_F=4.9 meV / A
2025-03-28 03:47:00.379 INFO: Epoch 348: loss=0.0242, RMSE_E=0.9 meV, RMSE_F=4.9 meV / A
2025-03-28 03:47:19.832 INFO: Epoch 350: loss=0.0241, RMSE_E=0.9 meV, RMSE_F=4.9 meV / A
2025-03-28 03:47:39.322 INFO: Epoch 352: loss=0.0242, RMSE_E=0.9 meV, RMSE_F=4.9 meV / A
2025-03-28 03:47:58.754 INFO: Epoch 354: loss=0.0241, RMSE_E=0.9 meV, RMSE_F=4.9 meV / A
2025-03-28 03:48:18.267 INFO: Epoch 356: loss=0.0241, RMSE_E=0.9 meV, RMSE_F=4.9 meV / A
2025-03-28 03:48:37.738 INFO: Epoch 358: loss=0.0241, RMSE_E=0.9 meV, RMSE_F=4.9 meV / A
2025-03-28 03:48:57.110 INFO: Epoch 360: loss=0.0240, RMSE_E=0.9 meV, RMSE_F=4.9 meV / A
2025-03-28 03:49:16.652 INFO: Epoch 362: loss=0.0240, RMSE_E=0.9 meV, RMSE_F=4.9 meV / A
2025-03-28 03:49:36.118 INFO: Epoch 364: loss=0.0239, RMSE_E=0.9 meV, RMSE_F=4.9 meV / A
2025-03-28 03:49:55.650 INFO: Epoch 366: loss=0.0238, RMSE_E=0.9 meV, RMSE_F=4.9 meV / A
2025-03-28 03:50:15.158 INFO: Epoch 368: loss=0.0239, RMSE_E=0.9 meV, RMSE_F=4.9 meV / A
2025-03-28 03:50:34.592 INFO: Epoch 370: loss=0.0238, RMSE_E=0.9 meV, RMSE_F=4.9 meV / A
2025-03-28 03:50:54.086 INFO: Epoch 372: loss=0.0238, RMSE_E=0.9 meV, RMSE_F=4.9 meV / A
2025-03-28 03:51:13.566 INFO: Epoch 374: loss=0.0239, RMSE_E=0.9 meV, RMSE_F=4.9 meV / A
2025-03-28 03:51:33.023 INFO: Epoch 376: loss=0.0239, RMSE_E=0.9 meV, RMSE_F=4.9 meV / A
2025-03-28 03:51:52.490 INFO: Epoch 378: loss=0.0239, RMSE_E=0.9 meV, RMSE_F=4.9 meV / A
2025-03-28 03:52:11.959 INFO: Epoch 380: loss=0.0238, RMSE_E=0.9 meV, RMSE_F=4.9 meV / A
2025-03-28 03:52:31.422 INFO: Epoch 382: loss=0.0237, RMSE_E=0.9 meV, RMSE_F=4.9 meV / A
2025-03-28 03:52:50.895 INFO: Epoch 384: loss=0.0237, RMSE_E=0.9 meV, RMSE_F=4.9 meV / A
2025-03-28 03:53:10.440 INFO: Epoch 386: loss=0.0237, RMSE_E=0.9 meV, RMSE_F=4.9 meV / A
2025-03-28 03:53:29.854 INFO: Epoch 388: loss=0.0237, RMSE_E=0.9 meV, RMSE_F=4.9 meV / A
2025-03-28 03:53:49.338 INFO: Epoch 390: loss=0.0237, RMSE_E=0.9 meV, RMSE_F=4.9 meV / A
2025-03-28 03:54:08.811 INFO: Epoch 392: loss=0.0236, RMSE_E=0.9 meV, RMSE_F=4.9 meV / A
2025-03-28 03:54:28.363 INFO: Epoch 394: loss=0.0236, RMSE_E=0.9 meV, RMSE_F=4.9 meV / A
2025-03-28 03:54:47.894 INFO: Epoch 396: loss=0.0236, RMSE_E=0.9 meV, RMSE_F=4.9 meV / A
2025-03-28 03:55:07.459 INFO: Epoch 398: loss=0.0236, RMSE_E=0.9 meV, RMSE_F=4.9 meV / A
2025-03-28 03:55:26.947 INFO: Epoch 400: loss=0.0236, RMSE_E=0.9 meV, RMSE_F=4.9 meV / A
2025-03-28 03:55:46.424 INFO: Epoch 402: loss=0.0235, RMSE_E=0.9 meV, RMSE_F=4.9 meV / A
2025-03-28 03:56:05.951 INFO: Epoch 404: loss=0.0235, RMSE_E=0.9 meV, RMSE_F=4.8 meV / A
2025-03-28 03:56:25.451 INFO: Epoch 406: loss=0.0235, RMSE_E=0.9 meV, RMSE_F=4.8 meV / A
2025-03-28 03:56:44.828 INFO: Epoch 408: loss=0.0235, RMSE_E=0.9 meV, RMSE_F=4.8 meV / A
2025-03-28 03:57:04.378 INFO: Epoch 410: loss=0.0235, RMSE_E=0.9 meV, RMSE_F=4.8 meV / A
2025-03-28 03:57:23.782 INFO: Epoch 412: loss=0.0235, RMSE_E=0.9 meV, RMSE_F=4.8 meV / A
2025-03-28 03:57:43.206 INFO: Epoch 414: loss=0.0235, RMSE_E=0.9 meV, RMSE_F=4.9 meV / A
2025-03-28 03:58:02.646 INFO: Epoch 416: loss=0.0235, RMSE_E=0.9 meV, RMSE_F=4.8 meV / A
2025-03-28 03:58:22.099 INFO: Epoch 418: loss=0.0234, RMSE_E=0.9 meV, RMSE_F=4.8 meV / A
2025-03-28 03:58:41.616 INFO: Epoch 420: loss=0.0234, RMSE_E=0.9 meV, RMSE_F=4.8 meV / A
2025-03-28 03:59:01.131 INFO: Epoch 422: loss=0.0234, RMSE_E=0.9 meV, RMSE_F=4.8 meV / A
2025-03-28 03:59:20.629 INFO: Epoch 424: loss=0.0234, RMSE_E=0.9 meV, RMSE_F=4.8 meV / A
2025-03-28 03:59:40.123 INFO: Epoch 426: loss=0.0234, RMSE_E=0.9 meV, RMSE_F=4.8 meV / A
2025-03-28 03:59:59.570 INFO: Epoch 428: loss=0.0234, RMSE_E=0.9 meV, RMSE_F=4.8 meV / A
2025-03-28 04:00:19.020 INFO: Epoch 430: loss=0.0234, RMSE_E=0.9 meV, RMSE_F=4.8 meV / A
2025-03-28 04:00:38.530 INFO: Epoch 432: loss=0.0233, RMSE_E=0.9 meV, RMSE_F=4.8 meV / A
2025-03-28 04:00:57.994 INFO: Epoch 434: loss=0.0233, RMSE_E=0.9 meV, RMSE_F=4.8 meV / A
2025-03-28 04:01:17.526 INFO: Epoch 436: loss=0.0233, RMSE_E=0.9 meV, RMSE_F=4.8 meV / A
2025-03-28 04:01:36.957 INFO: Epoch 438: loss=0.0233, RMSE_E=0.9 meV, RMSE_F=4.8 meV / A
2025-03-28 04:01:56.410 INFO: Epoch 440: loss=0.0233, RMSE_E=0.9 meV, RMSE_F=4.8 meV / A
2025-03-28 04:02:15.755 INFO: Epoch 442: loss=0.0233, RMSE_E=0.9 meV, RMSE_F=4.8 meV / A
2025-03-28 04:02:35.255 INFO: Epoch 444: loss=0.0233, RMSE_E=0.9 meV, RMSE_F=4.8 meV / A
2025-03-28 04:02:54.757 INFO: Epoch 446: loss=0.0233, RMSE_E=0.9 meV, RMSE_F=4.8 meV / A
2025-03-28 04:03:14.149 INFO: Epoch 448: loss=0.0232, RMSE_E=0.9 meV, RMSE_F=4.8 meV / A
2025-03-28 04:03:33.630 INFO: Epoch 450: loss=0.0232, RMSE_E=0.9 meV, RMSE_F=4.8 meV / A
2025-03-28 04:03:53.035 INFO: Epoch 452: loss=0.0232, RMSE_E=0.9 meV, RMSE_F=4.8 meV / A
2025-03-28 04:04:12.448 INFO: Epoch 454: loss=0.0232, RMSE_E=0.9 meV, RMSE_F=4.8 meV / A
2025-03-28 04:04:31.951 INFO: Epoch 456: loss=0.0232, RMSE_E=0.9 meV, RMSE_F=4.8 meV / A
2025-03-28 04:04:51.216 INFO: Epoch 458: loss=0.0232, RMSE_E=0.9 meV, RMSE_F=4.8 meV / A
2025-03-28 04:05:10.613 INFO: Epoch 460: loss=0.0232, RMSE_E=0.9 meV, RMSE_F=4.8 meV / A
2025-03-28 04:05:30.146 INFO: Epoch 462: loss=0.0232, RMSE_E=0.9 meV, RMSE_F=4.8 meV / A
2025-03-28 04:05:49.670 INFO: Epoch 464: loss=0.0232, RMSE_E=0.9 meV, RMSE_F=4.8 meV / A
2025-03-28 04:06:09.243 INFO: Epoch 466: loss=0.0231, RMSE_E=0.9 meV, RMSE_F=4.8 meV / A
2025-03-28 04:06:28.735 INFO: Epoch 468: loss=0.0231, RMSE_E=0.9 meV, RMSE_F=4.8 meV / A
2025-03-28 04:06:48.179 INFO: Epoch 470: loss=0.0231, RMSE_E=0.9 meV, RMSE_F=4.8 meV / A
2025-03-28 04:07:07.699 INFO: Epoch 472: loss=0.0231, RMSE_E=0.9 meV, RMSE_F=4.8 meV / A
2025-03-28 04:07:27.015 INFO: Epoch 474: loss=0.0231, RMSE_E=0.9 meV, RMSE_F=4.8 meV / A
2025-03-28 04:07:46.444 INFO: Epoch 476: loss=0.0231, RMSE_E=0.9 meV, RMSE_F=4.8 meV / A
2025-03-28 04:08:05.772 INFO: Epoch 478: loss=0.0231, RMSE_E=0.9 meV, RMSE_F=4.8 meV / A
2025-03-28 04:08:25.048 INFO: Epoch 480: loss=0.0231, RMSE_E=0.9 meV, RMSE_F=4.8 meV / A
2025-03-28 04:08:44.389 INFO: Epoch 482: loss=0.0231, RMSE_E=0.9 meV, RMSE_F=4.8 meV / A
2025-03-28 04:09:03.719 INFO: Epoch 484: loss=0.0231, RMSE_E=0.9 meV, RMSE_F=4.8 meV / A
2025-03-28 04:09:22.883 INFO: Epoch 486: loss=0.0231, RMSE_E=0.9 meV, RMSE_F=4.8 meV / A
2025-03-28 04:09:42.084 INFO: Epoch 488: loss=0.0231, RMSE_E=0.9 meV, RMSE_F=4.8 meV / A
2025-03-28 04:10:01.116 INFO: Epoch 490: loss=0.0230, RMSE_E=0.9 meV, RMSE_F=4.8 meV / A
2025-03-28 04:10:20.437 INFO: Epoch 492: loss=0.0231, RMSE_E=0.9 meV, RMSE_F=4.8 meV / A
2025-03-28 04:10:39.733 INFO: Epoch 494: loss=0.0230, RMSE_E=0.9 meV, RMSE_F=4.8 meV / A
2025-03-28 04:10:59.138 INFO: Epoch 496: loss=0.0230, RMSE_E=0.9 meV, RMSE_F=4.8 meV / A
2025-03-28 04:11:18.514 INFO: Epoch 498: loss=0.0230, RMSE_E=0.9 meV, RMSE_F=4.8 meV / A
2025-03-28 04:11:27.926 INFO: Training complete
2025-03-28 04:11:27.927 INFO: Computing metrics for training, validation, and test sets
2025-03-28 04:11:28.177 INFO: Loading checkpoint: checkpoints/AcAc_run-2024_epoch-496.pt
2025-03-28 04:11:28.240 INFO: Loaded model from epoch 496
2025-03-28 04:11:28.241 INFO: Evaluating train ...
2025-03-28 04:11:33.074 INFO: Evaluating valid ...
2025-03-28 04:11:33.592 INFO: Evaluating 300K_MD ...
2025-03-28 04:11:41.210 INFO: 
+-------------+--------------+------------------+-------------------+
| config_type | RMSE E / meV | RMSE F / meV / A | relative F RMSE % |
+-------------+--------------+------------------+-------------------+
|    train    |     0.5      |       2.6        |        0.25       |
|    valid    |     0.9      |       4.8        |        0.47       |
|   300K_MD   |     0.9      |       4.6        |        0.44       |
+-------------+--------------+------------------+-------------------+
2025-03-28 04:11:41.210 INFO: Saving model to checkpoints/AcAc_run-2024.model
2025-03-28 04:11:41.586 INFO: Compiling model, saving metadata to AcAc_compiled.model
2025-03-28 04:11:42.387 INFO: Done
