2024-11-11 13:58:17.076 INFO: MACE version: 0.3.5
2024-11-11 13:58:17.076 INFO: Configuration: Namespace(config=None, name='AgAu', seed=123, log_dir='logs', model_dir='.', checkpoints_dir='checkpoints', results_dir='results', downloads_dir='downloads', device='cuda', default_dtype='float64', distributed=False, log_level='INFO', error_table='TotalRMSE', model='ScaleShiftMACE', r_max=6.0, radial_type='bessel', num_radial_basis=10, num_cutoff_basis=5, pair_repulsion=False, distance_transform='None', interaction='RealAgnosticResidualInteractionBlock', interaction_first='RealAgnosticResidualInteractionBlock', max_ell=3, correlation=3, num_interactions=2, MLP_irreps='16x0e', radial_MLP='[64, 64, 64]', hidden_irreps='128x0e + 128x1o', num_channels=128, max_L=2, gate='silu', scaling='rms_forces_scaling', avg_num_neighbors=1, compute_avg_num_neighbors=True, compute_stress=False, compute_forces=True, train_file='./dataset/train.xyz', valid_file='./dataset/valid.xyz', valid_fraction=0.1, test_file=None, test_dir=None, multi_processed_test=False, num_workers=0, pin_memory=True, atomic_numbers=None, mean=None, std=None, statistics_file=None, E0s='average', keep_isolated_atoms=False, energy_key='energy', forces_key='forces', virials_key='virials', stress_key='stress', dipole_key='dipole', charges_key='charges', loss='ef', forces_weight=1000.0, swa_forces_weight=100.0, energy_weight=1.0, swa_energy_weight=1000.0, virials_weight=1.0, swa_virials_weight=10.0, stress_weight=1.0, swa_stress_weight=10.0, dipole_weight=1.0, swa_dipole_weight=1.0, config_type_weights='{"Default":1.0}', huber_delta=0.01, optimizer='adam', beta=0.9, batch_size=5, valid_batch_size=5, lr=0.005, swa_lr=0.001, weight_decay=1e-08, amsgrad=True, scheduler='ReduceLROnPlateau', lr_factor=0.8, scheduler_patience=5, lr_scheduler_gamma=0.9993, swa=False, start_swa=None, ema=True, ema_decay=0.995, max_num_epochs=200, patience=2048, foundation_model='/share/home/wangchen/work/mace/MPtrj/2024-01-07-mace-128-L2_epoch-199.model', foundation_model_readout=True, eval_interval=2, keep_checkpoints=False, save_all_checkpoints=False, restart_latest=False, save_cpu=True, clip_grad=100.0, wandb=False, wandb_dir=None, wandb_project='', wandb_entity='', wandb_name='', wandb_log_hypers=['num_channels', 'max_L', 'correlation', 'lr', 'swa_lr', 'weight_decay', 'batch_size', 'max_num_epochs', 'start_swa', 'energy_weight', 'forces_weight'])
2024-11-11 13:58:17.167 INFO: CUDA version: 11.8, CUDA device: 0
2024-11-11 13:58:17.216 INFO: Error accessing Git repository: /share/home/wangchen/work/mace/DeePMD/AgAu/L2_finetune_LoRA_16
2024-11-11 13:58:17.486 INFO: Using foundation model /share/home/wangchen/work/mace/MPtrj/2024-01-07-mace-128-L2_epoch-199.model as initial checkpoint.
2024-11-11 13:58:21.608 INFO: Since ASE version 3.23.0b1, using energy_key 'energy' is no longer safe when communicating between MACE and ASE. We recommend using a different key, rewriting energies to 'REF_energy'. You need to use --energy_key='REF_energy', to tell the key name chosen.
2024-11-11 13:58:23.470 INFO: Since ASE version 3.23.0b1, using forces_key 'forces' is no longer safe when communicating between MACE and ASE. We recommend using a different key, rewriting energies to 'REF_forces'. You need to use --forces_key='REF_forces', to tell the key name chosen.
2024-11-11 13:58:25.046 INFO: Since ASE version 3.23.0b1, using stress_key 'stress' is no longer safe when communicating between MACE and ASE. We recommend using a different key, rewriting energies to 'REF_stress'. You need to use --stress_key='REF_stress', to tell the key name chosen.
2024-11-11 13:58:25.282 INFO: Loaded 16791 training configurations from './dataset/train.xyz'
2024-11-11 13:58:25.445 INFO: Since ASE version 3.23.0b1, using energy_key 'energy' is no longer safe when communicating between MACE and ASE. We recommend using a different key, rewriting energies to 'REF_energy'. You need to use --energy_key='REF_energy', to tell the key name chosen.
2024-11-11 13:58:25.522 INFO: Since ASE version 3.23.0b1, using forces_key 'forces' is no longer safe when communicating between MACE and ASE. We recommend using a different key, rewriting energies to 'REF_forces'. You need to use --forces_key='REF_forces', to tell the key name chosen.
2024-11-11 13:58:25.599 INFO: Since ASE version 3.23.0b1, using stress_key 'stress' is no longer safe when communicating between MACE and ASE. We recommend using a different key, rewriting energies to 'REF_stress'. You need to use --stress_key='REF_stress', to tell the key name chosen.
2024-11-11 13:58:25.610 INFO: Loaded 817 validation configurations from './dataset/valid.xyz'
2024-11-11 13:58:25.611 INFO: Total number of configurations: train=16791, valid=817, tests=[]
2024-11-11 13:58:25.645 INFO: AtomicNumberTable: (47, 79)
2024-11-11 13:58:25.645 INFO: Atomic Energies not in training file, using command line argument E0s
2024-11-11 13:58:25.645 INFO: Computing average Atomic Energies using least squares regression
2024-11-11 13:58:25.689 INFO: Atomic energies: [-2.287313658989494, -2.271768042231156]
2024-11-11 13:58:38.260 INFO: EnergyForcesLoss(energy_weight=1.000, forces_weight=1000.000)
2024-11-11 13:58:42.746 INFO: Average number of neighbors: 52.342346281372244
2024-11-11 13:58:42.746 INFO: Selected the following outputs: {'energy': True, 'forces': True, 'virials': False, 'stress': False, 'dipoles': False}
2024-11-11 13:58:47.187 INFO: Building model
2024-11-11 13:58:49.143 INFO: Number of trainable parameters: 186570
2024-11-11 13:58:49.147 INFO: ScaleShiftMACE(
  (node_embedding): LinearNodeEmbeddingBlock(
    (linear): Linear(2x0e -> 128x0e | 256 weights) | 2080 LoRA_weights)
  )
  (radial_embedding): RadialEmbeddingBlock(
    (bessel_fn): BesselBasis(r_max=6.0, num_basis=10, trainable=True)
    (cutoff_fn): PolynomialCutoff(p=5.0, r_max=6.0)
  )
  (spherical_harmonics): SphericalHarmonics()
  (atomic_energies_fn): AtomicEnergiesBlock(energies=[-2.2873, -2.2718])
  (interactions): ModuleList(
    (0): RealAgnosticResidualInteractionBlock(
      (linear_up): Linear(128x0e -> 128x0e | 16384 weights) | 4096 LoRA_weights)
      (conv_tp): TensorProduct(128x0e x 1x0e+1x1o+1x2e+1x3o -> 128x0e+128x1o+128x2e+128x3o | 512 paths | 512 weights | 0 LoRA_weights)
      (conv_tp_weights): FullyConnectedNet[10, 64, 64, 64, 512]
      (linear): Linear(128x0e+128x1o+128x2e+128x3o -> 128x0e+128x1o+128x2e+128x3o | 65536 weights) | 16384 LoRA_weights)
      (skip_tp): FullyConnectedTensorProduct(128x0e x 2x0e -> 128x0e+128x1o+128x2e | 32768 paths | 32768 weights | 6144 LoRA_weights)
      (reshape): reshape_irreps()
    )
    (1): RealAgnosticResidualInteractionBlock(
      (linear_up): Linear(128x0e+128x1o+128x2e -> 128x0e+128x1o+128x2e | 49152 weights) | 12288 LoRA_weights)
      (conv_tp): TensorProduct(128x0e+128x1o+128x2e x 1x0e+1x1o+1x2e+1x3o -> 384x0e+640x1o+640x2e+512x3o | 2176 paths | 2176 weights | 0 LoRA_weights)
      (conv_tp_weights): FullyConnectedNet[10, 64, 64, 64, 2176]
      (linear): Linear(384x0e+640x1o+640x2e+512x3o -> 128x0e+128x1o+128x2e+128x3o | 278528 weights) | 43008 LoRA_weights)
      (skip_tp): FullyConnectedTensorProduct(128x0e+128x1o+128x2e x 2x0e -> 128x0e | 32768 paths | 32768 weights | 6144 LoRA_weights)
      (reshape): reshape_irreps()
    )
  )
  (products): ModuleList(
    (0): EquivariantProductBasisBlock(
      (symmetric_contractions): SymmetricContraction(
        (contractions): ModuleList(
          (0): Contraction(
            (contractions_weighting): ModuleList(
              (0-1): 2 x GraphModule()
            )
            (contractions_features): ModuleList(
              (0-1): 2 x GraphModule()
            )
            (weights): ParameterList(
                (0): Parameter containing: [torch.float64 of size 2x4x128 (cuda:0)]
                (1): Parameter containing: [torch.float64 of size 2x1x128 (cuda:0)]
            )
            (graph_opt_main): GraphModule()
            (LoRA_weight): ParameterList(
                (0): Parameter containing: [torch.float64 of size 2x23x16 (cuda:0)]
                (1): Parameter containing: [torch.float64 of size 16x128 (cuda:0)]
            )
          )
          (1): Contraction(
            (contractions_weighting): ModuleList(
              (0-1): 2 x GraphModule()
            )
            (contractions_features): ModuleList(
              (0-1): 2 x GraphModule()
            )
            (weights): ParameterList(
                (0): Parameter containing: [torch.float64 of size 2x6x128 (cuda:0)]
                (1): Parameter containing: [torch.float64 of size 2x1x128 (cuda:0)]
            )
            (graph_opt_main): GraphModule()
            (LoRA_weight): ParameterList(
                (0): Parameter containing: [torch.float64 of size 2x51x16 (cuda:0)]
                (1): Parameter containing: [torch.float64 of size 16x128 (cuda:0)]
            )
          )
          (2): Contraction(
            (contractions_weighting): ModuleList(
              (0-1): 2 x GraphModule()
            )
            (contractions_features): ModuleList(
              (0-1): 2 x GraphModule()
            )
            (weights): ParameterList(
                (0): Parameter containing: [torch.float64 of size 2x7x128 (cuda:0)]
                (1): Parameter containing: [torch.float64 of size 2x1x128 (cuda:0)]
            )
            (graph_opt_main): GraphModule()
            (LoRA_weight): ParameterList(
                (0): Parameter containing: [torch.float64 of size 2x65x16 (cuda:0)]
                (1): Parameter containing: [torch.float64 of size 16x128 (cuda:0)]
            )
          )
        )
      )
      (linear): Linear(128x0e+128x1o+128x2e -> 128x0e+128x1o+128x2e | 49152 weights) | 12288 LoRA_weights)
    )
    (1): EquivariantProductBasisBlock(
      (symmetric_contractions): SymmetricContraction(
        (contractions): ModuleList(
          (0): Contraction(
            (contractions_weighting): ModuleList(
              (0-1): 2 x GraphModule()
            )
            (contractions_features): ModuleList(
              (0-1): 2 x GraphModule()
            )
            (weights): ParameterList(
                (0): Parameter containing: [torch.float64 of size 2x4x128 (cuda:0)]
                (1): Parameter containing: [torch.float64 of size 2x1x128 (cuda:0)]
            )
            (graph_opt_main): GraphModule()
            (LoRA_weight): ParameterList(
                (0): Parameter containing: [torch.float64 of size 2x23x16 (cuda:0)]
                (1): Parameter containing: [torch.float64 of size 16x128 (cuda:0)]
            )
          )
        )
      )
      (linear): Linear(128x0e -> 128x0e | 16384 weights) | 4096 LoRA_weights)
    )
  )
  (readouts): ModuleList(
    (0): LinearReadoutBlock(
      (linear): Linear(128x0e+128x1o+128x2e -> 1x0e | 128 weights) | 2064 LoRA_weights)
    )
    (1): NonLinearReadoutBlock(
      (linear_1): Linear(128x0e -> 16x0e | 2048 weights) | 2304 LoRA_weights)
      (non_linearity): Activation [x] (16x0e -> 16x0e)
      (linear_2): Linear(16x0e -> 1x0e | 16 weights) | 272 LoRA_weights)
    )
  )
  (scale_shift): ScaleShiftBlock(scale=0.804154, shift=0.164097)
)
2024-11-11 13:58:49.150 INFO: Number of parameters: 960858
2024-11-11 13:58:49.150 INFO: Optimizer: Adam (
Parameter Group 0
    amsgrad: True
    betas: (0.9, 0.999)
    capturable: False
    differentiable: False
    eps: 1e-08
    foreach: None
    fused: None
    lr: 0.005
    maximize: False
    name: embedding
    weight_decay: 0.0

Parameter Group 1
    amsgrad: True
    betas: (0.9, 0.999)
    capturable: False
    differentiable: False
    eps: 1e-08
    foreach: None
    fused: None
    lr: 0.005
    maximize: False
    name: interactions_decay
    weight_decay: 1e-08

Parameter Group 2
    amsgrad: True
    betas: (0.9, 0.999)
    capturable: False
    differentiable: False
    eps: 1e-08
    foreach: None
    fused: None
    lr: 0.005
    maximize: False
    name: interactions_no_decay
    weight_decay: 0.0

Parameter Group 3
    amsgrad: True
    betas: (0.9, 0.999)
    capturable: False
    differentiable: False
    eps: 1e-08
    foreach: None
    fused: None
    lr: 0.005
    maximize: False
    name: products
    weight_decay: 1e-08

Parameter Group 4
    amsgrad: True
    betas: (0.9, 0.999)
    capturable: False
    differentiable: False
    eps: 1e-08
    foreach: None
    fused: None
    lr: 0.005
    maximize: False
    name: readouts
    weight_decay: 0.0
)
2024-11-11 13:58:49.150 INFO: Using gradient clipping with tolerance=100.000
2024-11-11 13:58:49.150 INFO: Started training
2024-11-11 13:59:06.105 INFO: Epoch None: loss=627.0399, RMSE_E=6691.8 meV, RMSE_F=530.6 meV / A
2024-11-11 14:08:23.346 INFO: Epoch 0: loss=40.9104, RMSE_E=2957.1 meV, RMSE_F=122.5 meV / A
2024-11-11 14:26:52.536 INFO: Epoch 2: loss=33.4433, RMSE_E=1064.5 meV, RMSE_F=122.8 meV / A
2024-11-11 14:45:24.208 INFO: Epoch 4: loss=4.5522, RMSE_E=292.9 meV, RMSE_F=46.7 meV / A
2024-11-11 15:03:11.955 INFO: Epoch 6: loss=4.0385, RMSE_E=235.7 meV, RMSE_F=46.3 meV / A
2024-11-11 15:20:10.884 INFO: Epoch 8: loss=6.1088, RMSE_E=780.9 meV, RMSE_F=52.7 meV / A
2024-11-11 15:37:10.122 INFO: Epoch 10: loss=1.1957, RMSE_E=213.2 meV, RMSE_F=24.5 meV / A
2024-11-11 15:53:42.073 INFO: Epoch 12: loss=0.6260, RMSE_E=223.2 meV, RMSE_F=18.0 meV / A
2024-11-11 16:10:16.690 INFO: Epoch 14: loss=4.3417, RMSE_E=175.8 meV, RMSE_F=45.9 meV / A
2024-11-11 16:27:19.622 INFO: Epoch 16: loss=2.0425, RMSE_E=111.2 meV, RMSE_F=31.0 meV / A
2024-11-11 16:44:22.451 INFO: Epoch 18: loss=1.9727, RMSE_E=166.0 meV, RMSE_F=31.9 meV / A
2024-11-11 16:59:38.951 INFO: Epoch 20: loss=1.3185, RMSE_E=124.5 meV, RMSE_F=25.3 meV / A
2024-11-11 17:16:49.990 INFO: Epoch 22: loss=0.8302, RMSE_E=100.2 meV, RMSE_F=20.4 meV / A
2024-11-11 17:33:33.671 INFO: Epoch 24: loss=0.7074, RMSE_E=97.4 meV, RMSE_F=19.1 meV / A
2024-11-11 17:52:02.688 INFO: Epoch 26: loss=0.4983, RMSE_E=103.5 meV, RMSE_F=16.6 meV / A
2024-11-11 18:10:26.902 INFO: Epoch 28: loss=0.9172, RMSE_E=96.6 meV, RMSE_F=21.2 meV / A
2024-11-11 18:28:33.408 INFO: Epoch 30: loss=0.5464, RMSE_E=95.6 meV, RMSE_F=16.7 meV / A
2024-11-11 18:47:05.031 INFO: Epoch 32: loss=0.6721, RMSE_E=127.0 meV, RMSE_F=19.0 meV / A
2024-11-11 19:05:44.487 INFO: Epoch 34: loss=0.5493, RMSE_E=92.9 meV, RMSE_F=17.0 meV / A
2024-11-11 19:23:34.960 INFO: Epoch 36: loss=0.5646, RMSE_E=104.6 meV, RMSE_F=16.8 meV / A
2024-11-11 19:42:31.604 INFO: Epoch 38: loss=1.0512, RMSE_E=82.4 meV, RMSE_F=24.5 meV / A
2024-11-11 20:00:35.678 INFO: Epoch 40: loss=0.7728, RMSE_E=110.5 meV, RMSE_F=20.3 meV / A
2024-11-11 20:18:49.522 INFO: Epoch 42: loss=0.3147, RMSE_E=89.2 meV, RMSE_F=13.1 meV / A
2024-11-11 20:35:19.282 INFO: Epoch 44: loss=0.2998, RMSE_E=84.0 meV, RMSE_F=12.8 meV / A
2024-11-11 20:51:48.395 INFO: Epoch 46: loss=0.4745, RMSE_E=87.7 meV, RMSE_F=15.6 meV / A
2024-11-11 21:09:36.246 INFO: Epoch 48: loss=0.3939, RMSE_E=102.5 meV, RMSE_F=14.5 meV / A
2024-11-11 21:28:02.464 INFO: Epoch 50: loss=0.3808, RMSE_E=79.6 meV, RMSE_F=14.5 meV / A
2024-11-11 21:46:36.008 INFO: Epoch 52: loss=0.4513, RMSE_E=96.1 meV, RMSE_F=15.2 meV / A
2024-11-11 22:05:20.822 INFO: Epoch 54: loss=0.5407, RMSE_E=84.8 meV, RMSE_F=17.6 meV / A
2024-11-11 22:24:12.880 INFO: Epoch 56: loss=0.2921, RMSE_E=89.8 meV, RMSE_F=12.8 meV / A
2024-11-11 22:43:37.204 INFO: Epoch 58: loss=0.2001, RMSE_E=80.4 meV, RMSE_F=10.9 meV / A
2024-11-11 23:02:36.241 INFO: Epoch 60: loss=0.2192, RMSE_E=89.7 meV, RMSE_F=11.2 meV / A
2024-11-11 23:21:44.284 INFO: Epoch 62: loss=0.2409, RMSE_E=77.7 meV, RMSE_F=11.7 meV / A
2024-11-11 23:41:04.878 INFO: Epoch 64: loss=0.2437, RMSE_E=79.8 meV, RMSE_F=12.0 meV / A
2024-11-12 00:00:14.459 INFO: Epoch 66: loss=0.2128, RMSE_E=80.9 meV, RMSE_F=11.3 meV / A
2024-11-12 00:18:37.891 INFO: Epoch 68: loss=0.3400, RMSE_E=77.4 meV, RMSE_F=13.7 meV / A
2024-11-12 00:37:23.497 INFO: Epoch 70: loss=0.2293, RMSE_E=95.7 meV, RMSE_F=11.5 meV / A
2024-11-12 00:56:17.035 INFO: Epoch 72: loss=0.2616, RMSE_E=85.2 meV, RMSE_F=12.2 meV / A
2024-11-12 01:14:38.410 INFO: Epoch 74: loss=0.1635, RMSE_E=88.2 meV, RMSE_F=9.9 meV / A
2024-11-12 01:33:17.908 INFO: Epoch 76: loss=0.2012, RMSE_E=81.4 meV, RMSE_F=10.9 meV / A
2024-11-12 01:51:54.218 INFO: Epoch 78: loss=0.4545, RMSE_E=86.0 meV, RMSE_F=15.8 meV / A
2024-11-12 02:10:23.166 INFO: Epoch 80: loss=0.1955, RMSE_E=101.1 meV, RMSE_F=10.7 meV / A
2024-11-12 02:28:28.174 INFO: Epoch 82: loss=0.1466, RMSE_E=72.1 meV, RMSE_F=9.6 meV / A
2024-11-12 02:46:39.759 INFO: Epoch 84: loss=0.2476, RMSE_E=83.9 meV, RMSE_F=12.0 meV / A
2024-11-12 03:05:15.864 INFO: Epoch 86: loss=0.2018, RMSE_E=88.7 meV, RMSE_F=10.9 meV / A
2024-11-12 03:23:51.335 INFO: Epoch 88: loss=0.2167, RMSE_E=71.5 meV, RMSE_F=11.2 meV / A
2024-11-12 03:42:11.871 INFO: Epoch 90: loss=0.3120, RMSE_E=81.0 meV, RMSE_F=13.3 meV / A
2024-11-12 04:00:55.416 INFO: Epoch 92: loss=0.3139, RMSE_E=70.2 meV, RMSE_F=13.2 meV / A
2024-11-12 04:20:02.951 INFO: Epoch 94: loss=0.2142, RMSE_E=69.2 meV, RMSE_F=11.1 meV / A
2024-11-12 04:39:12.164 INFO: Epoch 96: loss=0.2494, RMSE_E=93.1 meV, RMSE_F=11.9 meV / A
2024-11-12 04:58:03.903 INFO: Epoch 98: loss=0.1559, RMSE_E=67.7 meV, RMSE_F=9.8 meV / A
2024-11-12 05:17:06.549 INFO: Epoch 100: loss=0.2160, RMSE_E=87.2 meV, RMSE_F=11.1 meV / A
2024-11-12 05:29:57.492 INFO: Epoch 102: loss=0.2026, RMSE_E=64.2 meV, RMSE_F=11.0 meV / A
2024-11-12 05:42:49.895 INFO: Epoch 104: loss=0.1589, RMSE_E=72.6 meV, RMSE_F=9.9 meV / A
2024-11-12 05:55:46.744 INFO: Epoch 106: loss=0.2122, RMSE_E=73.0 meV, RMSE_F=11.1 meV / A
2024-11-12 06:08:37.037 INFO: Epoch 108: loss=0.2239, RMSE_E=64.2 meV, RMSE_F=11.3 meV / A
2024-11-12 06:21:29.851 INFO: Epoch 110: loss=0.1980, RMSE_E=64.3 meV, RMSE_F=10.9 meV / A
2024-11-12 06:34:20.945 INFO: Epoch 112: loss=0.1852, RMSE_E=68.5 meV, RMSE_F=10.5 meV / A
2024-11-12 06:47:12.795 INFO: Epoch 114: loss=0.2289, RMSE_E=67.0 meV, RMSE_F=11.5 meV / A
2024-11-12 07:00:05.592 INFO: Epoch 116: loss=0.1621, RMSE_E=61.7 meV, RMSE_F=10.0 meV / A
2024-11-12 07:12:59.010 INFO: Epoch 118: loss=0.1908, RMSE_E=63.7 meV, RMSE_F=10.7 meV / A
2024-11-12 07:27:05.707 INFO: Epoch 120: loss=0.1724, RMSE_E=62.8 meV, RMSE_F=10.3 meV / A
2024-11-12 07:41:11.470 INFO: Epoch 122: loss=0.1692, RMSE_E=60.3 meV, RMSE_F=10.1 meV / A
2024-11-12 07:55:18.658 INFO: Epoch 124: loss=0.1667, RMSE_E=66.3 meV, RMSE_F=10.1 meV / A
2024-11-12 08:09:20.706 INFO: Epoch 126: loss=0.1507, RMSE_E=62.4 meV, RMSE_F=9.7 meV / A
2024-11-12 08:23:20.638 INFO: Epoch 128: loss=0.1605, RMSE_E=61.6 meV, RMSE_F=9.9 meV / A
2024-11-12 08:37:35.565 INFO: Epoch 130: loss=0.1684, RMSE_E=57.7 meV, RMSE_F=10.2 meV / A
2024-11-12 08:51:46.091 INFO: Epoch 132: loss=0.1693, RMSE_E=60.2 meV, RMSE_F=10.2 meV / A
2024-11-12 09:05:47.588 INFO: Epoch 134: loss=0.1917, RMSE_E=65.0 meV, RMSE_F=10.7 meV / A
2024-11-12 09:19:42.091 INFO: Epoch 136: loss=0.1663, RMSE_E=55.9 meV, RMSE_F=10.1 meV / A
2024-11-12 09:33:41.405 INFO: Epoch 138: loss=0.1653, RMSE_E=57.2 meV, RMSE_F=10.1 meV / A
2024-11-12 09:47:44.679 INFO: Epoch 140: loss=0.1537, RMSE_E=56.1 meV, RMSE_F=9.8 meV / A
2024-11-12 10:01:44.825 INFO: Epoch 142: loss=0.1506, RMSE_E=55.9 meV, RMSE_F=9.7 meV / A
2024-11-12 10:15:39.396 INFO: Epoch 144: loss=0.1587, RMSE_E=54.8 meV, RMSE_F=9.9 meV / A
2024-11-12 10:29:30.094 INFO: Epoch 146: loss=0.1506, RMSE_E=54.7 meV, RMSE_F=9.7 meV / A
2024-11-12 10:43:27.538 INFO: Epoch 148: loss=0.1675, RMSE_E=55.6 meV, RMSE_F=10.1 meV / A
2024-11-12 10:56:54.431 INFO: Epoch 150: loss=0.1712, RMSE_E=58.0 meV, RMSE_F=10.2 meV / A
2024-11-12 11:09:59.909 INFO: Epoch 152: loss=0.1481, RMSE_E=54.2 meV, RMSE_F=9.7 meV / A
2024-11-12 11:23:01.482 INFO: Epoch 154: loss=0.1474, RMSE_E=53.4 meV, RMSE_F=9.6 meV / A
2024-11-12 11:35:54.442 INFO: Epoch 156: loss=0.1549, RMSE_E=54.5 meV, RMSE_F=9.8 meV / A
2024-11-12 11:48:47.508 INFO: Epoch 158: loss=0.1538, RMSE_E=52.7 meV, RMSE_F=9.8 meV / A
2024-11-12 12:01:42.121 INFO: Epoch 160: loss=0.1483, RMSE_E=53.1 meV, RMSE_F=9.7 meV / A
2024-11-12 12:14:39.956 INFO: Epoch 162: loss=0.1595, RMSE_E=53.8 meV, RMSE_F=9.9 meV / A
2024-11-12 12:27:34.624 INFO: Epoch 164: loss=0.1553, RMSE_E=52.4 meV, RMSE_F=9.8 meV / A
2024-11-12 12:40:28.734 INFO: Epoch 166: loss=0.1585, RMSE_E=52.8 meV, RMSE_F=9.9 meV / A
2024-11-12 12:53:27.147 INFO: Epoch 168: loss=0.1561, RMSE_E=52.9 meV, RMSE_F=9.9 meV / A
2024-11-12 13:06:19.443 INFO: Epoch 170: loss=0.1580, RMSE_E=51.5 meV, RMSE_F=9.9 meV / A
2024-11-12 13:19:21.661 INFO: Epoch 172: loss=0.1460, RMSE_E=51.5 meV, RMSE_F=9.6 meV / A
2024-11-12 13:32:15.517 INFO: Epoch 174: loss=0.1500, RMSE_E=51.2 meV, RMSE_F=9.7 meV / A
2024-11-12 13:45:29.882 INFO: Epoch 176: loss=0.1446, RMSE_E=51.2 meV, RMSE_F=9.6 meV / A
2024-11-12 13:58:29.198 INFO: Epoch 178: loss=0.1430, RMSE_E=50.7 meV, RMSE_F=9.5 meV / A
2024-11-12 14:11:24.658 INFO: Epoch 180: loss=0.1502, RMSE_E=51.3 meV, RMSE_F=9.7 meV / A
2024-11-12 14:24:19.111 INFO: Epoch 182: loss=0.1542, RMSE_E=50.7 meV, RMSE_F=9.8 meV / A
2024-11-12 14:37:11.177 INFO: Epoch 184: loss=0.1483, RMSE_E=50.6 meV, RMSE_F=9.7 meV / A
2024-11-12 14:50:05.077 INFO: Epoch 186: loss=0.1488, RMSE_E=50.4 meV, RMSE_F=9.7 meV / A
2024-11-12 15:02:59.220 INFO: Epoch 188: loss=0.1457, RMSE_E=50.7 meV, RMSE_F=9.6 meV / A
2024-11-12 15:15:50.355 INFO: Epoch 190: loss=0.1506, RMSE_E=50.8 meV, RMSE_F=9.7 meV / A
2024-11-12 15:28:45.413 INFO: Epoch 192: loss=0.1455, RMSE_E=50.4 meV, RMSE_F=9.6 meV / A
2024-11-12 15:41:40.306 INFO: Epoch 194: loss=0.1459, RMSE_E=49.4 meV, RMSE_F=9.6 meV / A
2024-11-12 15:54:35.441 INFO: Epoch 196: loss=0.1461, RMSE_E=49.9 meV, RMSE_F=9.6 meV / A
2024-11-12 16:07:28.680 INFO: Epoch 198: loss=0.1487, RMSE_E=50.1 meV, RMSE_F=9.7 meV / A
2024-11-12 16:13:52.314 INFO: Training complete
2024-11-12 16:13:52.315 INFO: Computing metrics for training, validation, and test sets
2024-11-12 16:13:52.317 INFO: Loading checkpoint: checkpoints/AgAu_run-123_epoch-178.pt
2024-11-12 16:13:52.583 INFO: Loaded model from epoch 178
2024-11-12 16:13:52.584 INFO: Evaluating train ...
2024-11-12 16:20:14.048 INFO: Evaluating valid ...
2024-11-12 16:20:23.603 INFO: 
+-------------+--------------+------------------+-------------------+
| config_type | RMSE E / meV | RMSE F / meV / A | relative F RMSE % |
+-------------+--------------+------------------+-------------------+
|    train    |     51.1     |       8.5        |        0.67       |
|    valid    |     50.7     |       9.5        |        0.85       |
+-------------+--------------+------------------+-------------------+
2024-11-12 16:20:23.604 INFO: Saving model to checkpoints/AgAu_run-123.model
2024-11-12 16:20:24.037 INFO: Compiling model, saving metadata to AgAu_compiled.model
2024-11-12 16:20:24.396 INFO: Done
