2024-11-25 15:08:13.037 INFO: MACE version: 0.3.5
2024-11-25 15:08:13.037 INFO: Configuration: Namespace(config=None, name='uracil', seed=123, log_dir='logs', model_dir='.', checkpoints_dir='checkpoints', results_dir='results', downloads_dir='downloads', device='cuda', default_dtype='float64', distributed=False, log_level='INFO', error_table='TotalRMSE', model='MACE', r_max=5.0, radial_type='bessel', num_radial_basis=8, num_cutoff_basis=5, pair_repulsion=False, distance_transform='None', interaction='RealAgnosticResidualInteractionBlock', interaction_first='RealAgnosticResidualInteractionBlock', max_ell=3, correlation=3, num_interactions=2, MLP_irreps='16x0e', radial_MLP='[64, 64, 64]', hidden_irreps='128x0e + 128x1o', num_channels=128, max_L=1, gate='silu', scaling='rms_forces_scaling', avg_num_neighbors=1, compute_avg_num_neighbors=True, compute_stress=False, compute_forces=True, train_file='./dataset/train.xyz', valid_file='./dataset/valid.xyz', valid_fraction=0.1, test_file=None, test_dir=None, multi_processed_test=False, num_workers=0, pin_memory=True, atomic_numbers=None, mean=None, std=None, statistics_file=None, E0s='average', keep_isolated_atoms=False, energy_key='energy', forces_key='forces', virials_key='virials', stress_key='stress', dipole_key='dipole', charges_key='charges', loss='ef', forces_weight=1000.0, swa_forces_weight=100.0, energy_weight=1.0, swa_energy_weight=1000.0, virials_weight=1.0, swa_virials_weight=10.0, stress_weight=1.0, swa_stress_weight=10.0, dipole_weight=1.0, swa_dipole_weight=1.0, config_type_weights='{"Default":1.0}', huber_delta=0.01, optimizer='adam', beta=0.9, batch_size=5, valid_batch_size=5, lr=0.005, swa_lr=0.001, weight_decay=1e-08, amsgrad=True, scheduler='ReduceLROnPlateau', lr_factor=0.8, scheduler_patience=5, lr_scheduler_gamma=0.9993, swa=False, start_swa=None, ema=True, ema_decay=0.995, max_num_epochs=500, patience=2048, foundation_model='/home/l6eub2ic/whcs-share31/wangchen/mace/MPtrj/MACE-OFF23_medium.model', foundation_model_readout=True, eval_interval=2, keep_checkpoints=False, save_all_checkpoints=False, restart_latest=False, save_cpu=True, clip_grad=100.0, wandb=False, wandb_dir=None, wandb_project='', wandb_entity='', wandb_name='', wandb_log_hypers=['num_channels', 'max_L', 'correlation', 'lr', 'swa_lr', 'weight_decay', 'batch_size', 'max_num_epochs', 'start_swa', 'energy_weight', 'forces_weight'])
2024-11-25 15:08:13.173 INFO: CUDA version: 11.8, CUDA device: 0
2024-11-25 15:08:13.681 INFO: Error accessing Git repository: /home/l6eub2ic/whcs-share31/wangchen/mace/organic/uracil/LoRA
2024-11-25 15:08:16.149 INFO: Using foundation model /home/l6eub2ic/whcs-share31/wangchen/mace/MPtrj/MACE-OFF23_medium.model as initial checkpoint.
2024-11-25 15:08:16.205 INFO: Since ASE version 3.23.0b1, using energy_key 'energy' is no longer safe when communicating between MACE and ASE. We recommend using a different key, rewriting energies to 'REF_energy'. You need to use --energy_key='REF_energy', to tell the key name chosen.
2024-11-25 15:08:16.216 INFO: Since ASE version 3.23.0b1, using forces_key 'forces' is no longer safe when communicating between MACE and ASE. We recommend using a different key, rewriting energies to 'REF_forces'. You need to use --forces_key='REF_forces', to tell the key name chosen.
2024-11-25 15:08:16.225 INFO: Since ASE version 3.23.0b1, using stress_key 'stress' is no longer safe when communicating between MACE and ASE. We recommend using a different key, rewriting energies to 'REF_stress'. You need to use --stress_key='REF_stress', to tell the key name chosen.
2024-11-25 15:08:16.227 INFO: Loaded 50 training configurations from './dataset/train.xyz'
2024-11-25 15:08:17.649 INFO: Since ASE version 3.23.0b1, using energy_key 'energy' is no longer safe when communicating between MACE and ASE. We recommend using a different key, rewriting energies to 'REF_energy'. You need to use --energy_key='REF_energy', to tell the key name chosen.
2024-11-25 15:08:17.820 INFO: Since ASE version 3.23.0b1, using forces_key 'forces' is no longer safe when communicating between MACE and ASE. We recommend using a different key, rewriting energies to 'REF_forces'. You need to use --forces_key='REF_forces', to tell the key name chosen.
2024-11-25 15:08:17.991 INFO: Since ASE version 3.23.0b1, using stress_key 'stress' is no longer safe when communicating between MACE and ASE. We recommend using a different key, rewriting energies to 'REF_stress'. You need to use --stress_key='REF_stress', to tell the key name chosen.
2024-11-25 15:08:18.014 INFO: Loaded 950 validation configurations from './dataset/valid.xyz'
2024-11-25 15:08:18.014 INFO: Total number of configurations: train=50, valid=950, tests=[]
2024-11-25 15:08:18.017 INFO: AtomicNumberTable: (1, 6, 7, 8)
2024-11-25 15:08:18.017 INFO: Atomic Energies not in training file, using command line argument E0s
2024-11-25 15:08:18.017 INFO: Computing average Atomic Energies using least squares regression
2024-11-25 15:08:18.023 INFO: Atomic energies: [-1126.65770642996, -1126.6577064299602, -563.3288532149801, -563.3288532149801]
2024-11-25 15:08:18.545 INFO: EnergyForcesLoss(energy_weight=1.000, forces_weight=1000.000)
2024-11-25 15:08:18.571 INFO: Average number of neighbors: 10.746666666666666
2024-11-25 15:08:18.572 INFO: Selected the following outputs: {'energy': True, 'forces': True, 'virials': False, 'stress': False, 'dipoles': False}
2024-11-25 15:08:18.594 INFO: Building model
2024-11-25 15:08:28.163 INFO: Number of trainable parameters: 189864
2024-11-25 15:08:28.166 INFO: ScaleShiftMACE(
  (node_embedding): LinearNodeEmbeddingBlock(
    (linear): Linear(4x0e -> 128x0e | 512 weights) | 2112 LoRA_weights)
  )
  (radial_embedding): RadialEmbeddingBlock(
    (bessel_fn): BesselBasis(r_max=5.0, num_basis=8, trainable=True)
    (cutoff_fn): PolynomialCutoff(p=5.0, r_max=5.0)
  )
  (spherical_harmonics): SphericalHarmonics()
  (atomic_energies_fn): AtomicEnergiesBlock(energies=[-1126.6577, -1126.6577, -563.3289, -563.3289])
  (interactions): ModuleList(
    (0): RealAgnosticInteractionBlock(
      (linear_up): Linear(128x0e -> 128x0e | 16384 weights) | 4096 LoRA_weights)
      (conv_tp): TensorProduct(128x0e x 1x0e+1x1o+1x2e+1x3o -> 128x0e+128x1o+128x2e+128x3o | 512 paths | 512 weights | 0 LoRA_weights)
      (conv_tp_weights): FullyConnectedNet[8, 64, 64, 64, 512]
      (linear): Linear(128x0e+128x1o+128x2e+128x3o -> 128x0e+128x1o+128x2e+128x3o | 65536 weights) | 16384 LoRA_weights)
      (skip_tp): FullyConnectedTensorProduct(128x0e+128x1o+128x2e+128x3o x 4x0e -> 128x0e+128x1o+128x2e+128x3o | 262144 paths | 262144 weights | 40960 LoRA_weights)
      (reshape): reshape_irreps()
    )
    (1): RealAgnosticResidualInteractionBlock(
      (linear_up): Linear(128x0e+128x1o -> 128x0e+128x1o | 32768 weights) | 8192 LoRA_weights)
      (conv_tp): TensorProduct(128x0e+128x1o x 1x0e+1x1o+1x2e+1x3o -> 256x0e+384x1o+384x2e+256x3o | 1280 paths | 1280 weights | 0 LoRA_weights)
      (conv_tp_weights): FullyConnectedNet[8, 64, 64, 64, 1280]
      (linear): Linear(256x0e+384x1o+384x2e+256x3o -> 128x0e+128x1o+128x2e+128x3o | 163840 weights) | 28672 LoRA_weights)
      (skip_tp): FullyConnectedTensorProduct(128x0e+128x1o x 4x0e -> 128x0e | 65536 paths | 65536 weights | 10240 LoRA_weights)
      (reshape): reshape_irreps()
    )
  )
  (products): ModuleList(
    (0): EquivariantProductBasisBlock(
      (symmetric_contractions): SymmetricContraction(
        (contractions): ModuleList(
          (0): Contraction(
            (contractions_weighting): ModuleList(
              (0-1): 2 x GraphModule()
            )
            (contractions_features): ModuleList(
              (0-1): 2 x GraphModule()
            )
            (weights): ParameterList(
                (0): Parameter containing: [torch.float64 of size 4x4x128 (GPU 0)]
                (1): Parameter containing: [torch.float64 of size 4x1x128 (GPU 0)]
            )
            (graph_opt_main): GraphModule()
            (LoRA_weight): ParameterList(
                (0): Parameter containing: [torch.float64 of size 4x23x16 (GPU 0)]
                (1): Parameter containing: [torch.float64 of size 16x128 (GPU 0)]
            )
          )
          (1): Contraction(
            (contractions_weighting): ModuleList(
              (0-1): 2 x GraphModule()
            )
            (contractions_features): ModuleList(
              (0-1): 2 x GraphModule()
            )
            (weights): ParameterList(
                (0): Parameter containing: [torch.float64 of size 4x6x128 (GPU 0)]
                (1): Parameter containing: [torch.float64 of size 4x1x128 (GPU 0)]
            )
            (graph_opt_main): GraphModule()
            (LoRA_weight): ParameterList(
                (0): Parameter containing: [torch.float64 of size 4x51x16 (GPU 0)]
                (1): Parameter containing: [torch.float64 of size 16x128 (GPU 0)]
            )
          )
        )
      )
      (linear): Linear(128x0e+128x1o -> 128x0e+128x1o | 32768 weights) | 8192 LoRA_weights)
    )
    (1): EquivariantProductBasisBlock(
      (symmetric_contractions): SymmetricContraction(
        (contractions): ModuleList(
          (0): Contraction(
            (contractions_weighting): ModuleList(
              (0-1): 2 x GraphModule()
            )
            (contractions_features): ModuleList(
              (0-1): 2 x GraphModule()
            )
            (weights): ParameterList(
                (0): Parameter containing: [torch.float64 of size 4x4x128 (GPU 0)]
                (1): Parameter containing: [torch.float64 of size 4x1x128 (GPU 0)]
            )
            (graph_opt_main): GraphModule()
            (LoRA_weight): ParameterList(
                (0): Parameter containing: [torch.float64 of size 4x23x16 (GPU 0)]
                (1): Parameter containing: [torch.float64 of size 16x128 (GPU 0)]
            )
          )
        )
      )
      (linear): Linear(128x0e -> 128x0e | 16384 weights) | 4096 LoRA_weights)
    )
  )
  (readouts): ModuleList(
    (0): LinearReadoutBlock(
      (linear): Linear(128x0e+128x1o -> 1x0e | 128 weights) | 2064 LoRA_weights)
    )
    (1): NonLinearReadoutBlock(
      (linear_1): Linear(128x0e -> 16x0e | 2048 weights) | 2304 LoRA_weights)
      (non_linearity): Activation [x] (16x0e -> 16x0e)
      (linear_2): Linear(16x0e -> 1x0e | 16 weights) | 272 LoRA_weights)
    )
  )
  (scale_shift): ScaleShiftBlock(scale=1.088502, shift=0.000000)
)
2024-11-25 15:08:28.169 INFO: Number of parameters: 1029688
2024-11-25 15:08:28.170 INFO: Optimizer: Adam (
Parameter Group 0
    amsgrad: True
    betas: (0.9, 0.999)
    capturable: False
    differentiable: False
    eps: 1e-08
    foreach: None
    fused: None
    lr: 0.005
    maximize: False
    name: embedding
    weight_decay: 0.0

Parameter Group 1
    amsgrad: True
    betas: (0.9, 0.999)
    capturable: False
    differentiable: False
    eps: 1e-08
    foreach: None
    fused: None
    lr: 0.005
    maximize: False
    name: interactions_decay
    weight_decay: 1e-08

Parameter Group 2
    amsgrad: True
    betas: (0.9, 0.999)
    capturable: False
    differentiable: False
    eps: 1e-08
    foreach: None
    fused: None
    lr: 0.005
    maximize: False
    name: interactions_no_decay
    weight_decay: 0.0

Parameter Group 3
    amsgrad: True
    betas: (0.9, 0.999)
    capturable: False
    differentiable: False
    eps: 1e-08
    foreach: None
    fused: None
    lr: 0.005
    maximize: False
    name: products
    weight_decay: 1e-08

Parameter Group 4
    amsgrad: True
    betas: (0.9, 0.999)
    capturable: False
    differentiable: False
    eps: 1e-08
    foreach: None
    fused: None
    lr: 0.005
    maximize: False
    name: readouts
    weight_decay: 0.0
)
2024-11-25 15:08:28.170 INFO: Using gradient clipping with tolerance=100.000
2024-11-25 15:08:28.170 INFO: Started training
2024-11-25 15:08:46.105 INFO: Epoch None: loss=3561.0550, RMSE_E=57754.0 meV, RMSE_F=474.9 meV / A
2024-11-25 15:09:04.398 INFO: Epoch 0: loss=544.7350, RMSE_E=12302.2 meV, RMSE_F=627.2 meV / A
2024-11-25 15:09:15.908 INFO: Epoch 2: loss=44.9210, RMSE_E=2135.7 meV, RMSE_F=200.9 meV / A
2024-11-25 15:09:27.632 INFO: Epoch 4: loss=13.2385, RMSE_E=559.1 meV, RMSE_F=113.7 meV / A
2024-11-25 15:09:38.812 INFO: Epoch 6: loss=8.9096, RMSE_E=587.8 meV, RMSE_F=92.5 meV / A
2024-11-25 15:09:50.917 INFO: Epoch 8: loss=5.5993, RMSE_E=299.9 meV, RMSE_F=74.2 meV / A
2024-11-25 15:10:02.777 INFO: Epoch 10: loss=4.2988, RMSE_E=209.4 meV, RMSE_F=65.2 meV / A
2024-11-25 15:10:14.237 INFO: Epoch 12: loss=3.3022, RMSE_E=106.7 meV, RMSE_F=57.4 meV / A
2024-11-25 15:10:26.118 INFO: Epoch 14: loss=2.8083, RMSE_E=118.1 meV, RMSE_F=52.9 meV / A
2024-11-25 15:10:38.115 INFO: Epoch 16: loss=2.2457, RMSE_E=81.7 meV, RMSE_F=47.3 meV / A
2024-11-25 15:10:50.114 INFO: Epoch 18: loss=2.0017, RMSE_E=116.3 meV, RMSE_F=44.6 meV / A
2024-11-25 15:11:01.241 INFO: Epoch 20: loss=1.8181, RMSE_E=153.8 meV, RMSE_F=42.4 meV / A
2024-11-25 15:11:13.278 INFO: Epoch 22: loss=1.8291, RMSE_E=248.6 meV, RMSE_F=42.0 meV / A
2024-11-25 15:11:22.549 INFO: Epoch 24: loss=1.6873, RMSE_E=50.1 meV, RMSE_F=41.0 meV / A
2024-11-25 15:11:34.080 INFO: Epoch 26: loss=1.5360, RMSE_E=101.4 meV, RMSE_F=39.1 meV / A
2024-11-25 15:11:45.366 INFO: Epoch 28: loss=1.4155, RMSE_E=76.3 meV, RMSE_F=37.5 meV / A
2024-11-25 15:11:56.349 INFO: Epoch 30: loss=1.3113, RMSE_E=40.8 meV, RMSE_F=36.2 meV / A
2024-11-25 15:12:07.576 INFO: Epoch 32: loss=1.2279, RMSE_E=58.5 meV, RMSE_F=35.0 meV / A
2024-11-25 15:12:18.638 INFO: Epoch 34: loss=1.1696, RMSE_E=51.0 meV, RMSE_F=34.2 meV / A
2024-11-25 15:12:31.007 INFO: Epoch 36: loss=1.1188, RMSE_E=50.5 meV, RMSE_F=33.4 meV / A
2024-11-25 15:12:42.925 INFO: Epoch 38: loss=1.0850, RMSE_E=51.6 meV, RMSE_F=32.9 meV / A
2024-11-25 15:12:54.739 INFO: Epoch 40: loss=1.0534, RMSE_E=90.0 meV, RMSE_F=32.3 meV / A
2024-11-25 15:13:05.733 INFO: Epoch 42: loss=1.0029, RMSE_E=101.3 meV, RMSE_F=31.5 meV / A
2024-11-25 15:13:17.048 INFO: Epoch 44: loss=0.9505, RMSE_E=88.4 meV, RMSE_F=30.7 meV / A
2024-11-25 15:13:29.034 INFO: Epoch 46: loss=0.9228, RMSE_E=89.2 meV, RMSE_F=30.2 meV / A
2024-11-25 15:13:38.382 INFO: Epoch 48: loss=0.9030, RMSE_E=82.4 meV, RMSE_F=29.9 meV / A
2024-11-25 15:13:47.744 INFO: Epoch 50: loss=0.8865, RMSE_E=77.0 meV, RMSE_F=29.7 meV / A
2024-11-25 15:13:59.138 INFO: Epoch 52: loss=0.8576, RMSE_E=52.8 meV, RMSE_F=29.2 meV / A
2024-11-25 15:14:11.213 INFO: Epoch 54: loss=0.8391, RMSE_E=44.9 meV, RMSE_F=28.9 meV / A
2024-11-25 15:14:22.269 INFO: Epoch 56: loss=0.8065, RMSE_E=41.8 meV, RMSE_F=28.4 meV / A
2024-11-25 15:14:34.322 INFO: Epoch 58: loss=0.7806, RMSE_E=32.7 meV, RMSE_F=27.9 meV / A
2024-11-25 15:14:45.217 INFO: Epoch 60: loss=0.7717, RMSE_E=29.5 meV, RMSE_F=27.8 meV / A
2024-11-25 15:14:56.541 INFO: Epoch 62: loss=0.7746, RMSE_E=30.6 meV, RMSE_F=27.8 meV / A
2024-11-25 15:15:05.863 INFO: Epoch 64: loss=0.7527, RMSE_E=27.6 meV, RMSE_F=27.4 meV / A
2024-11-25 15:15:17.565 INFO: Epoch 66: loss=0.7333, RMSE_E=25.7 meV, RMSE_F=27.1 meV / A
2024-11-25 15:15:29.759 INFO: Epoch 68: loss=0.7095, RMSE_E=27.3 meV, RMSE_F=26.6 meV / A
2024-11-25 15:15:41.391 INFO: Epoch 70: loss=0.6950, RMSE_E=30.5 meV, RMSE_F=26.3 meV / A
2024-11-25 15:15:52.788 INFO: Epoch 72: loss=0.6870, RMSE_E=32.5 meV, RMSE_F=26.2 meV / A
2024-11-25 15:16:04.624 INFO: Epoch 74: loss=0.6727, RMSE_E=30.6 meV, RMSE_F=25.9 meV / A
2024-11-25 15:16:15.797 INFO: Epoch 76: loss=0.6685, RMSE_E=27.7 meV, RMSE_F=25.8 meV / A
2024-11-25 15:16:26.718 INFO: Epoch 78: loss=0.6624, RMSE_E=26.4 meV, RMSE_F=25.7 meV / A
2024-11-25 15:16:37.801 INFO: Epoch 80: loss=0.6543, RMSE_E=26.3 meV, RMSE_F=25.6 meV / A
2024-11-25 15:16:48.809 INFO: Epoch 82: loss=0.6507, RMSE_E=22.3 meV, RMSE_F=25.5 meV / A
2024-11-25 15:17:00.184 INFO: Epoch 84: loss=0.6445, RMSE_E=24.5 meV, RMSE_F=25.4 meV / A
2024-11-25 15:17:12.161 INFO: Epoch 86: loss=0.6363, RMSE_E=27.0 meV, RMSE_F=25.2 meV / A
2024-11-25 15:17:23.079 INFO: Epoch 88: loss=0.6315, RMSE_E=25.7 meV, RMSE_F=25.1 meV / A
2024-11-25 15:17:34.347 INFO: Epoch 90: loss=0.6235, RMSE_E=26.4 meV, RMSE_F=25.0 meV / A
2024-11-25 15:17:46.101 INFO: Epoch 92: loss=0.6241, RMSE_E=48.0 meV, RMSE_F=24.9 meV / A
2024-11-25 15:17:55.255 INFO: Epoch 94: loss=0.6186, RMSE_E=51.1 meV, RMSE_F=24.8 meV / A
2024-11-25 15:18:06.382 INFO: Epoch 96: loss=0.6109, RMSE_E=47.8 meV, RMSE_F=24.7 meV / A
2024-11-25 15:18:17.483 INFO: Epoch 98: loss=0.5994, RMSE_E=46.2 meV, RMSE_F=24.4 meV / A
2024-11-25 15:18:28.512 INFO: Epoch 100: loss=0.5968, RMSE_E=42.7 meV, RMSE_F=24.4 meV / A
2024-11-25 15:18:37.966 INFO: Epoch 102: loss=0.5922, RMSE_E=42.9 meV, RMSE_F=24.3 meV / A
2024-11-25 15:18:47.523 INFO: Epoch 104: loss=0.5880, RMSE_E=41.1 meV, RMSE_F=24.2 meV / A
2024-11-25 15:18:56.923 INFO: Epoch 106: loss=0.5806, RMSE_E=43.6 meV, RMSE_F=24.1 meV / A
2024-11-25 15:19:06.362 INFO: Epoch 108: loss=0.5772, RMSE_E=46.3 meV, RMSE_F=24.0 meV / A
2024-11-25 15:19:17.732 INFO: Epoch 110: loss=0.5732, RMSE_E=38.6 meV, RMSE_F=23.9 meV / A
2024-11-25 15:19:28.792 INFO: Epoch 112: loss=0.5708, RMSE_E=35.5 meV, RMSE_F=23.9 meV / A
2024-11-25 15:19:39.954 INFO: Epoch 114: loss=0.5651, RMSE_E=35.3 meV, RMSE_F=23.7 meV / A
2024-11-25 15:19:51.923 INFO: Epoch 116: loss=0.5584, RMSE_E=38.0 meV, RMSE_F=23.6 meV / A
2024-11-25 15:20:03.113 INFO: Epoch 118: loss=0.5514, RMSE_E=33.7 meV, RMSE_F=23.5 meV / A
2024-11-25 15:20:14.856 INFO: Epoch 120: loss=0.5451, RMSE_E=35.9 meV, RMSE_F=23.3 meV / A
2024-11-25 15:20:25.934 INFO: Epoch 122: loss=0.5411, RMSE_E=35.3 meV, RMSE_F=23.2 meV / A
2024-11-25 15:20:37.001 INFO: Epoch 124: loss=0.5330, RMSE_E=32.0 meV, RMSE_F=23.1 meV / A
2024-11-25 15:20:48.404 INFO: Epoch 126: loss=0.5267, RMSE_E=32.7 meV, RMSE_F=22.9 meV / A
2024-11-25 15:21:00.441 INFO: Epoch 128: loss=0.5217, RMSE_E=29.8 meV, RMSE_F=22.8 meV / A
2024-11-25 15:21:12.267 INFO: Epoch 130: loss=0.5181, RMSE_E=32.6 meV, RMSE_F=22.7 meV / A
2024-11-25 15:21:23.615 INFO: Epoch 132: loss=0.5155, RMSE_E=27.7 meV, RMSE_F=22.7 meV / A
2024-11-25 15:21:35.296 INFO: Epoch 134: loss=0.5168, RMSE_E=26.3 meV, RMSE_F=22.7 meV / A
2024-11-25 15:21:44.751 INFO: Epoch 136: loss=0.5157, RMSE_E=28.2 meV, RMSE_F=22.7 meV / A
2024-11-25 15:21:54.079 INFO: Epoch 138: loss=0.5106, RMSE_E=26.5 meV, RMSE_F=22.6 meV / A
2024-11-25 15:22:05.631 INFO: Epoch 140: loss=0.5063, RMSE_E=24.5 meV, RMSE_F=22.5 meV / A
2024-11-25 15:22:17.709 INFO: Epoch 142: loss=0.5010, RMSE_E=25.1 meV, RMSE_F=22.4 meV / A
2024-11-25 15:22:28.527 INFO: Epoch 144: loss=0.4955, RMSE_E=24.4 meV, RMSE_F=22.2 meV / A
2024-11-25 15:22:39.843 INFO: Epoch 146: loss=0.4920, RMSE_E=21.8 meV, RMSE_F=22.2 meV / A
2024-11-25 15:22:50.704 INFO: Epoch 148: loss=0.4887, RMSE_E=22.2 meV, RMSE_F=22.1 meV / A
2024-11-25 15:23:01.901 INFO: Epoch 150: loss=0.4836, RMSE_E=22.3 meV, RMSE_F=22.0 meV / A
2024-11-25 15:23:13.315 INFO: Epoch 152: loss=0.4776, RMSE_E=20.6 meV, RMSE_F=21.8 meV / A
2024-11-25 15:23:25.090 INFO: Epoch 154: loss=0.4734, RMSE_E=20.1 meV, RMSE_F=21.7 meV / A
2024-11-25 15:23:36.553 INFO: Epoch 156: loss=0.4704, RMSE_E=21.2 meV, RMSE_F=21.7 meV / A
2024-11-25 15:23:46.199 INFO: Epoch 158: loss=0.4679, RMSE_E=22.8 meV, RMSE_F=21.6 meV / A
2024-11-25 15:23:55.580 INFO: Epoch 160: loss=0.4668, RMSE_E=20.4 meV, RMSE_F=21.6 meV / A
2024-11-25 15:24:06.679 INFO: Epoch 162: loss=0.4665, RMSE_E=23.3 meV, RMSE_F=21.6 meV / A
2024-11-25 15:24:18.456 INFO: Epoch 164: loss=0.4623, RMSE_E=24.1 meV, RMSE_F=21.5 meV / A
2024-11-25 15:24:30.672 INFO: Epoch 166: loss=0.4615, RMSE_E=24.1 meV, RMSE_F=21.5 meV / A
2024-11-25 15:24:42.580 INFO: Epoch 168: loss=0.4610, RMSE_E=24.8 meV, RMSE_F=21.5 meV / A
2024-11-25 15:24:53.701 INFO: Epoch 170: loss=0.4595, RMSE_E=24.4 meV, RMSE_F=21.4 meV / A
2024-11-25 15:25:05.515 INFO: Epoch 172: loss=0.4575, RMSE_E=24.1 meV, RMSE_F=21.4 meV / A
2024-11-25 15:25:16.724 INFO: Epoch 174: loss=0.4552, RMSE_E=22.8 meV, RMSE_F=21.3 meV / A
2024-11-25 15:25:27.819 INFO: Epoch 176: loss=0.4553, RMSE_E=22.6 meV, RMSE_F=21.3 meV / A
2024-11-25 15:25:37.268 INFO: Epoch 178: loss=0.4535, RMSE_E=21.9 meV, RMSE_F=21.3 meV / A
2024-11-25 15:25:48.938 INFO: Epoch 180: loss=0.4504, RMSE_E=20.2 meV, RMSE_F=21.2 meV / A
2024-11-25 15:25:59.955 INFO: Epoch 182: loss=0.4484, RMSE_E=19.2 meV, RMSE_F=21.2 meV / A
2024-11-25 15:26:10.922 INFO: Epoch 184: loss=0.4468, RMSE_E=18.5 meV, RMSE_F=21.1 meV / A
2024-11-25 15:26:21.907 INFO: Epoch 186: loss=0.4446, RMSE_E=18.8 meV, RMSE_F=21.1 meV / A
2024-11-25 15:26:33.190 INFO: Epoch 188: loss=0.4414, RMSE_E=17.6 meV, RMSE_F=21.0 meV / A
2024-11-25 15:26:44.147 INFO: Epoch 190: loss=0.4395, RMSE_E=17.4 meV, RMSE_F=21.0 meV / A
2024-11-25 15:26:55.440 INFO: Epoch 192: loss=0.4396, RMSE_E=17.8 meV, RMSE_F=21.0 meV / A
2024-11-25 15:27:04.739 INFO: Epoch 194: loss=0.4374, RMSE_E=17.8 meV, RMSE_F=20.9 meV / A
2024-11-25 15:27:16.502 INFO: Epoch 196: loss=0.4344, RMSE_E=16.9 meV, RMSE_F=20.8 meV / A
2024-11-25 15:27:28.891 INFO: Epoch 198: loss=0.4318, RMSE_E=16.6 meV, RMSE_F=20.8 meV / A
2024-11-25 15:27:40.542 INFO: Epoch 200: loss=0.4284, RMSE_E=16.6 meV, RMSE_F=20.7 meV / A
2024-11-25 15:27:51.836 INFO: Epoch 202: loss=0.4270, RMSE_E=16.3 meV, RMSE_F=20.7 meV / A
2024-11-25 15:28:03.491 INFO: Epoch 204: loss=0.4247, RMSE_E=15.9 meV, RMSE_F=20.6 meV / A
2024-11-25 15:28:14.763 INFO: Epoch 206: loss=0.4220, RMSE_E=14.9 meV, RMSE_F=20.5 meV / A
2024-11-25 15:28:25.880 INFO: Epoch 208: loss=0.4206, RMSE_E=16.9 meV, RMSE_F=20.5 meV / A
2024-11-25 15:28:38.076 INFO: Epoch 210: loss=0.4187, RMSE_E=16.3 meV, RMSE_F=20.5 meV / A
2024-11-25 15:28:47.440 INFO: Epoch 212: loss=0.4187, RMSE_E=16.1 meV, RMSE_F=20.5 meV / A
2024-11-25 15:28:59.153 INFO: Epoch 214: loss=0.4176, RMSE_E=16.5 meV, RMSE_F=20.4 meV / A
2024-11-25 15:29:11.107 INFO: Epoch 216: loss=0.4155, RMSE_E=16.0 meV, RMSE_F=20.4 meV / A
2024-11-25 15:29:22.171 INFO: Epoch 218: loss=0.4158, RMSE_E=17.7 meV, RMSE_F=20.4 meV / A
2024-11-25 15:29:31.768 INFO: Epoch 220: loss=0.4161, RMSE_E=17.8 meV, RMSE_F=20.4 meV / A
2024-11-25 15:29:41.212 INFO: Epoch 222: loss=0.4146, RMSE_E=16.5 meV, RMSE_F=20.4 meV / A
2024-11-25 15:29:52.206 INFO: Epoch 224: loss=0.4127, RMSE_E=16.1 meV, RMSE_F=20.3 meV / A
2024-11-25 15:30:03.166 INFO: Epoch 226: loss=0.4112, RMSE_E=16.5 meV, RMSE_F=20.3 meV / A
2024-11-25 15:30:14.187 INFO: Epoch 228: loss=0.4096, RMSE_E=15.7 meV, RMSE_F=20.2 meV / A
2024-11-25 15:30:25.351 INFO: Epoch 230: loss=0.4081, RMSE_E=15.2 meV, RMSE_F=20.2 meV / A
2024-11-25 15:30:36.426 INFO: Epoch 232: loss=0.4066, RMSE_E=14.6 meV, RMSE_F=20.2 meV / A
2024-11-25 15:30:47.475 INFO: Epoch 234: loss=0.4050, RMSE_E=13.8 meV, RMSE_F=20.1 meV / A
2024-11-25 15:30:58.555 INFO: Epoch 236: loss=0.4035, RMSE_E=13.0 meV, RMSE_F=20.1 meV / A
2024-11-25 15:31:09.561 INFO: Epoch 238: loss=0.4027, RMSE_E=12.5 meV, RMSE_F=20.1 meV / A
2024-11-25 15:31:20.672 INFO: Epoch 240: loss=0.4024, RMSE_E=11.7 meV, RMSE_F=20.1 meV / A
2024-11-25 15:31:31.771 INFO: Epoch 242: loss=0.4009, RMSE_E=11.3 meV, RMSE_F=20.0 meV / A
2024-11-25 15:31:43.066 INFO: Epoch 244: loss=0.4004, RMSE_E=10.5 meV, RMSE_F=20.0 meV / A
2024-11-25 15:31:55.131 INFO: Epoch 246: loss=0.3990, RMSE_E=10.3 meV, RMSE_F=20.0 meV / A
2024-11-25 15:32:06.927 INFO: Epoch 248: loss=0.3981, RMSE_E=9.7 meV, RMSE_F=20.0 meV / A
2024-11-25 15:32:18.175 INFO: Epoch 250: loss=0.3967, RMSE_E=9.9 meV, RMSE_F=19.9 meV / A
2024-11-25 15:32:30.351 INFO: Epoch 252: loss=0.3954, RMSE_E=8.7 meV, RMSE_F=19.9 meV / A
2024-11-25 15:32:42.102 INFO: Epoch 254: loss=0.3941, RMSE_E=8.4 meV, RMSE_F=19.8 meV / A
2024-11-25 15:32:53.032 INFO: Epoch 256: loss=0.3923, RMSE_E=8.8 meV, RMSE_F=19.8 meV / A
2024-11-25 15:33:04.109 INFO: Epoch 258: loss=0.3912, RMSE_E=8.4 meV, RMSE_F=19.8 meV / A
2024-11-25 15:33:15.276 INFO: Epoch 260: loss=0.3905, RMSE_E=8.2 meV, RMSE_F=19.8 meV / A
2024-11-25 15:33:26.309 INFO: Epoch 262: loss=0.3890, RMSE_E=8.4 meV, RMSE_F=19.7 meV / A
2024-11-25 15:33:37.295 INFO: Epoch 264: loss=0.3875, RMSE_E=7.8 meV, RMSE_F=19.7 meV / A
2024-11-25 15:33:46.675 INFO: Epoch 266: loss=0.3864, RMSE_E=7.5 meV, RMSE_F=19.7 meV / A
2024-11-25 15:33:56.036 INFO: Epoch 268: loss=0.3851, RMSE_E=6.9 meV, RMSE_F=19.6 meV / A
2024-11-25 15:34:05.621 INFO: Epoch 270: loss=0.3845, RMSE_E=6.8 meV, RMSE_F=19.6 meV / A
2024-11-25 15:34:16.452 INFO: Epoch 272: loss=0.3841, RMSE_E=6.7 meV, RMSE_F=19.6 meV / A
2024-11-25 15:34:27.524 INFO: Epoch 274: loss=0.3847, RMSE_E=8.1 meV, RMSE_F=19.6 meV / A
2024-11-25 15:34:36.881 INFO: Epoch 276: loss=0.3836, RMSE_E=6.7 meV, RMSE_F=19.6 meV / A
2024-11-25 15:34:48.761 INFO: Epoch 278: loss=0.3829, RMSE_E=6.9 meV, RMSE_F=19.6 meV / A
2024-11-25 15:34:59.895 INFO: Epoch 280: loss=0.3821, RMSE_E=6.7 meV, RMSE_F=19.5 meV / A
2024-11-25 15:35:11.930 INFO: Epoch 282: loss=0.3819, RMSE_E=6.6 meV, RMSE_F=19.5 meV / A
2024-11-25 15:35:22.977 INFO: Epoch 284: loss=0.3809, RMSE_E=6.3 meV, RMSE_F=19.5 meV / A
2024-11-25 15:35:34.254 INFO: Epoch 286: loss=0.3801, RMSE_E=5.9 meV, RMSE_F=19.5 meV / A
2024-11-25 15:35:45.878 INFO: Epoch 288: loss=0.3795, RMSE_E=5.8 meV, RMSE_F=19.5 meV / A
2024-11-25 15:35:57.091 INFO: Epoch 290: loss=0.3789, RMSE_E=5.5 meV, RMSE_F=19.5 meV / A
2024-11-25 15:36:08.259 INFO: Epoch 292: loss=0.3780, RMSE_E=5.7 meV, RMSE_F=19.4 meV / A
2024-11-25 15:36:19.341 INFO: Epoch 294: loss=0.3770, RMSE_E=5.5 meV, RMSE_F=19.4 meV / A
2024-11-25 15:36:30.370 INFO: Epoch 296: loss=0.3760, RMSE_E=4.6 meV, RMSE_F=19.4 meV / A
2024-11-25 15:36:41.572 INFO: Epoch 298: loss=0.3751, RMSE_E=5.6 meV, RMSE_F=19.4 meV / A
2024-11-25 15:36:53.712 INFO: Epoch 300: loss=0.3744, RMSE_E=5.2 meV, RMSE_F=19.3 meV / A
2024-11-25 15:37:05.712 INFO: Epoch 302: loss=0.3732, RMSE_E=5.0 meV, RMSE_F=19.3 meV / A
2024-11-25 15:37:17.440 INFO: Epoch 304: loss=0.3728, RMSE_E=4.3 meV, RMSE_F=19.3 meV / A
2024-11-25 15:37:29.077 INFO: Epoch 306: loss=0.3722, RMSE_E=4.8 meV, RMSE_F=19.3 meV / A
2024-11-25 15:37:40.624 INFO: Epoch 308: loss=0.3715, RMSE_E=4.5 meV, RMSE_F=19.3 meV / A
2024-11-25 15:37:51.550 INFO: Epoch 310: loss=0.3705, RMSE_E=4.6 meV, RMSE_F=19.2 meV / A
2024-11-25 15:38:03.194 INFO: Epoch 312: loss=0.3696, RMSE_E=4.7 meV, RMSE_F=19.2 meV / A
2024-11-25 15:38:14.932 INFO: Epoch 314: loss=0.3689, RMSE_E=4.0 meV, RMSE_F=19.2 meV / A
2024-11-25 15:38:26.131 INFO: Epoch 316: loss=0.3680, RMSE_E=4.5 meV, RMSE_F=19.2 meV / A
2024-11-25 15:38:37.871 INFO: Epoch 318: loss=0.3669, RMSE_E=4.4 meV, RMSE_F=19.2 meV / A
2024-11-25 15:38:47.273 INFO: Epoch 320: loss=0.3659, RMSE_E=3.9 meV, RMSE_F=19.1 meV / A
2024-11-25 15:38:56.678 INFO: Epoch 322: loss=0.3645, RMSE_E=4.1 meV, RMSE_F=19.1 meV / A
2024-11-25 15:39:08.327 INFO: Epoch 324: loss=0.3637, RMSE_E=4.0 meV, RMSE_F=19.1 meV / A
2024-11-25 15:39:20.401 INFO: Epoch 326: loss=0.3629, RMSE_E=3.9 meV, RMSE_F=19.1 meV / A
2024-11-25 15:39:32.422 INFO: Epoch 328: loss=0.3621, RMSE_E=4.1 meV, RMSE_F=19.0 meV / A
2024-11-25 15:39:44.525 INFO: Epoch 330: loss=0.3615, RMSE_E=3.7 meV, RMSE_F=19.0 meV / A
2024-11-25 15:39:56.319 INFO: Epoch 332: loss=0.3605, RMSE_E=3.7 meV, RMSE_F=19.0 meV / A
2024-11-25 15:40:07.811 INFO: Epoch 334: loss=0.3598, RMSE_E=3.7 meV, RMSE_F=19.0 meV / A
2024-11-25 15:40:19.505 INFO: Epoch 336: loss=0.3589, RMSE_E=3.7 meV, RMSE_F=18.9 meV / A
2024-11-25 15:40:30.451 INFO: Epoch 338: loss=0.3582, RMSE_E=3.5 meV, RMSE_F=18.9 meV / A
2024-11-25 15:40:41.679 INFO: Epoch 340: loss=0.3573, RMSE_E=3.6 meV, RMSE_F=18.9 meV / A
2024-11-25 15:40:52.954 INFO: Epoch 342: loss=0.3568, RMSE_E=3.5 meV, RMSE_F=18.9 meV / A
2024-11-25 15:41:05.765 INFO: Epoch 344: loss=0.3565, RMSE_E=3.6 meV, RMSE_F=18.9 meV / A
2024-11-25 15:41:16.792 INFO: Epoch 346: loss=0.3561, RMSE_E=3.6 meV, RMSE_F=18.9 meV / A
2024-11-25 15:41:27.738 INFO: Epoch 348: loss=0.3556, RMSE_E=3.4 meV, RMSE_F=18.9 meV / A
2024-11-25 15:41:39.421 INFO: Epoch 350: loss=0.3548, RMSE_E=3.6 meV, RMSE_F=18.8 meV / A
2024-11-25 15:41:50.988 INFO: Epoch 352: loss=0.3542, RMSE_E=3.4 meV, RMSE_F=18.8 meV / A
2024-11-25 15:42:01.742 INFO: Epoch 354: loss=0.3536, RMSE_E=3.4 meV, RMSE_F=18.8 meV / A
2024-11-25 15:42:13.184 INFO: Epoch 356: loss=0.3530, RMSE_E=3.4 meV, RMSE_F=18.8 meV / A
2024-11-25 15:42:24.358 INFO: Epoch 358: loss=0.3526, RMSE_E=3.5 meV, RMSE_F=18.8 meV / A
2024-11-25 15:42:36.343 INFO: Epoch 360: loss=0.3522, RMSE_E=3.4 meV, RMSE_F=18.8 meV / A
2024-11-25 15:42:48.215 INFO: Epoch 362: loss=0.3517, RMSE_E=3.4 meV, RMSE_F=18.8 meV / A
2024-11-25 15:42:59.649 INFO: Epoch 364: loss=0.3512, RMSE_E=3.4 meV, RMSE_F=18.7 meV / A
2024-11-25 15:43:11.339 INFO: Epoch 366: loss=0.3506, RMSE_E=3.4 meV, RMSE_F=18.7 meV / A
2024-11-25 15:43:22.448 INFO: Epoch 368: loss=0.3497, RMSE_E=3.3 meV, RMSE_F=18.7 meV / A
2024-11-25 15:43:33.500 INFO: Epoch 370: loss=0.3490, RMSE_E=3.4 meV, RMSE_F=18.7 meV / A
2024-11-25 15:43:44.630 INFO: Epoch 372: loss=0.3486, RMSE_E=3.4 meV, RMSE_F=18.7 meV / A
2024-11-25 15:43:54.079 INFO: Epoch 374: loss=0.3478, RMSE_E=3.3 meV, RMSE_F=18.6 meV / A
2024-11-25 15:44:03.465 INFO: Epoch 376: loss=0.3474, RMSE_E=3.3 meV, RMSE_F=18.6 meV / A
2024-11-25 15:44:12.907 INFO: Epoch 378: loss=0.3466, RMSE_E=3.3 meV, RMSE_F=18.6 meV / A
2024-11-25 15:44:24.207 INFO: Epoch 380: loss=0.3461, RMSE_E=3.3 meV, RMSE_F=18.6 meV / A
2024-11-25 15:44:35.996 INFO: Epoch 382: loss=0.3455, RMSE_E=3.3 meV, RMSE_F=18.6 meV / A
2024-11-25 15:44:48.242 INFO: Epoch 384: loss=0.3447, RMSE_E=3.4 meV, RMSE_F=18.6 meV / A
2024-11-25 15:44:59.874 INFO: Epoch 386: loss=0.3445, RMSE_E=3.3 meV, RMSE_F=18.6 meV / A
2024-11-25 15:45:10.977 INFO: Epoch 388: loss=0.3441, RMSE_E=3.3 meV, RMSE_F=18.6 meV / A
2024-11-25 15:45:21.978 INFO: Epoch 390: loss=0.3436, RMSE_E=3.3 meV, RMSE_F=18.5 meV / A
2024-11-25 15:45:33.231 INFO: Epoch 392: loss=0.3435, RMSE_E=3.3 meV, RMSE_F=18.5 meV / A
2024-11-25 15:45:45.208 INFO: Epoch 394: loss=0.3435, RMSE_E=3.3 meV, RMSE_F=18.5 meV / A
2024-11-25 15:45:56.217 INFO: Epoch 396: loss=0.3431, RMSE_E=3.3 meV, RMSE_F=18.5 meV / A
2024-11-25 15:46:07.247 INFO: Epoch 398: loss=0.3428, RMSE_E=3.3 meV, RMSE_F=18.5 meV / A
2024-11-25 15:46:18.528 INFO: Epoch 400: loss=0.3426, RMSE_E=3.4 meV, RMSE_F=18.5 meV / A
2024-11-25 15:46:30.419 INFO: Epoch 402: loss=0.3424, RMSE_E=3.3 meV, RMSE_F=18.5 meV / A
2024-11-25 15:46:42.676 INFO: Epoch 404: loss=0.3420, RMSE_E=3.3 meV, RMSE_F=18.5 meV / A
2024-11-25 15:46:54.434 INFO: Epoch 406: loss=0.3418, RMSE_E=3.3 meV, RMSE_F=18.5 meV / A
2024-11-25 15:47:05.517 INFO: Epoch 408: loss=0.3417, RMSE_E=3.3 meV, RMSE_F=18.5 meV / A
2024-11-25 15:47:16.384 INFO: Epoch 410: loss=0.3414, RMSE_E=3.3 meV, RMSE_F=18.5 meV / A
2024-11-25 15:47:27.501 INFO: Epoch 412: loss=0.3414, RMSE_E=3.4 meV, RMSE_F=18.5 meV / A
2024-11-25 15:47:38.697 INFO: Epoch 414: loss=0.3412, RMSE_E=3.4 meV, RMSE_F=18.5 meV / A
2024-11-25 15:47:50.034 INFO: Epoch 416: loss=0.3415, RMSE_E=3.4 meV, RMSE_F=18.5 meV / A
2024-11-25 15:47:59.283 INFO: Epoch 418: loss=0.3415, RMSE_E=3.3 meV, RMSE_F=18.5 meV / A
2024-11-25 15:48:08.516 INFO: Epoch 420: loss=0.3412, RMSE_E=3.4 meV, RMSE_F=18.5 meV / A
2024-11-25 15:48:17.951 INFO: Epoch 422: loss=0.3410, RMSE_E=3.4 meV, RMSE_F=18.5 meV / A
2024-11-25 15:48:29.037 INFO: Epoch 424: loss=0.3403, RMSE_E=3.4 meV, RMSE_F=18.4 meV / A
2024-11-25 15:48:39.911 INFO: Epoch 426: loss=0.3399, RMSE_E=3.3 meV, RMSE_F=18.4 meV / A
2024-11-25 15:48:51.055 INFO: Epoch 428: loss=0.3398, RMSE_E=3.3 meV, RMSE_F=18.4 meV / A
2024-11-25 15:49:00.366 INFO: Epoch 430: loss=0.3396, RMSE_E=3.3 meV, RMSE_F=18.4 meV / A
2024-11-25 15:49:12.128 INFO: Epoch 432: loss=0.3392, RMSE_E=3.3 meV, RMSE_F=18.4 meV / A
2024-11-25 15:49:23.241 INFO: Epoch 434: loss=0.3389, RMSE_E=3.3 meV, RMSE_F=18.4 meV / A
2024-11-25 15:49:34.295 INFO: Epoch 436: loss=0.3385, RMSE_E=3.3 meV, RMSE_F=18.4 meV / A
2024-11-25 15:49:45.594 INFO: Epoch 438: loss=0.3383, RMSE_E=3.3 meV, RMSE_F=18.4 meV / A
2024-11-25 15:49:57.399 INFO: Epoch 440: loss=0.3381, RMSE_E=3.3 meV, RMSE_F=18.4 meV / A
2024-11-25 15:50:08.975 INFO: Epoch 442: loss=0.3379, RMSE_E=3.3 meV, RMSE_F=18.4 meV / A
2024-11-25 15:50:20.779 INFO: Epoch 444: loss=0.3377, RMSE_E=3.3 meV, RMSE_F=18.4 meV / A
2024-11-25 15:50:32.603 INFO: Epoch 446: loss=0.3375, RMSE_E=3.3 meV, RMSE_F=18.4 meV / A
2024-11-25 15:50:43.704 INFO: Epoch 448: loss=0.3373, RMSE_E=3.2 meV, RMSE_F=18.4 meV / A
2024-11-25 15:50:54.786 INFO: Epoch 450: loss=0.3371, RMSE_E=3.3 meV, RMSE_F=18.4 meV / A
2024-11-25 15:51:05.945 INFO: Epoch 452: loss=0.3369, RMSE_E=3.2 meV, RMSE_F=18.4 meV / A
2024-11-25 15:51:18.065 INFO: Epoch 454: loss=0.3366, RMSE_E=3.2 meV, RMSE_F=18.3 meV / A
2024-11-25 15:51:29.752 INFO: Epoch 456: loss=0.3364, RMSE_E=3.2 meV, RMSE_F=18.3 meV / A
2024-11-25 15:51:40.940 INFO: Epoch 458: loss=0.3361, RMSE_E=3.2 meV, RMSE_F=18.3 meV / A
2024-11-25 15:51:51.802 INFO: Epoch 460: loss=0.3358, RMSE_E=3.2 meV, RMSE_F=18.3 meV / A
2024-11-25 15:52:03.103 INFO: Epoch 462: loss=0.3356, RMSE_E=3.2 meV, RMSE_F=18.3 meV / A
2024-11-25 15:52:14.100 INFO: Epoch 464: loss=0.3354, RMSE_E=3.2 meV, RMSE_F=18.3 meV / A
2024-11-25 15:52:25.205 INFO: Epoch 466: loss=0.3353, RMSE_E=3.2 meV, RMSE_F=18.3 meV / A
2024-11-25 15:52:36.415 INFO: Epoch 468: loss=0.3351, RMSE_E=3.2 meV, RMSE_F=18.3 meV / A
2024-11-25 15:52:48.530 INFO: Epoch 470: loss=0.3348, RMSE_E=3.2 meV, RMSE_F=18.3 meV / A
2024-11-25 15:53:00.346 INFO: Epoch 472: loss=0.3347, RMSE_E=3.2 meV, RMSE_F=18.3 meV / A
2024-11-25 15:53:11.514 INFO: Epoch 474: loss=0.3347, RMSE_E=3.2 meV, RMSE_F=18.3 meV / A
2024-11-25 15:53:22.506 INFO: Epoch 476: loss=0.3345, RMSE_E=3.2 meV, RMSE_F=18.3 meV / A
2024-11-25 15:53:33.932 INFO: Epoch 478: loss=0.3343, RMSE_E=3.2 meV, RMSE_F=18.3 meV / A
2024-11-25 15:53:45.608 INFO: Epoch 480: loss=0.3341, RMSE_E=3.2 meV, RMSE_F=18.3 meV / A
2024-11-25 15:53:56.043 INFO: Epoch 482: loss=0.3339, RMSE_E=3.2 meV, RMSE_F=18.3 meV / A
2024-11-25 15:54:05.508 INFO: Epoch 484: loss=0.3336, RMSE_E=3.2 meV, RMSE_F=18.3 meV / A
2024-11-25 15:54:14.905 INFO: Epoch 486: loss=0.3332, RMSE_E=3.2 meV, RMSE_F=18.3 meV / A
2024-11-25 15:54:25.423 INFO: Epoch 488: loss=0.3331, RMSE_E=3.2 meV, RMSE_F=18.2 meV / A
2024-11-25 15:54:37.089 INFO: Epoch 490: loss=0.3328, RMSE_E=3.2 meV, RMSE_F=18.2 meV / A
2024-11-25 15:54:48.982 INFO: Epoch 492: loss=0.3326, RMSE_E=3.2 meV, RMSE_F=18.2 meV / A
2024-11-25 15:55:00.120 INFO: Epoch 494: loss=0.3324, RMSE_E=3.2 meV, RMSE_F=18.2 meV / A
2024-11-25 15:55:11.056 INFO: Epoch 496: loss=0.3322, RMSE_E=3.2 meV, RMSE_F=18.2 meV / A
2024-11-25 15:55:22.151 INFO: Epoch 498: loss=0.3321, RMSE_E=3.2 meV, RMSE_F=18.2 meV / A
2024-11-25 15:55:24.741 INFO: Training complete
2024-11-25 15:55:24.741 INFO: Computing metrics for training, validation, and test sets
2024-11-25 15:55:24.743 INFO: Loading checkpoint: checkpoints/uracil_run-123_epoch-498.pt
2024-11-25 15:55:25.129 INFO: Loaded model from epoch 498
2024-11-25 15:55:25.130 INFO: Evaluating train ...
2024-11-25 15:55:25.489 INFO: Evaluating valid ...
2024-11-25 15:55:33.218 INFO: 
+-------------+--------------+------------------+-------------------+
| config_type | RMSE E / meV | RMSE F / meV / A | relative F RMSE % |
+-------------+--------------+------------------+-------------------+
|    train    |     1.1      |       2.6        |        0.19       |
|    valid    |     3.2      |       18.2       |        1.33       |
+-------------+--------------+------------------+-------------------+
2024-11-25 15:55:33.218 INFO: Saving model to checkpoints/uracil_run-123.model
2024-11-25 15:55:37.315 INFO: Compiling model, saving metadata to uracil_compiled.model
2024-11-25 15:55:38.653 INFO: Done
