2024-12-04 23:33:24.696 INFO: MACE version: 0.3.5
2024-12-04 23:33:24.696 INFO: Configuration: Namespace(config=None, name='Ti', seed=123, log_dir='logs', model_dir='.', checkpoints_dir='checkpoints', results_dir='results', downloads_dir='downloads', device='cuda', default_dtype='float64', distributed=False, log_level='INFO', error_table='TotalRMSE', model='ScaleShiftMACE', r_max=6.0, radial_type='bessel', num_radial_basis=10, num_cutoff_basis=5, pair_repulsion=False, distance_transform='None', interaction='RealAgnosticResidualInteractionBlock', interaction_first='RealAgnosticResidualInteractionBlock', max_ell=3, correlation=3, num_interactions=2, MLP_irreps='16x0e', radial_MLP='[64, 64, 64]', hidden_irreps='128x0e + 128x1o', num_channels=128, max_L=2, gate='silu', scaling='rms_forces_scaling', avg_num_neighbors=1, compute_avg_num_neighbors=True, compute_stress=False, compute_forces=True, train_file='./dataset/train.xyz', valid_file='./dataset/valid.xyz', valid_fraction=0.1, test_file=None, test_dir=None, multi_processed_test=False, num_workers=0, pin_memory=True, atomic_numbers=None, mean=None, std=None, statistics_file=None, E0s='average', keep_isolated_atoms=False, energy_key='energy', forces_key='forces', virials_key='virials', stress_key='stress', dipole_key='dipole', charges_key='charges', loss='ef', forces_weight=1000.0, swa_forces_weight=100.0, energy_weight=1.0, swa_energy_weight=1000.0, virials_weight=1.0, swa_virials_weight=10.0, stress_weight=1.0, swa_stress_weight=10.0, dipole_weight=1.0, swa_dipole_weight=1.0, config_type_weights='{"Default":1.0}', huber_delta=0.01, optimizer='adam', beta=0.9, batch_size=5, valid_batch_size=5, lr=0.005, swa_lr=0.001, weight_decay=1e-08, amsgrad=True, scheduler='ReduceLROnPlateau', lr_factor=0.8, scheduler_patience=5, lr_scheduler_gamma=0.9993, swa=False, start_swa=None, ema=True, ema_decay=0.995, max_num_epochs=100, patience=2048, foundation_model='/home/l6eub2ic/whcs-share31/wangchen/mace/MPtrj/2024-01-07-mace-128-L2_epoch-199.model', foundation_model_readout=True, eval_interval=2, keep_checkpoints=False, save_all_checkpoints=False, restart_latest=False, save_cpu=True, clip_grad=100.0, wandb=False, wandb_dir=None, wandb_project='', wandb_entity='', wandb_name='', wandb_log_hypers=['num_channels', 'max_L', 'correlation', 'lr', 'swa_lr', 'weight_decay', 'batch_size', 'max_num_epochs', 'start_swa', 'energy_weight', 'forces_weight'])
2024-12-04 23:33:24.833 INFO: CUDA version: 11.8, CUDA device: 0
2024-12-04 23:33:25.380 INFO: Error accessing Git repository: /home/l6eub2ic/whcs-share31/wangchen/mace/inorganic/Ti/finetune
2024-12-04 23:33:28.027 INFO: Using foundation model /home/l6eub2ic/whcs-share31/wangchen/mace/MPtrj/2024-01-07-mace-128-L2_epoch-199.model as initial checkpoint.
2024-12-04 23:33:35.886 INFO: Since ASE version 3.23.0b1, using energy_key 'energy' is no longer safe when communicating between MACE and ASE. We recommend using a different key, rewriting energies to 'REF_energy'. You need to use --energy_key='REF_energy', to tell the key name chosen.
2024-12-04 23:33:37.707 INFO: Since ASE version 3.23.0b1, using forces_key 'forces' is no longer safe when communicating between MACE and ASE. We recommend using a different key, rewriting energies to 'REF_forces'. You need to use --forces_key='REF_forces', to tell the key name chosen.
2024-12-04 23:33:39.551 INFO: Since ASE version 3.23.0b1, using stress_key 'stress' is no longer safe when communicating between MACE and ASE. We recommend using a different key, rewriting energies to 'REF_stress'. You need to use --stress_key='REF_stress', to tell the key name chosen.
2024-12-04 23:33:39.953 INFO: Loaded 10054 training configurations from './dataset/train.xyz'
2024-12-04 23:33:40.647 INFO: Since ASE version 3.23.0b1, using energy_key 'energy' is no longer safe when communicating between MACE and ASE. We recommend using a different key, rewriting energies to 'REF_energy'. You need to use --energy_key='REF_energy', to tell the key name chosen.
2024-12-04 23:33:40.733 INFO: Since ASE version 3.23.0b1, using forces_key 'forces' is no longer safe when communicating between MACE and ASE. We recommend using a different key, rewriting energies to 'REF_forces'. You need to use --forces_key='REF_forces', to tell the key name chosen.
2024-12-04 23:33:40.820 INFO: Since ASE version 3.23.0b1, using stress_key 'stress' is no longer safe when communicating between MACE and ASE. We recommend using a different key, rewriting energies to 'REF_stress'. You need to use --stress_key='REF_stress', to tell the key name chosen.
2024-12-04 23:33:40.833 INFO: Loaded 474 validation configurations from './dataset/valid.xyz'
2024-12-04 23:33:40.834 INFO: Total number of configurations: train=10054, valid=474, tests=[]
2024-12-04 23:33:40.882 INFO: AtomicNumberTable: (22,)
2024-12-04 23:33:40.883 INFO: Atomic Energies not in training file, using command line argument E0s
2024-12-04 23:33:40.883 INFO: Computing average Atomic Energies using least squares regression
2024-12-04 23:33:40.916 INFO: Atomic energies: [-7.470202190152845]
2024-12-04 23:33:51.763 INFO: EnergyForcesLoss(energy_weight=1.000, forces_weight=1000.000)
2024-12-04 23:33:56.534 INFO: Average number of neighbors: 50.40547177126724
2024-12-04 23:33:56.535 INFO: Selected the following outputs: {'energy': True, 'forces': True, 'virials': False, 'stress': False, 'dipoles': False}
2024-12-04 23:34:01.232 INFO: Building model
2024-12-04 23:34:12.737 INFO: ScaleShiftMACE(
  (node_embedding): LinearNodeEmbeddingBlock(
    (linear): Linear(1x0e -> 128x0e | 128 weights)
  )
  (radial_embedding): RadialEmbeddingBlock(
    (bessel_fn): BesselBasis(r_max=6.0, num_basis=10, trainable=True)
    (cutoff_fn): PolynomialCutoff(p=5.0, r_max=6.0)
  )
  (spherical_harmonics): SphericalHarmonics()
  (atomic_energies_fn): AtomicEnergiesBlock(energies=[-7.4702])
  (interactions): ModuleList(
    (0): RealAgnosticResidualInteractionBlock(
      (linear_up): Linear(128x0e -> 128x0e | 16384 weights)
      (conv_tp): TensorProduct(128x0e x 1x0e+1x1o+1x2e+1x3o -> 128x0e+128x1o+128x2e+128x3o | 512 paths | 512 weights)
      (conv_tp_weights): FullyConnectedNet[10, 64, 64, 64, 512]
      (linear): Linear(128x0e+128x1o+128x2e+128x3o -> 128x0e+128x1o+128x2e+128x3o | 65536 weights)
      (skip_tp): FullyConnectedTensorProduct(128x0e x 1x0e -> 128x0e+128x1o+128x2e | 16384 paths | 16384 weights)
      (reshape): reshape_irreps()
    )
    (1): RealAgnosticResidualInteractionBlock(
      (linear_up): Linear(128x0e+128x1o+128x2e -> 128x0e+128x1o+128x2e | 49152 weights)
      (conv_tp): TensorProduct(128x0e+128x1o+128x2e x 1x0e+1x1o+1x2e+1x3o -> 384x0e+640x1o+640x2e+512x3o | 2176 paths | 2176 weights)
      (conv_tp_weights): FullyConnectedNet[10, 64, 64, 64, 2176]
      (linear): Linear(384x0e+640x1o+640x2e+512x3o -> 128x0e+128x1o+128x2e+128x3o | 278528 weights)
      (skip_tp): FullyConnectedTensorProduct(128x0e+128x1o+128x2e x 1x0e -> 128x0e | 16384 paths | 16384 weights)
      (reshape): reshape_irreps()
    )
  )
  (products): ModuleList(
    (0): EquivariantProductBasisBlock(
      (symmetric_contractions): SymmetricContraction(
        (contractions): ModuleList(
          (0): Contraction(
            (contractions_weighting): ModuleList(
              (0-1): 2 x GraphModule()
            )
            (contractions_features): ModuleList(
              (0-1): 2 x GraphModule()
            )
            (weights): ParameterList(
                (0): Parameter containing: [torch.float64 of size 1x4x128 (GPU 0)]
                (1): Parameter containing: [torch.float64 of size 1x1x128 (GPU 0)]
            )
            (graph_opt_main): GraphModule()
          )
          (1): Contraction(
            (contractions_weighting): ModuleList(
              (0-1): 2 x GraphModule()
            )
            (contractions_features): ModuleList(
              (0-1): 2 x GraphModule()
            )
            (weights): ParameterList(
                (0): Parameter containing: [torch.float64 of size 1x6x128 (GPU 0)]
                (1): Parameter containing: [torch.float64 of size 1x1x128 (GPU 0)]
            )
            (graph_opt_main): GraphModule()
          )
          (2): Contraction(
            (contractions_weighting): ModuleList(
              (0-1): 2 x GraphModule()
            )
            (contractions_features): ModuleList(
              (0-1): 2 x GraphModule()
            )
            (weights): ParameterList(
                (0): Parameter containing: [torch.float64 of size 1x7x128 (GPU 0)]
                (1): Parameter containing: [torch.float64 of size 1x1x128 (GPU 0)]
            )
            (graph_opt_main): GraphModule()
          )
        )
      )
      (linear): Linear(128x0e+128x1o+128x2e -> 128x0e+128x1o+128x2e | 49152 weights)
    )
    (1): EquivariantProductBasisBlock(
      (symmetric_contractions): SymmetricContraction(
        (contractions): ModuleList(
          (0): Contraction(
            (contractions_weighting): ModuleList(
              (0-1): 2 x GraphModule()
            )
            (contractions_features): ModuleList(
              (0-1): 2 x GraphModule()
            )
            (weights): ParameterList(
                (0): Parameter containing: [torch.float64 of size 1x4x128 (GPU 0)]
                (1): Parameter containing: [torch.float64 of size 1x1x128 (GPU 0)]
            )
            (graph_opt_main): GraphModule()
          )
        )
      )
      (linear): Linear(128x0e -> 128x0e | 16384 weights)
    )
  )
  (readouts): ModuleList(
    (0): LinearReadoutBlock(
      (linear): Linear(128x0e+128x1o+128x2e -> 1x0e | 128 weights)
    )
    (1): NonLinearReadoutBlock(
      (linear_1): Linear(128x0e -> 16x0e | 2048 weights)
      (non_linearity): Activation [x] (16x0e -> 16x0e)
      (linear_2): Linear(16x0e -> 1x0e | 16 weights)
    )
  )
  (scale_shift): ScaleShiftBlock(scale=0.804154, shift=0.164097)
)
2024-12-04 23:34:12.740 INFO: Number of parameters: 723866
2024-12-04 23:34:12.740 INFO: Optimizer: Adam (
Parameter Group 0
    amsgrad: True
    betas: (0.9, 0.999)
    capturable: False
    differentiable: False
    eps: 1e-08
    foreach: None
    fused: None
    lr: 0.005
    maximize: False
    name: embedding
    weight_decay: 0.0

Parameter Group 1
    amsgrad: True
    betas: (0.9, 0.999)
    capturable: False
    differentiable: False
    eps: 1e-08
    foreach: None
    fused: None
    lr: 0.005
    maximize: False
    name: interactions_decay
    weight_decay: 1e-08

Parameter Group 2
    amsgrad: True
    betas: (0.9, 0.999)
    capturable: False
    differentiable: False
    eps: 1e-08
    foreach: None
    fused: None
    lr: 0.005
    maximize: False
    name: interactions_no_decay
    weight_decay: 0.0

Parameter Group 3
    amsgrad: True
    betas: (0.9, 0.999)
    capturable: False
    differentiable: False
    eps: 1e-08
    foreach: None
    fused: None
    lr: 0.005
    maximize: False
    name: products
    weight_decay: 1e-08

Parameter Group 4
    amsgrad: True
    betas: (0.9, 0.999)
    capturable: False
    differentiable: False
    eps: 1e-08
    foreach: None
    fused: None
    lr: 0.005
    maximize: False
    name: readouts
    weight_decay: 0.0
)
2024-12-04 23:34:12.740 INFO: Using gradient clipping with tolerance=100.000
2024-12-04 23:34:12.740 INFO: Started training
2024-12-04 23:34:28.166 INFO: Epoch None: loss=3403.7790, RMSE_E=57475.6 meV, RMSE_F=302.1 meV / A
2024-12-04 23:39:20.901 INFO: Epoch 0: loss=11.1744, RMSE_E=394.7 meV, RMSE_F=103.6 meV / A
2024-12-04 23:48:39.775 INFO: Epoch 2: loss=8.5491, RMSE_E=204.0 meV, RMSE_F=91.3 meV / A
2024-12-04 23:58:00.067 INFO: Epoch 4: loss=7.7704, RMSE_E=159.9 meV, RMSE_F=86.9 meV / A
2024-12-05 00:07:16.338 INFO: Epoch 6: loss=7.2727, RMSE_E=140.9 meV, RMSE_F=84.3 meV / A
2024-12-05 00:16:34.011 INFO: Epoch 8: loss=7.1336, RMSE_E=136.0 meV, RMSE_F=83.4 meV / A
2024-12-05 00:25:51.587 INFO: Epoch 10: loss=6.9813, RMSE_E=125.2 meV, RMSE_F=82.7 meV / A
2024-12-05 00:35:13.377 INFO: Epoch 12: loss=6.8126, RMSE_E=116.2 meV, RMSE_F=82.0 meV / A
2024-12-05 00:44:31.214 INFO: Epoch 14: loss=6.7427, RMSE_E=115.0 meV, RMSE_F=81.3 meV / A
2024-12-05 00:53:49.454 INFO: Epoch 16: loss=6.6846, RMSE_E=115.1 meV, RMSE_F=80.9 meV / A
2024-12-05 01:03:07.574 INFO: Epoch 18: loss=6.6281, RMSE_E=102.5 meV, RMSE_F=80.7 meV / A
2024-12-05 01:12:28.777 INFO: Epoch 20: loss=6.5868, RMSE_E=99.5 meV, RMSE_F=80.4 meV / A
2024-12-05 01:21:44.781 INFO: Epoch 22: loss=6.4787, RMSE_E=97.8 meV, RMSE_F=79.7 meV / A
2024-12-05 01:30:57.676 INFO: Epoch 24: loss=6.5609, RMSE_E=109.6 meV, RMSE_F=80.2 meV / A
2024-12-05 01:40:12.235 INFO: Epoch 26: loss=6.4221, RMSE_E=98.5 meV, RMSE_F=79.5 meV / A
2024-12-05 01:49:29.210 INFO: Epoch 28: loss=6.4203, RMSE_E=98.6 meV, RMSE_F=79.5 meV / A
2024-12-05 01:58:48.544 INFO: Epoch 30: loss=6.4776, RMSE_E=90.2 meV, RMSE_F=79.9 meV / A
2024-12-05 02:08:03.083 INFO: Epoch 32: loss=6.4378, RMSE_E=97.1 meV, RMSE_F=79.4 meV / A
2024-12-05 02:17:15.935 INFO: Epoch 34: loss=6.4095, RMSE_E=89.8 meV, RMSE_F=79.5 meV / A
2024-12-05 02:26:31.422 INFO: Epoch 36: loss=6.3975, RMSE_E=91.9 meV, RMSE_F=79.4 meV / A
2024-12-05 02:35:50.525 INFO: Epoch 38: loss=6.4256, RMSE_E=92.6 meV, RMSE_F=79.6 meV / A
2024-12-05 02:45:04.577 INFO: Epoch 40: loss=6.4559, RMSE_E=84.5 meV, RMSE_F=79.7 meV / A
2024-12-05 02:54:21.467 INFO: Epoch 42: loss=6.5146, RMSE_E=87.5 meV, RMSE_F=80.0 meV / A
2024-12-05 03:03:36.275 INFO: Epoch 44: loss=6.5190, RMSE_E=84.4 meV, RMSE_F=80.1 meV / A
2024-12-05 03:12:51.264 INFO: Epoch 46: loss=6.6019, RMSE_E=85.5 meV, RMSE_F=80.6 meV / A
2024-12-05 03:22:06.761 INFO: Epoch 48: loss=6.6450, RMSE_E=83.8 meV, RMSE_F=80.8 meV / A
2024-12-05 03:31:23.966 INFO: Epoch 50: loss=6.6862, RMSE_E=82.5 meV, RMSE_F=81.1 meV / A
2024-12-05 03:40:40.642 INFO: Epoch 52: loss=6.6746, RMSE_E=81.4 meV, RMSE_F=81.0 meV / A
2024-12-05 03:49:54.002 INFO: Epoch 54: loss=6.6991, RMSE_E=79.6 meV, RMSE_F=81.2 meV / A
2024-12-05 03:59:06.955 INFO: Epoch 56: loss=6.7641, RMSE_E=80.0 meV, RMSE_F=81.5 meV / A
2024-12-05 04:08:19.846 INFO: Epoch 58: loss=6.7926, RMSE_E=80.7 meV, RMSE_F=81.7 meV / A
2024-12-05 04:17:36.849 INFO: Epoch 60: loss=6.8083, RMSE_E=78.3 meV, RMSE_F=81.8 meV / A
2024-12-05 04:26:51.225 INFO: Epoch 62: loss=6.8620, RMSE_E=79.1 meV, RMSE_F=82.0 meV / A
2024-12-05 04:36:06.248 INFO: Epoch 64: loss=6.9370, RMSE_E=78.9 meV, RMSE_F=82.5 meV / A
2024-12-05 04:45:19.780 INFO: Epoch 66: loss=6.9345, RMSE_E=78.9 meV, RMSE_F=82.5 meV / A
2024-12-05 04:54:34.495 INFO: Epoch 68: loss=7.0200, RMSE_E=79.2 meV, RMSE_F=82.9 meV / A
2024-12-05 05:03:50.008 INFO: Epoch 70: loss=7.0023, RMSE_E=78.2 meV, RMSE_F=82.8 meV / A
2024-12-05 05:13:07.219 INFO: Epoch 72: loss=7.0620, RMSE_E=76.9 meV, RMSE_F=83.2 meV / A
2024-12-05 05:22:22.702 INFO: Epoch 74: loss=7.0979, RMSE_E=77.9 meV, RMSE_F=83.4 meV / A
2024-12-05 05:31:42.490 INFO: Epoch 76: loss=7.1351, RMSE_E=77.0 meV, RMSE_F=83.5 meV / A
2024-12-05 05:41:00.374 INFO: Epoch 78: loss=7.0927, RMSE_E=77.6 meV, RMSE_F=83.3 meV / A
2024-12-05 05:50:17.394 INFO: Epoch 80: loss=7.2032, RMSE_E=77.2 meV, RMSE_F=83.9 meV / A
2024-12-05 05:59:33.840 INFO: Epoch 82: loss=7.1815, RMSE_E=76.5 meV, RMSE_F=83.9 meV / A
2024-12-05 06:08:50.098 INFO: Epoch 84: loss=7.1918, RMSE_E=76.2 meV, RMSE_F=83.9 meV / A
2024-12-05 06:18:05.643 INFO: Epoch 86: loss=7.2401, RMSE_E=77.4 meV, RMSE_F=84.1 meV / A
2024-12-05 06:27:16.865 INFO: Epoch 88: loss=7.2920, RMSE_E=75.8 meV, RMSE_F=84.4 meV / A
2024-12-05 06:36:32.006 INFO: Epoch 90: loss=7.3180, RMSE_E=77.4 meV, RMSE_F=84.6 meV / A
2024-12-05 06:45:50.838 INFO: Epoch 92: loss=7.3346, RMSE_E=75.2 meV, RMSE_F=84.6 meV / A
2024-12-05 06:55:08.225 INFO: Epoch 94: loss=7.3121, RMSE_E=76.0 meV, RMSE_F=84.6 meV / A
2024-12-05 07:04:22.848 INFO: Epoch 96: loss=7.3232, RMSE_E=76.1 meV, RMSE_F=84.6 meV / A
2024-12-05 07:13:37.695 INFO: Epoch 98: loss=7.3711, RMSE_E=75.1 meV, RMSE_F=84.8 meV / A
2024-12-05 07:18:11.750 INFO: Training complete
2024-12-05 07:18:11.751 INFO: Computing metrics for training, validation, and test sets
2024-12-05 07:18:11.755 INFO: Loading checkpoint: checkpoints/Ti_run-123_epoch-36.pt
2024-12-05 07:18:14.987 INFO: Loaded model from epoch 36
2024-12-05 07:18:14.987 INFO: Evaluating train ...
2024-12-05 07:22:11.623 INFO: Evaluating valid ...
2024-12-05 07:22:17.379 INFO: 
+-------------+--------------+------------------+-------------------+
| config_type | RMSE E / meV | RMSE F / meV / A | relative F RMSE % |
+-------------+--------------+------------------+-------------------+
|    train    |     94.6     |       70.7       |        8.50       |
|    valid    |     91.9     |       79.4       |       10.14       |
+-------------+--------------+------------------+-------------------+
2024-12-05 07:22:17.381 INFO: Saving model to checkpoints/Ti_run-123.model
2024-12-05 07:22:20.744 INFO: Compiling model, saving metadata to Ti_compiled.model
2024-12-05 07:22:22.394 INFO: Done
