Time[ps]      Etot[eV]     Epot[eV]     Ekin[eV]    T[K]
0.0000        -169.8114    -176.6684       6.8570  1657.7
0.0010        -170.0116    -176.6240       6.6124  1598.6
0.0020        -170.0032    -176.5215       6.5184  1575.9
0.0030        -169.9938    -176.3625       6.3686  1539.7
0.0040        -169.9830    -176.1485       6.1655  1490.6
0.0050        -169.9701    -175.8818       5.9117  1429.2
0.0060        -169.9545    -175.5656       5.6111  1356.5
0.0070        -169.9358    -175.2048       5.2690  1273.8
0.0080        -169.9135    -174.8066       4.8931  1183.0
0.0090        -169.8872    -174.3805       4.4932  1086.3
0.0100        -169.8568    -173.9391       4.0823   986.9
0.0110        -169.8221    -173.4980       3.6759   888.7
0.0120        -169.7832    -173.0747       3.2915   795.7
0.0130        -169.7406    -172.6874       2.9468   712.4
0.0140        -169.6947    -172.3532       2.6584   642.7
0.0150        -169.6463    -172.0860       2.4398   589.8
0.0160        -169.5960    -171.8954       2.2994   555.9
0.0170        -169.5447    -171.7851       2.2404   541.6
0.0180        -169.4932    -171.7530       2.2599   546.3
0.0190        -169.4421    -171.7918       2.3498   568.1
0.0200        -169.3920    -171.8899       2.4979   603.9
0.0210        -169.3433    -172.0331       2.6898   650.3
0.0220        -169.2965    -172.2068       2.9102   703.6
0.0230        -169.2518    -172.3970       3.1452   760.4
0.0240        -169.2093    -172.5918       3.3825   817.8
0.0250        -169.1690    -172.7812       3.6122   873.3
0.0260        -169.1310    -172.9570       3.8261   925.0
0.0270        -169.0950    -173.1126       4.0176   971.3
0.0280        -169.0608    -173.2425       4.1817  1011.0
0.0290        -169.0282    -173.3432       4.3150  1043.2
0.0300        -168.9967    -173.4132       4.4165  1067.7
0.0310        -168.9662    -173.4532       4.4871  1084.8
0.0320        -168.9363    -173.4656       4.5293  1095.0
0.0330        -168.9069    -173.4535       4.5467  1099.2
0.0340        -168.8777    -173.4201       4.5424  1098.2
0.0350        -168.8485    -173.3681       4.5196  1092.7
0.0360        -168.8191    -173.2998       4.4806  1083.2
0.0370        -168.7894    -173.2163       4.4269  1070.2
0.0380        -168.7592    -173.1186       4.3594  1053.9
0.0390        -168.7284    -173.0069       4.2785  1034.4
0.0400        -168.6969    -172.8804       4.1834  1011.4
0.0410        -168.6645    -172.7374       4.0729   984.7
0.0420        -168.6308    -172.5760       3.9452   953.8
0.0430        -168.5958    -172.3955       3.7998   918.6
0.0440        -168.5591    -172.1974       3.6383   879.6
0.0450        -168.5206    -171.9855       3.4648   837.7
0.0460        -168.4803    -171.7662       3.2859   794.4
0.0470        -168.4380    -171.5482       3.1101   751.9
0.0480        -168.3939    -171.3421       2.9481   712.7
0.0490        -168.3483    -171.1592       2.8110   679.6
0.0500        -168.3014    -171.0103       2.7089   654.9
0.0510        -168.2538    -170.9037       2.6499   640.6
0.0520        -168.2058    -170.8435       2.6377   637.7
0.0530        -168.1580    -170.8296       2.6716   645.9
0.0540        -168.1108    -170.8572       2.7464   664.0
0.0550        -168.0644    -170.9184       2.8540   690.0
0.0560        -168.0191    -171.0036       2.9846   721.5
0.0570        -167.9749    -171.1028       3.1279   756.2
0.0580        -167.9321    -171.2072       3.2751   791.8
0.0590        -167.8906    -171.3099       3.4192   826.6
0.0600        -167.8504    -171.4062       3.5559   859.7
0.0610        -167.8113    -171.4945       3.6831   890.4
0.0620        -167.7735    -171.5749       3.8014   919.0
0.0630        -167.7368    -171.6493       3.9124   945.9
0.0640        -167.7012    -171.7200       4.0187   971.6
0.0650        -167.6668    -171.7896       4.1228   996.7
0.0660        -167.6335    -171.8599       4.2264  1021.8
0.0670        -167.6013    -171.9312       4.3299  1046.8
0.0680        -167.5703    -172.0025       4.4322  1071.5
0.0690        -167.5403    -172.0714       4.5310  1095.4
0.0700        -167.5113    -172.1345       4.6232  1117.7
0.0710        -167.4833    -172.1886       4.7053  1137.6
0.0720        -167.4560    -172.2306       4.7746  1154.3
0.0730        -167.4293    -172.2584       4.8290  1167.5
0.0740        -167.4031    -172.2707       4.8675  1176.8
0.0750        -167.3772    -172.2676       4.8904  1182.3
0.0760        -167.3516    -172.2503       4.8987  1184.3
0.0770        -167.3260    -172.2201       4.8941  1183.2
0.0780        -167.3004    -172.1787       4.8783  1179.4
0.0790        -167.2746    -172.1275       4.8529  1173.2
0.0800        -167.2486    -172.0685       4.8199  1165.3
0.0810        -167.2222    -172.0036       4.7814  1155.9
0.0820        -167.1953    -171.9357       4.7404  1146.1
0.0830        -167.1679    -171.8694       4.7015  1136.6
0.0840        -167.1401    -171.8099       4.6698  1129.0
0.0850        -167.1120    -171.7628       4.6508  1124.4
0.0860        -167.0839    -171.7326       4.6487  1123.9
0.0870        -167.0559    -171.7219       4.6660  1128.1
0.0880        -167.0282    -171.7309       4.7027  1136.9
0.0890        -167.0011    -171.7574       4.7563  1149.9
0.0900        -166.9746    -171.7970       4.8224  1165.9
0.0910        -166.9488    -171.8435       4.8947  1183.4
0.0920        -166.9236    -171.8904       4.9668  1200.8
0.0930        -166.8991    -171.9321       5.0330  1216.8
0.0940        -166.8750    -171.9646       5.0895  1230.4
0.0950        -166.8514    -171.9859       5.1345  1241.3
0.0960        -166.8282    -171.9964       5.1682  1249.5
0.0970        -166.8052    -171.9980       5.1928  1255.4
0.0980        -166.7825    -171.9932       5.2108  1259.8
0.0990        -166.7600    -171.9845       5.2245  1263.1
0.1000        -166.7377    -171.9734       5.2357  1265.8
0.1010        -166.7155    -171.9608       5.2453  1268.1
0.1020        -166.6935    -171.9474       5.2540  1270.2
0.1030        -166.6714    -171.9339       5.2625  1272.3
0.1040        -166.6495    -171.9215       5.2720  1274.6
0.1050        -166.6276    -171.9118       5.2843  1277.5
0.1060        -166.6058    -171.9068       5.3009  1281.6
0.1070        -166.5843    -171.9080       5.3237  1287.1
0.1080        -166.5631    -171.9166       5.3536  1294.3
0.1090        -166.5421    -171.9331       5.3910  1303.3
0.1100        -166.5216    -171.9576       5.4361  1314.2
0.1110        -166.5015    -171.9903       5.4888  1327.0
0.1120        -166.4820    -172.0304       5.5483  1341.4
0.1130        -166.4633    -172.0756       5.6122  1356.8
0.1140        -166.4453    -172.1219       5.6765  1372.4
0.1150        -166.4281    -172.1640       5.7360  1386.7
0.1160        -166.4113    -172.1963       5.7850  1398.6
0.1170        -166.3950    -172.2134       5.8184  1406.7
0.1180        -166.3788    -172.2117       5.8329  1410.2
0.1190        -166.3626    -172.1896       5.8270  1408.7
0.1200        -166.3463    -172.1480       5.8017  1402.6
0.1210        -166.3296    -172.0896       5.7600  1392.6
0.1220        -166.3124    -172.0185       5.7061  1379.5
0.1230        -166.2947    -171.9391       5.6444  1364.6
0.1240        -166.2765    -171.8557       5.5792  1348.8
0.1250        -166.2577    -171.7720       5.5143  1333.1
0.1260        -166.2383    -171.6908       5.4525  1318.2
0.1270        -166.2183    -171.6140       5.3958  1304.5
0.1280        -166.1977    -171.5433       5.3455  1292.3
0.1290        -166.1768    -171.4792       5.3024  1281.9
0.1300        -166.1554    -171.4216       5.2662  1273.2
0.1310        -166.1336    -171.3702       5.2366  1266.0
0.1320        -166.1115    -171.3250       5.2135  1260.4
0.1330        -166.0891    -171.2860       5.1969  1256.4
0.1340        -166.0666    -171.2541       5.1875  1254.1
0.1350        -166.0438    -171.2308       5.1870  1254.0
0.1360        -166.0210    -171.2185       5.1975  1256.6
0.1370        -165.9984    -171.2203       5.2219  1262.4
0.1380        -165.9762    -171.2375       5.2613  1272.0
0.1390        -165.9544    -171.2700       5.3156  1285.1
0.1400        -165.9331    -171.3176       5.3845  1301.8
0.1410        -165.9123    -171.3806       5.4683  1322.0
0.1420        -165.8923    -171.4609       5.5685  1346.3
0.1430        -165.8734    -171.5606       5.6872  1374.9
0.1440        -165.8558    -171.6811       5.8252  1408.3
0.1450        -165.8399    -171.8210       5.9812  1446.0
0.1460        -165.8258    -171.9757       6.1499  1486.8
0.1470        -165.8136    -172.1363       6.3227  1528.6
0.1480        -165.8031    -172.2910       6.4878  1568.5
0.1490        -165.7943    -172.4274       6.6332  1603.6
0.1500        -165.7867    -172.5346       6.7479  1631.4
0.1510        -165.7799    -172.6038       6.8239  1649.8
0.1520        -165.7736    -172.6310       6.8574  1657.8
0.1530        -165.7674    -172.6162       6.8488  1655.8
0.1540        -165.7610    -172.5634       6.8024  1644.6
0.1550        -165.7542    -172.4784       6.7242  1625.7
0.1560        -165.7466    -172.3668       6.6202  1600.5
0.1570        -165.7379    -172.2346       6.4967  1570.7
0.1580        -165.7280    -172.0884       6.3604  1537.7
0.1590        -165.7168    -171.9347       6.2179  1503.2
0.1600        -165.7042    -171.7794       6.0752  1468.7
0.1610        -165.6902    -171.6279       5.9377  1435.5
0.1620        -165.6749    -171.4849       5.8101  1404.6
0.1630        -165.6583    -171.3551       5.6968  1377.3
0.1640        -165.6407    -171.2420       5.6013  1354.2
0.1650        -165.6222    -171.1477       5.5255  1335.8
0.1660        -165.6031    -171.0726       5.4695  1322.3
0.1670        -165.5835    -171.0160       5.4325  1313.4
0.1680        -165.5635    -170.9759       5.4124  1308.5
0.1690        -165.5434    -170.9495       5.4061  1307.0
0.1700        -165.5233    -170.9334       5.4101  1308.0
0.1710        -165.5031    -170.9241       5.4210  1310.6
0.1720        -165.4830    -170.9187       5.4357  1314.1
0.1730        -165.4629    -170.9151       5.4522  1318.1
0.1740        -165.4429    -170.9127       5.4698  1322.4
0.1750        -165.4231    -170.9119       5.4888  1327.0
0.1760        -165.4034    -170.9130       5.5095  1332.0
0.1770        -165.3841    -170.9159       5.5319  1337.4
0.1780        -165.3650    -170.9199       5.5549  1342.9
0.1790        -165.3461    -170.9231       5.5770  1348.3
0.1800        -165.3275    -170.9240       5.5965  1353.0
0.1810        -165.3090    -170.9210       5.6120  1356.8
0.1820        -165.2906    -170.9132       5.6226  1359.3
0.1830        -165.2722    -170.9008       5.6285  1360.8
0.1840        -165.2540    -170.8841       5.6301  1361.1
0.1850        -165.2357    -170.8641       5.6284  1360.7
0.1860        -165.2174    -170.8420       5.6246  1359.8
0.1870        -165.1991    -170.8194       5.6203  1358.8
0.1880        -165.1808    -170.7975       5.6167  1357.9
0.1890        -165.1625    -170.7771       5.6146  1357.4
0.1900        -165.1443    -170.7582       5.6139  1357.2
0.1910        -165.1260    -170.7404       5.6144  1357.4
0.1920        -165.1077    -170.7240       5.6163  1357.8
0.1930        -165.0894    -170.7092       5.6198  1358.6
0.1940        -165.0713    -170.6962       5.6249  1359.9
0.1950        -165.0533    -170.6838       5.6304  1361.2
0.1960        -165.0354    -170.6694       5.6340  1362.1
0.1970        -165.0174    -170.6505       5.6331  1361.9
0.1980        -164.9993    -170.6252       5.6259  1360.1
0.1990        -164.9812    -170.5924       5.6113  1356.6
0.2000        -164.9628    -170.5517       5.5889  1351.2
0.2010        -164.9442    -170.5033       5.5591  1344.0
0.2020        -164.9252    -170.4485       5.5234  1335.3
0.2030        -164.9057    -170.3900       5.4843  1325.9
0.2040        -164.8858    -170.3314       5.4455  1316.5
0.2050        -164.8656    -170.2772       5.4117  1308.3
0.2060        -164.8450    -170.2320       5.3870  1302.4
0.2070        -164.8243    -170.1994       5.3752  1299.5
0.2080        -164.8035    -170.1820       5.3786  1300.3
0.2090        -164.7827    -170.1815       5.3988  1305.2
0.2100        -164.7623    -170.1986       5.4363  1314.3
0.2110        -164.7423    -170.2324       5.4900  1327.3
0.2120        -164.7231    -170.2805       5.5574  1343.6
0.2130        -164.7045    -170.3384       5.6339  1362.1
0.2140        -164.6867    -170.4006       5.7139  1381.4
0.2150        -164.6695    -170.4623       5.7928  1400.5
0.2160        -164.6530    -170.5208       5.8677  1418.6
0.2170        -164.6374    -170.5737       5.9362  1435.1
0.2180        -164.6225    -170.6181       5.9955  1449.5
0.2190        -164.6081    -170.6512       6.0431  1461.0
0.2200        -164.5941    -170.6716       6.0775  1469.3
0.2210        -164.5804    -170.6790       6.0985  1474.4
0.2220        -164.5670    -170.6732       6.1062  1476.2
0.2230        -164.5536    -170.6547       6.1011  1475.0
0.2240        -164.5400    -170.6246       6.0846  1471.0
0.2250        -164.5261    -170.5859       6.0598  1465.0
0.2260        -164.5118    -170.5434       6.0316  1458.2
0.2270        -164.4973    -170.5035       6.0061  1452.0
0.2280        -164.4827    -170.4716       5.9889  1447.9
0.2290        -164.4682    -170.4510       5.9828  1446.4
0.2300        -164.4537    -170.4417       5.9879  1447.6
0.2310        -164.4395    -170.4410       6.0015  1450.9
0.2320        -164.4254    -170.4442       6.0188  1455.1
0.2330        -164.4115    -170.4456       6.0340  1458.8
0.2340        -164.3978    -170.4391       6.0413  1460.5
0.2350        -164.3841    -170.4190       6.0349  1459.0
0.2360        -164.3701    -170.3802       6.0101  1453.0
0.2370        -164.3558    -170.3201       5.9643  1441.9
0.2380        -164.3409    -170.2382       5.8974  1425.7
0.2390        -164.3251    -170.1367       5.8116  1405.0
0.2400        -164.3081    -170.0212       5.7131  1381.2
0.2410        -164.2900    -169.9013       5.6113  1356.6
0.2420        -164.2707    -169.7901       5.5194  1334.4
0.2430        -164.2504    -169.7030       5.4527  1318.2
0.2440        -164.2295    -169.6566       5.4271  1312.1
0.2450        -164.2088    -169.6648       5.4560  1319.1
0.2460        -164.1889    -169.7351       5.5462  1340.8
0.2470        -164.1705    -169.8665       5.6961  1377.1
0.2480        -164.1539    -170.0501       5.8962  1425.5
0.2490        -164.1394    -170.2709       6.1315  1482.4
0.2500        -164.1272    -170.5117       6.3845  1543.5
0.2510        -164.1173    -170.7558       6.6385  1604.9
0.2520        -164.1096    -170.9899       6.8803  1663.4
0.2530        -164.1041    -171.2049       7.1007  1716.7
0.2540        -164.1008    -171.3949       7.2941  1763.4
0.2550        -164.0995    -171.5562       7.4567  1802.7
0.2560        -164.0997    -171.6850       7.5853  1833.8
0.2570        -164.1013    -171.7783       7.6771  1856.0
0.2580        -164.1036    -171.8340       7.7304  1868.9
0.2590        -164.1065    -171.8514       7.7449  1872.4
0.2600        -164.1094    -171.8307       7.7213  1866.7
0.2610        -164.1120    -171.7736       7.6616  1852.3
0.2620        -164.1140    -171.6831       7.5691  1829.9
0.2630        -164.1151    -171.5630       7.4480  1800.6
0.2640        -164.1148    -171.4182       7.3033  1765.7
0.2650        -164.1131    -171.2542       7.1410  1726.4
0.2660        -164.1099    -171.0771       6.9673  1684.4
0.2670        -164.1049    -170.8926       6.7876  1641.0
0.2680        -164.0982    -170.7051       6.6068  1597.3
0.2690        -164.0897    -170.5187       6.4290  1554.3
0.2700        -164.0794    -170.3377       6.2583  1513.0
0.2710        -164.0673    -170.1666       6.0993  1474.6
0.2720        -164.0535    -170.0109       5.9575  1440.3
0.2730        -164.0381    -169.8772       5.8391  1411.7
0.2740        -164.0215    -169.7733       5.7517  1390.5
0.2750        -164.0042    -169.7067       5.7024  1378.6
0.2760        -163.9866    -169.6829       5.6963  1377.1
0.2770        -163.9692    -169.7040       5.7348  1386.4
0.2780        -163.9524    -169.7680       5.8156  1406.0
0.2790        -163.9365    -169.8696       5.9331  1434.4
0.2800        -163.9219    -170.0011       6.0793  1469.7
0.2810        -163.9085    -170.1544       6.2458  1510.0
0.2820        -163.8968    -170.3221       6.4253  1553.4
0.2830        -163.8869    -170.4980       6.6111  1598.3
0.2840        -163.8788    -170.6759       6.7971  1643.3
0.2850        -163.8724    -170.8502       6.9777  1686.9
0.2860        -163.8678    -171.0168       7.1490  1728.4
0.2870        -163.8647    -171.1737       7.3090  1767.0
0.2880        -163.8632    -171.3208       7.4577  1803.0
0.2890        -163.8632    -171.4589       7.5956  1836.3
0.2900        -163.8649    -171.5873       7.7224  1867.0
0.2910        -163.8680    -171.7030       7.8349  1894.2
0.2920        -163.8724    -171.8002       7.9278  1916.6
0.2930        -163.8778    -171.8720       7.9942  1932.7
0.2940        -163.8837    -171.9107       8.0270  1940.6
0.2950        -163.8901    -171.9098       8.0198  1938.9
0.2960        -163.8964    -171.8623       7.9659  1925.8
0.2970        -163.9020    -171.7612       7.8592  1900.1
0.2980        -163.9060    -171.6039       7.6979  1861.1
0.2990        -163.9079    -171.3949       7.4870  1810.1
0.3000        -163.9072    -171.1458       7.2385  1750.0
0.3010        -163.9039    -170.8744       6.9705  1685.2
0.3020        -163.8978    -170.6021       6.7043  1620.8
0.3030        -163.8892    -170.3514       6.4622  1562.3
0.3040        -163.8789    -170.1408       6.2619  1513.9
0.3050        -163.8673    -169.9791       6.1118  1477.6
0.3060        -163.8546    -169.8635       6.0089  1452.7
0.3070        -163.8410    -169.7837       5.9427  1436.7
0.3080        -163.8267    -169.7273       5.9006  1426.5
0.3090        -163.8117    -169.6831       5.8715  1419.5
0.3100        -163.7961    -169.6437       5.8476  1413.7
0.3110        -163.7799    -169.6061       5.8262  1408.6
0.3120        -163.7632    -169.5722       5.8090  1404.4
0.3130        -163.7462    -169.5482       5.8020  1402.7
0.3140        -163.7292    -169.5426       5.8134  1405.4
0.3150        -163.7123    -169.5637       5.8514  1414.6
0.3160        -163.6959    -169.6198       5.9239  1432.2
0.3170        -163.6806    -169.7165       6.0360  1459.3
0.3180        -163.6668    -169.8549       6.1881  1496.0
0.3190        -163.6550    -170.0296       6.3746  1541.1
0.3200        -163.6453    -170.2295       6.5842  1591.8
0.3210        -163.6378    -170.4393       6.8015  1644.3
0.3220        -163.6324    -170.6421       7.0097  1694.7
0.3230        -163.6288    -170.8221       7.1933  1739.1
0.3240        -163.6266    -170.9673       7.3407  1774.7
0.3250        -163.6255    -171.0718       7.4463  1800.2
0.3260        -163.6253    -171.1345       7.5092  1815.4
0.3270        -163.6258    -171.1575       7.5318  1820.9
0.3280        -163.6266    -171.1433       7.5167  1817.2
0.3290        -163.6274    -171.0932       7.4658  1804.9
0.3300        -163.6276    -171.0077       7.3801  1784.2
0.3310        -163.6268    -170.8884       7.2617  1755.6
0.3320        -163.6245    -170.7401       7.1156  1720.3
0.3330        -163.6203    -170.5720       6.9518  1680.7
0.3340        -163.6141    -170.3991       6.7850  1640.3
0.3350        -163.6063    -170.2402       6.6339  1603.8
0.3360        -163.5970    -170.1150       6.5180  1575.8
0.3370        -163.5869    -170.0410       6.4541  1560.3
0.3380        -163.5767    -170.0298       6.4531  1560.1
0.3390        -163.5671    -170.0849       6.5178  1575.8
0.3400        -163.5585    -170.2011       6.6426  1605.9
0.3410        -163.5516    -170.3658       6.8142  1647.4
0.3420        -163.5463    -170.5613       7.0150  1695.9
0.3430        -163.5429    -170.7692       7.2263  1747.0
0.3440        -163.5414    -170.9735       7.4322  1796.8
0.3450        -163.5417    -171.1615       7.6198  1842.2
0.3460        -163.5439    -171.3234       7.7795  1880.8
0.3470        -163.5475    -171.4511       7.9036  1910.8
0.3480        -163.5523    -171.5388       7.9865  1930.8
0.3490        -163.5578    -171.5825       8.0247  1940.1
0.3500        -163.5634    -171.5813       8.0179  1938.4
0.3510        -163.5688    -171.5372       7.9684  1926.4
0.3520        -163.5736    -171.4548       7.8812  1905.4
0.3530        -163.5776    -171.3403       7.7627  1876.7
0.3540        -163.5804    -171.1998       7.6193  1842.1
0.3550        -163.5819    -171.0387       7.4567  1802.7
0.3560        -163.5818    -170.8616       7.2798  1760.0
0.3570        -163.5800    -170.6729       7.0930  1714.8
0.3580        -163.5762    -170.4772       6.9009  1668.4
0.3590        -163.5704    -170.2796       6.7092  1622.0
0.3600        -163.5625    -170.0874       6.5249  1577.5
0.3610        -163.5528    -169.9091       6.3563  1536.7
0.3620        -163.5415    -169.7524       6.2109  1501.6
0.3630        -163.5288    -169.6239       6.0950  1473.5
0.3640        -163.5151    -169.5277       6.0125  1453.6
0.3650        -163.5008    -169.4655       5.9647  1442.0
0.3660        -163.4863    -169.4358       5.9495  1438.3
0.3670        -163.4718    -169.4333       5.9615  1441.3
0.3680        -163.4574    -169.4504       5.9930  1448.9
0.3690        -163.4433    -169.4791       6.0358  1459.2
0.3700        -163.4296    -169.5117       6.0821  1470.4
0.3710        -163.4163    -169.5409       6.1245  1480.7
0.3720        -163.4034    -169.5605       6.1571  1488.6
0.3730        -163.3906    -169.5663       6.1757  1493.0
0.3740        -163.3779    -169.5564       6.1785  1493.7
0.3750        -163.3650    -169.5313       6.1663  1490.8
0.3760        -163.3520    -169.4936       6.1416  1484.8
0.3770        -163.3386    -169.4474       6.1087  1476.9
0.3780        -163.3249    -169.3976       6.0726  1468.1
0.3790        -163.3109    -169.3497       6.0389  1460.0
0.3800        -163.2966    -169.3093       6.0127  1453.6
0.3810        -163.2821    -169.2807       5.9987  1450.2
0.3820        -163.2675    -169.2679       6.0004  1450.7
0.3830        -163.2529    -169.2738       6.0209  1455.6
0.3840        -163.2385    -169.3012       6.0627  1465.7
0.3850        -163.2245    -169.3528       6.1283  1481.6
0.3860        -163.2112    -169.4314       6.2203  1503.8
0.3870        -163.1989    -169.5396       6.3407  1532.9
0.3880        -163.1879    -169.6782       6.4903  1569.1
0.3890        -163.1787    -169.8455       6.6667  1611.8
0.3900        -163.1715    -170.0360       6.8645  1659.6
0.3910        -163.1664    -170.2408       7.0744  1710.3
0.3920        -163.1634    -170.4488       7.2854  1761.3
0.3930        -163.1622    -170.6488       7.4866  1810.0
0.3940        -163.1629    -170.8324       7.6695  1854.2
0.3950        -163.1653    -170.9932       7.8279  1892.5
0.3960        -163.1691    -171.1271       7.9580  1923.9
0.3970        -163.1741    -171.2323       8.0582  1948.2
0.3980        -163.1800    -171.3091       8.1291  1965.3
0.3990        -163.1866    -171.3592       8.1726  1975.8
0.4000        -163.1936    -171.3854       8.1919  1980.5
0.4010        -163.2007    -171.3920       8.1913  1980.3
0.4020        -163.2080    -171.3832       8.1753  1976.5
0.4030        -163.2153    -171.3616       8.1463  1969.4
0.4040        -163.2225    -171.3268       8.1043  1959.3
0.4050        -163.2293    -171.2772       8.0478  1945.7
0.4060        -163.2353    -171.2112       7.9759  1928.3
0.4070        -163.2404    -171.1300       7.8896  1907.4
0.4080        -163.2446    -171.0369       7.7922  1883.9
0.4090        -163.2479    -170.9358       7.6879  1858.6
0.4100        -163.2500    -170.8309       7.5809  1832.8
0.4110        -163.2511    -170.7266       7.4755  1807.3
0.4120        -163.2512    -170.6271       7.3759  1783.2
0.4130        -163.2504    -170.5354       7.2849  1761.2
0.4140        -163.2488    -170.4534       7.2046  1741.8
0.4150        -163.2464    -170.3820       7.1356  1725.1
0.4160        -163.2435    -170.3206       7.0771  1711.0
0.4170        -163.2400    -170.2673       7.0273  1698.9
0.4180        -163.2362    -170.2185       6.9823  1688.0
0.4190        -163.2320    -170.1689       6.9369  1677.1
0.4200        -163.2273    -170.1126       6.8852  1664.6
0.4210        -163.2220    -170.0437       6.8217  1649.2
0.4220        -163.2159    -169.9583       6.7425  1630.1
0.4230        -163.2088    -169.8548       6.6460  1606.7
0.4240        -163.2005    -169.7342       6.5337  1579.6
0.4250        -163.1909    -169.6011       6.4102  1549.7
0.4260        -163.1799    -169.4626       6.2827  1518.9
0.4270        -163.1676    -169.3282       6.1606  1489.4
0.4280        -163.1541    -169.2078       6.0537  1463.5
0.4290        -163.1398    -169.1104       5.9707  1443.5
0.4300        -163.1248    -169.0426       5.9179  1430.7
0.4310        -163.1095    -169.0079       5.8984  1426.0
0.4320        -163.0942    -169.0059       5.9118  1429.2
0.4330        -163.0790    -169.0341       5.9551  1439.7
0.4340        -163.0644    -169.0886       6.0242  1456.4
0.4350        -163.0504    -169.1646       6.1142  1478.2
0.4360        -163.0375    -169.2572       6.2197  1503.7
0.4370        -163.0256    -169.3602       6.3346  1531.5
0.4380        -163.0150    -169.4665       6.4515  1559.7
0.4390        -163.0055    -169.5679       6.5623  1586.5
0.4400        -162.9971    -169.6565       6.6594  1610.0
0.4410        -162.9895    -169.7256       6.7361  1628.5
0.4420        -162.9827    -169.7695       6.7868  1640.8
0.4430        -162.9764    -169.7832       6.8068  1645.6
0.4440        -162.9702    -169.7621       6.7918  1642.0
0.4450        -162.9637    -169.7033       6.7396  1629.4
0.4460        -162.9565    -169.6067       6.6503  1607.8
0.4470        -162.9482    -169.4749       6.5266  1577.9
0.4480        -162.9386    -169.3127       6.3741  1541.0
0.4490        -162.9272    -169.1278       6.2006  1499.1
0.4500        -162.9139    -168.9308       6.0169  1454.6
0.4510        -162.8987    -168.7347       5.8360  1410.9
0.4520        -162.8818    -168.5538       5.6720  1371.3
0.4530        -162.8633    -168.4017       5.5384  1339.0
0.4540        -162.8437    -168.2900       5.4462  1316.7
0.4550        -162.8235    -168.2269       5.4034  1306.3
0.4560        -162.8030    -168.2169       5.4138  1308.8
0.4570        -162.7830    -168.2599       5.4770  1324.1
0.4580        -162.7637    -168.3521       5.5884  1351.1
0.4590        -162.7458    -168.4860       5.7403  1387.8
0.4600        -162.7293    -168.6522       5.9229  1431.9
0.4610        -162.7147    -168.8403       6.1256  1480.9
0.4620        -162.7021    -169.0402       6.3381  1532.3
0.4630        -162.6915    -169.2420       6.5505  1583.7
0.4640        -162.6830    -169.4368       6.7538  1632.8
0.4650        -162.6765    -169.6165       6.9400  1677.8
0.4660        -162.6718    -169.7737       7.1019  1717.0
0.4670        -162.6687    -169.9023       7.2336  1748.8
0.4680        -162.6667    -169.9974       7.3306  1772.3
0.4690        -162.6656    -170.0560       7.3903  1786.7
0.4700        -162.6649    -170.0774       7.4124  1792.0
0.4710        -162.6644    -170.0631       7.3987  1788.7
0.4720        -162.6638    -170.0161       7.3524  1777.5
0.4730        -162.6627    -169.9397       7.2771  1759.3
0.4740        -162.6608    -169.8376       7.1768  1735.1
0.4750        -162.6579    -169.7139       7.0560  1705.9
0.4760        -162.6538    -169.5732       6.9194  1672.8
0.4770        -162.6482    -169.4209       6.7727  1637.4
0.4780        -162.6410    -169.2636       6.6226  1601.1
0.4790        -162.6323    -169.1095       6.4772  1565.9
0.4800        -162.6223    -168.9671       6.3448  1533.9
0.4810        -162.6114    -168.8425       6.2311  1506.4
0.4820        -162.5994    -168.7376       6.1382  1484.0
0.4830        -162.5862    -168.6528       6.0666  1466.7
0.4840        -162.5724    -168.5903       6.0179  1454.9
0.4850        -162.5582    -168.5511       5.9929  1448.8
0.4860        -162.5440    -168.5338       5.9898  1448.1
0.4870        -162.5298    -168.5348       6.0051  1451.8
0.4880        -162.5155    -168.5508       6.0352  1459.1
0.4890        -162.5014    -168.5794       6.0780  1469.4
0.4900        -162.4874    -168.6219       6.1345  1483.1
0.4910        -162.4738    -168.6825       6.2087  1501.0
0.4920        -162.4611    -168.7676       6.3065  1524.7
0.4930        -162.4496    -168.8819       6.4323  1555.1
0.4940        -162.4395    -169.0267       6.5871  1592.5
0.4950        -162.4312    -169.1996       6.7684  1636.3
0.4960        -162.4249    -169.3951       6.9701  1685.1
0.4970        -162.4208    -169.6040       7.1832  1736.6
0.4980        -162.4189    -169.8153       7.3964  1788.2
0.4990        -162.4191    -170.0169       7.5978  1836.8
0.5000        -162.4211    -170.1975       7.7764  1880.0
0.5010        -162.4246    -170.3493       7.9247  1915.9
0.5020        -162.4292    -170.4682       8.0390  1943.5
0.5030        -162.4348    -170.5549       8.1201  1963.1
0.5040        -162.4411    -170.6132       8.1722  1975.7
0.5050        -162.4479    -170.6489       8.2009  1982.7
0.5060        -162.4551    -170.6673       8.2122  1985.4
0.5070        -162.4625    -170.6735       8.2109  1985.1
0.5080        -162.4700    -170.6715       8.2014  1982.8
0.5090        -162.4773    -170.6645       8.1872  1979.3
0.5100        -162.4843    -170.6570       8.1727  1975.8
0.5110        -162.4910    -170.6552       8.1641  1973.8
0.5120        -162.4979    -170.6657       8.1678  1974.6
0.5130        -162.5052    -170.6921       8.1870  1979.3
0.5140        -162.5129    -170.7337       8.2208  1987.5
0.5150        -162.5212    -170.7853       8.2641  1997.9
0.5160        -162.5301    -170.8383       8.3081  2008.6
0.5170        -162.5396    -170.8811       8.3415  2016.6
0.5180        -162.5494    -170.9013       8.3519  2019.2
0.5190        -162.5593    -170.8869       8.3276  2013.3
0.5200        -162.5689    -170.8265       8.2576  1996.4
0.5210        -162.5774    -170.7114       8.1340  1966.5
0.5220        -162.5842    -170.5385       7.9543  1923.0
0.5230        -162.5886    -170.3120       7.7234  1867.2
0.5240        -162.5902    -170.0446       7.4543  1802.2
0.5250        -162.5889    -169.7561       7.1673  1732.8
0.5260        -162.5846    -169.4705       6.8859  1664.7
0.5270        -162.5779    -169.2116       6.6337  1603.8
0.5280        -162.5692    -168.9986       6.4293  1554.4
0.5290        -162.5591    -168.8424       6.2833  1519.1
0.5300        -162.5480    -168.7447       6.1967  1498.1
0.5310        -162.5363    -168.6991       6.1628  1489.9
0.5320        -162.5245    -168.6938       6.1693  1491.5
0.5330        -162.5127    -168.7142       6.2015  1499.3
0.5340        -162.5009    -168.7459       6.2450  1509.8
0.5350        -162.4891    -168.7790       6.2899  1520.7
0.5360        -162.4775    -168.8091       6.3316  1530.7
0.5370        -162.4661    -168.8359       6.3698  1540.0
0.5380        -162.4551    -168.8620       6.4069  1548.9
0.5390        -162.4445    -168.8910       6.4464  1558.5
0.5400        -162.4344    -168.9261       6.4918  1569.5
0.5410        -162.4247    -168.9709       6.5462  1582.6
0.5420        -162.4155    -169.0282       6.6127  1598.7
0.5430        -162.4067    -169.1021       6.6954  1618.7
0.5440        -162.3987    -169.1991       6.8004  1644.1
0.5450        -162.3921    -169.3254       6.9333  1676.2
0.5460        -162.3871    -169.4828       7.0957  1715.5
0.5470        -162.3840    -169.6677       7.2836  1760.9
0.5480        -162.3830    -169.8715       7.4885  1810.4
0.5490        -162.3840    -170.0833       7.6992  1861.4
0.5500        -162.3872    -170.2911       7.9039  1910.9
0.5510        -162.3922    -170.4839       8.0917  1956.2
0.5520        -162.3989    -170.6527       8.2538  1995.4
0.5530        -162.4072    -170.7916       8.3844  2027.0
0.5540        -162.4168    -170.8963       8.4795  2050.0
0.5550        -162.4275    -170.9624       8.5350  2063.4
0.5560        -162.4385    -170.9853       8.5468  2066.3
0.5570        -162.4494    -170.9627       8.5133  2058.2
0.5580        -162.4598    -170.8965       8.4367  2039.7
0.5590        -162.4692    -170.7918       8.3226  2012.1
0.5600        -162.4774    -170.6564       8.1790  1977.4
0.5610        -162.4841    -170.4995       8.0153  1937.8
0.5620        -162.4893    -170.3306       7.8412  1895.7
0.5630        -162.4929    -170.1583       7.6654  1853.2
0.5640        -162.4949    -169.9898       7.4950  1812.0
0.5650        -162.4952    -169.8297       7.3345  1773.2
0.5660        -162.4940    -169.6813       7.1874  1737.6
0.5670        -162.4912    -169.5478       7.0566  1706.0
0.5680        -162.4869    -169.4332       6.9463  1679.3
0.5690        -162.4816    -169.3431       6.8616  1658.9
0.5700        -162.4754    -169.2831       6.8076  1645.8
0.5710        -162.4689    -169.2578       6.7889  1641.3
0.5720        -162.4622    -169.2706       6.8084  1646.0
0.5730        -162.4559    -169.3229       6.8670  1660.2
0.5740        -162.4504    -169.4136       6.9632  1683.4
0.5750        -162.4461    -169.5382       7.0922  1714.6
0.5760        -162.4433    -169.6882       7.2449  1751.5
0.5770        -162.4421    -169.8519       7.4098  1791.4
0.5780        -162.4426    -170.0163       7.5737  1831.0
0.5790        -162.4447    -170.1684       7.7237  1867.3
0.5800        -162.4482    -170.2957       7.8475  1897.2
0.5810        -162.4526    -170.3876       7.9350  1918.4
0.5820        -162.4577    -170.4373       7.9796  1929.2
0.5830        -162.4632    -170.4414       7.9782  1928.8
0.5840        -162.4684    -170.3986       7.9303  1917.2
0.5850        -162.4728    -170.3116       7.8388  1895.1
0.5860        -162.4759    -170.1877       7.7117  1864.4
0.5870        -162.4775    -170.0393       7.5618  1828.1
0.5880        -162.4776    -169.8830       7.4054  1790.3
0.5890        -162.4762    -169.7359       7.2596  1755.1
0.5900        -162.4737    -169.6131       7.1394  1726.0
0.5910        -162.4704    -169.5252       7.0548  1705.6
0.5920        -162.4667    -169.4767       7.0100  1694.8
0.5930        -162.4630    -169.4650       7.0020  1692.8
0.5940        -162.4595    -169.4807       7.0212  1697.5
0.5950        -162.4562    -169.5107       7.0545  1705.5
0.5960        -162.4530    -169.5411       7.0881  1713.6
0.5970        -162.4498    -169.5610       7.1112  1719.2
0.5980        -162.4466    -169.5634       7.1167  1720.5
0.5990        -162.4432    -169.5453       7.1021  1717.0
0.6000        -162.4393    -169.5087       7.0694  1709.1
0.6010        -162.4348    -169.4599       7.0251  1698.4
0.6020        -162.4298    -169.4088       6.9790  1687.2
0.6030        -162.4244    -169.3670       6.9426  1678.4
0.6040        -162.4188    -169.3453       6.9265  1674.6
0.6050        -162.4132    -169.3523       6.9391  1677.6
0.6060        -162.4082    -169.3926       6.9845  1688.6
0.6070        -162.4038    -169.4658       7.0619  1707.3
0.6080        -162.4005    -169.5668       7.1663  1732.5
0.6090        -162.3984    -169.6872       7.2888  1762.2
0.6100        -162.3975    -169.8166       7.4191  1793.6
0.6110        -162.3978    -169.9447       7.5469  1824.5
0.6120        -162.3991    -170.0632       7.6641  1852.9
0.6130        -162.4014    -170.1666       7.7652  1877.3
0.6140        -162.4047    -170.2525       7.8479  1897.3
0.6150        -162.4087    -170.3205       7.9118  1912.8
0.6160        -162.4135    -170.3704       7.9569  1923.7
0.6170        -162.4188    -170.4015       7.9826  1929.9
0.6180        -162.4245    -170.4111       7.9866  1930.8
0.6190        -162.4301    -170.3960       7.9659  1925.8
0.6200        -162.4354    -170.3540       7.9186  1914.4
0.6210        -162.4400    -170.2844       7.8444  1896.5
0.6220        -162.4436    -170.1897       7.7461  1872.7
0.6230        -162.4460    -170.0763       7.6303  1844.7
0.6240        -162.4472    -169.9538       7.5065  1814.8
0.6250        -162.4473    -169.8319       7.3846  1785.3
0.6260        -162.4464    -169.7191       7.2727  1758.2
0.6270        -162.4447    -169.6199       7.1752  1734.7
0.6280        -162.4420    -169.5356       7.0936  1715.0
0.6290        -162.4383    -169.4667       7.0284  1699.2
0.6300        -162.4339    -169.4151       6.9812  1687.8
0.6310        -162.4289    -169.3843       6.9554  1681.5
0.6320        -162.4236    -169.3788       6.9551  1681.5
0.6330        -162.4185    -169.4030       6.9845  1688.6
0.6340        -162.4140    -169.4591       7.0451  1703.2
0.6350        -162.4103    -169.5450       7.1347  1724.9
0.6360        -162.4080    -169.6539       7.2459  1751.8
0.6370        -162.4071    -169.7736       7.3665  1780.9
0.6380        -162.4073    -169.8874       7.4801  1808.4
0.6390        -162.4085    -169.9795       7.5710  1830.4
0.6400        -162.4104    -170.0363       7.6259  1843.6
0.6410        -162.4125    -170.0484       7.6359  1846.1
0.6420        -162.4146    -170.0110       7.5964  1836.5
0.6430        -162.4162    -169.9226       7.5064  1814.7
0.6440        -162.4168    -169.7834       7.3666  1781.0
0.6450        -162.4156    -169.5972       7.1816  1736.2
0.6460        -162.4120    -169.3738       6.9618  1683.1
0.6470        -162.4058    -169.1310       6.7253  1625.9
0.6480        -162.3970    -168.8924       6.4954  1570.3
0.6490        -162.3861    -168.6836       6.2974  1522.5
0.6500        -162.3737    -168.5266       6.1529  1487.5
0.6510        -162.3605    -168.4362       6.0757  1468.9
0.6520        -162.3471    -168.4168       6.0697  1467.4
0.6530        -162.3339    -168.4638       6.1299  1482.0
0.6540        -162.3215    -168.5669       6.2454  1509.9
0.6550        -162.3101    -168.7135       6.4034  1548.1
0.6560        -162.3002    -168.8912       6.5910  1593.4
0.6570        -162.2922    -169.0879       6.7956  1642.9
0.6580        -162.2862    -169.2918       7.0056  1693.7
0.6590        -162.2822    -169.4921       7.2099  1743.1
0.6600        -162.2801    -169.6790       7.3989  1788.8
0.6610        -162.2798    -169.8452       7.5654  1829.0
0.6620        -162.2813    -169.9846       7.7033  1862.4
0.6630        -162.2842    -170.0907       7.8066  1887.3
0.6640        -162.2880    -170.1580       7.8699  1902.6
0.6650        -162.2924    -170.1823       7.8899  1907.5
0.6660        -162.2967    -170.1626       7.8658  1901.6
0.6670        -162.3008    -170.1006       7.7998  1885.7
0.6680        -162.3040    -170.0005       7.6965  1860.7
0.6690        -162.3058    -169.8703       7.5645  1828.8
0.6700        -162.3062    -169.7220       7.4158  1792.8
0.6710        -162.3054    -169.5687       7.2634  1756.0
0.6720        -162.3032    -169.4205       7.1173  1720.7
0.6730        -162.2999    -169.2829       6.9830  1688.2
0.6740        -162.2956    -169.1567       6.8611  1658.7
0.6750        -162.2902    -169.0380       6.7479  1631.4
0.6760        -162.2834    -168.9219       6.6385  1604.9
0.6770        -162.2750    -168.8065       6.5314  1579.0
0.6780        -162.2652    -168.6964       6.4312  1554.8
0.6790        -162.2541    -168.6026       6.3486  1534.8
0.6800        -162.2421    -168.5400       6.2979  1522.6
0.6810        -162.2300    -168.5230       6.2930  1521.4
0.6820        -162.2184    -168.5612       6.3427  1533.4
0.6830        -162.2079    -168.6555       6.4476  1558.8
0.6840        -162.1988    -168.7983       6.5994  1595.5
0.6850        -162.1913    -168.9756       6.7843  1640.2
0.6860        -162.1856    -169.1721       6.9866  1689.1
0.6870        -162.1816    -169.3732       7.1916  1738.6
0.6880        -162.1795    -169.5666       7.3871  1785.9
0.6890        -162.1792    -169.7431       7.5638  1828.6
0.6900        -162.1806    -169.8959       7.7153  1865.3
0.6910        -162.1835    -170.0203       7.8369  1894.7
0.6920        -162.1875    -170.1127       7.9252  1916.0
0.6930        -162.1924    -170.1703       7.9779  1928.7
0.6940        -162.1974    -170.1924       7.9950  1932.9
0.6950        -162.2024    -170.1827       7.9803  1929.3
0.6960        -162.2073    -170.1485       7.9412  1919.9
0.6970        -162.2120    -170.0965       7.8846  1906.2
0.6980        -162.2162    -170.0315       7.8153  1889.4
0.6990        -162.2200    -169.9564       7.7364  1870.4
0.7000        -162.2230    -169.8719       7.6489  1849.2
0.7010        -162.2253    -169.7778       7.5525  1825.9
0.7020        -162.2266    -169.6722       7.4456  1800.1
0.7030        -162.2265    -169.5543       7.3278  1771.6
0.7040        -162.2249    -169.4272       7.2023  1741.2
0.7050        -162.2218    -169.2991       7.0773  1711.0
0.7060        -162.2172    -169.1817       6.9645  1683.7
0.7070        -162.2115    -169.0891       6.8776  1662.7
0.7080        -162.2052    -169.0355       6.8303  1651.3
0.7090        -162.1988    -169.0318       6.8330  1652.0
0.7100        -162.1930    -169.0826       6.8895  1665.6
0.7110        -162.1885    -169.1823       6.9938  1690.8
0.7120        -162.1855    -169.3158       7.1303  1723.8
0.7130        -162.1838    -169.4611       7.2772  1759.4
0.7140        -162.1835    -169.5948       7.4113  1791.8
0.7150        -162.1840    -169.6965       7.5124  1816.2
0.7160        -162.1852    -169.7519       7.5667  1829.3
0.7170        -162.1865    -169.7533       7.5669  1829.4
0.7180        -162.1874    -169.6996       7.5122  1816.1
0.7190        -162.1874    -169.5955       7.4080  1791.0
0.7200        -162.1862    -169.4512       7.2650  1756.4
0.7210        -162.1833    -169.2811       7.0978  1716.0
0.7220        -162.1788    -169.1018       6.9231  1673.7
0.7230        -162.1724    -168.9310       6.7586  1634.0
0.7240        -162.1645    -168.7862       6.6217  1600.9
0.7250        -162.1556    -168.6830       6.5274  1578.1
0.7260        -162.1460    -168.6326       6.4866  1568.2
0.7270        -162.1364    -168.6414       6.5050  1572.7
0.7280        -162.1272    -168.7099       6.5827  1591.4
0.7290        -162.1191    -168.8343       6.7152  1623.5
0.7300        -162.1124    -169.0065       6.8941  1666.7
0.7310        -162.1075    -169.2166       7.1091  1718.7
0.7320        -162.1047    -169.4537       7.3490  1776.7
0.7330        -162.1042    -169.7077       7.6035  1838.2
0.7340        -162.1064    -169.9689       7.8625  1900.8
0.7350        -162.1115    -170.2265       8.1150  1961.9
0.7360        -162.1194    -170.4663       8.3469  2018.0
0.7370        -162.1295    -170.6712       8.5418  2065.1
0.7380        -162.1411    -170.8263       8.6853  2099.8
0.7390        -162.1537    -170.9228       8.7691  2120.0
0.7400        -162.1668    -170.9584       8.7916  2125.5
0.7410        -162.1795    -170.9381       8.7586  2117.5
0.7420        -162.1914    -170.8762       8.6848  2099.7
0.7430        -162.2025    -170.7944       8.5920  2077.2
0.7440        -162.2131    -170.7149       8.5018  2055.4
0.7450        -162.2235    -170.6525       8.4290  2037.8
0.7460        -162.2337    -170.6113       8.3776  2025.4
0.7470        -162.2435    -170.5865       8.3430  2017.0
0.7480        -162.2529    -170.5703       8.3174  2010.8
0.7490        -162.2617    -170.5564       8.2947  2005.3
0.7500        -162.2701    -170.5423       8.2722  1999.9
0.7510        -162.2783    -170.5281       8.2498  1994.5
0.7520        -162.2864    -170.5149       8.2286  1989.4
0.7530        -162.2944    -170.5029       8.2086  1984.5
0.7540        -162.3023    -170.4904       8.1881  1979.6
0.7550        -162.3100    -170.4744       8.1644  1973.8
0.7560        -162.3173    -170.4524       8.1351  1966.8
0.7570        -162.3245    -170.4231       8.0986  1957.9
0.7580        -162.3312    -170.3842       8.0530  1946.9
0.7590        -162.3371    -170.3357       7.9986  1933.7
0.7600        -162.3423    -170.2810       7.9387  1919.3
0.7610        -162.3467    -170.2264       7.8797  1905.0
0.7620        -162.3506    -170.1796       7.8289  1892.7
0.7630        -162.3545    -170.1458       7.7913  1883.6
0.7640        -162.3582    -170.1255       7.7673  1877.8
0.7650        -162.3616    -170.1160       7.7544  1874.7
0.7660        -162.3648    -170.1137       7.7489  1873.4
0.7670        -162.3680    -170.1154       7.7474  1873.0
0.7680        -162.3712    -170.1176       7.7464  1872.8
0.7690        -162.3743    -170.1169       7.7426  1871.9
0.7700        -162.3773    -170.1106       7.7334  1869.6
0.7710        -162.3800    -170.0977       7.7177  1865.8
0.7720        -162.3825    -170.0787       7.6962  1860.6
0.7730        -162.3847    -170.0562       7.6716  1854.7
0.7740        -162.3867    -170.0336       7.6469  1848.7
0.7750        -162.3884    -170.0137       7.6253  1843.5
0.7760        -162.3900    -169.9994       7.6094  1839.7
0.7770        -162.3915    -169.9930       7.6015  1837.7
0.7780        -162.3930    -169.9953       7.6022  1837.9
0.7790        -162.3946    -170.0057       7.6111  1840.1
0.7800        -162.3964    -170.0232       7.6268  1843.9
0.7810        -162.3985    -170.0449       7.6464  1848.6
0.7820        -162.4009    -170.0663       7.6654  1853.2
0.7830        -162.4034    -170.0822       7.6789  1856.4
0.7840        -162.4057    -170.0888       7.6832  1857.5
0.7850        -162.4078    -170.0854       7.6776  1856.1
0.7860        -162.4100    -170.0737       7.6638  1852.8
0.7870        -162.4120    -170.0557       7.6437  1847.9
0.7880        -162.4139    -170.0324       7.6185  1841.9
0.7890        -162.4155    -170.0047       7.5892  1834.8
0.7900        -162.4170    -169.9729       7.5559  1826.7
0.7910        -162.4181    -169.9367       7.5186  1817.7
0.7920        -162.4188    -169.8960       7.4772  1807.7
0.7930        -162.4190    -169.8513       7.4323  1796.8
0.7940        -162.4186    -169.8046       7.3859  1785.6
0.7950        -162.4178    -169.7589       7.3411  1774.8
0.7960        -162.4165    -169.7182       7.3017  1765.3
0.7970        -162.4150    -169.6862       7.2712  1757.9
0.7980        -162.4135    -169.6639       7.2504  1752.9
0.7990        -162.4121    -169.6482       7.2361  1749.4
0.8000        -162.4106    -169.6317       7.2210  1745.8
0.8010        -162.4091    -169.6048       7.1957  1739.6
0.8020        -162.4070    -169.5583       7.1513  1728.9
0.8030        -162.4041    -169.4864       7.0823  1712.2
0.8040        -162.4000    -169.3890       6.9890  1689.7
0.8050        -162.3944    -169.2738       6.8794  1663.2
0.8060        -162.3875    -169.1557       6.7682  1636.3
0.8070        -162.3797    -169.0519       6.6721  1613.1
0.8080        -162.3714    -168.9770       6.6056  1597.0
0.8090        -162.3629    -168.9402       6.5773  1590.1
0.8100        -162.3544    -168.9444       6.5900  1593.2
0.8110        -162.3462    -168.9877       6.6415  1605.6
0.8120        -162.3388    -169.0646       6.7259  1626.0
0.8130        -162.3322    -169.1666       6.8344  1652.3
0.8140        -162.3268    -169.2839       6.9571  1682.0
0.8150        -162.3227    -169.4055       7.0828  1712.3
0.8160        -162.3197    -169.5201       7.2003  1740.8
0.8170        -162.3175    -169.6183       7.3008  1765.0
0.8180        -162.3159    -169.6961       7.3802  1784.2
0.8190        -162.3149    -169.7549       7.4400  1798.7
0.8200        -162.3146    -169.7987       7.4841  1809.4
0.8210        -162.3148    -169.8306       7.5157  1817.0
0.8220        -162.3156    -169.8519       7.5363  1822.0
0.8230        -162.3165    -169.8621       7.5455  1824.2
0.8240        -162.3178    -169.8596       7.5418  1823.3
0.8250        -162.3192    -169.8409       7.5216  1818.4
0.8260        -162.3205    -169.8000       7.4795  1808.2
0.8270        -162.3210    -169.7316       7.4105  1791.6
0.8280        -162.3204    -169.6347       7.3143  1768.3
0.8290        -162.3183    -169.5150       7.1966  1739.9
0.8300        -162.3150    -169.3832       7.0682  1708.8
0.8310        -162.3103    -169.2528       6.9424  1678.4
0.8320        -162.3045    -169.1374       6.8329  1651.9
0.8330        -162.2976    -169.0500       6.7524  1632.5
0.8340        -162.2902    -169.0013       6.7111  1622.5
0.8350        -162.2827    -168.9981       6.7153  1623.5
0.8360        -162.2755    -169.0420       6.7665  1635.9
0.8370        -162.2691    -169.1305       6.8614  1658.8
0.8380        -162.2638    -169.2576       6.9939  1690.8
0.8390        -162.2598    -169.4150       7.1552  1729.8
0.8400        -162.2576    -169.5930       7.3355  1773.4
0.8410        -162.2572    -169.7809       7.5237  1818.9
0.8420        -162.2585    -169.9675       7.7090  1863.7
0.8430        -162.2615    -170.1434       7.8819  1905.5
0.8440        -162.2661    -170.3018       8.0356  1942.7
0.8450        -162.2723    -170.4373       8.1650  1974.0
0.8460        -162.2798    -170.5447       8.2650  1998.1
0.8470        -162.2882    -170.6194       8.3312  2014.2
0.8480        -162.2971    -170.6575       8.3603  2021.2
0.8490        -162.3061    -170.6574       8.3513  2019.0
0.8500        -162.3147    -170.6212       8.3064  2008.2
0.8510        -162.3228    -170.5541       8.2313  1990.0
0.8520        -162.3301    -170.4632       8.1331  1966.3
0.8530        -162.3366    -170.3556       8.0190  1938.7
0.8540        -162.3421    -170.2374       7.8954  1908.8
0.8550        -162.3464    -170.1130       7.7666  1877.7
0.8560        -162.3495    -169.9853       7.6359  1846.1
0.8570        -162.3513    -169.8572       7.5060  1814.7
0.8580        -162.3517    -169.7316       7.3799  1784.2
0.8590        -162.3507    -169.6127       7.2620  1755.7
0.8600        -162.3484    -169.5067       7.1584  1730.6
0.8610        -162.3450    -169.4213       7.0763  1710.8
0.8620        -162.3410    -169.3642       7.0232  1697.9
0.8630        -162.3368    -169.3405       7.0037  1693.2
0.8640        -162.3328    -169.3501       7.0173  1696.5
0.8650        -162.3291    -169.3879       7.0588  1706.6
0.8660        -162.3256    -169.4465       7.1209  1721.5
0.8670        -162.3228    -169.5187       7.1959  1739.7
0.8680        -162.3207    -169.5978       7.2771  1759.3
0.8690        -162.3193    -169.6773       7.3580  1778.9
0.8700        -162.3187    -169.7520       7.4333  1797.1
0.8710        -162.3188    -169.8177       7.4989  1812.9
0.8720        -162.3196    -169.8709       7.5513  1825.6
0.8730        -162.3209    -169.9083       7.5874  1834.3
0.8740        -162.3226    -169.9267       7.6042  1838.4
0.8750        -162.3243    -169.9232       7.5989  1837.1
0.8760        -162.3256    -169.8971       7.5714  1830.5
0.8770        -162.3266    -169.8511       7.5245  1819.1
0.8780        -162.3271    -169.7903       7.4632  1804.3
0.8790        -162.3268    -169.7204       7.3935  1787.5
0.8800        -162.3260    -169.6475       7.3215  1770.1
0.8810        -162.3244    -169.5774       7.2530  1753.5
0.8820        -162.3222    -169.5152       7.1930  1739.0
0.8830        -162.3195    -169.4652       7.1457  1727.5
0.8840        -162.3164    -169.4302       7.1138  1719.8
0.8850        -162.3132    -169.4117       7.0985  1716.1
0.8860        -162.3098    -169.4096       7.0998  1716.4
0.8870        -162.3064    -169.4228       7.1164  1720.5
0.8880        -162.3033    -169.4502       7.1469  1727.8
0.8890        -162.3004    -169.4903       7.1898  1738.2
0.8900        -162.2980    -169.5411       7.2431  1751.1
0.8910        -162.2959    -169.6013       7.3053  1766.1
0.8920        -162.2944    -169.6713       7.3769  1783.4
0.8930        -162.2939    -169.7517       7.4578  1803.0
0.8940        -162.2944    -169.8392       7.5447  1824.0
0.8950        -162.2960    -169.9273       7.6313  1845.0
0.8960        -162.2985    -170.0079       7.7095  1863.8
0.8970        -162.3016    -170.0726       7.7709  1878.7
0.8980        -162.3052    -170.1143       7.8091  1887.9
0.8990        -162.3089    -170.1292       7.8202  1890.6
0.9000        -162.3124    -170.1167       7.8043  1886.8
0.9010        -162.3152    -170.0816       7.7664  1877.6
0.9020        -162.3176    -170.0346       7.7170  1865.7
0.9030        -162.3200    -169.9869       7.6670  1853.6
0.9040        -162.3222    -169.9448       7.6225  1842.8
0.9050        -162.3240    -169.9095       7.5855  1833.9
0.9060        -162.3254    -169.8817       7.5563  1826.8
0.9070        -162.3263    -169.8631       7.5369  1822.1
0.9080        -162.3268    -169.8577       7.5309  1820.7
0.9090        -162.3271    -169.8715       7.5444  1823.9
0.9100        -162.3276    -169.9124       7.5848  1833.7
0.9110        -162.3288    -169.9871       7.6582  1851.5
0.9120        -162.3313    -170.0969       7.7656  1877.4
0.9130        -162.3353    -170.2351       7.8998  1909.9
0.9140        -162.3409    -170.3878       8.0469  1945.4
0.9150        -162.3479    -170.5374       8.1895  1979.9
0.9160        -162.3561    -170.6671       8.3111  2009.3
0.9170        -162.3650    -170.7646       8.3996  2030.7
0.9180        -162.3743    -170.8243       8.4500  2042.9
0.9190        -162.3838    -170.8478       8.4639  2046.2
0.9200        -162.3934    -170.8410       8.4475  2042.3
0.9210        -162.4033    -170.8116       8.4083  2032.8
0.9220        -162.4130    -170.7638       8.3508  2018.9
0.9230        -162.4220    -170.6989       8.2769  2001.0
0.9240        -162.4303    -170.6185       8.1882  1979.6
0.9250        -162.4381    -170.5236       8.0855  1954.8
0.9260        -162.4449    -170.4119       7.9670  1926.1
0.9270        -162.4506    -170.2798       7.8292  1892.8
0.9280        -162.4548    -170.1231       7.6683  1853.9
0.9290        -162.4575    -169.9386       7.4810  1808.6
0.9300        -162.4579    -169.7239       7.2660  1756.6
0.9310        -162.4556    -169.4826       7.0270  1698.8
0.9320        -162.4503    -169.2261       6.7758  1638.1
0.9330        -162.4420    -168.9745       6.5325  1579.3
0.9340        -162.4312    -168.7539       6.3226  1528.6
0.9350        -162.4186    -168.5910       6.1724  1492.2
0.9360        -162.4052    -168.5073       6.1021  1475.2
0.9370        -162.3919    -168.5130       6.1211  1479.8
0.9380        -162.3796    -168.6048       6.2252  1505.0
0.9390        -162.3689    -168.7674       6.3985  1546.9
0.9400        -162.3600    -168.9771       6.6171  1599.8
0.9410        -162.3531    -169.2075       6.8544  1657.1
0.9420        -162.3480    -169.4354       7.0874  1713.4
0.9430        -162.3447    -169.6450       7.3003  1764.9
0.9440        -162.3432    -169.8287       7.4855  1809.7
0.9450        -162.3432    -169.9851       7.6418  1847.5
0.9460        -162.3448    -170.1165       7.7717  1878.9
0.9470        -162.3477    -170.2269       7.8792  1904.9
0.9480        -162.3521    -170.3189       7.9668  1926.1
0.9490        -162.3574    -170.3918       8.0344  1942.4
0.9500        -162.3634    -170.4437       8.0803  1953.5
0.9510        -162.3698    -170.4723       8.1025  1958.9
0.9520        -162.3763    -170.4767       8.1005  1958.4
0.9530        -162.3827    -170.4581       8.0754  1952.3
0.9540        -162.3891    -170.4174       8.0284  1940.9
0.9550        -162.3951    -170.3542       7.9591  1924.2
0.9560        -162.4005    -170.2661       7.8657  1901.6
0.9570        -162.4047    -170.1507       7.7459  1872.7
0.9580        -162.4076    -170.0073       7.5996  1837.3
0.9590        -162.4088    -169.8387       7.4298  1796.2
0.9600        -162.4079    -169.6515       7.2436  1751.2
0.9610        -162.4049    -169.4578       7.0529  1705.1
0.9620        -162.3997    -169.2737       6.8739  1661.9
0.9630        -162.3931    -169.1168       6.7238  1625.5
0.9640        -162.3854    -169.0017       6.6163  1599.6
0.9650        -162.3771    -168.9359       6.5588  1585.7
0.9660        -162.3685    -168.9207       6.5522  1584.1
0.9670        -162.3599    -168.9528       6.5929  1593.9
0.9680        -162.3518    -169.0270       6.6752  1613.8
0.9690        -162.3446    -169.1365       6.7919  1642.0
0.9700        -162.3386    -169.2733       6.9347  1676.5
0.9710        -162.3342    -169.4280       7.0938  1715.0
0.9720        -162.3313    -169.5896       7.2583  1754.8
0.9730        -162.3302    -169.7464       7.4162  1793.0
0.9740        -162.3305    -169.8860       7.5555  1826.6
0.9750        -162.3320    -169.9973       7.6653  1853.2
0.9760        -162.3343    -170.0724       7.7381  1870.8
0.9770        -162.3369    -170.1089       7.7720  1879.0
0.9780        -162.3392    -170.1116       7.7723  1879.0
0.9790        -162.3413    -170.0925       7.7511  1873.9
0.9800        -162.3435    -170.0670       7.7235  1867.2
0.9810        -162.3458    -170.0480       7.7023  1862.1
0.9820        -162.3479    -170.0435       7.6956  1860.5
0.9830        -162.3503    -170.0582       7.7079  1863.5
0.9840        -162.3534    -170.0923       7.7388  1871.0
0.9850        -162.3572    -170.1386       7.7814  1881.2
0.9860        -162.3613    -170.1854       7.8240  1891.5
0.9870        -162.3657    -170.2211       7.8554  1899.1
0.9880        -162.3701    -170.2369       7.8668  1901.9
0.9890        -162.3746    -170.2274       7.8528  1898.5
0.9900        -162.3790    -170.1887       7.8097  1888.1
0.9910        -162.3832    -170.1162       7.7331  1869.6
0.9920        -162.3864    -170.0048       7.6184  1841.8
0.9930        -162.3878    -169.8524       7.4646  1804.6
0.9940        -162.3873    -169.6646       7.2773  1759.4
0.9950        -162.3848    -169.4528       7.0680  1708.8
0.9960        -162.3800    -169.2317       6.8517  1656.5
0.9970        -162.3730    -169.0183       6.6453  1606.6
0.9980        -162.3640    -168.8308       6.4668  1563.4
0.9990        -162.3534    -168.6865       6.3330  1531.1
1.0000        -162.3419    -168.5991       6.2572  1512.8
1.0010        -162.3300    -168.5775       6.2476  1510.4
1.0020        -162.3184    -168.6240       6.3056  1524.4
1.0030        -162.3076    -168.7346       6.4270  1553.8
1.0040        -162.2982    -168.9010       6.6028  1596.3
1.0050        -162.2907    -169.1111       6.8204  1648.9
1.0060        -162.2854    -169.3500       7.0646  1708.0
1.0070        -162.2824    -169.6019       7.3194  1769.6
1.0080        -162.2819    -169.8512       7.5693  1830.0
1.0090        -162.2837    -170.0845       7.8008  1885.9
1.0100        -162.2877    -170.2903       8.0026  1934.7
1.0110        -162.2935    -170.4597       8.1662  1974.3
1.0120        -162.3007    -170.5868       8.2860  2003.2
1.0130        -162.3089    -170.6691       8.3603  2021.2
1.0140        -162.3175    -170.7089       8.3914  2028.7
1.0150        -162.3263    -170.7121       8.3858  2027.4
1.0160        -162.3350    -170.6874       8.3523  2019.3
1.0170        -162.3434    -170.6443       8.3009  2006.8
1.0180        -162.3515    -170.5922       8.2408  1992.3
1.0190        -162.3592    -170.5383       8.1791  1977.4
1.0200        -162.3667    -170.4850       8.1184  1962.7
1.0210        -162.3737    -170.4309       8.0572  1947.9
1.0220        -162.3803    -170.3711       7.9908  1931.9
1.0230        -162.3862    -170.2990       7.9127  1913.0
1.0240        -162.3911    -170.2091       7.8180  1890.1
1.0250        -162.3949    -170.0990       7.7042  1862.6
1.0260        -162.3972    -169.9699       7.5727  1830.8
1.0270        -162.3980    -169.8264       7.4284  1795.9
1.0280        -162.3973    -169.6767       7.2794  1759.9
1.0290        -162.3950    -169.5307       7.1357  1725.1
1.0300        -162.3913    -169.3991       7.0078  1694.2
1.0310        -162.3864    -169.2916       6.9052  1669.4
1.0320        -162.3805    -169.2168       6.8363  1652.8
1.0330        -162.3741    -169.1821       6.8081  1645.9
1.0340        -162.3676    -169.1921       6.8244  1649.9
1.0350        -162.3617    -169.2469       6.8852  1664.6
1.0360        -162.3564    -169.3429       6.9864  1689.0
1.0370        -162.3523    -169.4738       7.1215  1721.7
1.0380        -162.3497    -169.6313       7.2816  1760.4
1.0390        -162.3489    -169.8046       7.4557  1802.5
1.0400        -162.3498    -169.9805       7.6308  1844.8
1.0410        -162.3523    -170.1461       7.7939  1884.3
1.0420        -162.3563    -170.2904       7.9342  1918.2
1.0430        -162.3615    -170.4049       8.0434  1944.6
1.0440        -162.3678    -170.4834       8.1157  1962.1
1.0450        -162.3746    -170.5218       8.1472  1969.7
1.0460        -162.3816    -170.5185       8.1369  1967.2
1.0470        -162.3881    -170.4753       8.0872  1955.2
1.0480        -162.3937    -170.3995       8.0058  1935.5
1.0490        -162.3983    -170.3044       7.9061  1911.4
1.0500        -162.4019    -170.2064       7.8045  1886.8
1.0510        -162.4049    -170.1210       7.7161  1865.4
1.0520        -162.4075    -170.0579       7.6504  1849.6
1.0530        -162.4101    -170.0189       7.6088  1839.5
1.0540        -162.4125    -169.9968       7.5843  1833.6
1.0550        -162.4148    -169.9800       7.5652  1829.0
1.0560        -162.4167    -169.9562       7.5394  1822.7
1.0570        -162.4181    -169.9152       7.4971  1812.5
1.0580        -162.4187    -169.8513       7.4326  1796.9
1.0590        -162.4182    -169.7645       7.3463  1776.1
1.0600        -162.4164    -169.6613       7.2449  1751.5
1.0610        -162.4138    -169.5529       7.1391  1726.0
1.0620        -162.4103    -169.4500       7.0397  1701.9
1.0630        -162.4059    -169.3607       6.9547  1681.4
1.0640        -162.4008    -169.2907       6.8899  1665.7
1.0650        -162.3950    -169.2449       6.8499  1656.0
1.0660        -162.3889    -169.2275       6.8387  1653.3
1.0670        -162.3828    -169.2409       6.8580  1658.0
1.0680        -162.3771    -169.2845       6.9074  1669.9
1.0690        -162.3721    -169.3554       6.9833  1688.3
1.0700        -162.3679    -169.4481       7.0802  1711.7
1.0710        -162.3647    -169.5557       7.1910  1738.5
1.0720        -162.3627    -169.6697       7.3070  1766.6
1.0730        -162.3619    -169.7809       7.4190  1793.6
1.0740        -162.3622    -169.8795       7.5173  1817.4
1.0750        -162.3633    -169.9564       7.5932  1835.7
1.0760        -162.3649    -170.0057       7.6408  1847.3
1.0770        -162.3669    -170.0244       7.6576  1851.3
1.0780        -162.3688    -170.0122       7.6434  1847.9
1.0790        -162.3704    -169.9719       7.6015  1837.8
1.0800        -162.3713    -169.9103       7.5391  1822.6
1.0810        -162.3716    -169.8372       7.4656  1804.9
1.0820        -162.3714    -169.7624       7.3911  1786.9
1.0830        -162.3708    -169.6929       7.3221  1770.2
1.0840        -162.3698    -169.6308       7.2610  1755.4
1.0850        -162.3682    -169.5747       7.2065  1742.2
1.0860        -162.3660    -169.5220       7.1560  1730.0
1.0870        -162.3628    -169.4725       7.1097  1718.8
1.0880        -162.3587    -169.4320       7.0733  1710.0
1.0890        -162.3541    -169.4117       7.0576  1706.3
1.0900        -162.3494    -169.4252       7.0759  1710.7
1.0910        -162.3452    -169.4847       7.1395  1726.0
1.0920        -162.3424    -169.5954       7.2530  1753.5
1.0930        -162.3414    -169.7526       7.4112  1791.7
1.0940        -162.3423    -169.9419       7.5996  1837.3
1.0950        -162.3449    -170.1439       7.7989  1885.5
1.0960        -162.3494    -170.3395       7.9901  1931.7
1.0970        -162.3554    -170.5127       8.1574  1972.1
1.0980        -162.3626    -170.6531       8.2905  2004.3
1.0990        -162.3709    -170.7562       8.3853  2027.2
1.1000        -162.3799    -170.8228       8.4429  2041.2
1.1010        -162.3895    -170.8567       8.4671  2047.0
1.1020        -162.3994    -170.8627       8.4634  2046.1
1.1030        -162.4090    -170.8469       8.4378  2039.9
1.1040        -162.4185    -170.8162       8.3976  2030.2
1.1050        -162.4278    -170.7772       8.3493  2018.5
1.1060        -162.4369    -170.7340       8.2971  2005.9
1.1070        -162.4455    -170.6884       8.2429  1992.8
1.1080        -162.4536    -170.6406       8.1870  1979.3
1.1090        -162.4611    -170.5898       8.1286  1965.2
1.1100        -162.4682    -170.5349       8.0667  1950.2
1.1110        -162.4747    -170.4736       7.9988  1933.8
1.1120        -162.4807    -170.4012       7.9205  1914.9
1.1130        -162.4859    -170.3115       7.8256  1891.9
1.1140        -162.4898    -170.1991       7.7094  1863.8
1.1150        -162.4921    -170.0629       7.5708  1830.3
1.1160        -162.4929    -169.9064       7.4135  1792.3
1.1170        -162.4920    -169.7361       7.2441  1751.3
1.1180        -162.4893    -169.5608       7.0715  1709.6
1.1190        -162.4849    -169.3906       6.9058  1669.5
1.1200        -162.4788    -169.2358       6.7570  1633.6
1.1210        -162.4714    -169.1057       6.6343  1603.9
1.1220        -162.4629    -169.0083       6.5454  1582.4
1.1230        -162.4538    -168.9493       6.4955  1570.4
1.1240        -162.4444    -168.9307       6.4863  1568.1
1.1250        -162.4353    -168.9505       6.5152  1575.1
1.1260        -162.4266    -169.0027       6.5761  1589.8
1.1270        -162.4186    -169.0787       6.6600  1610.1
1.1280        -162.4113    -169.1692       6.7579  1633.8
1.1290        -162.4047    -169.2666       6.8618  1658.9
1.1300        -162.3990    -169.3658       6.9668  1684.3
1.1310        -162.3942    -169.4646       7.0705  1709.4
1.1320        -162.3904    -169.5624       7.1720  1733.9
1.1330        -162.3878    -169.6582       7.2704  1757.7
1.1340        -162.3864    -169.7492       7.3628  1780.0
1.1350        -162.3859    -169.8311       7.4452  1800.0
1.1360        -162.3860    -169.8995       7.5134  1816.5
1.1370        -162.3867    -169.9517       7.5650  1828.9
1.1380        -162.3878    -169.9879       7.6001  1837.4
1.1390        -162.3891    -170.0100       7.6209  1842.4
1.1400        -162.3905    -170.0219       7.6314  1845.0
1.1410        -162.3921    -170.0284       7.6364  1846.2
1.1420        -162.3936    -170.0348       7.6412  1847.3
1.1430        -162.3952    -170.0469       7.6517  1849.9
1.1440        -162.3970    -170.0707       7.6737  1855.2
1.1450        -162.3991    -170.1110       7.7118  1864.4
1.1460        -162.4019    -170.1702       7.7684  1878.1
1.1470        -162.4053    -170.2479       7.8426  1896.0
1.1480        -162.4097    -170.3404       7.9306  1917.3
1.1490        -162.4153    -170.4403       8.0250  1940.1
1.1500        -162.4219    -170.5366       8.1147  1961.8
1.1510        -162.4294    -170.6161       8.1867  1979.2
1.1520        -162.4372    -170.6671       8.2299  1989.7
1.1530        -162.4450    -170.6827       8.2377  1991.6
1.1540        -162.4526    -170.6622       8.2096  1984.8
1.1550        -162.4600    -170.6089       8.1489  1970.1
1.1560        -162.4667    -170.5271       8.0604  1948.7
1.1570        -162.4727    -170.4211       7.9485  1921.6
1.1580        -162.4773    -170.2954       7.8181  1890.1
1.1590        -162.4808    -170.1560       7.6752  1855.6
1.1600        -162.4829    -170.0077       7.5248  1819.2
1.1610        -162.4834    -169.8544       7.3710  1782.0
1.1620        -162.4822    -169.7021       7.2200  1745.5
1.1630        -162.4793    -169.5593       7.0800  1711.7
1.1640        -162.4750    -169.4361       6.9610  1682.9
1.1650        -162.4699    -169.3417       6.8718  1661.3
1.1660        -162.4642    -169.2812       6.8170  1648.1
1.1670        -162.4584    -169.2543       6.7960  1643.0
1.1680        -162.4524    -169.2554       6.8029  1644.7
1.1690        -162.4465    -169.2761       6.8296  1651.1
1.1700        -162.4406    -169.3091       6.8685  1660.5
1.1710        -162.4347    -169.3502       6.9155  1671.9
1.1720        -162.4291    -169.3996       6.9704  1685.2
1.1730        -162.4240    -169.4600       7.0360  1701.0
1.1740        -162.4198    -169.5344       7.1146  1720.0
1.1750        -162.4166    -169.6228       7.2062  1742.2
1.1760        -162.4147    -169.7210       7.3063  1766.4
1.1770        -162.4141    -169.8203       7.4062  1790.5
1.1780        -162.4148    -169.9078       7.4930  1811.5
1.1790        -162.4163    -169.9678       7.5515  1825.7
1.1800        -162.4179    -169.9861       7.5681  1829.7
1.1810        -162.4190    -169.9552       7.5361  1821.9
1.1820        -162.4194    -169.8768       7.4574  1802.9
1.1830        -162.4187    -169.7591       7.3404  1774.6
1.1840        -162.4168    -169.6140       7.1973  1740.0
1.1850        -162.4133    -169.4557       7.0424  1702.6
1.1860        -162.4082    -169.3003       6.8922  1666.3
1.1870        -162.4016    -169.1649       6.7633  1635.1
1.1880        -162.3940    -169.0651       6.6711  1612.8
1.1890        -162.3858    -169.0136       6.6278  1602.4
1.1900        -162.3775    -169.0185       6.6411  1605.6
1.1910        -162.3697    -169.0818       6.7122  1622.7
1.1920        -162.3629    -169.1991       6.8362  1652.7
1.1930        -162.3577    -169.3604       7.0028  1693.0
1.1940        -162.3543    -169.5516       7.1973  1740.0
1.1950        -162.3528    -169.7556       7.4028  1789.7
1.1960        -162.3533    -169.9555       7.6023  1837.9
1.1970        -162.3555    -170.1365       7.7810  1881.1
1.1980        -162.3594    -170.2866       7.9272  1916.5
1.1990        -162.3648    -170.3965       8.0317  1941.8
1.2000        -162.3711    -170.4586       8.0875  1955.2
1.2010        -162.3775    -170.4679       8.0904  1955.9
1.2020        -162.3833    -170.4261       8.0428  1944.4
1.2030        -162.3880    -170.3438       7.9558  1923.4
1.2040        -162.3916    -170.2400       7.8485  1897.5
1.2050        -162.3943    -170.1365       7.7422  1871.8
1.2060        -162.3965    -170.0519       7.6554  1850.8
1.2070        -162.3983    -169.9981       7.5998  1837.3
1.2080        -162.4001    -169.9793       7.5792  1832.4
1.2090        -162.4021    -169.9919       7.5898  1834.9
1.2100        -162.4044    -170.0264       7.6220  1842.7
1.2110        -162.4071    -170.0697       7.6626  1852.5
1.2120        -162.4102    -170.1075       7.6973  1860.9
1.2130        -162.4134    -170.1260       7.7126  1864.6
1.2140        -162.4165    -170.1148       7.6983  1861.1
1.2150        -162.4191    -170.0672       7.6481  1849.0
1.2160        -162.4210    -169.9814       7.5604  1827.8
1.2170        -162.4216    -169.8600       7.4384  1798.3
1.2180        -162.4208    -169.7102       7.2894  1762.3
1.2190        -162.4184    -169.5430       7.1246  1722.4
1.2200        -162.4143    -169.3709       6.9566  1681.8
1.2210        -162.4088    -169.2066       6.7978  1643.5
1.2220        -162.4019    -169.0605       6.6586  1609.8
1.2230        -162.3939    -168.9394       6.5456  1582.5
1.2240        -162.3848    -168.8470       6.4621  1562.3
1.2250        -162.3750    -168.7844       6.4094  1549.5
1.2260        -162.3648    -168.7516       6.3869  1544.1
1.2270        -162.3544    -168.7468       6.3924  1545.4
1.2280        -162.3441    -168.7667       6.4226  1552.7
1.2290        -162.3342    -168.8069       6.4727  1564.8
1.2300        -162.3248    -168.8619       6.5370  1580.4
1.2310        -162.3161    -168.9254       6.6093  1597.9
1.2320        -162.3079    -168.9916       6.6837  1615.9
1.2330        -162.3003    -169.0568       6.7565  1633.5
1.2340        -162.2933    -169.1198       6.8266  1650.4
1.2350        -162.2868    -169.1818       6.8950  1666.9
1.2360        -162.2810    -169.2455       6.9645  1683.7
1.2370        -162.2759    -169.3146       7.0387  1701.7
1.2380        -162.2716    -169.3926       7.1209  1721.6
1.2390        -162.2683    -169.4818       7.2134  1743.9
1.2400        -162.2662    -169.5823       7.3161  1768.7
1.2410        -162.2653    -169.6911       7.4258  1795.3
1.2420        -162.2655    -169.8021       7.5366  1822.0
1.2430        -162.2669    -169.9078       7.6409  1847.3
1.2440        -162.2693    -170.0003       7.7310  1869.1
1.2450        -162.2726    -170.0722       7.7996  1885.6
1.2460        -162.2767    -170.1159       7.8392  1895.2
1.2470        -162.2814    -170.1233       7.8419  1895.9
1.2480        -162.2861    -170.0849       7.7989  1885.5
1.2490        -162.2899    -169.9934       7.7035  1862.4
1.2500        -162.2923    -169.8466       7.5543  1826.3
1.2510        -162.2926    -169.6503       7.3578  1778.8
1.2520        -162.2905    -169.4181       7.1276  1723.2
1.2530        -162.2859    -169.1692       6.8834  1664.1
1.2540        -162.2789    -168.9258       6.6469  1607.0
1.2550        -162.2697    -168.7094       6.4397  1556.9
1.2560        -162.2588    -168.5387       6.2799  1518.2
1.2570        -162.2467    -168.4270       6.1803  1494.2
1.2580        -162.2340    -168.3817       6.1477  1486.3
1.2590        -162.2213    -168.4038       6.1825  1494.7
1.2600        -162.2094    -168.4887       6.2793  1518.1
1.2610        -162.1987    -168.6262       6.4275  1553.9
1.2620        -162.1896    -168.8017       6.6121  1598.5
1.2630        -162.1825    -168.9981       6.8156  1647.7
1.2640        -162.1771    -169.1975       7.0204  1697.2
1.2650        -162.1736    -169.3841       7.2106  1743.2
1.2660        -162.1716    -169.5460       7.3744  1782.8
1.2670        -162.1709    -169.6755       7.5046  1814.3
1.2680        -162.1713    -169.7703       7.5991  1837.2
1.2690        -162.1724    -169.8324       7.6601  1851.9
1.2700        -162.1739    -169.8674       7.6934  1860.0
1.2710        -162.1758    -169.8828       7.7069  1863.2
1.2720        -162.1780    -169.8871       7.7091  1863.8
1.2730        -162.1804    -169.8878       7.7074  1863.3
1.2740        -162.1829    -169.8898       7.7069  1863.2
1.2750        -162.1856    -169.8955       7.7099  1864.0
1.2760        -162.1885    -169.9046       7.7161  1865.4
1.2770        -162.1914    -169.9148       7.7234  1867.2
1.2780        -162.1943    -169.9237       7.7294  1868.7
1.2790        -162.1971    -169.9299       7.7328  1869.5
1.2800        -162.1997    -169.9343       7.7345  1869.9
1.2810        -162.2023    -169.9400       7.7377  1870.7
1.2820        -162.2049    -169.9514       7.7466  1872.8
1.2830        -162.2076    -169.9728       7.7652  1877.3
1.2840        -162.2106    -170.0078       7.7972  1885.0
1.2850        -162.2142    -170.0582       7.8440  1896.4
1.2860        -162.2183    -170.1234       7.9051  1911.1
1.2870        -162.2232    -170.2009       7.9778  1928.7
1.2880        -162.2288    -170.2871       8.0583  1948.2
1.2890        -162.2351    -170.3774       8.1423  1968.5
1.2900        -162.2423    -170.4686       8.2263  1988.8
1.2910        -162.2504    -170.5575       8.3071  2008.3
1.2920        -162.2594    -170.6398       8.3804  2026.0
1.2930        -162.2692    -170.7099       8.4407  2040.6
1.2940        -162.2794    -170.7625       8.4831  2050.9
1.2950        -162.2899    -170.7941       8.5042  2056.0
1.2960        -162.3005    -170.8026       8.5021  2055.5
1.2970        -162.3113    -170.7864       8.4751  2049.0
1.2980        -162.3217    -170.7434       8.4217  2036.0
1.2990        -162.3316    -170.6719       8.3403  2016.4
1.3000        -162.3406    -170.5710       8.2305  1989.8
1.3010        -162.3482    -170.4422       8.0940  1956.8
1.3020        -162.3542    -170.2904       7.9362  1918.7
1.3030        -162.3586    -170.1237       7.7651  1877.3
1.3040        -162.3612    -169.9519       7.5908  1835.1
1.3050        -162.3620    -169.7858       7.4239  1794.8
1.3060        -162.3612    -169.6362       7.2750  1758.8
1.3070        -162.3589    -169.5130       7.1541  1729.6
1.3080        -162.3556    -169.4248       7.0692  1709.0
1.3090        -162.3517    -169.3777       7.0261  1698.6
1.3100        -162.3477    -169.3733       7.0256  1698.5
1.3110        -162.3441    -169.4068       7.0627  1707.5
1.3120        -162.3410    -169.4688       7.1278  1723.2
1.3130        -162.3387    -169.5466       7.2079  1742.6
1.3140        -162.3370    -169.6265       7.2895  1762.3
1.3150        -162.3359    -169.6964       7.3606  1779.5
1.3160        -162.3351    -169.7483       7.4132  1792.2
1.3170        -162.3346    -169.7790       7.4443  1799.7
1.3180        -162.3345    -169.7883       7.4539  1802.1
1.3190        -162.3346    -169.7769       7.4423  1799.3
1.3200        -162.3346    -169.7441       7.4095  1791.3
1.3210        -162.3344    -169.6892       7.3548  1778.1
1.3220        -162.3337    -169.6103       7.2765  1759.2
1.3230        -162.3322    -169.5057       7.1735  1734.3
1.3240        -162.3295    -169.3744       7.0449  1703.2
1.3250        -162.3256    -169.2176       6.8920  1666.2
1.3260        -162.3203    -169.0365       6.7162  1623.7
1.3270        -162.3130    -168.8322       6.5192  1576.1
1.3280        -162.3031    -168.6105       6.3074  1524.9
1.3290        -162.2904    -168.3856       6.0952  1473.6
1.3300        -162.2751    -168.1812       5.9061  1427.9
1.3310        -162.2577    -168.0276       5.7699  1394.9
1.3320        -162.2393    -167.9576       5.7182  1382.4
1.3330        -162.2215    -167.9974       5.7759  1396.4
1.3340        -162.2057    -168.1561       5.9503  1438.6
1.3350        -162.1933    -168.4180       6.2247  1504.9
1.3360        -162.1842    -168.7443       6.5601  1586.0
1.3370        -162.1781    -169.0860       6.9080  1670.1
1.3380        -162.1745    -169.3994       7.2249  1746.7
1.3390        -162.1732    -169.6539       7.4807  1808.5
1.3400        -162.1734    -169.8342       7.6608  1852.1
1.3410        -162.1744    -169.9409       7.7665  1877.6
1.3420        -162.1761    -169.9883       7.8122  1888.7
1.3430        -162.1783    -169.9976       7.8193  1890.4
1.3440        -162.1808    -169.9899       7.8091  1887.9
1.3450        -162.1839    -169.9812       7.7973  1885.1
1.3460        -162.1876    -169.9774       7.7898  1883.3
1.3470        -162.1916    -169.9752       7.7836  1881.8
1.3480        -162.1957    -169.9652       7.7696  1878.4
1.3490        -162.1994    -169.9366       7.7372  1870.6
1.3500        -162.2026    -169.8809       7.6783  1856.3
1.3510        -162.2049    -169.7938       7.5888  1834.7
1.3520        -162.2059    -169.6762       7.4703  1806.0
1.3530        -162.2055    -169.5346       7.3291  1771.9
1.3540        -162.2037    -169.3789       7.1752  1734.7
1.3550        -162.2004    -169.2194       7.0190  1696.9
1.3560        -162.1955    -169.0664       6.8709  1661.1
1.3570        -162.1893    -168.9305       6.7412  1629.8
1.3580        -162.1820    -168.8198       6.6378  1604.8
1.3590        -162.1739    -168.7393       6.5654  1587.3
1.3600        -162.1653    -168.6903       6.5250  1577.5
1.3610        -162.1562    -168.6718       6.5156  1575.2
1.3620        -162.1470    -168.6830       6.5360  1580.1
1.3630        -162.1378    -168.7236       6.5858  1592.2
1.3640        -162.1290    -168.7954       6.6664  1611.7
1.3650        -162.1212    -168.9004       6.7792  1638.9
1.3660        -162.1147    -169.0388       6.9242  1674.0
1.3670        -162.1098    -169.2073       7.0975  1715.9
1.3680        -162.1067    -169.3992       7.2925  1763.0
1.3690        -162.1059    -169.6056       7.4997  1813.1
1.3700        -162.1071    -169.8147       7.7076  1863.4
1.3710        -162.1103    -170.0145       7.9042  1910.9
1.3720        -162.1153    -170.1952       8.0800  1953.4
1.3730        -162.1220    -170.3495       8.2274  1989.1
1.3740        -162.1304    -170.4700       8.3397  2016.2
1.3750        -162.1394    -170.5502       8.4108  2033.4
1.3760        -162.1486    -170.5885       8.4399  2040.4
1.3770        -162.1577    -170.5911       8.4335  2038.9
1.3780        -162.1671    -170.5678       8.4007  2031.0
1.3790        -162.1769    -170.5237       8.3468  2017.9
1.3800        -162.1864    -170.4572       8.2707  1999.5
1.3810        -162.1953    -170.3625       8.1672  1974.5
1.3820        -162.2028    -170.2337       8.0309  1941.5
1.3830        -162.2084    -170.0692       7.8608  1900.4
1.3840        -162.2116    -169.8761       7.6646  1853.0
1.3850        -162.2124    -169.6709       7.4585  1803.2
1.3860        -162.2112    -169.4753       7.2641  1756.2
1.3870        -162.2084    -169.3106       7.1022  1717.0
1.3880        -162.2045    -169.1929       6.9884  1689.5
1.3890        -162.1999    -169.1304       6.9305  1675.5
1.3900        -162.1950    -169.1241       6.9290  1675.2
1.3910        -162.1902    -169.1703       6.9802  1687.5
1.3920        -162.1858    -169.2639       7.0780  1711.2
1.3930        -162.1823    -169.3993       7.2170  1744.8
1.3940        -162.1801    -169.5725       7.3924  1787.2
1.3950        -162.1796    -169.7805       7.6009  1837.6
1.3960        -162.1815    -170.0197       7.8382  1895.0
1.3970        -162.1860    -170.2833       8.0973  1957.6
1.3980        -162.1934    -170.5603       8.3669  2022.8
1.3990        -162.2035    -170.8357       8.6322  2086.9
1.4000        -162.2163    -171.0936       8.8774  2146.2
1.4010        -162.2313    -171.3192       9.0880  2197.1
1.4020        -162.2482    -171.5002       9.2520  2236.8
1.4030        -162.2665    -171.6276       9.3611  2263.1
1.4040        -162.2857    -171.6961       9.4104  2275.1
1.4050        -162.3052    -171.7042       9.3990  2272.3
1.4060        -162.3244    -171.6539       9.3295  2255.5
1.4070        -162.3427    -171.5502       9.2075  2226.0
1.4080        -162.3596    -171.4010       9.0414  2185.8
1.4090        -162.3750    -171.2162       8.8412  2137.5
1.4100        -162.3885    -171.0054       8.6170  2083.2
1.4110        -162.3998    -170.7772       8.3775  2025.3
1.4120        -162.4088    -170.5394       8.1306  1965.7
1.4130        -162.4155    -170.2979       7.8824  1905.7
1.4140        -162.4198    -170.0576       7.6378  1846.5
1.4150        -162.4215    -169.8221       7.4006  1789.2
1.4160        -162.4208    -169.5960       7.1752  1734.7
1.4170        -162.4176    -169.3849       6.9672  1684.4
1.4180        -162.4124    -169.1954       6.7830  1639.9
1.4190        -162.4054    -169.0341       6.6287  1602.6
1.4200        -162.3969    -168.9064       6.5094  1573.7
1.4210        -162.3875    -168.8152       6.4277  1554.0
1.4220        -162.3774    -168.7612       6.3838  1543.3
1.4230        -162.3669    -168.7424       6.3755  1541.3
1.4240        -162.3563    -168.7565       6.4001  1547.3
1.4250        -162.3460    -168.8007       6.4547  1560.5
1.4260        -162.3362    -168.8729       6.5366  1580.3
1.4270        -162.3274    -168.9702       6.6428  1606.0
1.4280        -162.3198    -169.0883       6.7685  1636.4
1.4290        -162.3136    -169.2208       6.9072  1669.9
1.4300        -162.3087    -169.3596       7.0509  1704.6
1.4310        -162.3052    -169.4972       7.1920  1738.7
1.4320        -162.3031    -169.6260       7.3229  1770.4
1.4330        -162.3023    -169.7389       7.4365  1797.9
1.4340        -162.3026    -169.8290       7.5263  1819.6
1.4350        -162.3037    -169.8908       7.5871  1834.3
1.4360        -162.3052    -169.9208       7.6157  1841.2
1.4370        -162.3068    -169.9187       7.6119  1840.3
1.4380        -162.3083    -169.8861       7.5777  1832.0
1.4390        -162.3095    -169.8254       7.5159  1817.0
1.4400        -162.3101    -169.7399       7.4298  1796.2
1.4410        -162.3097    -169.6335       7.3238  1770.6
1.4420        -162.3082    -169.5115       7.2033  1741.5
1.4430        -162.3053    -169.3807       7.0754  1710.6
1.4440        -162.3009    -169.2503       6.9493  1680.1
1.4450        -162.2952    -169.1310       6.8357  1652.6
1.4460        -162.2884    -169.0347       6.7462  1631.0
1.4470        -162.2810    -168.9718       6.6908  1617.6
1.4480        -162.2733    -168.9493       6.6760  1614.0
1.4490        -162.2658    -168.9684       6.7025  1620.4
1.4500        -162.2590    -169.0248       6.7658  1635.7
1.4510        -162.2529    -169.1095       6.8566  1657.7
1.4520        -162.2478    -169.2110       6.9632  1683.4
1.4530        -162.2437    -169.3166       7.0729  1710.0
1.4540        -162.2405    -169.4146       7.1741  1734.4
1.4550        -162.2381    -169.4957       7.2576  1754.6
1.4560        -162.2363    -169.5547       7.3183  1769.3
1.4570        -162.2349    -169.5899       7.3549  1778.1
1.4580        -162.2337    -169.6033       7.3697  1781.7
1.4590        -162.2325    -169.6007       7.3682  1781.3
1.4600        -162.2311    -169.5892       7.3581  1778.9
1.4610        -162.2298    -169.5774       7.3476  1776.4
1.4620        -162.2284    -169.5729       7.3445  1775.6
1.4630        -162.2272    -169.5817       7.3545  1778.0
1.4640        -162.2262    -169.6070       7.3807  1784.4
1.4650        -162.2257    -169.6491       7.4235  1794.7
1.4660        -162.2256    -169.7068       7.4812  1808.7
1.4670        -162.2259    -169.7779       7.5519  1825.8
1.4680        -162.2269    -169.8614       7.6345  1845.7
1.4690        -162.2286    -169.9576       7.7291  1868.6
1.4700        -162.2314    -170.0668       7.8354  1894.3
1.4710        -162.2355    -170.1869       7.9515  1922.4
1.4720        -162.2409    -170.3138       8.0729  1951.7
1.4730        -162.2475    -170.4410       8.1935  1980.9
1.4740        -162.2554    -170.5618       8.3065  2008.2
1.4750        -162.2644    -170.6695       8.4051  2032.0
1.4760        -162.2746    -170.7566       8.4820  2050.6
1.4770        -162.2856    -170.8139       8.5283  2061.8
1.4780        -162.2970    -170.8321       8.5350  2063.4
1.4790        -162.3082    -170.8030       8.4948  2053.7
1.4800        -162.3188    -170.7225       8.4037  2031.7
1.4810        -162.3285    -170.5889       8.2604  1997.0
1.4820        -162.3368    -170.4020       8.0652  1949.9
1.4830        -162.3429    -170.1633       7.8205  1890.7
1.4840        -162.3460    -169.8782       7.5322  1821.0
1.4850        -162.3458    -169.5587       7.2129  1743.8
1.4860        -162.3421    -169.2240       6.8819  1663.8
1.4870        -162.3348    -168.8985       6.5637  1586.8
1.4880        -162.3244    -168.6092       6.2848  1519.4
1.4890        -162.3116    -168.3815       6.0699  1467.5
1.4900        -162.2972    -168.2351       5.9379  1435.6
1.4910        -162.2821    -168.1806       5.8985  1426.0
1.4920        -162.2672    -168.2182       5.9510  1438.7
1.4930        -162.2533    -168.3384       6.0851  1471.1
1.4940        -162.2410    -168.5240       6.2830  1519.0
1.4950        -162.2308    -168.7534       6.5226  1576.9
1.4960        -162.2229    -169.0032       6.7803  1639.2
1.4970        -162.2173    -169.2515       7.0343  1700.6
1.4980        -162.2139    -169.4804       7.2665  1756.8
1.4990        -162.2123    -169.6773       7.4650  1804.7
1.5000        -162.2125    -169.8361       7.6236  1843.1
